|seed |success|  nit  |  mu_check  |   mu_sum   |   G_norm   | step_norm  |
|  9  |True   |  356  |9.900693e-06|1.011623e-05|1.067268e-11|3.988101e-05|
|  1  |True   |  391  |9.988244e-06|1.010330e-05|1.915040e-11|4.185468e-05|
|  6  |True   |  359  |9.977145e-06|1.013522e-05|2.699572e-11|6.440923e-05|
|  8  |True   |  363  |9.982928e-06|1.032770e-05|1.466377e-11|5.060026e-05|
|  3  |True   |  370  |9.983877e-06|1.011535e-05|3.594855e-11|7.126523e-05|
|  5  |True   |  398  |9.999344e-06|1.009835e-05|1.162936e-11|2.781036e-05|
|  2  |True   |  379  |9.950095e-06|1.004910e-05|9.731938e-12|2.727797e-05|
|  4  |True   |  380  |9.948494e-06|1.005767e-05|1.407210e-11|3.541998e-05|
|  0  |True   |  395  |9.980636e-06|1.007963e-05|1.853470e-11|4.152882e-05|
| 11  |True   |  398  |9.891265e-06|1.028645e-05|1.279593e-11|4.273942e-05|
| 10  |True   |  372  |9.997824e-06|1.017179e-05|1.541510e-11|4.419389e-05|
| 12  |True   |  386  |9.925349e-06|1.002435e-05|1.689262e-11|3.949271e-05|
|  7  |True   |  482  |9.965315e-06|1.006431e-05|1.598852e-11|3.737375e-05|
| 14  |True   |  387  |9.958474e-06|1.012285e-05|1.351589e-11|4.027236e-05|
| 19  |True   |  388  |9.998281e-06|1.009921e-05|1.573418e-11|3.701457e-05|
| 24  |True   |  408  |9.994995e-06|1.012650e-05|1.634463e-11|4.423603e-05|
| 20  |True   |  375  |9.966431e-06|1.019961e-05|1.073995e-11|3.610574e-05|
| 18  |True   |  365  |9.916678e-06|1.006697e-05|1.350744e-11|4.074219e-05|
| 13  |True   |  391  |9.972090e-06|1.007109e-05|1.767646e-11|3.939907e-05|
| 17  |True   |  381  |9.989535e-06|1.010598e-05|1.883505e-11|4.176590e-05|
| 16  |True   |  356  |9.960949e-06|1.012974e-05|1.668299e-11|5.075156e-05|
| 22  |True   |  362  |9.954015e-06|1.014126e-05|1.663657e-11|4.553650e-05|
| 23  |True   |  382  |9.964927e-06|1.007397e-05|1.294283e-11|3.351065e-05|
| 21  |True   |  381  |9.964074e-06|1.006925e-05|1.260114e-11|3.244907e-05|
| 15  |True   |  389  |9.997373e-06|1.009638e-05|1.172955e-11|2.811747e-05|
| 25  |True   |  473  |9.908201e-06|1.012956e-05|1.427269e-11|4.434302e-05|
| 30  |True   |  380  |9.952610e-06|1.005160e-05|2.565675e-11|4.996349e-05|
| 31  |True   |  383  |9.970608e-06|1.006961e-05|1.379194e-11|3.340806e-05|
| 28  |True   |  363  |9.973469e-06|1.014263e-05|1.206948e-11|3.608512e-05|
| 34  |True   |  388  |9.967102e-06|1.006609e-05|2.137508e-11|4.606466e-05|
| 27  |True   |  398  |9.974141e-06|1.007314e-05|1.242261e-11|2.931596e-05|
| 29  |True   |  403  |9.934093e-06|1.003308e-05|2.070254e-11|4.435564e-05|
| 36  |True   |  412  |9.993492e-06|1.009249e-05|1.646391e-11|3.724291e-05|
| 32  |True   |  473  |9.997516e-06|1.022685e-05|1.722299e-11|4.840629e-05|
| 37  |True   |  401  |9.925786e-06|1.002479e-05|1.302957e-11|3.103994e-05|
| 38  |True   |  357  |9.966123e-06|1.020223e-05|2.004235e-11|5.248900e-05|
| 43  |True   |  382  |9.999668e-06|1.020076e-05|1.325901e-11|3.799568e-05|
| 39  |True   |  374  |9.875262e-06|1.004710e-05|2.173593e-11|5.706475e-05|
| 41  |True   |  369  |9.902075e-06|1.002619e-05|1.664288e-11|4.415182e-05|
| 40  |True   |  383  |9.948003e-06|1.013207e-05|1.658866e-11|4.549890e-05|
| 44  |True   |  367  |9.954617e-06|1.011037e-05|1.698319e-11|4.712209e-05|
| 42  |True   |  387  |9.962461e-06|1.006146e-05|1.547060e-11|3.710744e-05|
| 46  |True   |  352  |9.984025e-06|1.023232e-05|2.724206e-11|6.661978e-05|
| 45  |True   |  369  |9.978942e-06|1.023713e-05|1.934855e-11|5.751823e-05|
| 47  |True   |  395  |9.998984e-06|1.009797e-05|2.215527e-11|4.589827e-05|
| 48  |True   |  390  |9.987163e-06|1.009519e-05|1.280155e-11|3.243847e-05|
| 51  |True   |  392  |9.960331e-06|1.005934e-05|1.547844e-11|3.614034e-05|
| 50  |True   |  353  |9.885761e-06|1.018776e-05|1.899440e-11|4.919922e-05|
| 49  |True   |  362  |9.919169e-06|1.007313e-05|1.602020e-11|4.596366e-05|
| 54  |True   |  387  |9.898016e-06|1.002238e-05|1.896762e-11|4.735430e-05|
| 55  |True   |  368  |9.948672e-06|1.009609e-05|1.766381e-11|4.706041e-05|
| 53  |True   |  378  |9.961104e-06|1.006010e-05|1.799840e-11|4.153762e-05|
| 56  |True   |  354  |9.912211e-06|1.007256e-05|1.070433e-11|3.628947e-05|
| 58  |True   |  371  |9.965820e-06|1.006481e-05|2.567502e-11|4.902856e-05|
| 57  |True   |  371  |9.936867e-06|1.008003e-05|1.034882e-11|3.192432e-05|
| 59  |True   |  357  |9.975608e-06|1.017689e-05|1.933680e-11|5.219565e-05|
| 35  |True   | 2133  |9.988090e-06|1.009331e-05|1.042930e-11|2.710990e-05|
| 61  |True   |  395  |9.949921e-06|1.004892e-05|1.477550e-11|3.686060e-05|
| 52  |True   | 1153  |9.988506e-06|1.008753e-05|6.571273e-12|1.491223e-05|
| 62  |True   |  367  |9.899981e-06|1.010447e-05|1.332938e-11|4.168429e-05|
| 60  |True   |  582  |9.975215e-06|1.018091e-05|2.847726e-12|1.643552e-05|
| 64  |True   |  384  |9.929416e-06|1.002842e-05|1.447983e-11|3.697774e-05|
| 63  |True   |  377  |9.925997e-06|1.008819e-05|1.067066e-11|3.584345e-05|
| 66  |True   |  361  |9.948261e-06|1.007773e-05|9.865436e-12|3.160996e-05|
| 67  |True   |  379  |9.965169e-06|1.006482e-05|1.417085e-11|3.431674e-05|
| 33  |True   | 2443  |9.984016e-06|1.019035e-05|6.771679e-12|2.145087e-05|
| 65  |True   |  364  |9.994566e-06|1.012860e-05|1.371894e-11|3.643949e-05|
| 68  |True   |  382  |9.974797e-06|1.007380e-05|1.537156e-11|3.690600e-05|
| 69  |True   |  382  |9.992305e-06|1.010431e-05|1.883630e-11|4.207930e-05|
| 76  |True   |  370  |9.961636e-06|1.008832e-05|1.373375e-11|3.688716e-05|
| 73  |True   |  362  |9.947838e-06|1.008175e-05|1.642643e-11|4.464613e-05|
| 70  |True   |  361  |9.911739e-06|1.026791e-05|1.874326e-11|6.066562e-05|
| 71  |True   |  377  |9.966771e-06|1.010704e-05|1.061389e-11|3.187387e-05|
| 75  |True   |  362  |9.955042e-06|1.012402e-05|7.663313e-12|2.198005e-05|
| 72  |True   |  390  |9.943993e-06|1.004299e-05|1.219745e-11|3.233000e-05|
| 74  |True   |  381  |9.999009e-06|1.010697e-05|1.918132e-11|4.267364e-05|
| 79  |True   |  400  |9.930476e-06|1.002947e-05|1.765828e-11|4.037918e-05|
| 77  |True   |  380  |9.950075e-06|1.004906e-05|2.857694e-11|5.417671e-05|
| 80  |True   |  380  |9.932810e-06|1.007883e-05|1.097973e-11|3.583919e-05|
| 81  |True   |  369  |9.915830e-06|1.014137e-05|1.422456e-11|4.551211e-05|
| 82  |True   |  369  |9.977189e-06|1.013883e-05|2.078544e-11|5.342171e-05|
| 85  |True   |  380  |9.948399e-06|1.013530e-05|1.508626e-11|3.717055e-05|
| 84  |True   |  363  |9.906614e-06|1.009703e-05|1.207261e-11|3.675557e-05|
| 83  |True   |  392  |9.977077e-06|1.007607e-05|1.769117e-11|3.875007e-05|
| 88  |True   |  366  |9.915436e-06|1.009299e-05|1.378405e-11|4.405312e-05|
| 78  |True   |  710  |9.952388e-06|1.005139e-05|1.055061e-11|2.799240e-05|
| 87  |True   |  383  |9.945319e-06|1.008629e-05|1.691077e-11|4.812154e-05|
| 26  |True   | 3599  |9.987903e-06|1.090529e-05|8.211202e-10|3.119457e-07|
| 86  |True   |  389  |9.978477e-06|1.008522e-05|1.919183e-11|4.284853e-05|
| 89  |True   |  385  |9.965755e-06|1.006475e-05|1.821048e-11|4.158827e-05|
| 91  |True   |  400  |9.943630e-06|1.004263e-05|1.541890e-11|3.746211e-05|
| 90  |True   |  609  |9.985346e-06|1.008435e-05|8.399903e-12|2.190571e-05|
| 92  |True   |  392  |9.951963e-06|1.005096e-05|1.202668e-11|3.205946e-05|
| 94  |True   |  385  |9.995930e-06|1.011493e-05|1.631629e-11|3.717581e-05|
| 93  |True   |  358  |9.987422e-06|1.024439e-05|1.237371e-11|3.319130e-05|
| 95  |True   |  389  |9.966129e-06|1.007054e-05|1.180953e-11|3.207569e-05|
| 97  |True   |  368  |9.990500e-06|1.015534e-05|1.957029e-11|5.241906e-05|
| 96  |True   |  391  |9.950924e-06|1.004992e-05|1.781685e-11|4.037718e-05|
| 99  |True   |  385  |9.949814e-06|1.006149e-05|1.353312e-11|3.303053e-05|
| 98  |True   |  364  |9.992901e-06|1.019382e-05|1.242907e-11|3.607697e-05|
| 100 |True   |  384  |9.971198e-06|1.008871e-05|2.431592e-11|5.198994e-05|
| 101 |True   |  391  |9.982004e-06|1.008099e-05|2.498119e-11|4.990670e-05|
| 102 |True   |  371  |9.932389e-06|1.012846e-05|1.215789e-11|3.624308e-05|
| 103 |True   |  366  |9.895316e-06|1.019437e-05|1.137832e-11|4.011454e-05|
| 104 |True   |  360  |9.975617e-06|1.011752e-05|1.178792e-11|3.405978e-05|
| 105 |True   |  375  |9.993138e-06|1.013313e-05|1.896024e-11|4.867758e-05|
| 107 |True   |  360  |9.967398e-06|1.012799e-05|1.258274e-11|3.233008e-05|
| 106 |True   |  408  |9.981212e-06|1.008020e-05|2.308259e-11|4.669030e-05|
| 110 |True   |  377  |9.913498e-06|1.004218e-05|1.492305e-11|4.184837e-05|
| 108 |True   |  392  |9.956287e-06|1.005529e-05|9.327632e-12|2.471223e-05|
| 112 |True   |  369  |9.952805e-06|1.006671e-05|1.097681e-11|2.959858e-05|
| 111 |True   |  387  |9.983444e-06|1.008244e-05|1.728816e-11|3.820770e-05|
| 115 |True   |  368  |9.973140e-06|1.022620e-05|1.377695e-11|4.400646e-05|
| 109 |True   |  399  |9.969540e-06|1.006852e-05|3.172758e-11|5.763125e-05|
| 114 |True   |  356  |9.943835e-06|1.011912e-05|1.229396e-11|3.769018e-05|
| 117 |True   |  392  |9.928854e-06|1.003585e-05|1.874633e-11|4.542422e-05|
| 116 |True   |  388  |9.964656e-06|1.006365e-05|1.788942e-11|3.899957e-05|
| 119 |True   |  402  |9.958454e-06|1.005746e-05|1.027915e-11|2.753403e-05|
| 123 |True   |  355  |9.925021e-06|1.018121e-05|1.889129e-11|5.650305e-05|
| 118 |True   |  384  |9.973251e-06|1.007486e-05|2.176848e-11|4.493408e-05|
| 113 |True   |  725  |9.993902e-06|1.009291e-05|6.704048e-12|1.491508e-05|
| 120 |True   |  367  |9.969565e-06|1.008918e-05|1.327098e-11|3.631706e-05|
| 126 |True   |  393  |9.977881e-06|1.007688e-05|1.910255e-11|4.204535e-05|
| 124 |True   |  390  |9.956561e-06|1.006352e-05|2.174486e-11|4.730947e-05|
| 121 |True   |  381  |9.949225e-06|1.006404e-05|1.403366e-11|3.702634e-05|
| 125 |True   |  356  |9.885749e-06|1.019194e-05|1.878359e-11|5.854948e-05|
| 122 |True   |  366  |9.949603e-06|1.011577e-05|1.148484e-11|3.585241e-05|
| 127 |True   |  381  |9.989856e-06|1.009383e-05|1.385669e-11|3.346880e-05|
| 128 |True   |  363  |9.897300e-06|1.005796e-05|1.591613e-11|4.781668e-05|
| 130 |True   |  358  |9.994766e-06|1.022075e-05|1.523817e-11|4.523196e-05|
| 131 |True   |  371  |9.962412e-06|1.011286e-05|2.171261e-11|5.654480e-05|
| 133 |True   |  376  |9.920432e-06|1.008987e-05|2.168922e-11|5.119552e-05|
| 129 |True   |  726  |9.962628e-06|1.035741e-05|7.777443e-12|1.956727e-05|
| 132 |True   |  387  |9.965445e-06|1.006443e-05|2.535483e-11|4.960711e-05|
| 138 |True   |  367  |9.994047e-06|1.011357e-05|1.997062e-11|4.670961e-05|
| 137 |True   |  379  |9.924208e-06|1.003756e-05|2.136239e-11|4.814972e-05|
| 135 |True   |  358  |9.872971e-06|1.008480e-05|1.639783e-11|5.145560e-05|
| 136 |True   |  363  |9.978465e-06|1.013018e-05|1.611566e-11|4.436366e-05|
| 139 |True   |  375  |9.967916e-06|1.011006e-05|1.395250e-11|3.690400e-05|
| 140 |True   |  375  |9.939732e-06|1.006157e-05|1.765636e-11|4.832677e-05|
| 134 |True   |  616  |9.985800e-06|1.008481e-05|6.504802e-12|1.491109e-05|
| 141 |True   |  372  |9.956866e-06|1.010751e-05|1.311530e-10|1.841180e-04|
| 144 |True   |  358  |9.941880e-06|1.015032e-05|1.123496e-11|3.311571e-05|
| 142 |True   |  384  |9.977117e-06|1.007612e-05|1.265576e-11|3.207862e-05|
| 146 |True   |  384  |9.931689e-06|1.006655e-05|1.390262e-11|4.043484e-05|
| 143 |True   |  401  |9.956266e-06|1.005527e-05|1.488789e-11|3.685011e-05|
| 145 |True   |  392  |9.985130e-06|1.008413e-05|1.570024e-11|3.706848e-05|
| 147 |True   |  359  |9.963476e-06|1.018076e-05|1.693952e-11|4.828938e-05|
| 149 |True   |  373  |9.930843e-06|1.007057e-05|1.642338e-11|4.494235e-05|
| 150 |True   |  359  |9.893516e-06|1.019590e-05|1.338021e-11|4.715950e-05|
| 152 |True   |  411  |9.977494e-06|1.007648e-05|2.351280e-11|4.749094e-05|
| 151 |True   |  369  |9.951873e-06|1.014124e-05|1.986254e-11|5.289583e-05|
| 148 |True   |  504  |9.946372e-06|1.004536e-05|2.416192e-11|4.942497e-05|
| 154 |True   |  379  |9.974338e-06|1.014423e-05|1.538503e-11|3.708020e-05|
| 155 |True   |  368  |9.971536e-06|1.014842e-05|2.065045e-11|5.182759e-05|
| 156 |True   |  372  |9.949655e-06|1.006388e-05|1.358856e-11|3.675463e-05|
| 159 |True   |  390  |9.976912e-06|1.007591e-05|1.586994e-11|3.714483e-05|
| 158 |True   |  393  |9.916505e-06|1.001550e-05|1.960291e-11|4.302918e-05|
| 153 |True   |  675  |9.905009e-06|1.049689e-05|4.120908e-12|2.680265e-05|
| 161 |True   |  361  |9.915304e-06|1.010103e-05|1.345370e-11|4.061102e-05|
| 162 |True   |  394  |9.969766e-06|1.006876e-05|1.823388e-11|4.154288e-05|
| 163 |True   |  364  |9.992640e-06|1.020023e-05|1.088623e-11|3.994514e-05|
| 164 |True   |  364  |9.975485e-06|1.014028e-05|1.518108e-11|4.296434e-05|
| 165 |True   |  388  |9.957847e-06|1.005684e-05|2.402558e-11|4.845215e-05|
| 160 |True   |  400  |9.916125e-06|1.001512e-05|2.026593e-11|4.608320e-05|
| 157 |True   |  693  |9.973385e-06|1.007239e-05|7.890152e-12|2.158733e-05|
| 166 |True   |  359  |9.992167e-06|1.015388e-05|1.570179e-11|4.088892e-05|
| 167 |True   |  362  |9.912631e-06|1.006360e-05|1.770693e-11|4.781142e-05|
| 168 |True   |  374  |9.960180e-06|1.007725e-05|1.960557e-11|4.676370e-05|
| 169 |True   |  370  |9.975125e-06|1.007413e-05|1.495459e-11|3.533461e-05|
| 171 |True   |  368  |9.876686e-06|1.006045e-05|2.412573e-11|6.098483e-05|
| 170 |True   |  398  |9.967347e-06|1.006634e-05|2.146578e-11|4.608995e-05|
| 176 |True   |  359  |9.954791e-06|1.010819e-05|1.213299e-11|3.610287e-05|
| 173 |True   |  398  |9.964099e-06|1.007901e-05|1.223674e-11|3.301794e-05|
| 174 |True   |  374  |9.942597e-06|1.006341e-05|1.885609e-11|4.666043e-05|
| 175 |True   |  403  |9.960923e-06|1.005992e-05|1.423331e-11|3.467335e-05|
| 172 |True   |  387  |9.992779e-06|1.009208e-05|1.083480e-11|2.725010e-05|
| 177 |True   |  357  |9.972423e-06|1.011902e-05|1.460008e-11|4.062658e-05|
| 178 |True   |  397  |9.936848e-06|1.003585e-05|1.439073e-11|3.689974e-05|
| 180 |True   |  384  |9.971027e-06|1.008091e-05|1.671263e-11|4.122229e-05|
| 181 |True   |  360  |9.999143e-06|1.021118e-05|1.643347e-11|4.181828e-05|
| 182 |True   |  383  |9.970782e-06|1.006978e-05|2.148717e-11|4.534665e-05|
| 185 |True   |  365  |9.986376e-06|1.018960e-05|1.315032e-11|4.048557e-05|
| 186 |True   |  387  |9.963133e-06|1.006412e-05|1.796190e-11|4.159230e-05|
| 184 |True   |  397  |9.979904e-06|1.007889e-05|2.525445e-11|4.996413e-05|
| 179 |True   |  770  |9.978887e-06|1.062566e-05|3.450490e-12|2.650821e-05|
| 187 |True   |  415  |9.997701e-06|1.009669e-05|2.206310e-11|4.472564e-05|
| 189 |True   |  374  |9.924340e-06|1.007185e-05|1.305318e-11|3.859230e-05|
| 188 |True   |  385  |9.972588e-06|1.007158e-05|2.100212e-11|4.478910e-05|
| 183 |True   |  703  |9.975907e-06|1.015414e-05|1.014266e-11|2.730771e-05|
| 192 |True   |  378  |9.959476e-06|1.010774e-05|8.597965e-12|2.690164e-05|
| 193 |True   |  358  |9.912218e-06|1.010831e-05|1.430724e-11|4.124337e-05|
| 191 |True   |  401  |9.985138e-06|1.008413e-05|1.870159e-11|4.166999e-05|
| 194 |True   |  388  |9.967864e-06|1.006685e-05|2.486224e-11|5.060872e-05|
| 195 |True   |  393  |9.931260e-06|1.003026e-05|1.714397e-11|4.135557e-05|
| 196 |True   |  390  |9.984898e-06|1.008983e-05|1.783755e-11|3.990606e-05|
| 197 |True   |  369  |9.944410e-06|1.008609e-05|2.879912e-11|4.543515e-05|
| 198 |True   |  356  |9.941569e-06|1.018478e-05|1.196576e-11|3.932396e-05|
| 190 |True   |  826  |9.985375e-06|1.008438e-05|1.184005e-11|2.885285e-05|
| 199 |True   |  391  |9.950916e-06|1.005089e-05|1.470173e-11|3.687447e-05|
| 200 |True   |  377  |9.968754e-06|1.008128e-05|1.669202e-11|3.999539e-05|
| 201 |True   |  371  |9.958357e-06|1.008017e-05|7.033887e-12|2.147804e-05|
| 205 |True   |  360  |9.954489e-06|1.022355e-05|1.316799e-11|4.679652e-05|
| 202 |True   |  393  |9.990835e-06|1.008984e-05|1.349076e-11|3.238048e-05|
| 204 |True   |  395  |9.988586e-06|1.009276e-05|3.182950e-11|5.981743e-05|
| 203 |True   |  366  |9.846707e-06|1.024266e-05|1.297207e-11|4.700438e-05|
| 209 |True   |  360  |9.932584e-06|1.009267e-05|9.880760e-12|3.220006e-05|
| 208 |True   |  390  |9.980793e-06|1.007978e-05|2.378551e-11|4.783563e-05|
| 207 |True   |  391  |9.964958e-06|1.007117e-05|1.791456e-11|4.101512e-05|
| 210 |True   |  364  |9.975834e-06|1.025696e-05|1.377280e-11|4.403632e-05|
| 213 |True   |  360  |9.955329e-06|1.010221e-05|8.562892e-12|2.690113e-05|
| 206 |True   |  493  |9.968254e-06|1.006726e-05|1.036817e-11|2.741679e-05|
| 212 |True   |  380  |9.910615e-06|1.013043e-05|1.425930e-11|4.732914e-05|
| 211 |True   |  391  |9.936292e-06|1.003848e-05|2.194815e-11|4.787307e-05|
| 216 |True   |  390  |9.978946e-06|1.007794e-05|1.835888e-11|3.898729e-05|
| 215 |True   |  386  |9.944239e-06|1.004323e-05|2.449449e-11|5.073104e-05|
| 217 |True   |  362  |9.977815e-06|1.015490e-05|1.217909e-11|4.022260e-05|
| 214 |True   |  374  |9.996489e-06|1.025603e-05|2.320325e-11|6.055455e-05|
| 218 |True   |  399  |9.981629e-06|1.008062e-05|2.446145e-11|4.897556e-05|
| 222 |True   |  395  |9.976954e-06|1.007656e-05|1.546445e-11|3.700745e-05|
| 224 |True   |  381  |9.936673e-06|1.003567e-05|1.494701e-11|3.707654e-05|
| 220 |True   |  394  |9.953510e-06|1.005250e-05|1.777827e-11|4.149175e-05|
| 221 |True   |  389  |9.980450e-06|1.007944e-05|2.744838e-11|5.210479e-05|
| 223 |True   |  397  |9.933941e-06|1.004007e-05|1.364967e-11|3.666719e-05|
| 219 |True   |  404  |9.928156e-06|1.003798e-05|1.955708e-11|4.584897e-05|
| 225 |True   |  367  |9.944647e-06|1.016177e-05|1.574158e-11|4.707481e-05|
| 226 |True   |  382  |9.946135e-06|1.005225e-05|1.161728e-11|3.219948e-05|
| 227 |True   |  368  |9.981484e-06|1.018816e-05|1.942190e-11|5.320342e-05|
| 231 |True   |  361  |9.911299e-06|1.008942e-05|1.100390e-11|3.620803e-05|
| 229 |True   |  377  |9.994117e-06|1.009310e-05|3.426536e-11|6.077175e-05|
| 230 |True   |  382  |9.958143e-06|1.005715e-05|9.781705e-12|2.721845e-05|
| 228 |True   |  494  |9.909357e-06|1.023099e-05|1.487511e-11|5.135314e-05|
| 233 |True   |  392  |9.975324e-06|1.007433e-05|1.018526e-11|2.726143e-05|
| 235 |True   |  412  |9.927946e-06|1.002694e-05|1.612074e-11|3.846473e-05|
| 232 |True   |  600  |9.951905e-06|1.019294e-05|3.564922e-12|2.560626e-05|
| 238 |True   |  399  |9.912963e-06|1.001196e-05|1.617535e-11|3.840918e-05|
| 234 |True   |  392  |9.929967e-06|1.005156e-05|1.200184e-11|3.571708e-05|
| 237 |True   |  381  |9.965377e-06|1.008046e-05|1.219729e-11|3.239856e-05|
| 239 |True   |  393  |9.938644e-06|1.003764e-05|2.405199e-11|5.057724e-05|
| 240 |True   |  361  |9.921466e-06|1.006067e-05|1.213662e-11|3.662742e-05|
| 236 |True   |  594  |9.981768e-06|1.008077e-05|1.431275e-11|3.351029e-05|
| 243 |True   |  363  |9.986901e-06|1.018650e-05|1.794843e-11|5.167331e-05|
| 242 |True   |  366  |9.978313e-06|1.013940e-05|1.434915e-11|3.981537e-05|
| 244 |True   |  379  |9.950951e-06|1.007002e-05|1.223260e-11|3.255298e-05|
| 247 |True   |  383  |9.936798e-06|1.007294e-05|1.430405e-11|4.060800e-05|
| 249 |True   |  369  |9.995318e-06|1.015433e-05|2.103553e-11|5.060737e-05|
| 251 |True   |  353  |9.928124e-06|1.029824e-05|1.683879e-11|5.596863e-05|
| 248 |True   |  376  |9.960195e-06|1.013343e-05|1.278885e-11|3.860990e-05|
| 245 |True   |  468  |9.961324e-06|1.020515e-05|1.420043e-11|4.478094e-05|
| 246 |True   |  381  |9.971929e-06|1.016080e-05|1.931765e-11|4.926551e-05|
| 250 |True   |  384  |9.944408e-06|1.006706e-05|1.121006e-11|3.233214e-05|
| 252 |True   |  362  |9.989011e-06|1.021765e-05|1.357400e-11|4.277569e-05|
| 241 |True   |  921  |9.982495e-06|1.008150e-05|8.156796e-12|2.165378e-05|
| 254 |True   |  372  |9.993978e-06|1.014248e-05|2.018022e-11|5.080252e-05|
| 253 |True   |  387  |9.964360e-06|1.006337e-05|7.836454e-12|2.179339e-05|
| 255 |True   |  572  |9.826720e-06|1.038298e-05|1.834212e-11|5.536555e-05|
| 256 |True   |  370  |9.945381e-06|1.009786e-05|1.723243e-11|4.536882e-05|
| 257 |True   |  404  |9.925363e-06|1.002436e-05|1.708919e-11|4.141014e-05|
| 261 |True   |  394  |9.937911e-06|1.003691e-05|1.956695e-11|4.369764e-05|
| 260 |True   |  354  |9.998699e-06|1.019010e-05|2.191777e-11|5.630789e-05|
| 258 |True   |  389  |9.974900e-06|1.007389e-05|2.161519e-11|4.612357e-05|
| 265 |True   |  377  |9.946327e-06|1.019322e-05|1.554896e-11|4.784336e-05|
| 263 |True   |  402  |9.917756e-06|1.001675e-05|1.920240e-11|4.336775e-05|
| 264 |True   |  387  |9.935578e-06|1.003458e-05|1.414020e-11|3.414235e-05|
| 262 |True   |  393  |9.994824e-06|1.010348e-05|2.481988e-11|5.111604e-05|
| 266 |True   |  359  |9.898041e-06|1.009411e-05|1.413107e-11|4.395324e-05|
| 269 |True   |  395  |9.966511e-06|1.006551e-05|1.242232e-11|3.216420e-05|
| 267 |True   |  378  |9.915710e-06|1.012835e-05|2.227436e-11|4.543391e-05|
| 268 |True   |  392  |9.973379e-06|1.007238e-05|1.335578e-11|3.294387e-05|
| 271 |True   |  357  |9.913580e-06|1.018643e-05|1.410525e-11|4.739816e-05|
| 270 |True   |  358  |9.927533e-06|1.009017e-05|1.561384e-11|4.478905e-05|
| 272 |True   |  395  |9.961148e-06|1.006014e-05|2.082756e-11|4.474258e-05|
| 273 |True   |  381  |9.913236e-06|1.005618e-05|1.858367e-11|4.734591e-05|
| 274 |True   |  358  |9.905857e-06|1.010791e-05|1.296700e-11|4.015767e-05|
| 276 |True   |  383  |9.959874e-06|1.007905e-05|2.687343e-11|5.642972e-05|
| 278 |True   |  355  |9.950947e-06|1.023549e-05|1.660850e-11|4.244486e-05|
| 275 |True   |  358  |9.926251e-06|1.009438e-05|2.029479e-11|5.271079e-05|
| 277 |True   |  390  |9.974870e-06|1.007386e-05|2.456597e-11|4.953492e-05|
| 259 |True   | 1228  |9.976882e-06|1.007589e-05|1.017836e-11|2.713222e-05|
| 279 |True   |  379  |9.993293e-06|1.012432e-05|1.767636e-11|3.863900e-05|
| 280 |True   |  371  |9.978839e-06|1.015472e-05|1.316742e-11|4.090534e-05|
| 282 |True   |  357  |9.951307e-06|1.010109e-05|1.513724e-11|4.349116e-05|
| 288 |True   |  361  |9.951637e-06|1.007878e-05|1.139014e-11|3.582677e-05|
| 281 |True   |  474  |9.927097e-06|1.013720e-05|2.058614e-11|5.911052e-05|
| 283 |True   |  363  |9.964187e-06|1.010584e-05|1.417526e-11|4.051272e-05|
| 284 |True   |  393  |9.998230e-06|1.009722e-05|2.328012e-11|4.639329e-05|
| 290 |True   |  380  |9.960920e-06|1.017821e-05|1.530910e-11|4.769193e-05|
| 287 |True   |  392  |9.984221e-06|1.008322e-05|1.561689e-11|3.687876e-05|
| 286 |True   |  359  |9.991588e-06|1.014889e-05|1.242383e-11|3.633531e-05|
| 285 |True   |  373  |9.957303e-06|1.010028e-05|1.182748e-11|3.595085e-05|
| 289 |True   |  363  |9.928167e-06|1.006694e-05|1.298890e-11|3.814075e-05|
| 291 |True   |  354  |9.958320e-06|1.016135e-05|1.782151e-11|4.765184e-05|
| 293 |True   |  358  |9.996057e-06|1.027152e-05|2.057765e-11|5.762100e-05|
| 292 |True   |  392  |9.988990e-06|1.008799e-05|1.751139e-11|3.804962e-05|
| 295 |True   |  388  |9.991959e-06|1.010204e-05|2.346517e-11|5.045444e-05|
| 297 |True   |  377  |9.930481e-06|1.005602e-05|2.084383e-11|5.106233e-05|
| 298 |True   |  407  |9.951823e-06|1.005082e-05|1.277292e-11|3.277307e-05|
| 294 |True   |  595  |9.967845e-06|1.006685e-05|9.963102e-12|2.713585e-05|
| 299 |True   |  386  |9.982437e-06|1.008266e-05|2.630739e-11|5.017825e-05|
| 301 |True   |  353  |9.977529e-06|1.024319e-05|3.007195e-11|6.542426e-05|
| 296 |True   |  394  |9.946315e-06|1.004532e-05|1.279096e-11|3.273403e-05|
| 300 |True   |  363  |9.981500e-06|1.013508e-05|1.535526e-11|4.193431e-05|
| 304 |True   |  380  |9.981788e-06|1.008079e-05|1.706169e-11|3.826017e-05|
| 302 |True   |  389  |9.964052e-06|1.016883e-05|1.167223e-11|4.260299e-05|
| 305 |True   |  385  |9.954353e-06|1.005950e-05|1.383298e-11|3.693574e-05|
| 306 |True   |  369  |9.974768e-06|1.015525e-05|1.142118e-11|3.593982e-05|
| 308 |True   |  389  |9.994992e-06|1.009399e-05|1.590706e-11|3.691859e-05|
| 311 |True   |  391  |9.972341e-06|1.007134e-05|1.436046e-11|3.434962e-05|
| 310 |True   |  356  |9.946785e-06|1.008123e-05|1.452065e-11|4.075730e-05|
| 312 |True   |  383  |9.940018e-06|1.004349e-05|2.279758e-11|4.761179e-05|
| 307 |True   |  388  |9.995962e-06|1.012033e-05|2.438341e-11|5.449264e-05|
| 303 |True   |  930  |9.982471e-06|1.008148e-05|6.422276e-12|1.490912e-05|
| 313 |True   |  361  |9.956035e-06|1.016436e-05|1.921841e-11|5.386895e-05|
| 315 |True   |  362  |9.991234e-06|1.011652e-05|1.636913e-11|4.144060e-05|
| 316 |True   |  372  |9.974055e-06|1.020879e-05|1.759364e-11|5.009633e-05|
| 309 |True   |  692  |9.985967e-06|1.014199e-05|8.702643e-12|2.207631e-05|
| 317 |True   |  391  |9.981143e-06|1.008014e-05|1.984401e-11|4.238770e-05|
| 318 |True   |  380  |9.943219e-06|1.007292e-05|2.232783e-11|5.359684e-05|
| 319 |True   |  380  |9.941903e-06|1.007337e-05|1.121240e-11|2.824078e-05|
| 326 |True   |  359  |9.910683e-06|1.008853e-05|1.362770e-11|4.068278e-05|
| 324 |True   |  357  |9.987497e-06|1.019078e-05|1.494652e-11|4.475202e-05|
| 321 |True   |  390  |9.984121e-06|1.008311e-05|2.192637e-11|4.624423e-05|
| 322 |True   |  403  |9.968101e-06|1.006710e-05|1.681654e-11|3.831769e-05|
| 327 |True   |  354  |9.994866e-06|1.019715e-05|1.508299e-11|4.070143e-05|
| 320 |True   |  382  |9.949187e-06|1.006040e-05|1.551473e-11|4.078940e-05|
| 325 |True   |  371  |9.895562e-06|1.002481e-05|2.031789e-11|5.274326e-05|
| 323 |True   |  394  |9.960921e-06|1.005993e-05|1.005576e-11|2.725182e-05|
| 314 |True   |  915  |9.986444e-06|1.014167e-05|6.555561e-12|1.487567e-05|
| 328 |True   |  367  |9.922401e-06|1.020283e-05|1.658828e-11|5.289233e-05|
| 330 |True   |  378  |9.989623e-06|1.010727e-05|2.120864e-11|4.936038e-05|
| 329 |True   |  362  |9.921904e-06|1.008649e-05|2.039883e-11|5.432377e-05|
| 331 |True   |  359  |9.973122e-06|1.020697e-05|1.103376e-11|3.564186e-05|
| 336 |True   |  369  |9.986815e-06|1.011317e-05|2.497780e-11|5.410900e-05|
| 333 |True   |  360  |9.962509e-06|1.015361e-05|1.610426e-11|4.595065e-05|
| 338 |True   |  371  |9.926649e-06|1.015286e-05|1.079159e-11|3.671458e-05|
| 332 |True   |  396  |9.971412e-06|1.007042e-05|1.242497e-11|3.055084e-05|
| 334 |True   |  365  |9.964746e-06|1.013275e-05|1.802505e-11|4.937366e-05|
| 337 |True   |  367  |9.961029e-06|1.011209e-05|1.372599e-11|4.026382e-05|
| 339 |True   |  365  |9.916117e-06|1.008793e-05|1.085481e-11|3.675219e-05|
| 341 |True   |  391  |9.925733e-06|1.002473e-05|1.753070e-11|4.165467e-05|
| 340 |True   |  358  |9.900572e-06|1.004604e-05|1.997964e-11|5.131273e-05|
| 342 |True   |  378  |9.948943e-06|1.010843e-05|1.317873e-11|4.012993e-05|
| 348 |True   |  384  |9.945028e-06|1.006149e-05|1.792227e-11|4.534042e-05|
| 346 |True   |  389  |9.957969e-06|1.005696e-05|1.733101e-11|3.792135e-05|
| 344 |True   |  387  |9.984485e-06|1.008347e-05|2.390011e-11|4.777329e-05|
| 347 |True   |  363  |9.985659e-06|1.016802e-05|9.477715e-12|3.546124e-05|
| 345 |True   |  403  |9.964597e-06|1.006359e-05|1.806632e-11|4.141785e-05|
| 349 |True   |  392  |9.985515e-06|1.009386e-05|6.358187e-10|6.310283e-04|
| 350 |True   |  380  |9.942981e-06|1.006120e-05|1.081069e-11|3.190587e-05|
| 351 |True   |  398  |9.939028e-06|1.003802e-05|1.998561e-11|4.252236e-05|
| 353 |True   |  406  |9.926896e-06|1.002589e-05|2.019512e-11|4.592185e-05|
| 354 |True   |  392  |9.934540e-06|1.003354e-05|1.598771e-11|3.845170e-05|
| 343 |True   |  802  |9.992250e-06|1.023787e-05|1.234860e-11|3.113033e-05|
| 352 |True   |  475  |9.915051e-06|1.020982e-05|2.175733e-11|5.634220e-05|
| 355 |True   |  372  |9.906880e-06|1.005859e-05|1.524299e-11|4.467900e-05|
| 360 |True   |  367  |9.931948e-06|1.005784e-05|2.609630e-11|5.695049e-05|
| 356 |True   |  360  |9.967331e-06|1.015872e-05|1.996025e-11|5.354259e-05|
| 358 |True   |  363  |9.951853e-06|1.011850e-05|1.373962e-11|4.035912e-05|
| 357 |True   |  353  |9.977508e-06|1.019058e-05|1.624772e-11|4.444655e-05|
| 359 |True   |  368  |9.927582e-06|1.005392e-05|1.081655e-11|3.564740e-05|
| 335 |True   | 1557  |9.962958e-06|1.006196e-05|7.852706e-12|2.187977e-05|
| 363 |True   |  390  |9.903689e-06|1.000268e-05|2.151608e-11|4.760736e-05|
| 364 |True   |  468  |9.989684e-06|1.017944e-05|6.295141e-12|2.724271e-05|
| 366 |True   |  364  |9.923482e-06|1.010772e-05|6.695256e-12|2.762184e-05|
| 365 |True   |  396  |9.971289e-06|1.007028e-05|2.272101e-11|4.679705e-05|
| 367 |True   |  356  |9.968516e-06|1.016180e-05|1.720633e-11|4.667294e-05|
| 373 |True   |  382  |9.901674e-06|1.013269e-05|1.692376e-11|5.524020e-05|
| 368 |True   |  388  |9.963989e-06|1.006300e-05|7.687346e-12|2.159930e-05|
| 371 |True   |  364  |9.991103e-06|1.014430e-05|1.349079e-11|3.674082e-05|
| 370 |True   |  379  |9.932063e-06|1.005476e-05|1.593611e-11|3.967078e-05|
| 372 |True   |  393  |9.986604e-06|1.010704e-05|2.508565e-11|4.985939e-05|
| 374 |True   |  374  |9.928675e-06|1.004670e-05|1.785473e-11|4.549689e-05|
| 362 |True   | 1016  |9.976811e-06|1.008423e-05|8.054318e-12|2.167129e-05|
| 375 |True   |  374  |9.901346e-06|1.002854e-05|1.827333e-11|4.877937e-05|
| 376 |True   |  400  |9.946379e-06|1.004538e-05|1.679774e-11|3.931154e-05|
| 378 |True   |  372  |9.984917e-06|1.021880e-05|2.505303e-11|5.899147e-05|
| 377 |True   |  379  |9.962808e-06|1.008999e-05|1.059542e-11|3.123104e-05|
| 380 |True   |  398  |9.941899e-06|1.004089e-05|1.776113e-11|4.153236e-05|
| 382 |True   |  383  |9.985070e-06|1.008407e-05|1.319867e-11|3.245802e-05|
| 379 |True   |  359  |9.988037e-06|1.017246e-05|1.428899e-11|4.177131e-05|
| 381 |True   |  381  |9.981715e-06|1.011010e-05|8.985593e-12|2.684461e-05|
| 383 |True   |  378  |9.951569e-06|1.005056e-05|1.999426e-11|4.383200e-05|
| 384 |True   |  381  |9.963770e-06|1.008525e-05|1.973923e-11|4.809136e-05|
| 386 |True   |  386  |9.991137e-06|1.009013e-05|2.436874e-11|4.801166e-05|
| 385 |True   |  401  |9.925649e-06|1.002465e-05|1.698965e-11|4.133672e-05|
| 387 |True   |  367  |9.986735e-06|1.019428e-05|2.368207e-11|6.057754e-05|
| 388 |True   |  392  |9.929962e-06|1.002896e-05|1.441905e-11|3.703092e-05|
| 389 |True   |  373  |9.978769e-06|1.012102e-05|2.135256e-11|5.310442e-05|
| 391 |True   |  372  |9.941153e-06|1.008529e-05|1.823779e-11|4.885202e-05|
| 390 |True   |  382  |9.927670e-06|1.008527e-05|1.149522e-11|3.963286e-05|
| 393 |True   |  387  |9.951207e-06|1.005020e-05|1.928819e-11|4.257176e-05|
| 392 |True   |  374  |9.972387e-06|1.007946e-05|1.643348e-11|3.955200e-05|
| 395 |True   |  396  |9.928132e-06|1.002713e-05|1.431405e-11|3.694963e-05|
| 394 |True   |  408  |9.949106e-06|1.004810e-05|1.896174e-11|4.227231e-05|
| 396 |True   |  392  |9.923483e-06|1.002248e-05|1.890335e-11|4.274241e-05|
| 398 |True   |  408  |9.930040e-06|1.008240e-05|1.346429e-11|4.042657e-05|
| 369 |True   | 2229  |9.999584e-06|1.012363e-05|1.041768e-11|2.709567e-05|
| 397 |True   |  394  |9.944617e-06|1.004361e-05|1.632939e-11|3.818201e-05|
| 399 |True   |  392  |9.978274e-06|1.010222e-05|1.817242e-11|4.536633e-05|
| 401 |True   |  372  |9.965727e-06|1.015400e-05|1.473290e-11|4.108742e-05|
| 403 |True   |  362  |9.995134e-06|1.016492e-05|1.665517e-11|4.462428e-05|
| 400 |True   |  381  |9.920513e-06|1.001951e-05|2.017946e-11|4.168542e-05|
| 402 |True   |  376  |9.950979e-06|1.004998e-05|1.770007e-11|4.142739e-05|
| 404 |True   |  362  |9.997579e-06|1.014983e-05|1.696334e-11|4.478808e-05|
| 405 |True   |  380  |9.941000e-06|1.005902e-05|1.321222e-11|3.664475e-05|
| 406 |True   |  363  |9.991652e-06|1.010872e-05|2.027466e-11|4.613021e-05|
| 407 |True   |  376  |9.955144e-06|1.009101e-05|1.869704e-11|4.889129e-05|
| 361 |True   | 2696  |9.984002e-06|1.008301e-05|8.136923e-12|2.159114e-05|
| 408 |True   |  358  |9.866404e-06|1.012340e-05|1.534724e-11|5.118744e-05|
| 410 |True   |  392  |9.952788e-06|1.005178e-05|2.104037e-11|4.631487e-05|
| 409 |True   |  397  |9.973543e-06|1.007255e-05|1.678115e-11|3.781439e-05|
| 411 |True   |  369  |9.988663e-06|1.015635e-05|1.055841e-11|3.273157e-05|
| 413 |True   |  379  |9.930864e-06|1.002990e-05|1.439034e-11|3.688232e-05|
| 412 |True   |  395  |9.935811e-06|1.003481e-05|1.435833e-11|3.688811e-05|
| 414 |True   |  361  |9.966425e-06|1.013773e-05|1.307273e-11|3.814379e-05|
| 416 |True   |  392  |9.950352e-06|1.004934e-05|2.664983e-11|5.231423e-05|
| 415 |True   |  377  |9.907964e-06|1.011751e-05|1.793890e-11|5.490243e-05|
| 420 |True   |  391  |9.950359e-06|1.004936e-05|1.766560e-11|4.137239e-05|
| 417 |True   |  396  |9.973538e-06|1.007254e-05|1.012757e-11|2.719142e-05|
| 418 |True   |  482  |9.919737e-06|1.020684e-05|1.189895e-11|3.964184e-05|
| 421 |True   |  361  |9.942688e-06|1.013087e-05|1.518583e-11|3.771651e-05|
| 419 |True   |  487  |9.991801e-06|1.010820e-05|1.900335e-11|3.995927e-05|
| 422 |True   |  393  |9.976129e-06|1.007512e-05|1.850085e-11|4.170333e-05|
| 423 |True   |  393  |9.977085e-06|1.007608e-05|1.305789e-11|3.244033e-05|
| 425 |True   |  388  |9.956191e-06|1.005518e-05|2.512122e-11|5.051605e-05|
| 424 |True   |  378  |9.953785e-06|1.008586e-05|1.294853e-11|3.602168e-05|
| 427 |True   |  363  |9.957342e-06|1.011615e-05|2.486799e-11|5.873663e-05|
| 426 |True   |  349  |9.944744e-06|1.024613e-05|1.321525e-11|4.370380e-05|
| 428 |True   |  363  |9.955814e-06|1.018906e-05|1.873205e-11|5.212866e-05|
| 429 |True   |  364  |9.970814e-06|1.010955e-05|1.796076e-11|4.634008e-05|
| 430 |True   |  386  |9.996965e-06|1.010426e-05|1.248974e-11|2.970716e-05|
| 431 |True   |  387  |9.956304e-06|1.006992e-05|2.024413e-11|4.699731e-05|
| 432 |True   |  361  |9.928096e-06|1.009786e-05|1.251861e-11|4.004816e-05|
| 433 |True   |  353  |9.982601e-06|1.013276e-05|2.261827e-11|5.369809e-05|
| 435 |True   |  372  |9.991311e-06|1.009031e-05|1.350615e-11|3.244708e-05|
| 436 |True   |  368  |9.888450e-06|1.011798e-05|1.934063e-11|5.008043e-05|
| 434 |True   |  381  |9.935392e-06|1.005860e-05|2.176168e-11|5.305544e-05|
| 437 |True   |  387  |9.992388e-06|1.009138e-05|1.889382e-11|4.168279e-05|
| 438 |True   |  387  |9.944356e-06|1.004336e-05|1.113161e-11|2.966767e-05|
| 440 |True   |  405  |9.912540e-06|1.001153e-05|2.023665e-11|4.549675e-05|
| 439 |True   |  387  |9.948208e-06|1.005231e-05|1.520458e-11|3.748985e-05|
| 441 |True   |  370  |9.963490e-06|1.018647e-05|1.559841e-11|4.499914e-05|
| 445 |True   |  357  |9.925725e-06|1.010191e-05|1.365561e-11|3.850235e-05|
| 442 |True   |  380  |9.983239e-06|1.008223e-05|2.334020e-11|4.581009e-05|
| 444 |True   |  398  |9.945891e-06|1.004488e-05|2.077201e-11|4.603806e-05|
| 443 |True   |  359  |9.972874e-06|1.012614e-05|2.020571e-11|5.292532e-05|
| 447 |True   |  396  |9.968676e-06|1.006767e-05|2.061384e-11|4.403765e-05|
| 446 |True   |  398  |9.967818e-06|1.006682e-05|1.263264e-11|3.227728e-05|
| 449 |True   |  375  |9.982304e-06|1.010508e-05|2.679866e-11|5.768302e-05|
| 448 |True   |  369  |9.945742e-06|1.011089e-05|2.099378e-11|5.188615e-05|
| 451 |True   |  390  |9.974898e-06|1.007389e-05|2.522876e-11|5.082408e-05|
| 450 |True   |  364  |9.957794e-06|1.009307e-05|1.683314e-11|4.423030e-05|
| 457 |True   |  358  |9.903764e-06|1.014674e-05|1.303370e-11|4.397725e-05|
| 452 |True   |  363  |9.944256e-06|1.009037e-05|2.049168e-11|5.309225e-05|
| 453 |True   |  369  |9.946879e-06|1.017167e-05|1.957713e-11|5.537618e-05|
| 456 |True   |  352  |9.977834e-06|1.032322e-05|2.201858e-11|5.877466e-05|
| 454 |True   |  389  |9.938868e-06|1.004704e-05|1.013372e-11|2.876242e-05|
| 455 |True   |  374  |9.904167e-06|1.004991e-05|1.537356e-11|4.230591e-05|
| 458 |True   |  403  |9.959427e-06|1.005842e-05|1.832259e-11|4.175910e-05|
| 459 |True   |  389  |9.987841e-06|1.008684e-05|1.763218e-11|3.819110e-05|
| 460 |True   |  351  |9.976576e-06|1.014820e-05|1.371784e-11|4.513847e-05|
| 462 |True   |  362  |9.969661e-06|1.012275e-05|2.180706e-11|5.348917e-05|
| 466 |True   |  356  |9.932695e-06|1.017872e-05|1.998803e-11|5.665773e-05|
| 464 |True   |  383  |9.978024e-06|1.008794e-05|2.773094e-11|5.523169e-05|
| 467 |True   |  361  |9.938899e-06|1.015014e-05|1.554110e-11|4.831607e-05|
| 463 |True   |  382  |9.917225e-06|1.007183e-05|2.869893e-11|4.883917e-05|
| 468 |True   |  399  |9.949547e-06|1.004855e-05|1.202776e-11|3.222852e-05|
| 469 |True   |  375  |9.991206e-06|1.012744e-05|1.584166e-11|4.089601e-05|
| 472 |True   |  381  |9.980433e-06|1.007942e-05|2.240419e-11|4.556251e-05|
| 470 |True   |  384  |9.945549e-06|1.004455e-05|1.465852e-11|3.680718e-05|
| 471 |True   |  388  |9.926450e-06|1.003094e-05|2.239794e-11|4.869563e-05|
| 465 |True   |  791  |9.970901e-06|1.017111e-05|9.239703e-10|5.361991e-03|
| 474 |True   |  367  |9.961103e-06|1.012340e-05|1.483574e-11|4.088255e-05|
| 473 |True   |  358  |9.910545e-06|1.020265e-05|1.062678e-11|3.953131e-05|
| 475 |True   |  361  |9.925028e-06|1.011504e-05|1.617352e-11|4.513045e-05|
| 478 |True   |  365  |9.981453e-06|1.014788e-05|1.612809e-11|4.591015e-05|
| 476 |True   |  357  |9.960227e-06|1.021145e-05|1.793508e-11|5.213381e-05|
| 477 |True   |  392  |9.899163e-06|1.003264e-05|1.651551e-11|4.442274e-05|
| 479 |True   |  372  |9.942054e-06|1.004104e-05|2.696177e-11|5.351823e-05|
| 481 |True   |  504  |9.937127e-06|1.003613e-05|1.438160e-11|3.682892e-05|
| 482 |True   |  362  |9.983662e-06|1.017034e-05|2.292616e-11|5.676268e-05|
| 480 |True   |  379  |9.992502e-06|1.021014e-05|1.665318e-11|4.484282e-05|
| 486 |True   |  376  |9.944989e-06|1.008142e-05|1.707792e-11|4.497447e-05|
| 483 |True   |  395  |9.964643e-06|1.006363e-05|2.478455e-11|5.066709e-05|
| 484 |True   |  395  |9.995213e-06|1.009422e-05|1.339167e-11|3.225388e-05|
| 485 |True   |  367  |9.939067e-06|1.007304e-05|1.422519e-11|4.100348e-05|
| 487 |True   |  372  |9.920351e-06|1.027562e-05|8.751579e-12|3.916831e-05|
| 490 |True   |  389  |9.991856e-06|1.009418e-05|1.045740e-11|2.729116e-05|
| 488 |True   |  368  |9.994324e-06|1.020707e-05|1.749090e-11|4.715170e-05|
| 489 |True   |  392  |9.980632e-06|1.008563e-05|1.456743e-11|3.391372e-05|
| 491 |True   |  372  |9.947131e-06|1.012075e-05|1.644121e-11|4.519564e-05|
| 495 |True   |  392  |9.967695e-06|1.006668e-05|2.508090e-11|5.073124e-05|
| 493 |True   |  394  |9.979316e-06|1.008332e-05|1.471241e-11|3.595148e-05|
| 496 |True   |  375  |9.953090e-06|1.006771e-05|1.873853e-11|4.433389e-05|
| 492 |True   |  410  |9.974731e-06|1.007372e-05|2.406789e-11|4.779870e-05|
| 494 |True   |  387  |9.990776e-06|1.009479e-05|3.026146e-11|5.628989e-05|
| 497 |True   |  365  |9.941467e-06|1.013599e-05|1.545280e-11|4.216763e-05|
| 498 |True   |  360  |9.999778e-06|1.016775e-05|2.630778e-11|6.436218e-05|
| 500 |True   |  372  |9.989051e-06|1.015915e-05|2.112828e-11|5.635578e-05|
| 499 |True   |  444  |9.935336e-06|1.003433e-05|1.586038e-11|3.821157e-05|
| 503 |True   |  375  |9.955847e-06|1.012799e-05|1.803516e-11|4.856871e-05|
| 502 |True   |  387  |9.975909e-06|1.009417e-05|7.409625e-12|2.150459e-05|
| 504 |True   |  368  |9.969834e-06|1.009769e-05|1.517416e-11|3.744557e-05|
| 505 |True   |  365  |9.947367e-06|1.013229e-05|1.660196e-11|4.824089e-05|
| 506 |True   |  377  |9.933028e-06|1.007986e-05|1.469800e-11|4.290040e-05|
| 507 |True   |  370  |9.977723e-06|1.015096e-05|1.504052e-11|4.408733e-05|
| 508 |True   |  378  |9.958754e-06|1.006228e-05|1.754534e-11|4.166777e-05|
| 509 |True   |  383  |9.995413e-06|1.010560e-05|1.960710e-11|4.377739e-05|
| 510 |True   |  367  |9.900212e-06|1.013707e-05|1.315833e-11|4.394157e-05|
| 512 |True   |  390  |9.973349e-06|1.007235e-05|1.057408e-11|2.737535e-05|
| 511 |True   |  397  |9.981480e-06|1.008048e-05|1.982237e-11|4.025043e-05|
| 515 |True   |  392  |9.934513e-06|1.003351e-05|1.582172e-11|3.789046e-05|
| 513 |True   |  360  |9.976392e-06|1.016918e-05|1.166143e-11|3.664330e-05|
| 461 |True   | 3221  |9.972543e-06|1.021872e-05|3.904521e-10|3.277282e-03|
| 519 |True   |  386  |9.923113e-06|1.003657e-05|1.700667e-11|4.136866e-05|
| 516 |True   |  362  |9.908724e-06|1.010979e-05|1.466506e-11|4.755806e-05|
| 517 |True   |  398  |9.994177e-06|1.009318e-05|1.443388e-11|3.344838e-05|
| 518 |True   |  388  |9.911168e-06|1.032134e-05|1.565620e-11|4.598983e-05|
| 514 |True   |  475  |9.932018e-06|1.012660e-05|1.144788e-11|3.976081e-05|
| 521 |True   |  385  |9.931924e-06|1.005624e-05|1.427574e-11|3.583235e-05|
| 520 |True   |  374  |9.929299e-06|1.005058e-05|1.280044e-11|3.660937e-05|
| 501 |True   | 1527  |9.985626e-06|1.044283e-05|5.718005e-12|1.499526e-05|
| 522 |True   |  391  |9.975776e-06|1.009015e-05|1.939726e-11|4.421948e-05|
| 523 |True   |  389  |9.986998e-06|1.008599e-05|1.645003e-11|3.747099e-05|
| 525 |True   |  370  |9.957106e-06|1.015185e-05|1.035291e-11|3.155669e-05|
| 524 |True   |  373  |9.955482e-06|1.007278e-05|1.118359e-11|3.604062e-05|
| 532 |True   |  359  |9.953670e-06|1.011476e-05|1.063614e-11|3.208674e-05|
| 526 |True   |  392  |9.942599e-06|1.004159e-05|2.248413e-11|4.748816e-05|
| 527 |True   |  394  |9.987269e-06|1.008625e-05|3.089858e-11|5.673560e-05|
| 531 |True   |  362  |9.950434e-06|1.017218e-05|2.302275e-11|6.000458e-05|
| 529 |True   |  389  |9.999448e-06|1.009844e-05|1.998209e-11|4.214755e-05|
| 528 |True   |  402  |9.981186e-06|1.008018e-05|1.890205e-11|4.188974e-05|
| 533 |True   |  363  |9.941219e-06|1.013643e-05|1.669867e-11|4.455231e-05|
| 534 |True   |  367  |9.918956e-06|1.011903e-05|1.773180e-11|5.289722e-05|
| 535 |True   |  392  |9.937338e-06|1.003634e-05|1.437248e-11|3.679279e-05|
| 536 |True   |  362  |9.994763e-06|1.018380e-05|1.792438e-11|4.567454e-05|
| 538 |True   |  374  |9.951816e-06|1.007893e-05|1.897947e-11|4.456379e-05|
| 530 |True   |  623  |9.979034e-06|1.007804e-05|8.179480e-12|2.179237e-05|
| 537 |True   |  356  |9.996033e-06|1.024557e-05|1.341049e-11|4.371811e-05|
| 542 |True   |  363  |9.936835e-06|1.006141e-05|1.439043e-11|4.062822e-05|
| 539 |True   |  363  |9.925886e-06|1.017547e-05|1.331279e-11|4.262851e-05|
| 540 |True   |  483  |9.976858e-06|1.012715e-05|1.073715e-11|3.601851e-05|
| 543 |True   |  412  |9.952078e-06|1.005107e-05|2.171175e-11|4.650246e-05|
| 541 |True   |  398  |9.978016e-06|1.007702e-05|1.357224e-11|3.161374e-05|
| 545 |True   |  375  |9.945775e-06|1.006438e-05|1.759326e-11|4.524237e-05|
| 546 |True   |  358  |9.896154e-06|1.008568e-05|1.391926e-11|4.724386e-05|
| 548 |True   |  367  |9.934908e-06|1.008255e-05|1.355623e-11|4.039488e-05|
| 547 |True   |  397  |9.957069e-06|1.005607e-05|1.017403e-11|2.747570e-05|
| 549 |True   |  395  |9.898019e-06|1.006508e-05|1.600653e-11|4.817802e-05|
| 550 |True   |  404  |9.988780e-06|1.008777e-05|1.882018e-11|4.179854e-05|
| 544 |True   |  696  |9.994680e-06|1.009369e-05|8.818211e-12|2.202924e-05|
| 551 |True   |  369  |9.958953e-06|1.014704e-05|1.786198e-11|4.879259e-05|
| 554 |True   |  391  |9.991211e-06|1.009019e-05|2.994539e-11|5.586965e-05|
| 552 |True   |  362  |9.959037e-06|1.017409e-05|1.358543e-11|3.691992e-05|
| 556 |True   |  383  |9.978879e-06|1.008291e-05|1.498673e-11|3.686741e-05|
| 555 |True   |  397  |9.974112e-06|1.007310e-05|2.709892e-11|5.177142e-05|
| 553 |True   |  621  |9.966049e-06|1.006505e-05|1.244895e-11|3.226359e-05|
| 558 |True   |  356  |9.897959e-06|1.030750e-05|1.687206e-11|5.103592e-05|
| 557 |True   |  360  |9.917772e-06|1.007997e-05|1.706487e-11|4.713676e-05|
| 559 |True   |  387  |9.960527e-06|1.007583e-05|2.031716e-11|4.275191e-05|
| 563 |True   |  375  |9.981366e-06|1.008035e-05|2.529567e-11|5.032869e-05|
| 560 |True   |  395  |9.964583e-06|1.006357e-05|2.489475e-11|4.989372e-05|
| 561 |True   |  360  |9.968604e-06|1.029019e-05|1.599594e-11|4.863911e-05|
| 562 |True   |  376  |9.983400e-06|1.008245e-05|1.562261e-11|3.694474e-05|
| 564 |True   |  392  |9.950454e-06|1.006022e-05|1.415223e-11|3.697373e-05|
| 565 |True   |  499  |9.986372e-06|1.008537e-05|1.929502e-11|4.208933e-05|
| 567 |True   |  400  |9.949554e-06|1.004855e-05|1.701747e-11|3.855449e-05|
| 568 |True   |  364  |9.968914e-06|1.015122e-05|2.038571e-11|5.254364e-05|
| 571 |True   |  382  |9.970485e-06|1.009194e-05|1.773062e-11|4.221398e-05|
| 572 |True   |  363  |9.927917e-06|1.010899e-05|1.502043e-11|4.430625e-05|
| 576 |True   |  383  |9.986520e-06|1.012114e-05|2.132561e-11|4.315364e-05|
| 569 |True   |  485  |9.904306e-06|1.014131e-05|1.325400e-11|4.461255e-05|
| 575 |True   |  400  |9.931447e-06|1.003044e-05|1.714503e-11|4.134898e-05|
| 573 |True   |  389  |9.990459e-06|1.008946e-05|1.617252e-11|3.717842e-05|
| 574 |True   |  361  |9.981331e-06|1.018097e-05|1.827693e-11|5.150065e-05|
| 566 |True   |  910  |9.992579e-06|1.043245e-05|9.382773e-12|2.196337e-05|
| 577 |True   |  387  |9.968195e-06|1.008739e-05|1.952381e-11|4.659362e-05|
| 579 |True   |  371  |9.932327e-06|1.014913e-05|1.055676e-11|3.634739e-05|
| 578 |True   |  375  |9.969633e-06|1.007469e-05|2.006325e-11|4.243618e-05|
| 580 |True   |  389  |9.942092e-06|1.004109e-05|1.747524e-11|4.145246e-05|
| 583 |True   |  384  |9.926886e-06|1.005061e-05|1.398662e-11|3.735194e-05|
| 581 |True   |  393  |9.965745e-06|1.006474e-05|2.039049e-11|4.399032e-05|
| 582 |True   |  362  |9.961849e-06|1.011643e-05|1.026811e-11|3.171331e-05|
| 584 |True   |  360  |9.986001e-06|1.019255e-05|1.808781e-11|5.083482e-05|
| 586 |True   |  392  |9.957443e-06|1.005746e-05|1.902933e-11|4.233406e-05|
| 570 |True   | 1556  |9.981705e-06|1.010863e-05|6.401192e-12|1.490826e-05|
| 587 |True   |  385  |9.954583e-06|1.005834e-05|1.421585e-11|3.675926e-05|
| 585 |True   |  406  |9.971047e-06|1.007005e-05|1.455974e-11|3.484415e-05|
| 589 |True   |  360  |9.953883e-06|1.015371e-05|1.570974e-11|4.494341e-05|
| 588 |True   |  419  |9.966575e-06|1.006558e-05|8.140992e-12|2.180061e-05|
| 590 |True   |  403  |9.995098e-06|1.009409e-05|2.512592e-11|4.904564e-05|
| 591 |True   |  395  |9.943800e-06|1.004279e-05|2.442906e-11|5.064467e-05|
| 593 |True   |  390  |9.961804e-06|1.006079e-05|2.616475e-11|5.169658e-05|
| 595 |True   |  364  |9.925652e-06|1.011940e-05|1.197474e-11|3.980725e-05|
| 596 |True   |  397  |9.962234e-06|1.006124e-05|8.219476e-12|2.199841e-05|
| 592 |True   |  368  |9.938593e-06|1.007297e-05|1.430324e-11|4.053414e-05|
| 599 |True   |  387  |9.991734e-06|1.009073e-05|2.134069e-11|4.338563e-05|
| 594 |True   |  397  |9.964624e-06|1.006997e-05|1.516826e-11|3.706665e-05|
| 597 |True   |  358  |9.922684e-06|1.007818e-05|1.395933e-11|4.081584e-05|
| 598 |True   |  396  |9.949641e-06|1.004862e-05|3.174796e-11|5.804710e-05|
| 600 |True   |  361  |9.973584e-06|1.014562e-05|1.712900e-11|4.867716e-05|
| 601 |True   |  364  |9.939250e-06|1.009403e-05|1.201866e-11|3.636733e-05|
| 602 |True   |  366  |9.966018e-06|1.015211e-05|1.713946e-11|5.169050e-05|
| 603 |True   |  391  |9.922053e-06|1.006319e-05|1.356724e-11|4.057449e-05|
| 607 |True   |  392  |9.958971e-06|1.009711e-05|7.130875e-12|2.160731e-05|
| 605 |True   |  362  |9.954391e-06|1.013886e-05|2.042812e-11|4.671271e-05|
| 606 |True   |  378  |9.935648e-06|1.007408e-05|1.156265e-11|3.596804e-05|
| 604 |True   |  377  |9.996087e-06|1.041554e-05|1.366969e-11|4.375564e-05|
| 608 |True   |  360  |9.945151e-06|1.016103e-05|1.276279e-11|3.999567e-05|
| 610 |True   |  395  |9.984074e-06|1.008308e-05|1.181997e-11|2.834163e-05|
| 613 |True   |  361  |9.905160e-06|1.009440e-05|1.384090e-11|4.128622e-05|
| 609 |True   |  390  |9.968195e-06|1.007645e-05|2.798199e-11|5.650514e-05|
| 612 |True   |  361  |9.950425e-06|1.011864e-05|1.543334e-11|4.471077e-05|
| 614 |True   |  397  |9.970410e-06|1.007484e-05|2.032739e-11|4.574303e-05|
| 615 |True   |  378  |9.996182e-06|1.015643e-05|1.459243e-11|4.285969e-05|
| 616 |True   |  365  |9.990684e-06|1.016302e-05|1.747120e-11|4.560322e-05|
| 618 |True   |  373  |9.999090e-06|1.015859e-05|1.451933e-11|4.051375e-05|
| 617 |True   |  359  |9.892070e-06|1.013869e-05|1.601732e-11|5.110621e-05|
| 619 |True   |  365  |9.924184e-06|1.014473e-05|1.632765e-11|4.925167e-05|
| 620 |True   |  367  |9.994001e-06|1.013205e-05|1.628258e-11|4.442707e-05|
| 621 |True   |  401  |9.948134e-06|1.004713e-05|1.195278e-11|3.211876e-05|
| 623 |True   |  371  |9.951618e-06|1.012640e-05|9.930183e-12|3.024778e-05|
| 622 |True   |  352  |9.942668e-06|1.029684e-05|1.488318e-11|4.759526e-05|
| 624 |True   |  361  |9.925003e-06|1.007027e-05|1.933490e-11|4.779605e-05|
| 625 |True   |  353  |9.933020e-06|1.013582e-05|1.323317e-11|4.194625e-05|
| 626 |True   |  355  |9.893312e-06|1.022480e-05|1.345049e-11|4.743157e-05|
| 628 |True   |  405  |9.943483e-06|1.004248e-05|1.488766e-11|3.497320e-05|
| 627 |True   |  394  |9.958446e-06|1.005743e-05|3.100379e-11|5.775396e-05|
| 632 |True   |  354  |9.984061e-06|1.014101e-05|1.369174e-11|4.044341e-05|
| 629 |True   |  398  |9.958103e-06|1.006269e-05|1.788669e-11|4.197986e-05|
| 631 |True   |  375  |9.925495e-06|1.008378e-05|1.332531e-11|3.950756e-05|
| 633 |True   |  363  |9.965215e-06|1.012309e-05|1.220222e-11|3.645564e-05|
| 630 |True   |  387  |9.932268e-06|1.003191e-05|1.734639e-11|4.084286e-05|
| 634 |True   |  362  |9.958955e-06|1.011156e-05|1.724180e-11|4.573563e-05|
| 636 |True   |  363  |9.975932e-06|1.013278e-05|2.239960e-11|5.452888e-05|
| 637 |True   |  368  |9.940684e-06|1.008617e-05|1.027282e-11|3.206167e-05|
| 635 |True   |  368  |9.960914e-06|1.012277e-05|1.491998e-11|4.128848e-05|
| 638 |True   |  362  |9.922786e-06|1.018516e-05|1.947524e-11|5.673441e-05|
| 639 |True   |  372  |9.971703e-06|1.015697e-05|1.666222e-11|4.667218e-05|
| 641 |True   |  383  |9.977965e-06|1.011086e-05|1.866978e-11|4.562335e-05|
| 644 |True   |  365  |9.991308e-06|1.015446e-05|1.881175e-11|4.895778e-05|
| 640 |True   |  379  |9.980941e-06|1.014303e-05|2.627494e-11|6.065109e-05|
| 645 |True   |  390  |9.946769e-06|1.004576e-05|2.028291e-11|4.383146e-05|
| 643 |True   |  376  |9.937656e-06|1.021268e-05|1.799269e-11|5.497388e-05|
| 642 |True   |  390  |9.934131e-06|1.006935e-05|1.580923e-11|3.814370e-05|
| 646 |True   |  381  |9.957601e-06|1.008594e-05|1.545695e-11|4.080358e-05|
| 647 |True   |  403  |9.948744e-06|1.004776e-05|1.580338e-11|3.768292e-05|
| 648 |True   |  419  |9.993282e-06|1.012159e-05|1.756616e-11|4.342294e-05|
| 650 |True   |  374  |9.990384e-06|1.009814e-05|2.270297e-11|5.039305e-05|
| 652 |True   |  398  |9.955963e-06|1.005495e-05|2.640345e-11|5.166140e-05|
| 651 |True   |  366  |9.978321e-06|1.011093e-05|1.903327e-11|4.565840e-05|
| 649 |True   |  683  |9.939667e-06|1.014234e-05|7.696317e-12|2.677276e-05|
| 654 |True   |  355  |9.911308e-06|1.015686e-05|9.209200e-12|3.572028e-05|
| 655 |True   |  389  |9.955039e-06|1.005403e-05|2.064834e-11|4.417200e-05|
| 611 |True   | 2556  |9.959965e-06|1.011283e-05|3.859272e-12|1.481473e-05|
| 659 |True   |  361  |9.960648e-06|1.011826e-05|1.609598e-11|4.552266e-05|
| 661 |True   |  391  |9.994936e-06|1.011951e-05|1.314155e-11|3.638240e-05|
| 660 |True   |  386  |9.992470e-06|1.009145e-05|3.418967e-11|6.046068e-05|
| 653 |True   |  801  |9.995464e-06|1.012958e-05|8.627198e-12|2.189319e-05|
| 663 |True   |  371  |9.955966e-06|1.014922e-05|1.138475e-11|3.953486e-05|
| 662 |True   |  382  |9.988775e-06|1.008776e-05|3.348104e-11|6.054535e-05|
| 664 |True   |  379  |9.948233e-06|1.018179e-05|1.049161e-11|3.907301e-05|
| 665 |True   |  379  |9.933475e-06|1.011407e-05|1.220984e-11|3.627877e-05|
| 666 |True   |  387  |9.986742e-06|1.010580e-05|2.241716e-11|4.482818e-05|
| 668 |True   |  374  |9.916702e-06|1.009216e-05|1.318085e-11|4.028707e-05|
| 667 |True   |  392  |9.962493e-06|1.007447e-05|7.696869e-12|2.160923e-05|
| 658 |True   | 1039  |9.990615e-06|1.009201e-05|4.594469e-12|1.487219e-05|
| 670 |True   |  357  |9.920940e-06|1.016579e-05|1.380813e-11|4.380303e-05|
| 673 |True   |  385  |9.916820e-06|1.003820e-05|2.134824e-11|5.028598e-05|
| 674 |True   |  367  |9.960564e-06|1.008295e-05|8.543781e-12|2.680843e-05|
| 671 |True   |  394  |9.956609e-06|1.005561e-05|1.216851e-11|3.210291e-05|
| 672 |True   |  364  |9.946187e-06|1.021084e-05|1.193307e-11|4.020693e-05|
| 675 |True   |  363  |9.925682e-06|1.013255e-05|1.460452e-11|4.749309e-05|
| 676 |True   |  390  |9.988257e-06|1.008725e-05|2.210221e-11|4.647265e-05|
| 677 |True   |  381  |9.982864e-06|1.009185e-05|2.075930e-11|4.617561e-05|
| 678 |True   |  475  |9.937321e-06|1.014382e-05|1.693982e-11|4.340129e-05|
| 680 |True   |  385  |9.945601e-06|1.010339e-05|9.743804e-12|3.148177e-05|
| 657 |True   | 1817  |9.975350e-06|1.012064e-05|8.496543e-12|2.676932e-05|
| 682 |True   |  374  |9.984628e-06|1.012121e-05|1.345254e-11|3.548222e-05|
| 681 |True   |  412  |9.909895e-06|1.000889e-05|1.975321e-11|4.559034e-05|
| 679 |True   |  594  |9.966229e-06|1.006523e-05|9.087473e-12|2.360334e-05|
| 684 |True   |  392  |9.959760e-06|1.010333e-05|9.848519e-12|3.147929e-05|
| 656 |True   | 1775  |9.972133e-06|1.037074e-05|7.340563e-12|1.494010e-05|
| 669 |True   | 1262  |9.998929e-06|1.023380e-05|2.551015e-12|3.548246e-06|
| 685 |True   |  362  |9.980269e-06|1.010215e-05|1.385493e-11|3.675726e-05|
| 686 |True   |  374  |9.951509e-06|1.019240e-05|1.494429e-11|4.449678e-05|
| 687 |True   |  404  |9.944339e-06|1.004333e-05|1.865807e-11|4.013717e-05|
| 688 |True   |  380  |9.942643e-06|1.007718e-05|1.336389e-11|3.663819e-05|
| 683 |True   |  694  |9.991677e-06|1.015003e-05|1.295837e-11|1.566975e-05|
| 689 |True   |  358  |9.977977e-06|1.022318e-05|1.156937e-11|3.602737e-05|
| 692 |True   |  361  |9.966139e-06|1.011606e-05|1.045276e-11|3.200702e-05|
| 691 |True   |  373  |9.956290e-06|1.012876e-05|1.425234e-11|4.112637e-05|
| 695 |True   |  360  |9.981349e-06|1.012978e-05|1.240896e-11|3.619839e-05|
| 694 |True   |  361  |9.959945e-06|1.012515e-05|1.125093e-11|3.605929e-05|
| 690 |True   |  601  |9.990340e-06|1.008934e-05|1.061240e-11|2.519165e-05|
| 696 |True   |  377  |9.961362e-06|1.006523e-05|1.555214e-11|3.767490e-05|
| 697 |True   |  364  |9.933873e-06|1.012044e-05|8.920728e-12|3.173332e-05|
| 693 |True   |  478  |9.988941e-06|1.020627e-05|9.257830e-12|3.237912e-05|
| 700 |True   |  354  |9.975843e-06|1.016959e-05|1.111638e-11|4.068420e-05|
| 699 |True   |  377  |9.921165e-06|1.006304e-05|1.579633e-11|4.458357e-05|
| 698 |True   |  401  |9.954378e-06|1.005338e-05|1.018758e-11|2.766571e-05|
| 701 |True   |  367  |9.950532e-06|1.010191e-05|1.895559e-11|4.917658e-05|
| 703 |True   |  392  |9.933444e-06|1.003244e-05|1.427572e-11|3.682379e-05|
| 704 |True   |  397  |9.942954e-06|1.004195e-05|1.894543e-11|4.238072e-05|
| 705 |True   |  386  |9.959468e-06|1.005847e-05|1.499798e-11|3.695806e-05|
| 706 |True   |  397  |9.986955e-06|1.008595e-05|1.529345e-11|3.492021e-05|
| 707 |True   |  390  |9.934721e-06|1.003372e-05|1.264566e-11|3.280629e-05|
| 708 |True   |  391  |9.983228e-06|1.008223e-05|1.416701e-11|3.346448e-05|
| 710 |True   |  381  |9.937578e-06|1.005994e-05|1.195003e-11|3.306481e-05|
| 709 |True   |  356  |9.909790e-06|1.012575e-05|1.100917e-11|3.656183e-05|
| 711 |True   |  405  |9.926952e-06|1.003140e-05|1.470547e-11|3.956657e-05|
| 712 |True   |  389  |9.985039e-06|1.008403e-05|2.257971e-11|4.662092e-05|
| 713 |True   |  374  |9.923137e-06|1.011462e-05|1.608185e-11|4.801098e-05|
| 715 |True   |  392  |9.976667e-06|1.007567e-05|1.268004e-11|3.063174e-05|
| 714 |True   |  497  |9.938792e-06|1.017631e-05|1.621119e-11|3.976053e-05|
| 716 |True   |  394  |9.972327e-06|1.007132e-05|1.799589e-11|3.922657e-05|
| 717 |True   |  373  |9.941348e-06|1.009044e-05|1.733589e-11|3.863312e-05|
| 721 |True   |  397  |9.949248e-06|1.004824e-05|1.746189e-11|4.096568e-05|
| 718 |True   |  376  |9.934130e-06|1.006081e-05|3.621397e-11|6.723502e-05|
| 702 |True   | 1338  |9.992447e-06|1.009146e-05|6.662158e-12|1.491601e-05|
| 719 |True   |  392  |9.961334e-06|1.006034e-05|1.266349e-11|3.252834e-05|
| 720 |True   |  367  |9.971706e-06|1.018272e-05|1.650330e-11|4.502759e-05|
| 722 |True   |  362  |9.946921e-06|1.011279e-05|1.538859e-11|4.444615e-05|
| 723 |True   |  402  |9.957031e-06|1.005604e-05|1.551584e-11|3.726885e-05|
| 727 |True   |  397  |9.941810e-06|1.004080e-05|1.955788e-11|4.311986e-05|
| 726 |True   |  400  |9.977905e-06|1.007689e-05|2.641721e-11|5.008081e-05|
| 725 |True   |  387  |9.995926e-06|1.009492e-05|2.033822e-11|4.248268e-05|
| 730 |True   |  363  |9.918901e-06|1.012537e-05|1.054270e-11|3.613955e-05|
| 734 |True   |  384  |9.956657e-06|1.007478e-05|1.745587e-11|4.274819e-05|
| 733 |True   |  392  |9.991458e-06|1.009046e-05|1.335322e-11|3.227819e-05|
| 731 |True   |  488  |9.954346e-06|1.018719e-05|1.539169e-11|4.498006e-05|
| 728 |True   |  607  |9.989023e-06|1.014291e-05|6.586546e-12|1.491443e-05|
| 735 |True   |  356  |9.942710e-06|1.031822e-05|1.956242e-11|6.142060e-05|
| 736 |True   |  472  |9.895349e-06|1.025831e-05|1.792274e-11|4.406511e-05|
| 738 |True   |  390  |9.969186e-06|1.006819e-05|1.332797e-11|3.278206e-05|
| 737 |True   |  393  |9.961501e-06|1.006050e-05|1.500887e-11|3.684778e-05|
| 724 |True   | 1112  |9.984437e-06|1.009167e-05|7.975109e-12|2.156485e-05|
| 729 |True   |  814  |9.995478e-06|1.010740e-05|7.068347e-12|1.513834e-05|
| 740 |True   |  386  |9.975347e-06|1.007434e-05|1.770158e-11|3.877487e-05|
| 741 |True   |  383  |9.955568e-06|1.009281e-05|2.092415e-11|5.023362e-05|
| 743 |True   |  363  |9.905256e-06|1.008790e-05|1.465009e-11|4.421243e-05|
| 746 |True   |  385  |9.995263e-06|1.011281e-05|1.461391e-11|3.712769e-05|
| 744 |True   |  407  |9.956264e-06|1.005526e-05|1.490120e-11|3.695856e-05|
| 748 |True   |  370  |9.998460e-06|1.011371e-05|1.998077e-11|4.380847e-05|
| 739 |True   |  910  |9.977893e-06|1.007690e-05|6.347746e-12|1.491787e-05|
| 745 |True   |  373  |9.935623e-06|1.004731e-05|1.185134e-11|3.247102e-05|
| 747 |True   |  486  |9.972065e-06|1.009974e-05|1.631242e-11|3.767369e-05|
| 751 |True   |  359  |9.943963e-06|1.012928e-05|1.690631e-11|4.523727e-05|
| 749 |True   |  402  |9.940161e-06|1.003916e-05|1.465965e-11|3.690746e-05|
| 750 |True   |  397  |9.956418e-06|1.011796e-05|1.425332e-11|4.093475e-05|
| 754 |True   |  387  |9.945761e-06|1.004475e-05|2.769053e-11|5.440972e-05|
| 752 |True   |  358  |9.909668e-06|1.004760e-05|2.051147e-11|5.317577e-05|
| 742 |True   |  866  |9.865605e-06|1.105660e-05|1.209931e-10|8.848286e-04|
| 732 |True   | 1748  |9.971501e-06|1.091301e-05|8.009415e-10|2.460203e-03|
| 758 |True   |  399  |9.930090e-06|1.002909e-05|1.439752e-11|3.699835e-05|
| 756 |True   |  395  |9.938142e-06|1.003714e-05|1.439129e-11|3.678516e-05|
| 753 |True   |  361  |9.948210e-06|1.016087e-05|1.317060e-11|3.674381e-05|
| 757 |True   |  375  |9.977844e-06|1.010708e-05|2.305489e-11|5.402592e-05|
| 759 |True   |  373  |9.973594e-06|1.012025e-05|1.627682e-11|4.170468e-05|
| 760 |True   |  359  |9.995689e-06|1.017999e-05|1.044973e-11|3.540161e-05|
| 762 |True   |  361  |9.871667e-06|1.014701e-05|1.911801e-11|5.662426e-05|
| 761 |True   |  386  |9.994343e-06|1.010728e-05|1.730960e-11|4.137458e-05|
| 755 |True   |  681  |9.979517e-06|1.016362e-05|3.547077e-12|1.483766e-05|
| 763 |True   |  380  |9.986374e-06|1.008537e-05|1.873430e-11|3.964026e-05|
| 766 |True   |  367  |9.990382e-06|1.022403e-05|1.303696e-11|4.127095e-05|
| 770 |True   |  363  |9.935792e-06|1.011725e-05|1.530525e-11|4.422976e-05|
| 765 |True   |  383  |9.949390e-06|1.008704e-05|1.034853e-11|3.185621e-05|
| 768 |True   |  379  |9.903474e-06|1.009483e-05|1.437168e-11|4.194018e-05|
| 767 |True   |  392  |9.916869e-06|1.011020e-05|1.222018e-11|3.814108e-05|
| 771 |True   |  378  |9.949738e-06|1.005907e-05|1.690456e-11|4.154185e-05|
| 769 |True   |  391  |9.959382e-06|1.006341e-05|1.839052e-11|4.173528e-05|
| 773 |True   |  394  |9.994482e-06|1.009347e-05|2.512981e-11|4.856752e-05|
| 774 |True   |  360  |9.967232e-06|1.010745e-05|1.656722e-11|4.661569e-05|
| 776 |True   |  380  |9.955626e-06|1.006536e-05|1.967620e-11|4.272288e-05|
| 775 |True   |  380  |9.929377e-06|1.004038e-05|1.735795e-11|4.295696e-05|
| 777 |True   |  370  |9.935489e-06|1.011456e-05|1.783839e-11|4.254310e-05|
| 780 |True   |  368  |9.988842e-06|1.013043e-05|1.144112e-11|3.208129e-05|
| 772 |True   |  683  |9.982650e-06|1.014763e-05|1.001018e-11|3.570497e-05|
| 781 |True   |  371  |9.928962e-06|1.009379e-05|1.119534e-11|3.608946e-05|
| 779 |True   |  397  |9.947177e-06|1.004618e-05|1.127865e-11|2.982212e-05|
| 778 |True   |  645  |9.957727e-06|1.005673e-05|1.230607e-11|3.240334e-05|
| 784 |True   |  387  |9.979935e-06|1.007893e-05|1.986760e-11|4.254219e-05|
| 782 |True   |  488  |9.991545e-06|1.029918e-05|9.599141e-12|3.196325e-05|
| 783 |True   |  383  |9.982450e-06|1.013163e-05|1.248213e-11|3.644558e-05|
| 785 |True   |  392  |9.989425e-06|1.008842e-05|1.880408e-11|4.164519e-05|
| 786 |True   |  360  |9.929022e-06|1.013455e-05|1.763200e-11|4.607871e-05|
| 788 |True   |  378  |9.922905e-06|1.010934e-05|1.922990e-11|5.224388e-05|
| 789 |True   |  393  |9.958152e-06|1.005715e-05|1.702495e-11|3.807460e-05|
| 791 |True   |  388  |9.914289e-06|1.009848e-05|1.813786e-11|4.964107e-05|
| 790 |True   |  384  |9.916795e-06|1.004727e-05|2.330369e-11|5.695501e-05|
| 793 |True   |  369  |9.929655e-06|1.008912e-05|1.451132e-11|4.283002e-05|
| 792 |True   |  398  |9.933066e-06|1.003206e-05|1.425159e-11|3.510588e-05|
| 795 |True   |  374  |9.980642e-06|1.011140e-05|1.515510e-11|3.981843e-05|
| 796 |True   |  390  |9.948338e-06|1.004734e-05|1.194413e-11|3.207147e-05|
| 764 |True   | 1933  |9.988605e-06|1.008761e-05|8.502111e-12|2.195173e-05|
| 798 |True   |  384  |9.963315e-06|1.006230e-05|2.824297e-11|5.484642e-05|
| 801 |True   |  357  |9.992471e-06|1.018622e-05|1.257333e-11|3.740211e-05|
| 797 |True   |  390  |9.956439e-06|1.005544e-05|1.541126e-11|3.722656e-05|
| 800 |True   |  390  |9.951032e-06|1.005003e-05|2.023933e-11|4.335409e-05|
| 799 |True   |  393  |9.996216e-06|1.009521e-05|1.772989e-11|3.896872e-05|
| 803 |True   |  355  |9.918649e-06|1.021231e-05|9.558508e-12|4.000648e-05|
| 787 |True   | 1216  |9.965355e-06|1.013822e-05|2.830321e-12|1.481470e-05|
| 804 |True   |  375  |9.980703e-06|1.014938e-05|1.385291e-11|3.703573e-05|
| 805 |True   |  380  |9.909266e-06|1.006692e-05|1.703245e-11|4.831544e-05|
| 802 |True   |  614  |9.976308e-06|1.007531e-05|1.015850e-11|2.712058e-05|
| 810 |True   |  384  |9.927119e-06|1.004281e-05|1.652874e-11|4.269179e-05|
| 806 |True   |  470  |9.932054e-06|1.011850e-05|1.085750e-11|3.342398e-05|
| 807 |True   |  591  |9.998600e-06|1.010129e-05|1.042906e-11|2.223545e-05|
| 808 |True   |  399  |9.954150e-06|1.005314e-05|2.444352e-11|5.064602e-05|
| 809 |True   |  489  |9.973882e-06|1.016486e-05|5.362686e-12|2.664533e-05|
| 794 |True   | 1350  |9.980674e-06|1.007968e-05|6.377052e-12|1.490742e-05|
| 811 |True   |  405  |9.968195e-06|1.006719e-05|2.199126e-11|4.640945e-05|
| 812 |True   |  384  |9.983819e-06|1.008282e-05|1.238097e-11|3.049675e-05|
| 813 |True   |  384  |9.989689e-06|1.008869e-05|1.302076e-11|3.221779e-05|
| 815 |True   |  364  |9.966171e-06|1.027086e-05|1.678320e-11|5.115724e-05|
| 816 |True   |  497  |9.921491e-06|1.002651e-05|2.328956e-11|5.046821e-05|
| 817 |True   |  387  |9.966454e-06|1.006545e-05|2.170600e-11|4.552989e-05|
| 818 |True   |  372  |9.971020e-06|1.011491e-05|1.518254e-11|4.015493e-05|
| 822 |True   |  387  |9.968529e-06|1.008701e-05|1.735133e-11|3.940417e-05|
| 819 |True   |  402  |9.972804e-06|1.007180e-05|1.286787e-11|3.234452e-05|
| 814 |True   |  805  |9.977561e-06|1.007657e-05|6.300316e-12|1.490611e-05|
| 820 |True   |  392  |9.958759e-06|1.005775e-05|2.119132e-11|4.601798e-05|
| 821 |True   |  369  |9.999669e-06|1.014580e-05|1.626770e-11|4.389461e-05|
| 823 |True   |  387  |9.942782e-06|1.004178e-05|1.843869e-11|4.208151e-05|
| 824 |True   |  391  |9.990785e-06|1.008978e-05|1.724871e-11|3.787806e-05|
| 825 |True   |  385  |9.941286e-06|1.005296e-05|1.656865e-11|3.890568e-05|
| 826 |True   |  396  |9.959193e-06|1.005819e-05|1.843549e-11|4.182612e-05|
| 827 |True   |  356  |9.933085e-06|1.012595e-05|1.312545e-11|4.034019e-05|
| 828 |True   |  375  |9.932182e-06|1.005779e-05|1.153044e-11|3.224215e-05|
| 829 |True   |  369  |9.979401e-06|1.014176e-05|1.489094e-11|4.103915e-05|
| 832 |True   |  356  |9.961730e-06|1.022682e-05|1.128368e-11|3.973837e-05|
| 833 |True   |  354  |9.937385e-06|1.013364e-05|1.019903e-11|3.167756e-05|
| 830 |True   |  389  |9.990254e-06|1.008926e-05|1.050496e-11|2.712586e-05|
| 831 |True   |  382  |9.972087e-06|1.012441e-05|2.110594e-11|5.161760e-05|
| 835 |True   |  365  |9.971899e-06|1.012722e-05|2.102811e-11|5.222410e-05|
| 837 |True   |  380  |9.981428e-06|1.017431e-05|1.267920e-11|3.644315e-05|
| 838 |True   |  361  |9.881105e-06|1.008783e-05|1.665811e-11|4.905140e-05|
| 839 |True   |  387  |9.994309e-06|1.009330e-05|1.771031e-11|3.822079e-05|
| 841 |True   |  356  |9.997922e-06|1.021223e-05|1.639724e-11|4.780917e-05|
| 836 |True   |  483  |9.983145e-06|1.012928e-05|5.257047e-12|2.149249e-05|
| 840 |True   |  400  |9.978319e-06|1.010950e-05|2.871155e-11|5.732487e-05|
| 842 |True   |  369  |9.956470e-06|1.009653e-05|1.528342e-11|4.354696e-05|
| 844 |True   |  371  |9.897274e-06|1.004441e-05|2.302894e-11|5.467669e-05|
| 843 |True   |  390  |9.943424e-06|1.004242e-05|1.183441e-11|3.207474e-05|
| 846 |True   |  365  |9.934526e-06|1.011250e-05|1.556251e-11|4.504423e-05|
| 847 |True   |  363  |9.923136e-06|1.002312e-05|2.435375e-11|5.010520e-05|
| 845 |True   |  361  |9.999380e-06|1.034188e-05|1.954181e-11|5.610178e-05|
| 834 |True   | 1008  |9.970954e-06|1.018056e-05|4.086644e-12|2.133509e-05|
| 848 |True   |  473  |9.946405e-06|1.013971e-05|2.066857e-11|5.601572e-05|
| 852 |True   |  374  |9.977480e-06|1.008730e-05|1.406570e-11|3.677915e-05|
| 851 |True   |  359  |9.936416e-06|1.009537e-05|1.634357e-11|4.500886e-05|
| 850 |True   |  395  |9.917082e-06|1.002132e-05|1.910561e-11|4.570015e-05|
| 849 |True   |  360  |9.944660e-06|1.006875e-05|2.681221e-11|5.854050e-05|
| 853 |True   |  403  |9.997133e-06|1.009613e-05|1.929014e-11|4.005751e-05|
| 854 |True   |  362  |9.979202e-06|1.009135e-05|9.106799e-12|2.830376e-05|
| 855 |True   |  368  |9.938173e-06|1.011625e-05|1.943820e-11|5.220495e-05|
| 857 |True   |  361  |9.915637e-06|1.007384e-05|1.853858e-11|4.948085e-05|
| 856 |True   |  373  |9.951691e-06|1.008569e-05|1.635409e-11|4.301283e-05|
| 858 |True   |  391  |9.990553e-06|1.009086e-05|1.831614e-11|4.164807e-05|
| 860 |True   |  364  |9.977946e-06|1.023852e-05|2.479841e-11|6.044195e-05|
| 861 |True   |  395  |9.975273e-06|1.007427e-05|1.277647e-11|3.241964e-05|
| 859 |True   |  400  |9.919394e-06|1.024067e-05|3.933655e-12|2.465965e-05|
| 864 |True   |  359  |9.951909e-06|1.012796e-05|1.134024e-11|3.215856e-05|
| 862 |True   |  377  |9.929436e-06|1.008690e-05|1.258905e-11|3.991284e-05|
| 863 |True   |  388  |9.961367e-06|1.006036e-05|2.533440e-11|4.932511e-05|
| 866 |True   |  387  |9.958500e-06|1.006549e-05|2.721170e-11|5.141602e-05|
| 867 |True   |  376  |9.970976e-06|1.009817e-05|1.923847e-11|4.622875e-05|
| 865 |True   |  399  |9.969261e-06|1.006826e-05|1.650249e-11|3.789105e-05|
| 868 |True   |  362  |9.980862e-06|1.025485e-05|1.815040e-11|5.092776e-05|
| 869 |True   |  390  |9.999158e-06|1.009816e-05|1.514492e-11|3.442508e-05|
| 870 |True   |  359  |9.921533e-06|1.015192e-05|1.181586e-11|3.982364e-05|
| 871 |True   |  384  |9.954581e-06|1.014783e-05|1.124695e-11|3.267940e-05|
| 872 |True   |  398  |9.999492e-06|1.009848e-05|2.838578e-11|5.162783e-05|
| 874 |True   |  361  |9.942898e-06|1.008354e-05|1.363152e-11|3.716566e-05|
| 873 |True   |  364  |9.989186e-06|1.024522e-05|1.701424e-11|5.065894e-05|
| 875 |True   |  384  |9.978724e-06|1.007772e-05|1.521708e-11|3.555521e-05|
| 876 |True   |  376  |9.988655e-06|1.008766e-05|1.474970e-11|3.345490e-05|
| 877 |True   |  384  |9.929050e-06|1.008323e-05|1.457064e-11|3.702203e-05|
| 878 |True   |  395  |9.918270e-06|1.001727e-05|1.697232e-11|4.155173e-05|
| 879 |True   |  377  |9.990680e-06|1.011271e-05|1.755043e-11|4.511605e-05|
| 881 |True   |  389  |9.913095e-06|1.006040e-05|1.893157e-11|4.299758e-05|
| 884 |True   |  361  |9.931620e-06|1.014063e-05|1.220549e-11|3.786900e-05|
| 882 |True   |  592  |9.969657e-06|1.032677e-05|4.861657e-12|2.641004e-05|
| 886 |True   |  399  |9.935074e-06|1.003407e-05|1.557128e-11|3.769242e-05|
| 885 |True   |  408  |9.995017e-06|1.009401e-05|2.277911e-11|4.669139e-05|
| 880 |True   |  702  |9.962186e-06|1.016938e-05|6.823063e-12|1.518266e-05|
| 889 |True   |  384  |9.948677e-06|1.014408e-05|1.953187e-11|4.294663e-05|
| 888 |True   |  356  |9.953370e-06|1.017683e-05|2.074840e-11|5.318640e-05|
| 891 |True   |  389  |9.980883e-06|1.007988e-05|1.562804e-11|3.717524e-05|
| 890 |True   |  471  |9.943459e-06|1.020292e-05|1.304242e-11|4.369926e-05|
| 887 |True   |  596  |9.973256e-06|1.007226e-05|6.194519e-12|1.490386e-05|
| 892 |True   |  407  |9.971619e-06|1.007062e-05|1.256953e-11|3.220662e-05|
| 883 |True   |  798  |9.970772e-06|1.015798e-05|3.165944e-12|1.480449e-05|
| 893 |True   |  370  |9.958163e-06|1.007121e-05|2.004684e-11|4.677130e-05|
| 898 |True   |  388  |9.989381e-06|1.008837e-05|2.513145e-11|4.997828e-05|
| 896 |True   |  363  |9.909769e-06|1.008426e-05|1.326248e-11|4.382852e-05|
| 894 |True   |  359  |9.972589e-06|1.016435e-05|8.671993e-12|3.128037e-05|
| 895 |True   |  370  |9.916692e-06|1.011343e-05|1.530180e-11|4.778562e-05|
| 897 |True   |  368  |9.949106e-06|1.014267e-05|2.318099e-11|5.679913e-05|
| 899 |True   |  397  |9.983903e-06|1.008290e-05|1.285083e-11|3.216077e-05|
| 903 |True   |  360  |9.958560e-06|1.014155e-05|1.389621e-11|4.037314e-05|
| 901 |True   |  367  |9.907420e-06|1.002944e-05|1.933907e-11|4.919842e-05|
| 902 |True   |  389  |9.997874e-06|1.009686e-05|2.318400e-11|4.668634e-05|
| 900 |True   |  510  |9.933966e-06|1.003296e-05|1.721291e-11|4.130479e-05|
| 904 |True   |  391  |9.953778e-06|1.005278e-05|1.459997e-11|3.406619e-05|
| 905 |True   |  391  |9.970010e-06|1.006901e-05|1.540949e-11|3.699367e-05|
| 906 |True   |  358  |9.979212e-06|1.014301e-05|1.837663e-11|4.861144e-05|
| 908 |True   |  382  |9.975057e-06|1.008288e-05|2.308130e-11|4.892559e-05|
| 909 |True   |  381  |9.915662e-06|1.001466e-05|1.826896e-11|4.256452e-05|
| 910 |True   |  375  |9.913825e-06|1.018186e-05|1.471857e-11|5.072418e-05|
| 907 |True   |  387  |9.939008e-06|1.003801e-05|1.751953e-11|4.149206e-05|
| 911 |True   |  363  |9.934471e-06|1.006853e-05|2.229415e-11|5.390846e-05|
| 912 |True   |  377  |9.924113e-06|1.003288e-05|1.751090e-11|4.309057e-05|
| 915 |True   |  354  |9.986830e-06|1.015441e-05|1.165593e-11|3.794494e-05|
| 913 |True   |  388  |9.964459e-06|1.013628e-05|1.989524e-11|4.991444e-05|
| 917 |True   |  385  |9.928789e-06|1.011239e-05|1.669778e-10|1.882620e-04|
| 916 |True   |  365  |9.901174e-06|1.006476e-05|1.676052e-11|4.826113e-05|
| 920 |True   |  363  |9.980101e-06|1.010654e-05|1.280547e-11|3.618201e-05|
| 918 |True   |  394  |9.938378e-06|1.007379e-05|1.389971e-11|4.058369e-05|
| 919 |True   |  384  |9.990264e-06|1.010685e-05|9.943292e-12|2.711967e-05|
| 921 |True   |  367  |9.936195e-06|1.008244e-05|1.012998e-11|3.224254e-05|
| 923 |True   |  352  |9.958103e-06|1.017542e-05|1.044210e-11|3.211792e-05|
| 914 |True   |  693  |9.971692e-06|1.007282e-05|6.156149e-12|1.490298e-05|
| 922 |True   |  387  |9.911124e-06|1.004610e-05|1.800874e-11|4.874442e-05|
| 924 |True   |  403  |9.916420e-06|1.001542e-05|1.703297e-11|4.153972e-05|
| 925 |True   |  392  |9.962164e-06|1.006116e-05|2.123760e-11|4.611327e-05|
| 927 |True   |  373  |9.972999e-06|1.012727e-05|1.590738e-11|4.446382e-05|
| 928 |True   |  396  |9.974721e-06|1.007372e-05|1.105191e-11|2.786464e-05|
| 926 |True   |  371  |9.929055e-06|1.002806e-05|1.523170e-11|3.734146e-05|
| 929 |True   |  380  |9.924056e-06|1.006271e-05|1.371966e-11|4.044170e-05|
| 933 |True   |  363  |9.990049e-06|1.017005e-05|1.567638e-11|4.150594e-05|
| 932 |True   |  397  |9.972882e-06|1.007188e-05|1.407135e-11|3.345336e-05|
| 931 |True   |  357  |9.977595e-06|1.012642e-05|1.553049e-11|4.445335e-05|
| 935 |True   |  372  |9.965596e-06|1.011691e-05|1.197931e-11|3.602929e-05|
| 930 |True   |  583  |9.930777e-06|1.014215e-05|1.473063e-11|4.087626e-05|
| 936 |True   |  359  |9.988173e-06|1.011587e-05|1.649783e-11|4.288944e-05|
| 934 |True   |  383  |9.985020e-06|1.008712e-05|2.538647e-11|5.121457e-05|
| 937 |True   |  364  |9.992090e-06|1.015366e-05|1.505109e-11|4.423328e-05|
| 938 |True   |  396  |9.942167e-06|1.004117e-05|1.503845e-11|3.724574e-05|
| 940 |True   |  363  |9.970543e-06|1.006955e-05|1.580044e-11|3.727162e-05|
| 943 |True   |  358  |9.950734e-06|1.011056e-05|1.817469e-11|4.903609e-05|
| 941 |True   |  394  |9.945499e-06|1.004450e-05|1.223764e-11|3.127615e-05|
| 942 |True   |  385  |9.950239e-06|1.005799e-05|1.647925e-11|4.116467e-05|
| 939 |True   |  387  |9.958713e-06|1.006085e-05|2.407251e-11|4.971424e-05|
| 944 |True   |  378  |9.932170e-06|1.008747e-05|1.227126e-11|3.631031e-05|
| 946 |True   |  367  |9.930550e-06|1.012162e-05|1.740539e-11|4.916459e-05|
| 945 |True   |  373  |9.975471e-06|1.007642e-05|1.807398e-11|4.140961e-05|
| 948 |True   |  380  |9.953809e-06|1.008724e-05|1.211314e-11|3.611336e-05|
| 950 |True   |  397  |9.961665e-06|1.006066e-05|1.623804e-11|3.768207e-05|
| 947 |True   |  401  |9.974751e-06|1.007375e-05|1.882542e-11|3.987412e-05|
| 951 |True   |  391  |9.990732e-06|1.008973e-05|1.895111e-11|4.163402e-05|
| 949 |True   |  388  |9.920514e-06|1.008639e-05|2.268837e-11|5.601185e-05|
| 952 |True   |  383  |9.928922e-06|1.005573e-05|1.986390e-11|4.423794e-05|
| 955 |True   |  399  |9.916804e-06|1.001579e-05|2.604165e-11|5.255724e-05|
| 954 |True   |  357  |9.956850e-06|1.013159e-05|1.500599e-11|4.254705e-05|
| 956 |True   |  387  |9.885077e-06|1.014507e-05|1.501051e-11|4.803984e-05|
| 958 |True   |  384  |9.938345e-06|1.004095e-05|1.829882e-11|4.259607e-05|
| 959 |True   |  362  |9.973155e-06|1.010550e-05|1.630166e-11|4.158818e-05|
| 957 |True   |  478  |9.929089e-06|1.009583e-05|9.340714e-12|3.174064e-05|
| 960 |True   |  389  |9.921763e-06|1.005566e-05|2.059901e-11|4.625960e-05|
| 962 |True   |  365  |9.953978e-06|1.014327e-05|1.256616e-11|3.532232e-05|
| 963 |True   |  392  |9.934381e-06|1.003338e-05|1.638254e-11|3.918427e-05|
| 961 |True   |  363  |9.979353e-06|1.015364e-05|1.079916e-11|3.189073e-05|
| 965 |True   |  384  |9.972387e-06|1.008709e-05|2.175382e-11|4.982906e-05|
| 964 |True   |  395  |9.968592e-06|1.006758e-05|2.462995e-11|5.007838e-05|
| 967 |True   |  362  |9.949989e-06|1.010508e-05|1.329121e-11|3.933565e-05|
| 953 |True   | 1077  |9.962737e-06|1.006174e-05|7.650137e-12|2.158905e-05|
| 966 |True   |  399  |9.971062e-06|1.007006e-05|1.465090e-11|3.506839e-05|
| 968 |True   |  392  |9.954667e-06|1.009518e-05|1.214895e-11|3.608546e-05|
| 971 |True   |  364  |9.939738e-06|1.010675e-05|1.395416e-11|4.349322e-05|
| 969 |True   |  399  |9.981752e-06|1.008075e-05|1.424815e-11|3.264547e-05|
| 970 |True   |  379  |9.936252e-06|1.013485e-05|7.874484e-12|2.687917e-05|
| 972 |True   |  353  |9.965241e-06|1.023259e-05|9.182024e-12|2.739364e-05|
| 973 |True   |  396  |9.989899e-06|1.009960e-05|1.528533e-11|3.733066e-05|
| 975 |True   |  369  |9.900473e-06|1.007788e-05|1.756923e-11|5.185873e-05|
| 974 |True   |  404  |9.986593e-06|1.008559e-05|1.327042e-11|3.258323e-05|
| 977 |True   |  350  |9.968810e-06|1.030605e-05|9.003298e-12|3.889727e-05|
| 976 |True   |  393  |9.932387e-06|1.004205e-05|1.533984e-11|3.961434e-05|
| 978 |True   |  365  |9.943949e-06|1.019820e-05|9.953765e-12|3.095909e-05|
| 982 |True   |  384  |9.909078e-06|1.018793e-05|1.400030e-11|4.862454e-05|
| 980 |True   |  361  |9.849033e-06|1.009087e-05|2.008528e-11|5.931585e-05|
| 979 |True   |  360  |9.942637e-06|1.012134e-05|1.470071e-11|4.909801e-05|
| 981 |True   |  365  |9.952191e-06|1.011017e-05|2.024365e-11|4.412875e-05|
| 985 |True   |  364  |9.937558e-06|1.003655e-05|1.732077e-11|4.133001e-05|
| 983 |True   |  385  |9.980343e-06|1.009890e-05|1.762371e-11|4.241048e-05|
| 984 |True   |  400  |9.966702e-06|1.006569e-05|2.478395e-11|5.031671e-05|
| 988 |True   |  364  |9.869929e-06|1.014797e-05|2.290442e-11|5.391040e-05|
| 987 |True   |  387  |9.983996e-06|1.010945e-05|1.787034e-11|3.962022e-05|
| 991 |True   |  375  |9.927459e-06|1.006587e-05|1.808028e-11|4.877307e-05|
| 986 |True   |  485  |9.971131e-06|1.009274e-05|8.009165e-12|2.297281e-05|
| 990 |True   |  388  |9.984191e-06|1.011677e-05|1.042278e-11|2.732718e-05|
| 993 |True   |  396  |9.958939e-06|1.005793e-05|2.485598e-11|5.003671e-05|
| 989 |True   |  675  |9.953642e-06|1.018263e-05|3.943012e-10|7.039295e-04|
| 995 |True   |  362  |9.875075e-06|1.009113e-05|1.557348e-11|4.431852e-05|
| 992 |True   |  374  |9.927700e-06|1.003191e-05|1.394228e-11|3.701611e-05|
| 994 |True   |  384  |9.944724e-06|1.005507e-05|1.125027e-11|3.198339e-05|
| 996 |True   |  406  |9.960887e-06|1.005988e-05|1.806834e-11|4.162347e-05|
| 997 |True   |  399  |9.949193e-06|1.004819e-05|1.777747e-11|3.920370e-05|
| 998 |True   |  399  |9.941170e-06|1.004016e-05|2.045578e-11|4.553385e-05|
| 999 |True   |  404  |9.981612e-06|1.008060e-05|2.528977e-11|5.068972e-05|
