|seed |success|  nit  |  mu_check  |   mu_sum   |   G_norm   | step_norm  |
|  1  |True   |  361  |9.828847e-06|1.019130e-05|3.812095e-11|5.365986e-05|
|  6  |True   |  355  |9.953359e-06|1.039077e-05|3.916867e-11|5.936772e-05|
|  3  |True   |  368  |9.927684e-06|1.026357e-05|3.240105e-11|4.726137e-05|
|  4  |True   |  366  |9.868957e-06|1.010615e-05|4.036198e-11|4.976730e-05|
|  2  |True   |  358  |9.941212e-06|1.019902e-05|2.114498e-11|3.525061e-05|
|  5  |True   |  358  |9.968018e-06|1.023665e-05|4.804608e-11|5.802623e-05|
|  7  |True   |  383  |9.867865e-06|1.006387e-05|7.878608e-11|7.417812e-05|
|  9  |True   |  361  |9.852007e-06|1.019128e-05|3.301037e-11|4.763537e-05|
| 10  |True   |  356  |9.830314e-06|1.020342e-05|3.304276e-11|4.750422e-05|
|  8  |True   |  374  |9.993928e-06|1.039852e-05|4.712331e-11|4.798399e-05|
| 12  |True   |  355  |9.868145e-06|1.019859e-05|2.312620e-11|3.589080e-05|
| 11  |True   |  406  |9.947605e-06|1.014366e-05|3.131472e-11|3.608811e-05|
|  0  |True   |  570  |9.982024e-06|1.051185e-05|1.125159e-11|2.871296e-05|
| 15  |True   |  361  |9.843258e-06|1.020932e-05|3.425205e-11|4.733732e-05|
| 14  |True   |  391  |9.855605e-06|1.005165e-05|4.095113e-11|4.244855e-05|
| 13  |True   |  380  |9.932889e-06|1.015101e-05|4.233909e-11|4.668670e-05|
| 18  |True   |  372  |9.834056e-06|1.007244e-05|4.059339e-11|5.052400e-05|
| 22  |True   |  372  |9.900650e-06|1.020095e-05|3.432311e-11|4.590349e-05|
| 21  |True   |  378  |9.934400e-06|1.023248e-05|2.459536e-11|3.569282e-05|
| 19  |True   |  390  |9.897463e-06|1.009351e-05|3.981339e-11|4.438792e-05|
| 23  |True   |  372  |9.927708e-06|1.015022e-05|2.058563e-11|2.969315e-05|
| 17  |True   |  488  |9.923538e-06|1.014632e-05|5.320512e-11|5.937241e-05|
| 25  |True   |  380  |9.896346e-06|1.024568e-05|2.561280e-11|3.124385e-05|
| 24  |True   |  666  |9.906119e-06|1.113592e-05|1.468695e-11|2.754830e-05|
| 16  |True   |  731  |9.984035e-06|1.049269e-05|2.053104e-11|3.492369e-05|
| 26  |True   |  360  |9.921022e-06|1.033570e-05|1.762028e-11|2.888345e-05|
| 27  |True   |  359  |9.920257e-06|1.016565e-05|5.679402e-11|6.366047e-05|
| 30  |True   |  357  |9.876918e-06|1.036435e-05|3.007079e-11|4.720988e-05|
| 28  |True   |  386  |9.970292e-06|1.016635e-05|3.259184e-11|3.721947e-05|
| 31  |True   |  367  |9.926203e-06|1.019460e-05|2.929492e-11|4.160745e-05|
| 29  |True   |  357  |9.928942e-06|1.044018e-05|3.788390e-11|4.863276e-05|
| 33  |True   |  376  |9.927865e-06|1.018032e-05|3.106803e-11|3.748774e-05|
| 32  |True   |  385  |9.956077e-06|1.015210e-05|6.106124e-11|5.988735e-05|
| 34  |True   |  379  |9.923782e-06|1.013928e-05|2.315601e-11|3.027964e-05|
| 35  |True   |  397  |9.928669e-06|1.012473e-05|2.397755e-11|3.015259e-05|
| 36  |True   |  367  |9.972216e-06|1.023677e-05|3.565896e-11|4.816697e-05|
| 37  |True   |  395  |9.951486e-06|1.014755e-05|1.995893e-11|2.157132e-05|
| 20  |True   | 1462  |9.955012e-06|1.017353e-05|1.760674e-11|2.333709e-05|
| 38  |True   |  348  |9.828085e-06|1.059577e-05|1.718580e-11|2.953900e-05|
| 41  |True   |  363  |9.966757e-06|1.045813e-05|3.341706e-11|4.927368e-05|
| 39  |True   |  398  |9.925417e-06|1.012148e-05|2.382552e-11|3.006598e-05|
| 40  |True   |  385  |9.866005e-06|1.006205e-05|3.690758e-11|4.340014e-05|
| 44  |True   |  360  |9.797286e-06|1.032885e-05|1.955341e-11|4.006959e-05|
| 43  |True   |  362  |9.829702e-06|1.024118e-05|4.998365e-11|6.481066e-05|
| 45  |True   |  373  |9.947962e-06|1.018702e-05|3.164326e-11|3.680062e-05|
| 42  |True   |  401  |9.896326e-06|1.009236e-05|4.945586e-11|5.200990e-05|
| 46  |True   |  391  |9.945268e-06|1.014134e-05|1.443561e-11|1.587529e-05|
| 47  |True   |  362  |9.884386e-06|1.044358e-05|2.560884e-11|4.594911e-05|
| 48  |True   |  352  |9.840723e-06|1.034942e-05|2.609664e-11|4.105852e-05|
| 49  |True   |  470  |9.964200e-06|1.075835e-05|4.829838e-11|5.997391e-05|
| 50  |True   |  382  |9.980002e-06|1.017653e-05|2.037524e-11|2.376589e-05|
| 51  |True   |  378  |9.940472e-06|1.027985e-05|5.053168e-11|5.212547e-05|
| 52  |True   |  365  |9.881290e-06|1.036467e-05|4.934466e-11|7.326875e-05|
| 54  |True   |  365  |9.943591e-06|1.025586e-05|4.288983e-11|5.545926e-05|
| 57  |True   |  367  |9.936294e-06|1.031653e-05|2.518167e-11|3.560354e-05|
| 55  |True   |  375  |9.871544e-06|1.012367e-05|5.455115e-11|6.349967e-05|
| 53  |True   |  386  |9.904057e-06|1.010010e-05|4.019232e-11|4.459484e-05|
| 58  |True   |  382  |9.855013e-06|1.012206e-05|5.472968e-11|5.771787e-05|
| 59  |True   |  392  |9.913669e-06|1.010972e-05|3.898558e-11|4.318251e-05|
| 60  |True   |  389  |9.962267e-06|1.015832e-05|3.221069e-11|3.693752e-05|
| 61  |True   |  372  |9.918878e-06|1.011494e-05|3.035924e-11|3.420185e-05|
| 62  |True   |  355  |9.916915e-06|1.011296e-05|4.494005e-11|4.696907e-05|
| 64  |True   |  382  |9.844075e-06|1.004011e-05|4.589245e-11|4.904623e-05|
| 65  |True   |  350  |9.913058e-06|1.047964e-05|2.734883e-11|4.203789e-05|
| 67  |True   |  362  |9.889017e-06|1.014123e-05|3.844830e-11|4.976967e-05|
| 69  |True   |  358  |9.873693e-06|1.012513e-05|4.780483e-11|6.012909e-05|
| 66  |True   |  383  |9.929780e-06|1.012580e-05|6.272342e-11|6.079480e-05|
| 70  |True   |  358  |9.897233e-06|1.025597e-05|1.018216e-11|2.267131e-05|
| 68  |True   |  358  |9.949753e-06|1.017380e-05|2.175498e-11|2.969995e-05|
| 63  |True   |  596  |9.954935e-06|1.015100e-05|1.896793e-11|2.343310e-05|
| 71  |True   |  365  |9.837065e-06|1.041269e-05|2.193521e-11|3.596412e-05|
| 72  |True   |  370  |9.983523e-06|1.033144e-05|4.285570e-11|4.531873e-05|
| 73  |True   |  393  |9.967132e-06|1.016317e-05|4.264163e-11|4.451187e-05|
| 74  |True   |  392  |9.949145e-06|1.014520e-05|3.211240e-11|3.744759e-05|
| 75  |True   |  380  |9.956657e-06|1.015671e-05|4.026550e-11|4.422501e-05|
| 76  |True   |  351  |9.931401e-06|1.026897e-05|3.438646e-11|4.822390e-05|
| 79  |True   |  365  |9.873319e-06|1.020508e-05|3.694234e-11|4.994029e-05|
| 78  |True   |  384  |9.942351e-06|1.015678e-05|4.383298e-11|4.813747e-05|
| 56  |True   | 1516  |9.992105e-06|1.066653e-05|6.685580e-10|2.879181e-03|
| 81  |True   |  384  |9.912462e-06|1.010851e-05|3.690510e-11|4.140690e-05|
| 82  |True   |  352  |9.928035e-06|1.035649e-05|2.359635e-11|3.167253e-05|
| 77  |True   |  474  |9.899169e-06|1.018659e-05|5.235171e-11|5.868455e-05|
| 80  |True   |  382  |9.867010e-06|1.011046e-05|3.694784e-11|4.355825e-05|
| 84  |True   |  367  |9.963470e-06|1.027803e-05|4.996503e-11|6.215598e-05|
| 83  |True   |  368  |9.967913e-06|1.029561e-05|2.106099e-11|3.542645e-05|
| 85  |True   |  359  |9.882881e-06|1.007896e-05|2.550965e-11|3.144951e-05|
| 86  |True   |  350  |9.947326e-06|1.054458e-05|2.909641e-11|3.870899e-05|
| 88  |True   |  360  |9.840272e-06|1.021550e-05|4.550510e-11|6.048649e-05|
| 87  |True   |  350  |9.813443e-06|1.041106e-05|3.520730e-11|5.943757e-05|
| 89  |True   |  389  |9.993405e-06|1.018947e-05|2.249460e-11|2.486545e-05|
| 90  |True   |  381  |9.913457e-06|1.035180e-05|3.821790e-11|4.361277e-05|
| 93  |True   |  350  |9.948248e-06|1.042816e-05|2.256436e-11|4.016796e-05|
| 91  |True   |  399  |9.941105e-06|1.013713e-05|5.657872e-11|5.593331e-05|
| 94  |True   |  379  |9.989742e-06|1.018580e-05|3.329906e-11|3.727396e-05|
| 95  |True   |  376  |9.930252e-06|1.012753e-05|3.258978e-11|3.744480e-05|
| 97  |True   |  379  |9.873652e-06|1.006971e-05|3.103415e-11|3.750435e-05|
| 96  |True   |  352  |9.899199e-06|1.021016e-05|2.571662e-11|3.624421e-05|
| 98  |True   |  355  |9.953078e-06|1.029192e-05|3.739752e-11|4.564889e-05|
| 99  |True   |  365  |9.868001e-06|1.017820e-05|2.835291e-11|4.221317e-05|
| 100 |True   |  345  |9.861600e-06|1.056045e-05|3.270938e-11|5.390964e-05|
| 101 |True   |  392  |9.900546e-06|1.011974e-05|4.634276e-11|5.199310e-05|
| 102 |True   |  390  |9.978095e-06|1.020268e-05|2.937389e-11|3.691955e-05|
| 103 |True   |  368  |9.910335e-06|1.025888e-05|2.912394e-11|4.264640e-05|
| 105 |True   |  388  |9.909917e-06|1.010598e-05|3.056721e-11|3.684090e-05|
| 104 |True   |  376  |9.992248e-06|1.023238e-05|4.467541e-11|5.043319e-05|
| 92  |True   | 1026  |9.927249e-06|1.012331e-05|2.396404e-11|3.020927e-05|
| 107 |True   |  358  |9.882777e-06|1.032197e-05|4.102615e-11|5.614374e-05|
| 110 |True   |  368  |9.854167e-06|1.013575e-05|3.025702e-11|3.887006e-05|
| 108 |True   |  356  |9.980054e-06|1.031594e-05|2.617645e-11|3.803647e-05|
| 111 |True   |  381  |9.958743e-06|1.015478e-05|4.939067e-11|5.115565e-05|
| 109 |True   |  384  |9.878854e-06|1.007491e-05|3.280480e-11|3.839643e-05|
| 112 |True   |  359  |9.928959e-06|1.024720e-05|4.126251e-11|5.277468e-05|
| 114 |True   |  396  |9.896540e-06|1.009260e-05|3.005141e-11|3.695106e-05|
| 113 |True   |  389  |9.967179e-06|1.018652e-05|4.836841e-11|5.177387e-05|
| 115 |True   |  377  |9.865922e-06|1.006195e-05|5.542060e-11|5.784033e-05|
| 116 |True   |  393  |9.865249e-06|1.006130e-05|3.679573e-11|4.335360e-05|
| 106 |True   | 1013  |9.991099e-06|1.023064e-05|1.979307e-11|2.347818e-05|
| 118 |True   |  374  |9.956450e-06|1.034725e-05|3.496157e-11|4.793632e-05|
| 117 |True   |  366  |9.923002e-06|1.020863e-05|3.714513e-11|4.969052e-05|
| 119 |True   |  380  |9.944569e-06|1.014065e-05|3.207318e-11|3.725846e-05|
| 120 |True   |  366  |9.897561e-06|1.021128e-05|2.687249e-11|3.175224e-05|
| 121 |True   |  357  |9.815486e-06|1.027692e-05|3.028623e-11|4.685349e-05|
| 123 |True   |  371  |9.923571e-06|1.015075e-05|1.697324e-11|2.322486e-05|
| 122 |True   |  389  |9.916691e-06|1.012979e-05|2.848041e-11|3.656644e-05|
| 124 |True   |  392  |9.868337e-06|1.006437e-05|5.050271e-11|5.256554e-05|
| 125 |True   |  386  |9.846619e-06|1.004266e-05|4.490412e-11|5.036294e-05|
| 126 |True   |  384  |9.855308e-06|1.005134e-05|5.545664e-11|5.805520e-05|
| 127 |True   |  370  |9.885972e-06|1.008203e-05|2.976753e-11|3.703849e-05|
| 130 |True   |  382  |9.905766e-06|1.010183e-05|2.478938e-11|3.070704e-05|
| 128 |True   |  388  |9.866658e-06|1.006271e-05|3.179365e-11|3.794573e-05|
| 129 |True   |  391  |9.981036e-06|1.021116e-05|4.343127e-11|4.682970e-05|
| 131 |True   |  380  |9.894650e-06|1.012855e-05|2.595912e-11|3.304646e-05|
| 136 |True   |  355  |9.911435e-06|1.043456e-05|2.703165e-11|3.663832e-05|
| 133 |True   |  395  |9.952822e-06|1.014886e-05|4.009939e-11|4.388267e-05|
| 132 |True   |  376  |9.859042e-06|1.005509e-05|4.862295e-11|5.199960e-05|
| 134 |True   |  396  |9.949436e-06|1.014550e-05|1.941187e-11|2.358854e-05|
| 135 |True   |  391  |9.965333e-06|1.016139e-05|2.569563e-11|3.069864e-05|
| 137 |True   |  380  |9.936126e-06|1.021496e-05|4.502243e-11|5.664934e-05|
| 138 |True   |  381  |9.952835e-06|1.014889e-05|3.605896e-11|3.926960e-05|
| 139 |True   |  490  |9.859203e-06|1.005524e-05|4.538254e-11|5.038452e-05|
| 141 |True   |  384  |9.916726e-06|1.018876e-05|3.804600e-11|4.786746e-05|
| 140 |True   |  353  |9.909589e-06|1.014691e-05|1.574839e-11|2.924458e-05|
| 147 |True   |  353  |9.943181e-06|1.043176e-05|3.289023e-11|4.859492e-05|
| 146 |True   |  359  |9.910176e-06|1.024037e-05|5.275967e-11|5.708491e-05|
| 142 |True   |  376  |9.904511e-06|1.011591e-05|7.901882e-11|7.083716e-05|
| 143 |True   |  376  |9.859771e-06|1.012334e-05|4.515815e-11|5.476767e-05|
| 144 |True   |  388  |9.860965e-06|1.007292e-05|5.667173e-11|5.700601e-05|
| 145 |True   |  384  |9.985227e-06|1.021695e-05|4.116669e-11|4.397495e-05|
| 149 |True   |  390  |9.942716e-06|1.013878e-05|2.435275e-11|3.008540e-05|
| 150 |True   |  392  |9.958193e-06|1.015425e-05|3.206865e-11|3.692364e-05|
| 151 |True   |  371  |9.893147e-06|1.014902e-05|3.736167e-11|4.889793e-05|
| 148 |True   |  603  |9.963559e-06|1.015960e-05|3.699171e-11|3.995664e-05|
| 152 |True   |  396  |9.887269e-06|1.008332e-05|3.409222e-11|3.690819e-05|
| 153 |True   |  369  |9.900930e-06|1.013073e-05|1.924395e-11|3.146588e-05|
| 155 |True   |  356  |9.908223e-06|1.028281e-05|3.900300e-11|5.392046e-05|
| 154 |True   |  379  |9.926913e-06|1.016386e-05|5.846584e-11|6.508051e-05|
| 157 |True   |  355  |9.876458e-06|1.039685e-05|3.472147e-11|4.413720e-05|
| 156 |True   |  367  |9.924989e-06|1.016185e-05|1.720221e-11|2.397547e-05|
| 158 |True   |  358  |9.988923e-06|1.025982e-05|4.221817e-11|5.409438e-05|
| 159 |True   |  378  |9.866210e-06|1.009559e-05|3.687380e-11|4.365269e-05|
| 161 |True   |  362  |9.989538e-06|1.039599e-05|3.797706e-11|5.193816e-05|
| 162 |True   |  368  |9.895851e-06|1.020758e-05|2.569337e-11|3.750604e-05|
| 163 |True   |  387  |9.904351e-06|1.010787e-05|3.943183e-11|4.501851e-05|
| 168 |True   |  351  |9.875421e-06|1.022599e-05|2.823011e-11|4.147247e-05|
| 170 |True   |  350  |9.882542e-06|1.031271e-05|2.731260e-11|4.275104e-05|
| 171 |True   |  353  |9.993115e-06|1.039376e-05|3.079235e-11|4.714905e-05|
| 164 |True   |  488  |9.966278e-06|1.016231e-05|5.305111e-11|5.308588e-05|
| 167 |True   |  351  |9.992282e-06|1.033698e-05|4.814283e-11|5.683764e-05|
| 165 |True   |  399  |9.981850e-06|1.017789e-05|3.884454e-11|4.144878e-05|
| 172 |True   |  354  |9.901848e-06|1.021762e-05|5.231966e-11|5.610525e-05|
| 166 |True   |  479  |9.923324e-06|1.011939e-05|3.896744e-11|4.379553e-05|
| 169 |True   |  466  |9.913986e-06|1.026082e-05|2.889327e-11|4.176913e-05|
| 173 |True   |  355  |9.855808e-06|1.012419e-05|4.170890e-11|5.370150e-05|
| 174 |True   |  365  |9.973887e-06|1.027807e-05|2.270505e-11|3.026149e-05|
| 176 |True   |  356  |9.937628e-06|1.018817e-05|2.619100e-11|4.128557e-05|
| 177 |True   |  382  |9.917904e-06|1.011395e-05|3.873104e-11|4.364865e-05|
| 179 |True   |  398  |9.986740e-06|1.018863e-05|4.063752e-11|4.436573e-05|
| 181 |True   |  370  |9.808769e-06|1.016377e-05|3.590694e-11|5.394651e-05|
| 178 |True   |  400  |9.924893e-06|1.012092e-05|5.795518e-11|5.853822e-05|
| 185 |True   |  455  |9.919215e-06|1.054374e-05|3.449393e-11|4.283622e-05|
| 183 |True   |  364  |9.952881e-06|1.025389e-05|3.268213e-11|4.707959e-05|
| 180 |True   |  489  |9.895510e-06|1.009156e-05|3.429573e-11|3.893353e-05|
| 186 |True   |  378  |9.979331e-06|1.020741e-05|3.144462e-11|3.719643e-05|
| 184 |True   |  355  |9.888077e-06|1.026118e-05|3.031180e-11|4.334582e-05|
| 175 |True   |  699  |9.968490e-06|1.016455e-05|2.530771e-11|3.037307e-05|
| 187 |True   |  361  |9.909790e-06|1.018387e-05|2.377060e-11|3.563999e-05|
| 188 |True   |  376  |9.900219e-06|1.013527e-05|6.335501e-11|6.342559e-05|
| 189 |True   |  350  |9.840825e-06|1.028338e-05|3.197507e-11|5.196015e-05|
| 192 |True   |  373  |9.938279e-06|1.021130e-05|2.021866e-11|2.949856e-05|
| 190 |True   |  380  |9.927711e-06|1.012377e-05|2.394933e-11|3.020930e-05|
| 194 |True   |  375  |9.894868e-06|1.009092e-05|3.623868e-11|4.127132e-05|
| 195 |True   |  387  |9.891067e-06|1.008709e-05|5.819407e-11|5.899675e-05|
| 193 |True   |  380  |9.925971e-06|1.012204e-05|3.408319e-11|3.871757e-05|
| 196 |True   |  385  |9.894936e-06|1.009097e-05|5.236580e-11|5.368573e-05|
| 197 |True   |  375  |9.941411e-06|1.019715e-05|4.924172e-11|5.760981e-05|
| 191 |True   |  687  |9.977662e-06|1.072044e-05|1.309915e-11|3.024301e-05|
| 182 |True   | 1338  |9.983766e-06|1.021224e-05|2.169248e-11|2.973674e-05|
| 199 |True   |  370  |9.861626e-06|1.005769e-05|3.893267e-11|4.463989e-05|
| 160 |True   | 2436  |9.973653e-06|1.016972e-05|1.443482e-11|1.560217e-05|
| 200 |True   |  385  |9.904878e-06|1.015462e-05|4.819409e-11|5.674293e-05|
| 198 |True   |  568  |9.913792e-06|1.064188e-05|1.787182e-11|3.926042e-05|
| 202 |True   |  383  |9.943865e-06|1.016930e-05|4.869859e-11|5.103821e-05|
| 201 |True   |  394  |9.880877e-06|1.009435e-05|2.699730e-11|3.628637e-05|
| 203 |True   |  354  |9.922604e-06|1.062877e-05|5.105805e-11|6.732709e-05|
| 205 |True   |  376  |9.860732e-06|1.010352e-05|3.099629e-11|4.234736e-05|
| 204 |True   |  352  |9.871564e-06|1.019465e-05|3.855550e-11|4.788945e-05|
| 209 |True   |  352  |9.956877e-06|1.027809e-05|3.637980e-11|4.855303e-05|
| 207 |True   |  386  |9.982516e-06|1.017854e-05|6.095846e-11|5.978787e-05|
| 210 |True   |  359  |9.872123e-06|1.023453e-05|7.172027e-11|6.451718e-05|
| 211 |True   |  394  |9.891158e-06|1.008720e-05|3.818732e-11|4.407663e-05|
| 212 |True   |  356  |9.920872e-06|1.016622e-05|6.413913e-11|6.074345e-05|
| 213 |True   |  394  |9.908696e-06|1.010475e-05|2.761451e-11|3.282367e-05|
| 214 |True   |  395  |9.973130e-06|1.016920e-05|3.293115e-11|3.778682e-05|
| 216 |True   |  351  |9.838496e-06|1.016587e-05|4.535016e-11|6.031080e-05|
| 208 |True   |  784  |9.964660e-06|1.026608e-05|2.188949e-11|2.999475e-05|
| 215 |True   |  373  |9.963306e-06|1.021509e-05|3.356452e-11|3.756755e-05|
| 218 |True   |  378  |9.982488e-06|1.021674e-05|5.154372e-11|5.740965e-05|
| 220 |True   |  370  |9.916499e-06|1.019952e-05|2.385844e-11|3.360836e-05|
| 217 |True   |  583  |9.824796e-06|1.018669e-05|2.249084e-11|4.434942e-05|
| 219 |True   |  460  |9.857214e-06|1.023300e-05|2.301210e-11|4.097409e-05|
| 206 |True   | 1019  |9.971006e-06|1.016708e-05|1.435822e-11|1.559865e-05|
| 221 |True   |  347  |9.977651e-06|1.071278e-05|5.492045e-11|7.268944e-05|
| 224 |True   |  375  |9.979046e-06|1.022306e-05|4.321748e-11|5.035694e-05|
| 223 |True   |  361  |9.861254e-06|1.014728e-05|3.649853e-11|4.951800e-05|
| 226 |True   |  354  |9.914219e-06|1.013448e-05|3.541720e-11|4.419426e-05|
| 225 |True   |  383  |9.804158e-06|1.000018e-05|6.481696e-11|6.410559e-05|
| 229 |True   |  359  |9.902625e-06|1.018601e-05|2.169938e-11|3.146062e-05|
| 228 |True   |  353  |9.996197e-06|1.066021e-05|5.551292e-11|6.921773e-05|
| 227 |True   |  379  |9.985960e-06|1.025299e-05|4.485130e-11|5.442601e-05|
| 230 |True   |  374  |9.941589e-06|1.017801e-05|4.094149e-11|4.960259e-05|
| 231 |True   |  380  |9.973172e-06|1.016921e-05|5.007812e-11|5.155595e-05|
| 232 |True   |  359  |9.932213e-06|1.029485e-05|3.679626e-11|4.943996e-05|
| 233 |True   |  358  |9.841484e-06|1.048183e-05|2.611871e-11|4.200692e-05|
| 234 |True   |  351  |9.885123e-06|1.023178e-05|2.281340e-11|3.265610e-05|
| 235 |True   |  356  |9.927974e-06|1.029044e-05|8.460887e-11|9.729559e-05|
| 222 |True   |  916  |9.987292e-06|1.024373e-05|1.529587e-11|1.571030e-05|
| 237 |True   |  383  |9.969940e-06|1.016598e-05|4.826549e-11|4.778150e-05|
| 240 |True   |  378  |9.969466e-06|1.037892e-05|6.363329e-11|6.806021e-05|
| 239 |True   |  379  |9.944162e-06|1.014022e-05|3.158373e-11|3.683234e-05|
| 238 |True   |  385  |9.967454e-06|1.017731e-05|3.698144e-11|4.078029e-05|
| 241 |True   |  395  |9.974436e-06|1.017045e-05|6.425482e-11|6.116317e-05|
| 242 |True   |  350  |9.828650e-06|1.032860e-05|3.117766e-11|5.344534e-05|
| 244 |True   |  390  |9.983402e-06|1.017944e-05|4.723792e-11|4.703907e-05|
| 245 |True   |  371  |9.837127e-06|1.006313e-05|4.060037e-11|5.083512e-05|
| 243 |True   |  391  |9.851678e-06|1.004772e-05|3.931024e-11|4.479983e-05|
| 248 |True   |  346  |9.900948e-06|1.045148e-05|2.894471e-11|4.636016e-05|
| 246 |True   |  386  |9.907694e-06|1.010373e-05|4.930895e-11|5.204364e-05|
| 236 |True   |  901  |9.955945e-06|1.015202e-05|1.392433e-11|1.558108e-05|
| 247 |True   |  374  |9.953093e-06|1.017275e-05|3.013587e-11|3.523706e-05|
| 249 |True   |  358  |9.844243e-06|1.017815e-05|2.556704e-11|4.105319e-05|
| 250 |True   |  357  |9.953589e-06|1.031507e-05|3.818544e-11|5.344870e-05|
| 254 |True   |  357  |9.976508e-06|1.023293e-05|2.289946e-11|3.014315e-05|
| 255 |True   |  387  |9.915460e-06|1.011150e-05|4.693480e-11|4.888456e-05|
| 253 |True   |  377  |9.987829e-06|1.021851e-05|2.637147e-11|3.220113e-05|
| 256 |True   |  399  |9.974073e-06|1.017012e-05|4.117119e-11|4.487557e-05|
| 257 |True   |  352  |9.925857e-06|1.019346e-05|5.772927e-11|6.848479e-05|
| 252 |True   |  400  |9.953015e-06|1.015610e-05|3.082809e-11|3.686303e-05|
| 251 |True   |  700  |9.999271e-06|1.029243e-05|1.515433e-11|1.563371e-05|
| 261 |True   |  367  |9.869481e-06|1.018963e-05|2.410281e-11|3.618588e-05|
| 258 |True   |  401  |9.906172e-06|1.010716e-05|3.759295e-11|4.381345e-05|
| 260 |True   |  360  |9.961202e-06|1.034870e-05|2.195151e-11|2.983725e-05|
| 259 |True   |  586  |9.937669e-06|1.049709e-05|7.415367e-11|6.503124e-05|
| 262 |True   |  351  |9.857993e-06|1.041456e-05|3.025071e-11|4.437304e-05|
| 263 |True   |  363  |9.939695e-06|1.022575e-05|2.390408e-11|3.538572e-05|
| 268 |True   |  366  |9.922622e-06|1.018950e-05|2.732880e-11|3.615199e-05|
| 266 |True   |  346  |9.882176e-06|1.047906e-05|6.121891e-11|7.171104e-05|
| 267 |True   |  587  |9.879960e-06|1.007601e-05|3.829574e-11|4.407395e-05|
| 264 |True   |  495  |9.927909e-06|1.016084e-05|3.168475e-11|3.713161e-05|
| 265 |True   |  568  |9.962695e-06|1.046357e-05|6.868865e-12|2.209764e-05|
| 269 |True   |  601  |9.871580e-06|1.009999e-05|4.327669e-11|4.741340e-05|
| 271 |True   |  379  |9.982188e-06|1.017823e-05|6.046178e-11|5.909872e-05|
| 272 |True   |  389  |9.893851e-06|1.008991e-05|2.984913e-11|3.663497e-05|
| 276 |True   |  357  |9.848957e-06|1.013906e-05|2.574933e-11|3.771005e-05|
| 273 |True   |  394  |9.907355e-06|1.010340e-05|3.736778e-11|4.053207e-05|
| 275 |True   |  463  |9.812399e-06|1.012379e-05|3.466431e-11|5.268573e-05|
| 274 |True   |  374  |9.986311e-06|1.030515e-05|3.794764e-11|4.875512e-05|
| 278 |True   |  359  |9.914532e-06|1.033638e-05|2.229057e-11|3.527958e-05|
| 279 |True   |  394  |9.903222e-06|1.010358e-05|3.577604e-11|4.046438e-05|
| 280 |True   |  365  |9.870897e-06|1.019258e-05|3.615980e-11|5.008729e-05|
| 281 |True   |  355  |9.774052e-06|1.011499e-05|4.678366e-11|6.303782e-05|
| 282 |True   |  372  |9.898464e-06|1.017136e-05|2.481141e-11|3.085839e-05|
| 277 |True   |  705  |9.980371e-06|1.035036e-05|2.595990e-12|2.371521e-06|
| 270 |True   |  985  |9.875809e-06|1.104153e-05|9.073876e-10|7.143720e-04|
| 283 |True   |  391  |9.934834e-06|1.013088e-05|3.940813e-11|4.387299e-05|
| 284 |True   |  383  |9.931353e-06|1.012739e-05|4.589007e-11|4.568964e-05|
| 287 |True   |  360  |9.959149e-06|1.033517e-05|5.201855e-11|6.531552e-05|
| 288 |True   |  389  |9.872957e-06|1.006898e-05|5.597944e-11|5.802742e-05|
| 286 |True   |  393  |9.866529e-06|1.006256e-05|5.270070e-11|5.499450e-05|
| 289 |True   |  388  |9.982929e-06|1.017897e-05|4.341672e-11|4.525941e-05|
| 291 |True   |  386  |9.909964e-06|1.010600e-05|5.407396e-11|5.490604e-05|
| 290 |True   |  380  |9.981265e-06|1.017731e-05|3.906516e-11|4.163541e-05|
| 292 |True   |  354  |9.882849e-06|1.037722e-05|5.741947e-11|7.921843e-05|
| 296 |True   |  379  |9.916976e-06|1.012084e-05|5.552109e-11|5.794050e-05|
| 293 |True   |  353  |9.993861e-06|1.044882e-05|5.080145e-11|6.598752e-05|
| 297 |True   |  352  |9.825673e-06|1.021708e-05|3.547189e-11|4.878771e-05|
| 294 |True   |  474  |9.860735e-06|1.012961e-05|2.957912e-11|4.192212e-05|
| 301 |True   |  390  |9.903925e-06|1.009995e-05|5.701218e-11|5.814367e-05|
| 298 |True   |  358  |9.940668e-06|1.032087e-05|1.885586e-11|2.567740e-05|
| 295 |True   |  790  |9.916992e-06|1.027461e-05|1.446969e-11|1.576266e-05|
| 300 |True   |  391  |9.913761e-06|1.010979e-05|5.757414e-11|5.865013e-05|
| 302 |True   |  361  |9.961110e-06|1.065274e-05|2.662223e-11|4.350818e-05|
| 303 |True   |  353  |9.841506e-06|1.036956e-05|2.413898e-11|4.060415e-05|
| 304 |True   |  354  |9.864246e-06|1.013502e-05|3.956447e-11|5.340269e-05|
| 305 |True   |  385  |9.961954e-06|1.017515e-05|3.760953e-11|4.366811e-05|
| 299 |True   |  800  |9.924002e-06|1.039666e-05|5.614403e-12|1.526689e-05|
| 307 |True   |  361  |9.955486e-06|1.030342e-05|2.310343e-11|4.041283e-05|
| 306 |True   |  383  |9.946598e-06|1.014267e-05|2.884246e-11|3.292961e-05|
| 309 |True   |  358  |9.951943e-06|1.017287e-05|4.997553e-11|5.674152e-05|
| 308 |True   |  395  |9.995391e-06|1.019144e-05|3.652112e-11|3.864888e-05|
| 310 |True   |  368  |9.915633e-06|1.031053e-05|3.032731e-11|3.663860e-05|
| 313 |True   |  383  |9.933766e-06|1.018393e-05|3.154959e-11|4.206891e-05|
| 311 |True   |  361  |9.964499e-06|1.034702e-05|3.744792e-11|4.769124e-05|
| 315 |True   |  350  |9.880455e-06|1.022090e-05|2.233916e-11|3.531685e-05|
| 316 |True   |  360  |9.976169e-06|1.040170e-05|2.005425e-11|2.944435e-05|
| 317 |True   |  375  |9.906585e-06|1.010265e-05|3.266199e-11|3.801877e-05|
| 312 |True   |  909  |9.947942e-06|1.015000e-05|1.408062e-11|1.561099e-05|
| 319 |True   |  388  |9.920258e-06|1.011629e-05|5.427727e-11|5.491499e-05|
| 314 |True   |  586  |9.900525e-06|1.009658e-05|2.833970e-11|3.436969e-05|
| 321 |True   |  429  |9.947770e-06|1.014383e-05|2.466441e-11|3.013977e-05|
| 322 |True   |  355  |9.953259e-06|1.028092e-05|3.339509e-11|4.692418e-05|
| 318 |True   |  683  |9.997665e-06|1.022052e-05|6.963003e-12|1.522803e-05|
| 323 |True   |  385  |9.905414e-06|1.020124e-05|4.864309e-11|6.176313e-05|
| 285 |True   | 2517  |9.858089e-06|1.069985e-05|6.602699e-12|1.551393e-05|
| 324 |True   |  357  |9.956883e-06|1.035565e-05|5.390503e-11|6.471495e-05|
| 327 |True   |  384  |9.984431e-06|1.018047e-05|5.820025e-11|5.652474e-05|
| 325 |True   |  373  |9.976901e-06|1.017296e-05|3.294187e-11|3.720433e-05|
| 326 |True   |  361  |9.881242e-06|1.023820e-05|2.279223e-11|3.623503e-05|
| 329 |True   |  368  |9.919125e-06|1.011747e-05|2.345328e-11|3.021622e-05|
| 332 |True   |  355  |9.891409e-06|1.019777e-05|4.776606e-11|5.867561e-05|
| 330 |True   |  355  |9.910976e-06|1.010700e-05|6.421646e-11|6.225286e-05|
| 320 |True   | 1199  |9.945324e-06|1.069698e-05|1.145943e-10|6.488688e-05|
| 331 |True   |  372  |9.901157e-06|1.022926e-05|2.070601e-11|3.496579e-05|
| 333 |True   |  370  |9.957630e-06|1.031283e-05|3.604492e-11|4.849923e-05|
| 334 |True   |  377  |9.998227e-06|1.019428e-05|3.351592e-11|3.731671e-05|
| 336 |True   |  372  |9.848570e-06|1.016653e-05|3.438648e-11|4.834228e-05|
| 337 |True   |  369  |9.955064e-06|1.022027e-05|1.591191e-11|2.295160e-05|
| 335 |True   |  395  |9.983759e-06|1.019374e-05|4.060881e-11|4.516882e-05|
| 339 |True   |  376  |9.930266e-06|1.012728e-05|3.097206e-11|3.701989e-05|
| 338 |True   |  385  |9.953254e-06|1.014932e-05|2.036804e-11|2.408960e-05|
| 340 |True   |  372  |9.861507e-06|1.005755e-05|4.474689e-11|4.807767e-05|
| 341 |True   |  356  |9.893087e-06|1.034958e-05|1.397857e-11|2.867511e-05|
| 328 |True   |  981  |9.838844e-06|1.148274e-05|4.567509e-11|3.912818e-05|
| 345 |True   |  386  |9.939616e-06|1.013565e-05|5.095239e-11|5.211467e-05|
| 342 |True   |  391  |9.917807e-06|1.011384e-05|5.228047e-11|5.361601e-05|
| 344 |True   |  386  |9.974637e-06|1.017069e-05|3.128529e-11|3.493369e-05|
| 343 |True   |  369  |9.887503e-06|1.013975e-05|2.980215e-11|3.668566e-05|
| 348 |True   |  396  |9.937994e-06|1.013405e-05|3.152775e-11|3.727376e-05|
| 349 |True   |  358  |9.962276e-06|1.019674e-05|2.749707e-11|3.634851e-05|
| 350 |True   |  387  |9.966610e-06|1.016265e-05|4.989564e-11|5.159134e-05|
| 352 |True   |  359  |9.782295e-06|1.034644e-05|3.369938e-11|5.726896e-05|
| 351 |True   |  364  |9.953171e-06|1.034238e-05|3.264086e-11|4.329152e-05|
| 353 |True   |  393  |9.975932e-06|1.017200e-05|2.038211e-11|2.367717e-05|
| 346 |True   |  688  |9.903718e-06|1.015987e-05|1.236305e-11|1.628854e-05|
| 347 |True   |  577  |9.873918e-06|1.045172e-05|3.970930e-11|4.574866e-05|
| 354 |True   |  391  |9.864238e-06|1.006029e-05|3.510734e-11|4.069145e-05|
| 357 |True   |  355  |9.885095e-06|1.020005e-05|1.964475e-11|3.228904e-05|
| 360 |True   |  358  |9.951370e-06|1.033765e-05|3.079394e-11|4.201569e-05|
| 359 |True   |  383  |9.979982e-06|1.017604e-05|3.788805e-11|3.988844e-05|
| 362 |True   |  390  |9.920939e-06|1.011699e-05|3.319364e-11|3.829278e-05|
| 361 |True   |  580  |9.972893e-06|1.019539e-05|3.990297e-11|4.282291e-05|
| 364 |True   |  375  |9.874974e-06|1.014887e-05|2.568056e-11|3.685795e-05|
| 363 |True   |  378  |9.914296e-06|1.016991e-05|4.752449e-11|5.084773e-05|
| 356 |True   | 1006  |9.946693e-06|1.016746e-05|1.372823e-11|1.558143e-05|
| 365 |True   |  379  |9.855257e-06|1.009271e-05|3.002012e-11|4.175892e-05|
| 358 |True   | 1096  |9.962835e-06|1.230309e-05|1.990020e-11|2.326156e-05|
| 370 |True   |  383  |9.811359e-06|1.005254e-05|5.669412e-11|6.490998e-05|
| 366 |True   |  578  |9.918066e-06|1.023506e-05|1.503430e-11|2.865271e-05|
| 369 |True   |  376  |9.933491e-06|1.014086e-05|2.612671e-11|3.156064e-05|
| 371 |True   |  382  |9.843835e-06|1.013211e-05|3.109375e-11|4.391982e-05|
| 372 |True   |  386  |9.865370e-06|1.007645e-05|6.633585e-11|6.630320e-05|
| 373 |True   |  390  |9.985944e-06|1.018199e-05|4.147616e-11|4.451300e-05|
| 367 |True   |  781  |9.999652e-06|1.092750e-05|8.682604e-12|1.603279e-05|
| 374 |True   |  397  |9.916221e-06|1.011226e-05|4.644367e-11|4.931768e-05|
| 376 |True   |  388  |9.939046e-06|1.013921e-05|4.221052e-11|4.558114e-05|
| 380 |True   |  391  |9.944562e-06|1.014059e-05|5.888121e-11|5.854013e-05|
| 377 |True   |  390  |9.884702e-06|1.008073e-05|5.150993e-11|5.393025e-05|
| 375 |True   |  694  |9.897875e-06|1.011653e-05|3.358181e-11|4.025894e-05|
| 378 |True   |  393  |9.930783e-06|1.012679e-05|7.521301e-11|6.957610e-05|
| 379 |True   |  355  |9.937311e-06|1.033019e-05|3.454447e-11|3.688872e-05|
| 381 |True   |  383  |9.962428e-06|1.018706e-05|2.980727e-11|3.442042e-05|
| 382 |True   |  381  |9.978847e-06|1.031485e-05|4.269691e-11|5.576548e-05|
| 383 |True   |  391  |9.939075e-06|1.013512e-05|3.968649e-11|4.409531e-05|
| 386 |True   |  384  |9.874248e-06|1.007030e-05|3.286011e-11|3.841334e-05|
| 384 |True   |  388  |9.888542e-06|1.014679e-05|4.249187e-11|4.614081e-05|
| 385 |True   |  392  |9.927979e-06|1.012403e-05|3.911280e-11|4.372133e-05|
| 368 |True   | 1640  |9.947037e-06|1.063358e-05|3.291520e-10|8.146094e-04|
| 392 |True   |  370  |9.975561e-06|1.024271e-05|5.785739e-11|6.459884e-05|
| 388 |True   |  360  |9.852688e-06|1.012053e-05|4.404141e-11|5.594112e-05|
| 389 |True   |  382  |9.900903e-06|1.013973e-05|6.032175e-11|5.991100e-05|
| 387 |True   |  378  |9.975811e-06|1.026477e-05|7.089997e-11|6.705652e-05|
| 390 |True   |  351  |9.918196e-06|1.054831e-05|2.646061e-11|5.019378e-05|
| 391 |True   |  361  |9.951155e-06|1.025994e-05|2.813860e-11|3.706663e-05|
| 395 |True   |  356  |9.979979e-06|1.033391e-05|7.862440e-11|6.396370e-05|
| 393 |True   |  388  |9.962049e-06|1.015806e-05|7.050186e-11|6.673116e-05|
| 394 |True   |  395  |9.799910e-06|9.995928e-06|6.545988e-11|6.524448e-05|
| 399 |True   |  355  |9.922671e-06|1.024854e-05|1.934249e-11|2.930063e-05|
| 396 |True   |  387  |9.956304e-06|1.015236e-05|2.945420e-11|3.259699e-05|
| 397 |True   |  370  |9.963464e-06|1.032968e-05|3.647767e-11|4.860105e-05|
| 398 |True   |  359  |9.914634e-06|1.030242e-05|1.723058e-11|2.316286e-05|
| 400 |True   |  384  |9.994376e-06|1.019832e-05|4.520169e-11|4.445927e-05|
| 402 |True   |  371  |9.962587e-06|1.028413e-05|2.874230e-11|4.173165e-05|
| 401 |True   |  376  |9.822680e-06|1.012368e-05|2.927961e-11|4.792231e-05|
| 404 |True   |  391  |9.981821e-06|1.017789e-05|1.957596e-11|2.349046e-05|
| 403 |True   |  409  |9.958462e-06|1.015452e-05|3.473490e-11|3.840385e-05|
| 405 |True   |  362  |9.954202e-06|1.037867e-05|2.278431e-11|3.225018e-05|
| 406 |True   |  369  |9.890324e-06|1.029683e-05|1.609547e-11|3.363919e-05|
| 407 |True   |  390  |9.933051e-06|1.012912e-05|1.859388e-11|2.362115e-05|
| 408 |True   |  352  |9.884729e-06|1.074479e-05|3.058736e-11|4.769145e-05|
| 409 |True   |  366  |9.898771e-06|1.024635e-05|3.064084e-11|4.292647e-05|
| 410 |True   |  387  |9.975678e-06|1.017169e-05|7.121398e-11|6.690753e-05|
| 411 |True   |  365  |9.996712e-06|1.019281e-05|3.335186e-11|3.700362e-05|
| 412 |True   |  363  |9.882023e-06|1.013393e-05|2.212188e-11|3.139011e-05|
| 413 |True   |  388  |9.913054e-06|1.010910e-05|3.783549e-11|4.035706e-05|
| 415 |True   |  350  |9.961006e-06|1.047999e-05|2.624138e-11|4.084813e-05|
| 417 |True   |  385  |9.935274e-06|1.013134e-05|1.830848e-11|2.339578e-05|
| 416 |True   |  471  |9.962955e-06|1.052821e-05|2.132115e-11|3.304622e-05|
| 418 |True   |  384  |9.975132e-06|1.017119e-05|2.541303e-11|3.016126e-05|
| 419 |True   |  374  |9.888004e-06|1.014599e-05|2.434624e-11|3.559166e-05|
| 421 |True   |  389  |9.945528e-06|1.014157e-05|4.540247e-11|4.674150e-05|
| 422 |True   |  356  |9.921937e-06|1.023535e-05|3.203229e-11|4.762266e-05|
| 424 |True   |  354  |9.890955e-06|1.022551e-05|3.345818e-11|4.747689e-05|
| 426 |True   |  382  |9.942458e-06|1.026024e-05|3.192105e-11|3.709673e-05|
| 420 |True   |  673  |9.971906e-06|1.065467e-05|3.177719e-12|1.212401e-05|
| 425 |True   |  354  |9.844464e-06|1.014316e-05|3.007282e-11|4.364745e-05|
| 428 |True   |  365  |9.875527e-06|1.010202e-05|4.145036e-11|5.050719e-05|
| 431 |True   |  361  |9.945332e-06|1.014138e-05|3.993144e-11|4.390915e-05|
| 429 |True   |  382  |9.959397e-06|1.019185e-05|7.189805e-11|6.605558e-05|
| 427 |True   |  468  |9.965836e-06|1.026172e-05|3.292562e-11|4.272866e-05|
| 430 |True   |  393  |9.994952e-06|1.019099e-05|4.139393e-11|4.200011e-05|
| 432 |True   |  369  |9.885248e-06|1.015997e-05|3.478828e-11|4.548815e-05|
| 433 |True   |  359  |9.938661e-06|1.025066e-05|5.070811e-11|6.710511e-05|
| 434 |True   |  378  |9.929957e-06|1.012603e-05|2.610245e-11|3.117911e-05|
| 435 |True   |  390  |9.911885e-06|1.010795e-05|3.235524e-11|3.781751e-05|
| 437 |True   |  361  |9.955595e-06|1.027203e-05|3.006848e-11|4.190549e-05|
| 438 |True   |  350  |9.928460e-06|1.032849e-05|3.836988e-11|4.929801e-05|
| 436 |True   |  362  |9.996385e-06|1.035771e-05|3.806109e-11|4.986182e-05|
| 439 |True   |  382  |9.882071e-06|1.007811e-05|4.635956e-11|5.051180e-05|
| 440 |True   |  387  |9.881514e-06|1.017822e-05|3.268925e-11|4.575546e-05|
| 441 |True   |  358  |9.783948e-06|1.052534e-05|3.456322e-11|6.246464e-05|
| 443 |True   |  386  |9.957628e-06|1.016604e-05|3.193657e-11|3.751962e-05|
| 442 |True   |  360  |9.923704e-06|1.026818e-05|1.907731e-11|2.944373e-05|
| 444 |True   |  393  |9.899587e-06|1.009564e-05|2.933330e-11|3.564292e-05|
| 423 |True   | 1864  |9.995727e-06|1.041914e-05|1.592732e-11|1.584277e-05|
| 445 |True   |  381  |9.901625e-06|1.009768e-05|3.012664e-11|3.666209e-05|
| 446 |True   |  396  |9.965970e-06|1.016201e-05|4.059154e-11|4.409046e-05|
| 447 |True   |  378  |9.878219e-06|1.007432e-05|3.933274e-11|4.443389e-05|
| 448 |True   |  351  |9.999602e-06|1.069466e-05|2.280050e-11|3.574451e-05|
| 355 |True   | 5884  |9.909031e-06|1.055067e-05|1.325996e-11|1.682799e-05|
| 449 |True   |  379  |9.836779e-06|1.010026e-05|4.645910e-11|5.708593e-05|
| 450 |True   |  383  |9.988269e-06|1.019630e-05|4.264714e-11|4.703723e-05|
| 451 |True   |  362  |9.887506e-06|1.030847e-05|3.998045e-11|5.790813e-05|
| 452 |True   |  351  |9.925660e-06|1.052198e-05|3.225898e-11|4.243283e-05|
| 453 |True   |  354  |9.923731e-06|1.023999e-05|2.407476e-11|4.132346e-05|
| 454 |True   |  365  |9.840250e-06|1.024095e-05|3.942294e-11|5.965469e-05|
| 455 |True   |  381  |9.963778e-06|1.015982e-05|4.571582e-11|4.722712e-05|
| 456 |True   |  379  |9.945187e-06|1.017406e-05|3.699465e-11|4.365955e-05|
| 458 |True   |  364  |9.912775e-06|1.021150e-05|5.755820e-11|6.579563e-05|
| 457 |True   |  351  |9.961058e-06|1.039448e-05|2.503758e-11|3.568304e-05|
| 459 |True   |  373  |9.851308e-06|1.015596e-05|1.819654e-10|9.068016e-05|
| 460 |True   |  386  |9.941524e-06|1.015627e-05|3.956763e-11|4.369572e-05|
| 463 |True   |  360  |9.953730e-06|1.022582e-05|3.118141e-11|4.185098e-05|
| 461 |True   |  381  |9.871941e-06|1.020141e-05|2.610509e-11|4.104648e-05|
| 465 |True   |  376  |9.883141e-06|1.007920e-05|2.951032e-11|3.665474e-05|
| 466 |True   |  397  |9.994368e-06|1.019041e-05|4.273109e-11|4.481398e-05|
| 462 |True   |  387  |9.884813e-06|1.010171e-05|3.725356e-11|4.177949e-05|
| 464 |True   |  386  |9.998386e-06|1.019440e-05|6.608096e-11|6.166707e-05|
| 467 |True   |  391  |9.916552e-06|1.011260e-05|3.882494e-11|4.397009e-05|
| 468 |True   |  364  |9.865459e-06|1.050223e-05|3.340618e-11|4.322728e-05|
| 469 |True   |  362  |9.971907e-06|1.035228e-05|3.459456e-11|4.419405e-05|
| 470 |True   |  395  |9.997613e-06|1.019364e-05|6.109338e-11|5.897120e-05|
| 471 |True   |  372  |9.975827e-06|1.020802e-05|8.323637e-11|7.585114e-05|
| 472 |True   |  372  |9.977205e-06|1.019844e-05|7.427900e-11|7.432106e-05|
| 475 |True   |  364  |9.794431e-06|1.012284e-05|4.646729e-11|6.593009e-05|
| 473 |True   |  387  |9.839767e-06|1.003580e-05|5.432499e-11|5.766685e-05|
| 477 |True   |  351  |9.946976e-06|1.020493e-05|3.842506e-11|4.980199e-05|
| 474 |True   |  385  |9.867889e-06|1.006394e-05|3.455369e-11|3.929592e-05|
| 476 |True   |  377  |9.937753e-06|1.014441e-05|7.216391e-11|6.695486e-05|
| 479 |True   |  384  |9.986490e-06|1.018253e-05|4.143165e-11|4.441130e-05|
| 478 |True   |  395  |9.943578e-06|1.013961e-05|4.872041e-11|5.088269e-05|
| 480 |True   |  379  |9.989710e-06|1.020492e-05|3.693357e-11|4.383680e-05|
| 482 |True   |  396  |9.884052e-06|1.008010e-05|3.681169e-11|4.169736e-05|
| 484 |True   |  351  |9.897009e-06|1.028429e-05|3.063167e-11|5.124879e-05|
| 485 |True   |  397  |9.990562e-06|1.018663e-05|2.057818e-11|2.367150e-05|
| 487 |True   |  360  |9.993371e-06|1.045170e-05|3.449688e-11|4.860205e-05|
| 486 |True   |  364  |9.852348e-06|1.016762e-05|1.838285e-11|3.439269e-05|
| 483 |True   |  506  |9.945810e-06|1.014185e-05|4.892424e-11|5.134708e-05|
| 488 |True   |  354  |9.856098e-06|1.011579e-05|4.800048e-11|5.728664e-05|
| 490 |True   |  386  |9.973174e-06|1.016919e-05|7.151389e-11|6.368886e-05|
| 491 |True   |  360  |9.969045e-06|1.016509e-05|3.664919e-11|3.915041e-05|
| 493 |True   |  370  |9.879378e-06|1.011604e-05|2.594736e-11|3.610163e-05|
| 492 |True   |  386  |9.914039e-06|1.011008e-05|4.310390e-11|4.617345e-05|
| 481 |True   | 1278  |9.907776e-06|1.022599e-05|9.187684e-12|2.245722e-05|
| 495 |True   |  354  |9.948520e-06|1.026607e-05|3.845474e-11|5.003283e-05|
| 494 |True   |  465  |9.921656e-06|1.046530e-05|3.208512e-11|5.691092e-05|
| 496 |True   |  379  |9.911009e-06|1.016852e-05|3.728161e-11|4.850287e-05|
| 497 |True   |  389  |9.866240e-06|1.006228e-05|4.258351e-11|4.669991e-05|
| 500 |True   |  393  |9.878564e-06|1.007461e-05|3.478470e-11|4.024822e-05|
| 499 |True   |  358  |9.975586e-06|1.031283e-05|3.215056e-11|4.717964e-05|
| 498 |True   |  389  |9.948259e-06|1.018686e-05|3.830765e-11|4.047946e-05|
| 501 |True   |  356  |9.855280e-06|1.030881e-05|3.437645e-11|5.114207e-05|
| 502 |True   |  361  |9.818559e-06|1.002249e-05|6.035586e-11|6.461112e-05|
| 414 |True   | 5216  |9.997229e-06|1.020673e-05|1.277428e-11|1.551280e-05|
| 504 |True   |  384  |9.892349e-06|1.008840e-05|3.152634e-11|3.736041e-05|
| 505 |True   |  383  |9.946885e-06|1.014294e-05|3.186850e-11|3.734415e-05|
| 512 |True   |  358  |9.906018e-06|1.045418e-05|3.535919e-11|5.277881e-05|
| 510 |True   |  380  |9.942064e-06|1.013812e-05|2.986903e-11|3.280228e-05|
| 489 |True   | 1434  |9.933343e-06|1.017244e-05|1.748497e-11|2.316332e-05|
| 509 |True   |  385  |9.973494e-06|1.016955e-05|3.269605e-11|3.714271e-05|
| 507 |True   |  472  |9.864606e-06|1.022652e-05|2.918519e-11|4.204591e-05|
| 511 |True   |  393  |9.916215e-06|1.011226e-05|4.550285e-11|4.853726e-05|
| 508 |True   |  390  |9.950759e-06|1.030395e-05|4.381490e-11|5.593366e-05|
| 513 |True   |  371  |9.878686e-06|1.017779e-05|4.071479e-11|5.120117e-05|
| 514 |True   |  392  |9.893115e-06|1.008917e-05|2.989370e-11|3.674301e-05|
| 515 |True   |  379  |9.945495e-06|1.014157e-05|2.450446e-11|3.011173e-05|
| 516 |True   |  363  |9.989851e-06|1.090144e-05|6.106493e-11|6.420770e-05|
| 517 |True   |  387  |9.988263e-06|1.018629e-05|1.930289e-11|2.187247e-05|
| 519 |True   |  383  |9.931538e-06|1.015165e-05|5.176246e-11|5.729424e-05|
| 503 |True   | 1468  |9.918945e-06|1.011500e-05|3.076920e-11|3.690105e-05|
| 521 |True   |  366  |9.901049e-06|1.019840e-05|2.416930e-11|3.584818e-05|
| 523 |True   |  365  |9.972270e-06|1.019291e-05|3.144989e-11|3.786741e-05|
| 522 |True   |  395  |9.944283e-06|1.014049e-05|1.838962e-11|2.324074e-05|
| 520 |True   |  472  |9.939271e-06|1.033433e-05|3.249283e-11|5.143194e-05|
| 526 |True   |  357  |9.935105e-06|1.031237e-05|2.845327e-11|3.793531e-05|
| 525 |True   |  389  |9.968046e-06|1.017501e-05|2.418664e-11|3.018529e-05|
| 527 |True   |  360  |9.970690e-06|1.028865e-05|3.418020e-11|4.471961e-05|
| 528 |True   |  377  |9.867252e-06|1.006330e-05|3.687608e-11|4.328015e-05|
| 518 |True   |  902  |9.823435e-06|1.135407e-05|1.226652e-11|1.557949e-05|
| 529 |True   |  380  |9.973485e-06|1.016951e-05|5.616996e-11|5.480307e-05|
| 531 |True   |  390  |9.915439e-06|1.011150e-05|3.075869e-11|3.717585e-05|
| 524 |True   |  909  |9.971273e-06|1.027402e-05|1.636163e-11|1.981360e-05|
| 532 |True   |  372  |9.923642e-06|1.021012e-05|2.613116e-11|3.664594e-05|
| 534 |True   |  399  |9.989167e-06|1.018519e-05|5.940501e-11|5.773990e-05|
| 530 |True   |  469  |9.791949e-06|1.056528e-05|5.018815e-11|7.766450e-05|
| 533 |True   |  353  |9.882271e-06|1.015571e-05|2.362951e-11|3.819055e-05|
| 535 |True   |  363  |9.881692e-06|1.012842e-05|3.557245e-11|4.831851e-05|
| 536 |True   |  390  |9.947642e-06|1.014369e-05|3.184296e-11|3.720940e-05|
| 537 |True   |  363  |9.875803e-06|1.015730e-05|3.336534e-11|4.736886e-05|
| 538 |True   |  359  |9.869227e-06|1.009681e-05|2.294187e-11|3.556608e-05|
| 539 |True   |  380  |9.978804e-06|1.020815e-05|7.953458e-11|7.271696e-05|
| 506 |True   | 2288  |9.971373e-06|1.019886e-05|2.348463e-11|2.422037e-05|
| 540 |True   |  395  |9.920570e-06|1.011661e-05|4.020501e-11|4.193688e-05|
| 543 |True   |  365  |9.865863e-06|1.021151e-05|3.422580e-11|4.291229e-05|
| 545 |True   |  393  |9.886005e-06|1.008209e-05|4.197796e-11|4.600719e-05|
| 542 |True   |  364  |9.920552e-06|1.015846e-05|2.644967e-11|3.600027e-05|
| 546 |True   |  390  |9.904923e-06|1.013246e-05|4.046233e-11|4.498024e-05|
| 547 |True   |  354  |9.960791e-06|1.025951e-05|5.053067e-11|6.681361e-05|
| 541 |True   |  592  |9.878039e-06|1.052148e-05|5.174141e-12|1.517992e-05|
| 548 |True   |  352  |9.942448e-06|1.037888e-05|4.829374e-11|5.673884e-05|
| 549 |True   |  372  |9.972686e-06|1.018338e-05|4.591294e-11|5.102975e-05|
| 551 |True   |  354  |9.996365e-06|1.037706e-05|5.769873e-11|6.818800e-05|
| 550 |True   |  361  |9.850647e-06|1.018239e-05|3.409455e-11|4.356457e-05|
| 554 |True   |  350  |9.816688e-06|1.017562e-05|5.028281e-11|6.443606e-05|
| 553 |True   |  356  |9.940586e-06|1.035229e-05|2.363427e-11|3.545906e-05|
| 552 |True   |  406  |9.951998e-06|1.014805e-05|3.188525e-11|3.701452e-05|
| 556 |True   |  388  |9.953823e-06|1.015787e-05|4.048252e-11|4.286440e-05|
| 555 |True   |  372  |9.954446e-06|1.026859e-05|2.733111e-11|4.191235e-05|
| 544 |True   | 1116  |9.925731e-06|1.128292e-05|3.739207e-10|4.715850e-06|
| 557 |True   |  388  |9.953291e-06|1.014935e-05|3.198672e-11|3.711654e-05|
| 560 |True   |  389  |9.848569e-06|1.012251e-05|3.557722e-11|4.860804e-05|
| 558 |True   |  596  |9.913577e-06|1.010963e-05|3.590806e-11|4.035117e-05|
| 559 |True   |  398  |9.981932e-06|1.017799e-05|2.609497e-11|3.035735e-05|
| 561 |True   |  374  |9.901711e-06|1.012896e-05|2.501432e-11|3.211945e-05|
| 563 |True   |  351  |9.925093e-06|1.018154e-05|3.779790e-11|4.842034e-05|
| 565 |True   |  375  |9.912377e-06|1.011142e-05|3.003119e-11|3.698450e-05|
| 562 |True   |  402  |9.996464e-06|1.019253e-05|1.984262e-11|2.334082e-05|
| 564 |True   |  377  |9.844663e-06|1.009468e-05|5.368215e-11|6.153581e-05|
| 567 |True   |  373  |9.916069e-06|1.011208e-05|7.088971e-11|6.752463e-05|
| 566 |True   |  361  |9.879775e-06|1.018655e-05|2.946633e-11|4.369593e-05|
| 574 |True   |  364  |9.859659e-06|1.012296e-05|4.335894e-11|5.515669e-05|
| 568 |True   |  390  |9.912309e-06|1.010835e-05|3.868759e-11|4.387619e-05|
| 569 |True   |  371  |9.908140e-06|1.010473e-05|2.342515e-11|3.042973e-05|
| 573 |True   |  360  |9.877265e-06|1.032617e-05|4.158752e-11|6.056678e-05|
| 570 |True   |  383  |9.981042e-06|1.017710e-05|3.594119e-11|3.884770e-05|
| 571 |True   |  370  |9.900953e-06|1.013330e-05|3.542924e-11|4.029194e-05|
| 572 |True   |  372  |9.993563e-06|1.024815e-05|2.601475e-11|3.039692e-05|
| 577 |True   |  349  |9.926843e-06|1.035968e-05|3.895919e-11|5.568556e-05|
| 576 |True   |  394  |9.928716e-06|1.012515e-05|2.382688e-11|2.997277e-05|
| 575 |True   |  392  |9.888330e-06|1.008438e-05|3.800809e-11|4.381693e-05|
| 578 |True   |  351  |9.961381e-06|1.037291e-05|2.343608e-11|3.584961e-05|
| 580 |True   |  382  |9.904092e-06|1.012150e-05|2.321545e-11|3.119506e-05|
| 579 |True   |  703  |9.987905e-06|1.019421e-05|1.453139e-11|1.559917e-05|
| 587 |True   |  384  |9.959874e-06|1.018607e-05|2.999762e-11|3.733668e-05|
| 583 |True   |  387  |9.933404e-06|1.014197e-05|4.239105e-11|4.528620e-05|
| 582 |True   |  378  |9.923987e-06|1.012004e-05|3.094213e-11|3.684064e-05|
| 584 |True   |  364  |9.921747e-06|1.025951e-05|3.730775e-11|4.391954e-05|
| 585 |True   |  379  |9.847673e-06|1.012855e-05|2.984567e-11|4.275459e-05|
| 586 |True   |  389  |9.851671e-06|1.004771e-05|4.596198e-11|5.012769e-05|
| 581 |True   |  506  |9.921593e-06|1.011764e-05|3.901095e-11|4.406492e-05|
| 588 |True   |  388  |9.931788e-06|1.012784e-05|3.120991e-11|3.691237e-05|
| 590 |True   |  359  |9.848621e-06|1.023834e-05|2.897004e-11|4.657894e-05|
| 592 |True   |  372  |9.935668e-06|1.028340e-05|3.364448e-11|4.399125e-05|
| 591 |True   |  393  |9.956993e-06|1.015303e-05|4.437076e-11|4.624724e-05|
| 593 |True   |  395  |9.982267e-06|1.017831e-05|3.649458e-11|3.909945e-05|
| 596 |True   |  492  |9.934979e-06|1.013103e-05|3.121943e-11|3.672566e-05|
| 597 |True   |  379  |9.895763e-06|1.014669e-05|5.916976e-11|6.137648e-05|
| 594 |True   |  387  |9.926161e-06|1.012223e-05|1.821390e-11|2.375686e-05|
| 595 |True   |  364  |9.877653e-06|1.007369e-05|6.288460e-11|6.234440e-05|
| 600 |True   |  357  |9.932357e-06|1.027757e-05|3.046238e-11|3.980807e-05|
| 598 |True   |  352  |9.799388e-06|1.030606e-05|3.832193e-11|5.881827e-05|
| 601 |True   |  577  |9.923962e-06|1.041775e-05|2.615195e-11|3.204527e-05|
| 602 |True   |  380  |9.883280e-06|1.016157e-05|3.416708e-11|4.398533e-05|
| 589 |True   | 1084  |9.753345e-06|1.197966e-05|7.049719e-10|1.999054e-03|
| 604 |True   |  387  |9.873668e-06|1.010159e-05|3.036966e-11|3.918255e-05|
| 608 |True   |  375  |9.879222e-06|1.007886e-05|4.812376e-11|5.221366e-05|
| 605 |True   |  392  |9.947127e-06|1.014317e-05|3.992944e-11|4.413637e-05|
| 603 |True   |  390  |9.969919e-06|1.016594e-05|6.039492e-11|5.911937e-05|
| 606 |True   |  393  |9.872757e-06|1.006879e-05|5.571746e-11|5.806349e-05|
| 607 |True   |  388  |9.863490e-06|1.005954e-05|3.497768e-11|3.973658e-05|
| 611 |True   |  370  |9.842794e-06|1.003884e-05|4.289138e-11|4.682963e-05|
| 609 |True   |  362  |9.857981e-06|1.016606e-05|4.220937e-11|5.512438e-05|
| 610 |True   |  369  |9.978084e-06|1.028479e-05|2.572390e-11|3.560841e-05|
| 612 |True   |  361  |9.854126e-06|1.016668e-05|2.122219e-11|3.154823e-05|
| 614 |True   |  387  |9.905089e-06|1.010115e-05|2.317465e-11|2.993916e-05|
| 615 |True   |  364  |9.925413e-06|1.015355e-05|2.779548e-11|3.645880e-05|
| 599 |True   | 1231  |9.942319e-06|1.018992e-05|2.512167e-11|2.485540e-05|
| 618 |True   |  359  |9.986771e-06|1.045304e-05|2.970845e-11|4.696321e-05|
| 616 |True   |  383  |9.955303e-06|1.015137e-05|1.906064e-11|2.377083e-05|
| 620 |True   |  371  |9.913540e-06|1.025463e-05|1.977789e-11|3.028979e-05|
| 617 |True   |  391  |9.839843e-06|1.006479e-05|6.494491e-11|6.242469e-05|
| 619 |True   |  365  |9.987398e-06|1.055748e-05|8.375393e-11|8.048655e-05|
| 622 |True   |  388  |9.850261e-06|1.008398e-05|4.357136e-11|4.785556e-05|
| 621 |True   |  357  |9.865750e-06|1.018977e-05|3.918824e-11|5.387060e-05|
| 613 |True   |  888  |9.895043e-06|1.198233e-05|1.267291e-11|2.869800e-05|
| 624 |True   |  390  |9.931316e-06|1.012738e-05|2.399765e-11|3.006385e-05|
| 630 |True   |  353  |9.819924e-06|1.028839e-05|1.808777e-11|3.076166e-05|
| 627 |True   |  379  |9.894615e-06|1.012694e-05|3.036293e-11|3.883055e-05|
| 626 |True   |  385  |9.967934e-06|1.016397e-05|5.099770e-11|5.111680e-05|
| 631 |True   |  358  |9.981056e-06|1.026772e-05|3.204899e-11|4.365410e-05|
| 633 |True   |  392  |9.930524e-06|1.012658e-05|2.405640e-11|3.018281e-05|
| 628 |True   |  391  |9.954348e-06|1.015035e-05|8.549144e-11|7.759659e-05|
| 632 |True   |  398  |9.947192e-06|1.014323e-05|4.893018e-11|5.120542e-05|
| 629 |True   |  492  |9.898437e-06|1.009449e-05|3.363808e-11|3.931871e-05|
| 634 |True   |  355  |9.967274e-06|1.024631e-05|5.475598e-11|6.479847e-05|
| 635 |True   |  389  |9.957245e-06|1.015330e-05|3.302801e-11|3.774132e-05|
| 636 |True   |  391  |9.881219e-06|1.007727e-05|3.331462e-11|3.887256e-05|
| 640 |True   |  361  |9.937650e-06|1.053854e-05|2.705604e-11|4.255537e-05|
| 638 |True   |  357  |9.885297e-06|1.027224e-05|2.354357e-11|3.618982e-05|
| 639 |True   |  397  |9.990792e-06|1.018680e-05|7.241414e-11|6.741078e-05|
| 642 |True   |  358  |9.927788e-06|1.022958e-05|3.496008e-11|4.813280e-05|
| 641 |True   |  362  |9.838898e-06|1.012263e-05|2.731010e-11|4.548927e-05|
| 637 |True   |  672  |9.980642e-06|1.038331e-05|1.114344e-11|1.600916e-05|
| 643 |True   |  384  |9.982072e-06|1.017811e-05|4.418341e-11|4.374333e-05|
| 645 |True   |  387  |9.981430e-06|1.017749e-05|2.867293e-11|3.177815e-05|
| 644 |True   |  492  |9.921142e-06|1.011718e-05|4.346765e-11|4.608666e-05|
| 646 |True   |  367  |9.951033e-06|1.021219e-05|1.646263e-11|2.302472e-05|
| 647 |True   |  359  |9.850510e-06|1.019456e-05|5.680966e-11|7.114162e-05|
| 648 |True   |  383  |9.924259e-06|1.012031e-05|3.097190e-11|3.694658e-05|
| 649 |True   |  390  |9.937398e-06|1.013343e-05|5.558365e-11|5.523697e-05|
| 650 |True   |  360  |9.943174e-06|1.029967e-05|4.669779e-11|6.270612e-05|
| 655 |True   |  366  |9.888144e-06|1.010554e-05|2.219574e-11|3.093698e-05|
| 654 |True   |  386  |9.925749e-06|1.012181e-05|2.586432e-11|3.103905e-05|
| 653 |True   |  400  |9.937734e-06|1.013377e-05|5.008495e-11|5.175527e-05|
| 651 |True   |  360  |9.833603e-06|1.034111e-05|2.618331e-11|4.150310e-05|
| 652 |True   |  389  |9.969304e-06|1.016535e-05|3.904140e-11|4.202912e-05|
| 657 |True   |  380  |9.962022e-06|1.023796e-05|3.888461e-11|4.963985e-05|
| 625 |True   | 2111  |9.907026e-06|1.073557e-05|8.318193e-10|6.064238e-07|
| 656 |True   |  392  |9.960105e-06|1.015616e-05|3.263079e-11|3.741753e-05|
| 659 |True   |  362  |9.983913e-06|1.024558e-05|3.823213e-11|5.063440e-05|
| 658 |True   |  377  |9.983028e-06|1.022704e-05|3.611105e-11|4.325424e-05|
| 660 |True   |  397  |9.897888e-06|1.009395e-05|2.492060e-11|3.091702e-05|
| 661 |True   |  354  |9.984455e-06|1.049001e-05|2.252008e-11|4.005333e-05|
| 665 |True   |  375  |9.903282e-06|1.021159e-05|1.911896e-11|2.941513e-05|
| 664 |True   |  384  |9.893330e-06|1.010512e-05|2.787426e-11|3.645096e-05|
| 663 |True   |  383  |9.992317e-06|1.018835e-05|5.077716e-11|5.130665e-05|
| 662 |True   |  393  |9.907135e-06|1.010318e-05|4.021895e-11|4.453183e-05|
| 666 |True   |  380  |9.976018e-06|1.025254e-05|4.996766e-11|5.147535e-05|
| 668 |True   |  351  |9.934215e-06|1.027695e-05|2.815982e-11|4.643082e-05|
| 667 |True   |  383  |9.950888e-06|1.021545e-05|3.138455e-11|4.210340e-05|
| 669 |True   |  363  |9.917076e-06|1.019666e-05|3.713982e-11|4.716464e-05|
| 675 |True   |  372  |9.955461e-06|1.028337e-05|7.433849e-11|6.901615e-05|
| 670 |True   |  388  |9.941793e-06|1.013783e-05|4.354624e-11|4.558144e-05|
| 676 |True   |  370  |9.993535e-06|1.022035e-05|6.838187e-11|6.772519e-05|
| 671 |True   |  373  |9.910507e-06|1.010654e-05|5.236138e-11|5.362062e-05|
| 673 |True   |  372  |9.900687e-06|1.009673e-05|4.708208e-11|5.072151e-05|
| 672 |True   |  372  |9.927960e-06|1.015065e-05|2.701605e-11|3.609956e-05|
| 674 |True   |  373  |9.913792e-06|1.010985e-05|3.137055e-11|3.727646e-05|
| 623 |True   | 3488  |9.906908e-06|1.043754e-05|1.269943e-11|1.207709e-05|
| 679 |True   |  354  |9.933937e-06|1.061089e-05|2.997781e-11|5.300995e-05|
| 678 |True   |  362  |9.865329e-06|1.020836e-05|2.868665e-11|4.611008e-05|
| 680 |True   |  390  |9.902459e-06|1.009852e-05|2.315480e-11|3.007973e-05|
| 677 |True   |  569  |9.950366e-06|1.067287e-05|1.598403e-11|3.417147e-05|
| 681 |True   |  399  |9.941097e-06|1.013714e-05|4.107456e-11|4.478524e-05|
| 682 |True   |  371  |9.897084e-06|1.009312e-05|4.989807e-11|5.099473e-05|
| 683 |True   |  390  |9.908638e-06|1.010467e-05|5.284485e-11|5.371536e-05|
| 685 |True   |  354  |9.973249e-06|1.043545e-05|4.600003e-11|5.087522e-05|
| 684 |True   |  362  |9.952523e-06|1.024104e-05|2.126306e-11|2.980314e-05|
| 686 |True   |  379  |9.899875e-06|1.009594e-05|2.102242e-11|2.517028e-05|
| 687 |True   |  371  |9.932552e-06|1.028504e-05|3.276509e-11|3.777046e-05|
| 688 |True   |  389  |9.993168e-06|1.018920e-05|5.207167e-11|5.224256e-05|
| 691 |True   |  361  |9.924929e-06|1.022469e-05|3.329102e-11|4.755829e-05|
| 690 |True   |  380  |9.958500e-06|1.015455e-05|3.594831e-11|3.908337e-05|
| 692 |True   |  372  |9.928744e-06|1.030220e-05|2.824459e-11|3.665655e-05|
| 689 |True   |  398  |9.934657e-06|1.013072e-05|1.801935e-11|2.321958e-05|
| 694 |True   |  382  |9.987238e-06|1.018324e-05|8.793990e-11|7.810409e-05|
| 697 |True   |  372  |9.949498e-06|1.024468e-05|3.170404e-11|3.707558e-05|
| 696 |True   |  354  |9.825751e-06|1.022963e-05|3.009478e-11|4.348319e-05|
| 698 |True   |  397  |9.885509e-06|1.008156e-05|3.434836e-11|3.916787e-05|
| 699 |True   |  357  |9.891093e-06|1.015811e-05|3.686773e-11|4.920225e-05|
| 700 |True   |  383  |9.836023e-06|1.003206e-05|5.087874e-11|5.353980e-05|
| 693 |True   |  680  |9.990479e-06|1.018653e-05|3.316299e-11|3.705044e-05|
| 701 |True   |  390  |9.996090e-06|1.019209e-05|8.460961e-11|7.623498e-05|
| 703 |True   |  354  |9.853423e-06|1.023394e-05|2.924230e-11|4.238550e-05|
| 702 |True   |  393  |9.929381e-06|1.012541e-05|5.137495e-11|5.240682e-05|
| 705 |True   |  363  |9.860264e-06|1.009090e-05|4.678688e-11|5.601916e-05|
| 704 |True   |  377  |9.812380e-06|1.008769e-05|3.871773e-11|5.187886e-05|
| 706 |True   |  388  |9.989699e-06|1.022738e-05|3.588033e-11|4.337892e-05|
| 695 |True   | 1007  |9.948029e-06|1.025254e-05|2.217091e-11|3.030312e-05|
| 707 |True   |  353  |9.860378e-06|1.022038e-05|7.832942e-11|8.285396e-05|
| 712 |True   |  352  |9.820712e-06|1.008084e-05|4.044628e-11|5.431684e-05|
| 709 |True   |  354  |9.874983e-06|1.022307e-05|2.521073e-11|3.618852e-05|
| 711 |True   |  352  |9.909114e-06|1.023356e-05|2.289123e-11|3.537123e-05|
| 710 |True   |  400  |9.988119e-06|1.020362e-05|4.077831e-11|4.470639e-05|
| 708 |True   |  488  |9.927157e-06|1.012319e-05|4.812912e-11|5.097752e-05|
| 713 |True   |  390  |9.934660e-06|1.013073e-05|1.845072e-11|2.382787e-05|
| 714 |True   |  380  |9.995966e-06|1.026789e-05|4.069319e-11|5.061955e-05|
| 715 |True   |  386  |9.954292e-06|1.015034e-05|3.477395e-11|3.846079e-05|
| 716 |True   |  387  |9.922873e-06|1.011892e-05|3.533405e-11|3.965431e-05|
| 718 |True   |  359  |9.884397e-06|1.028467e-05|2.343567e-11|4.008774e-05|
| 719 |True   |  391  |9.950862e-06|1.014692e-05|2.643032e-11|3.138800e-05|
| 720 |True   |  359  |9.960582e-06|1.024952e-05|4.408617e-11|5.557046e-05|
| 721 |True   |  391  |9.976483e-06|1.017253e-05|3.300820e-11|3.772037e-05|
| 723 |True   |  354  |9.950750e-06|1.017508e-05|4.445743e-11|5.110866e-05|
| 717 |True   |  667  |9.783221e-06|1.072595e-05|1.696311e-11|3.506615e-05|
| 722 |True   |  386  |9.886450e-06|1.025054e-05|6.648647e-11|6.567035e-05|
| 724 |True   |  391  |9.918086e-06|1.014961e-05|3.274141e-11|4.204698e-05|
| 726 |True   |  358  |9.905262e-06|1.010134e-05|3.021082e-11|3.671284e-05|
| 725 |True   |  573  |9.977200e-06|1.039307e-05|9.855236e-12|2.253356e-05|
| 730 |True   |  362  |9.975262e-06|1.019034e-05|2.345872e-11|2.992978e-05|
| 729 |True   |  389  |9.915696e-06|1.011176e-05|2.627861e-11|3.131914e-05|
| 728 |True   |  388  |9.949099e-06|1.048880e-05|3.435271e-11|5.432298e-05|
| 727 |True   |  465  |9.936363e-06|1.029163e-05|3.810584e-11|5.402561e-05|
| 731 |True   |  359  |9.919179e-06|1.032402e-05|2.651354e-11|4.114832e-05|
| 734 |True   |  380  |9.890156e-06|1.021430e-05|3.067910e-11|4.262833e-05|
| 732 |True   |  360  |9.928018e-06|1.027970e-05|2.615458e-11|3.724899e-05|
| 737 |True   |  372  |9.947873e-06|1.044859e-05|4.702691e-11|4.936841e-05|
| 735 |True   |  353  |9.983657e-06|1.039141e-05|3.471489e-11|5.239752e-05|
| 736 |True   |  385  |9.986655e-06|1.018270e-05|4.134255e-11|4.415322e-05|
| 738 |True   |  588  |9.929698e-06|1.025653e-05|1.744708e-11|2.176984e-05|
| 733 |True   |  707  |9.929265e-06|1.012533e-05|1.789164e-11|2.324444e-05|
| 740 |True   |  395  |9.926537e-06|1.012256e-05|6.080374e-11|5.931554e-05|
| 739 |True   |  469  |9.945774e-06|1.039968e-05|4.236413e-11|6.173163e-05|
| 743 |True   |  383  |9.986768e-06|1.018273e-05|1.200787e-10|9.976566e-05|
| 741 |True   |  347  |9.968094e-06|1.057172e-05|3.986117e-11|5.557195e-05|
| 742 |True   |  381  |9.909760e-06|1.017395e-05|2.516770e-11|3.590431e-05|
| 746 |True   |  385  |9.990487e-06|1.018654e-05|3.551040e-11|3.848556e-05|
| 747 |True   |  390  |9.966220e-06|1.016227e-05|2.958008e-11|3.249019e-05|
| 745 |True   |  354  |9.926067e-06|1.016955e-05|2.370300e-11|3.554746e-05|
| 749 |True   |  363  |9.978285e-06|1.029105e-05|2.289288e-11|3.342421e-05|
| 748 |True   |  354  |9.990514e-06|1.039877e-05|5.009733e-11|7.067746e-05|
| 744 |True   |  368  |9.948545e-06|1.014518e-05|2.067594e-11|2.450678e-05|
| 750 |True   |  398  |9.993931e-06|1.019990e-05|2.508284e-11|3.033398e-05|
| 751 |True   |  355  |9.831596e-06|1.017628e-05|3.771155e-11|5.129378e-05|
| 752 |True   |  386  |9.900107e-06|1.009612e-05|7.618086e-11|7.164332e-05|
| 754 |True   |  388  |9.962802e-06|1.015885e-05|3.222474e-11|3.688500e-05|
| 753 |True   |  372  |9.868815e-06|1.014111e-05|3.193352e-11|4.113748e-05|
| 756 |True   |  392  |9.883742e-06|1.007980e-05|3.108674e-11|3.748702e-05|
| 755 |True   |  389  |9.999752e-06|1.020381e-05|2.448590e-11|2.727265e-05|
| 758 |True   |  351  |9.914209e-06|1.055506e-05|3.484470e-11|5.580463e-05|
| 760 |True   |  357  |9.854765e-06|1.021125e-05|3.902666e-11|4.815783e-05|
| 759 |True   |  360  |9.911720e-06|1.038947e-05|2.613621e-11|3.938660e-05|
| 762 |True   |  390  |9.986360e-06|1.024924e-05|4.259358e-11|4.914319e-05|
| 763 |True   |  365  |9.936690e-06|1.020395e-05|2.872810e-11|3.733560e-05|
| 764 |True   |  363  |9.962626e-06|1.028172e-05|2.839479e-11|3.788056e-05|
| 766 |True   |  392  |9.868023e-06|1.006405e-05|6.619501e-11|6.578087e-05|
| 765 |True   |  366  |9.889558e-06|1.027923e-05|2.566844e-11|3.181779e-05|
| 768 |True   |  389  |9.940305e-06|1.013635e-05|3.993503e-11|4.428927e-05|
| 769 |True   |  357  |9.855483e-06|1.021224e-05|2.624702e-11|3.814221e-05|
| 770 |True   |  380  |9.977836e-06|1.017657e-05|4.913421e-11|5.092779e-05|
| 771 |True   |  389  |9.969306e-06|1.022460e-05|4.397289e-11|4.680059e-05|
| 761 |True   | 1013  |9.851563e-06|1.059606e-05|2.617351e-11|2.658543e-05|
| 772 |True   |  383  |9.900079e-06|1.009610e-05|7.214481e-11|6.854763e-05|
| 757 |True   | 1206  |9.950177e-06|1.042637e-05|2.381738e-10|1.068531e-03|
| 774 |True   |  386  |9.998215e-06|1.019423e-05|7.200403e-11|6.713212e-05|
| 773 |True   |  470  |9.976632e-06|1.042058e-05|2.034644e-11|3.030345e-05|
| 767 |True   |  786  |9.967634e-06|1.039122e-05|9.924562e-12|1.533417e-05|
| 777 |True   |  391  |9.860639e-06|1.005668e-05|4.553013e-11|4.827134e-05|
| 776 |True   |  397  |9.886868e-06|1.008291e-05|3.936626e-11|4.410062e-05|
| 775 |True   |  482  |9.862058e-06|1.005811e-05|3.682869e-11|4.344958e-05|
| 778 |True   |  387  |9.885897e-06|1.008194e-05|5.654217e-11|5.826603e-05|
| 780 |True   |  350  |9.815621e-06|1.011429e-05|3.845370e-11|5.164185e-05|
| 779 |True   |  399  |9.902609e-06|1.009866e-05|3.568457e-11|3.997088e-05|
| 782 |True   |  382  |9.941815e-06|1.020905e-05|5.018463e-11|6.204756e-05|
| 783 |True   |  380  |9.906082e-06|1.012813e-05|8.659651e-11|7.835635e-05|
| 784 |True   |  382  |9.901982e-06|1.009803e-05|4.040229e-11|4.463128e-05|
| 786 |True   |  368  |9.927920e-06|1.024689e-05|3.728155e-11|4.943550e-05|
| 789 |True   |  384  |9.868090e-06|1.006414e-05|3.755246e-11|4.156894e-05|
| 785 |True   |  580  |9.896791e-06|1.031699e-05|3.763964e-11|4.339128e-05|
| 788 |True   |  360  |9.849782e-06|1.018299e-05|4.993667e-11|6.453927e-05|
| 790 |True   |  394  |9.987277e-06|1.018333e-05|2.668271e-11|3.059136e-05|
| 787 |True   |  504  |9.893296e-06|1.008933e-05|4.395901e-11|4.712669e-05|
| 781 |True   |  793  |9.940665e-06|1.013673e-05|2.495248e-11|3.073223e-05|
| 791 |True   |  361  |9.881148e-06|1.013517e-05|2.494809e-11|3.569643e-05|
| 794 |True   |  345  |9.901292e-06|1.054581e-05|2.189999e-11|3.699832e-05|
| 793 |True   |  385  |9.971802e-06|1.016782e-05|6.489769e-11|6.004811e-05|
| 792 |True   |  391  |9.987190e-06|1.018323e-05|4.451763e-11|4.576291e-05|
| 796 |True   |  379  |9.964923e-06|1.016312e-05|3.216795e-11|3.695416e-05|
| 797 |True   |  362  |9.859136e-06|1.022784e-05|2.838181e-11|4.186997e-05|
| 798 |True   |  386  |9.956786e-06|1.015282e-05|5.008652e-11|5.145185e-05|
| 795 |True   |  591  |9.996982e-06|1.019300e-05|6.497172e-11|6.017708e-05|
| 799 |True   |  382  |9.969971e-06|1.016603e-05|3.381711e-11|3.770811e-05|
| 802 |True   |  383  |9.887860e-06|1.008392e-05|2.964592e-11|3.661651e-05|
| 805 |True   |  354  |9.981677e-06|1.026070e-05|3.430804e-11|4.370182e-05|
| 803 |True   |  384  |9.997059e-06|1.019308e-05|6.196797e-11|5.961778e-05|
| 800 |True   |  375  |9.986116e-06|1.031046e-05|3.770896e-11|3.930293e-05|
| 801 |True   |  388  |9.976923e-06|1.017298e-05|2.634754e-11|3.055918e-05|
| 804 |True   |  378  |9.970531e-06|1.017637e-05|2.528636e-11|3.023856e-05|
| 806 |True   |  360  |9.867612e-06|1.022560e-05|3.253488e-11|4.748918e-05|
| 807 |True   |  382  |9.945193e-06|1.019056e-05|5.659822e-11|6.425611e-05|
| 808 |True   |  351  |9.913494e-06|1.049059e-05|4.484213e-11|5.165880e-05|
| 809 |True   |  387  |9.924442e-06|1.012050e-05|2.379500e-11|3.006523e-05|
| 810 |True   |  379  |9.957829e-06|1.015390e-05|1.956368e-11|2.355414e-05|
| 811 |True   |  370  |9.997716e-06|1.023119e-05|5.881668e-11|6.396301e-05|
| 812 |True   |  367  |9.987074e-06|1.037884e-05|3.859086e-11|5.475435e-05|
| 816 |True   |  365  |9.980647e-06|1.028239e-05|3.681705e-11|4.872766e-05|
| 813 |True   |  389  |9.879961e-06|1.007601e-05|3.738034e-11|4.358672e-05|
| 814 |True   |  386  |9.920409e-06|1.011648e-05|2.372951e-11|3.017916e-05|
| 817 |True   |  390  |9.929035e-06|1.012509e-05|3.173019e-11|3.709845e-05|
| 819 |True   |  364  |9.826861e-06|1.018238e-05|4.449473e-11|6.490102e-05|
| 815 |True   |  388  |9.941837e-06|1.014567e-05|3.095780e-11|3.723832e-05|
| 818 |True   |  381  |9.938456e-06|1.016022e-05|3.626223e-11|4.057277e-05|
| 820 |True   |  385  |9.939711e-06|1.013576e-05|3.157547e-11|3.725145e-05|
| 822 |True   |  359  |9.911071e-06|1.015295e-05|2.576097e-11|3.586088e-05|
| 821 |True   |  386  |9.901622e-06|1.009766e-05|4.357781e-11|4.684428e-05|
| 823 |True   |  381  |9.855370e-06|1.005141e-05|4.528242e-11|5.038801e-05|
| 825 |True   |  389  |9.977145e-06|1.017316e-05|7.192148e-11|6.724252e-05|
| 824 |True   |  363  |9.949403e-06|1.022831e-05|2.782252e-11|3.703972e-05|
| 826 |True   |  381  |9.849641e-06|1.018824e-05|5.494129e-11|5.776124e-05|
| 829 |True   |  373  |9.835542e-06|1.014451e-05|3.809880e-11|5.407291e-05|
| 828 |True   |  353  |9.874583e-06|1.014099e-05|1.793846e-11|2.925213e-05|
| 827 |True   |  392  |9.934203e-06|1.013026e-05|2.371606e-11|2.898625e-05|
| 830 |True   |  360  |9.992155e-06|1.032704e-05|3.676598e-11|4.769303e-05|
| 834 |True   |  383  |9.980807e-06|1.017685e-05|4.115412e-11|4.410849e-05|
| 831 |True   |  365  |9.987754e-06|1.050938e-05|1.461930e-11|2.962874e-05|
| 832 |True   |  493  |9.974450e-06|1.019285e-05|3.045081e-11|3.677000e-05|
| 833 |True   |  379  |9.821994e-06|1.010603e-05|4.910506e-11|6.407733e-05|
| 836 |True   |  381  |9.907154e-06|1.016861e-05|4.354686e-11|4.679753e-05|
| 837 |True   |  367  |9.870839e-06|1.013029e-05|3.391341e-11|4.440042e-05|
| 838 |True   |  381  |9.973545e-06|1.026396e-05|7.333343e-11|6.955433e-05|
| 839 |True   |  350  |9.944227e-06|1.037547e-05|5.602615e-11|6.587845e-05|
| 841 |True   |  365  |9.954788e-06|1.040702e-05|3.406828e-11|4.828478e-05|
| 842 |True   |  373  |9.892006e-06|1.009949e-05|4.352296e-11|4.986276e-05|
| 840 |True   |  474  |9.879832e-06|1.032779e-05|3.496112e-11|5.366154e-05|
| 844 |True   |  376  |9.986272e-06|1.018231e-05|4.966400e-11|5.020675e-05|
| 845 |True   |  367  |9.911318e-06|1.030129e-05|2.685257e-11|3.620997e-05|
| 843 |True   |  490  |9.875643e-06|1.007169e-05|3.951391e-11|4.451372e-05|
| 835 |True   | 1144  |9.957415e-06|1.015355e-05|1.395970e-11|1.557905e-05|
| 846 |True   |  357  |9.954212e-06|1.040306e-05|2.614151e-11|3.597292e-05|
| 847 |True   |  387  |9.980099e-06|1.017613e-05|5.049440e-11|5.155840e-05|
| 848 |True   |  354  |9.917618e-06|1.031168e-05|1.786270e-11|2.894864e-05|
| 849 |True   |  355  |9.977748e-06|1.050576e-05|2.932054e-10|2.161754e-04|
| 850 |True   |  386  |9.996182e-06|1.032892e-05|4.103538e-11|5.102944e-05|
| 852 |True   |  371  |9.960237e-06|1.022827e-05|3.023138e-11|4.182419e-05|
| 851 |True   |  393  |9.922018e-06|1.011807e-05|3.893035e-11|4.362136e-05|
| 853 |True   |  356  |9.897180e-06|1.069610e-05|4.301115e-11|6.528086e-05|
| 854 |True   |  358  |9.969895e-06|1.038232e-05|4.662932e-11|6.092104e-05|
| 856 |True   |  391  |9.878026e-06|1.007406e-05|4.848435e-11|5.194092e-05|
| 857 |True   |  386  |9.968897e-06|1.016494e-05|4.067932e-11|4.407933e-05|
| 855 |True   |  356  |9.959281e-06|1.019463e-05|2.913102e-11|3.667713e-05|
| 858 |True   |  378  |9.956695e-06|1.015272e-05|6.742943e-11|6.337439e-05|
| 859 |True   |  385  |9.968813e-06|1.016486e-05|4.137111e-11|4.475172e-05|
| 862 |True   |  357  |9.859530e-06|1.022218e-05|2.568559e-11|3.741953e-05|
| 861 |True   |  382  |9.958398e-06|1.015443e-05|4.767452e-11|4.766914e-05|
| 860 |True   |  381  |9.976023e-06|1.017210e-05|3.272161e-11|3.706884e-05|
| 863 |True   |  380  |9.920927e-06|1.020041e-05|2.415081e-11|3.555148e-05|
| 864 |True   |  382  |9.969896e-06|1.024247e-05|4.311895e-11|5.318106e-05|
| 868 |True   |  377  |9.884482e-06|1.027190e-05|3.555885e-11|5.138734e-05|
| 866 |True   |  364  |9.941408e-06|1.025169e-05|1.501387e-11|2.289968e-05|
| 869 |True   |  360  |9.968331e-06|1.018826e-05|3.985076e-11|4.483345e-05|
| 872 |True   |  372  |9.843565e-06|1.014400e-05|3.846531e-11|4.600350e-05|
| 867 |True   |  386  |9.865216e-06|1.010826e-05|3.727257e-11|4.849412e-05|
| 871 |True   |  369  |9.887797e-06|1.012234e-05|3.479267e-11|4.323658e-05|
| 870 |True   |  469  |9.977206e-06|1.035706e-05|3.560242e-11|4.972429e-05|
| 865 |True   |  804  |9.967181e-06|1.016324e-05|2.518926e-11|3.028851e-05|
| 874 |True   |  384  |9.869364e-06|1.006540e-05|5.350736e-11|5.558698e-05|
| 873 |True   |  476  |9.884092e-06|1.013630e-05|2.141309e-11|3.262772e-05|
| 877 |True   |  384  |9.830372e-06|1.002639e-05|7.140305e-11|6.978172e-05|
| 875 |True   |  392  |9.906101e-06|1.010214e-05|4.423203e-11|4.731087e-05|
| 876 |True   |  394  |9.953679e-06|1.014973e-05|2.764596e-11|3.180620e-05|
| 878 |True   |  362  |9.867297e-06|1.010940e-05|3.287025e-11|4.190346e-05|
| 882 |True   |  360  |9.853761e-06|1.031082e-05|3.536912e-11|5.467856e-05|
| 880 |True   |  358  |9.884797e-06|1.043927e-05|3.146947e-11|5.273224e-05|
| 884 |True   |  346  |9.749385e-06|1.059788e-05|2.788225e-11|4.710239e-05|
| 881 |True   |  385  |9.963629e-06|1.015965e-05|6.196974e-11|6.013901e-05|
| 885 |True   |  372  |9.887523e-06|1.026548e-05|1.167710e-11|2.300178e-05|
| 879 |True   |  565  |9.831843e-06|1.037662e-05|2.212057e-11|4.536774e-05|
| 886 |True   |  379  |9.883858e-06|1.015028e-05|3.223073e-11|4.297991e-05|
| 890 |True   |  358  |9.980258e-06|1.035869e-05|3.135425e-11|4.234956e-05|
| 888 |True   |  392  |9.929422e-06|1.012545e-05|6.098703e-11|5.982877e-05|
| 887 |True   |  370  |9.873655e-06|1.030247e-05|2.204032e-11|3.526719e-05|
| 889 |True   |  386  |9.894889e-06|1.009094e-05|2.996547e-11|3.673990e-05|
| 892 |True   |  391  |9.926909e-06|1.012296e-05|3.127734e-11|3.696720e-05|
| 891 |True   |  386  |9.999278e-06|1.019532e-05|4.196389e-11|4.448400e-05|
| 893 |True   |  385  |9.947586e-06|1.014363e-05|4.287511e-11|4.537683e-05|
| 883 |True   |  896  |9.962364e-06|1.015844e-05|1.410610e-11|1.558653e-05|
| 894 |True   |  390  |9.886299e-06|1.008233e-05|5.666165e-11|5.843111e-05|
| 896 |True   |  387  |9.872147e-06|1.006820e-05|3.702031e-11|4.328011e-05|
| 895 |True   |  382  |9.934584e-06|1.013065e-05|2.427580e-11|3.040617e-05|
| 900 |True   |  354  |9.871145e-06|1.042989e-05|2.433361e-11|4.546578e-05|
| 897 |True   |  355  |9.997008e-06|1.043244e-05|2.872036e-11|4.234923e-05|
| 902 |True   |  355  |9.773534e-06|1.022582e-05|3.994348e-11|6.422445e-05|
| 899 |True   |  390  |9.935044e-06|1.013110e-05|3.147629e-11|3.728558e-05|
| 898 |True   |  369  |9.945973e-06|1.020702e-05|2.820312e-11|3.258162e-05|
| 901 |True   |  370  |9.989510e-06|1.019522e-05|6.597106e-11|6.000621e-05|
| 904 |True   |  438  |9.869719e-06|1.022349e-05|1.876310e-11|3.450366e-05|
| 906 |True   |  385  |9.901353e-06|1.009740e-05|3.946930e-11|4.408665e-05|
| 903 |True   |  354  |9.901736e-06|1.016844e-05|3.857673e-11|4.501783e-05|
| 908 |True   |  385  |9.937744e-06|1.013380e-05|3.138780e-11|3.687947e-05|
| 909 |True   |  388  |9.899552e-06|1.009560e-05|4.659152e-11|4.959710e-05|
| 910 |True   |  360  |9.974968e-06|1.050226e-05|3.286714e-11|4.968709e-05|
| 907 |True   |  400  |9.879983e-06|1.007603e-05|3.740897e-11|4.371421e-05|
| 912 |True   |  373  |9.857562e-06|1.016981e-05|3.699489e-11|4.362048e-05|
| 911 |True   |  387  |9.864352e-06|1.006487e-05|4.358491e-11|4.935203e-05|
| 913 |True   |  376  |9.923734e-06|1.011979e-05|3.893205e-11|4.360988e-05|
| 915 |True   |  374  |9.997943e-06|1.019400e-05|2.657787e-11|3.046222e-05|
| 905 |True   |  695  |9.964410e-06|1.026998e-05|5.842242e-12|1.517593e-05|
| 914 |True   |  470  |9.924482e-06|1.046336e-05|3.089044e-11|4.991316e-05|
| 916 |True   |  364  |9.874006e-06|1.022564e-05|2.926530e-11|4.638787e-05|
| 918 |True   |  392  |9.981911e-06|1.018798e-05|2.553498e-11|3.057824e-05|
| 920 |True   |  388  |9.875293e-06|1.007134e-05|3.565378e-11|4.007491e-05|
| 917 |True   |  465  |9.937127e-06|1.066225e-05|3.648051e-11|5.415206e-05|
| 924 |True   |  362  |9.845196e-06|1.049198e-05|3.239486e-11|4.623595e-05|
| 921 |True   |  363  |9.950377e-06|1.028529e-05|3.137218e-11|4.259158e-05|
| 923 |True   |  385  |9.986449e-06|1.018250e-05|3.686114e-11|3.950383e-05|
| 922 |True   |  382  |9.889583e-06|1.008562e-05|5.067238e-11|5.287913e-05|
| 925 |True   |  372  |9.839419e-06|1.014244e-05|2.890797e-11|4.633174e-05|
| 926 |True   |  365  |9.970738e-06|1.060141e-05|4.306492e-11|4.556917e-05|
| 928 |True   |  354  |9.956249e-06|1.021066e-05|2.610423e-11|3.599666e-05|
| 927 |True   |  391  |9.946627e-06|1.014267e-05|4.009646e-11|4.382819e-05|
| 931 |True   |  374  |9.955114e-06|1.015667e-05|2.687429e-11|3.060447e-05|
| 929 |True   |  395  |9.875087e-06|1.007113e-05|4.426641e-11|4.721997e-05|
| 932 |True   |  392  |9.939119e-06|1.013514e-05|5.912673e-11|5.726077e-05|
| 930 |True   |  472  |9.954015e-06|1.027038e-05|1.577519e-11|3.425531e-05|
| 937 |True   |  361  |9.881076e-06|1.025258e-05|4.753930e-11|6.125947e-05|
| 935 |True   |  365  |9.961005e-06|1.022507e-05|2.992584e-11|4.170321e-05|
| 933 |True   |  387  |9.914913e-06|1.012233e-05|2.996348e-11|3.692834e-05|
| 936 |True   |  353  |9.926225e-06|1.016952e-05|3.926274e-11|4.892499e-05|
| 938 |True   |  387  |9.946172e-06|1.014220e-05|6.144885e-11|6.001248e-05|
| 942 |True   |  350  |9.912881e-06|1.045739e-05|3.368963e-11|5.674263e-05|
| 939 |True   |  372  |9.969446e-06|1.016548e-05|5.475951e-11|5.386167e-05|
| 943 |True   |  356  |9.907051e-06|1.030656e-05|4.760191e-11|6.096417e-05|
| 934 |True   |  665  |9.958561e-06|1.066733e-05|8.597857e-10|3.774214e-03|
| 941 |True   |  389  |9.898130e-06|1.009418e-05|3.003801e-11|3.674121e-05|
| 940 |True   |  393  |9.874018e-06|1.007006e-05|4.222755e-11|4.646890e-05|
| 945 |True   |  363  |9.870239e-06|1.010187e-05|3.080546e-11|4.198178e-05|
| 946 |True   |  353  |9.832979e-06|1.010816e-05|4.245434e-11|5.089438e-05|
| 949 |True   |  372  |9.966715e-06|1.024492e-05|3.743334e-11|4.844696e-05|
| 953 |True   |  358  |9.947204e-06|1.022207e-05|4.270561e-11|5.330954e-05|
| 944 |True   |  573  |9.898236e-06|1.043952e-05|3.787036e-11|5.492539e-05|
| 954 |True   |  393  |9.918714e-06|1.011477e-05|2.987659e-11|3.340948e-05|
| 951 |True   |  381  |9.952137e-06|1.028045e-05|4.709639e-11|5.184859e-05|
| 948 |True   |  564  |9.899908e-06|1.043600e-05|1.618923e-11|3.554053e-05|
| 952 |True   |  351  |9.894733e-06|1.058845e-05|2.683696e-11|4.350332e-05|
| 950 |True   |  388  |9.977858e-06|1.017392e-05|2.645956e-11|3.071478e-05|
| 955 |True   |  380  |9.932241e-06|1.018221e-05|3.927315e-11|4.400544e-05|
| 956 |True   |  386  |9.943473e-06|1.013953e-05|2.444748e-11|3.017758e-05|
| 947 |True   | 1110  |9.937165e-06|1.023087e-05|1.299389e-11|1.544723e-05|
| 958 |True   |  355  |9.925544e-06|1.026295e-05|3.695573e-11|4.939663e-05|
| 957 |True   |  392  |9.947388e-06|1.014345e-05|2.472557e-11|3.048350e-05|
| 959 |True   |  390  |9.878614e-06|1.007465e-05|4.618149e-11|5.058007e-05|
| 961 |True   |  387  |9.911819e-06|1.010788e-05|2.489592e-11|2.877618e-05|
| 963 |True   |  393  |9.983212e-06|1.020471e-05|2.428979e-11|3.046384e-05|
| 964 |True   |  473  |9.832401e-06|1.031626e-05|2.499986e-11|4.370075e-05|
| 965 |True   |  391  |9.906593e-06|1.010264e-05|3.385232e-11|3.835175e-05|
| 962 |True   |  481  |9.889366e-06|1.008542e-05|2.975961e-11|3.672167e-05|
| 966 |True   |  389  |9.998680e-06|1.019472e-05|5.131340e-11|5.195285e-05|
| 960 |True   |  575  |9.946158e-06|1.017275e-05|3.119307e-11|3.793670e-05|
| 968 |True   |  376  |9.845485e-06|1.009461e-05|2.894584e-11|3.649720e-05|
| 967 |True   |  387  |9.955510e-06|1.015157e-05|2.730242e-11|3.167700e-05|
| 970 |True   |  383  |9.989555e-06|1.018560e-05|3.983793e-11|4.195508e-05|
| 969 |True   |  390  |9.955909e-06|1.015195e-05|4.649938e-11|4.817079e-05|
| 919 |True   | 3340  |9.892928e-06|1.052841e-05|2.338347e-11|3.092424e-05|
| 971 |True   |  374  |9.995723e-06|1.020917e-05|3.092822e-11|3.677082e-05|
| 974 |True   |  375  |9.915328e-06|1.033513e-05|3.496380e-11|4.752250e-05|
| 973 |True   |  387  |9.882379e-06|1.007843e-05|2.946335e-11|3.658836e-05|
| 972 |True   |  357  |9.918942e-06|1.016078e-05|3.347589e-11|4.308643e-05|
| 975 |True   |  351  |9.937567e-06|1.020993e-05|5.742515e-11|6.542192e-05|
| 976 |True   |  388  |9.986130e-06|1.018218e-05|3.589605e-11|3.849145e-05|
| 978 |True   |  357  |9.976138e-06|1.027312e-05|3.191664e-11|4.244017e-05|
| 977 |True   |  389  |9.974049e-06|1.017007e-05|7.168346e-11|6.778541e-05|
| 979 |True   |  385  |9.868400e-06|1.006444e-05|4.825982e-11|5.181071e-05|
| 980 |True   |  378  |9.900484e-06|1.019930e-05|1.696596e-11|2.904280e-05|
| 981 |True   |  365  |9.807370e-06|1.027057e-05|3.014579e-11|4.744172e-05|
| 982 |True   |  380  |9.915750e-06|1.011180e-05|3.717381e-11|4.134618e-05|
| 983 |True   |  371  |9.915817e-06|1.013979e-05|3.103671e-11|3.863943e-05|
| 985 |True   |  361  |9.870292e-06|1.054090e-05|2.337717e-11|4.334599e-05|
| 986 |True   |  353  |9.798697e-06|1.016088e-05|3.856364e-11|5.877202e-05|
| 984 |True   |  381  |9.953708e-06|1.017209e-05|1.858314e-11|2.326337e-05|
| 987 |True   |  357  |9.854695e-06|1.016466e-05|2.942946e-11|4.224432e-05|
| 988 |True   |  385  |9.984061e-06|1.019531e-05|1.916785e-11|2.346699e-05|
| 989 |True   |  393  |9.951962e-06|1.014799e-05|5.913082e-11|5.877926e-05|
| 990 |True   |  362  |9.917739e-06|1.019636e-05|2.836799e-11|4.137731e-05|
| 991 |True   |  387  |9.911650e-06|1.010771e-05|2.349324e-11|3.021148e-05|
| 992 |True   |  391  |9.933561e-06|1.012970e-05|4.679700e-11|4.820453e-05|
| 993 |True   |  368  |9.891983e-06|1.036147e-05|2.505531e-11|4.166373e-05|
| 996 |True   |  354  |9.831829e-06|1.029374e-05|2.610781e-11|4.219164e-05|
| 997 |True   |  397  |9.916372e-06|1.011242e-05|3.875357e-11|4.386404e-05|
| 994 |True   |  395  |9.848370e-06|1.004479e-05|4.577295e-11|5.063207e-05|
| 995 |True   |  359  |9.846206e-06|1.020767e-05|3.053153e-11|4.320654e-05|
| 998 |True   |  376  |9.939213e-06|1.013526e-05|4.427214e-11|4.609605e-05|
| 999 |True   |  368  |9.932831e-06|1.012887e-05|4.853273e-11|5.158701e-05|
