|seed |success|  nit  |  mu_check  |   mu_sum   |   G_norm   | step_norm  |
|  2  |True   |  357  |9.772178e-06|1.126973e-05|1.311128e-10|4.157552e-05|
|  3  |True   |  362  |9.941015e-06|1.095651e-05|2.120068e-10|6.748412e-05|
|  0  |True   |  379  |9.663378e-06|1.043239e-05|2.495001e-10|8.312208e-05|
|  1  |True   |  376  |9.952615e-06|1.072152e-05|3.549625e-10|1.137934e-04|
|  5  |True   |  346  |9.723578e-06|1.074841e-05|1.342124e-10|5.700862e-05|
|  6  |True   |  349  |9.994570e-06|1.146777e-05|2.900189e-10|9.284983e-05|
|  4  |True   |  353  |9.810355e-06|1.082291e-05|2.846852e-10|1.048354e-04|
|  8  |True   |  362  |9.887007e-06|1.065597e-05|3.065050e-10|9.924299e-05|
|  7  |True   |  377  |9.973334e-06|1.074236e-05|2.392176e-10|7.469976e-05|
| 10  |True   |  376  |9.744093e-06|1.051314e-05|2.060497e-10|6.853633e-05|
|  9  |True   |  384  |9.916259e-06|1.216626e-05|2.705784e-10|9.020920e-05|
| 12  |True   |  361  |9.667579e-06|1.091904e-05|1.641133e-10|6.594144e-05|
| 11  |True   |  375  |9.658535e-06|1.042754e-05|2.749540e-10|9.262504e-05|
| 14  |True   |  345  |9.619958e-06|1.253805e-05|2.656966e-10|9.046737e-05|
| 16  |True   |  347  |9.785352e-06|1.084469e-05|1.926184e-10|7.911082e-05|
| 15  |True   |  350  |9.777376e-06|1.092016e-05|1.026197e-10|3.957428e-05|
| 17  |True   |  347  |9.645725e-06|1.145808e-05|3.296948e-10|1.385842e-04|
| 13  |True   |  391  |9.918502e-06|1.068754e-05|2.194702e-10|7.179631e-05|
| 19  |True   |  382  |9.907874e-06|1.067684e-05|2.954860e-10|9.610703e-05|
| 18  |True   |  398  |9.974063e-06|1.078177e-05|9.816157e-11|2.591766e-05|
| 20  |True   |  347  |9.651223e-06|1.107084e-05|1.361637e-10|6.068749e-05|
| 21  |True   |  367  |9.751497e-06|1.132990e-05|1.479633e-10|4.723900e-05|
| 22  |True   |  367  |9.684089e-06|1.045316e-05|1.957550e-10|6.436736e-05|
| 24  |True   |  372  |9.890000e-06|1.110532e-05|1.488167e-10|4.539029e-05|
| 23  |True   |  388  |9.748639e-06|1.051769e-05|2.020420e-10|6.725030e-05|
| 25  |True   |  381  |9.722938e-06|1.091075e-05|1.936065e-10|6.370334e-05|
| 28  |True   |  352  |9.543263e-06|1.031218e-05|3.675580e-10|1.260878e-04|
| 26  |True   |  377  |9.897927e-06|1.130425e-05|1.663019e-10|6.563210e-05|
| 31  |True   |  345  |9.903575e-06|1.180896e-05|2.099445e-10|9.666138e-05|
| 30  |True   |  367  |9.760340e-06|1.053890e-05|2.089101e-10|6.837392e-05|
| 32  |True   |  344  |9.898919e-06|1.190052e-05|1.410326e-10|6.336964e-05|
| 27  |True   |  392  |9.833235e-06|1.060228e-05|2.087360e-10|6.755478e-05|
| 34  |True   |  392  |9.983282e-06|1.075245e-05|9.900420e-11|2.607051e-05|
| 29  |True   |  473  |9.748997e-06|1.107488e-05|1.808488e-10|8.087206e-05|
| 35  |True   |  386  |9.948931e-06|1.071797e-05|2.151730e-10|6.728564e-05|
| 36  |True   |  362  |9.769064e-06|1.060484e-05|2.033181e-10|6.602243e-05|
| 37  |True   |  365  |9.959801e-06|1.087999e-05|1.318592e-10|4.388362e-05|
| 33  |True   |  568  |9.722832e-06|1.049173e-05|3.731310e-10|1.227352e-04|
| 38  |True   |  357  |9.971356e-06|1.079929e-05|2.581278e-10|9.015090e-05|
| 39  |True   |  344  |9.871312e-06|1.119898e-05|9.063391e-11|3.993296e-05|
| 43  |True   |  338  |9.950327e-06|1.383264e-05|1.120719e-10|5.136239e-05|
| 40  |True   |  358  |9.681442e-06|1.141324e-05|7.316943e-11|3.535083e-05|
| 44  |True   |  345  |9.883056e-06|1.149803e-05|1.563722e-10|6.283895e-05|
| 42  |True   |  378  |9.570626e-06|1.059906e-05|1.554668e-10|6.191962e-05|
| 46  |True   |  353  |9.638137e-06|1.085111e-05|2.569702e-10|9.794218e-05|
| 45  |True   |  372  |9.695141e-06|1.046414e-05|2.768185e-10|9.194102e-05|
| 47  |True   |  381  |9.774459e-06|1.269813e-05|1.782567e-10|5.896967e-05|
| 49  |True   |  355  |9.898416e-06|1.066748e-05|2.132337e-10|6.879674e-05|
| 50  |True   |  376  |9.942178e-06|1.071132e-05|1.105658e-10|2.996188e-05|
| 51  |True   |  362  |9.670013e-06|1.069511e-05|1.110027e-10|4.248699e-05|
| 41  |True   |  799  |9.450391e-06|1.304376e-05|7.778430e-11|2.281199e-05|
| 52  |True   |  352  |9.766073e-06|1.123704e-05|6.165959e-11|3.518394e-05|
| 54  |True   |  345  |9.549754e-06|1.130800e-05|1.978400e-10|9.463044e-05|
| 56  |True   |  358  |9.966380e-06|1.100772e-05|2.949774e-10|9.536743e-05|
| 53  |True   |  385  |9.629592e-06|1.076895e-05|2.659722e-10|9.343648e-05|
| 59  |True   |  376  |9.806371e-06|1.057549e-05|1.421514e-10|4.635904e-05|
| 58  |True   |  378  |9.684260e-06|1.045333e-05|1.959698e-10|6.455248e-05|
| 61  |True   |  367  |9.803009e-06|1.224444e-05|1.872239e-10|6.265077e-05|
| 60  |True   |  366  |9.714056e-06|1.048318e-05|1.369546e-10|4.609474e-05|
| 55  |True   |  686  |9.962894e-06|1.073195e-05|2.206418e-10|7.185387e-05|
| 48  |True   | 1229  |9.826119e-06|1.059529e-05|9.010301e-11|2.491830e-05|
| 62  |True   |  396  |9.754105e-06|1.052298e-05|3.853032e-10|1.263215e-04|
| 57  |True   |  701  |9.830727e-06|1.059978e-05|2.082559e-10|6.753318e-05|
| 63  |True   |  371  |9.682298e-06|1.045108e-05|4.784629e-10|1.586838e-04|
| 64  |True   |  344  |9.989175e-06|1.189231e-05|1.308984e-10|4.601801e-05|
| 65  |True   |  352  |9.978282e-06|1.099744e-05|1.326428e-10|4.463137e-05|
| 67  |True   |  379  |9.756886e-06|1.052594e-05|2.022540e-10|6.649233e-05|
| 66  |True   |  403  |9.693131e-06|1.046226e-05|1.329054e-10|4.349069e-05|
| 68  |True   |  358  |9.883857e-06|1.097486e-05|1.655454e-10|6.152085e-05|
| 70  |True   |  349  |9.850046e-06|1.110794e-05|1.589270e-10|6.476081e-05|
| 69  |True   |  378  |9.797465e-06|1.056652e-05|2.065864e-10|6.821449e-05|
| 72  |True   |  337  |9.972079e-06|1.277457e-05|9.996934e-11|4.122202e-05|
| 71  |True   |  345  |9.722947e-06|1.131205e-05|1.415109e-10|6.246480e-05|
| 74  |True   |  378  |9.790225e-06|1.055920e-05|2.846041e-10|9.298294e-05|
| 73  |True   |  364  |9.660675e-06|1.178262e-05|1.844683e-10|8.274996e-05|
| 75  |True   |  382  |9.917705e-06|1.097627e-05|2.083938e-10|6.549244e-05|
| 76  |True   |  367  |9.573865e-06|1.034279e-05|3.470905e-10|1.194989e-04|
| 77  |True   |  364  |9.802124e-06|1.081602e-05|2.096261e-10|8.309182e-05|
| 78  |True   |  389  |9.863796e-06|1.071485e-05|2.079708e-10|6.644015e-05|
| 79  |True   |  379  |9.876911e-06|1.064588e-05|2.911465e-10|9.312622e-05|
| 81  |True   |  356  |9.948068e-06|1.114858e-05|1.898039e-10|6.504024e-05|
| 83  |True   |  349  |9.969481e-06|1.115356e-05|2.126876e-10|6.843241e-05|
| 82  |True   |  356  |9.753501e-06|1.175275e-05|2.262652e-10|9.380341e-05|
| 80  |True   |  482  |9.749789e-06|1.051874e-05|3.078593e-10|1.004184e-04|
| 84  |True   |  388  |9.666502e-06|1.043558e-05|1.758157e-10|5.806668e-05|
| 85  |True   |  380  |9.764747e-06|1.055794e-05|1.317393e-10|4.223718e-05|
| 86  |True   |  378  |9.991159e-06|1.076002e-05|3.983878e-10|1.270950e-04|
| 87  |True   |  375  |9.867058e-06|1.136269e-05|2.774127e-10|9.081998e-05|
| 91  |True   |  370  |9.784426e-06|1.055355e-05|1.371724e-10|4.305755e-05|
| 89  |True   |  351  |9.773035e-06|1.082532e-05|1.377974e-10|4.592413e-05|
| 88  |True   |  386  |9.604482e-06|1.037331e-05|4.454370e-10|1.508023e-04|
| 90  |True   |  388  |9.827910e-06|1.059694e-05|2.244785e-10|7.161138e-05|
| 93  |True   |  391  |9.711510e-06|1.048063e-05|1.332633e-10|4.276033e-05|
| 92  |True   |  373  |9.929992e-06|1.118323e-05|1.425749e-10|4.331685e-05|
| 97  |True   |  345  |9.623175e-06|1.114639e-05|1.012362e-10|3.925672e-05|
| 96  |True   |  345  |9.714376e-06|1.152995e-05|1.525799e-10|5.900153e-05|
| 94  |True   |  374  |9.853331e-06|1.062229e-05|2.955973e-10|9.846515e-05|
| 95  |True   |  368  |9.948294e-06|1.071717e-05|4.012125e-10|1.282849e-04|
| 99  |True   |  341  |9.631819e-06|1.116526e-05|8.896338e-11|5.040118e-05|
| 102 |True   |  388  |9.920437e-06|1.088289e-05|1.754178e-10|6.461601e-05|
| 98  |True   |  376  |9.903891e-06|1.102147e-05|2.149637e-10|8.623848e-05|
| 104 |True   |  370  |9.880179e-06|1.110782e-05|1.405949e-10|4.395943e-05|
| 101 |True   |  351  |9.674149e-06|1.065343e-05|4.313520e-11|2.591359e-05|
| 100 |True   |  376  |9.686890e-06|1.045578e-05|3.711819e-10|1.243642e-04|
| 103 |True   |  341  |9.688371e-06|1.215097e-05|2.078130e-10|8.715940e-05|
| 108 |True   |  341  |9.866984e-06|1.406434e-05|2.516761e-10|8.584846e-05|
| 107 |True   |  378  |9.905016e-06|1.076785e-05|1.027625e-10|2.782628e-05|
| 105 |True   |  374  |9.750711e-06|1.127865e-05|1.916192e-10|6.406343e-05|
| 106 |True   |  355  |9.650460e-06|1.055821e-05|2.332089e-10|8.724504e-05|
| 109 |True   |  379  |9.615576e-06|1.038466e-05|1.939409e-10|6.701382e-05|
| 110 |True   |  356  |9.915870e-06|1.149145e-05|4.274031e-13|1.341974e-07|
| 111 |True   |  357  |9.746776e-06|1.067244e-05|1.667638e-10|6.177188e-05|
| 112 |True   |  350  |9.681657e-06|1.069985e-05|1.650884e-10|6.463233e-05|
| 114 |True   |  357  |9.856279e-06|1.141156e-05|9.967069e-11|3.007664e-05|
| 116 |True   |  345  |9.613343e-06|1.137698e-05|5.070465e-11|2.092522e-05|
| 117 |True   |  369  |9.961702e-06|1.114212e-05|1.549508e-10|5.909151e-05|
| 115 |True   |  341  |9.761080e-06|1.133238e-05|2.373832e-11|1.817140e-05|
| 113 |True   |  372  |9.913298e-06|1.068234e-05|2.135227e-10|6.792779e-05|
| 119 |True   |  353  |9.790956e-06|1.115315e-05|1.365472e-10|4.878069e-05|
| 121 |True   |  373  |9.963732e-06|1.076610e-05|3.944750e-10|1.261262e-04|
| 118 |True   |  388  |9.890517e-06|1.065963e-05|1.438877e-10|4.392829e-05|
| 124 |True   |  346  |9.633514e-06|1.102650e-05|1.922919e-10|7.604353e-05|
| 120 |True   |  377  |9.971118e-06|1.090066e-05|1.496738e-10|4.598845e-05|
| 125 |True   |  381  |9.649831e-06|1.041888e-05|2.016182e-10|6.928985e-05|
| 123 |True   |  378  |9.740486e-06|1.230989e-05|1.238530e-10|4.120491e-05|
| 122 |True   |  357  |9.640149e-06|1.052723e-05|1.793879e-10|6.672169e-05|
| 126 |True   |  366  |9.719113e-06|1.072699e-05|4.376355e-10|1.432373e-04|
| 129 |True   |  382  |9.793623e-06|1.056260e-05|2.865302e-10|9.342411e-05|
| 128 |True   |  370  |9.844556e-06|1.061362e-05|2.064534e-10|6.480762e-05|
| 127 |True   |  385  |9.696616e-06|1.046574e-05|1.326287e-10|4.308216e-05|
| 131 |True   |  353  |9.797771e-06|1.161932e-05|2.674111e-10|8.954822e-05|
| 130 |True   |  367  |9.638722e-06|1.066590e-05|1.936871e-10|8.039274e-05|
| 132 |True   |  361  |9.538272e-06|1.230533e-05|3.719257e-10|1.259289e-04|
| 136 |True   |  371  |9.876233e-06|1.081282e-05|2.895496e-10|9.509262e-05|
| 134 |True   |  357  |9.568200e-06|1.048870e-05|3.153308e-10|1.049825e-04|
| 133 |True   |  391  |9.769217e-06|1.175304e-05|2.622740e-10|8.879147e-05|
| 137 |True   |  345  |9.824155e-06|1.106581e-05|3.266440e-10|1.347276e-04|
| 138 |True   |  392  |9.932068e-06|1.070103e-05|2.983662e-10|9.546364e-05|
| 139 |True   |  477  |9.724459e-06|1.049360e-05|1.348030e-10|4.369003e-05|
| 142 |True   |  380  |9.806267e-06|1.083397e-05|1.166110e-10|4.469682e-05|
| 141 |True   |  379  |9.560552e-06|1.210753e-05|9.854838e-11|4.920447e-05|
| 135 |True   |  597  |9.960004e-06|1.072913e-05|1.486770e-10|4.483899e-05|
| 143 |True   |  399  |9.923774e-06|1.084686e-05|9.469902e-11|2.538683e-05|
| 145 |True   |  394  |9.783278e-06|1.055233e-05|2.068859e-10|6.913681e-05|
| 144 |True   |  393  |9.728528e-06|1.049766e-05|1.128930e-10|3.402942e-05|
| 148 |True   |  391  |9.932726e-06|1.070183e-05|1.474425e-10|4.498058e-05|
| 151 |True   |  338  |9.806798e-06|1.295927e-05|1.334839e-10|5.981396e-05|
| 152 |True   |  346  |9.395400e-06|1.093153e-05|2.427975e-10|1.061699e-04|
| 140 |True   |  988  |9.905178e-06|1.092714e-05|3.410085e-11|1.877863e-05|
| 149 |True   |  691  |9.687741e-06|1.045680e-05|1.973493e-10|6.579471e-05|
| 153 |True   |  350  |9.812900e-06|1.076291e-05|1.620081e-10|6.016307e-05|
| 154 |True   |  347  |9.901299e-06|1.104000e-05|1.325737e-10|5.451629e-05|
| 155 |True   |  361  |9.939508e-06|1.162300e-05|2.072034e-10|6.718456e-05|
| 156 |True   |  366  |9.868483e-06|1.063726e-05|4.974994e-10|1.618409e-04|
| 159 |True   |  364  |9.905424e-06|1.098223e-05|1.630466e-10|6.302755e-05|
| 158 |True   |  361  |9.626630e-06|1.039563e-05|2.754032e-10|9.209627e-05|
| 147 |True   | 1122  |9.879247e-06|1.077281e-05|8.186594e-11|2.408298e-05|
| 146 |True   | 1176  |9.684830e-06|1.149347e-05|2.579698e-10|8.743517e-05|
| 161 |True   |  340  |9.482160e-06|1.238699e-05|1.643276e-10|7.860333e-05|
| 160 |True   |  376  |9.938078e-06|1.098610e-05|1.697044e-10|6.311270e-05|
| 162 |True   |  345  |9.697453e-06|1.217343e-05|2.615574e-10|8.860503e-05|
| 164 |True   |  378  |9.856084e-06|1.098869e-05|8.302637e-11|2.526988e-05|
| 163 |True   |  378  |9.972323e-06|1.112880e-05|1.988089e-10|6.672456e-05|
| 165 |True   |  377  |9.942120e-06|1.071067e-05|7.320990e-10|2.378663e-04|
| 166 |True   |  336  |9.493232e-06|1.351109e-05|1.727936e-10|7.844930e-05|
| 150 |True   | 1104  |9.608848e-06|1.122539e-05|4.478594e-11|1.973177e-05|
| 157 |True   |  902  |9.637103e-06|1.040610e-05|2.669392e-10|9.080953e-05|
| 168 |True   |  371  |9.686796e-06|1.045576e-05|3.041364e-10|1.010347e-04|
| 167 |True   |  366  |9.717533e-06|1.048661e-05|2.009942e-10|6.667517e-05|
| 169 |True   |  357  |9.716045e-06|1.058915e-05|2.525012e-10|9.140076e-05|
| 171 |True   |  353  |9.763359e-06|1.160278e-05|6.257246e-10|2.822721e-04|
| 170 |True   |  366  |9.674661e-06|1.044365e-05|2.763815e-10|9.333856e-05|
| 174 |True   |  343  |9.598288e-06|1.218680e-05|3.324934e-10|1.337427e-04|
| 172 |True   |  387  |9.774685e-06|1.105007e-05|1.340622e-10|4.334215e-05|
| 173 |True   |  369  |9.512838e-06|1.028174e-05|3.645682e-10|1.230610e-04|
| 177 |True   |  355  |9.703546e-06|1.092680e-05|1.536407e-10|6.080838e-05|
| 178 |True   |  350  |9.748899e-06|1.109321e-05|2.019667e-10|8.001750e-05|
| 175 |True   |  384  |9.572681e-06|1.034167e-05|2.673302e-10|9.118153e-05|
| 176 |True   |  398  |9.936187e-06|1.070526e-05|1.844381e-10|5.735158e-05|
| 179 |True   |  375  |9.738806e-06|1.061577e-05|1.409415e-10|4.964263e-05|
| 181 |True   |  351  |9.975298e-06|1.116842e-05|1.694426e-10|6.539506e-05|
| 180 |True   |  338  |9.519798e-06|1.359396e-05|2.198675e-10|9.693508e-05|
| 182 |True   |  377  |9.863018e-06|1.276471e-05|1.190026e-10|5.236543e-05|
| 183 |True   |  345  |9.785312e-06|1.146552e-05|1.576388e-10|6.232535e-05|
| 184 |True   |  390  |9.927957e-06|1.069682e-05|3.925791e-10|1.263551e-04|
| 185 |True   |  389  |9.960440e-06|1.072948e-05|2.198297e-10|7.112370e-05|
| 186 |True   |  395  |9.690641e-06|1.045963e-05|2.780720e-10|9.414810e-05|
| 187 |True   |  344  |9.830335e-06|1.194503e-05|2.135532e-10|8.154191e-05|
| 188 |True   |  365  |9.888869e-06|1.112036e-05|2.860081e-10|9.456212e-05|
| 189 |True   |  338  |9.573377e-06|1.371775e-05|2.715507e-10|1.181580e-04|
| 191 |True   |  359  |9.861121e-06|1.095206e-05|2.856059e-10|9.388639e-05|
| 193 |True   |  343  |9.687286e-06|1.159312e-05|1.289872e-10|5.627351e-05|
| 194 |True   |  346  |9.835015e-06|1.175866e-05|3.144117e-10|1.116385e-04|
| 192 |True   |  373  |9.980685e-06|1.074966e-05|3.015893e-10|9.675401e-05|
| 197 |True   |  389  |9.922172e-06|1.077885e-05|3.840975e-10|1.238331e-04|
| 190 |True   |  657  |9.783797e-06|1.228313e-05|1.386025e-10|4.193666e-05|
| 195 |True   |  374  |9.967522e-06|1.073668e-05|9.877002e-11|2.612841e-05|
| 198 |True   |  389  |9.913983e-06|1.068302e-05|2.148830e-10|6.810539e-05|
| 196 |True   |  370  |9.949281e-06|1.071834e-05|2.162313e-10|6.848177e-05|
| 199 |True   |  375  |9.620391e-06|1.053713e-05|2.684008e-10|9.025023e-05|
| 200 |True   |  346  |9.813421e-06|1.119434e-05|1.564341e-10|6.195213e-05|
| 202 |True   |  365  |9.733280e-06|1.060259e-05|1.143192e-10|3.997054e-05|
| 201 |True   |  385  |9.761021e-06|1.053012e-05|1.596244e-10|5.056908e-05|
| 203 |True   |  349  |9.885749e-06|1.144031e-05|1.032374e-10|4.075702e-05|
| 205 |True   |  348  |9.512304e-06|1.163422e-05|3.610174e-10|1.236431e-04|
| 204 |True   |  385  |9.772518e-06|1.054149e-05|2.857035e-10|9.581823e-05|
| 206 |True   |  350  |9.738578e-06|1.117460e-05|9.156818e-11|2.738482e-05|
| 210 |True   |  342  |9.552932e-06|1.233514e-05|2.368178e-10|9.790595e-05|
| 208 |True   |  373  |9.617840e-06|1.038671e-05|3.890793e-10|1.306909e-04|
| 207 |True   |  351  |9.987701e-06|1.162500e-05|2.748857e-10|1.273822e-04|
| 209 |True   |  368  |9.739414e-06|1.050854e-05|1.365211e-10|4.453454e-05|
| 215 |True   |  371  |9.792865e-06|1.180966e-05|1.714998e-10|5.522446e-05|
| 213 |True   |  350  |9.645776e-06|1.085450e-05|1.700708e-10|7.156712e-05|
| 214 |True   |  372  |9.493909e-06|1.069070e-05|2.872200e-10|9.853093e-05|
| 212 |True   |  359  |9.714943e-06|1.103371e-05|2.061907e-10|8.891018e-05|
| 211 |True   |  358  |9.917637e-06|1.089012e-05|3.095016e-10|1.186337e-04|
| 218 |True   |  348  |9.519445e-06|1.084355e-05|1.831260e-10|7.840457e-05|
| 216 |True   |  400  |9.957352e-06|1.072651e-05|9.744337e-11|2.585460e-05|
| 220 |True   |  377  |9.800364e-06|1.056924e-05|3.823551e-10|1.253512e-04|
| 217 |True   |  377  |9.661045e-06|1.042998e-05|3.300130e-10|1.099142e-04|
| 219 |True   |  372  |9.660420e-06|1.063679e-05|1.924842e-10|6.482620e-05|
| 222 |True   |  378  |9.835177e-06|1.068955e-05|2.059591e-10|6.621293e-05|
| 221 |True   |  376  |9.989529e-06|1.085008e-05|3.012147e-10|9.640561e-05|
| 223 |True   |  375  |9.764255e-06|1.070497e-05|1.993789e-10|6.483127e-05|
| 224 |True   |  366  |9.817662e-06|1.200000e-05|2.608263e-10|8.520258e-05|
| 226 |True   |  343  |9.868239e-06|1.242911e-05|2.089867e-10|7.962728e-05|
| 228 |True   |  393  |9.840418e-06|1.086518e-05|1.913032e-10|7.086985e-05|
| 227 |True   |  348  |9.555784e-06|1.044113e-05|2.071559e-10|8.021609e-05|
| 229 |True   |  345  |9.914352e-06|1.131232e-05|2.093684e-10|8.373542e-05|
| 232 |True   |  362  |9.749031e-06|1.125807e-05|3.500188e-10|1.175471e-04|
| 230 |True   |  363  |9.944772e-06|1.071385e-05|2.044478e-10|6.638543e-05|
| 233 |True   |  334  |9.702557e-06|1.386661e-05|5.683033e-11|3.242102e-05|
| 231 |True   |  393  |9.956760e-06|1.072570e-05|3.234081e-10|1.024233e-04|
| 235 |True   |  375  |9.611756e-06|1.043245e-05|3.728629e-10|1.260946e-04|
| 236 |True   |  369  |9.850676e-06|1.086253e-05|2.065310e-10|6.741998e-05|
| 238 |True   |  337  |9.430463e-06|1.170207e-05|1.066032e-10|5.260316e-05|
| 234 |True   |  503  |9.583831e-06|1.035284e-05|2.475989e-10|8.362782e-05|
| 237 |True   |  360  |9.838605e-06|1.060770e-05|2.105475e-10|6.968238e-05|
| 240 |True   |  349  |9.664434e-06|1.069333e-05|1.655448e-10|6.464387e-05|
| 239 |True   |  355  |9.793470e-06|1.108933e-05|9.798759e-11|3.843314e-05|
| 241 |True   |  364  |9.831379e-06|1.060046e-05|1.831550e-10|5.922602e-05|
| 242 |True   |  360  |9.798946e-06|1.073788e-05|2.416205e-10|7.830473e-05|
| 225 |True   | 1294  |9.793219e-06|1.110126e-05|3.527154e-10|3.397263e-04|
| 243 |True   |  348  |9.603972e-06|1.111464e-05|1.577734e-10|6.561968e-05|
| 245 |True   |  358  |9.848443e-06|1.087645e-05|1.564099e-10|5.254543e-05|
| 244 |True   |  390  |9.803444e-06|1.057249e-05|2.193782e-10|6.993968e-05|
| 246 |True   |  347  |9.846783e-06|1.123455e-05|2.085206e-10|8.409793e-05|
| 248 |True   |  350  |9.567738e-06|1.098545e-05|2.261547e-10|9.456009e-05|
| 249 |True   |  370  |9.971084e-06|1.108979e-05|2.295472e-10|8.988663e-05|
| 247 |True   |  347  |9.788813e-06|1.096741e-05|4.081271e-10|4.559483e-06|
| 250 |True   |  352  |9.688757e-06|1.045787e-05|1.511297e-10|4.887309e-05|
| 252 |True   |  351  |9.839025e-06|1.100722e-05|3.195775e-10|1.230133e-04|
| 251 |True   |  355  |9.810307e-06|1.105506e-05|2.294662e-10|1.030879e-04|
| 253 |True   |  387  |9.745119e-06|1.051400e-05|3.759124e-10|1.237316e-04|
| 254 |True   |  381  |9.822317e-06|1.165028e-05|8.541150e-11|2.375342e-05|
| 257 |True   |  358  |9.775197e-06|1.126471e-05|9.326998e-11|2.733398e-05|
| 255 |True   |  388  |9.803886e-06|1.068259e-05|2.471581e-10|8.850512e-05|
| 256 |True   |  383  |9.918792e-06|1.249617e-05|2.629640e-10|8.521624e-05|
| 259 |True   |  381  |9.650099e-06|1.041907e-05|2.833501e-10|9.584207e-05|
| 261 |True   |  345  |9.864053e-06|1.138640e-05|2.648182e-10|1.074406e-04|
| 262 |True   |  348  |9.864783e-06|1.142595e-05|1.255984e-10|5.385336e-05|
| 260 |True   |  387  |9.971714e-06|1.074058e-05|3.962143e-10|1.264866e-04|
| 263 |True   |  350  |9.830297e-06|1.124190e-05|1.644648e-10|6.593044e-05|
| 264 |True   |  349  |9.674956e-06|1.120496e-05|2.080967e-10|8.785962e-05|
| 265 |True   |  378  |9.859328e-06|1.182464e-05|2.724418e-10|8.946868e-05|
| 267 |True   |  377  |9.756607e-06|1.052569e-05|2.016534e-10|6.583337e-05|
| 270 |True   |  374  |9.838855e-06|1.060799e-05|1.439256e-10|4.637736e-05|
| 266 |True   |  381  |9.898689e-06|1.066779e-05|1.606517e-10|4.868223e-05|
| 269 |True   |  349  |9.846829e-06|1.091839e-05|2.934827e-10|9.591063e-05|
| 268 |True   |  382  |9.762579e-06|1.053160e-05|2.407638e-10|7.870083e-05|
| 271 |True   |  346  |9.762291e-06|1.149507e-05|2.717327e-10|1.013195e-04|
| 272 |True   |  366  |9.702287e-06|1.168004e-05|1.256618e-10|4.258381e-05|
| 277 |True   |  348  |9.869261e-06|1.238582e-05|1.139078e-10|5.210779e-05|
| 273 |True   |  376  |9.988555e-06|1.075747e-05|3.548351e-10|1.120340e-04|
| 274 |True   |  391  |9.874681e-06|1.064377e-05|1.579402e-10|5.008155e-05|
| 275 |True   |  346  |9.619306e-06|1.177521e-05|2.475272e-10|8.503447e-05|
| 276 |True   |  385  |9.622177e-06|1.039124e-05|1.939733e-10|6.674455e-05|
| 278 |True   |  346  |9.684552e-06|1.066179e-05|9.039184e-11|3.807177e-05|
| 280 |True   |  360  |9.834302e-06|1.060331e-05|2.628699e-10|8.301757e-05|
| 279 |True   |  351  |9.819354e-06|1.136308e-05|1.250894e-10|4.527514e-05|
| 258 |True   | 1358  |9.975136e-06|1.074430e-05|9.844721e-11|2.598510e-05|
| 282 |True   |  378  |9.788376e-06|1.055726e-05|3.794625e-10|1.240223e-04|
| 286 |True   |  385  |9.816423e-06|1.068309e-05|2.063522e-10|6.818010e-05|
| 281 |True   |  397  |9.863234e-06|1.065532e-05|1.915945e-10|6.306282e-05|
| 283 |True   |  353  |9.811587e-06|1.079899e-05|1.563292e-10|6.103861e-05|
| 285 |True   |  379  |9.977733e-06|1.074670e-05|3.006977e-10|9.609714e-05|
| 288 |True   |  360  |9.862558e-06|1.063163e-05|2.102538e-10|6.780533e-05|
| 287 |True   |  366  |9.820340e-06|1.058929e-05|3.193676e-10|1.049145e-04|
| 289 |True   |  355  |9.718319e-06|1.065570e-05|1.384280e-10|5.655652e-05|
| 284 |True   |  570  |9.730956e-06|1.093570e-05|1.879060e-10|7.149101e-05|
| 292 |True   |  373  |9.738117e-06|1.050724e-05|1.351173e-10|4.290067e-05|
| 290 |True   |  338  |9.832504e-06|1.229307e-05|5.652974e-11|2.439342e-05|
| 291 |True   |  357  |9.914336e-06|1.098499e-05|1.904125e-10|6.658315e-05|
| 293 |True   |  374  |9.872211e-06|1.064109e-05|3.882461e-10|1.266732e-04|
| 294 |True   |  582  |9.605865e-06|1.037479e-05|3.337942e-10|1.110533e-04|
| 299 |True   |  347  |9.731171e-06|1.125412e-05|1.203051e-10|4.098749e-05|
| 304 |True   |  345  |9.706275e-06|1.151685e-05|2.532757e-10|1.049316e-04|
| 296 |True   |  383  |9.635168e-06|1.040422e-05|2.000969e-10|6.698979e-05|
| 295 |True   |  366  |9.901704e-06|1.067076e-05|2.126159e-10|6.805920e-05|
| 297 |True   |  383  |9.716732e-06|1.048565e-05|3.493684e-10|1.157347e-04|
| 303 |True   |  347  |9.644268e-06|1.196389e-05|1.289414e-10|5.657017e-05|
| 301 |True   |  360  |9.737822e-06|1.081098e-05|1.512161e-10|6.031647e-05|
| 300 |True   |  383  |9.727136e-06|1.125074e-05|1.291703e-10|4.140502e-05|
| 302 |True   |  376  |9.844234e-06|1.061335e-05|1.409904e-10|4.360457e-05|
| 305 |True   |  340  |9.642656e-06|1.096824e-05|9.547113e-11|5.251556e-05|
| 306 |True   |  341  |9.711306e-06|1.412703e-05|1.635239e-10|5.642844e-05|
| 298 |True   |  705  |9.697473e-06|1.046662e-05|1.334497e-10|4.378087e-05|
| 307 |True   |  377  |9.849339e-06|1.061833e-05|2.713620e-10|8.783075e-05|
| 308 |True   |  378  |9.592027e-06|1.036102e-05|2.693861e-10|9.191004e-05|
| 310 |True   |  354  |9.949375e-06|1.071838e-05|3.054920e-10|1.002594e-04|
| 311 |True   |  361  |9.750779e-06|1.064419e-05|2.402907e-10|7.960246e-05|
| 309 |True   |  368  |9.930520e-06|1.069950e-05|2.825763e-10|9.207786e-05|
| 312 |True   |  372  |9.719245e-06|1.066531e-05|1.338860e-10|4.321048e-05|
| 315 |True   |  389  |9.703336e-06|1.047231e-05|2.815033e-10|9.314244e-05|
| 314 |True   |  353  |9.784891e-06|1.081853e-05|5.124123e-11|3.199521e-05|
| 313 |True   |  389  |9.982964e-06|1.075207e-05|1.503679e-10|4.518833e-05|
| 318 |True   |  365  |9.818304e-06|1.113086e-05|1.385206e-10|4.580498e-05|
| 317 |True   |  682  |9.828491e-06|1.059766e-05|9.023538e-11|2.493520e-05|
| 316 |True   |  372  |9.697304e-06|1.046639e-05|1.978600e-10|6.594970e-05|
| 320 |True   |  357  |9.857669e-06|1.062677e-05|2.089146e-10|6.695512e-05|
| 321 |True   |  342  |9.827834e-06|1.414061e-05|2.358072e-10|7.850837e-05|
| 319 |True   |  364  |9.640242e-06|1.055573e-05|2.574952e-10|8.583424e-05|
| 322 |True   |  386  |9.933461e-06|1.085347e-05|1.659507e-10|4.994859e-05|
| 324 |True   |  363  |9.783926e-06|1.094170e-05|1.100308e-10|4.131849e-05|
| 323 |True   |  383  |9.776234e-06|1.054521e-05|2.830441e-10|9.224133e-05|
| 326 |True   |  343  |9.725262e-06|1.147200e-05|1.578378e-10|7.414924e-05|
| 329 |True   |  367  |9.715741e-06|1.051802e-05|1.365709e-10|4.528154e-05|
| 325 |True   |  384  |9.619185e-06|1.038817e-05|2.721006e-10|9.201633e-05|
| 332 |True   |  346  |9.667802e-06|1.105439e-05|8.470734e-11|3.749703e-05|
| 333 |True   |  346  |9.758756e-06|1.106899e-05|1.985953e-10|8.301328e-05|
| 327 |True   |  381  |9.702494e-06|1.047137e-05|3.877697e-10|1.292395e-04|
| 330 |True   |  383  |9.645877e-06|1.049916e-05|1.948423e-10|6.668108e-05|
| 328 |True   |  398  |9.870466e-06|1.063950e-05|2.270349e-10|7.267646e-05|
| 331 |True   |  389  |9.911114e-06|1.068008e-05|2.970765e-10|9.700703e-05|
| 335 |True   |  346  |9.947395e-06|1.084919e-05|3.243378e-11|2.054122e-05|
| 334 |True   |  346  |9.748648e-06|1.206000e-05|2.155191e-10|7.157789e-05|
| 338 |True   |  362  |9.746993e-06|1.053325e-05|1.731267e-10|5.629494e-05|
| 337 |True   |  362  |9.550524e-06|1.040826e-05|2.247073e-10|8.367672e-05|
| 339 |True   |  355  |9.484405e-06|1.031586e-05|3.182987e-10|1.152834e-04|
| 336 |True   |  378  |9.546317e-06|1.046638e-05|2.392612e-10|8.974019e-05|
| 340 |True   |  354  |9.679855e-06|1.095021e-05|1.082730e-10|4.040009e-05|
| 341 |True   |  348  |9.568860e-06|1.104407e-05|1.516187e-10|6.175810e-05|
| 342 |True   |  342  |9.842235e-06|1.205655e-05|2.229857e-10|9.068350e-05|
| 344 |True   |  354  |9.583067e-06|1.183729e-05|2.450934e-10|8.613190e-05|
| 346 |True   |  348  |9.479138e-06|1.135894e-05|1.551741e-10|7.639652e-05|
| 345 |True   |  345  |9.926791e-06|1.186535e-05|1.359859e-10|4.915043e-05|
| 343 |True   |  380  |9.765713e-06|1.053483e-05|1.365564e-10|4.322741e-05|
| 349 |True   |  378  |9.667145e-06|1.043603e-05|3.736074e-10|1.249840e-04|
| 347 |True   |  359  |9.981982e-06|1.111304e-05|1.347579e-10|4.986369e-05|
| 348 |True   |  375  |9.734496e-06|1.065121e-05|2.100937e-10|7.511401e-05|
| 350 |True   |  339  |9.760030e-06|1.227240e-05|1.017048e-10|4.233572e-05|
| 351 |True   |  361  |9.758324e-06|1.120008e-05|1.222519e-10|4.477047e-05|
| 353 |True   |  350  |9.873856e-06|1.189943e-05|6.631118e-10|2.679950e-04|
| 356 |True   |  359  |9.676044e-06|1.049212e-05|2.112595e-10|6.963183e-05|
| 355 |True   |  387  |9.617553e-06|1.038664e-05|1.732255e-10|5.589491e-05|
| 354 |True   |  365  |9.873724e-06|1.113252e-05|1.563786e-10|6.294203e-05|
| 358 |True   |  356  |9.789826e-06|1.094466e-05|1.908913e-10|6.835865e-05|
| 352 |True   |  580  |9.662800e-06|1.043177e-05|2.851018e-10|9.652111e-05|
| 357 |True   |  348  |9.467761e-06|1.055472e-05|3.362274e-10|1.417000e-04|
| 361 |True   |  382  |9.807748e-06|1.057679e-05|2.089696e-10|6.890020e-05|
| 359 |True   |  384  |9.650281e-06|1.041934e-05|1.945959e-10|6.564807e-05|
| 360 |True   |  368  |9.643611e-06|1.049362e-05|1.977741e-10|6.622460e-05|
| 362 |True   |  382  |9.692928e-06|1.046191e-05|2.765806e-10|9.173677e-05|
| 364 |True   |  370  |9.762720e-06|1.053186e-05|1.389350e-10|4.567377e-05|
| 366 |True   |  387  |9.548973e-06|1.031796e-05|2.662234e-10|9.110220e-05|
| 368 |True   |  382  |9.687367e-06|1.045642e-05|2.033308e-10|6.660143e-05|
| 369 |True   |  392  |9.784642e-06|1.091576e-05|2.729287e-10|1.113959e-04|
| 370 |True   |  349  |9.646832e-06|1.066102e-05|1.776199e-10|7.465107e-05|
| 365 |True   |  350  |9.798125e-06|1.090644e-05|9.212520e-11|4.719238e-05|
| 367 |True   |  397  |9.729762e-06|1.049882e-05|2.002523e-10|6.662591e-05|
| 371 |True   |  389  |9.718268e-06|1.055350e-05|2.770516e-10|9.134830e-05|
| 375 |True   |  370  |9.902435e-06|1.067148e-05|2.114760e-10|6.648839e-05|
| 372 |True   |  371  |9.573385e-06|1.085277e-05|2.031430e-10|7.037188e-05|
| 374 |True   |  368  |9.658318e-06|1.042738e-05|1.964995e-10|6.691912e-05|
| 373 |True   |  487  |9.562989e-06|1.033201e-05|2.691625e-10|9.355818e-05|
| 376 |True   |  356  |9.689280e-06|1.058715e-05|1.841797e-10|6.217573e-05|
| 377 |True   |  383  |9.650515e-06|1.041957e-05|2.020255e-10|6.766855e-05|
| 379 |True   |  345  |9.668938e-06|1.100329e-05|1.368652e-10|5.793609e-05|
| 380 |True   |  350  |9.860051e-06|1.084268e-05|3.485089e-10|1.140359e-04|
| 378 |True   |  362  |9.846893e-06|1.086828e-05|1.508489e-10|6.053130e-05|
| 381 |True   |  348  |9.788854e-06|1.172366e-05|1.900120e-10|6.334435e-05|
| 382 |True   |  386  |9.787656e-06|1.055671e-05|2.047851e-10|6.706681e-05|
| 383 |True   |  359  |9.660468e-06|1.249037e-05|1.248315e-10|4.122743e-05|
| 384 |True   |  359  |9.558710e-06|1.120942e-05|1.526204e-10|6.483251e-05|
| 386 |True   |  374  |9.837266e-06|1.060623e-05|2.894200e-10|9.456954e-05|
| 385 |True   |  381  |9.978687e-06|1.074755e-05|4.007416e-10|1.303252e-04|
| 387 |True   |  341  |9.912082e-06|1.128902e-05|4.500885e-11|3.102245e-05|
| 388 |True   |  379  |9.592888e-06|1.036179e-05|3.632661e-10|1.229333e-04|
| 389 |True   |  376  |9.781829e-06|1.055088e-05|2.034259e-10|6.586603e-05|
| 390 |True   |  369  |9.616463e-06|1.039225e-05|2.637723e-10|8.895100e-05|
| 392 |True   |  367  |9.745126e-06|1.051418e-05|2.010567e-10|6.566947e-05|
| 363 |True   | 2124  |9.908528e-06|1.067769e-05|9.469296e-11|2.549957e-05|
| 395 |True   |  346  |9.727605e-06|1.173374e-05|1.218072e-10|4.182302e-05|
| 391 |True   |  410  |9.818432e-06|1.058754e-05|1.427951e-10|4.580061e-05|
| 393 |True   |  352  |9.760301e-06|1.052963e-05|1.459924e-10|4.817860e-05|
| 396 |True   |  350  |9.683861e-06|1.064536e-05|1.157005e-10|4.146181e-05|
| 394 |True   |  381  |9.699075e-06|1.046800e-05|3.723336e-10|1.246760e-04|
| 397 |True   |  351  |9.796784e-06|1.065991e-05|2.092205e-10|6.953137e-05|
| 398 |True   |  355  |9.977802e-06|1.307388e-05|2.644851e-10|8.470426e-05|
| 399 |True   |  376  |9.876489e-06|1.064553e-05|2.171547e-10|6.942245e-05|
| 400 |True   |  352  |9.787199e-06|1.160012e-05|2.483983e-10|8.156795e-05|
| 401 |True   |  352  |9.547397e-06|1.144295e-05|8.347019e-11|4.617964e-05|
| 402 |True   |  390  |9.643505e-06|1.041256e-05|1.949727e-10|6.650181e-05|
| 404 |True   |  361  |9.983824e-06|1.075308e-05|2.193724e-10|6.898458e-05|
| 405 |True   |  369  |9.698359e-06|1.046731e-05|3.071009e-10|1.006768e-04|
| 403 |True   |  363  |9.936729e-06|1.098476e-05|2.114896e-10|6.750950e-05|
| 406 |True   |  349  |9.531310e-06|1.075275e-05|1.861872e-10|7.865402e-05|
| 407 |True   |  355  |9.960293e-06|1.118645e-05|2.144917e-10|7.009724e-05|
| 409 |True   |  350  |9.695580e-06|1.046454e-05|3.295055e-10|1.103821e-04|
| 408 |True   |  377  |9.712600e-06|1.048165e-05|2.002023e-10|6.722190e-05|
| 410 |True   |  394  |9.957446e-06|1.072650e-05|2.181513e-10|6.906811e-05|
| 411 |True   |  400  |9.989332e-06|1.107731e-05|2.512597e-10|8.816218e-05|
| 413 |True   |  357  |9.539858e-06|1.050521e-05|1.312030e-10|5.726322e-05|
| 412 |True   |  378  |9.696671e-06|1.046597e-05|1.317931e-10|4.241838e-05|
| 415 |True   |  348  |9.758059e-06|1.122023e-05|1.247255e-10|5.685530e-05|
| 414 |True   |  378  |9.821655e-06|1.074604e-05|2.096588e-10|7.094710e-05|
| 417 |True   |  342  |9.423845e-06|1.126679e-05|1.307279e-10|5.913298e-05|
| 416 |True   |  389  |9.801646e-06|1.057076e-05|1.382744e-10|4.322119e-05|
| 418 |True   |  355  |9.755303e-06|1.130219e-05|1.886221e-10|7.970014e-05|
| 419 |True   |  384  |9.792954e-06|1.056200e-05|2.048454e-10|6.621520e-05|
| 422 |True   |  382  |9.787796e-06|1.055668e-05|3.739835e-10|1.230885e-04|
| 420 |True   |  350  |9.761642e-06|1.112347e-05|1.066545e-10|4.291328e-05|
| 421 |True   |  380  |9.798152e-06|1.056728e-05|1.400524e-10|4.484506e-05|
| 423 |True   |  373  |9.829698e-06|1.064326e-05|2.344788e-10|7.771972e-05|
| 424 |True   |  357  |9.713780e-06|1.050726e-05|1.033637e-10|3.901365e-05|
| 425 |True   |  377  |9.763272e-06|1.053242e-05|1.386081e-10|4.530157e-05|
| 428 |True   |  383  |9.841424e-06|1.061060e-05|9.112562e-11|2.507066e-05|
| 427 |True   |  370  |9.847833e-06|1.086157e-05|2.198552e-10|8.446488e-05|
| 430 |True   |  395  |9.999860e-06|1.076872e-05|4.000039e-10|1.280569e-04|
| 426 |True   |  578  |9.573008e-06|1.068726e-05|1.928281e-10|8.721337e-05|
| 433 |True   |  369  |9.764292e-06|1.053346e-05|1.359395e-10|4.291593e-05|
| 429 |True   |  513  |9.915469e-06|1.068434e-05|3.910778e-10|1.257977e-04|
| 432 |True   |  378  |9.566106e-06|1.033510e-05|2.664511e-10|9.050627e-05|
| 431 |True   |  342  |9.842060e-06|1.147124e-05|1.119486e-10|5.489299e-05|
| 434 |True   |  352  |9.711524e-06|1.059656e-05|2.059300e-10|7.605793e-05|
| 435 |True   |  378  |9.815667e-06|1.096753e-05|1.727620e-10|6.629201e-05|
| 436 |True   |  340  |9.494730e-06|1.117827e-05|7.477367e-11|3.586424e-05|
| 437 |True   |  399  |9.576996e-06|1.034594e-05|3.214286e-10|1.083869e-04|
| 438 |True   |  357  |9.906001e-06|1.089336e-05|1.710701e-10|6.317736e-05|
| 439 |True   |  352  |9.936632e-06|1.111707e-05|1.129323e-10|4.271742e-05|
| 440 |True   |  370  |9.759225e-06|1.052829e-05|2.058877e-10|7.007032e-05|
| 443 |True   |  372  |9.662712e-06|1.043170e-05|2.740760e-10|9.128009e-05|
| 442 |True   |  343  |9.967689e-06|1.205537e-05|2.582746e-10|1.137063e-04|
| 444 |True   |  362  |9.909215e-06|1.107289e-05|1.427651e-10|5.416898e-05|
| 447 |True   |  353  |9.662526e-06|1.094008e-05|1.662367e-10|6.528993e-05|
| 445 |True   |  338  |9.682965e-06|1.146329e-05|5.858841e-11|3.363746e-05|
| 441 |True   |  501  |9.831994e-06|1.178916e-05|1.208437e-10|4.507641e-05|
| 446 |True   |  366  |9.753940e-06|1.216037e-05|1.639371e-10|6.399368e-05|
| 448 |True   |  381  |9.703195e-06|1.052944e-05|1.346483e-10|4.451382e-05|
| 449 |True   |  368  |9.903046e-06|1.068628e-05|2.124598e-10|6.760581e-05|
| 450 |True   |  391  |9.730894e-06|1.050002e-05|1.342123e-10|4.272571e-05|
| 451 |True   |  336  |9.781550e-06|1.252207e-05|1.235693e-10|6.849936e-05|
| 452 |True   |  371  |9.851549e-06|1.132969e-05|3.578312e-10|1.162661e-04|
| 453 |True   |  348  |9.998668e-06|1.318208e-05|9.064356e-11|3.742091e-05|
| 456 |True   |  343  |9.777358e-06|1.217273e-05|3.497295e-10|1.353991e-04|
| 454 |True   |  369  |9.754024e-06|1.052300e-05|2.827202e-10|9.375162e-05|
| 455 |True   |  368  |9.632653e-06|1.070495e-05|3.526094e-10|1.277847e-04|
| 457 |True   |  351  |9.788043e-06|1.136983e-05|3.034765e-10|7.728119e-05|
| 458 |True   |  374  |9.677718e-06|1.081361e-05|2.418349e-10|1.072922e-04|
| 460 |True   |  365  |9.616891e-06|1.102977e-05|2.585325e-10|8.774295e-05|
| 459 |True   |  359  |9.827273e-06|1.081547e-05|1.515888e-10|5.762722e-05|
| 462 |True   |  343  |9.779704e-06|1.196371e-05|6.638977e-11|3.354788e-05|
| 463 |True   |  396  |9.865158e-06|1.063432e-05|9.227350e-11|2.519176e-05|
| 464 |True   |  365  |9.911017e-06|1.111727e-05|2.860858e-10|9.228071e-05|
| 465 |True   |  350  |9.790234e-06|1.085153e-05|1.801195e-10|7.244544e-05|
| 468 |True   |  359  |9.968425e-06|1.114529e-05|1.367913e-10|4.252571e-05|
| 467 |True   |  349  |9.758117e-06|1.147098e-05|2.687688e-10|8.978142e-05|
| 466 |True   |  386  |9.683218e-06|1.045220e-05|2.761485e-10|9.198291e-05|
| 470 |True   |  385  |9.581752e-06|1.035082e-05|1.957218e-10|6.617851e-05|
| 469 |True   |  364  |9.982202e-06|1.075131e-05|1.592433e-10|5.045716e-05|
| 471 |True   |  389  |9.937233e-06|1.172431e-05|2.029101e-10|6.397908e-05|
| 472 |True   |  376  |9.741443e-06|1.051042e-05|2.838533e-10|9.624827e-05|
| 474 |True   |  347  |9.814865e-06|1.190758e-05|2.057787e-10|8.894448e-05|
| 473 |True   |  403  |9.828018e-06|1.059698e-05|2.901431e-10|9.626150e-05|
| 461 |True   | 1085  |9.853660e-06|1.179329e-05|2.767208e-11|1.888299e-05|
| 476 |True   |  343  |9.494598e-06|1.132405e-05|1.640692e-10|7.856168e-05|
| 475 |True   |  380  |9.981492e-06|1.075025e-05|5.090725e-10|1.635566e-04|
| 477 |True   |  348  |9.601931e-06|1.084430e-05|1.488511e-10|5.987107e-05|
| 479 |True   |  355  |9.640514e-06|1.040955e-05|2.370598e-10|7.837995e-05|
| 478 |True   |  383  |9.984714e-06|1.075382e-05|1.509461e-10|4.502332e-05|
| 481 |True   |  349  |9.920517e-06|1.088622e-05|1.535102e-10|5.268487e-05|
| 482 |True   |  375  |9.665330e-06|1.043433e-05|2.750372e-10|9.236395e-05|
| 483 |True   |  366  |9.898992e-06|1.066790e-05|3.904865e-10|1.261954e-04|
| 480 |True   |  394  |9.980354e-06|1.074938e-05|2.245856e-10|7.166843e-05|
| 485 |True   |  365  |9.984616e-06|1.091582e-05|2.150668e-10|6.669401e-05|
| 486 |True   |  370  |9.754231e-06|1.052329e-05|2.015675e-10|6.598391e-05|
| 488 |True   |  376  |9.850472e-06|1.061957e-05|1.563853e-10|4.821714e-05|
| 489 |True   |  378  |9.787136e-06|1.055618e-05|2.055663e-10|6.775779e-05|
| 491 |True   |  361  |9.743556e-06|1.067908e-05|2.774783e-10|9.162668e-05|
| 487 |True   |  383  |9.790792e-06|1.055975e-05|2.953573e-10|9.596783e-05|
| 490 |True   |  348  |9.806985e-06|1.130299e-05|1.628460e-10|6.353082e-05|
| 496 |True   |  357  |9.904156e-06|1.126731e-05|1.113149e-10|4.255090e-05|
| 492 |True   |  378  |9.759410e-06|1.052853e-05|1.380742e-10|4.498260e-05|
| 484 |True   | 1014  |9.869028e-06|1.063808e-05|2.109649e-10|6.836075e-05|
| 493 |True   |  374  |9.973334e-06|1.091172e-05|2.018198e-10|6.187729e-05|
| 494 |True   |  392  |9.970045e-06|1.073908e-05|2.188485e-10|6.952249e-05|
| 495 |True   |  394  |9.912618e-06|1.068156e-05|3.321362e-10|1.102573e-04|
| 498 |True   |  390  |9.570105e-06|1.035883e-05|3.615445e-10|1.224801e-04|
| 497 |True   |  348  |9.461648e-06|1.064304e-05|3.039342e-10|1.302465e-04|
| 500 |True   |  350  |9.776153e-06|1.102686e-05|2.614624e-10|9.783536e-05|
| 501 |True   |  346  |9.909567e-06|1.232684e-05|1.951848e-10|6.260693e-05|
| 504 |True   |  368  |9.721664e-06|1.068656e-05|2.071590e-10|6.815196e-05|
| 508 |True   |  349  |9.733327e-06|1.086238e-05|9.668110e-11|4.547942e-05|
| 506 |True   |  344  |9.983153e-06|1.285090e-05|1.902481e-10|6.151746e-05|
| 499 |True   |  659  |9.728645e-06|1.137289e-05|7.325623e-11|3.527174e-05|
| 507 |True   |  373  |9.598537e-06|1.036753e-05|2.688679e-10|9.069025e-05|
| 509 |True   |  389  |9.903737e-06|1.067272e-05|2.938225e-10|9.406935e-05|
| 503 |True   |  557  |9.771346e-06|1.114860e-05|2.120780e-11|1.827764e-05|
| 505 |True   |  398  |9.837103e-06|1.060615e-05|2.078344e-10|6.695433e-05|
| 510 |True   |  344  |9.541840e-06|1.187695e-05|1.668764e-10|6.632255e-05|
| 511 |True   |  344  |9.773860e-06|1.145375e-05|1.186222e-10|5.446512e-05|
| 512 |True   |  347  |9.959057e-06|1.196257e-05|1.877369e-10|8.043908e-05|
| 513 |True   |  359  |9.999675e-06|1.129752e-05|2.466786e-10|9.835364e-05|
| 517 |True   |  341  |9.858083e-06|1.275287e-05|1.052697e-10|4.325045e-05|
| 518 |True   |  356  |9.599049e-06|1.053665e-05|8.246834e-11|3.788064e-05|
| 514 |True   |  343  |9.768073e-06|1.154045e-05|1.615066e-10|7.173812e-05|
| 520 |True   |  351  |9.622234e-06|1.099599e-05|9.522270e-11|5.196309e-05|
| 515 |True   |  369  |9.620689e-06|1.038965e-05|3.014478e-10|1.009876e-04|
| 516 |True   |  373  |9.556188e-06|1.051171e-05|2.471253e-10|8.384294e-05|
| 502 |True   | 1448  |9.694913e-06|1.046404e-05|1.320519e-10|4.268288e-05|
| 522 |True   |  348  |9.985727e-06|1.158398e-05|1.365874e-10|4.253771e-05|
| 519 |True   |  350  |9.746120e-06|1.165963e-05|1.828147e-10|7.669806e-05|
| 523 |True   |  374  |9.632703e-06|1.075410e-05|1.902030e-10|7.675575e-05|
| 524 |True   |  363  |9.951080e-06|1.072015e-05|2.179902e-10|6.892951e-05|
| 521 |True   |  467  |9.775931e-06|1.091448e-05|8.392456e-11|3.608744e-05|
| 526 |True   |  375  |9.917673e-06|1.108164e-05|1.659976e-10|6.309385e-05|
| 525 |True   |  358  |9.928814e-06|1.073873e-05|1.438414e-10|4.609286e-05|
| 529 |True   |  339  |9.980637e-06|1.348947e-05|1.382673e-10|5.480810e-05|
| 530 |True   |  340  |9.626324e-06|1.199585e-05|7.031048e-11|3.456919e-05|
| 531 |True   |  386  |9.667078e-06|1.043617e-05|1.958039e-10|6.567108e-05|
| 528 |True   |  378  |9.780263e-06|1.055801e-05|2.009192e-10|6.498748e-05|
| 527 |True   |  392  |9.970800e-06|1.073976e-05|2.995795e-10|9.546683e-05|
| 534 |True   |  377  |9.617598e-06|1.052762e-05|1.985590e-10|7.075505e-05|
| 532 |True   |  399  |9.778810e-06|1.129299e-05|1.958689e-10|6.513147e-05|
| 533 |True   |  381  |9.625943e-06|1.039493e-05|2.740669e-10|9.447226e-05|
| 535 |True   |  371  |9.947580e-06|1.078649e-05|2.958794e-10|9.409482e-05|
| 536 |True   |  349  |9.884811e-06|1.131240e-05|5.385676e-10|1.762620e-04|
| 540 |True   |  340  |9.715724e-06|1.183603e-05|4.555801e-11|2.029568e-05|
| 537 |True   |  363  |9.671692e-06|1.044057e-05|4.023600e-10|1.336704e-04|
| 539 |True   |  391  |9.626221e-06|1.039528e-05|1.980226e-10|6.738024e-05|
| 548 |True   |  361  |9.943400e-06|1.071245e-05|2.150095e-10|6.745268e-05|
| 538 |True   |  384  |9.904317e-06|1.068835e-05|1.626922e-10|5.875456e-05|
| 545 |True   |  362  |9.854031e-06|1.132018e-05|9.042027e-11|2.660326e-05|
| 541 |True   |  347  |9.769393e-06|1.213328e-05|1.838748e-10|7.758387e-05|
| 542 |True   |  373  |9.606722e-06|1.037560e-05|3.881567e-10|1.299185e-04|
| 543 |True   |  352  |9.650431e-06|1.041946e-05|2.731296e-10|9.145607e-05|
| 546 |True   |  381  |9.649341e-06|1.041831e-05|2.878427e-10|9.647416e-05|
| 544 |True   |  390  |9.696861e-06|1.046592e-05|1.980348e-10|6.593361e-05|
| 547 |True   |  371  |9.763292e-06|1.165729e-05|1.312791e-10|4.269404e-05|
| 551 |True   |  347  |9.968907e-06|1.140337e-05|2.392975e-11|1.832699e-05|
| 549 |True   |  346  |9.976883e-06|1.147377e-05|1.336008e-10|4.728269e-05|
| 550 |True   |  395  |9.713189e-06|1.048225e-05|2.021729e-10|6.924189e-05|
| 552 |True   |  339  |9.554016e-06|1.272695e-05|1.455244e-10|6.411561e-05|
| 557 |True   |  348  |9.824398e-06|1.132388e-05|2.666878e-10|1.089659e-04|
| 553 |True   |  373  |9.785101e-06|1.055430e-05|8.785332e-11|2.464012e-05|
| 556 |True   |  379  |9.910877e-06|1.067985e-05|2.943071e-10|9.411343e-05|
| 555 |True   |  352  |9.679917e-06|1.085897e-05|2.266437e-10|9.199364e-05|
| 554 |True   |  356  |9.766036e-06|1.053521e-05|2.028351e-10|6.654690e-05|
| 559 |True   |  363  |9.799709e-06|1.075844e-05|2.380397e-10|7.674056e-05|
| 558 |True   |  386  |9.654675e-06|1.042366e-05|2.739882e-10|9.202495e-05|
| 563 |True   |  366  |9.986242e-06|1.084169e-05|1.902487e-10|6.579687e-05|
| 561 |True   |  370  |9.808700e-06|1.057778e-05|1.848754e-10|5.987196e-05|
| 562 |True   |  341  |9.798124e-06|1.414829e-05|1.166666e-10|3.766889e-05|
| 560 |True   |  573  |9.747275e-06|1.084493e-05|1.909706e-10|7.799442e-05|
| 564 |True   |  373  |9.693323e-06|1.101166e-05|1.373955e-10|5.099884e-05|
| 567 |True   |  346  |9.636934e-06|1.113289e-05|1.412701e-10|5.971978e-05|
| 565 |True   |  401  |9.873972e-06|1.064294e-05|2.909738e-10|9.316403e-05|
| 566 |True   |  374  |9.870172e-06|1.066302e-05|1.422814e-10|4.367990e-05|
| 572 |True   |  347  |9.769785e-06|1.072994e-05|6.009229e-11|2.158778e-05|
| 568 |True   |  390  |9.866674e-06|1.063580e-05|1.441767e-10|4.471680e-05|
| 570 |True   |  356  |9.809481e-06|1.112576e-05|1.550164e-10|7.155150e-05|
| 569 |True   |  379  |9.861513e-06|1.064671e-05|3.811119e-11|1.951690e-05|
| 571 |True   |  342  |9.872864e-06|1.272675e-05|2.167353e-10|7.956238e-05|
| 573 |True   |  379  |9.919296e-06|1.068841e-05|1.456088e-10|4.414067e-05|
| 574 |True   |  387  |9.787785e-06|1.055690e-05|1.392517e-10|4.428820e-05|
| 575 |True   |  389  |9.988395e-06|1.077011e-05|1.525420e-10|4.779172e-05|
| 576 |True   |  343  |9.830051e-06|1.144261e-05|5.914696e-11|2.167596e-05|
| 577 |True   |  373  |9.769467e-06|1.053858e-05|2.830832e-10|9.320171e-05|
| 579 |True   |  349  |9.964774e-06|1.102364e-05|1.219900e-10|4.313541e-05|
| 578 |True   |  356  |9.798129e-06|1.123919e-05|1.728667e-10|7.736487e-05|
| 580 |True   |  346  |9.893085e-06|1.149621e-05|3.289550e-10|1.566636e-04|
| 582 |True   |  342  |9.817084e-06|1.128361e-05|1.037904e-10|5.230520e-05|
| 581 |True   |  392  |9.713337e-06|1.132302e-05|2.246799e-10|7.320999e-05|
| 583 |True   |  360  |9.896054e-06|1.144823e-05|2.818273e-10|9.275750e-05|
| 586 |True   |  370  |9.750538e-06|1.091210e-05|1.271425e-10|4.858313e-05|
| 587 |True   |  345  |9.850072e-06|1.119803e-05|1.831126e-10|8.046500e-05|
| 585 |True   |  356  |9.712575e-06|1.048137e-05|4.848342e-10|1.628638e-04|
| 584 |True   |  396  |9.784748e-06|1.103541e-05|2.010125e-10|6.824971e-05|
| 588 |True   |  338  |9.975766e-06|1.113506e-05|2.072028e-11|1.828445e-05|
| 589 |True   |  374  |9.972299e-06|1.250766e-05|2.685324e-10|8.739423e-05|
| 590 |True   |  386  |9.703348e-06|1.047233e-05|2.776104e-10|9.222037e-05|
| 592 |True   |  400  |9.672871e-06|1.044197e-05|1.610017e-10|5.132755e-05|
| 591 |True   |  345  |9.327473e-06|1.086716e-05|3.443325e-10|1.580635e-04|
| 593 |True   |  383  |9.613860e-06|1.038294e-05|2.701967e-10|9.098777e-05|
| 596 |True   |  394  |9.781613e-06|1.055079e-05|1.381176e-10|4.352945e-05|
| 594 |True   |  392  |9.824407e-06|1.059352e-05|1.398066e-10|4.345492e-05|
| 597 |True   |  384  |9.880446e-06|1.064949e-05|2.102390e-10|6.669906e-05|
| 595 |True   |  349  |9.768864e-06|1.104024e-05|2.157932e-10|8.867828e-05|
| 605 |True   |  360  |9.693008e-06|1.046215e-05|1.351006e-10|4.437481e-05|
| 601 |True   |  342  |9.760414e-06|1.076067e-05|2.543993e-10|2.304098e-04|
| 598 |True   |  381  |9.804265e-06|1.058819e-05|1.410358e-10|4.512817e-05|
| 603 |True   |  346  |9.804023e-06|1.136368e-05|2.447701e-10|1.043500e-04|
| 602 |True   |  365  |9.650684e-06|1.041976e-05|2.048517e-10|6.802396e-05|
| 599 |True   |  388  |9.764230e-06|1.099227e-05|6.720077e-10|2.926161e-04|
| 604 |True   |  349  |9.786636e-06|1.094612e-05|8.814397e-11|2.593501e-05|
| 600 |True   |  383  |9.784911e-06|1.055380e-05|3.785219e-10|1.230687e-04|
| 607 |True   |  339  |9.772982e-06|1.084799e-05|4.408774e-11|3.077202e-05|
| 609 |True   |  375  |9.547084e-06|1.031611e-05|2.507863e-10|8.536007e-05|
| 606 |True   |  387  |9.909747e-06|1.067860e-05|4.332216e-10|1.409251e-04|
| 608 |True   |  365  |9.834160e-06|1.060423e-05|2.071321e-10|6.699423e-05|
| 610 |True   |  345  |9.559245e-06|1.099780e-05|1.642507e-10|7.504662e-05|
| 614 |True   |  348  |9.798842e-06|1.073651e-05|2.443103e-10|9.809653e-05|
| 619 |True   |  353  |9.996891e-06|1.111081e-05|1.121820e-10|4.267964e-05|
| 611 |True   |  390  |9.764701e-06|1.054778e-05|1.647927e-10|5.153674e-05|
| 612 |True   |  380  |9.719668e-06|1.048865e-05|2.785544e-10|9.175973e-05|
| 615 |True   |  410  |9.868847e-06|1.121485e-05|1.991174e-10|5.473941e-05|
| 613 |True   |  384  |9.914649e-06|1.068356e-05|3.468602e-10|1.116238e-04|
| 620 |True   |  352  |9.816317e-06|1.112428e-05|2.313263e-10|8.828663e-05|
| 617 |True   |  347  |9.549736e-06|1.092611e-05|2.281122e-10|9.737220e-05|
| 616 |True   |  369  |9.714351e-06|1.053547e-05|2.768878e-10|9.121193e-05|
| 618 |True   |  388  |9.870421e-06|1.063947e-05|2.143653e-10|7.110806e-05|
| 621 |True   |  370  |9.875221e-06|1.204833e-05|2.754339e-10|8.973907e-05|
| 623 |True   |  345  |9.831940e-06|1.195407e-05|1.284698e-10|4.437460e-05|
| 622 |True   |  378  |9.686817e-06|1.106296e-05|1.482530e-10|4.743367e-05|
| 626 |True   |  398  |9.818242e-06|1.058729e-05|2.146231e-10|7.074528e-05|
| 625 |True   |  341  |9.768934e-06|1.246578e-05|8.230318e-11|3.577095e-05|
| 631 |True   |  362  |9.607116e-06|1.050941e-05|2.144253e-10|8.215470e-05|
| 624 |True   |  404  |9.883538e-06|1.067277e-05|1.826075e-10|5.872102e-05|
| 628 |True   |  354  |9.411320e-06|1.067468e-05|2.546500e-10|1.101108e-04|
| 629 |True   |  377  |9.899024e-06|1.089208e-05|2.816320e-10|9.184614e-05|
| 627 |True   |  354  |9.626173e-06|1.059222e-05|8.720243e-11|3.712900e-05|
| 635 |True   |  354  |9.698492e-06|1.201132e-05|4.539517e-10|1.779394e-04|
| 630 |True   |  360  |9.632765e-06|1.040172e-05|4.062724e-10|1.355080e-04|
| 632 |True   |  339  |9.660564e-06|1.170501e-05|3.001520e-11|1.897256e-05|
| 634 |True   |  385  |9.666452e-06|1.079565e-05|2.672616e-10|8.939018e-05|
| 633 |True   |  382  |9.881325e-06|1.065029e-05|2.942658e-10|9.526143e-05|
| 637 |True   |  365  |9.990074e-06|1.155302e-05|2.350020e-10|7.478340e-05|
| 636 |True   |  371  |9.919342e-06|1.092222e-05|2.107190e-10|6.739400e-05|
| 638 |True   |  384  |9.944080e-06|1.071313e-05|1.983363e-10|6.167385e-05|
| 644 |True   |  373  |9.969320e-06|1.073828e-05|3.044060e-10|9.835165e-05|
| 639 |True   |  374  |9.679403e-06|1.044847e-05|1.960980e-10|6.493153e-05|
| 640 |True   |  341  |9.630278e-06|1.177821e-05|9.749484e-11|5.116618e-05|
| 643 |True   |  381  |9.759080e-06|1.060284e-05|1.431096e-10|4.569021e-05|
| 641 |True   |  368  |9.578228e-06|1.058873e-05|1.049231e-10|4.304988e-05|
| 642 |True   |  356  |9.758945e-06|1.146805e-05|1.064039e-10|4.203686e-05|
| 647 |True   |  359  |9.939514e-06|1.129944e-05|1.423772e-10|4.327832e-05|
| 645 |True   |  392  |9.908136e-06|1.067710e-05|2.962029e-10|9.611406e-05|
| 648 |True   |  344  |9.753115e-06|1.141307e-05|1.070479e-10|4.200692e-05|
| 649 |True   |  361  |9.931672e-06|1.070066e-05|2.983295e-10|9.712799e-05|
| 651 |True   |  365  |9.854133e-06|1.080231e-05|1.754920e-10|6.443079e-05|
| 652 |True   |  356  |9.925233e-06|1.132853e-05|9.670580e-11|3.141877e-05|
| 650 |True   |  362  |9.713371e-06|1.048236e-05|2.813411e-10|9.560896e-05|
| 653 |True   |  367  |9.632669e-06|1.040157e-05|3.653409e-10|1.225210e-04|
| 657 |True   |  364  |9.776281e-06|1.087888e-05|1.977274e-10|6.393189e-05|
| 654 |True   |  347  |9.645850e-06|1.184275e-05|3.315322e-10|1.110081e-04|
| 656 |True   |  346  |9.944695e-06|1.131552e-05|2.204164e-10|8.802921e-05|
| 655 |True   |  380  |9.762207e-06|1.053128e-05|2.015881e-10|6.539487e-05|
| 660 |True   |  386  |9.557225e-06|1.032613e-05|3.583505e-10|1.210846e-04|
| 659 |True   |  350  |9.960734e-06|1.113127e-05|1.822560e-10|8.056355e-05|
| 663 |True   |  350  |9.554069e-06|1.102749e-05|1.567071e-10|7.362904e-05|
| 662 |True   |  386  |9.757970e-06|1.052709e-05|1.385190e-10|4.518190e-05|
| 661 |True   |  377  |9.648716e-06|1.041779e-05|1.944056e-10|6.527702e-05|
| 665 |True   |  346  |9.915429e-06|1.175041e-05|1.311787e-10|5.588984e-05|
| 658 |True   |  787  |9.991961e-06|1.076112e-05|1.131550e-10|3.026209e-05|
| 666 |True   |  338  |9.939618e-06|1.207102e-05|5.826404e-11|3.224058e-05|
| 668 |True   |  345  |9.906073e-06|1.183501e-05|3.240640e-10|1.116115e-04|
| 670 |True   |  348  |9.769726e-06|1.081276e-05|1.521748e-10|5.924501e-05|
| 669 |True   |  391  |9.816120e-06|1.058518e-05|2.059608e-10|6.662700e-05|
| 667 |True   |  391  |9.720426e-06|1.048944e-05|2.371819e-10|7.839908e-05|
| 646 |True   | 1374  |9.739402e-06|1.086592e-05|1.611510e-10|5.557492e-05|
| 672 |True   |  360  |9.984564e-06|1.075396e-05|2.249364e-10|6.988200e-05|
| 671 |True   |  379  |9.957523e-06|1.072649e-05|2.999052e-10|9.584960e-05|
| 674 |True   |  356  |9.755370e-06|1.297731e-05|1.215309e-10|4.134328e-05|
| 673 |True   |  380  |9.790292e-06|1.055941e-05|1.398764e-10|4.506614e-05|
| 675 |True   |  345  |9.843697e-06|1.190395e-05|1.997604e-10|7.907263e-05|
| 677 |True   |  370  |9.964156e-06|1.107102e-05|2.132326e-10|6.833416e-05|
| 676 |True   |  431  |9.646259e-06|1.112857e-05|8.508072e-12|2.447170e-06|
| 678 |True   |  362  |9.654672e-06|1.139229e-05|1.843184e-10|6.233789e-05|
| 679 |True   |  366  |9.841749e-06|1.100655e-05|2.801037e-10|9.026965e-05|
| 680 |True   |  381  |9.788552e-06|1.063743e-05|1.970994e-10|6.712203e-05|
| 683 |True   |  365  |9.855716e-06|1.149069e-05|1.430878e-10|4.519296e-05|
| 684 |True   |  368  |9.756415e-06|1.071036e-05|4.116982e-10|1.342898e-04|
| 682 |True   |  373  |9.989536e-06|1.233334e-05|2.724991e-10|8.807121e-05|
| 685 |True   |  379  |9.743756e-06|1.051275e-05|2.812068e-10|9.292526e-05|
| 681 |True   |  573  |9.930978e-06|1.080982e-05|2.500229e-10|8.634615e-05|
| 687 |True   |  363  |9.630532e-06|1.069373e-05|1.264493e-10|4.899298e-05|
| 688 |True   |  378  |9.767039e-06|1.053612e-05|1.664795e-10|5.252471e-05|
| 689 |True   |  351  |9.820202e-06|1.058926e-05|2.105424e-10|6.962914e-05|
| 690 |True   |  351  |9.858461e-06|1.062752e-05|2.101018e-10|6.821939e-05|
| 664 |True   | 1710  |9.541390e-06|1.192001e-05|3.286945e-11|1.848288e-05|
| 691 |True   |  355  |9.845027e-06|1.476067e-05|5.519073e-10|1.998468e-04|
| 692 |True   |  345  |9.811350e-06|1.182748e-05|2.114088e-10|7.062576e-05|
| 686 |True   |  802  |9.854389e-06|1.062350e-05|1.438956e-10|4.555164e-05|
| 693 |True   |  350  |9.779296e-06|1.130966e-05|3.149229e-10|1.322419e-04|
| 694 |True   |  365  |9.703115e-06|1.047214e-05|2.530575e-10|8.369858e-05|
| 696 |True   |  341  |9.815012e-06|1.185967e-05|3.621442e-11|1.896814e-05|
| 695 |True   |  358  |9.962999e-06|1.081913e-05|1.301823e-10|5.375314e-05|
| 697 |True   |  346  |9.868111e-06|1.170482e-05|1.994229e-10|8.555162e-05|
| 698 |True   |  385  |9.792785e-06|1.056192e-05|1.418283e-10|4.699622e-05|
| 699 |True   |  371  |9.673335e-06|1.134513e-05|1.119544e-10|3.348727e-05|
| 701 |True   |  356  |9.925626e-06|1.178919e-05|1.836771e-10|6.281963e-05|
| 700 |True   |  383  |9.949662e-06|1.071875e-05|2.167101e-10|6.926444e-05|
| 703 |True   |  382  |9.850250e-06|1.061922e-05|2.902547e-10|9.472879e-05|
| 704 |True   |  362  |9.664191e-06|1.141847e-05|2.563690e-10|8.628619e-05|
| 702 |True   |  467  |9.866164e-06|1.094830e-05|1.210329e-10|4.559451e-05|
| 706 |True   |  348  |9.463713e-06|1.055298e-05|1.795528e-10|7.581454e-05|
| 707 |True   |  346  |9.846708e-06|1.218782e-05|2.651064e-10|8.909433e-05|
| 708 |True   |  367  |9.640699e-06|1.040981e-05|1.934549e-10|6.490755e-05|
| 709 |True   |  373  |9.770197e-06|1.265168e-05|2.932788e-10|9.840461e-05|
| 710 |True   |  348  |9.865895e-06|1.116786e-05|2.806006e-10|9.163538e-05|
| 711 |True   |  380  |9.952030e-06|1.116978e-05|2.304271e-10|7.167342e-05|
| 712 |True   |  368  |9.771873e-06|1.141999e-05|1.413956e-10|4.701514e-05|
| 713 |True   |  351  |9.973812e-06|1.125910e-05|1.808578e-10|7.191066e-05|
| 715 |True   |  346  |9.749911e-06|1.121070e-05|2.242823e-11|1.843327e-05|
| 714 |True   |  386  |9.691634e-06|1.046069e-05|1.975505e-10|6.627700e-05|
| 716 |True   |  380  |9.933053e-06|1.070216e-05|1.515796e-10|4.778102e-05|
| 719 |True   |  405  |9.752435e-06|1.052141e-05|2.824339e-10|9.372338e-05|
| 717 |True   |  373  |9.928890e-06|1.069781e-05|3.561649e-10|1.131318e-04|
| 718 |True   |  350  |9.942872e-06|1.106043e-05|2.105230e-10|6.754865e-05|
| 722 |True   |  344  |9.828931e-06|1.077097e-05|4.564761e-11|2.705984e-05|
| 721 |True   |  388  |9.727520e-06|1.135835e-05|1.275861e-10|4.282188e-05|
| 720 |True   |  349  |9.711506e-06|1.122600e-05|1.644191e-10|6.641715e-05|
| 723 |True   |  346  |9.643603e-06|1.059118e-05|8.227178e-11|3.657293e-05|
| 725 |True   |  348  |9.822751e-06|1.150465e-05|1.654456e-10|5.374515e-05|
| 724 |True   |  363  |9.877541e-06|1.133180e-05|3.455793e-10|1.444648e-04|
| 726 |True   |  380  |9.969751e-06|1.073886e-05|1.512276e-10|4.527444e-05|
| 727 |True   |  349  |9.388260e-06|1.062865e-05|2.155291e-10|9.244488e-05|
| 729 |True   |  352  |9.760031e-06|1.052915e-05|2.014679e-10|6.550786e-05|
| 705 |True   | 1528  |9.767353e-06|1.114201e-05|2.993950e-11|1.855947e-05|
| 728 |True   |  400  |9.790893e-06|1.056000e-05|1.378726e-10|4.318747e-05|
| 730 |True   |  386  |9.761375e-06|1.074558e-05|1.593228e-10|6.219182e-05|
| 731 |True   |  377  |9.725279e-06|1.087010e-05|1.148576e-10|4.430173e-05|
| 732 |True   |  367  |9.913863e-06|1.142583e-05|1.813303e-10|5.789776e-05|
| 734 |True   |  384  |9.983506e-06|1.075240e-05|4.001579e-10|1.299870e-04|
| 733 |True   |  347  |9.658024e-06|1.087537e-05|1.633870e-10|7.008751e-05|
| 736 |True   |  367  |9.914512e-06|1.178794e-05|1.721877e-10|5.582139e-05|
| 735 |True   |  362  |9.896821e-06|1.070669e-05|2.019514e-10|6.681273e-05|
| 738 |True   |  372  |9.631106e-06|1.040018e-05|1.919888e-10|6.386710e-05|
| 739 |True   |  355  |9.709792e-06|1.119527e-05|2.047338e-10|8.380632e-05|
| 741 |True   |  389  |9.882305e-06|1.065126e-05|2.981599e-10|9.719546e-05|
| 737 |True   |  408  |9.698810e-06|1.046793e-05|1.336634e-10|4.390585e-05|
| 740 |True   |  379  |9.765613e-06|1.126871e-05|1.282753e-10|4.228651e-05|
| 743 |True   |  361  |9.972427e-06|1.074148e-05|2.191627e-10|6.968191e-05|
| 742 |True   |  380  |9.877663e-06|1.064677e-05|1.462679e-10|4.659618e-05|
| 745 |True   |  357  |9.621889e-06|1.188553e-05|2.298451e-10|8.817329e-05|
| 744 |True   |  344  |9.478738e-06|1.119777e-05|1.969612e-10|7.773187e-05|
| 746 |True   |  345  |9.980958e-06|1.174145e-05|1.033194e-10|4.143368e-05|
| 747 |True   |  352  |9.774314e-06|1.110196e-05|6.221110e-11|2.386632e-05|
| 748 |True   |  369  |9.768773e-06|1.053774e-05|3.007811e-10|9.829769e-05|
| 753 |True   |  379  |9.780190e-06|1.054907e-05|3.795904e-10|1.251964e-04|
| 752 |True   |  387  |9.680409e-06|1.044947e-05|1.964039e-10|6.533868e-05|
| 750 |True   |  377  |9.542105e-06|1.086949e-05|1.623697e-10|6.859427e-05|
| 751 |True   |  394  |9.762093e-06|1.053127e-05|1.387294e-10|4.549838e-05|
| 749 |True   |  587  |9.708014e-06|1.047711e-05|1.665255e-10|5.389857e-05|
| 754 |True   |  343  |9.645935e-06|1.073592e-05|6.775934e-11|3.454515e-05|
| 757 |True   |  345  |9.563189e-06|1.163483e-05|1.366090e-10|4.895932e-05|
| 755 |True   |  348  |9.970951e-06|1.139483e-05|1.678805e-10|6.472701e-05|
| 759 |True   |  347  |9.925601e-06|1.112463e-05|1.572065e-10|5.967189e-05|
| 756 |True   |  374  |9.677877e-06|1.047735e-05|2.602815e-10|8.993188e-05|
| 758 |True   |  385  |9.746759e-06|1.153173e-05|1.468014e-10|4.766127e-05|
| 760 |True   |  378  |9.932301e-06|1.070141e-05|1.468654e-10|4.456458e-05|
| 761 |True   |  340  |9.833220e-06|1.186137e-05|1.834394e-10|8.968258e-05|
| 765 |True   |  366  |9.964061e-06|1.073310e-05|2.216171e-10|7.238555e-05|
| 763 |True   |  392  |9.823075e-06|1.091198e-05|1.303068e-10|4.655553e-05|
| 764 |True   |  345  |9.704249e-06|1.103410e-05|1.946873e-10|8.737424e-05|
| 766 |True   |  357  |9.893582e-06|1.066247e-05|3.909767e-10|1.279051e-04|
| 762 |True   |  478  |9.868024e-06|1.063713e-05|2.128508e-10|7.005278e-05|
| 768 |True   |  342  |9.544446e-06|1.339139e-05|2.202603e-10|7.654630e-05|
| 767 |True   |  358  |9.597290e-06|1.075999e-05|1.645078e-10|6.883790e-05|
| 769 |True   |  382  |9.898316e-06|1.066736e-05|2.126549e-10|6.853236e-05|
| 770 |True   |  366  |9.790054e-06|1.160557e-05|2.411868e-10|1.109866e-04|
| 772 |True   |  338  |9.867456e-06|1.130879e-05|6.046307e-13|3.079364e-07|
| 771 |True   |  391  |9.641619e-06|1.046684e-05|2.719361e-10|9.184339e-05|
| 773 |True   |  360  |9.622687e-06|1.039193e-05|1.953872e-10|6.561695e-05|
| 774 |True   |  367  |9.633132e-06|1.129294e-05|1.887002e-10|6.387893e-05|
| 775 |True   |  381  |9.805942e-06|1.057499e-05|2.059588e-10|6.728333e-05|
| 776 |True   |  345  |9.669473e-06|1.082362e-05|1.757182e-10|7.589788e-05|
| 778 |True   |  352  |9.881236e-06|1.065041e-05|9.450615e-11|2.565856e-05|
| 777 |True   |  361  |9.911593e-06|1.099394e-05|2.330579e-10|9.139142e-05|
| 780 |True   |  347  |9.702630e-06|1.172982e-05|2.028375e-10|7.383990e-05|
| 779 |True   |  345  |9.968518e-06|1.123023e-05|1.039969e-10|4.234001e-05|
| 781 |True   |  385  |9.934642e-06|1.070375e-05|1.498199e-10|4.684128e-05|
| 782 |True   |  396  |9.685209e-06|1.045432e-05|1.489330e-10|4.757564e-05|
| 783 |True   |  373  |9.789766e-06|1.064513e-05|1.293806e-10|4.354252e-05|
| 784 |True   |  370  |9.950252e-06|1.071926e-05|2.561884e-10|8.097952e-05|
| 787 |True   |  393  |9.963249e-06|1.204733e-05|2.923936e-10|9.550992e-05|
| 785 |True   |  345  |9.952367e-06|1.166675e-05|2.168801e-10|8.480432e-05|
| 786 |True   |  379  |9.971983e-06|1.074105e-05|2.232767e-10|7.022601e-05|
| 790 |True   |  367  |9.660056e-06|1.057743e-05|2.701134e-10|9.914728e-05|
| 789 |True   |  383  |9.681616e-06|1.045067e-05|1.972123e-10|6.637527e-05|
| 788 |True   |  396  |9.714544e-06|1.048364e-05|1.731524e-10|5.629157e-05|
| 792 |True   |  358  |9.977926e-06|1.127270e-05|1.727490e-10|6.799211e-05|
| 791 |True   |  375  |9.975596e-06|1.074461e-05|2.589807e-10|8.047660e-05|
| 794 |True   |  385  |9.925200e-06|1.069420e-05|2.651526e-10|8.529812e-05|
| 793 |True   |  353  |9.441307e-06|1.067611e-05|2.434675e-10|1.048501e-04|
| 795 |True   |  365  |9.652874e-06|1.042194e-05|1.966915e-10|6.744605e-05|
| 796 |True   |  343  |9.581315e-06|1.195494e-05|2.762533e-10|1.100396e-04|
| 798 |True   |  371  |9.861025e-06|1.172444e-05|1.401564e-10|4.564228e-05|
| 800 |True   |  355  |9.600498e-06|1.038635e-05|1.582868e-10|5.971299e-05|
| 797 |True   |  370  |9.786695e-06|1.066310e-05|1.768706e-10|5.607897e-05|
| 799 |True   |  372  |9.565289e-06|1.033431e-05|2.670263e-10|9.151698e-05|
| 801 |True   |  336  |9.898383e-06|1.361435e-05|1.194651e-10|5.281823e-05|
| 802 |True   |  373  |9.724454e-06|1.049351e-05|1.993551e-10|6.569685e-05|
| 804 |True   |  348  |9.947817e-06|1.133522e-05|3.711272e-10|1.214822e-04|
| 805 |True   |  360  |9.878248e-06|1.144207e-05|2.002109e-10|6.482112e-05|
| 803 |True   |  386  |9.705762e-06|1.049063e-05|1.309526e-10|4.335146e-05|
| 808 |True   |  402  |9.995084e-06|1.118796e-05|2.126610e-10|6.649865e-05|
| 809 |True   |  346  |9.568462e-06|1.131080e-05|2.375464e-10|1.018877e-04|
| 806 |True   |  371  |9.736850e-06|1.058115e-05|1.342827e-10|4.306814e-05|
| 807 |True   |  362  |9.981683e-06|1.114316e-05|2.135757e-10|6.696514e-05|
| 812 |True   |  366  |9.656008e-06|1.042501e-05|2.717208e-10|9.003987e-05|
| 810 |True   |  389  |9.547291e-06|1.056981e-05|2.649602e-10|1.089564e-04|
| 811 |True   |  346  |9.665785e-06|1.097787e-05|9.494062e-11|4.318642e-05|
| 813 |True   |  384  |9.964128e-06|1.073316e-05|2.179058e-10|6.973213e-05|
| 814 |True   |  372  |9.720845e-06|1.048990e-05|2.018393e-10|6.576103e-05|
| 815 |True   |  340  |9.655672e-06|1.271443e-05|1.779726e-10|7.300777e-05|
| 816 |True   |  382  |9.982435e-06|1.075148e-05|2.236955e-10|7.360217e-05|
| 817 |True   |  353  |9.722164e-06|1.054743e-05|1.768084e-10|6.223133e-05|
| 818 |True   |  387  |9.726824e-06|1.049588e-05|1.990445e-10|6.505885e-05|
| 819 |True   |  371  |9.677737e-06|1.086656e-05|1.490954e-10|5.945452e-05|
| 820 |True   |  376  |9.785774e-06|1.204952e-05|1.258619e-10|4.004575e-05|
| 821 |True   |  378  |9.753769e-06|1.056027e-05|1.250253e-10|4.327561e-05|
| 824 |True   |  347  |9.761921e-06|1.088465e-05|1.099171e-10|4.278584e-05|
| 823 |True   |  393  |9.958891e-06|1.078910e-05|1.406398e-10|4.521075e-05|
| 825 |True   |  356  |9.506725e-06|1.069621e-05|1.580807e-10|6.502994e-05|
| 827 |True   |  374  |9.958221e-06|1.072727e-05|2.172075e-10|6.940359e-05|
| 826 |True   |  384  |9.657341e-06|1.042633e-05|2.743746e-10|9.215756e-05|
| 828 |True   |  380  |9.662070e-06|1.043106e-05|2.751193e-10|9.102634e-05|
| 822 |True   |  671  |9.777320e-06|1.072339e-05|8.662713e-11|2.438237e-05|
| 831 |True   |  362  |9.992600e-06|1.076171e-05|1.552766e-10|4.922333e-05|
| 830 |True   |  396  |9.994781e-06|1.076394e-05|9.956575e-11|2.613170e-05|
| 829 |True   |  486  |9.765618e-06|1.071918e-05|3.574123e-10|1.175872e-04|
| 833 |True   |  351  |9.936887e-06|1.080248e-05|4.344978e-10|1.383019e-04|
| 832 |True   |  379  |9.705489e-06|1.047449e-05|2.605940e-10|8.657365e-05|
| 836 |True   |  391  |9.907531e-06|1.067662e-05|1.655225e-10|5.198316e-05|
| 835 |True   |  366  |9.689780e-06|1.081008e-05|1.914770e-10|6.310474e-05|
| 834 |True   |  357  |9.777188e-06|1.072300e-05|1.435791e-10|5.427211e-05|
| 837 |True   |  405  |9.747210e-06|1.056029e-05|1.344202e-10|4.261982e-05|
| 838 |True   |  375  |9.839484e-06|1.065139e-05|2.623083e-10|8.886475e-05|
| 839 |True   |  382  |9.678627e-06|1.044761e-05|2.765810e-10|9.287877e-05|
| 840 |True   |  346  |9.877517e-06|1.153698e-05|1.374399e-10|3.913050e-05|
| 841 |True   |  346  |9.998806e-06|1.152113e-05|1.168759e-10|4.100263e-05|
| 842 |True   |  379  |9.849116e-06|1.061809e-05|2.886627e-10|9.249981e-05|
| 843 |True   |  370  |9.881844e-06|1.065081e-05|2.924353e-10|9.449311e-05|
| 845 |True   |  384  |9.691526e-06|1.046058e-05|1.970276e-10|6.514189e-05|
| 844 |True   |  363  |9.857737e-06|1.073911e-05|2.485724e-10|9.062116e-05|
| 846 |True   |  380  |9.892069e-06|1.066098e-05|3.438222e-10|1.086692e-04|
| 847 |True   |  386  |9.839218e-06|1.060819e-05|2.909145e-10|9.603025e-05|
| 851 |True   |  371  |9.726433e-06|1.061340e-05|1.736238e-10|6.456439e-05|
| 848 |True   |  378  |9.664051e-06|1.111438e-05|1.858105e-10|6.189104e-05|
| 850 |True   |  353  |9.920572e-06|1.068962e-05|2.133741e-10|6.696713e-05|
| 849 |True   |  386  |9.763445e-06|1.053250e-05|2.049367e-10|6.639225e-05|
| 852 |True   |  382  |9.680065e-06|1.044913e-05|1.964591e-10|6.537556e-05|
| 853 |True   |  367  |9.973458e-06|1.131385e-05|9.526228e-11|2.516442e-05|
| 854 |True   |  403  |9.998983e-06|1.076808e-05|1.559152e-10|4.950475e-05|
| 856 |True   |  364  |9.976093e-06|1.074514e-05|2.201339e-10|6.927205e-05|
| 855 |True   |  353  |9.917407e-06|1.068653e-05|1.454804e-10|4.412609e-05|
| 858 |True   |  343  |9.555188e-06|1.179941e-05|1.030866e-10|5.714490e-05|
| 860 |True   |  354  |9.799499e-06|1.153083e-05|1.352699e-10|5.426217e-05|
| 859 |True   |  378  |9.950647e-06|1.071969e-05|2.167937e-10|6.943231e-05|
| 857 |True   |  385  |9.839871e-06|1.060899e-05|1.476895e-10|4.555947e-05|
| 861 |True   |  388  |9.869414e-06|1.063846e-05|2.107287e-10|6.791211e-05|
| 862 |True   |  371  |9.953310e-06|1.126807e-05|1.667689e-10|6.437686e-05|
| 863 |True   |  339  |9.799254e-06|1.529213e-05|2.328665e-10|7.927185e-05|
| 865 |True   |  380  |9.587419e-06|1.069120e-05|3.630121e-10|1.239240e-04|
| 867 |True   |  379  |9.826897e-06|1.059589e-05|2.895280e-10|9.506796e-05|
| 866 |True   |  396  |9.838112e-06|1.060719e-05|1.858473e-10|5.922449e-05|
| 869 |True   |  370  |9.602978e-06|1.037196e-05|2.715960e-10|9.209690e-05|
| 864 |True   |  568  |9.996141e-06|1.141054e-05|1.446630e-10|4.329269e-05|
| 871 |True   |  352  |9.722498e-06|1.090683e-05|1.339344e-10|4.865071e-05|
| 868 |True   |  380  |9.792539e-06|1.056152e-05|2.849121e-10|9.345403e-05|
| 873 |True   |  343  |9.710339e-06|1.212831e-05|1.088245e-10|3.942619e-05|
| 870 |True   |  392  |9.642291e-06|1.041135e-05|1.949600e-10|6.566197e-05|
| 872 |True   |  369  |9.725439e-06|1.065597e-05|1.352555e-10|4.512237e-05|
| 874 |True   |  385  |9.803595e-06|1.057256e-05|2.897249e-10|9.776100e-05|
| 876 |True   |  389  |9.508553e-06|1.040542e-05|2.968209e-10|1.021167e-04|
| 875 |True   |  383  |9.959896e-06|1.072900e-05|1.488671e-10|4.496997e-05|
| 877 |True   |  374  |9.790176e-06|1.055929e-05|1.385530e-10|4.381727e-05|
| 878 |True   |  366  |9.935514e-06|1.117266e-05|2.228237e-10|6.985680e-05|
| 879 |True   |  346  |9.646029e-06|1.102422e-05|1.514006e-10|6.199387e-05|
| 882 |True   |  349  |9.685859e-06|1.108674e-05|1.672168e-10|5.446213e-05|
| 880 |True   |  362  |9.820404e-06|1.064959e-05|1.400207e-10|4.634926e-05|
| 883 |True   |  342  |9.901453e-06|1.158577e-05|5.277055e-11|2.028249e-05|
| 885 |True   |  342  |9.798288e-06|1.237767e-05|1.575176e-10|6.531879e-05|
| 881 |True   |  390  |9.715621e-06|1.048467e-05|2.003506e-10|6.645760e-05|
| 884 |True   |  380  |9.937111e-06|1.070616e-05|2.144704e-10|6.734918e-05|
| 886 |True   |  562  |9.839058e-06|1.077225e-05|1.442275e-10|5.662469e-05|
| 888 |True   |  336  |9.923786e-06|1.309198e-05|1.388197e-10|6.332406e-05|
| 887 |True   |  364  |9.775880e-06|1.206300e-05|1.904148e-10|6.374465e-05|
| 889 |True   |  350  |9.771565e-06|1.081156e-05|2.043231e-10|7.283500e-05|
| 890 |True   |  383  |9.714190e-06|1.048331e-05|1.334183e-10|4.295485e-05|
| 891 |True   |  381  |9.856364e-06|1.062519e-05|4.317270e-10|1.392364e-04|
| 894 |True   |  373  |9.932234e-06|1.070125e-05|2.442062e-10|7.589667e-05|
| 895 |True   |  377  |9.885691e-06|1.065482e-05|1.459839e-10|4.588499e-05|
| 892 |True   |  397  |9.846117e-06|1.061523e-05|1.413698e-10|4.365485e-05|
| 897 |True   |  343  |9.703623e-06|1.333510e-05|5.736416e-10|1.903871e-04|
| 896 |True   |  389  |9.885616e-06|1.121420e-05|2.549807e-10|1.065223e-04|
| 893 |True   |  386  |9.796803e-06|1.071736e-05|1.859566e-10|6.664046e-05|
| 898 |True   |  384  |9.947137e-06|1.071600e-05|4.000177e-10|1.316021e-04|
| 900 |True   |  345  |9.456794e-06|1.075305e-05|1.621040e-10|7.822925e-05|
| 899 |True   |  385  |9.792340e-06|1.056139e-05|2.061548e-10|6.821393e-05|
| 901 |True   |  347  |9.700249e-06|1.069806e-05|1.042562e-10|5.065822e-05|
| 902 |True   |  349  |9.794540e-06|1.126047e-05|1.550580e-10|5.233298e-05|
| 903 |True   |  333  |9.768498e-06|1.312291e-05|1.038270e-10|5.502487e-05|
| 904 |True   |  356  |9.710741e-06|1.187191e-05|2.557173e-10|9.198211e-05|
| 905 |True   |  341  |9.585122e-06|1.229330e-05|1.166028e-10|5.249774e-05|
| 908 |True   |  341  |9.740158e-06|1.261867e-05|1.863640e-10|7.675512e-05|
| 909 |True   |  352  |9.698572e-06|1.068772e-05|1.654668e-10|5.393519e-05|
| 906 |True   |  358  |9.892893e-06|1.066203e-05|2.132954e-10|6.889367e-05|
| 910 |True   |  376  |9.864586e-06|1.146793e-05|1.985944e-10|6.449604e-05|
| 911 |True   |  356  |9.753570e-06|1.095777e-05|6.496537e-11|3.539123e-05|
| 907 |True   |  565  |9.997933e-06|1.076691e-05|3.253731e-10|1.045215e-04|
| 912 |True   |  346  |9.669934e-06|1.173142e-05|1.623455e-10|6.263594e-05|
| 914 |True   |  343  |9.565761e-06|1.137630e-05|1.595565e-10|7.093958e-05|
| 913 |True   |  470  |9.857344e-06|1.062651e-05|9.183292e-11|2.513568e-05|
| 915 |True   |  361  |9.528351e-06|1.072807e-05|2.738916e-10|9.348929e-05|
| 917 |True   |  335  |9.498697e-06|1.205180e-05|6.974840e-11|3.820446e-05|
| 916 |True   |  382  |9.929193e-06|1.090935e-05|1.462872e-10|4.529346e-05|
| 920 |True   |  375  |9.650941e-06|1.042000e-05|1.970169e-10|6.593768e-05|
| 921 |True   |  364  |9.513505e-06|1.088385e-05|1.219977e-10|5.641322e-05|
| 918 |True   |  398  |9.842759e-06|1.061191e-05|1.016448e-10|2.809703e-05|
| 923 |True   |  351  |9.979752e-06|1.115837e-05|2.134563e-10|8.436517e-05|
| 919 |True   |  366  |9.769159e-06|1.053826e-05|2.020234e-10|6.534973e-05|
| 922 |True   |  378  |9.800036e-06|1.056901e-05|2.872744e-10|9.463108e-05|
| 925 |True   |  372  |9.724206e-06|1.049335e-05|2.019685e-10|6.583224e-05|
| 924 |True   |  394  |9.814350e-06|1.058341e-05|2.057788e-10|6.646083e-05|
| 926 |True   |  343  |9.883913e-06|1.140677e-05|3.926035e-10|1.608382e-04|
| 927 |True   |  385  |9.721852e-06|1.069142e-05|2.966695e-10|1.130202e-04|
| 929 |True   |  338  |9.916973e-06|1.468687e-05|1.855574e-10|7.257026e-05|
| 928 |True   |  350  |9.994795e-06|1.076382e-05|2.758953e-10|8.625639e-05|
| 933 |True   |  370  |9.928103e-06|1.173607e-05|1.424076e-10|5.807495e-05|
| 930 |True   |  384  |9.950029e-06|1.071886e-05|4.372569e-10|1.390977e-04|
| 932 |True   |  341  |9.600109e-06|1.092918e-05|1.133602e-10|3.141901e-05|
| 936 |True   |  385  |9.562309e-06|1.033130e-05|2.661404e-10|9.059268e-05|
| 934 |True   |  346  |9.743391e-06|1.073577e-05|1.991190e-10|7.958047e-05|
| 935 |True   |  367  |9.898843e-06|1.066797e-05|1.464356e-10|4.564829e-05|
| 937 |True   |  355  |9.897686e-06|1.107099e-05|1.105503e-10|3.950197e-05|
| 938 |True   |  384  |9.869568e-06|1.075069e-05|1.909375e-10|6.727740e-05|
| 939 |True   |  385  |9.833021e-06|1.060207e-05|2.077700e-10|6.766447e-05|
| 941 |True   |  383  |9.890034e-06|1.065900e-05|2.935953e-10|9.532151e-05|
| 942 |True   |  387  |9.717602e-06|1.048672e-05|1.350842e-10|4.428998e-05|
| 931 |True   | 1014  |9.580431e-06|1.034948e-05|2.081590e-10|6.940995e-05|
| 943 |True   |  341  |9.779928e-06|1.166896e-05|1.183600e-10|6.416799e-05|
| 944 |True   |  362  |9.646165e-06|1.068421e-05|2.672752e-10|8.943270e-05|
| 945 |True   |  382  |9.743601e-06|1.051265e-05|2.009675e-10|6.624726e-05|
| 947 |True   |  379  |9.937527e-06|1.070656e-05|2.198037e-10|7.341243e-05|
| 946 |True   |  401  |9.859659e-06|1.062863e-05|2.933169e-10|9.725103e-05|
| 948 |True   |  352  |9.924746e-06|1.080062e-05|2.615208e-10|9.072570e-05|
| 940 |True   |  573  |9.921830e-06|1.069089e-05|2.128043e-10|6.661199e-05|
| 952 |True   |  355  |9.709738e-06|1.076065e-05|1.963416e-10|6.634899e-05|
| 949 |True   |  380  |9.900241e-06|1.066929e-05|2.120459e-10|6.723218e-05|
| 950 |True   |  349  |9.942827e-06|1.084774e-05|5.240865e-11|2.074916e-05|
| 951 |True   |  370  |9.553676e-06|1.041886e-05|2.638173e-10|9.000276e-05|
| 954 |True   |  349  |9.809629e-06|1.073155e-05|1.910733e-10|6.833932e-05|
| 953 |True   |  352  |9.698661e-06|1.046770e-05|2.798224e-10|9.494506e-05|
| 955 |True   |  389  |9.829763e-06|1.059872e-05|2.987943e-10|9.768664e-05|
| 961 |True   |  345  |9.463467e-06|1.141266e-05|2.368746e-10|1.156695e-04|
| 956 |True   |  355  |9.975830e-06|1.167550e-05|3.652004e-10|1.391618e-04|
| 957 |True   |  361  |9.870090e-06|1.094621e-05|1.192146e-10|4.328433e-05|
| 960 |True   |  387  |9.990717e-06|1.075976e-05|2.182036e-10|6.748871e-05|
| 958 |True   |  388  |9.971754e-06|1.074062e-05|3.971472e-10|1.276323e-04|
| 959 |True   |  378  |9.943893e-06|1.193077e-05|1.426757e-10|5.651516e-05|
| 965 |True   |  372  |9.863425e-06|1.119071e-05|8.938451e-11|2.445929e-05|
| 962 |True   |  401  |9.654083e-06|1.042315e-05|1.938045e-10|6.428152e-05|
| 963 |True   |  383  |9.864391e-06|1.063336e-05|2.911891e-10|9.473036e-05|
| 964 |True   |  370  |9.844508e-06|1.061353e-05|2.408824e-10|7.710647e-05|
| 967 |True   |  366  |9.739341e-06|1.050846e-05|1.388667e-10|4.465173e-05|
| 970 |True   |  347  |9.989222e-06|1.109336e-05|2.146123e-10|8.637981e-05|
| 968 |True   |  352  |9.467046e-06|1.024845e-05|3.523938e-10|1.224315e-04|
| 969 |True   |  352  |9.728743e-06|1.049784e-05|2.009353e-10|6.694427e-05|
| 966 |True   |  600  |9.972602e-06|1.074164e-05|2.168385e-10|6.726552e-05|
| 971 |True   |  351  |9.798440e-06|1.084674e-05|1.055604e-10|4.034550e-05|
| 973 |True   |  347  |9.954698e-06|1.108520e-05|2.152934e-10|7.949946e-05|
| 974 |True   |  355  |9.877245e-06|1.116109e-05|2.436573e-10|1.036365e-04|
| 972 |True   |  378  |9.752195e-06|1.078058e-05|2.134245e-10|8.509234e-05|
| 975 |True   |  360  |9.799745e-06|1.063181e-05|2.278994e-10|7.598567e-05|
| 977 |True   |  351  |9.841554e-06|1.125085e-05|1.117823e-10|3.753693e-05|
| 978 |True   |  366  |9.889255e-06|1.171836e-05|9.010547e-11|2.489020e-05|
| 976 |True   |  359  |9.671982e-06|1.051900e-05|1.165052e-10|4.103429e-05|
| 979 |True   |  366  |9.919772e-06|1.083408e-05|2.938917e-10|9.586872e-05|
| 980 |True   |  364  |9.823662e-06|1.292967e-05|2.501525e-10|8.429326e-05|
| 981 |True   |  347  |9.484823e-06|1.116562e-05|1.943673e-10|9.072071e-05|
| 982 |True   |  369  |9.984314e-06|1.075343e-05|1.502598e-10|4.506149e-05|
| 983 |True   |  397  |9.765539e-06|1.053459e-05|2.062540e-10|6.827379e-05|
| 984 |True   |  349  |9.624568e-06|1.101073e-05|3.479436e-10|1.167304e-04|
| 986 |True   |  341  |9.730252e-06|1.445878e-05|1.854527e-10|6.327986e-05|
| 985 |True   |  350  |9.498484e-06|1.066361e-05|1.486800e-10|6.935721e-05|
| 990 |True   |  345  |9.623432e-06|1.075994e-05|1.256800e-10|5.476056e-05|
| 988 |True   |  391  |9.813749e-06|1.058286e-05|1.418146e-10|4.570706e-05|
| 989 |True   |  360  |9.621578e-06|1.095221e-05|1.853533e-10|6.332952e-05|
| 994 |True   |  387  |9.654755e-06|1.042386e-05|1.944502e-10|6.486232e-05|
| 987 |True   |  570  |9.787616e-06|1.105258e-05|1.947052e-10|7.974580e-05|
| 993 |True   |  378  |9.859201e-06|1.062837e-05|9.232513e-11|2.525082e-05|
| 995 |True   |  349  |9.737501e-06|1.067154e-05|1.763254e-10|6.170862e-05|
| 991 |True   |  391  |9.912940e-06|1.068205e-05|1.458431e-10|4.455683e-05|
| 996 |True   |  380  |9.721251e-06|1.057757e-05|2.787482e-10|9.391550e-05|
| 992 |True   |  400  |9.609757e-06|1.037881e-05|2.005119e-10|6.871677e-05|
| 999 |True   |  365  |9.660929e-06|1.139604e-05|2.105378e-10|7.235238e-05|
| 997 |True   |  391  |9.971513e-06|1.074055e-05|2.197958e-10|6.951235e-05|
| 998 |True   |  363  |9.847640e-06|1.061670e-05|2.093824e-10|6.783803e-05|
