|seed |success|  nit  |  mu_check  |   mu_sum   |   G_norm   | step_norm  |
|  3  |True   |  415  |9.961653e-06|1.001140e-05|4.948617e-12|3.228496e-05|
|  4  |True   |  409  |9.982502e-06|1.003225e-05|4.096805e-12|2.551111e-05|
|  7  |True   |  443  |9.963692e-06|1.001344e-05|5.623759e-12|3.535616e-05|
|  8  |True   |  471  |9.974911e-06|1.004305e-05|3.614077e-10|3.533181e-05|
| 11  |True   |  493  |9.969789e-06|1.002923e-05|1.924176e-10|2.753552e-05|
|  9  |True   |  472  |9.992160e-06|1.005931e-05|2.771671e-10|3.230527e-05|
|  6  |True   |  472  |9.961430e-06|1.002745e-05|4.287697e-10|3.833327e-05|
| 12  |True   |  502  |9.973107e-06|1.007153e-05|3.920664e-10|4.326063e-05|
|  5  |True   |  488  |9.979883e-06|1.003844e-05|3.836485e-10|4.132353e-05|
|  2  |True   |  515  |9.991536e-06|1.007557e-05|4.946293e-10|4.631281e-05|
| 10  |True   |  490  |9.955869e-06|1.004128e-05|3.579594e-10|4.078379e-05|
|  1  |True   |  580  |9.954075e-06|1.011324e-05|2.329051e-10|3.587241e-05|
|  0  |True   |  903  |9.991955e-06|1.010557e-05|3.595967e-10|5.518855e-03|
| 14  |True   |  413  |9.969839e-06|1.001959e-05|5.056153e-12|3.227213e-05|
| 13  |True   |  414  |9.991617e-06|1.004136e-05|6.584932e-12|3.703373e-05|
| 15  |True   |  425  |9.979320e-06|1.002907e-05|5.834681e-12|3.553902e-05|
| 19  |True   |  423  |9.960869e-06|1.001062e-05|6.203961e-12|3.775555e-05|
| 20  |True   |  469  |9.962399e-06|1.005116e-05|1.368971e-10|3.533655e-05|
| 21  |True   |  469  |9.976088e-06|1.009554e-05|2.228902e-10|3.924613e-05|
| 18  |True   |  472  |9.991808e-06|1.012343e-05|3.395013e-10|4.328611e-05|
| 23  |True   |  413  |9.967184e-06|1.001693e-05|5.124094e-12|3.220829e-05|
| 22  |True   |  465  |9.954102e-06|1.007988e-05|1.739290e-10|3.816703e-05|
| 16  |True   |  860  |9.986340e-06|1.003609e-05|3.271116e-12|2.039564e-05|
| 24  |True   |  799  |9.982160e-06|1.004909e-05|1.558849e-10|6.355374e-05|
| 27  |True   |  405  |9.999710e-06|1.004945e-05|8.430521e-12|4.175169e-05|
| 26  |True   |  411  |9.988185e-06|1.003793e-05|7.930669e-12|4.228324e-05|
| 28  |True   |  468  |9.987444e-06|1.006587e-05|4.939941e-10|3.819168e-05|
| 17  |True   | 1235  |9.990177e-06|1.123235e-05|4.073444e-10|7.784761e-04|
| 29  |True   |  466  |9.975088e-06|1.002578e-05|4.111998e-11|3.816644e-05|
| 25  |True   |  670  |9.992927e-06|1.014405e-05|2.928672e-10|1.615113e-05|
| 30  |True   |  476  |9.978765e-06|1.005592e-05|3.550974e-10|3.514642e-05|
| 32  |True   |  475  |9.976129e-06|1.010348e-05|6.129175e-10|5.263503e-05|
| 31  |True   |  434  |9.964974e-06|1.001472e-05|5.659678e-12|3.533372e-05|
| 33  |True   |  481  |9.972153e-06|1.002332e-05|5.731769e-11|3.543077e-05|
| 36  |True   |  465  |9.961559e-06|1.009576e-05|1.787330e-10|4.587020e-05|
| 35  |True   |  474  |9.962134e-06|1.005797e-05|2.217285e-10|3.610406e-05|
| 34  |True   |  861  |9.991808e-06|1.004156e-05|2.872096e-12|1.442519e-05|
| 40  |True   |  483  |9.995672e-06|1.009116e-05|5.991024e-10|4.569145e-05|
| 37  |True   |  596  |9.982392e-06|1.012400e-05|2.744970e-10|4.046813e-05|
| 41  |True   |  433  |9.949254e-06|9.999001e-06|6.302670e-12|3.842394e-05|
| 42  |True   |  478  |9.982044e-06|1.004546e-05|3.124006e-10|3.536895e-05|
| 45  |True   |  473  |9.972225e-06|1.009236e-05|2.704194e-10|3.940704e-05|
| 43  |True   |  476  |9.976731e-06|1.009084e-05|5.045326e-10|4.323133e-05|
| 38  |True   |  697  |9.978187e-06|1.026495e-05|9.637652e-10|1.528418e-02|
| 39  |True   |  610  |9.949194e-06|1.013354e-05|3.010922e-10|3.231162e-05|
| 44  |True   |  484  |9.995659e-06|1.008177e-05|5.147780e-10|4.235699e-05|
| 47  |True   |  490  |9.993858e-06|1.004771e-05|1.695425e-10|3.816348e-05|
| 48  |True   |  561  |9.993830e-06|1.004358e-05|2.902471e-12|1.437756e-05|
| 49  |True   |  589  |9.969840e-06|1.004967e-05|3.672357e-10|4.332674e-05|
| 51  |True   |  539  |9.965692e-06|1.001890e-05|1.617688e-10|3.926068e-05|
| 54  |True   |  416  |9.976456e-06|1.002620e-05|7.498134e-12|4.110346e-05|
| 52  |True   |  475  |9.985273e-06|1.004311e-05|3.447841e-10|4.091837e-05|
| 58  |True   |  480  |9.993307e-06|1.007514e-05|6.328361e-10|4.662492e-05|
| 57  |True   |  412  |9.971954e-06|1.004696e-05|4.463241e-12|2.891075e-05|
| 56  |True   |  472  |9.989558e-06|1.004077e-05|8.305766e-11|4.328411e-05|
| 55  |True   |  507  |9.994232e-06|1.005911e-05|2.615821e-10|3.228269e-05|
| 50  |True   |  794  |9.982843e-06|1.010923e-05|6.709833e-10|1.147726e-02|
| 46  |True   | 1388  |9.996647e-06|1.005290e-05|9.532287e-10|1.126903e-02|
| 60  |True   |  476  |9.937097e-06|1.000057e-05|5.172360e-10|4.145280e-05|
| 59  |True   |  491  |9.973007e-06|1.005183e-05|3.459285e-10|3.947003e-05|
| 64  |True   |  413  |9.990480e-06|1.004022e-05|7.820695e-12|4.040908e-05|
| 63  |True   |  472  |9.987853e-06|1.006577e-05|2.732855e-10|3.535736e-05|
| 67  |True   |  418  |9.972174e-06|1.002192e-05|6.487696e-12|3.816702e-05|
| 53  |True   | 1237  |9.998382e-06|1.011079e-05|7.348504e-10|5.415429e-03|
| 66  |True   |  460  |9.931229e-06|1.006978e-05|8.532340e-11|4.561400e-05|
| 68  |True   |  413  |9.981115e-06|1.003086e-05|4.755093e-12|2.934221e-05|
| 65  |True   |  476  |9.990383e-06|1.004657e-05|2.629579e-10|3.835530e-05|
| 69  |True   |  479  |9.937951e-06|1.002469e-05|2.941371e-10|4.784731e-05|
| 70  |True   |  472  |9.998805e-06|1.007071e-05|2.889981e-10|3.364141e-05|
| 71  |True   |  410  |9.958373e-06|1.000812e-05|5.539507e-12|3.531082e-05|
| 61  |True   |  900  |9.988376e-06|1.018386e-05|1.503665e-10|1.644598e-03|
| 72  |True   |  418  |9.970286e-06|1.002003e-05|5.552516e-12|3.338397e-05|
| 74  |True   |  451  |9.994547e-06|1.004429e-05|7.496478e-12|4.074003e-05|
| 79  |True   |  409  |9.994366e-06|1.004411e-05|6.470072e-12|3.617949e-05|
| 78  |True   |  415  |9.965071e-06|1.001482e-05|5.024996e-12|3.176324e-05|
| 73  |True   |  475  |9.987657e-06|1.006710e-05|6.122745e-10|4.551491e-05|
| 77  |True   |  481  |9.996097e-06|1.009162e-05|1.795456e-10|4.841249e-05|
| 76  |True   |  489  |9.985612e-06|1.009650e-05|3.289350e-10|4.320925e-05|
| 80  |True   |  475  |9.973633e-06|1.009070e-05|3.065679e-10|4.564050e-05|
| 82  |True   |  468  |9.925656e-06|1.006764e-05|3.709085e-10|4.510769e-05|
| 84  |True   |  471  |9.975475e-06|1.005781e-05|1.753833e-10|2.886940e-05|
| 81  |True   |  600  |9.982071e-06|1.009927e-05|2.303003e-10|3.661153e-05|
| 75  |True   |  787  |9.985451e-06|1.003520e-05|2.743264e-12|1.441757e-05|
| 83  |True   |  516  |9.968884e-06|1.006820e-05|7.934557e-10|9.316861e-03|
| 86  |True   |  469  |9.994004e-06|1.007641e-05|4.116199e-10|4.878829e-05|
| 85  |True   |  467  |9.954907e-06|1.003914e-05|2.262039e-10|3.796431e-05|
| 89  |True   |  478  |9.977148e-06|1.005246e-05|5.219409e-10|4.114867e-05|
| 87  |True   |  467  |9.990274e-06|1.004106e-05|5.385215e-11|3.747440e-05|
| 88  |True   |  485  |9.957141e-06|1.003147e-05|3.465866e-10|3.069280e-05|
| 90  |True   |  473  |9.949976e-06|1.003520e-05|4.587936e-10|3.815808e-05|
| 92  |True   |  422  |9.981204e-06|1.003095e-05|8.322599e-12|4.395536e-05|
| 91  |True   |  488  |9.963810e-06|1.004296e-05|6.845141e-10|4.357584e-05|
| 94  |True   |  409  |9.999565e-06|1.004931e-05|6.582109e-12|3.592550e-05|
| 96  |True   |  472  |9.989635e-06|1.005503e-05|3.493406e-10|3.558326e-05|
| 93  |True   |  584  |9.993196e-06|1.017423e-05|9.725018e-11|3.537503e-05|
| 95  |True   |  597  |9.997032e-06|1.004979e-05|1.255478e-10|3.562136e-05|
| 97  |True   |  472  |9.943029e-06|1.005407e-05|4.953101e-10|3.945406e-05|
| 100 |True   |  413  |9.999719e-06|1.004947e-05|6.253948e-12|3.537376e-05|
| 99  |True   |  473  |9.998186e-06|1.010035e-05|4.512645e-11|4.390805e-05|
| 101 |True   |  410  |9.982983e-06|1.003273e-05|4.282111e-12|2.590581e-05|
| 98  |True   |  538  |9.991316e-06|1.004106e-05|4.173404e-12|2.416743e-05|
| 102 |True   |  480  |9.983079e-06|1.007830e-05|6.125102e-10|4.314110e-05|
| 103 |True   |  466  |9.996848e-06|1.007905e-05|2.314128e-10|3.534043e-05|
| 106 |True   |  406  |9.977294e-06|1.002704e-05|6.684236e-12|3.826016e-05|
| 105 |True   |  436  |9.989497e-06|1.003925e-05|5.344922e-12|3.225630e-05|
| 104 |True   |  476  |9.986661e-06|1.016732e-05|3.499561e-10|4.904281e-05|
| 108 |True   |  417  |9.946149e-06|9.995895e-06|7.725398e-12|4.376547e-05|
| 107 |True   |  469  |9.975470e-06|1.008921e-05|1.943707e-10|3.536952e-05|
| 109 |True   |  414  |9.999617e-06|1.004936e-05|7.572436e-12|4.079490e-05|
| 110 |True   |  426  |9.992947e-06|1.004269e-05|7.971150e-12|4.217902e-05|
| 114 |True   |  407  |9.962089e-06|1.001183e-05|7.020486e-12|4.079474e-05|
| 112 |True   |  499  |9.949841e-06|1.002605e-05|3.647745e-10|3.775377e-05|
| 113 |True   |  506  |9.994004e-06|1.005157e-05|2.908665e-10|3.818900e-05|
| 115 |True   |  478  |9.976582e-06|1.004282e-05|4.340867e-10|3.870423e-05|
| 117 |True   |  424  |9.986901e-06|1.003665e-05|4.583694e-12|2.884950e-05|
| 116 |True   |  491  |9.976803e-06|1.008044e-05|2.953083e-10|4.323810e-05|
| 118 |True   |  499  |9.979046e-06|1.007603e-05|4.562546e-10|4.394613e-05|
| 120 |True   |  408  |9.997245e-06|1.004699e-05|7.343396e-12|3.960241e-05|
| 119 |True   |  494  |9.961335e-06|1.005895e-05|4.856256e-10|4.786684e-05|
| 121 |True   |  410  |9.984168e-06|1.003790e-05|5.246300e-12|3.225855e-05|
| 122 |True   |  472  |9.979144e-06|1.004769e-05|5.641939e-10|4.517371e-05|
| 124 |True   |  463  |9.976165e-06|1.002806e-05|5.566800e-11|2.885957e-05|
| 123 |True   |  600  |9.961147e-06|1.001540e-05|1.671278e-10|3.532183e-05|
| 126 |True   |  478  |9.969747e-06|1.013602e-05|2.915456e-10|5.322080e-05|
| 127 |True   |  474  |9.984063e-06|1.012211e-05|2.007718e-10|4.783459e-05|
| 129 |True   |  426  |9.986907e-06|1.003666e-05|6.061897e-12|3.622206e-05|
| 125 |True   |  622  |9.996148e-06|1.006250e-05|3.100176e-10|3.261529e-05|
| 62  |True   | 4153  |9.949396e-06|1.020385e-05|8.885133e-10|1.490094e-02|
| 128 |True   |  602  |9.983218e-06|1.007236e-05|2.162409e-10|2.883835e-05|
| 131 |True   |  458  |9.966224e-06|1.006174e-05|8.810932e-11|4.803502e-05|
| 132 |True   |  475  |9.967915e-06|1.006873e-05|2.616572e-10|3.532949e-05|
| 130 |True   |  617  |9.978244e-06|1.025376e-05|2.221340e-10|4.559099e-05|
| 133 |True   |  410  |9.995679e-06|1.004543e-05|5.426679e-12|3.225607e-05|
| 134 |True   |  470  |9.976414e-06|1.009403e-05|7.978576e-10|5.200102e-05|
| 135 |True   |  486  |9.928376e-06|1.003940e-05|3.414280e-10|4.824479e-05|
| 111 |True   | 1948  |9.978252e-06|1.015600e-05|7.341523e-10|5.415440e-03|
| 136 |True   |  481  |9.972933e-06|1.004025e-05|1.810689e-10|2.499957e-05|
| 138 |True   |  413  |9.971836e-06|1.002158e-05|4.830915e-12|3.060509e-05|
| 139 |True   |  441  |9.985786e-06|1.003652e-05|2.425035e-11|2.885027e-05|
| 140 |True   |  470  |9.966015e-06|1.002013e-05|2.015570e-10|3.734318e-05|
| 141 |True   |  411  |9.948383e-06|9.998128e-06|7.726168e-12|4.330589e-05|
| 142 |True   |  488  |9.913772e-06|1.020480e-05|3.309868e-10|3.618866e-05|
| 143 |True   |  467  |9.967419e-06|1.012065e-05|4.802997e-10|5.035173e-05|
| 144 |True   |  499  |9.939929e-06|1.008059e-05|5.056455e-10|5.101209e-05|
| 148 |True   |  481  |9.961242e-06|1.005255e-05|3.214400e-10|3.225559e-05|
| 149 |True   |  478  |9.971532e-06|1.006534e-05|6.458947e-11|3.533362e-05|
| 147 |True   |  528  |9.986392e-06|1.006147e-05|5.243296e-10|4.245846e-05|
| 145 |True   |  716  |9.979536e-06|1.013066e-05|2.881469e-10|1.096401e-04|
| 137 |True   | 1196  |9.993957e-06|1.004371e-05|2.915862e-12|1.442480e-05|
| 150 |True   |  476  |9.962602e-06|1.010111e-05|4.187864e-10|4.595215e-05|
| 151 |True   |  470  |9.954863e-06|1.003270e-05|2.666491e-10|3.545669e-05|
| 153 |True   |  419  |9.998234e-06|1.004798e-05|7.127412e-12|3.846400e-05|
| 152 |True   |  476  |9.985681e-06|1.007811e-05|6.873354e-10|5.029911e-05|
| 146 |True   |  813  |9.975916e-06|1.008712e-05|1.536280e-10|2.497453e-05|
| 154 |True   |  473  |9.987835e-06|1.014022e-05|5.359984e-10|4.782842e-05|
| 155 |True   |  493  |9.974740e-06|1.005402e-05|4.848243e-10|4.050422e-05|
| 156 |True   |  482  |9.963364e-06|1.002358e-05|4.264275e-10|4.114327e-05|
| 157 |True   |  408  |9.972059e-06|1.002181e-05|4.558441e-12|2.921614e-05|
| 158 |True   |  420  |9.998988e-06|1.004873e-05|7.545910e-12|4.079910e-05|
| 163 |True   |  475  |9.986269e-06|1.005686e-05|6.485909e-10|4.994116e-05|
| 160 |True   |  588  |9.966087e-06|1.005108e-05|1.620781e-10|2.885467e-05|
| 162 |True   |  499  |9.972238e-06|1.003263e-05|3.007149e-10|3.578574e-05|
| 165 |True   |  495  |9.968426e-06|1.005228e-05|3.313548e-10|3.769851e-05|
| 164 |True   |  507  |9.996841e-06|1.006270e-05|2.342638e-10|2.897674e-05|
| 166 |True   |  430  |9.949467e-06|9.999215e-06|6.787031e-12|4.083397e-05|
| 167 |True   |  429  |9.967034e-06|1.006528e-05|1.424140e-11|3.533349e-05|
| 168 |True   |  489  |9.997513e-06|1.007922e-05|8.352494e-10|5.000749e-05|
| 169 |True   |  471  |9.996837e-06|1.005898e-05|3.545252e-10|3.817147e-05|
| 171 |True   |  482  |9.983938e-06|1.007654e-05|3.193518e-10|3.533985e-05|
| 170 |True   |  530  |9.969531e-06|1.003978e-05|4.154026e-10|3.815621e-05|
| 172 |True   |  414  |9.997923e-06|1.004767e-05|4.835284e-12|2.885063e-05|
| 173 |True   |  478  |9.998459e-06|1.005839e-05|1.662752e-10|2.530737e-05|
| 174 |True   |  491  |9.958098e-06|1.011180e-05|1.800349e-10|3.815743e-05|
| 176 |True   |  440  |9.974322e-06|1.002407e-05|4.116864e-12|2.578640e-05|
| 175 |True   |  532  |9.988571e-06|1.007364e-05|6.187887e-10|4.220647e-05|
| 177 |True   |  488  |9.999656e-06|1.005404e-05|1.853023e-10|3.813681e-05|
| 178 |True   |  474  |9.991209e-06|1.006230e-05|4.431824e-10|4.113493e-05|
| 161 |True   | 1433  |9.986954e-06|1.004756e-05|7.842768e-11|2.024205e-05|
| 180 |True   |  482  |9.972713e-06|1.005574e-05|7.035047e-10|4.523867e-05|
| 159 |True   | 1601  |9.987388e-06|1.003714e-05|2.784705e-12|1.442654e-05|
| 179 |True   |  620  |9.997215e-06|1.008167e-05|2.082101e-10|2.885105e-05|
| 181 |True   |  461  |9.981715e-06|1.015477e-05|5.566628e-10|4.733483e-05|
| 183 |True   |  409  |9.966188e-06|1.001594e-05|6.036764e-12|3.595165e-05|
| 182 |True   |  456  |9.987023e-06|1.003843e-05|5.794811e-11|3.234464e-05|
| 186 |True   |  477  |9.986253e-06|1.004845e-05|4.823328e-10|4.307592e-05|
| 187 |True   |  412  |9.988171e-06|1.003792e-05|7.427459e-12|3.977405e-05|
| 185 |True   |  487  |9.983471e-06|1.012370e-05|4.372611e-10|5.010756e-05|
| 184 |True   |  495  |9.952691e-06|1.003995e-05|1.767301e-10|3.533447e-05|
| 190 |True   |  443  |9.992718e-06|1.004246e-05|7.422934e-12|4.075020e-05|
| 189 |True   |  464  |9.972360e-06|1.009415e-05|2.506723e-10|3.854579e-05|
| 188 |True   |  476  |9.969484e-06|1.004702e-05|3.548569e-10|4.075962e-05|
| 191 |True   |  492  |9.950509e-06|1.005116e-05|2.878925e-11|3.818841e-05|
| 192 |True   |  446  |9.982177e-06|1.003192e-05|6.791323e-12|3.784756e-05|
| 194 |True   |  405  |9.994750e-06|1.004450e-05|5.824390e-12|3.312722e-05|
| 193 |True   |  647  |9.998800e-06|1.004855e-05|3.015341e-12|1.442437e-05|
| 196 |True   |  503  |9.985525e-06|1.004213e-05|4.519048e-10|4.610700e-05|
| 195 |True   |  488  |9.997589e-06|1.008125e-05|3.344122e-10|4.127847e-05|
| 198 |True   |  416  |9.987350e-06|1.003710e-05|5.307396e-12|3.225666e-05|
| 200 |True   |  477  |9.981281e-06|1.006742e-05|2.764624e-10|3.226033e-05|
| 197 |True   |  498  |9.966504e-06|1.006485e-05|3.985394e-10|3.534172e-05|
| 199 |True   |  477  |9.975405e-06|1.010975e-05|2.996118e-10|3.540024e-05|
| 203 |True   |  410  |9.988431e-06|1.003818e-05|8.080828e-12|4.326767e-05|
| 201 |True   |  472  |9.996788e-06|1.008409e-05|2.780475e-10|4.788369e-05|
| 202 |True   |  463  |9.995692e-06|1.004651e-05|6.053844e-11|4.064180e-05|
| 204 |True   |  480  |9.963118e-06|1.002132e-05|2.862016e-10|3.816289e-05|
| 205 |True   |  549  |9.996598e-06|1.009114e-05|4.768762e-12|3.383025e-05|
| 206 |True   |  481  |9.954297e-06|1.002287e-05|3.574211e-10|3.718328e-05|
| 210 |True   |  455  |9.994994e-06|1.008671e-05|1.533478e-10|4.548905e-05|
| 208 |True   |  474  |9.971472e-06|1.002517e-05|1.048419e-10|2.924398e-05|
| 209 |True   |  419  |9.965942e-06|1.001569e-05|5.838142e-12|3.548087e-05|
| 211 |True   |  410  |9.992632e-06|1.004238e-05|9.114871e-12|4.572314e-05|
| 213 |True   |  470  |9.998081e-06|1.008331e-05|3.794612e-10|3.653522e-05|
| 215 |True   |  404  |9.963666e-06|1.001341e-05|6.312430e-12|3.816386e-05|
| 214 |True   |  489  |9.948624e-06|1.005463e-05|4.546206e-10|4.306676e-05|
| 207 |True   |  748  |9.996672e-06|1.004642e-05|2.972375e-12|1.442367e-05|
| 217 |True   |  522  |9.964472e-06|1.002459e-05|3.542588e-10|3.864440e-05|
| 212 |True   |  789  |9.999504e-06|1.009576e-05|8.087757e-12|1.442580e-05|
| 218 |True   |  573  |9.988237e-06|1.007337e-05|8.299283e-10|9.287170e-03|
| 220 |True   |  447  |9.981690e-06|1.003144e-05|4.505008e-12|2.884788e-05|
| 222 |True   |  480  |9.959012e-06|1.002825e-05|4.170809e-10|3.424487e-05|
| 221 |True   |  473  |9.961827e-06|1.007248e-05|4.265762e-10|4.600087e-05|
| 219 |True   |  691  |9.982874e-06|1.005514e-05|9.313880e-11|2.039969e-05|
| 224 |True   |  411  |9.994853e-06|1.004460e-05|8.846258e-12|4.439961e-05|
| 223 |True   |  482  |9.973053e-06|1.004276e-05|6.710935e-10|4.787527e-05|
| 225 |True   |  473  |9.981668e-06|1.011179e-05|3.875900e-10|3.823000e-05|
| 226 |True   |  499  |9.998674e-06|1.009591e-05|1.257311e-10|4.286011e-05|
| 227 |True   |  475  |9.982142e-06|1.004995e-05|4.833858e-10|4.137984e-05|
| 229 |True   |  450  |9.993625e-06|1.004455e-05|6.302054e-11|4.083206e-05|
| 230 |True   |  415  |9.987916e-06|1.003766e-05|4.630739e-12|2.885208e-05|
| 228 |True   |  592  |9.985083e-06|1.005934e-05|2.393002e-10|3.221744e-05|
| 231 |True   |  486  |9.982606e-06|1.005416e-05|4.574491e-10|4.259852e-05|
| 232 |True   |  408  |9.992423e-06|1.004217e-05|5.246400e-12|3.104815e-05|
| 234 |True   |  485  |9.986659e-06|1.008505e-05|4.260920e-10|4.094433e-05|
| 237 |True   |  485  |9.967363e-06|1.002558e-05|2.853039e-10|3.818073e-05|
| 235 |True   |  495  |9.950229e-06|1.004121e-05|4.913473e-10|4.692863e-05|
| 236 |True   |  509  |9.946389e-06|1.003474e-05|3.954623e-10|3.766949e-05|
| 239 |True   |  414  |9.990502e-06|1.004025e-05|8.826735e-12|4.559070e-05|
| 238 |True   |  476  |9.988040e-06|1.006625e-05|9.281107e-10|5.172222e-05|
| 241 |True   |  489  |9.975314e-06|1.004428e-05|5.837845e-10|4.341180e-05|
| 242 |True   |  474  |9.969642e-06|1.008484e-05|3.168167e-10|4.560906e-05|
| 240 |True   |  505  |9.949300e-06|1.006586e-05|4.228266e-10|4.563740e-05|
| 233 |True   |  933  |9.986538e-06|1.006213e-05|1.936002e-10|1.548240e-04|
| 243 |True   |  484  |9.992338e-06|1.005187e-05|3.926851e-10|3.978939e-05|
| 244 |True   |  411  |9.973222e-06|1.002297e-05|7.118322e-12|3.955129e-05|
| 245 |True   |  481  |9.997967e-06|1.007708e-05|3.057385e-10|4.653157e-05|
| 246 |True   |  478  |9.962381e-06|1.004643e-05|2.397813e-10|2.883083e-05|
| 247 |True   |  502  |9.986067e-06|1.007133e-05|5.632590e-10|4.358659e-05|
| 248 |True   |  465  |9.991681e-06|1.010744e-05|2.864660e-10|4.244473e-05|
| 250 |True   |  422  |9.949725e-06|1.004851e-05|1.610891e-11|4.252219e-05|
| 253 |True   |  414  |9.992778e-06|1.004253e-05|6.731434e-12|3.816284e-05|
| 252 |True   |  423  |9.972361e-06|1.002211e-05|7.506308e-12|4.005844e-05|
| 249 |True   |  580  |9.964216e-06|1.007554e-05|1.516873e-10|3.224304e-05|
| 254 |True   |  426  |9.993678e-06|1.004343e-05|3.739093e-12|2.116869e-05|
| 255 |True   |  475  |9.996542e-06|1.011192e-05|3.160177e-10|4.749065e-05|
| 256 |True   |  509  |9.998224e-06|1.007015e-05|4.102055e-10|4.115852e-05|
| 257 |True   |  410  |9.984494e-06|1.003424e-05|6.202262e-12|3.568198e-05|
| 259 |True   |  487  |9.996393e-06|1.006651e-05|7.198821e-10|5.149986e-05|
| 260 |True   |  458  |9.960856e-06|1.001061e-05|4.881907e-12|3.228149e-05|
| 216 |True   | 3180  |9.991842e-06|1.007155e-05|9.977483e-10|5.361935e-03|
| 251 |True   |  945  |9.982930e-06|1.006548e-05|9.245385e-11|6.397696e-05|
| 261 |True   |  487  |9.994353e-06|1.006356e-05|5.230188e-10|3.940837e-05|
| 263 |True   |  411  |9.967253e-06|1.001700e-05|6.500695e-12|3.824091e-05|
| 264 |True   |  475  |9.961323e-06|1.006013e-05|1.759329e-10|3.821327e-05|
| 266 |True   |  475  |9.961944e-06|1.003454e-05|3.522645e-10|3.818234e-05|
| 265 |True   |  481  |9.968727e-06|1.002556e-05|4.224108e-10|4.663096e-05|
| 262 |True   |  635  |9.964187e-06|1.006321e-05|7.999668e-12|3.611462e-05|
| 267 |True   |  475  |9.982449e-06|1.003397e-05|6.656296e-11|3.535070e-05|
| 268 |True   |  532  |9.999365e-06|1.004911e-05|8.675776e-12|4.414039e-05|
| 270 |True   |  476  |9.991826e-06|1.007697e-05|5.028550e-10|4.588242e-05|
| 272 |True   |  499  |9.972136e-06|1.004967e-05|3.339761e-10|2.682593e-05|
| 273 |True   |  453  |9.925419e-06|1.005836e-05|1.734435e-10|4.995669e-05|
| 274 |True   |  502  |9.953391e-06|1.005851e-05|6.084370e-10|4.585900e-05|
| 276 |True   |  489  |9.941860e-06|1.000739e-05|4.742548e-10|3.957281e-05|
| 275 |True   |  478  |9.962980e-06|1.001594e-05|1.474710e-10|3.827436e-05|
| 277 |True   |  477  |9.972726e-06|1.006112e-05|3.359864e-10|2.927299e-05|
| 278 |True   |  418  |9.982646e-06|1.003239e-05|7.316869e-12|4.079734e-05|
| 269 |True   |  897  |9.988814e-06|1.005187e-05|3.023801e-11|2.039498e-05|
| 279 |True   |  479  |9.984240e-06|1.006656e-05|2.890804e-10|2.978418e-05|
| 280 |True   |  414  |9.973876e-06|1.002362e-05|5.101089e-12|3.225553e-05|
| 271 |True   | 1061  |9.976829e-06|1.009055e-05|8.786792e-11|2.211894e-04|
| 281 |True   |  502  |9.969696e-06|1.005281e-05|2.745020e-10|3.937562e-05|
| 282 |True   |  425  |9.999590e-06|1.004933e-05|7.862617e-12|4.096041e-05|
| 283 |True   |  468  |9.938681e-06|1.007019e-05|2.549379e-10|4.561156e-05|
| 284 |True   |  419  |9.960561e-06|1.001031e-05|6.211282e-12|3.653769e-05|
| 285 |True   |  486  |9.976752e-06|1.003705e-05|1.800742e-10|2.886116e-05|
| 258 |True   | 2306  |9.985420e-06|1.016274e-05|1.514092e-10|2.498038e-05|
| 286 |True   |  476  |9.962572e-06|1.004944e-05|2.692266e-10|4.231503e-05|
| 288 |True   |  473  |9.966141e-06|1.002642e-05|6.017316e-10|4.838239e-05|
| 287 |True   |  485  |9.975978e-06|1.009214e-05|3.808863e-10|4.968295e-05|
| 289 |True   |  470  |9.953836e-06|1.004667e-05|8.790561e-11|3.533853e-05|
| 291 |True   |  409  |9.951403e-06|1.000115e-05|6.714581e-12|4.003105e-05|
| 290 |True   |  473  |9.978280e-06|1.006092e-05|2.213951e-10|3.555690e-05|
| 295 |True   |  415  |9.984581e-06|1.003433e-05|7.864063e-12|4.204542e-05|
| 292 |True   |  474  |9.955164e-06|1.003593e-05|2.834363e-10|3.891458e-05|
| 293 |True   |  460  |9.950831e-06|1.004118e-05|1.328963e-10|3.857182e-05|
| 294 |True   |  475  |9.982981e-06|1.010731e-05|4.288914e-10|4.835524e-05|
| 297 |True   |  463  |9.945703e-06|1.003622e-05|1.369674e-10|4.078334e-05|
| 296 |True   |  476  |9.968545e-06|1.003275e-05|6.830759e-10|4.806657e-05|
| 298 |True   |  468  |9.976262e-06|1.002698e-05|4.354701e-11|3.641159e-05|
| 299 |True   |  481  |9.960668e-06|1.003595e-05|4.200547e-10|4.099256e-05|
| 300 |True   |  486  |9.965482e-06|1.004364e-05|3.121890e-10|2.932239e-05|
| 301 |True   |  484  |9.985797e-06|1.004199e-05|2.394468e-10|3.576349e-05|
| 303 |True   |  473  |9.998376e-06|1.007796e-05|5.128811e-10|4.887102e-05|
| 304 |True   |  470  |9.997328e-06|1.007638e-05|3.372571e-10|4.036638e-05|
| 309 |True   |  413  |9.990423e-06|1.004017e-05|5.666028e-12|3.270138e-05|
| 308 |True   |  417  |9.963665e-06|1.001341e-05|4.799946e-12|2.997509e-05|
| 306 |True   |  413  |9.983527e-06|1.003328e-05|4.024455e-12|2.513209e-05|
| 307 |True   |  418  |9.976151e-06|1.002590e-05|5.807650e-12|3.531389e-05|
| 310 |True   |  474  |9.966706e-06|1.007049e-05|4.946055e-10|4.076563e-05|
| 305 |True   |  537  |9.967395e-06|1.001714e-05|4.070750e-12|2.600825e-05|
| 311 |True   |  411  |9.991857e-06|1.004160e-05|6.129816e-12|3.534785e-05|
| 313 |True   |  416  |9.963541e-06|1.001329e-05|5.585180e-12|3.509171e-05|
| 312 |True   |  463  |9.962935e-06|1.010986e-05|4.852102e-10|4.154527e-05|
| 314 |True   |  477  |9.999435e-06|1.005531e-05|4.042684e-10|4.701253e-05|
| 316 |True   |  421  |9.979911e-06|1.002966e-05|3.855431e-12|2.499292e-05|
| 317 |True   |  475  |9.989093e-06|1.005929e-05|3.580944e-10|3.672204e-05|
| 318 |True   |  499  |9.957010e-06|1.010347e-05|2.573920e-10|4.785161e-05|
| 321 |True   |  426  |9.968722e-06|1.001848e-05|4.125781e-12|2.909794e-05|
| 319 |True   |  480  |9.980629e-06|1.006253e-05|5.589088e-10|5.264014e-05|
| 323 |True   |  407  |9.959843e-06|1.000959e-05|5.918598e-12|3.557445e-05|
| 320 |True   |  491  |9.979356e-06|1.007518e-05|4.950029e-10|4.339795e-05|
| 322 |True   |  482  |9.979769e-06|1.008425e-05|4.254949e-10|3.642251e-05|
| 325 |True   |  466  |9.918864e-06|1.004253e-05|4.487237e-10|4.827854e-05|
| 324 |True   |  542  |9.990835e-06|1.007824e-05|8.997775e-10|5.470092e-05|
| 326 |True   |  425  |9.987054e-06|1.003681e-05|6.027567e-12|3.570214e-05|
| 302 |True   | 1917  |9.975740e-06|1.002549e-05|3.706137e-12|2.493024e-05|
| 327 |True   |  465  |9.980701e-06|1.003125e-05|1.509964e-11|2.505005e-05|
| 315 |True   | 1266  |9.980542e-06|1.026379e-05|5.276818e-11|1.440975e-05|
| 328 |True   |  470  |9.963604e-06|1.005912e-05|2.910591e-10|3.539512e-05|
| 329 |True   |  477  |9.990630e-06|1.012889e-05|3.925013e-10|4.783388e-05|
| 333 |True   |  502  |9.983947e-06|1.003844e-05|2.477859e-10|4.328562e-05|
| 334 |True   |  473  |9.938013e-06|1.002380e-05|2.526099e-10|4.098341e-05|
| 330 |True   |  689  |9.985227e-06|1.006017e-05|4.276898e-11|1.442637e-05|
| 335 |True   |  490  |9.981639e-06|1.003692e-05|3.470337e-10|4.713966e-05|
| 336 |True   |  474  |9.973330e-06|1.006511e-05|1.661991e-10|2.812111e-05|
| 338 |True   |  477  |9.992553e-06|1.013505e-05|3.150704e-10|4.080340e-05|
| 339 |True   |  415  |9.995542e-06|1.004529e-05|5.445430e-12|3.144900e-05|
| 340 |True   |  418  |9.967380e-06|1.001713e-05|3.892176e-12|2.528283e-05|
| 331 |True   |  877  |9.994497e-06|1.010494e-05|4.887687e-10|8.344546e-03|
| 341 |True   |  417  |9.970442e-06|1.002019e-05|5.742869e-12|3.533736e-05|
| 332 |True   |  979  |9.990851e-06|1.004060e-05|2.851764e-12|1.442318e-05|
| 337 |True   |  686  |9.992607e-06|1.004892e-05|7.512672e-11|6.395564e-05|
| 342 |True   |  522  |9.977467e-06|1.004244e-05|2.117286e-10|2.885551e-05|
| 344 |True   |  411  |9.971865e-06|1.002161e-05|6.865664e-12|3.754927e-05|
| 345 |True   |  524  |9.951713e-06|1.012218e-05|4.873512e-10|5.084739e-05|
| 346 |True   |  491  |9.970036e-06|1.002388e-05|1.428635e-10|3.533855e-05|
| 347 |True   |  500  |9.948264e-06|1.003441e-05|4.975884e-10|4.078983e-05|
| 352 |True   |  408  |9.988326e-06|1.003807e-05|4.196690e-12|2.530708e-05|
| 350 |True   |  439  |9.988405e-06|1.003815e-05|6.685518e-12|3.817422e-05|
| 349 |True   |  473  |9.950630e-06|1.000790e-05|3.000471e-10|3.829217e-05|
| 348 |True   |  487  |9.983631e-06|1.004421e-05|4.691657e-10|4.389020e-05|
| 351 |True   |  475  |9.984298e-06|1.005290e-05|5.364281e-10|4.207256e-05|
| 354 |True   |  411  |9.980595e-06|1.003034e-05|4.608179e-12|2.892382e-05|
| 343 |True   | 1076  |9.989933e-06|1.003968e-05|2.834576e-12|1.442568e-05|
| 355 |True   |  480  |9.967313e-06|1.005184e-05|2.513509e-10|3.554422e-05|
| 357 |True   |  474  |9.990907e-06|1.013160e-05|3.983704e-10|5.354417e-05|
| 353 |True   |  954  |9.989625e-06|1.003938e-05|3.343549e-12|2.040073e-05|
| 356 |True   |  636  |9.989026e-06|1.003878e-05|3.381274e-12|2.039679e-05|
| 361 |True   |  412  |9.976031e-06|1.002578e-05|4.825547e-12|2.972524e-05|
| 364 |True   |  429  |9.960588e-06|1.001034e-05|5.605763e-12|3.534073e-05|
| 358 |True   |  590  |9.970246e-06|1.005716e-05|1.070250e-10|2.896821e-05|
| 362 |True   |  410  |9.967223e-06|1.001697e-05|5.671012e-12|3.533267e-05|
| 360 |True   |  486  |9.994909e-06|1.010287e-05|2.142034e-10|3.223885e-05|
| 365 |True   |  460  |9.974542e-06|1.009864e-05|2.216019e-10|4.305379e-05|
| 359 |True   |  732  |9.995295e-06|1.010867e-05|1.058908e-11|1.437082e-05|
| 363 |True   |  584  |9.992195e-06|1.007473e-05|1.583918e-10|2.911797e-05|
| 367 |True   |  557  |9.984285e-06|1.004186e-05|3.971372e-10|4.743671e-05|
| 368 |True   |  467  |9.954924e-06|1.010195e-05|2.409441e-10|3.534802e-05|
| 370 |True   |  403  |9.978872e-06|1.002993e-05|5.889280e-12|3.534403e-05|
| 369 |True   |  489  |9.944799e-06|1.001322e-05|4.728864e-10|4.137248e-05|
| 366 |True   |  673  |9.994236e-06|1.009342e-05|2.917230e-12|1.440954e-05|
| 371 |True   |  504  |9.955779e-06|1.003299e-05|3.997491e-10|3.852674e-05|
| 372 |True   |  483  |9.985866e-06|1.005850e-05|3.385958e-10|3.658694e-05|
| 374 |True   |  477  |9.961474e-06|1.004803e-05|5.131415e-10|4.237125e-05|
| 377 |True   |  404  |9.971945e-06|1.002169e-05|7.886347e-12|4.327395e-05|
| 378 |True   |  421  |9.968108e-06|1.001786e-05|6.029500e-12|3.611533e-05|
| 375 |True   |  698  |9.966937e-06|1.012200e-05|3.865609e-10|6.424035e-03|
| 380 |True   |  473  |9.955459e-06|1.002117e-05|3.664114e-10|3.817416e-05|
| 379 |True   |  464  |9.999921e-06|1.012383e-05|2.349010e-10|4.483477e-05|
| 382 |True   |  405  |9.963244e-06|1.002486e-05|8.319053e-12|4.468344e-05|
| 381 |True   |  482  |9.966197e-06|1.003693e-05|3.846535e-10|3.837889e-05|
| 383 |True   |  412  |9.988577e-06|1.003832e-05|7.541102e-12|3.980417e-05|
| 384 |True   |  409  |9.993214e-06|1.004490e-05|6.115617e-12|3.533963e-05|
| 373 |True   | 1208  |9.985877e-06|1.003563e-05|2.751782e-12|1.442018e-05|
| 386 |True   |  484  |9.979992e-06|1.007141e-05|6.465886e-10|5.004122e-05|
| 389 |True   |  421  |9.996516e-06|1.004626e-05|6.858164e-12|3.730096e-05|
| 388 |True   |  591  |9.990741e-06|1.011080e-05|1.358527e-10|3.223157e-05|
| 385 |True   |  901  |9.991061e-06|1.006935e-05|7.223722e-10|1.138561e-02|
| 392 |True   |  409  |9.974260e-06|1.002401e-05|4.445801e-12|2.888321e-05|
| 391 |True   |  465  |9.954653e-06|1.004225e-05|1.638013e-10|3.792563e-05|
| 394 |True   |  415  |9.987486e-06|1.003723e-05|5.294608e-12|3.151209e-05|
| 393 |True   |  424  |9.963626e-06|1.001338e-05|4.630132e-12|2.978839e-05|
| 390 |True   |  517  |9.973989e-06|1.003522e-05|3.756053e-10|3.897047e-05|
| 395 |True   |  472  |9.992413e-06|1.004374e-05|9.066333e-11|4.329128e-05|
| 396 |True   |  464  |9.954630e-06|1.008812e-05|2.510763e-10|4.679163e-05|
| 398 |True   |  486  |9.972042e-06|1.004965e-05|1.908623e-10|2.925387e-05|
| 397 |True   |  566  |9.999487e-06|1.009626e-05|2.257568e-10|4.333985e-05|
| 399 |True   |  476  |9.979379e-06|1.004049e-05|3.565394e-10|3.826759e-05|
| 401 |True   |  417  |9.977912e-06|1.002766e-05|4.473403e-12|2.885019e-05|
| 400 |True   |  414  |9.961480e-06|1.001123e-05|5.146967e-12|3.262029e-05|
| 387 |True   | 1607  |9.926019e-06|1.049565e-05|6.996002e-10|7.541108e-03|
| 405 |True   |  435  |9.966855e-06|1.001661e-05|8.320373e-12|4.589806e-05|
| 403 |True   |  472  |9.968598e-06|1.004648e-05|3.543698e-10|4.081507e-05|
| 404 |True   |  494  |9.968526e-06|1.010467e-05|4.419203e-10|4.996937e-05|
| 406 |True   |  495  |9.963320e-06|1.002064e-05|2.008333e-10|3.133432e-05|
| 407 |True   |  491  |9.970915e-06|1.006234e-05|3.349996e-10|3.535390e-05|
| 408 |True   |  552  |9.968432e-06|1.003383e-05|3.769267e-10|3.816112e-05|
| 409 |True   |  494  |9.958974e-06|1.001792e-05|3.255331e-10|3.637990e-05|
| 410 |True   |  470  |9.990011e-06|1.007824e-05|2.283031e-10|3.535577e-05|
| 411 |True   |  491  |9.970395e-06|1.003004e-05|4.049264e-10|4.166856e-05|
| 413 |True   |  469  |9.964915e-06|1.005151e-05|3.750467e-10|4.081023e-05|
| 414 |True   |  489  |9.981872e-06|1.011155e-05|8.318833e-10|4.711549e-05|
| 415 |True   |  472  |9.991081e-06|1.005833e-05|8.401052e-10|5.206021e-05|
| 412 |True   |  583  |9.953493e-06|1.003246e-05|3.731241e-10|3.917169e-05|
| 416 |True   |  467  |9.972948e-06|1.007882e-05|6.188023e-10|5.303846e-05|
| 376 |True   | 3106  |9.997835e-06|1.012023e-05|7.010103e-10|1.218730e-02|
| 418 |True   |  472  |9.951354e-06|1.003492e-05|2.736156e-10|3.983903e-05|
| 420 |True   |  419  |9.993814e-06|1.004356e-05|8.291351e-12|4.332857e-05|
| 419 |True   |  498  |9.967774e-06|1.004317e-05|6.451618e-10|4.480757e-05|
| 417 |True   |  658  |9.999702e-06|1.004945e-05|3.029759e-12|1.442390e-05|
| 421 |True   |  474  |9.937464e-06|1.013363e-05|5.914429e-10|4.376407e-05|
| 424 |True   |  411  |9.971919e-06|1.002167e-05|5.739718e-12|3.532833e-05|
| 402 |True   | 1824  |9.980277e-06|1.003003e-05|3.235995e-12|2.039980e-05|
| 422 |True   |  506  |9.980770e-06|1.003577e-05|2.136070e-10|3.703649e-05|
| 426 |True   |  472  |9.988895e-06|1.010588e-05|1.947467e-10|3.816527e-05|
| 425 |True   |  434  |9.994731e-06|1.004448e-05|6.113740e-12|3.532822e-05|
| 423 |True   |  501  |9.973315e-06|1.002673e-05|1.973502e-10|4.188220e-05|
| 428 |True   |  499  |9.994391e-06|1.006593e-05|9.025433e-10|5.006188e-05|
| 429 |True   |  470  |9.953262e-06|1.004569e-05|2.391214e-10|3.961467e-05|
| 431 |True   |  489  |9.948912e-06|1.001364e-05|5.266348e-10|4.381428e-05|
| 430 |True   |  477  |9.996729e-06|1.006020e-05|1.995111e-10|2.885497e-05|
| 432 |True   |  464  |9.963968e-06|1.005989e-05|1.449254e-10|4.410578e-05|
| 427 |True   |  786  |9.944012e-06|1.037602e-05|3.883316e-10|6.613555e-03|
| 434 |True   |  425  |9.999304e-06|1.004905e-05|8.579843e-12|4.370783e-05|
| 433 |True   |  472  |9.958331e-06|1.004273e-05|6.458252e-10|3.826943e-05|
| 435 |True   |  473  |9.986050e-06|1.009000e-05|5.048606e-10|4.356730e-05|
| 436 |True   |  466  |9.941857e-06|1.007894e-05|3.802446e-10|4.790955e-05|
| 437 |True   |  408  |9.993716e-06|1.004346e-05|7.119264e-12|3.850957e-05|
| 439 |True   |  477  |9.955361e-06|1.005249e-05|6.332991e-10|4.783293e-05|
| 438 |True   |  483  |9.986949e-06|1.006676e-05|4.057363e-10|4.405621e-05|
| 441 |True   |  476  |9.943706e-06|1.004855e-05|1.638108e-10|4.119407e-05|
| 443 |True   |  418  |9.977879e-06|1.002763e-05|4.039206e-12|2.574855e-05|
| 440 |True   |  713  |9.973349e-06|1.013075e-05|5.183357e-10|5.416165e-03|
| 446 |True   |  408  |9.976857e-06|1.002660e-05|6.517090e-12|3.813528e-05|
| 444 |True   |  585  |9.964573e-06|1.007325e-05|2.357537e-10|3.597009e-05|
| 447 |True   |  412  |9.951965e-06|1.000171e-05|7.673592e-12|4.190367e-05|
| 445 |True   |  481  |9.972094e-06|1.005252e-05|3.944280e-10|3.534119e-05|
| 449 |True   |  481  |9.959733e-06|1.003285e-05|4.976215e-10|4.077716e-05|
| 448 |True   |  505  |9.985010e-06|1.006533e-05|6.363422e-10|4.338118e-05|
| 451 |True   |  401  |9.982483e-06|1.004165e-05|4.898008e-12|2.932940e-05|
| 450 |True   |  471  |9.964007e-06|1.002355e-05|2.403599e-10|3.242282e-05|
| 452 |True   |  477  |9.953868e-06|1.004634e-05|3.030934e-10|4.080560e-05|
| 453 |True   |  488  |9.983514e-06|1.004591e-05|4.774136e-10|4.326966e-05|
| 454 |True   |  495  |9.955738e-06|1.005575e-05|2.734237e-10|3.817405e-05|
| 442 |True   | 1243  |9.985277e-06|1.008144e-05|6.020467e-10|5.416150e-03|
| 456 |True   |  407  |9.976353e-06|1.002610e-05|9.608697e-12|4.729862e-05|
| 455 |True   |  476  |9.996213e-06|1.008693e-05|2.432240e-12|6.317852e-10|
| 458 |True   |  456  |9.981757e-06|1.007599e-05|9.991308e-11|4.344360e-05|
| 457 |True   |  469  |9.966260e-06|1.001769e-05|9.127255e-11|3.908250e-05|
| 460 |True   |  445  |9.967922e-06|1.001767e-05|4.644646e-12|2.988334e-05|
| 459 |True   |  471  |9.977911e-06|1.007770e-05|7.061894e-10|4.699432e-05|
| 462 |True   |  410  |9.984092e-06|1.003384e-05|5.327439e-12|3.231282e-05|
| 461 |True   |  471  |9.985222e-06|1.003624e-05|3.965738e-11|3.227958e-05|
| 463 |True   |  427  |9.999450e-06|1.004919e-05|8.295260e-12|4.325980e-05|
| 464 |True   |  499  |9.989624e-06|1.009057e-05|3.207428e-10|5.073889e-05|
| 465 |True   |  484  |9.949254e-06|1.000429e-05|2.238516e-10|3.794477e-05|
| 467 |True   |  487  |9.961247e-06|1.005374e-05|8.114160e-11|3.388350e-05|
| 466 |True   |  476  |9.989628e-06|1.007807e-05|6.000567e-10|4.139484e-05|
| 468 |True   |  442  |9.968134e-06|1.006469e-05|7.190658e-11|5.020987e-05|
| 471 |True   |  413  |9.972968e-06|1.002272e-05|5.759166e-12|3.530370e-05|
| 473 |True   |  426  |9.967279e-06|1.001703e-05|6.258434e-12|3.670398e-05|
| 470 |True   |  485  |9.983119e-06|1.004099e-05|1.418982e-10|2.568174e-05|
| 469 |True   |  486  |9.996633e-06|1.011180e-05|4.911378e-10|4.464592e-05|
| 472 |True   |  514  |9.952995e-06|1.011428e-05|3.013376e-10|4.760945e-05|
| 474 |True   |  422  |9.999649e-06|1.004940e-05|6.316706e-12|3.547165e-05|
| 476 |True   |  409  |9.987373e-06|1.003712e-05|8.153788e-12|4.283395e-05|
| 477 |True   |  426  |9.959204e-06|1.000895e-05|5.632657e-12|3.502622e-05|
| 478 |True   |  418  |9.964849e-06|1.001460e-05|5.617637e-12|3.530835e-05|
| 480 |True   |  412  |9.966026e-06|1.001577e-05|5.246534e-12|3.282979e-05|
| 479 |True   |  478  |9.972493e-06|1.014417e-05|2.789379e-10|4.338471e-05|
| 481 |True   |  409  |9.979324e-06|1.002907e-05|6.700824e-12|3.823543e-05|
| 482 |True   |  425  |9.968095e-06|1.001784e-05|5.639927e-12|3.533812e-05|
| 485 |True   |  469  |9.970454e-06|1.005772e-05|4.487854e-10|4.560610e-05|
| 486 |True   |  484  |9.972220e-06|1.002606e-05|9.856616e-11|2.884550e-05|
| 483 |True   |  468  |9.967298e-06|1.012823e-05|3.770856e-10|4.784143e-05|
| 484 |True   |  471  |9.980043e-06|1.005578e-05|9.631713e-10|5.232871e-05|
| 487 |True   |  491  |9.965889e-06|1.002517e-05|4.426099e-10|4.386086e-05|
| 489 |True   |  421  |9.975019e-06|1.002477e-05|6.445682e-12|3.805427e-05|
| 488 |True   |  617  |9.985063e-06|1.027025e-05|4.979897e-10|4.332158e-05|
| 475 |True   | 1336  |9.994627e-06|1.007310e-05|1.104799e-10|2.488216e-05|
| 492 |True   |  470  |9.949169e-06|1.006678e-05|2.200767e-10|4.033200e-05|
| 490 |True   |  484  |9.945140e-06|1.003704e-05|4.046415e-10|4.083653e-05|
| 491 |True   |  477  |9.993242e-06|1.005528e-05|4.048709e-10|4.078749e-05|
| 493 |True   |  426  |9.978417e-06|1.002816e-05|7.451345e-12|4.100048e-05|
| 496 |True   |  429  |9.987285e-06|1.003722e-05|1.142817e-11|4.794955e-05|
| 495 |True   |  466  |9.968690e-06|1.001856e-05|4.608110e-12|3.668856e-05|
| 497 |True   |  461  |9.968747e-06|1.007460e-05|1.573237e-10|4.330115e-05|
| 494 |True   |  625  |9.982717e-06|1.005642e-05|1.685372e-10|2.625888e-05|
| 499 |True   |  479  |9.965143e-06|1.009449e-05|2.306555e-10|3.684140e-05|
| 500 |True   |  480  |9.956518e-06|1.002813e-05|3.614727e-10|3.701937e-05|
| 498 |True   |  647  |9.998895e-06|1.004865e-05|3.015706e-12|1.442519e-05|
| 501 |True   |  472  |9.950883e-06|1.003369e-05|5.352387e-10|4.080507e-05|
| 503 |True   |  476  |9.954941e-06|1.002433e-05|4.509314e-10|3.817323e-05|
| 502 |True   |  593  |9.986576e-06|1.010847e-05|1.255770e-10|2.957303e-05|
| 505 |True   |  484  |9.972340e-06|1.003309e-05|3.943148e-10|4.081156e-05|
| 504 |True   |  472  |9.976655e-06|1.008463e-05|6.018678e-10|4.476583e-05|
| 506 |True   |  468  |9.927909e-06|1.006877e-05|3.834591e-10|4.578063e-05|
| 510 |True   |  418  |9.977784e-06|1.002753e-05|5.838799e-12|3.532826e-05|
| 508 |True   |  475  |9.980013e-06|1.010847e-05|6.719542e-10|5.584033e-05|
| 511 |True   |  476  |9.983340e-06|1.004231e-05|3.019807e-10|3.817732e-05|
| 507 |True   |  622  |9.971173e-06|1.004739e-05|5.750730e-12|3.533949e-05|
| 509 |True   |  470  |9.997675e-06|1.011629e-05|6.361317e-10|4.999498e-05|
| 512 |True   |  410  |9.992576e-06|1.004232e-05|5.379122e-12|3.225182e-05|
| 513 |True   |  446  |9.965101e-06|1.006245e-05|4.199963e-11|4.562355e-05|
| 515 |True   |  415  |9.981673e-06|1.003142e-05|6.768496e-12|3.835163e-05|
| 514 |True   |  415  |9.975592e-06|1.002534e-05|4.696457e-12|2.956477e-05|
| 516 |True   |  425  |9.977743e-06|1.002749e-05|8.747305e-12|4.482481e-05|
| 517 |True   |  470  |9.966199e-06|1.008006e-05|2.272691e-10|3.816887e-05|
| 519 |True   |  495  |9.990994e-06|1.009499e-05|4.220820e-10|4.779238e-05|
| 523 |True   |  413  |9.990470e-06|1.004022e-05|6.732081e-12|3.816664e-05|
| 520 |True   |  412  |9.999925e-06|1.004967e-05|5.500334e-12|3.225543e-05|
| 521 |True   |  497  |9.996757e-06|1.005488e-05|2.379909e-10|3.408958e-05|
| 524 |True   |  448  |9.986648e-06|1.003640e-05|5.296907e-12|3.219258e-05|
| 525 |True   |  408  |9.980809e-06|1.003056e-05|6.181799e-12|3.584051e-05|
| 522 |True   |  522  |9.959885e-06|1.004739e-05|5.330599e-10|4.081167e-05|
| 518 |True   |  842  |9.983483e-06|1.005407e-05|5.839353e-11|1.442081e-05|
| 527 |True   |  484  |9.967927e-06|1.002021e-05|1.102567e-10|3.824909e-05|
| 528 |True   |  479  |9.949127e-06|1.004542e-05|5.386974e-11|3.648206e-05|
| 529 |True   |  475  |9.991773e-06|1.009431e-05|4.668110e-10|5.398261e-05|
| 530 |True   |  483  |9.959058e-06|1.004448e-05|6.295628e-10|4.365999e-05|
| 532 |True   |  428  |9.977572e-06|1.002732e-05|5.838936e-12|3.533105e-05|
| 533 |True   |  496  |9.960231e-06|1.003766e-05|3.964562e-10|4.264148e-05|
| 534 |True   |  477  |9.989185e-06|1.005591e-05|5.514869e-10|4.594384e-05|
| 535 |True   |  513  |9.997442e-06|1.008196e-05|3.407748e-10|4.627073e-05|
| 537 |True   |  521  |9.993100e-06|1.006210e-05|5.629937e-10|4.343617e-05|
| 536 |True   |  473  |9.959865e-06|1.001719e-05|2.405143e-10|3.531366e-05|
| 539 |True   |  471  |9.995231e-06|1.008194e-05|3.391712e-10|5.004056e-05|
| 538 |True   |  484  |9.954918e-06|1.003799e-05|2.242383e-10|3.786952e-05|
| 540 |True   |  472  |9.974555e-06|1.013463e-05|1.580050e-10|3.771437e-05|
| 541 |True   |  428  |9.994648e-06|1.004439e-05|8.232455e-12|4.326851e-05|
| 542 |True   |  476  |9.948026e-06|1.006040e-05|3.122814e-10|4.344608e-05|
| 543 |True   |  482  |9.979500e-06|1.003813e-05|2.659255e-10|3.262109e-05|
| 544 |True   |  501  |9.963471e-06|1.001696e-05|1.474996e-10|3.214733e-05|
| 549 |True   |  498  |9.986976e-06|1.007481e-05|6.760964e-10|4.615108e-05|
| 547 |True   |  472  |9.969487e-06|1.002804e-05|2.520359e-10|3.254218e-05|
| 550 |True   |  417  |9.972342e-06|1.002209e-05|6.735873e-12|3.808076e-05|
| 551 |True   |  477  |9.952798e-06|1.006133e-05|2.573203e-10|4.381222e-05|
| 531 |True   | 1660  |9.990944e-06|1.023545e-05|3.922368e-11|1.442408e-05|
| 552 |True   |  446  |9.996904e-06|1.004665e-05|8.884588e-12|4.471487e-05|
| 553 |True   |  520  |9.967685e-06|1.004105e-05|4.046946e-10|3.966408e-05|
| 554 |True   |  410  |9.972380e-06|1.002213e-05|6.519080e-12|3.777227e-05|
| 546 |True   |  792  |9.981795e-06|1.009816e-05|7.147429e-10|5.415407e-03|
| 526 |True   | 2199  |9.998519e-06|1.012046e-05|7.899272e-10|5.642106e-03|
| 548 |True   |  983  |9.978657e-06|1.036881e-05|9.096556e-10|1.564452e-02|
| 555 |True   |  416  |9.986337e-06|1.003608e-05|6.218475e-12|3.577719e-05|
| 556 |True   |  481  |9.968466e-06|1.002872e-05|2.735875e-10|3.536052e-05|
| 557 |True   |  487  |9.995327e-06|1.005157e-05|3.459806e-10|4.590033e-05|
| 560 |True   |  412  |9.985105e-06|1.003485e-05|8.020043e-12|4.327609e-05|
| 558 |True   |  593  |9.966920e-06|1.004256e-05|1.682300e-10|2.530190e-05|
| 561 |True   |  491  |9.988794e-06|1.005860e-05|3.443893e-10|3.335525e-05|
| 545 |True   | 1533  |9.998904e-06|1.004866e-05|3.535113e-12|2.039778e-05|
| 562 |True   |  471  |9.950654e-06|1.007974e-05|1.773761e-10|4.085621e-05|
| 563 |True   |  468  |9.945566e-06|1.005036e-05|2.216418e-10|4.095171e-05|
| 564 |True   |  455  |9.975932e-06|1.011123e-05|1.212721e-10|4.560403e-05|
| 565 |True   |  470  |9.984290e-06|1.015373e-05|5.703219e-10|5.008014e-05|
| 566 |True   |  485  |9.986833e-06|1.003981e-05|8.009097e-11|2.899136e-05|
| 559 |True   |  744  |9.975630e-06|1.012439e-05|4.398879e-12|2.884781e-05|
| 567 |True   |  499  |9.990427e-06|1.006618e-05|7.375521e-10|4.563431e-05|
| 568 |True   |  484  |9.991972e-06|1.007558e-05|3.607833e-10|3.998471e-05|
| 570 |True   |  414  |9.989452e-06|1.003920e-05|8.215835e-12|4.332469e-05|
| 569 |True   |  491  |9.988387e-06|1.006446e-05|3.278836e-10|3.818864e-05|
| 571 |True   |  479  |9.958941e-06|1.002934e-05|5.396001e-10|4.082266e-05|
| 572 |True   |  472  |9.994125e-06|1.004920e-05|1.544579e-10|3.225935e-05|
| 574 |True   |  410  |9.973584e-06|1.002333e-05|4.426629e-12|2.885165e-05|
| 575 |True   |  475  |9.981949e-06|1.004078e-05|2.930506e-10|3.254529e-05|
| 576 |True   |  409  |9.984328e-06|1.003407e-05|6.733174e-12|3.820267e-05|
| 577 |True   |  417  |9.989016e-06|1.003876e-05|6.944677e-12|3.849600e-05|
| 579 |True   |  459  |9.988524e-06|1.008039e-05|1.966980e-10|5.073079e-05|
| 580 |True   |  473  |9.963590e-06|1.006149e-05|4.631895e-10|4.564417e-05|
| 578 |True   |  501  |9.952032e-06|1.004660e-05|1.466051e-10|4.130636e-05|
| 581 |True   |  502  |9.982340e-06|1.009809e-05|5.788816e-10|4.674554e-05|
| 583 |True   |  411  |9.999388e-06|1.004913e-05|6.421805e-12|3.558701e-05|
| 582 |True   |  462  |9.997827e-06|1.004878e-05|5.324771e-11|3.816558e-05|
| 585 |True   |  475  |9.959339e-06|1.005722e-05|4.791868e-10|4.225991e-05|
| 584 |True   |  475  |9.987461e-06|1.005955e-05|2.989569e-10|3.951976e-05|
| 587 |True   |  415  |9.980622e-06|1.003037e-05|6.984050e-12|3.856375e-05|
| 588 |True   |  472  |9.975549e-06|1.010597e-05|3.117834e-10|5.520226e-05|
| 586 |True   |  483  |9.970798e-06|1.005758e-05|2.975554e-10|3.805426e-05|
| 589 |True   |  413  |9.963865e-06|1.001361e-05|4.517378e-12|2.913405e-05|
| 590 |True   |  414  |9.967310e-06|1.001706e-05|5.661876e-12|3.531747e-05|
| 591 |True   |  498  |9.955943e-06|1.008798e-05|5.992998e-10|3.999965e-05|
| 593 |True   |  415  |9.966921e-06|1.001667e-05|5.897022e-12|3.570876e-05|
| 592 |True   |  490  |9.984438e-06|1.004232e-05|3.348394e-10|4.085444e-05|
| 594 |True   |  464  |9.979002e-06|1.002881e-05|5.595804e-12|4.523981e-05|
| 595 |True   |  593  |9.959343e-06|1.001919e-05|2.169653e-10|2.910083e-05|
| 598 |True   |  413  |9.959450e-06|1.000920e-05|5.884562e-12|3.608298e-05|
| 596 |True   |  413  |9.972086e-06|1.002183e-05|4.362204e-12|2.885208e-05|
| 597 |True   |  426  |9.966657e-06|1.001640e-05|6.303477e-12|3.652322e-05|
| 599 |True   |  470  |9.973167e-06|1.008064e-05|3.998231e-10|4.333323e-05|
| 601 |True   |  416  |9.981881e-06|1.003163e-05|6.681696e-12|3.701195e-05|
| 602 |True   |  422  |9.974963e-06|1.002471e-05|5.810951e-12|3.533238e-05|
| 600 |True   |  600  |9.975953e-06|1.027992e-05|2.416927e-10|4.183505e-05|
| 603 |True   |  412  |9.958516e-06|1.000826e-05|4.959539e-12|3.233487e-05|
| 604 |True   |  496  |9.973691e-06|1.005735e-05|7.626583e-10|4.607356e-05|
| 573 |True   | 2104  |9.996369e-06|1.021618e-05|8.608859e-10|1.855541e-06|
| 605 |True   |  460  |9.971400e-06|1.010921e-05|8.461551e-11|3.815253e-05|
| 606 |True   |  410  |9.989222e-06|1.003897e-05|6.043473e-12|3.533832e-05|
| 607 |True   |  471  |9.973685e-06|1.005883e-05|1.966751e-10|3.790862e-05|
| 608 |True   |  483  |9.925380e-06|1.008679e-05|5.539152e-10|5.154929e-05|
| 610 |True   |  480  |9.945089e-06|1.001884e-05|4.258082e-10|4.167064e-05|
| 609 |True   |  496  |9.990091e-06|1.018613e-05|5.723839e-10|4.333136e-05|
| 614 |True   |  408  |9.960139e-06|1.000989e-05|5.954182e-12|3.628422e-05|
| 612 |True   |  479  |9.961154e-06|1.004478e-05|6.918682e-10|4.411966e-05|
| 611 |True   |  521  |9.993375e-06|1.005873e-05|2.886339e-10|3.264264e-05|
| 617 |True   |  417  |9.973268e-06|1.002302e-05|5.726470e-12|3.532146e-05|
| 616 |True   |  498  |9.968561e-06|1.002920e-05|3.485138e-10|3.816947e-05|
| 618 |True   |  416  |9.988037e-06|1.003778e-05|7.007287e-12|3.873979e-05|
| 619 |True   |  475  |9.970952e-06|1.005821e-05|3.597665e-10|3.634594e-05|
| 621 |True   |  415  |9.975291e-06|1.002504e-05|7.247635e-12|4.081056e-05|
| 620 |True   |  476  |9.978018e-06|1.005872e-05|4.430137e-10|3.819594e-05|
| 615 |True   |  775  |9.934606e-06|1.035451e-05|1.801178e-10|9.044338e-05|
| 622 |True   |  487  |9.970805e-06|1.002654e-05|2.337239e-10|3.801248e-05|
| 613 |True   |  973  |9.990285e-06|1.004004e-05|3.379145e-12|2.039736e-05|
| 623 |True   |  487  |9.966252e-06|1.004363e-05|4.572051e-10|3.307020e-05|
| 625 |True   |  414  |9.946262e-06|9.997830e-06|7.530916e-12|4.325281e-05|
| 624 |True   |  471  |9.952344e-06|1.008118e-05|3.618416e-10|4.562639e-05|
| 628 |True   |  487  |9.999651e-06|1.012856e-05|1.630319e-10|3.934137e-05|
| 627 |True   |  470  |9.972613e-06|1.005136e-05|4.494045e-10|4.491163e-05|
| 629 |True   |  474  |9.961030e-06|1.009354e-05|2.740376e-10|3.980138e-05|
| 626 |True   |  687  |9.924596e-06|1.080590e-05|7.182331e-10|4.785188e-05|
| 630 |True   |  487  |9.951942e-06|1.004899e-05|5.532161e-10|4.460677e-05|
| 633 |True   |  420  |9.980222e-06|1.002997e-05|5.392119e-12|3.259950e-05|
| 632 |True   |  465  |9.963955e-06|1.005039e-05|1.768102e-10|3.813084e-05|
| 634 |True   |  495  |9.997613e-06|1.005125e-05|1.469511e-10|3.547764e-05|
| 635 |True   |  487  |9.958622e-06|1.001463e-05|2.274986e-10|3.415576e-05|
| 636 |True   |  425  |9.974233e-06|1.002398e-05|5.110873e-12|3.225828e-05|
| 631 |True   |  749  |9.988787e-06|1.010638e-05|5.331851e-10|9.412374e-03|
| 637 |True   |  417  |9.985575e-06|1.003532e-05|5.955836e-12|3.533154e-05|
| 638 |True   |  480  |9.964356e-06|1.007153e-05|4.234973e-10|4.807372e-05|
| 639 |True   |  481  |9.979098e-06|1.009291e-05|2.077494e-10|3.542526e-05|
| 644 |True   |  415  |9.982665e-06|1.003241e-05|8.078999e-12|4.329673e-05|
| 643 |True   |  474  |9.987112e-06|1.005926e-05|4.731953e-10|4.231534e-05|
| 642 |True   |  476  |9.970384e-06|1.003944e-05|3.622032e-10|3.535972e-05|
| 641 |True   |  571  |9.970564e-06|1.007091e-05|1.403255e-10|3.990548e-05|
| 640 |True   |  698  |9.998745e-06|1.012673e-05|4.367532e-10|5.416115e-03|
| 645 |True   |  495  |9.967818e-06|1.005586e-05|1.759230e-10|3.462845e-05|
| 649 |True   |  407  |9.995658e-06|1.004540e-05|6.566841e-12|3.644746e-05|
| 647 |True   |  469  |9.937285e-06|1.001966e-05|3.185505e-10|4.123153e-05|
| 650 |True   |  483  |9.996062e-06|1.004741e-05|6.051227e-11|3.537420e-05|
| 651 |True   |  467  |9.981595e-06|1.011338e-05|4.044080e-10|4.345095e-05|
| 648 |True   |  684  |9.982008e-06|1.007555e-05|3.505389e-11|8.934109e-05|
| 646 |True   |  922  |9.984652e-06|1.007919e-05|6.875261e-11|2.039650e-05|
| 655 |True   |  454  |9.936084e-06|1.008533e-05|1.517882e-10|4.320542e-05|
| 658 |True   |  416  |9.987525e-06|1.003727e-05|8.773688e-12|4.547827e-05|
| 654 |True   |  577  |9.964891e-06|1.009301e-05|1.324218e-10|2.884915e-05|
| 657 |True   |  477  |9.990449e-06|1.004802e-05|2.663375e-10|3.349598e-05|
| 656 |True   |  501  |9.996327e-06|1.008987e-05|2.089864e-10|4.447067e-05|
| 659 |True   |  437  |9.982367e-06|1.003211e-05|5.223553e-12|3.225386e-05|
| 652 |True   |  915  |9.926089e-06|1.067725e-05|3.931900e-10|2.498229e-03|
| 653 |True   |  664  |9.987459e-06|1.003721e-05|3.371782e-12|2.039593e-05|
| 660 |True   |  430  |9.997214e-06|1.004696e-05|8.435461e-12|4.354371e-05|
| 661 |True   |  412  |9.975854e-06|1.002560e-05|1.070304e-11|5.192033e-05|
| 662 |True   |  761  |9.991232e-06|1.004098e-05|2.860311e-12|1.442234e-05|
| 664 |True   |  404  |9.978608e-06|1.003038e-05|6.553014e-12|3.651826e-05|
| 663 |True   |  686  |9.999982e-06|1.013091e-05|1.587718e-10|8.951495e-05|
| 666 |True   |  414  |9.991299e-06|1.004105e-05|6.393718e-12|3.565652e-05|
| 671 |True   |  412  |9.976387e-06|1.002614e-05|3.775382e-12|2.498557e-05|
| 665 |True   |  461  |9.963925e-06|1.009901e-05|1.013258e-10|4.227650e-05|
| 669 |True   |  410  |9.963881e-06|1.001363e-05|7.155583e-12|4.018104e-05|
| 667 |True   |  516  |9.970815e-06|1.002056e-05|6.483868e-12|3.818098e-05|
| 670 |True   |  490  |9.995960e-06|1.006408e-05|4.624715e-10|3.897395e-05|
| 674 |True   |  406  |9.978905e-06|1.002865e-05|4.909910e-12|2.993406e-05|
| 672 |True   |  471  |9.993140e-06|1.004560e-05|2.178164e-10|5.003484e-05|
| 673 |True   |  491  |9.958196e-06|1.003735e-05|3.745516e-10|3.628128e-05|
| 668 |True   |  718  |9.978706e-06|1.007870e-05|3.977508e-12|2.516716e-05|
| 675 |True   |  478  |9.971381e-06|1.007865e-05|4.114824e-10|3.816899e-05|
| 677 |True   |  406  |9.995599e-06|1.007215e-05|7.787669e-12|4.083326e-05|
| 676 |True   |  481  |9.970993e-06|1.003131e-05|4.506326e-10|4.370008e-05|
| 681 |True   |  415  |9.978143e-06|1.002789e-05|3.308645e-12|2.064481e-05|
| 683 |True   |  415  |9.991874e-06|1.004162e-05|8.461998e-12|4.355905e-05|
| 680 |True   |  491  |9.972496e-06|1.008048e-05|1.626340e-10|3.575862e-05|
| 678 |True   |  523  |9.958002e-06|1.000775e-05|6.227296e-12|3.816308e-05|
| 679 |True   |  623  |9.961970e-06|1.015725e-05|7.183073e-10|7.600860e-03|
| 684 |True   |  504  |9.969521e-06|1.003885e-05|3.448111e-10|3.232284e-05|
| 685 |True   |  466  |9.999471e-06|1.009069e-05|1.031512e-10|3.538464e-05|
| 682 |True   |  668  |9.995815e-06|1.004557e-05|3.508371e-12|2.038091e-05|
| 687 |True   |  473  |9.972097e-06|1.005309e-05|3.689024e-10|3.825562e-05|
| 686 |True   |  671  |9.956533e-06|1.010299e-05|1.027542e-10|2.884711e-05|
| 689 |True   |  451  |9.958004e-06|1.009136e-05|1.295709e-10|4.158942e-05|
| 688 |True   |  520  |9.999294e-06|1.007546e-05|7.504652e-10|4.756816e-05|
| 692 |True   |  419  |9.983254e-06|1.003300e-05|9.697828e-12|4.758940e-05|
| 691 |True   |  405  |9.966059e-06|1.001580e-05|7.360835e-12|4.106442e-05|
| 694 |True   |  429  |9.998974e-06|1.004872e-05|6.839543e-12|3.815858e-05|
| 695 |True   |  474  |9.983721e-06|1.004693e-05|3.252307e-10|3.540328e-05|
| 697 |True   |  410  |9.960251e-06|1.001000e-05|5.858703e-12|3.588468e-05|
| 696 |True   |  515  |9.982072e-06|1.003809e-05|8.130899e-12|4.334622e-05|
| 698 |True   |  485  |9.959585e-06|1.006468e-05|4.790716e-10|4.836540e-05|
| 699 |True   |  469  |9.947593e-06|1.006046e-05|2.924949e-10|4.313578e-05|
| 700 |True   |  497  |9.959260e-06|1.004101e-05|3.667443e-10|3.292434e-05|
| 702 |True   |  495  |9.956673e-06|1.004520e-05|3.080094e-10|3.492875e-05|
| 701 |True   |  472  |9.990218e-06|1.005224e-05|2.463066e-10|3.230568e-05|
| 703 |True   |  415  |9.987652e-06|1.003740e-05|4.621608e-12|2.885219e-05|
| 704 |True   |  479  |9.981832e-06|1.003871e-05|4.419892e-10|4.788878e-05|
| 705 |True   |  474  |9.989498e-06|1.012738e-05|4.637166e-10|4.328667e-05|
| 707 |True   |  469  |9.984346e-06|1.005946e-05|5.502688e-10|4.081017e-05|
| 690 |True   | 1343  |9.988494e-06|1.004212e-05|4.199481e-11|2.042318e-05|
| 709 |True   |  419  |9.983735e-06|1.003348e-05|3.857305e-12|2.498470e-05|
| 708 |True   |  485  |9.982046e-06|1.003377e-05|9.695676e-11|3.656231e-05|
| 706 |True   |  737  |9.985461e-06|1.003521e-05|2.744232e-12|1.442609e-05|
| 710 |True   |  480  |9.984414e-06|1.005177e-05|6.257047e-10|4.813555e-05|
| 712 |True   |  407  |9.979806e-06|1.002955e-05|1.056486e-11|5.088264e-05|
| 714 |True   |  459  |9.988957e-06|1.008180e-05|1.035935e-10|4.079501e-05|
| 711 |True   |  506  |9.970121e-06|1.003315e-05|1.583232e-10|2.202915e-05|
| 715 |True   |  482  |9.969961e-06|1.003801e-05|2.690774e-10|2.934731e-05|
| 716 |True   |  475  |9.957846e-06|1.001803e-05|3.847150e-10|4.080528e-05|
| 717 |True   |  433  |9.974138e-06|1.004318e-05|7.097869e-12|3.818629e-05|
| 718 |True   |  477  |9.984200e-06|1.007426e-05|2.376717e-10|4.540406e-05|
| 721 |True   |  416  |9.986379e-06|1.003612e-05|7.088940e-12|3.908767e-05|
| 719 |True   |  448  |9.964451e-06|1.006031e-05|6.921856e-11|4.483152e-05|
| 713 |True   |  854  |9.989251e-06|1.003900e-05|3.349819e-12|2.039532e-05|
| 720 |True   |  510  |9.966800e-06|1.007703e-05|6.657640e-12|3.697896e-05|
| 723 |True   |  415  |9.983637e-06|1.003338e-05|5.570759e-12|3.304879e-05|
| 722 |True   |  495  |9.978005e-06|1.007483e-05|3.391671e-10|4.561420e-05|
| 724 |True   |  479  |9.949287e-06|1.003614e-05|6.133687e-10|4.302903e-05|
| 725 |True   |  483  |9.996841e-06|1.011370e-05|1.610409e-10|3.073867e-05|
| 727 |True   |  496  |9.987501e-06|1.004806e-05|4.090156e-10|3.864190e-05|
| 726 |True   |  478  |9.948256e-06|1.003111e-05|3.051190e-10|4.313805e-05|
| 729 |True   |  466  |9.986563e-06|1.011073e-05|1.673346e-10|3.392626e-05|
| 728 |True   |  490  |9.950892e-06|1.003059e-05|2.919476e-10|3.815478e-05|
| 730 |True   |  422  |9.948380e-06|9.998127e-06|6.003911e-12|3.651612e-05|
| 732 |True   |  415  |9.964725e-06|1.001447e-05|7.211503e-12|4.093453e-05|
| 731 |True   |  477  |9.973163e-06|1.004052e-05|5.215092e-10|4.342645e-05|
| 733 |True   |  411  |9.994252e-06|1.004399e-05|1.021857e-11|4.913710e-05|
| 736 |True   |  406  |9.986010e-06|1.003576e-05|5.666319e-12|3.327372e-05|
| 734 |True   |  481  |9.985288e-06|1.005954e-05|5.829567e-10|4.563653e-05|
| 735 |True   |  483  |9.999473e-06|1.005356e-05|2.025121e-10|3.830211e-05|
| 693 |True   | 2849  |9.998966e-06|1.034167e-05|1.812241e-10|4.201006e-04|
| 737 |True   |  521  |9.984380e-06|1.005395e-05|3.132130e-10|3.228806e-05|
| 738 |True   |  474  |9.976893e-06|1.005020e-05|3.429585e-10|3.823865e-05|
| 742 |True   |  468  |9.994006e-06|1.006542e-05|2.815834e-10|3.231505e-05|
| 741 |True   |  471  |9.988229e-06|1.007587e-05|3.040594e-10|3.816149e-05|
| 740 |True   |  471  |9.961412e-06|1.008153e-05|4.386793e-10|4.335146e-05|
| 739 |True   |  501  |9.971566e-06|1.008864e-05|2.023854e-10|3.817102e-05|
| 744 |True   |  415  |9.982819e-06|1.003257e-05|5.373491e-12|3.235281e-05|
| 743 |True   |  463  |9.978816e-06|1.002857e-05|4.669986e-12|2.940058e-05|
| 746 |True   |  441  |9.975591e-06|1.002537e-05|6.157347e-12|4.703726e-05|
| 745 |True   |  471  |9.992563e-06|1.015340e-05|4.041530e-10|3.842911e-05|
| 747 |True   |  459  |9.953542e-06|1.004997e-05|4.188238e-11|3.839649e-05|
| 748 |True   |  474  |9.968215e-06|1.015882e-05|5.774946e-10|6.108699e-05|
| 750 |True   |  472  |9.995286e-06|1.005381e-05|2.580574e-10|3.531475e-05|
| 753 |True   |  485  |9.986819e-06|1.006277e-05|2.478688e-10|3.235009e-05|
| 755 |True   |  413  |9.951040e-06|1.000079e-05|7.230211e-12|4.120117e-05|
| 751 |True   |  477  |9.961323e-06|1.007682e-05|5.677910e-10|4.980934e-05|
| 756 |True   |  411  |9.997237e-06|1.004698e-05|1.002603e-11|4.840032e-05|
| 754 |True   |  523  |9.994903e-06|1.004465e-05|6.732426e-12|3.676230e-05|
| 757 |True   |  408  |9.967950e-06|1.001770e-05|6.407228e-12|3.815174e-05|
| 760 |True   |  423  |9.965382e-06|1.001513e-05|6.941666e-12|4.011935e-05|
| 752 |True   |  658  |9.971433e-06|1.005112e-05|3.322108e-10|9.799335e-05|
| 759 |True   |  455  |9.968121e-06|1.006735e-05|3.202974e-11|5.001112e-05|
| 761 |True   |  437  |9.971921e-06|1.002167e-05|5.733817e-12|3.532949e-05|
| 758 |True   |  692  |9.941851e-06|1.057743e-05|6.579974e-10|4.490105e-05|
| 765 |True   |  476  |9.967257e-06|1.003998e-05|3.549630e-10|3.559385e-05|
| 763 |True   |  476  |9.972783e-06|1.002437e-05|1.008796e-10|3.763858e-05|
| 767 |True   |  415  |9.986866e-06|1.003661e-05|8.131571e-12|4.328912e-05|
| 768 |True   |  416  |9.978512e-06|1.002826e-05|5.166523e-12|3.225375e-05|
| 764 |True   |  491  |9.974395e-06|1.003304e-05|3.960908e-10|4.326550e-05|
| 766 |True   |  480  |9.962971e-06|1.005146e-05|2.186306e-10|3.534902e-05|
| 769 |True   |  417  |9.976963e-06|1.002671e-05|7.224787e-12|4.079598e-05|
| 770 |True   |  476  |9.978584e-06|1.004773e-05|7.262348e-10|5.170103e-05|
| 771 |True   |  477  |9.946892e-06|1.003117e-05|2.816871e-10|3.908184e-05|
| 762 |True   |  816  |9.988849e-06|1.009564e-05|1.411464e-10|1.470133e-05|
| 749 |True   | 1670  |9.976282e-06|1.009207e-05|3.150694e-11|1.442567e-05|
| 772 |True   |  420  |9.993713e-06|1.004346e-05|6.319296e-12|3.567542e-05|
| 773 |True   |  487  |9.964535e-06|1.002750e-05|2.980611e-10|3.533434e-05|
| 776 |True   |  407  |9.982390e-06|1.003213e-05|8.283364e-12|4.364266e-05|
| 775 |True   |  406  |9.976974e-06|1.002672e-05|9.307008e-12|4.683172e-05|
| 774 |True   |  479  |9.949828e-06|1.004717e-05|7.557566e-10|4.804893e-05|
| 779 |True   |  411  |9.996912e-06|1.004666e-05|7.193370e-12|3.855493e-05|
| 778 |True   |  428  |9.956552e-06|1.000630e-05|5.633134e-12|3.539846e-05|
| 780 |True   |  422  |9.967749e-06|1.001750e-05|5.643274e-12|3.533448e-05|
| 777 |True   |  475  |9.944683e-06|1.002230e-05|4.576340e-10|4.553369e-05|
| 781 |True   |  427  |9.979277e-06|1.002903e-05|3.670662e-12|2.368444e-05|
| 783 |True   |  409  |9.979376e-06|1.002912e-05|6.919803e-12|3.861004e-05|
| 784 |True   |  415  |9.999367e-06|1.004911e-05|8.127663e-12|4.163824e-05|
| 786 |True   |  443  |9.956073e-06|1.005278e-05|4.008571e-11|3.827264e-05|
| 785 |True   |  427  |9.966358e-06|1.001611e-05|5.636866e-12|3.532261e-05|
| 782 |True   |  688  |9.965028e-06|1.014500e-05|1.082876e-10|2.040697e-05|
| 787 |True   |  499  |9.999311e-06|1.009130e-05|8.711323e-10|4.592395e-05|
| 788 |True   |  481  |9.970762e-06|1.005808e-05|1.111770e-10|2.963750e-05|
| 789 |True   |  476  |9.974243e-06|1.006488e-05|4.064276e-10|3.844791e-05|
| 790 |True   |  475  |9.937511e-06|1.008134e-05|3.474011e-10|4.332367e-05|
| 794 |True   |  415  |9.957576e-06|1.000732e-05|4.913077e-12|3.226415e-05|
| 791 |True   |  486  |9.949438e-06|1.005140e-05|2.456180e-10|4.337484e-05|
| 793 |True   |  476  |9.968142e-06|1.003342e-05|3.638105e-10|3.548803e-05|
| 792 |True   |  505  |9.982317e-06|1.009217e-05|5.784944e-10|4.327878e-05|
| 796 |True   |  415  |9.953943e-06|1.000369e-05|9.074076e-12|4.669021e-05|
| 795 |True   |  567  |9.976221e-06|1.003975e-05|3.716919e-12|2.498601e-05|
| 798 |True   |  477  |9.971125e-06|1.003565e-05|2.778644e-10|3.239741e-05|
| 799 |True   |  417  |9.975584e-06|1.002533e-05|3.749570e-12|2.498173e-05|
| 800 |True   |  416  |9.982697e-06|1.003244e-05|7.053210e-12|3.885889e-05|
| 801 |True   |  483  |9.981425e-06|1.004494e-05|4.195016e-10|4.080379e-05|
| 803 |True   |  420  |9.958153e-06|1.000790e-05|5.527958e-12|3.399279e-05|
| 797 |True   |  843  |9.986203e-06|1.003595e-05|2.759510e-12|1.442638e-05|
| 802 |True   |  497  |9.963850e-06|1.002192e-05|3.648304e-10|4.169904e-05|
| 804 |True   |  516  |9.973735e-06|1.003677e-05|3.738722e-10|3.557483e-05|
| 807 |True   |  442  |9.959958e-06|1.000971e-05|6.170756e-12|3.819569e-05|
| 806 |True   |  470  |9.966559e-06|1.005100e-05|2.503651e-10|4.083162e-05|
| 805 |True   |  614  |9.942750e-06|1.010795e-05|4.303070e-10|3.678808e-05|
| 808 |True   |  407  |9.991173e-06|1.004092e-05|9.961812e-12|4.827451e-05|
| 809 |True   |  412  |9.996794e-06|1.004654e-05|4.761139e-12|2.885154e-05|
| 810 |True   |  410  |9.976982e-06|1.002673e-05|4.438168e-12|2.884916e-05|
| 811 |True   |  461  |9.944024e-06|1.008557e-05|9.616882e-11|4.061494e-05|
| 813 |True   |  409  |9.988444e-06|1.003819e-05|7.059431e-12|3.862587e-05|
| 812 |True   |  412  |9.958528e-06|1.000828e-05|5.559130e-12|3.533990e-05|
| 814 |True   |  471  |9.976104e-06|1.003899e-05|4.178951e-10|4.079866e-05|
| 817 |True   |  471  |9.987658e-06|1.006552e-05|3.239916e-10|3.828888e-05|
| 816 |True   |  521  |9.982720e-06|1.005045e-05|3.798170e-10|3.818648e-05|
| 818 |True   |  479  |9.956925e-06|1.002057e-05|5.046299e-10|4.227264e-05|
| 819 |True   |  520  |9.935340e-06|1.002517e-05|2.532786e-10|4.801892e-05|
| 820 |True   |  483  |9.980175e-06|1.003585e-05|2.120408e-10|3.543752e-05|
| 821 |True   |  459  |9.979246e-06|1.007702e-05|3.314120e-11|4.315565e-05|
| 824 |True   |  478  |9.995909e-06|1.005417e-05|3.959944e-10|4.150678e-05|
| 826 |True   |  421  |9.980257e-06|1.003000e-05|6.563073e-12|3.816320e-05|
| 825 |True   |  413  |9.992618e-06|1.004236e-05|8.155991e-12|4.212238e-05|
| 827 |True   |  462  |9.956754e-06|1.004938e-05|8.869993e-11|3.545470e-05|
| 828 |True   |  496  |9.946299e-06|1.004520e-05|4.530499e-10|3.819235e-05|
| 830 |True   |  510  |9.987017e-06|1.005288e-05|4.912037e-10|4.160026e-05|
| 823 |True   |  918  |9.992761e-06|1.004313e-05|9.387691e-12|2.095208e-05|
| 831 |True   |  494  |9.957233e-06|1.000974e-05|1.255465e-10|3.813448e-05|
| 832 |True   |  474  |9.990444e-06|1.008161e-05|2.539196e-10|5.584820e-05|
| 829 |True   |  691  |9.985351e-06|1.019430e-05|4.336460e-10|6.844012e-03|
| 822 |True   | 1120  |9.990582e-06|1.005860e-05|1.520151e-10|2.495119e-05|
| 833 |True   |  469  |9.954784e-06|1.003222e-05|3.466059e-10|3.873035e-05|
| 835 |True   |  408  |9.973977e-06|1.002372e-05|5.093823e-12|3.225460e-05|
| 834 |True   |  413  |9.976273e-06|1.002602e-05|7.291146e-12|4.082279e-05|
| 838 |True   |  456  |9.982228e-06|1.008436e-05|1.695533e-10|3.816204e-05|
| 839 |True   |  417  |9.969304e-06|1.001905e-05|6.250360e-12|3.630924e-05|
| 841 |True   |  424  |9.978295e-06|1.002804e-05|5.148018e-12|3.224373e-05|
| 844 |True   |  403  |9.949382e-06|1.004787e-05|1.533209e-11|4.080045e-05|
| 842 |True   |  429  |9.996225e-06|1.004598e-05|6.246768e-12|3.521091e-05|
| 840 |True   |  488  |9.974781e-06|1.005906e-05|6.881994e-10|4.525898e-05|
| 843 |True   |  476  |9.964379e-06|1.011409e-05|5.159847e-10|4.201751e-05|
| 846 |True   |  424  |9.970953e-06|1.002070e-05|4.997123e-12|3.201805e-05|
| 847 |True   |  410  |9.978178e-06|1.002792e-05|7.349808e-12|4.087880e-05|
| 845 |True   |  501  |9.979157e-06|1.005710e-05|3.915554e-10|3.368601e-05|
| 815 |True   | 2366  |9.970145e-06|1.049646e-05|7.455470e-10|3.917935e-03|
| 848 |True   |  419  |9.964040e-06|1.001379e-05|6.714213e-12|3.748274e-05|
| 836 |True   | 1365  |9.983314e-06|1.004785e-05|9.761108e-11|2.038476e-05|
| 849 |True   |  426  |9.968089e-06|1.001784e-05|7.958859e-12|4.356982e-05|
| 837 |True   | 1338  |9.991864e-06|1.019307e-05|3.965712e-10|6.308127e-03|
| 850 |True   |  424  |9.972988e-06|1.002274e-05|4.789774e-12|2.972738e-05|
| 851 |True   |  476  |9.971980e-06|1.009211e-05|3.172220e-10|4.793045e-05|
| 854 |True   |  471  |9.993658e-06|1.008337e-05|1.527316e-10|4.081218e-05|
| 853 |True   |  481  |9.994631e-06|1.008703e-05|3.743286e-10|4.568819e-05|
| 852 |True   |  486  |9.973505e-06|1.004583e-05|3.632710e-10|3.533521e-05|
| 855 |True   |  510  |9.998388e-06|1.004813e-05|9.999753e-12|4.798184e-05|
| 858 |True   |  412  |9.956590e-06|1.000634e-05|5.707924e-12|3.564342e-05|
| 857 |True   |  494  |9.976426e-06|1.004152e-05|2.535889e-10|2.893741e-05|
| 859 |True   |  409  |9.960844e-06|1.001059e-05|6.736608e-12|3.926646e-05|
| 856 |True   |  703  |9.993497e-06|1.011606e-05|6.339802e-11|1.441733e-05|
| 860 |True   |  466  |9.943637e-06|1.003247e-05|1.944842e-10|4.327335e-05|
| 863 |True   |  411  |9.972611e-06|1.002236e-05|5.059556e-12|3.225149e-05|
| 862 |True   |  491  |9.984835e-06|1.004291e-05|4.585100e-10|4.344198e-05|
| 864 |True   |  424  |9.971213e-06|1.002096e-05|6.512643e-12|3.820324e-05|
| 865 |True   |  411  |9.974749e-06|1.002450e-05|4.616717e-12|2.922386e-05|
| 867 |True   |  407  |9.964362e-06|1.001411e-05|4.994182e-12|3.130584e-05|
| 868 |True   |  440  |9.975478e-06|1.002571e-05|2.011661e-11|3.800372e-05|
| 866 |True   |  473  |9.976557e-06|1.005030e-05|2.948000e-10|3.534181e-05|
| 861 |True   |  731  |9.998893e-06|1.006149e-05|3.506107e-12|2.039839e-05|
| 869 |True   |  460  |9.952452e-06|1.005136e-05|5.978166e-12|4.121172e-05|
| 872 |True   |  403  |9.989968e-06|1.012612e-05|7.400844e-12|4.079797e-05|
| 871 |True   |  484  |9.989155e-06|1.015730e-05|3.551782e-10|4.092949e-05|
| 870 |True   |  597  |9.967591e-06|1.010853e-05|1.240063e-10|5.057920e-05|
| 873 |True   |  486  |9.955386e-06|1.004112e-05|4.420341e-10|3.537337e-05|
| 876 |True   |  410  |9.981582e-06|1.003133e-05|6.591748e-12|3.815275e-05|
| 877 |True   |  486  |9.991845e-06|1.008175e-05|3.033077e-10|3.247273e-05|
| 882 |True   |  411  |9.955906e-06|1.000565e-05|8.677820e-12|4.625043e-05|
| 879 |True   |  475  |9.976087e-06|1.003329e-05|1.414732e-10|2.541499e-05|
| 880 |True   |  464  |9.957734e-06|1.001500e-05|3.784528e-10|4.246208e-05|
| 878 |True   |  508  |9.959323e-06|1.008641e-05|3.148545e-10|5.064282e-05|
| 881 |True   |  504  |9.954419e-06|1.004677e-05|2.472426e-10|3.902245e-05|
| 883 |True   |  411  |9.973784e-06|1.005388e-05|6.061506e-12|3.580973e-05|
| 874 |True   |  752  |9.986492e-06|1.003820e-05|3.906039e-12|2.498329e-05|
| 884 |True   |  477  |9.951963e-06|1.002849e-05|3.173065e-10|3.816816e-05|
| 885 |True   |  415  |9.967330e-06|1.001708e-05|6.381957e-12|3.816704e-05|
| 875 |True   |  852  |9.994160e-06|1.004391e-05|2.921157e-12|1.442544e-05|
| 886 |True   |  478  |9.987810e-06|1.003898e-05|1.029090e-10|4.801312e-05|
| 887 |True   |  407  |9.972351e-06|1.002210e-05|5.445147e-12|3.308859e-05|
| 888 |True   |  414  |9.991044e-06|1.004079e-05|7.734926e-12|4.120394e-05|
| 890 |True   |  414  |9.973337e-06|1.002308e-05|5.982492e-12|3.555506e-05|
| 893 |True   |  447  |9.976229e-06|1.002694e-05|2.417309e-11|2.886759e-05|
| 894 |True   |  414  |9.963454e-06|1.001320e-05|4.639679e-12|2.870583e-05|
| 892 |True   |  506  |9.982281e-06|1.005117e-05|5.214997e-10|4.110558e-05|
| 891 |True   |  574  |9.947224e-06|1.008062e-05|1.447455e-10|3.557174e-05|
| 895 |True   |  426  |9.976895e-06|1.002664e-05|5.375816e-12|3.250260e-05|
| 896 |True   |  416  |9.964243e-06|1.001399e-05|5.071827e-12|3.242337e-05|
| 897 |True   |  472  |9.962356e-06|1.003983e-05|2.702075e-10|3.546665e-05|
| 898 |True   |  579  |9.972711e-06|1.005429e-05|6.661977e-10|7.760542e-03|
| 899 |True   |  483  |9.961881e-06|1.002615e-05|2.681307e-10|3.017996e-05|
| 900 |True   |  488  |9.978380e-06|1.002977e-05|1.076139e-10|4.164164e-05|
| 901 |True   |  494  |9.960989e-06|1.011610e-05|1.620452e-10|3.533607e-05|
| 903 |True   |  419  |9.982429e-06|1.003218e-05|8.292852e-12|4.365740e-05|
| 902 |True   |  481  |9.978125e-06|1.003400e-05|2.386804e-10|3.821910e-05|
| 907 |True   |  429  |9.973390e-06|1.002314e-05|3.722228e-12|2.503890e-05|
| 908 |True   |  462  |9.967390e-06|1.008865e-05|2.809889e-10|3.535343e-05|
| 904 |True   |  473  |9.958289e-06|1.003599e-05|2.393967e-10|3.522229e-05|
| 905 |True   |  501  |9.951110e-06|1.003032e-05|3.008313e-10|3.824545e-05|
| 909 |True   |  494  |9.966956e-06|1.003935e-05|3.248898e-10|3.323570e-05|
| 910 |True   |  472  |9.963272e-06|1.003382e-05|3.836312e-10|3.835200e-05|
| 911 |True   |  527  |9.976425e-06|1.006312e-05|3.807105e-12|2.497332e-05|
| 912 |True   |  480  |9.990165e-06|1.005699e-05|3.851470e-10|3.817715e-05|
| 913 |True   |  486  |9.968015e-06|1.003506e-05|3.732168e-10|3.815657e-05|
| 914 |True   |  472  |9.971685e-06|1.008671e-05|4.050271e-10|5.004658e-05|
| 917 |True   |  473  |9.999954e-06|1.011575e-05|7.616362e-10|5.262458e-05|
| 916 |True   |  470  |9.994214e-06|1.005585e-05|3.170408e-10|3.543396e-05|
| 915 |True   |  508  |9.995139e-06|1.005195e-05|3.311273e-10|4.326751e-05|
| 919 |True   |  476  |9.985093e-06|1.006142e-05|3.373127e-10|3.826504e-05|
| 918 |True   |  476  |9.964830e-06|1.003250e-05|2.562469e-10|3.226369e-05|
| 889 |True   | 2037  |9.993635e-06|1.010918e-05|2.221057e-10|2.429065e-05|
| 920 |True   |  477  |9.978302e-06|1.006494e-05|7.486063e-10|5.193703e-05|
| 921 |True   |  411  |9.967767e-06|1.001751e-05|5.904009e-12|3.468679e-05|
| 922 |True   |  419  |9.987921e-06|1.003767e-05|6.629572e-12|3.771177e-05|
| 923 |True   |  494  |9.988036e-06|1.010898e-05|2.450218e-10|3.816637e-05|
| 924 |True   |  496  |9.983611e-06|1.005522e-05|4.103574e-10|3.882550e-05|
| 926 |True   |  413  |9.967130e-06|1.001688e-05|5.630626e-12|3.380233e-05|
| 925 |True   |  477  |9.969289e-06|1.003973e-05|4.596979e-10|3.869987e-05|
| 927 |True   |  481  |9.965290e-06|1.004737e-05|3.300259e-10|4.341365e-05|
| 928 |True   |  479  |9.959297e-06|1.004616e-05|3.646441e-10|3.533418e-05|
| 931 |True   |  412  |9.982322e-06|1.003207e-05|6.752911e-12|3.831026e-05|
| 929 |True   |  411  |9.968598e-06|1.001835e-05|5.714641e-12|3.532949e-05|
| 933 |True   |  406  |9.975236e-06|1.004199e-05|4.408104e-12|2.885178e-05|
| 932 |True   |  471  |9.970697e-06|1.005066e-05|2.251887e-10|3.536124e-05|
| 934 |True   |  468  |9.946430e-06|1.002400e-05|4.299453e-10|4.412789e-05|
| 930 |True   |  800  |9.990970e-06|1.018290e-05|8.968762e-10|1.527570e-02|
| 936 |True   |  413  |9.983626e-06|1.008264e-05|8.536855e-12|4.079533e-05|
| 935 |True   |  478  |9.959880e-06|1.004491e-05|8.214388e-10|4.916953e-05|
| 937 |True   |  483  |9.957868e-06|1.008274e-05|3.698517e-10|3.861609e-05|
| 938 |True   |  510  |9.977560e-06|1.006807e-05|4.669458e-10|4.159291e-05|
| 939 |True   |  506  |9.999549e-06|1.011777e-05|3.897555e-10|4.657900e-05|
| 940 |True   |  483  |9.967797e-06|1.009873e-05|3.257316e-10|4.885844e-05|
| 941 |True   |  488  |9.996183e-06|1.005863e-05|5.292841e-10|4.479316e-05|
| 942 |True   |  525  |9.995715e-06|1.006165e-05|3.166937e-10|3.428450e-05|
| 944 |True   |  411  |9.989849e-06|1.003959e-05|8.138349e-12|4.215348e-05|
| 945 |True   |  477  |9.944648e-06|1.007787e-05|1.069354e-10|3.841795e-05|
| 947 |True   |  419  |9.959249e-06|1.000900e-05|5.705642e-12|3.551885e-05|
| 946 |True   |  480  |9.983398e-06|1.007945e-05|5.678682e-10|4.597117e-05|
| 949 |True   |  484  |9.972182e-06|1.002641e-05|1.561402e-10|3.534681e-05|
| 948 |True   |  493  |9.987964e-06|1.004155e-05|2.410898e-10|4.406970e-05|
| 951 |True   |  475  |9.979323e-06|1.003784e-05|1.136756e-10|2.131520e-05|
| 953 |True   |  516  |9.969058e-06|1.003653e-05|3.459737e-10|3.535233e-05|
| 954 |True   |  408  |9.977488e-06|1.002724e-05|5.122633e-12|3.077405e-05|
| 955 |True   |  415  |9.967741e-06|1.001749e-05|5.052970e-12|3.226824e-05|
| 956 |True   |  488  |9.969926e-06|1.002165e-05|7.525117e-11|3.328806e-05|
| 957 |True   |  461  |9.995257e-06|1.016127e-05|1.870367e-10|4.813736e-05|
| 958 |True   |  420  |9.973575e-06|1.002332e-05|5.108962e-12|3.226750e-05|
| 959 |True   |  531  |9.989172e-06|1.007958e-05|2.766843e-10|5.051944e-05|
| 960 |True   |  415  |9.994946e-06|1.004469e-05|8.168888e-12|4.291060e-05|
| 943 |True   | 1425  |9.985893e-06|1.010764e-05|2.752028e-12|1.442347e-05|
| 962 |True   |  416  |9.966816e-06|1.001656e-05|5.215711e-12|3.261705e-05|
| 952 |True   | 1074  |9.989373e-06|1.003912e-05|3.379055e-12|2.039534e-05|
| 961 |True   |  477  |9.947416e-06|1.003471e-05|5.398491e-10|4.326652e-05|
| 963 |True   |  407  |9.973405e-06|1.002315e-05|4.249229e-12|2.732675e-05|
| 964 |True   |  467  |9.941768e-06|1.007749e-05|5.047430e-10|4.742373e-05|
| 906 |True   | 4312  |9.979300e-06|1.012709e-05|4.035361e-11|1.444369e-05|
| 966 |True   |  495  |9.977014e-06|1.002807e-05|4.536315e-11|3.264879e-05|
| 968 |True   |  411  |9.978067e-06|1.002781e-05|5.181718e-12|3.225078e-05|
| 965 |True   |  492  |9.981362e-06|1.006508e-05|5.397761e-10|4.391199e-05|
| 969 |True   |  408  |9.997753e-06|1.004750e-05|7.864402e-12|4.084811e-05|
| 970 |True   |  412  |9.992167e-06|1.004191e-05|5.751808e-12|3.288975e-05|
| 972 |True   |  471  |9.987986e-06|1.007766e-05|2.431105e-10|4.996492e-05|
| 950 |True   | 1948  |9.991480e-06|1.028001e-05|1.867659e-10|1.395749e-04|
| 974 |True   |  418  |9.999846e-06|1.004959e-05|5.679954e-12|3.249682e-05|
| 975 |True   |  507  |9.976309e-06|1.007013e-05|6.280739e-10|4.990578e-05|
| 971 |True   |  811  |9.988340e-06|1.009321e-05|5.083871e-10|4.237653e-03|
| 978 |True   |  478  |9.951499e-06|1.001637e-05|4.227623e-10|3.876319e-05|
| 973 |True   |  722  |9.975867e-06|1.020092e-05|1.140561e-10|8.241673e-04|
| 979 |True   |  408  |9.989573e-06|1.003932e-05|6.039954e-12|3.533093e-05|
| 977 |True   |  480  |9.979022e-06|1.005124e-05|5.827244e-10|4.059271e-05|
| 980 |True   |  423  |9.958603e-06|1.000835e-05|5.834159e-12|3.582080e-05|
| 981 |True   |  409  |9.988240e-06|1.003799e-05|4.652544e-12|2.885432e-05|
| 983 |True   |  465  |9.971077e-06|1.002548e-05|2.088531e-10|3.649775e-05|
| 976 |True   |  795  |9.989631e-06|1.011493e-05|5.939479e-10|5.416145e-03|
| 982 |True   |  485  |9.968789e-06|1.005142e-05|3.958833e-10|3.318214e-05|
| 984 |True   |  414  |9.953997e-06|1.002016e-05|6.840339e-12|4.075129e-05|
| 988 |True   |  466  |9.942580e-06|1.004024e-05|3.661663e-10|4.255101e-05|
| 989 |True   |  423  |9.988902e-06|1.003865e-05|8.426847e-12|4.376033e-05|
| 985 |True   |  450  |9.970356e-06|1.002085e-05|3.823074e-11|4.069884e-05|
| 986 |True   |  473  |9.988843e-06|1.006441e-05|4.612892e-10|4.386833e-05|
| 990 |True   |  412  |9.992786e-06|1.004253e-05|7.676250e-12|4.083492e-05|
| 992 |True   |  471  |9.970861e-06|1.007960e-05|2.428985e-10|4.669481e-05|
| 993 |True   |  483  |9.997830e-06|1.009287e-05|7.231093e-10|4.975051e-05|
| 995 |True   |  420  |9.965658e-06|1.001540e-05|8.400965e-12|4.534172e-05|
| 996 |True   |  477  |9.958952e-06|1.003936e-05|2.197117e-10|3.533861e-05|
| 994 |True   |  470  |9.992430e-06|1.006786e-05|3.682449e-10|3.957634e-05|
| 967 |True   | 2197  |9.991230e-06|1.007780e-05|4.682382e-11|2.039176e-05|
| 987 |True   | 1106  |9.991125e-06|1.004088e-05|2.858352e-12|1.442218e-05|
| 998 |True   |  415  |9.978080e-06|1.002783e-05|7.290434e-12|4.054215e-05|
| 997 |True   |  406  |9.967073e-06|1.001682e-05|6.608188e-12|3.844575e-05|
| 999 |True   |  433  |9.967795e-06|1.001754e-05|4.820706e-12|3.122492e-05|
| 991 |True   | 2596  |9.994811e-06|1.004456e-05|3.495611e-12|2.039643e-05|
