|seed |success|  nit  |  mu_check  |   mu_sum   |   G_norm   | step_norm  |
|  3  |True   |  333  |9.940872e-06|1.095651e-05|6.316580e-11|2.492502e-05|
|  1  |True   |  350  |9.952349e-06|1.072152e-05|7.722084e-11|2.915427e-05|
|  6  |True   |  327  |9.994362e-06|1.146777e-05|7.261463e-11|2.839456e-05|
|  5  |True   |  359  |9.723418e-06|1.074841e-05|7.669376e-12|2.552129e-10|
|  0  |True   |  341  |9.663200e-06|1.043239e-05|6.379225e-11|2.597203e-05|
|  8  |True   |  336  |9.886783e-06|1.065597e-05|7.289407e-11|2.873991e-05|
|  2  |True   |  334  |9.772099e-06|1.126973e-05|5.012197e-11|2.034020e-05|
|  9  |True   |  332  |9.916070e-06|1.216626e-05|7.401533e-11|2.882332e-05|
|  4  |True   |  362  |9.810007e-06|1.082291e-05|1.037139e-11|3.400171e-10|
|  7  |True   |  337  |9.973164e-06|1.074236e-05|6.305522e-11|2.300400e-05|
| 10  |True   |  336  |9.743952e-06|1.051314e-05|6.046983e-11|2.496556e-05|
| 11  |True   |  335  |9.658338e-06|1.042754e-05|6.873911e-11|2.882847e-05|
| 13  |True   |  353  |9.918352e-06|1.068754e-05|6.395964e-11|2.495628e-05|
| 15  |True   |  360  |9.777251e-06|1.092016e-05|4.472369e-12|1.485071e-10|
| 14  |True   |  329  |9.619770e-06|1.253805e-05|6.968154e-11|2.889654e-05|
| 12  |True   |  367  |9.667363e-06|1.091904e-05|5.122015e-12|2.501171e-10|
| 16  |True   |  356  |9.785124e-06|1.084469e-05|1.033688e-11|6.857365e-10|
| 18  |True   |  341  |9.974012e-06|1.078177e-05|4.649844e-11|1.442337e-05|
| 17  |True   |  357  |9.645217e-06|1.145808e-05|6.966555e-12|5.616003e-10|
| 19  |True   |  336  |9.907661e-06|1.067684e-05|7.307073e-11|2.879077e-05|
| 21  |True   |  334  |9.751403e-06|1.132990e-05|5.144629e-11|2.044158e-05|
| 20  |True   |  358  |9.651030e-06|1.107084e-05|8.165272e-12|6.555074e-10|
| 24  |True   |  334  |9.889906e-06|1.110532e-05|5.209162e-11|2.041062e-05|
| 25  |True   |  334  |9.722809e-06|1.091075e-05|5.932837e-11|2.491431e-05|
| 26  |True   |  364  |9.896651e-06|1.130425e-05|8.759469e-10|2.475385e-05|
| 22  |True   |  338  |9.683956e-06|1.045316e-05|5.839110e-11|2.491922e-05|
| 23  |True   |  344  |9.748503e-06|1.051769e-05|6.031951e-11|2.496166e-05|
| 27  |True   |  342  |9.833093e-06|1.060228e-05|6.145915e-11|2.492784e-05|
| 28  |True   |  334  |9.542982e-06|1.031218e-05|7.474307e-11|3.016627e-05|
| 31  |True   |  354  |9.903227e-06|1.180896e-05|6.484225e-12|5.300019e-10|
| 29  |True   |  484  |9.748735e-06|1.107488e-05|1.282945e-11|8.220427e-10|
| 30  |True   |  334  |9.760197e-06|1.053890e-05|6.030725e-11|2.496133e-05|
| 35  |True   |  343  |9.948784e-06|1.071797e-05|6.311896e-11|2.495216e-05|
| 32  |True   |  356  |9.898797e-06|1.190052e-05|6.811085e-12|7.564407e-10|
| 36  |True   |  334  |9.768926e-06|1.060484e-05|6.008764e-11|2.492515e-05|
| 34  |True   |  354  |9.983229e-06|1.075245e-05|4.665237e-11|1.442368e-05|
| 33  |True   |  564  |9.722551e-06|1.049173e-05|8.017788e-11|3.206661e-05|
| 37  |True   |  367  |9.959660e-06|1.087999e-05|4.215927e-12|7.736444e-10|
| 38  |True   |  366  |9.971095e-06|1.079929e-05|4.395631e-12|1.091789e-09|
| 40  |True   |  366  |9.681695e-06|1.141324e-05|7.130115e-10|2.039026e-05|
| 39  |True   |  358  |9.871190e-06|1.119898e-05|2.284450e-12|1.492447e-10|
| 44  |True   |  356  |9.882849e-06|1.149803e-05|5.788971e-12|2.690538e-10|
| 43  |True   |  348  |9.950261e-06|1.383264e-05|9.230731e-12|2.868540e-10|
| 46  |True   |  362  |9.637769e-06|1.085111e-05|9.965459e-12|9.100479e-10|
| 42  |True   |  382  |9.570442e-06|1.059906e-05|7.608967e-12|8.881492e-10|
| 45  |True   |  338  |9.694942e-06|1.046414e-05|6.904833e-11|2.858748e-05|
| 47  |True   |  331  |9.774345e-06|1.269813e-05|6.014706e-11|2.496762e-05|
| 41  |True   |  782  |9.450371e-06|1.304376e-05|2.631779e-12|2.478019e-10|
| 49  |True   |  342  |9.898271e-06|1.066748e-05|6.252459e-11|2.484481e-05|
| 50  |True   |  340  |9.942114e-06|1.071132e-05|4.669667e-11|1.450221e-05|
| 51  |True   |  408  |9.669888e-06|1.069511e-05|4.993185e-12|1.329507e-09|
| 52  |True   |  371  |9.765980e-06|1.123704e-05|5.144975e-12|4.539853e-10|
| 53  |True   |  358  |9.629328e-06|1.076895e-05|3.005202e-12|2.578503e-09|
| 54  |True   |  356  |9.549399e-06|1.130800e-05|6.253895e-12|3.809982e-10|
| 56  |True   |  334  |9.966168e-06|1.100772e-05|7.406849e-11|2.877937e-05|
| 58  |True   |  342  |9.684127e-06|1.045333e-05|5.848695e-11|2.496296e-05|
| 48  |True   | 1209  |9.826072e-06|1.059529e-05|4.339807e-11|1.439664e-05|
| 55  |True   |  652  |9.962743e-06|1.073195e-05|6.458923e-11|2.492889e-05|
| 60  |True   |  336  |9.713972e-06|1.048318e-05|5.066933e-11|2.039090e-05|
| 59  |True   |  340  |9.806284e-06|1.057549e-05|5.226675e-11|2.037488e-05|
| 57  |True   |  663  |9.830586e-06|1.059978e-05|6.157071e-11|2.495912e-05|
| 62  |True   |  345  |9.753813e-06|1.052298e-05|8.112450e-11|3.219501e-05|
| 63  |True   |  336  |9.681927e-06|1.045108e-05|9.066873e-11|3.525888e-05|
| 61  |True   |  332  |9.802888e-06|1.224444e-05|6.133368e-11|2.496392e-05|
| 64  |True   |  356  |9.989016e-06|1.189231e-05|5.848214e-12|8.297620e-10|
| 65  |True   |  362  |9.978128e-06|1.099744e-05|5.042925e-12|2.160273e-10|
| 66  |True   |  340  |9.693050e-06|1.046226e-05|4.934267e-11|2.038106e-05|
| 67  |True   |  342  |9.756749e-06|1.052594e-05|6.026361e-11|2.495704e-05|
| 69  |True   |  336  |9.797325e-06|1.056652e-05|6.135218e-11|2.495430e-05|
| 68  |True   |  381  |9.883653e-06|1.097486e-05|6.581519e-12|1.694226e-09|
| 70  |True   |  360  |9.849824e-06|1.110794e-05|9.087348e-12|3.687156e-10|
| 71  |True   |  349  |9.723326e-06|1.131205e-05|3.373192e-10|2.513208e-05|
| 72  |True   |  352  |9.971949e-06|1.277457e-05|3.011848e-12|4.304350e-10|
| 74  |True   |  341  |9.790020e-06|1.055920e-05|7.091623e-11|2.875855e-05|
| 73  |True   |  359  |9.660302e-06|1.178262e-05|4.048511e-12|1.731475e-09|
| 76  |True   |  339  |9.573605e-06|1.034279e-05|7.536968e-11|3.062755e-05|
| 75  |True   |  336  |9.917564e-06|1.097627e-05|6.251292e-11|2.496457e-05|
| 78  |True   |  339  |9.863655e-06|1.071485e-05|6.171463e-11|2.496356e-05|
| 77  |True   |  414  |9.801870e-06|1.081602e-05|1.120701e-11|1.145640e-08|
| 79  |True   |  340  |9.876701e-06|1.064588e-05|7.228787e-11|2.879694e-05|
| 81  |True   |  376  |9.947874e-06|1.114858e-05|4.104638e-12|3.183534e-09|
| 83  |True   |  333  |9.969338e-06|1.115356e-05|6.393126e-11|2.485913e-05|
| 82  |True   |  366  |9.753080e-06|1.175275e-05|3.806884e-12|1.147856e-08|
| 80  |True   |  449  |9.749562e-06|1.051874e-05|7.119111e-11|2.884431e-05|
| 84  |True   |  347  |9.666384e-06|1.043558e-05|5.416009e-11|2.180777e-05|
| 86  |True   |  338  |9.990859e-06|1.076002e-05|8.488936e-11|3.218333e-05|
| 89  |True   |  336  |9.772950e-06|1.082532e-05|5.162200e-11|2.037583e-05|
| 85  |True   |  335  |9.764666e-06|1.055794e-05|4.932085e-11|1.818016e-05|
| 87  |True   |  333  |9.866861e-06|1.136269e-05|7.244909e-11|2.877176e-05|
| 90  |True   |  337  |9.827753e-06|1.059694e-05|6.183271e-11|2.496497e-05|
| 88  |True   |  345  |9.604137e-06|1.037331e-05|8.491564e-11|3.333380e-05|
| 91  |True   |  336  |9.784342e-06|1.055355e-05|5.040145e-11|2.036368e-05|
| 92  |True   |  334  |9.929905e-06|1.118323e-05|5.302909e-11|2.037859e-05|
| 93  |True   |  345  |9.711428e-06|1.048063e-05|4.926239e-11|2.038242e-05|
| 94  |True   |  335  |9.853118e-06|1.062229e-05|7.302620e-11|2.879974e-05|
| 97  |True   |  358  |9.623058e-06|1.114639e-05|2.520823e-12|1.447619e-10|
| 98  |True   |  371  |9.903624e-06|1.102147e-05|9.915092e-12|8.323870e-10|
| 101 |True   |  365  |9.674099e-06|1.065343e-05|3.677361e-12|1.894763e-10|
| 102 |True   |  376  |9.920238e-06|1.088289e-05|7.361324e-12|5.914219e-10|
| 100 |True   |  340  |9.686611e-06|1.045578e-05|8.012747e-11|3.218735e-05|
| 95  |True   |  337  |9.947986e-06|1.071717e-05|7.986623e-11|2.979038e-05|
| 96  |True   |  356  |9.714196e-06|1.152995e-05|3.482043e-12|3.068356e-09|
| 99  |True   |  358  |9.631669e-06|1.116526e-05|9.959063e-12|8.704197e-10|
| 103 |True   |  352  |9.688106e-06|1.215097e-05|1.031852e-11|5.137096e-10|
| 104 |True   |  335  |9.880094e-06|1.110782e-05|5.272019e-11|2.035930e-05|
| 106 |True   |  361  |9.650202e-06|1.055821e-05|8.206731e-12|3.651865e-10|
| 107 |True   |  335  |9.904958e-06|1.076785e-05|4.545080e-11|1.443530e-05|
| 108 |True   |  327  |9.866813e-06|1.406434e-05|7.316482e-11|2.874397e-05|
| 105 |True   |  333  |9.750584e-06|1.127865e-05|5.993752e-11|2.472418e-05|
| 111 |True   |  388  |9.746591e-06|1.067244e-05|6.576534e-12|2.161112e-09|
| 112 |True   |  365  |9.681455e-06|1.069985e-05|8.435426e-12|1.220714e-09|
| 109 |True   |  342  |9.615445e-06|1.038466e-05|5.809576e-11|2.494234e-05|
| 114 |True   |  372  |9.854806e-06|1.141156e-05|8.541528e-10|1.433316e-05|
| 110 |True   |  356  |9.915829e-06|1.149145e-05|2.687271e-11|1.603237e-08|
| 115 |True   |  358  |9.761054e-06|1.133238e-05|3.055945e-12|1.533584e-10|
| 113 |True   |  341  |9.913153e-06|1.068234e-05|6.282257e-11|2.495075e-05|
| 117 |True   |  365  |9.961515e-06|1.114212e-05|6.510221e-12|4.113271e-10|
| 119 |True   |  372  |9.790485e-06|1.115315e-05|4.595068e-10|2.727355e-05|
| 120 |True   |  336  |9.971025e-06|1.090066e-05|5.453655e-11|2.034295e-05|
| 116 |True   |  355  |9.614078e-06|1.137698e-05|4.715652e-10|1.442093e-05|
| 121 |True   |  334  |9.963436e-06|1.076610e-05|8.444309e-11|3.219280e-05|
| 122 |True   |  365  |9.639954e-06|1.052723e-05|5.451444e-12|5.293939e-10|
| 118 |True   |  346  |9.890428e-06|1.065963e-05|5.227372e-11|2.039311e-05|
| 124 |True   |  359  |9.633273e-06|1.102650e-05|8.948694e-12|3.499616e-09|
| 123 |True   |  331  |9.740415e-06|1.230989e-05|5.056566e-11|2.038295e-05|
| 125 |True   |  336  |9.649694e-06|1.041888e-05|5.928678e-11|2.494394e-05|
| 127 |True   |  344  |9.696535e-06|1.046574e-05|4.929704e-11|2.038831e-05|
| 126 |True   |  333  |9.718776e-06|1.072699e-05|8.512570e-11|3.293093e-05|
| 130 |True   |  363  |9.638487e-06|1.066590e-05|1.026189e-11|4.090829e-10|
| 129 |True   |  342  |9.793416e-06|1.056260e-05|7.103077e-11|2.878091e-05|
| 128 |True   |  336  |9.844411e-06|1.061362e-05|5.701576e-11|2.115202e-05|
| 131 |True   |  332  |9.797582e-06|1.161932e-05|7.072340e-11|2.884772e-05|
| 132 |True   |  329  |9.537995e-06|1.230533e-05|8.245640e-11|3.287924e-05|
| 134 |True   |  333  |9.567965e-06|1.048870e-05|6.986063e-11|2.904531e-05|
| 133 |True   |  333  |9.769034e-06|1.175304e-05|7.112200e-11|2.881090e-05|
| 137 |True   |  354  |9.823726e-06|1.106581e-05|1.126628e-11|4.522164e-10|
| 136 |True   |  338  |9.876026e-06|1.081282e-05|7.274317e-11|2.881257e-05|
| 138 |True   |  345  |9.931853e-06|1.070103e-05|7.338334e-11|2.882337e-05|
| 135 |True   |  564  |9.959912e-06|1.072913e-05|5.355011e-11|2.036288e-05|
| 139 |True   |  467  |9.724376e-06|1.049360e-05|4.971694e-11|2.038704e-05|
| 141 |True   |  354  |9.560424e-06|1.210753e-05|7.083667e-12|3.239150e-10|
| 143 |True   |  339  |9.923725e-06|1.084686e-05|4.546701e-11|1.442225e-05|
| 145 |True   |  347  |9.783138e-06|1.055233e-05|6.142113e-11|2.493311e-05|
| 142 |True   |  372  |9.806137e-06|1.083397e-05|4.973010e-12|3.785042e-10|
| 144 |True   |  347  |9.728461e-06|1.049766e-05|4.487641e-11|1.548959e-05|
| 148 |True   |  354  |9.932635e-06|1.070183e-05|5.345247e-11|2.038182e-05|
| 149 |True   |  663  |9.687608e-06|1.045680e-05|5.909034e-11|2.493435e-05|
| 151 |True   |  352  |9.806611e-06|1.295927e-05|1.143305e-11|7.491481e-10|
| 152 |True   |  331  |9.395179e-06|1.093153e-05|6.778622e-11|3.217215e-05|
| 140 |True   | 1023  |9.904228e-06|1.092714e-05|9.939669e-10|1.426783e-05|
| 153 |True   |  364  |9.812718e-06|1.076291e-05|6.993740e-12|1.068660e-09|
| 154 |True   |  358  |9.901151e-06|1.104000e-05|8.431565e-12|1.166393e-09|
| 146 |True   | 1164  |9.684649e-06|1.149347e-05|6.943270e-11|2.872390e-05|
| 147 |True   | 1117  |9.878571e-06|1.077281e-05|7.569941e-10|1.442070e-05|
| 159 |True   |  362  |9.905228e-06|1.098223e-05|7.685872e-12|3.012231e-10|
| 156 |True   |  334  |9.868096e-06|1.063726e-05|9.354608e-11|3.522364e-05|
| 155 |True   |  332  |9.939370e-06|1.162300e-05|6.368656e-11|2.494277e-05|
| 160 |True   |  368  |9.937875e-06|1.098610e-05|7.787748e-12|6.256009e-10|
| 158 |True   |  334  |9.626431e-06|1.039563e-05|6.765637e-11|2.852101e-05|
| 161 |True   |  356  |9.481872e-06|1.238699e-05|2.317714e-12|8.893136e-10|
| 150 |True   | 1113  |9.609081e-06|1.122539e-05|1.593450e-10|1.441836e-05|
| 157 |True   |  871  |9.636911e-06|1.040610e-05|6.723815e-11|2.770888e-05|
| 162 |True   |  330  |9.697269e-06|1.217343e-05|6.992802e-11|2.878248e-05|
| 164 |True   |  362  |9.855052e-06|1.098869e-05|9.340582e-10|1.441905e-05|
| 163 |True   |  358  |9.972127e-06|1.112880e-05|2.730914e-12|5.243730e-09|
| 167 |True   |  335  |9.717396e-06|1.048661e-05|5.916700e-11|2.486635e-05|
| 165 |True   |  343  |9.941526e-06|1.071067e-05|1.115454e-10|3.879321e-05|
| 168 |True   |  340  |9.686571e-06|1.045576e-05|7.029164e-11|2.883786e-05|
| 166 |True   |  350  |9.492996e-06|1.351109e-05|1.624103e-11|9.081537e-10|
| 170 |True   |  339  |9.674462e-06|1.044365e-05|6.932029e-11|2.872394e-05|
| 171 |True   |  356  |9.762099e-06|1.160278e-05|3.594598e-12|2.959074e-09|
| 173 |True   |  338  |9.512558e-06|1.028174e-05|7.253993e-11|2.958191e-05|
| 172 |True   |  336  |9.774604e-06|1.105007e-05|5.108786e-11|2.038781e-05|
| 169 |True   |  364  |9.715775e-06|1.058915e-05|6.782177e-12|1.764199e-09|
| 175 |True   |  343  |9.572489e-06|1.034167e-05|6.754172e-11|2.881545e-05|
| 174 |True   |  352  |9.597881e-06|1.218680e-05|1.769131e-11|1.483159e-09|
| 178 |True   |  361  |9.748612e-06|1.109321e-05|3.267635e-12|3.296556e-10|
| 177 |True   |  364  |9.703350e-06|1.092680e-05|5.677839e-12|2.135464e-10|
| 180 |True   |  350  |9.519504e-06|1.359396e-05|1.393417e-11|1.883957e-09|
| 176 |True   |  336  |9.936064e-06|1.070526e-05|5.722601e-11|2.095372e-05|
| 179 |True   |  379  |9.738660e-06|1.061577e-05|3.495990e-12|1.098503e-09|
| 181 |True   |  360  |9.975088e-06|1.116842e-05|6.376888e-12|2.022304e-10|
| 182 |True   |  354  |9.862905e-06|1.276471e-05|9.043151e-12|9.206280e-10|
| 184 |True   |  341  |9.927662e-06|1.069682e-05|8.399478e-11|3.221448e-05|
| 183 |True   |  356  |9.785126e-06|1.146552e-05|5.427146e-12|1.574905e-10|
| 187 |True   |  352  |9.830069e-06|1.194503e-05|1.001170e-11|1.820615e-09|
| 185 |True   |  347  |9.960290e-06|1.072948e-05|6.454313e-11|2.497178e-05|
| 189 |True   |  348  |9.573021e-06|1.371775e-05|8.806927e-12|1.277003e-09|
| 186 |True   |  343  |9.690441e-06|1.045963e-05|6.970327e-11|2.876508e-05|
| 191 |True   |  334  |9.860917e-06|1.095206e-05|7.236320e-11|2.872621e-05|
| 188 |True   |  333  |9.888665e-06|1.112036e-05|7.323439e-11|2.880098e-05|
| 192 |True   |  335  |9.980467e-06|1.074966e-05|7.400932e-11|2.883539e-05|
| 193 |True   |  352  |9.687115e-06|1.159312e-05|4.629886e-12|2.457740e-10|
| 190 |True   |  684  |9.783987e-06|1.228313e-05|3.005333e-12|2.809869e-10|
| 196 |True   |  335  |9.949134e-06|1.071834e-05|6.325422e-11|2.495972e-05|
| 195 |True   |  344  |9.967470e-06|1.073668e-05|4.634446e-11|1.442188e-05|
| 197 |True   |  356  |9.921779e-06|1.077885e-05|4.667634e-12|3.312705e-09|
| 199 |True   |  336  |9.620199e-06|1.053713e-05|6.817834e-11|2.881031e-05|
| 194 |True   |  354  |9.834686e-06|1.175866e-05|8.284274e-12|6.617651e-10|
| 202 |True   |  381  |9.733164e-06|1.060259e-05|3.100373e-12|1.644745e-09|
| 203 |True   |  364  |9.885608e-06|1.144031e-05|6.519657e-12|2.094319e-10|
| 198 |True   |  342  |9.913837e-06|1.068302e-05|6.281727e-11|2.493335e-05|
| 206 |True   |  360  |9.738484e-06|1.117460e-05|2.385332e-12|3.355652e-10|
| 205 |True   |  332  |9.512024e-06|1.163422e-05|6.785892e-11|2.979132e-05|
| 207 |True   |  359  |9.987316e-06|1.162500e-05|2.966277e-12|2.363950e-10|
| 200 |True   |  370  |9.813227e-06|1.119434e-05|4.556404e-12|8.040335e-09|
| 201 |True   |  343  |9.760917e-06|1.053012e-05|5.201569e-11|2.053161e-05|
| 204 |True   |  335  |9.772313e-06|1.054149e-05|7.131915e-11|2.878829e-05|
| 210 |True   |  352  |9.552632e-06|1.233514e-05|1.364804e-11|1.148273e-09|
| 209 |True   |  338  |9.739330e-06|1.050854e-05|5.045807e-11|2.036148e-05|
| 208 |True   |  334  |9.617541e-06|1.038671e-05|7.716517e-11|3.017469e-05|
| 212 |True   |  367  |9.714728e-06|1.103371e-05|5.283071e-12|3.076880e-10|
| 217 |True   |  345  |9.660798e-06|1.042998e-05|7.298708e-11|2.935748e-05|
| 214 |True   |  334  |9.493699e-06|1.069070e-05|6.814277e-11|2.894334e-05|
| 216 |True   |  349  |9.957301e-06|1.072651e-05|4.616232e-11|1.442352e-05|
| 211 |True   |  414  |9.917274e-06|1.089012e-05|1.285492e-11|4.776383e-09|
| 218 |True   |  362  |9.519220e-06|1.084355e-05|5.023394e-12|8.063454e-10|
| 215 |True   |  332  |9.792754e-06|1.180966e-05|5.645011e-11|2.207077e-05|
| 219 |True   |  335  |9.660290e-06|1.063679e-05|5.845075e-11|2.496439e-05|
| 221 |True   |  335  |9.989312e-06|1.085008e-05|7.436455e-11|2.879876e-05|
| 222 |True   |  337  |9.835037e-06|1.068955e-05|6.122608e-11|2.493250e-05|
| 223 |True   |  336  |9.764121e-06|1.070497e-05|6.007044e-11|2.495931e-05|
| 213 |True   |  651  |9.803100e-06|1.101189e-05|6.728981e-12|1.305058e-09|
| 226 |True   |  354  |9.867999e-06|1.242911e-05|1.138055e-11|3.857645e-10|
| 220 |True   |  340  |9.800076e-06|1.056924e-05|8.182967e-11|3.220181e-05|
| 224 |True   |  331  |9.817480e-06|1.200000e-05|7.130892e-11|2.882150e-05|
| 227 |True   |  380  |9.555562e-06|1.044113e-05|6.966460e-12|4.514295e-09|
| 230 |True   |  337  |9.944633e-06|1.071385e-05|6.095267e-11|2.240637e-05|
| 231 |True   |  343  |9.956521e-06|1.072570e-05|7.447681e-11|2.883058e-05|
| 228 |True   |  358  |9.840187e-06|1.086518e-05|7.990935e-12|5.682255e-10|
| 232 |True   |  335  |9.748772e-06|1.125807e-05|7.980573e-11|3.130886e-05|
| 229 |True   |  356  |9.914088e-06|1.131232e-05|7.160525e-12|1.026831e-09|
| 233 |True   |  352  |9.702581e-06|1.386661e-05|7.627274e-12|2.282734e-09|
| 225 |True   | 1322  |9.793195e-06|1.110127e-05|3.263566e-10|3.137541e-04|
| 236 |True   |  335  |9.850536e-06|1.086253e-05|6.176547e-11|2.491626e-05|
| 237 |True   |  349  |9.838461e-06|1.060770e-05|6.168608e-11|2.494797e-05|
| 238 |True   |  354  |9.430283e-06|1.170207e-05|6.277846e-12|4.747011e-10|
| 240 |True   |  358  |9.664235e-06|1.069333e-05|7.470498e-12|1.109308e-09|
| 242 |True   |  334  |9.798773e-06|1.073788e-05|6.238747e-11|2.527604e-05|
| 234 |True   |  454  |9.583654e-06|1.035284e-05|6.322523e-11|2.634245e-05|
| 235 |True   |  335  |9.611474e-06|1.043245e-05|7.863747e-11|3.210057e-05|
| 244 |True   |  343  |9.803291e-06|1.057249e-05|6.091308e-11|2.490362e-05|
| 243 |True   |  389  |9.602470e-06|1.111464e-05|8.396743e-10|2.570578e-05|
| 245 |True   |  362  |9.848255e-06|1.087645e-05|5.011197e-12|1.252405e-10|
| 239 |True   |  368  |9.793364e-06|1.108933e-05|2.352348e-12|1.125237e-10|
| 241 |True   |  337  |9.831257e-06|1.060046e-05|5.652880e-11|2.120338e-05|
| 246 |True   |  356  |9.846519e-06|1.123455e-05|3.436671e-12|6.903261e-10|
| 247 |True   |  372  |9.787889e-06|1.096741e-05|5.035574e-10|3.564143e-06|
| 248 |True   |  363  |9.567411e-06|1.098545e-05|1.347830e-11|7.257168e-10|
| 252 |True   |  358  |9.838576e-06|1.100722e-05|1.357710e-11|3.937058e-10|
| 253 |True   |  342  |9.744837e-06|1.051400e-05|8.088791e-11|3.217521e-05|
| 251 |True   |  368  |9.809986e-06|1.105506e-05|1.624975e-11|1.899553e-09|
| 256 |True   |  329  |9.918609e-06|1.249617e-05|7.192958e-11|2.840347e-05|
| 250 |True   |  335  |9.688658e-06|1.045787e-05|5.017610e-11|2.039152e-05|
| 249 |True   |  365  |9.970795e-06|1.108979e-05|1.001557e-11|5.605423e-10|
| 254 |True   |  334  |9.822275e-06|1.165028e-05|4.340038e-11|1.441749e-05|
| 257 |True   |  368  |9.774938e-06|1.126471e-05|1.477231e-10|1.442548e-05|
| 255 |True   |  362  |9.803620e-06|1.068259e-05|7.133546e-12|8.609066e-10|
| 259 |True   |  339  |9.649893e-06|1.041907e-05|6.921688e-11|2.881820e-05|
| 261 |True   |  345  |9.863508e-06|1.138640e-05|2.245985e-10|3.218913e-05|
| 262 |True   |  345  |9.864905e-06|1.142595e-05|1.524945e-10|2.494862e-05|
| 260 |True   |  343  |9.971415e-06|1.074058e-05|8.448383e-11|3.215985e-05|
| 265 |True   |  328  |9.859135e-06|1.182464e-05|7.096850e-11|2.836463e-05|
| 266 |True   |  348  |9.898585e-06|1.066779e-05|5.316151e-11|2.038737e-05|
| 269 |True   |  332  |9.846617e-06|1.091839e-05|7.201179e-11|2.877387e-05|
| 264 |True   |  340  |9.674650e-06|1.120496e-05|1.089266e-10|2.879597e-05|
| 268 |True   |  341  |9.762407e-06|1.053160e-05|6.217019e-11|2.368836e-05|
| 263 |True   |  359  |9.828948e-06|1.124190e-05|9.554908e-10|2.494194e-05|
| 270 |True   |  337  |9.838765e-06|1.060799e-05|5.255255e-11|2.038640e-05|
| 271 |True   |  356  |9.761964e-06|1.149507e-05|1.093058e-11|4.887476e-10|
| 272 |True   |  334  |9.702213e-06|1.168004e-05|4.992104e-11|2.039162e-05|
| 273 |True   |  334  |9.988289e-06|1.075747e-05|7.692030e-11|2.818565e-05|
| 267 |True   |  344  |9.756471e-06|1.052569e-05|5.960552e-11|2.485431e-05|
| 274 |True   |  342  |9.874580e-06|1.064377e-05|5.390788e-11|2.040237e-05|
| 276 |True   |  341  |9.622046e-06|1.039124e-05|5.847849e-11|2.494006e-05|
| 278 |True   |  364  |9.684451e-06|1.066179e-05|4.253355e-12|4.798920e-09|
| 279 |True   |  351  |9.819047e-06|1.136308e-05|1.550180e-10|2.045983e-05|
| 280 |True   |  334  |9.834111e-06|1.060331e-05|6.403677e-11|2.521751e-05|
| 281 |True   |  367  |9.862703e-06|1.065532e-05|5.168474e-10|2.265676e-05|
| 258 |True   | 1324  |9.975084e-06|1.074430e-05|4.650200e-11|1.441990e-05|
| 275 |True   |  330  |9.619132e-06|1.177521e-05|6.652478e-11|2.874940e-05|
| 277 |True   |  354  |9.869118e-06|1.238582e-05|8.719494e-12|2.408695e-10|
| 282 |True   |  338  |9.788090e-06|1.055726e-05|8.139872e-11|3.213976e-05|
| 283 |True   |  363  |9.811406e-06|1.079899e-05|7.520459e-12|5.647055e-10|
| 285 |True   |  336  |9.977516e-06|1.074670e-05|7.411461e-11|2.876619e-05|
| 287 |True   |  336  |9.820103e-06|1.058929e-05|7.296181e-11|2.878910e-05|
| 284 |True   |  582  |9.730703e-06|1.093570e-05|4.659928e-12|5.319082e-10|
| 288 |True   |  343  |9.862415e-06|1.063163e-05|6.163046e-11|2.486400e-05|
| 286 |True   |  345  |9.816284e-06|1.068309e-05|6.139160e-11|2.497152e-05|
| 292 |True   |  340  |9.738033e-06|1.050724e-05|4.953086e-11|2.036992e-05|
| 289 |True   |  365  |9.718162e-06|1.065570e-05|6.776368e-12|4.348862e-10|
| 293 |True   |  337  |9.871919e-06|1.064109e-05|8.316817e-11|3.216499e-05|
| 290 |True   |  353  |9.831073e-06|1.229307e-05|9.277930e-10|1.465848e-05|
| 291 |True   |  380  |9.914134e-06|1.098499e-05|4.807650e-12|2.883184e-09|
| 295 |True   |  336  |9.901559e-06|1.067076e-05|6.245745e-11|2.493500e-05|
| 296 |True   |  343  |9.635032e-06|1.040422e-05|5.821824e-11|2.492571e-05|
| 294 |True   |  551  |9.605615e-06|1.037479e-05|7.339750e-11|2.980283e-05|
| 297 |True   |  341  |9.716470e-06|1.048565e-05|7.585573e-11|2.996279e-05|
| 299 |True   |  359  |9.731053e-06|1.125412e-05|2.227246e-12|3.281439e-09|
| 304 |True   |  354  |9.705962e-06|1.151685e-05|6.316299e-12|8.538168e-10|
| 302 |True   |  339  |9.844147e-06|1.061335e-05|5.149579e-11|2.035865e-05|
| 300 |True   |  335  |9.727059e-06|1.125074e-05|4.943321e-11|2.039080e-05|
| 303 |True   |  418  |9.644165e-06|1.196389e-05|7.178639e-12|5.085459e-09|
| 306 |True   |  327  |9.711206e-06|1.412703e-05|5.929383e-11|2.491562e-05|
| 305 |True   |  356  |9.642612e-06|1.096824e-05|1.173166e-11|7.460844e-10|
| 301 |True   |  367  |9.737642e-06|1.081098e-05|7.487414e-12|1.064567e-09|
| 298 |True   |  679  |9.697391e-06|1.046662e-05|4.937410e-11|2.037716e-05|
| 307 |True   |  340  |9.849144e-06|1.061833e-05|6.824718e-11|2.660475e-05|
| 308 |True   |  342  |9.591833e-06|1.036102e-05|6.799471e-11|2.881166e-05|
| 313 |True   |  337  |9.982870e-06|1.075207e-05|5.426102e-11|2.039203e-05|
| 312 |True   |  336  |9.719163e-06|1.066531e-05|4.968367e-11|2.039251e-05|
| 311 |True   |  334  |9.750609e-06|1.064419e-05|6.333906e-11|2.531684e-05|
| 315 |True   |  348  |9.703133e-06|1.047231e-05|6.954446e-11|2.879786e-05|
| 309 |True   |  338  |9.930314e-06|1.069950e-05|6.853353e-11|2.567415e-05|
| 310 |True   |  336  |9.949152e-06|1.071838e-05|7.312113e-11|2.850699e-05|
| 314 |True   |  370  |9.784829e-06|1.081853e-05|4.966688e-12|2.666527e-10|
| 316 |True   |  338  |9.697170e-06|1.046639e-05|5.874819e-11|2.496376e-05|
| 317 |True   |  585  |9.828444e-06|1.059766e-05|4.346051e-11|1.439992e-05|
| 318 |True   |  336  |9.818220e-06|1.113086e-05|5.275663e-11|2.038536e-05|
| 319 |True   |  335  |9.640058e-06|1.055573e-05|6.581035e-11|2.723149e-05|
| 322 |True   |  335  |9.933353e-06|1.085347e-05|5.412145e-11|2.044339e-05|
| 323 |True   |  342  |9.776031e-06|1.054521e-05|7.065249e-11|2.880118e-05|
| 321 |True   |  329  |9.827669e-06|1.414061e-05|6.389345e-11|2.616252e-05|
| 320 |True   |  340  |9.857526e-06|1.062677e-05|6.079568e-11|2.485823e-05|
| 324 |True   |  380  |9.783791e-06|1.094170e-05|5.456054e-12|5.437403e-10|
| 327 |True   |  341  |9.702196e-06|1.047137e-05|7.730099e-11|2.968958e-05|
| 325 |True   |  338  |9.618990e-06|1.038817e-05|6.828624e-11|2.879098e-05|
| 326 |True   |  354  |9.725062e-06|1.147200e-05|3.874211e-12|2.292676e-10|
| 330 |True   |  339  |9.645746e-06|1.049916e-05|5.883007e-11|2.493708e-05|
| 331 |True   |  338  |9.910899e-06|1.068008e-05|7.345202e-11|2.881045e-05|
| 332 |True   |  355  |9.666788e-06|1.105439e-05|7.573323e-10|2.039567e-05|
| 329 |True   |  363  |9.715248e-06|1.051802e-05|5.237977e-10|2.039141e-05|
| 328 |True   |  338  |9.870308e-06|1.063950e-05|6.270760e-11|2.496269e-05|
| 334 |True   |  331  |9.748501e-06|1.206000e-05|6.231473e-11|2.519507e-05|
| 338 |True   |  357  |9.746596e-06|1.053325e-05|3.584590e-10|2.173505e-05|
| 337 |True   |  374  |9.550288e-06|1.040826e-05|5.651273e-12|1.872227e-09|
| 335 |True   |  362  |9.947362e-06|1.084919e-05|2.116030e-12|7.532569e-10|
| 339 |True   |  362  |9.484078e-06|1.031586e-05|5.623073e-12|1.187644e-09|
| 333 |True   |  356  |9.758505e-06|1.106899e-05|5.467681e-12|8.591352e-10|
| 340 |True   |  366  |9.679721e-06|1.095021e-05|3.152566e-12|4.659733e-10|
| 341 |True   |  354  |9.568163e-06|1.104407e-05|4.384297e-10|2.487141e-05|
| 336 |True   |  358  |9.546048e-06|1.046638e-05|8.553668e-12|1.780880e-09|
| 343 |True   |  344  |9.765629e-06|1.053483e-05|5.027609e-11|2.039380e-05|
| 344 |True   |  331  |9.582897e-06|1.183729e-05|6.822510e-11|2.875042e-05|
| 342 |True   |  352  |9.841970e-06|1.205655e-05|1.237824e-11|7.691528e-10|
| 345 |True   |  353  |9.925159e-06|1.186535e-05|9.496189e-10|2.025826e-05|
| 347 |True   |  360  |9.981829e-06|1.111304e-05|5.474425e-12|4.621213e-10|
| 350 |True   |  363  |9.759889e-06|1.227240e-05|5.216498e-12|2.082022e-09|
| 349 |True   |  345  |9.666864e-06|1.043603e-05|7.969746e-11|3.218167e-05|
| 351 |True   |  366  |9.757550e-06|1.120008e-05|5.252231e-10|2.039146e-05|
| 346 |True   |  369  |9.478893e-06|1.135894e-05|6.448965e-12|8.501296e-10|
| 352 |True   |  549  |9.662593e-06|1.043177e-05|6.947479e-11|2.881457e-05|
| 348 |True   |  365  |9.734262e-06|1.065121e-05|6.287305e-12|6.285790e-10|
| 353 |True   |  352  |9.872907e-06|1.189943e-05|1.531269e-11|7.752399e-09|
| 355 |True   |  347  |9.617434e-06|1.038664e-05|5.077864e-11|2.073967e-05|
| 357 |True   |  354  |9.467337e-06|1.055472e-05|1.492362e-11|3.596809e-09|
| 356 |True   |  347  |9.675898e-06|1.049212e-05|5.904865e-11|2.496247e-05|
| 354 |True   |  373  |9.873536e-06|1.113252e-05|5.077251e-12|2.609851e-10|
| 358 |True   |  354  |9.789622e-06|1.094466e-05|5.584754e-12|9.475054e-10|
| 359 |True   |  343  |9.650150e-06|1.041934e-05|5.851422e-11|2.496600e-05|
| 360 |True   |  336  |9.643476e-06|1.049362e-05|5.789533e-11|2.492688e-05|
| 361 |True   |  342  |9.807606e-06|1.057679e-05|6.165318e-11|2.496685e-05|
| 366 |True   |  342  |9.548782e-06|1.031796e-05|6.718355e-11|2.878056e-05|
| 362 |True   |  342  |9.692730e-06|1.046191e-05|6.940063e-11|2.880711e-05|
| 365 |True   |  360  |9.798005e-06|1.090644e-05|6.494602e-12|5.657992e-10|
| 367 |True   |  355  |9.729627e-06|1.049882e-05|5.973939e-11|2.493316e-05|
| 364 |True   |  338  |9.762634e-06|1.053186e-05|5.117836e-11|2.036816e-05|
| 371 |True   |  336  |9.718070e-06|1.055350e-05|6.982161e-11|2.880788e-05|
| 368 |True   |  341  |9.687228e-06|1.045642e-05|5.873637e-11|2.494511e-05|
| 374 |True   |  338  |9.658186e-06|1.042738e-05|5.897082e-11|2.495275e-05|
| 369 |True   |  381  |9.784294e-06|1.091576e-05|1.223069e-11|1.080501e-09|
| 370 |True   |  358  |9.646626e-06|1.066102e-05|1.025888e-11|5.099503e-10|
| 372 |True   |  334  |9.573245e-06|1.085277e-05|5.821377e-11|2.498064e-05|
| 376 |True   |  362  |9.689080e-06|1.058715e-05|3.976923e-12|5.925120e-10|
| 373 |True   |  448  |9.562796e-06|1.033201e-05|6.734645e-11|2.883077e-05|
| 375 |True   |  341  |9.902292e-06|1.067148e-05|6.223223e-11|2.494805e-05|
| 377 |True   |  344  |9.650377e-06|1.041957e-05|5.843587e-11|2.491268e-05|
| 378 |True   |  360  |9.846713e-06|1.086828e-05|7.714343e-12|3.999005e-10|
| 379 |True   |  358  |9.668758e-06|1.100329e-05|9.959563e-12|3.957111e-09|
| 383 |True   |  331  |9.660393e-06|1.249037e-05|4.800489e-11|1.815834e-05|
| 381 |True   |  329  |9.788729e-06|1.172366e-05|6.015459e-11|2.439406e-05|
| 380 |True   |  334  |9.859789e-06|1.084268e-05|7.597467e-11|2.919836e-05|
| 384 |True   |  374  |9.558541e-06|1.120942e-05|4.626191e-12|3.902253e-10|
| 382 |True   |  340  |9.787518e-06|1.055671e-05|6.089908e-11|2.495878e-05|
| 386 |True   |  340  |9.837058e-06|1.060623e-05|7.202656e-11|2.880408e-05|
| 385 |True   |  341  |9.978385e-06|1.074755e-05|8.526106e-11|3.218764e-05|
| 387 |True   |  358  |9.912024e-06|1.128902e-05|2.460895e-12|1.357408e-09|
| 388 |True   |  341  |9.592615e-06|1.036179e-05|7.851142e-11|3.214590e-05|
| 363 |True   | 2068  |9.908573e-06|1.067778e-05|4.516246e-11|1.442051e-05|
| 389 |True   |  342  |9.781691e-06|1.055088e-05|6.036750e-11|2.492906e-05|
| 390 |True   |  351  |9.616103e-06|1.039225e-05|2.038849e-10|2.934223e-05|
| 392 |True   |  336  |9.744990e-06|1.051418e-05|5.974333e-11|2.491916e-05|
| 395 |True   |  358  |9.727473e-06|1.173374e-05|4.901004e-12|2.721834e-10|
| 394 |True   |  340  |9.698794e-06|1.046800e-05|7.926166e-11|3.225452e-05|
| 391 |True   |  358  |9.818344e-06|1.058754e-05|5.217885e-11|2.039438e-05|
| 397 |True   |  334  |9.796641e-06|1.065991e-05|6.142616e-11|2.492557e-05|
| 393 |True   |  338  |9.760206e-06|1.052963e-05|4.819266e-11|1.952219e-05|
| 398 |True   |  329  |9.977620e-06|1.307388e-05|7.401774e-11|2.879293e-05|
| 396 |True   |  370  |9.683734e-06|1.064536e-05|3.741677e-12|1.219147e-08|
| 400 |True   |  334  |9.787025e-06|1.160012e-05|6.732659e-11|2.668076e-05|
| 401 |True   |  372  |9.547270e-06|1.144295e-05|8.559537e-12|9.891502e-10|
| 399 |True   |  339  |9.876339e-06|1.064553e-05|6.230532e-11|2.495592e-05|
| 403 |True   |  335  |9.936587e-06|1.098476e-05|6.336848e-11|2.496304e-05|
| 402 |True   |  344  |9.643374e-06|1.041256e-05|5.868145e-11|2.496322e-05|
| 405 |True   |  341  |9.698132e-06|1.046731e-05|7.051824e-11|2.879016e-05|
| 407 |True   |  360  |9.959990e-06|1.118645e-05|3.637915e-12|1.522825e-10|
| 404 |True   |  333  |9.983671e-06|1.075308e-05|6.050776e-11|2.547284e-05|
| 408 |True   |  343  |9.712465e-06|1.048165e-05|5.993039e-11|2.495615e-05|
| 406 |True   |  383  |9.531075e-06|1.075275e-05|6.184010e-12|1.849771e-08|
| 409 |True   |  342  |9.695333e-06|1.046454e-05|7.204985e-11|2.887943e-05|
| 413 |True   |  366  |9.539708e-06|1.050521e-05|7.114042e-12|3.399913e-10|
| 414 |True   |  334  |9.821513e-06|1.074604e-05|6.272141e-11|2.497052e-05|
| 415 |True   |  362  |9.757873e-06|1.122023e-05|7.990241e-12|1.396605e-09|
| 416 |True   |  344  |9.801561e-06|1.057076e-05|5.075229e-11|2.038122e-05|
| 412 |True   |  348  |9.696588e-06|1.046597e-05|4.720018e-11|2.059512e-05|
| 417 |True   |  356  |9.423659e-06|1.126679e-05|3.646725e-12|3.595173e-10|
| 410 |True   |  340  |9.957297e-06|1.072650e-05|6.354571e-11|2.494783e-05|
| 419 |True   |  337  |9.792815e-06|1.056200e-05|6.059864e-11|2.496758e-05|
| 411 |True   |  373  |9.989059e-06|1.107731e-05|7.817022e-12|2.776798e-09|
| 420 |True   |  367  |9.761510e-06|1.112347e-05|4.973702e-12|5.589753e-10|
| 421 |True   |  344  |9.798066e-06|1.056728e-05|5.136803e-11|2.033033e-05|
| 418 |True   |  368  |9.755048e-06|1.130219e-05|4.866422e-12|6.685528e-10|
| 422 |True   |  342  |9.787515e-06|1.055668e-05|8.052499e-11|3.153172e-05|
| 423 |True   |  360  |9.829466e-06|1.064326e-05|2.525074e-12|6.653829e-10|
| 425 |True   |  354  |9.763187e-06|1.053242e-05|5.088531e-11|2.032344e-05|
| 427 |True   |  369  |9.847571e-06|1.086157e-05|1.045720e-11|7.783617e-10|
| 424 |True   |  365  |9.713432e-06|1.050726e-05|3.705945e-10|2.029351e-05|
| 428 |True   |  339  |9.841376e-06|1.061060e-05|4.374641e-11|1.442290e-05|
| 429 |True   |  368  |9.915174e-06|1.068434e-05|8.363488e-11|3.218287e-05|
| 430 |True   |  345  |9.999559e-06|1.076872e-05|8.519825e-11|3.221141e-05|
| 432 |True   |  336  |9.565915e-06|1.033510e-05|6.726744e-11|2.881792e-05|
| 431 |True   |  348  |9.841553e-06|1.147124e-05|3.180380e-10|2.494241e-05|
| 426 |True   |  579  |9.572763e-06|1.068726e-05|1.078748e-11|9.120113e-10|
| 433 |True   |  342  |9.764208e-06|1.053346e-05|4.948040e-11|2.012928e-05|
| 434 |True   |  358  |9.711302e-06|1.059656e-05|6.564197e-12|5.734881e-10|
| 436 |True   |  358  |9.494621e-06|1.117827e-05|2.801605e-12|4.463768e-10|
| 437 |True   |  336  |9.576757e-06|1.034594e-05|7.143746e-11|2.933856e-05|
| 435 |True   |  369  |9.815446e-06|1.096753e-05|6.849812e-12|3.101193e-10|
| 439 |True   |  364  |9.936491e-06|1.111707e-05|6.499473e-12|3.263341e-10|
| 442 |True   |  354  |9.967253e-06|1.205537e-05|1.119168e-11|9.222053e-10|
| 441 |True   |  381  |9.831798e-06|1.178916e-05|3.662038e-12|1.603733e-10|
| 443 |True   |  337  |9.662516e-06|1.043170e-05|6.882117e-11|2.877234e-05|
| 440 |True   |  350  |9.759086e-06|1.052829e-05|6.127636e-11|2.497387e-05|
| 438 |True   |  365  |9.905804e-06|1.089336e-05|7.672735e-12|4.022506e-10|
| 446 |True   |  354  |9.753734e-06|1.216037e-05|8.181029e-12|4.187963e-10|
| 444 |True   |  365  |9.909044e-06|1.107289e-05|5.013435e-12|1.246109e-09|
| 448 |True   |  337  |9.703112e-06|1.052944e-05|4.993192e-11|2.038177e-05|
| 449 |True   |  337  |9.902902e-06|1.068628e-05|6.258263e-11|2.493970e-05|
| 445 |True   |  356  |9.682878e-06|1.146329e-05|5.837556e-12|2.043175e-10|
| 447 |True   |  364  |9.662302e-06|1.094008e-05|4.601226e-12|3.648487e-10|
| 451 |True   |  358  |9.781345e-06|1.252207e-05|3.120462e-12|3.433271e-10|
| 452 |True   |  333  |9.851283e-06|1.132969e-05|8.054338e-11|3.126115e-05|
| 454 |True   |  335  |9.753821e-06|1.052300e-05|7.066536e-11|2.875674e-05|
| 450 |True   |  346  |9.730812e-06|1.050002e-05|4.941114e-11|2.037407e-05|
| 456 |True   |  352  |9.776918e-06|1.217273e-05|1.725446e-11|5.656370e-10|
| 457 |True   |  346  |9.787699e-06|1.136983e-05|1.117603e-10|1.714471e-05|
| 459 |True   |  368  |9.827111e-06|1.081547e-05|6.324388e-12|6.933402e-10|
| 460 |True   |  334  |9.616708e-06|1.102977e-05|6.769619e-11|2.874891e-05|
| 453 |True   |  358  |9.998593e-06|1.318208e-05|6.148015e-12|5.052391e-10|
| 462 |True   |  353  |9.779009e-06|1.196371e-05|8.557006e-10|2.028135e-05|
| 455 |True   |  374  |9.632190e-06|1.070495e-05|4.809516e-12|5.059163e-10|
| 458 |True   |  360  |9.677469e-06|1.081361e-05|1.167193e-11|6.364640e-09|
| 463 |True   |  348  |9.865110e-06|1.063432e-05|4.428995e-11|1.442093e-05|
| 464 |True   |  333  |9.910812e-06|1.111727e-05|7.245794e-11|2.859301e-05|
| 465 |True   |  356  |9.790026e-06|1.085153e-05|8.222328e-12|3.591873e-10|
| 466 |True   |  339  |9.683019e-06|1.045220e-05|6.922670e-11|2.881053e-05|
| 469 |True   |  336  |9.982101e-06|1.075131e-05|5.582158e-11|2.033676e-05|
| 461 |True   | 1118  |9.853308e-06|1.179329e-05|5.801641e-10|1.442060e-05|
| 472 |True   |  337  |9.741238e-06|1.051042e-05|7.095272e-11|2.879023e-05|
| 467 |True   |  340  |9.757806e-06|1.147098e-05|1.359627e-10|3.432818e-05|
| 473 |True   |  342  |9.827809e-06|1.059698e-05|7.232871e-11|2.881489e-05|
| 474 |True   |  356  |9.814450e-06|1.190758e-05|3.493851e-12|8.811930e-10|
| 468 |True   |  355  |9.967840e-06|1.114529e-05|6.445517e-10|2.039863e-05|
| 475 |True   |  343  |9.981096e-06|1.075025e-05|9.533101e-11|3.525612e-05|
| 470 |True   |  343  |9.581615e-06|1.035082e-05|5.416499e-11|2.151678e-05|
| 471 |True   |  333  |9.937098e-06|1.172431e-05|6.249995e-11|2.497848e-05|
| 476 |True   |  372  |9.494358e-06|1.132405e-05|4.712642e-12|9.174494e-10|
| 477 |True   |  360  |9.601740e-06|1.084430e-05|5.281358e-12|1.793727e-10|
| 480 |True   |  346  |9.980200e-06|1.074938e-05|6.451783e-11|2.496353e-05|
| 481 |True   |  358  |9.920344e-06|1.088622e-05|4.714336e-12|9.496917e-10|
| 478 |True   |  342  |9.984620e-06|1.075382e-05|5.399675e-11|2.039186e-05|
| 479 |True   |  343  |9.640346e-06|1.040955e-05|6.139712e-11|2.546688e-05|
| 483 |True   |  334  |9.898697e-06|1.066790e-05|8.229696e-11|3.185619e-05|
| 482 |True   |  340  |9.665132e-06|1.043433e-05|6.887854e-11|2.881532e-05|
| 485 |True   |  334  |9.984471e-06|1.091582e-05|6.359029e-11|2.496511e-05|
| 486 |True   |  338  |9.754095e-06|1.052329e-05|5.985961e-11|2.489640e-05|
| 489 |True   |  338  |9.786997e-06|1.055618e-05|6.103386e-11|2.496895e-05|
| 487 |True   |  345  |9.790577e-06|1.055975e-05|7.114358e-11|2.880741e-05|
| 491 |True   |  334  |9.743357e-06|1.067908e-05|7.014411e-11|2.875124e-05|
| 490 |True   |  361  |9.806769e-06|1.130299e-05|3.959759e-12|2.762492e-10|
| 488 |True   |  341  |9.850371e-06|1.061957e-05|5.246620e-11|2.039742e-05|
| 492 |True   |  344  |9.759325e-06|1.052853e-05|5.092044e-11|2.034264e-05|
| 493 |True   |  368  |9.973105e-06|1.091172e-05|4.517231e-12|2.092055e-10|
| 494 |True   |  346  |9.969896e-06|1.073908e-05|6.420267e-11|2.495955e-05|
| 496 |True   |  358  |9.904026e-06|1.126731e-05|4.967444e-12|3.771429e-10|
| 498 |True   |  335  |9.569833e-06|1.035883e-05|7.757073e-11|3.214667e-05|
| 497 |True   |  357  |9.461253e-06|1.064304e-05|1.243271e-11|2.991103e-10|
| 484 |True   |  975  |9.868885e-06|1.063808e-05|6.224041e-11|2.492997e-05|
| 495 |True   |  345  |9.912371e-06|1.068156e-05|7.540936e-11|2.875946e-05|
| 500 |True   |  356  |9.775775e-06|1.102686e-05|6.464652e-12|4.153689e-10|
| 501 |True   |  331  |9.909439e-06|1.232684e-05|6.229529e-11|2.484091e-05|
| 504 |True   |  335  |9.721523e-06|1.068656e-05|5.983472e-11|2.496178e-05|
| 499 |True   |  684  |9.728538e-06|1.137289e-05|2.845679e-12|3.849426e-10|
| 507 |True   |  342  |9.598344e-06|1.036753e-05|6.781781e-11|2.877593e-05|
| 503 |True   |  594  |9.771319e-06|1.114860e-05|2.362575e-12|3.703704e-10|
| 505 |True   |  339  |9.836962e-06|1.060615e-05|6.161103e-11|2.496646e-05|
| 506 |True   |  343  |9.982880e-06|1.285090e-05|1.768509e-10|2.647241e-05|
| 510 |True   |  354  |9.541654e-06|1.187695e-05|7.906165e-12|6.942731e-10|
| 509 |True   |  343  |9.903524e-06|1.067272e-05|7.227519e-11|2.866788e-05|
| 511 |True   |  379  |9.775117e-06|1.145375e-05|8.772203e-10|2.496066e-05|
| 508 |True   |  383  |9.733192e-06|1.086238e-05|4.843681e-12|6.849704e-10|
| 512 |True   |  358  |9.958791e-06|1.196257e-05|2.987328e-12|1.764429e-10|
| 514 |True   |  354  |9.767883e-06|1.154045e-05|2.652169e-12|1.136832e-09|
| 502 |True   | 1423  |9.694820e-06|1.046402e-05|4.902515e-11|2.037341e-05|
| 516 |True   |  336  |9.556012e-06|1.051171e-05|6.400043e-11|2.693270e-05|
| 515 |True   |  334  |9.620466e-06|1.038965e-05|6.957276e-11|2.885054e-05|
| 513 |True   |  373  |9.999346e-06|1.129752e-05|6.076368e-12|6.672131e-10|
| 517 |True   |  352  |9.857936e-06|1.275287e-05|5.522404e-12|5.673721e-10|
| 518 |True   |  370  |9.598956e-06|1.053665e-05|4.332925e-12|6.002498e-10|
| 519 |True   |  367  |9.745902e-06|1.165963e-05|6.358361e-12|1.121179e-09|
| 521 |True   |  494  |9.775833e-06|1.091448e-05|4.716945e-12|2.956045e-09|
| 524 |True   |  335  |9.950930e-06|1.072015e-05|6.278586e-11|2.485595e-05|
| 523 |True   |  383  |9.632463e-06|1.075410e-05|8.234649e-12|2.441278e-10|
| 520 |True   |  363  |9.622113e-06|1.099599e-05|2.768893e-12|2.786904e-10|
| 522 |True   |  360  |9.985593e-06|1.158398e-05|2.477236e-12|1.419782e-09|
| 525 |True   |  360  |9.928233e-06|1.073873e-05|6.293932e-10|2.026878e-05|
| 526 |True   |  365  |9.917464e-06|1.108164e-05|6.743147e-12|3.536186e-10|
| 529 |True   |  350  |9.980466e-06|1.348947e-05|1.063228e-11|1.123389e-09|
| 528 |True   |  352  |9.779967e-06|1.055801e-05|1.930254e-10|2.502483e-05|
| 530 |True   |  343  |9.626126e-06|1.199585e-05|1.137214e-10|2.039032e-05|
| 531 |True   |  337  |9.666946e-06|1.043617e-05|5.818720e-11|2.497537e-05|
| 527 |True   |  344  |9.970584e-06|1.073976e-05|7.402470e-11|2.881264e-05|
| 535 |True   |  335  |9.947367e-06|1.078649e-05|7.333250e-11|2.873092e-05|
| 536 |True   |  331  |9.884388e-06|1.131240e-05|9.624991e-11|3.477974e-05|
| 537 |True   |  338  |9.671383e-06|1.044057e-05|8.015603e-11|3.193829e-05|
| 532 |True   |  337  |9.778680e-06|1.129299e-05|6.077842e-11|2.496835e-05|
| 538 |True   |  351  |9.903930e-06|1.068835e-05|3.579474e-10|2.512448e-05|
| 533 |True   |  343  |9.625746e-06|1.039493e-05|6.913591e-11|2.881966e-05|
| 539 |True   |  342  |9.626086e-06|1.039528e-05|5.839148e-11|2.495735e-05|
| 534 |True   |  362  |9.617378e-06|1.052762e-05|6.118216e-12|2.135898e-10|
| 540 |True   |  354  |9.715731e-06|1.183603e-05|6.704829e-10|1.441617e-05|
| 543 |True   |  335  |9.650234e-06|1.041946e-05|6.772915e-11|2.875093e-05|
| 542 |True   |  342  |9.606426e-06|1.037560e-05|7.874426e-11|3.208938e-05|
| 544 |True   |  344  |9.696728e-06|1.046592e-05|5.935239e-11|2.496416e-05|
| 546 |True   |  340  |9.649131e-06|1.041831e-05|6.908654e-11|2.880510e-05|
| 548 |True   |  336  |9.943254e-06|1.071245e-05|6.292863e-11|2.491388e-05|
| 541 |True   |  360  |9.769005e-06|1.213328e-05|5.344949e-12|1.282533e-09|
| 550 |True   |  345  |9.713052e-06|1.048225e-05|6.050847e-11|2.495172e-05|
| 552 |True   |  354  |9.553951e-06|1.272695e-05|7.392398e-12|3.419029e-10|
| 551 |True   |  361  |9.967957e-06|1.140337e-05|6.137398e-10|1.442366e-05|
| 545 |True   |  366  |9.853098e-06|1.132018e-05|7.610183e-10|1.433976e-05|
| 547 |True   |  334  |9.763214e-06|1.165729e-05|5.086645e-11|2.039225e-05|
| 553 |True   |  342  |9.785055e-06|1.055430e-05|4.250336e-11|1.442225e-05|
| 549 |True   |  356  |9.976695e-06|1.147377e-05|5.138728e-12|2.460919e-10|
| 554 |True   |  337  |9.765896e-06|1.053521e-05|5.846058e-11|2.508408e-05|
| 555 |True   |  358  |9.679622e-06|1.085897e-05|8.656292e-12|2.494478e-09|
| 557 |True   |  346  |9.823746e-06|1.132388e-05|2.473969e-10|2.864840e-05|
| 558 |True   |  344  |9.654478e-06|1.042366e-05|6.893019e-11|2.880963e-05|
| 559 |True   |  339  |9.799541e-06|1.075844e-05|6.322921e-11|2.520782e-05|
| 562 |True   |  326  |9.798060e-06|1.414829e-05|5.047764e-11|2.030593e-05|
| 556 |True   |  337  |9.910665e-06|1.067985e-05|7.259515e-11|2.873318e-05|
| 560 |True   |  587  |9.747027e-06|1.084493e-05|1.165072e-11|1.375365e-09|
| 565 |True   |  345  |9.873762e-06|1.064294e-05|7.225288e-11|2.881668e-05|
| 566 |True   |  336  |9.870084e-06|1.066302e-05|5.196855e-11|2.038910e-05|
| 567 |True   |  349  |9.636407e-06|1.113289e-05|2.956155e-10|2.494082e-05|
| 568 |True   |  349  |9.866584e-06|1.063580e-05|5.218856e-11|2.039160e-05|
| 561 |True   |  335  |9.808575e-06|1.057778e-05|5.642209e-11|2.151446e-05|
| 569 |True   |  363  |9.861401e-06|1.064671e-05|1.231590e-10|1.442572e-05|
| 563 |True   |  358  |9.986045e-06|1.084169e-05|4.448446e-12|9.437464e-10|
| 564 |True   |  358  |9.693147e-06|1.101166e-05|4.307469e-12|1.570602e-10|
| 571 |True   |  352  |9.872604e-06|1.272675e-05|1.200765e-11|2.831989e-09|
| 572 |True   |  378  |9.768926e-06|1.072994e-05|9.275510e-10|1.441753e-05|
| 573 |True   |  342  |9.919206e-06|1.068841e-05|5.275150e-11|2.036375e-05|
| 574 |True   |  343  |9.787699e-06|1.055690e-05|5.102678e-11|2.037782e-05|
| 575 |True   |  359  |9.988144e-06|1.077011e-05|1.899888e-10|2.039108e-05|
| 570 |True   |  471  |9.778552e-06|1.109503e-05|5.362762e-12|3.545099e-10|
| 577 |True   |  338  |9.769260e-06|1.053858e-05|6.763243e-11|2.868412e-05|
| 576 |True   |  349  |9.830290e-06|1.144261e-05|1.867721e-10|1.442253e-05|
| 578 |True   |  372  |9.797877e-06|1.123919e-05|1.131019e-11|7.602904e-10|
| 581 |True   |  333  |9.713181e-06|1.132302e-05|6.224939e-11|2.537007e-05|
| 582 |True   |  356  |9.816927e-06|1.128361e-05|7.424497e-12|3.367913e-10|
| 584 |True   |  334  |9.784613e-06|1.103541e-05|6.179512e-11|2.496213e-05|
| 583 |True   |  333  |9.895854e-06|1.144823e-05|7.325307e-11|2.875129e-05|
| 579 |True   |  365  |9.964642e-06|1.102364e-05|3.589178e-12|5.798319e-09|
| 580 |True   |  357  |9.892506e-06|1.149621e-05|1.522578e-11|1.862471e-09|
| 586 |True   |  373  |9.750381e-06|1.091210e-05|4.289049e-12|1.630510e-10|
| 585 |True   |  338  |9.712198e-06|1.048137e-05|9.083529e-11|3.493671e-05|
| 588 |True   |  362  |9.975743e-06|1.113506e-05|3.016086e-12|4.511412e-10|
| 589 |True   |  331  |9.972113e-06|1.250766e-05|7.437580e-11|2.881390e-05|
| 590 |True   |  345  |9.703149e-06|1.047233e-05|6.955489e-11|2.882381e-05|
| 592 |True   |  341  |9.672763e-06|1.044197e-05|5.003444e-11|2.044295e-05|
| 591 |True   |  382  |9.327144e-06|1.086716e-05|1.781192e-11|1.220255e-08|
| 587 |True   |  358  |9.849818e-06|1.119803e-05|1.065918e-11|2.929980e-09|
| 595 |True   |  375  |9.768593e-06|1.104024e-05|1.059379e-11|8.942039e-10|
| 593 |True   |  340  |9.613663e-06|1.038294e-05|6.617598e-11|2.891741e-05|
| 594 |True   |  342  |9.824321e-06|1.059352e-05|5.122206e-11|2.039460e-05|
| 597 |True   |  342  |9.880303e-06|1.064949e-05|6.199944e-11|2.493886e-05|
| 598 |True   |  337  |9.804177e-06|1.058819e-05|5.166948e-11|2.039333e-05|
| 600 |True   |  341  |9.784627e-06|1.055380e-05|8.131436e-11|3.220833e-05|
| 599 |True   |  380  |9.763232e-06|1.099227e-05|3.568055e-12|6.679637e-10|
| 601 |True   |  360  |9.760388e-06|1.076067e-05|2.301140e-10|2.115295e-04|
| 596 |True   |  337  |9.781528e-06|1.055079e-05|4.995914e-11|2.039029e-05|
| 605 |True   |  336  |9.692924e-06|1.046215e-05|4.914097e-11|2.024116e-05|
| 606 |True   |  339  |9.909414e-06|1.067860e-05|8.479380e-11|3.216970e-05|
| 607 |True   |  358  |9.772931e-06|1.084799e-05|5.600837e-12|5.084817e-10|
| 608 |True   |  348  |9.833996e-06|1.060423e-05|4.906593e-11|3.455356e-05|
| 609 |True   |  336  |9.546905e-06|1.031611e-05|6.359389e-11|2.678153e-05|
| 602 |True   |  343  |9.650543e-06|1.041976e-05|5.797191e-11|2.469440e-05|
| 603 |True   |  354  |9.803743e-06|1.136368e-05|1.139479e-11|7.482477e-10|
| 610 |True   |  354  |9.557847e-06|1.099780e-05|9.447344e-10|2.881757e-05|
| 604 |True   |  359  |9.785786e-06|1.094612e-05|9.361252e-10|1.435479e-05|
| 612 |True   |  343  |9.719467e-06|1.048865e-05|6.977142e-11|2.879204e-05|
| 614 |True   |  358  |9.798571e-06|1.073651e-05|1.159770e-11|9.527773e-10|
| 615 |True   |  358  |9.868511e-06|1.121485e-05|4.318847e-12|4.139390e-09|
| 616 |True   |  335  |9.714152e-06|1.053547e-05|6.964418e-11|2.877650e-05|
| 619 |True   |  363  |9.996776e-06|1.111081e-05|5.103297e-12|3.194446e-10|
| 620 |True   |  357  |9.816035e-06|1.112428e-05|1.070053e-11|3.928630e-10|
| 611 |True   |  355  |9.764393e-06|1.054778e-05|2.470182e-10|2.043487e-05|
| 613 |True   |  340  |9.914390e-06|1.068356e-05|7.661109e-11|2.919890e-05|
| 621 |True   |  332  |9.875026e-06|1.204833e-05|7.262313e-11|2.881720e-05|
| 622 |True   |  336  |9.686722e-06|1.106296e-05|5.031669e-11|2.052968e-05|
| 618 |True   |  353  |9.870275e-06|1.063947e-05|6.325066e-11|2.496125e-05|
| 623 |True   |  356  |9.831782e-06|1.195407e-05|6.765396e-12|5.301344e-10|
| 617 |True   |  388  |9.549448e-06|1.092611e-05|4.267264e-12|4.812618e-10|
| 624 |True   |  353  |9.883080e-06|1.067277e-05|4.293110e-10|2.176678e-05|
| 625 |True   |  356  |9.768853e-06|1.246578e-05|5.492814e-12|1.084273e-09|
| 626 |True   |  349  |9.818095e-06|1.058729e-05|6.195041e-11|2.494164e-05|
| 629 |True   |  334  |9.898822e-06|1.089208e-05|7.072274e-11|2.716319e-05|
| 628 |True   |  360  |9.410980e-06|1.067468e-05|7.430577e-12|4.139550e-10|
| 630 |True   |  339  |9.632450e-06|1.040172e-05|7.722922e-11|3.126254e-05|
| 627 |True   |  365  |9.626075e-06|1.059222e-05|4.676847e-12|2.333332e-10|
| 631 |True   |  372  |9.606881e-06|1.050941e-05|8.027501e-12|9.686872e-10|
| 634 |True   |  335  |9.666262e-06|1.079565e-05|6.875658e-11|2.877579e-05|
| 636 |True   |  338  |9.919200e-06|1.092222e-05|6.303221e-11|2.496057e-05|
| 635 |True   |  355  |9.698079e-06|1.201132e-05|1.566669e-11|8.204488e-10|
| 632 |True   |  358  |9.660719e-06|1.170501e-05|6.939388e-10|1.429289e-05|
| 637 |True   |  332  |9.989911e-06|1.155302e-05|6.525910e-11|2.495781e-05|
| 633 |True   |  344  |9.881113e-06|1.065029e-05|7.253568e-11|2.876639e-05|
| 638 |True   |  345  |9.943946e-06|1.071313e-05|5.944891e-11|2.225588e-05|
| 639 |True   |  342  |9.679271e-06|1.044847e-05|5.866473e-11|2.496117e-05|
| 641 |True   |  358  |9.578108e-06|1.058873e-05|5.368486e-12|2.793254e-09|
| 643 |True   |  335  |9.758990e-06|1.060284e-05|5.074792e-11|2.038615e-05|
| 642 |True   |  368  |9.758797e-06|1.146805e-05|3.232358e-12|2.261005e-10|
| 640 |True   |  356  |9.630119e-06|1.177821e-05|1.194797e-11|1.744065e-09|
| 649 |True   |  344  |9.931456e-06|1.070066e-05|7.326452e-11|2.869516e-05|
| 644 |True   |  338  |9.969099e-06|1.073828e-05|7.433894e-11|2.879726e-05|
| 648 |True   |  356  |9.753812e-06|1.141307e-05|4.887054e-10|2.037157e-05|
| 650 |True   |  336  |9.713168e-06|1.048236e-05|7.037640e-11|2.876738e-05|
| 645 |True   |  342  |9.907922e-06|1.067710e-05|7.323657e-11|2.881849e-05|
| 647 |True   |  334  |9.939427e-06|1.129944e-05|5.292695e-11|2.038777e-05|
| 652 |True   |  372  |9.925114e-06|1.132853e-05|3.123836e-12|2.120572e-10|
| 651 |True   |  365  |9.853935e-06|1.080231e-05|7.053601e-12|3.384844e-10|
| 653 |True   |  347  |9.632395e-06|1.040157e-05|7.888073e-11|3.209960e-05|
| 654 |True   |  330  |9.645608e-06|1.184275e-05|7.849382e-11|3.204500e-05|
| 655 |True   |  336  |9.762070e-06|1.053128e-05|5.955187e-11|2.480482e-05|
| 657 |True   |  335  |9.776148e-06|1.087888e-05|6.015489e-11|2.496225e-05|
| 646 |True   | 1487  |9.739172e-06|1.086590e-05|4.569302e-12|1.946582e-10|
| 661 |True   |  347  |9.648585e-06|1.041779e-05|5.826382e-11|2.493539e-05|
| 656 |True   |  354  |9.944417e-06|1.131552e-05|1.245667e-11|1.444775e-09|
| 662 |True   |  341  |9.757884e-06|1.052709e-05|5.103459e-11|2.038417e-05|
| 663 |True   |  359  |9.553118e-06|1.102749e-05|6.150957e-10|2.878553e-05|
| 659 |True   |  361  |9.960498e-06|1.113127e-05|9.103634e-12|2.735514e-10|
| 665 |True   |  354  |9.915294e-06|1.175041e-05|3.884010e-12|7.959568e-10|
| 660 |True   |  349  |9.556956e-06|1.032613e-05|7.789325e-11|3.221279e-05|
| 666 |True   |  356  |9.939558e-06|1.207102e-05|3.651961e-12|6.522800e-09|
| 667 |True   |  342  |9.720258e-06|1.048944e-05|6.253314e-11|2.525099e-05|
| 669 |True   |  338  |9.815980e-06|1.058518e-05|6.086918e-11|2.488182e-05|
| 670 |True   |  358  |9.769543e-06|1.081276e-05|7.688381e-12|8.335020e-10|
| 672 |True   |  349  |9.984404e-06|1.075396e-05|5.818377e-11|2.331608e-05|
| 658 |True   |  778  |9.991895e-06|1.076112e-05|4.754955e-11|1.447471e-05|
| 668 |True   |  352  |9.905739e-06|1.183501e-05|6.824912e-12|1.101002e-09|
| 674 |True   |  329  |9.755302e-06|1.297731e-05|5.121104e-11|2.035391e-05|
| 675 |True   |  356  |9.843466e-06|1.190395e-05|1.057643e-11|1.546011e-09|
| 671 |True   |  344  |9.957306e-06|1.072649e-05|7.362464e-11|2.880712e-05|
| 676 |True   |  382  |9.645046e-06|1.112857e-05|9.376664e-10|3.122696e-05|
| 673 |True   |  339  |9.790205e-06|1.055941e-05|5.145967e-11|2.037831e-05|
| 677 |True   |  335  |9.964012e-06|1.107102e-05|6.380989e-11|2.491233e-05|
| 678 |True   |  332  |9.654550e-06|1.139229e-05|5.800589e-11|2.495442e-05|
| 664 |True   | 1721  |9.773442e-06|1.215300e-05|4.596311e-10|1.436705e-05|
| 682 |True   |  331  |9.989346e-06|1.233334e-05|7.457208e-11|2.882518e-05|
| 684 |True   |  333  |9.756100e-06|1.071036e-05|8.225919e-11|3.213870e-05|
| 681 |True   |  589  |9.930708e-06|1.080982e-05|5.251008e-12|9.363362e-10|
| 679 |True   |  334  |9.841549e-06|1.100655e-05|7.155784e-11|2.877197e-05|
| 680 |True   |  352  |9.788097e-06|1.063743e-05|4.122191e-10|2.517612e-05|
| 687 |True   |  372  |9.630384e-06|1.069373e-05|5.424977e-12|1.985518e-10|
| 688 |True   |  337  |9.766929e-06|1.053612e-05|5.292810e-11|2.074277e-05|
| 689 |True   |  335  |9.820057e-06|1.058926e-05|6.103749e-11|2.413294e-05|
| 683 |True   |  333  |9.855628e-06|1.149069e-05|5.270414e-11|2.039457e-05|
| 685 |True   |  344  |9.743553e-06|1.051275e-05|7.005665e-11|2.880551e-05|
| 686 |True   |  771  |9.854300e-06|1.062350e-05|5.265987e-11|2.037775e-05|
| 690 |True   |  336  |9.858318e-06|1.062752e-05|6.189368e-11|2.490422e-05|
| 691 |True   |  358  |9.844207e-06|1.476067e-05|1.445270e-11|1.593879e-09|
| 694 |True   |  335  |9.702930e-06|1.047214e-05|6.194495e-11|2.504841e-05|
| 695 |True   |  382  |9.962864e-06|1.081913e-05|4.341922e-12|3.194564e-09|
| 696 |True   |  362  |9.814971e-06|1.185967e-05|2.389958e-12|1.150761e-10|
| 699 |True   |  334  |9.673266e-06|1.134513e-05|4.332667e-11|1.487458e-05|
| 692 |True   |  352  |9.811137e-06|1.182748e-05|3.226436e-12|2.725631e-09|
| 693 |True   |  340  |9.778837e-06|1.130966e-05|1.361820e-10|3.424043e-05|
| 700 |True   |  341  |9.949513e-06|1.071875e-05|6.272503e-11|2.498543e-05|
| 701 |True   |  354  |9.925436e-06|1.178919e-05|4.901467e-12|3.100535e-09|
| 702 |True   |  385  |9.990917e-06|1.107319e-05|4.954174e-12|2.382606e-10|
| 697 |True   |  366  |9.867818e-06|1.170482e-05|5.514658e-12|6.548169e-10|
| 703 |True   |  345  |9.850040e-06|1.061922e-05|7.207394e-11|2.875858e-05|
| 698 |True   |  336  |9.792697e-06|1.056192e-05|5.214575e-11|2.037811e-05|
| 704 |True   |  333  |9.664011e-06|1.141847e-05|6.879826e-11|2.880785e-05|
| 708 |True   |  337  |9.640568e-06|1.040981e-05|5.744611e-11|2.499859e-05|
| 709 |True   |  330  |9.769987e-06|1.265168e-05|7.449379e-11|2.915275e-05|
| 706 |True   |  358  |9.463491e-06|1.055298e-05|9.772086e-12|4.197382e-09|
| 710 |True   |  333  |9.865695e-06|1.116786e-05|7.199687e-11|2.864330e-05|
| 707 |True   |  330  |9.846523e-06|1.218782e-05|7.244473e-11|2.880971e-05|
| 714 |True   |  346  |9.691501e-06|1.046069e-05|5.917323e-11|2.494988e-05|
| 716 |True   |  340  |9.932959e-06|1.070216e-05|5.459018e-11|2.037972e-05|
| 715 |True   |  366  |9.749886e-06|1.121070e-05|2.257076e-12|1.830202e-10|
| 711 |True   |  334  |9.951870e-06|1.116978e-05|6.412882e-11|2.500860e-05|
| 717 |True   |  343  |9.928623e-06|1.069781e-05|7.719534e-11|2.947052e-05|
| 712 |True   |  356  |9.771729e-06|1.141999e-05|3.278900e-12|3.477133e-10|
| 713 |True   |  361  |9.973546e-06|1.125910e-05|1.081352e-11|8.509423e-10|
| 718 |True   |  346  |9.942725e-06|1.106043e-05|5.737877e-11|2.313607e-05|
| 720 |True   |  351  |9.711126e-06|1.122600e-05|1.753590e-10|2.493857e-05|
| 705 |True   | 1555  |9.766856e-06|1.114201e-05|3.927677e-10|1.441325e-05|
| 719 |True   |  348  |9.752231e-06|1.052141e-05|7.058412e-11|2.880244e-05|
| 721 |True   |  335  |9.727445e-06|1.135835e-05|5.021807e-11|1.959770e-05|
| 722 |True   |  356  |9.828878e-06|1.077097e-05|3.497157e-12|1.503370e-10|
| 726 |True   |  336  |9.969657e-06|1.073886e-05|5.375760e-11|2.038983e-05|
| 724 |True   |  354  |9.877059e-06|1.133180e-05|5.954722e-11|2.022094e-05|
| 727 |True   |  354  |9.387981e-06|1.062865e-05|9.175352e-12|2.373692e-10|
| 723 |True   |  360  |9.643513e-06|1.059118e-05|4.499455e-12|7.425406e-10|
| 725 |True   |  332  |9.822644e-06|1.150465e-05|5.517683e-11|2.084622e-05|
| 729 |True   |  331  |9.759894e-06|1.052915e-05|5.861161e-11|2.447687e-05|
| 731 |True   |  365  |9.725146e-06|1.087010e-05|4.500529e-12|1.899506e-10|
| 728 |True   |  344  |9.790808e-06|1.056000e-05|5.060775e-11|2.039421e-05|
| 732 |True   |  334  |9.913744e-06|1.142583e-05|5.833550e-11|2.137930e-05|
| 733 |True   |  358  |9.657815e-06|1.087537e-05|8.320464e-12|8.214165e-10|
| 734 |True   |  339  |9.983204e-06|1.075240e-05|8.425101e-11|3.166881e-05|
| 735 |True   |  382  |9.896623e-06|1.070669e-05|2.219582e-12|3.179664e-09|
| 730 |True   |  373  |9.761193e-06|1.074558e-05|7.424001e-12|1.007201e-09|
| 738 |True   |  337  |9.630977e-06|1.040018e-05|5.756562e-11|2.488169e-05|
| 739 |True   |  359  |9.708963e-06|1.119527e-05|4.731466e-10|2.879247e-05|
| 740 |True   |  354  |9.765236e-06|1.126871e-05|3.856855e-10|2.040189e-05|
| 742 |True   |  344  |9.877572e-06|1.064677e-05|5.344954e-11|2.037338e-05|
| 736 |True   |  333  |9.914400e-06|1.178794e-05|5.743382e-11|2.083049e-05|
| 741 |True   |  341  |9.882089e-06|1.065126e-05|7.291790e-11|2.880947e-05|
| 737 |True   |  346  |9.698729e-06|1.046793e-05|4.972307e-11|2.039245e-05|
| 744 |True   |  356  |9.478516e-06|1.119777e-05|9.894593e-12|1.661270e-09|
| 745 |True   |  354  |9.621637e-06|1.188553e-05|8.922893e-12|1.564456e-09|
| 743 |True   |  349  |9.972277e-06|1.074148e-05|6.382795e-11|2.486580e-05|
| 746 |True   |  353  |9.982206e-06|1.174145e-05|8.097830e-10|2.034968e-05|
| 747 |True   |  367  |9.772976e-06|1.110196e-05|9.091135e-10|1.433800e-05|
| 748 |True   |  334  |9.768552e-06|1.053774e-05|7.090261e-11|2.881925e-05|
| 753 |True   |  342  |9.779905e-06|1.054907e-05|8.159691e-11|3.218053e-05|
| 749 |True   |  469  |9.760670e-06|1.052987e-05|5.208165e-11|2.039103e-05|
| 754 |True   |  358  |9.645854e-06|1.073592e-05|5.979424e-12|2.149410e-10|
| 756 |True   |  360  |9.676970e-06|1.047735e-05|9.334176e-10|2.885027e-05|
| 757 |True   |  358  |9.563170e-06|1.163483e-05|3.593737e-12|1.379975e-09|
| 750 |True   |  358  |9.541883e-06|1.086949e-05|3.983539e-12|1.650862e-10|
| 751 |True   |  346  |9.762007e-06|1.053127e-05|5.069534e-11|2.041332e-05|
| 752 |True   |  343  |9.680276e-06|1.044947e-05|5.883710e-11|2.495483e-05|
| 758 |True   |  362  |9.746607e-06|1.153173e-05|3.459623e-12|6.088600e-10|
| 760 |True   |  337  |9.932211e-06|1.070141e-05|5.322654e-11|2.038774e-05|
| 759 |True   |  356  |9.925422e-06|1.112463e-05|7.869689e-12|3.415884e-10|
| 755 |True   |  355  |9.969812e-06|1.139483e-05|7.621957e-10|2.486178e-05|
| 761 |True   |  352  |9.832939e-06|1.186137e-05|5.249282e-12|3.583481e-10|
| 763 |True   |  365  |9.822917e-06|1.091198e-05|4.873045e-12|1.686988e-10|
| 762 |True   |  554  |9.694634e-06|1.046388e-05|5.923364e-11|2.496706e-05|
| 767 |True   |  369  |9.597082e-06|1.075999e-05|7.146857e-12|4.180654e-10|
| 768 |True   |  326  |9.544299e-06|1.339139e-05|6.608666e-11|2.850167e-05|
| 769 |True   |  345  |9.898172e-06|1.066736e-05|6.269811e-11|2.495698e-05|
| 771 |True   |  345  |9.641424e-06|1.046684e-05|6.871246e-11|2.878906e-05|
| 765 |True   |  335  |9.963909e-06|1.073310e-05|6.493123e-11|2.494176e-05|
| 766 |True   |  341  |9.893287e-06|1.066247e-05|8.306330e-11|3.205779e-05|
| 764 |True   |  359  |9.703966e-06|1.103410e-05|1.210211e-11|3.349387e-10|
| 772 |True   |  348  |9.867456e-06|1.130879e-05|1.036019e-12|1.447047e-10|
| 773 |True   |  340  |9.622553e-06|1.039193e-05|5.517485e-11|2.407840e-05|
| 774 |True   |  333  |9.633006e-06|1.129294e-05|5.801355e-11|2.491134e-05|
| 770 |True   |  377  |9.789682e-06|1.160557e-05|7.121386e-12|7.697039e-10|
| 775 |True   |  339  |9.805802e-06|1.057499e-05|6.114763e-11|2.496020e-05|
| 776 |True   |  358  |9.669250e-06|1.082362e-05|9.217155e-12|7.571906e-10|
| 777 |True   |  367  |9.911303e-06|1.099394e-05|1.027822e-11|9.532188e-10|
| 780 |True   |  356  |9.702356e-06|1.172982e-05|8.860186e-12|4.879914e-10|
| 779 |True   |  356  |9.968382e-06|1.123023e-05|3.190189e-12|1.380094e-10|
| 784 |True   |  335  |9.950069e-06|1.071926e-05|6.616851e-11|2.524830e-05|
| 785 |True   |  354  |9.952098e-06|1.166675e-05|9.845309e-12|3.693425e-10|
| 778 |True   |  335  |9.881186e-06|1.065041e-05|4.450143e-11|1.438991e-05|
| 787 |True   |  332  |9.963040e-06|1.204733e-05|7.418042e-11|2.807260e-05|
| 781 |True   |  344  |9.934549e-06|1.070375e-05|5.437550e-11|2.038083e-05|
| 786 |True   |  463  |9.628573e-06|1.046755e-05|5.748862e-11|2.495010e-05|
| 782 |True   |  355  |9.685113e-06|1.045432e-05|4.976672e-11|2.045258e-05|
| 783 |True   |  398  |9.789636e-06|1.064513e-05|2.738990e-12|1.416348e-09|
| 789 |True   |  342  |9.681483e-06|1.045067e-05|5.917063e-11|2.495168e-05|
| 788 |True   |  343  |9.714429e-06|1.048364e-05|5.372115e-11|2.127829e-05|
| 790 |True   |  367  |9.659752e-06|1.057743e-05|8.460192e-12|1.532600e-09|
| 791 |True   |  341  |9.975411e-06|1.074461e-05|6.629791e-11|2.518747e-05|
| 793 |True   |  362  |9.440989e-06|1.067611e-05|9.155827e-12|1.141550e-09|
| 795 |True   |  338  |9.652742e-06|1.042194e-05|5.907393e-11|2.490110e-05|
| 799 |True   |  339  |9.565097e-06|1.033431e-05|6.687295e-11|2.870025e-05|
| 798 |True   |  361  |9.860855e-06|1.172444e-05|5.421993e-12|2.261475e-09|
| 792 |True   |  383  |9.977700e-06|1.127270e-05|6.407170e-12|1.342998e-08|
| 794 |True   |  342  |9.925010e-06|1.069420e-05|6.719008e-11|2.519561e-05|
| 800 |True   |  360  |9.600095e-06|1.038635e-05|3.835591e-10|2.486277e-05|
| 801 |True   |  352  |9.898241e-06|1.361435e-05|1.205757e-11|6.657461e-10|
| 796 |True   |  354  |9.580985e-06|1.195494e-05|1.439091e-11|3.514671e-10|
| 797 |True   |  336  |9.786576e-06|1.066310e-05|5.415402e-11|2.106058e-05|
| 802 |True   |  338  |9.724320e-06|1.049351e-05|5.955002e-11|2.495462e-05|
| 803 |True   |  353  |9.705491e-06|1.049063e-05|2.392824e-10|2.043188e-05|
| 804 |True   |  330  |9.947537e-06|1.133522e-05|7.845738e-11|2.916668e-05|
| 805 |True   |  334  |9.878115e-06|1.144207e-05|6.193352e-11|2.490541e-05|
| 808 |True   |  334  |9.994941e-06|1.118796e-05|6.393078e-11|2.496016e-05|
| 809 |True   |  356  |9.568206e-06|1.131080e-05|4.781529e-12|2.059414e-10|
| 811 |True   |  358  |9.665663e-06|1.097787e-05|4.111488e-12|2.958211e-10|
| 813 |True   |  336  |9.963980e-06|1.073316e-05|6.396265e-11|2.494149e-05|
| 807 |True   |  333  |9.981539e-06|1.114316e-05|6.383493e-11|2.493408e-05|
| 812 |True   |  334  |9.655808e-06|1.042501e-05|6.352462e-11|2.550298e-05|
| 806 |True   |  335  |9.736768e-06|1.058115e-05|4.991192e-11|2.039500e-05|
| 814 |True   |  341  |9.720708e-06|1.048990e-05|5.914845e-11|2.489004e-05|
| 810 |True   |  358  |9.546969e-06|1.056981e-05|1.284926e-11|6.719855e-10|
| 815 |True   |  352  |9.655461e-06|1.271443e-05|1.188842e-11|2.785795e-10|
| 816 |True   |  348  |9.982283e-06|1.075148e-05|6.552119e-11|2.494309e-05|
| 817 |True   |  360  |9.721988e-06|1.054743e-05|2.954043e-12|2.379963e-09|
| 819 |True   |  366  |9.677550e-06|1.086656e-05|6.249292e-12|2.317422e-10|
| 818 |True   |  348  |9.726690e-06|1.049588e-05|5.944162e-11|2.497075e-05|
| 824 |True   |  372  |9.761792e-06|1.088465e-05|5.573403e-12|1.946377e-09|
| 825 |True   |  363  |9.999855e-06|1.118954e-05|1.103659e-11|2.696042e-10|
| 823 |True   |  371  |9.958102e-06|1.078910e-05|8.876924e-10|2.027442e-05|
| 820 |True   |  333  |9.785701e-06|1.204952e-05|5.041254e-11|2.038737e-05|
| 821 |True   |  363  |9.753255e-06|1.056027e-05|5.611214e-10|2.026761e-05|
| 826 |True   |  343  |9.657143e-06|1.042633e-05|6.880712e-11|2.875398e-05|
| 828 |True   |  335  |9.661872e-06|1.043106e-05|6.862336e-11|2.879367e-05|
| 829 |True   |  445  |9.765351e-06|1.071918e-05|7.829671e-11|3.071038e-05|
| 830 |True   |  344  |9.994729e-06|1.076394e-05|4.692616e-11|1.442414e-05|
| 831 |True   |  361  |9.992503e-06|1.076171e-05|5.598985e-11|2.033172e-05|
| 832 |True   |  342  |9.705302e-06|1.047449e-05|6.562037e-11|2.648741e-05|
| 827 |True   |  336  |9.958074e-06|1.072727e-05|6.361930e-11|2.491674e-05|
| 822 |True   |  656  |9.777276e-06|1.072339e-05|4.229917e-11|1.441721e-05|
| 835 |True   |  337  |9.689652e-06|1.081008e-05|5.854421e-11|2.495350e-05|
| 836 |True   |  336  |9.907424e-06|1.067662e-05|5.485220e-11|2.043256e-05|
| 837 |True   |  337  |9.747128e-06|1.056029e-05|4.973224e-11|2.037960e-05|
| 838 |True   |  367  |9.839224e-06|1.065139e-05|3.157266e-12|3.531730e-09|
| 833 |True   |  333  |9.936553e-06|1.080248e-05|8.486296e-11|3.198082e-05|
| 839 |True   |  339  |9.678428e-06|1.044761e-05|6.935572e-11|2.881434e-05|
| 834 |True   |  369  |9.777031e-06|1.072300e-05|6.048022e-12|3.625845e-10|
| 840 |True   |  356  |9.877589e-06|1.153698e-05|5.243778e-12|3.899335e-10|
| 843 |True   |  334  |9.881633e-06|1.065081e-05|7.247874e-11|2.877916e-05|
| 844 |True   |  362  |9.857470e-06|1.073911e-05|7.259004e-12|2.671874e-09|
| 845 |True   |  341  |9.691393e-06|1.046058e-05|5.900255e-11|2.495385e-05|
| 846 |True   |  340  |9.891811e-06|1.066098e-05|7.467156e-11|2.895164e-05|
| 841 |True   |  357  |9.998680e-06|1.152113e-05|5.199811e-12|3.272378e-10|
| 848 |True   |  335  |9.663928e-06|1.111438e-05|5.832519e-11|2.496017e-05|
| 842 |True   |  341  |9.848908e-06|1.061809e-05|7.174761e-11|2.882584e-05|
| 850 |True   |  339  |9.920426e-06|1.068962e-05|6.246887e-11|2.489929e-05|
| 851 |True   |  401  |9.726248e-06|1.061340e-05|5.409731e-12|1.726644e-09|
| 847 |True   |  341  |9.839008e-06|1.060819e-05|7.238719e-11|2.879511e-05|
| 853 |True   |  335  |9.973409e-06|1.131385e-05|4.645370e-11|1.442405e-05|
| 852 |True   |  343  |9.679932e-06|1.044913e-05|5.874980e-11|2.493055e-05|
| 849 |True   |  347  |9.763305e-06|1.053250e-05|6.001008e-11|2.495391e-05|
| 854 |True   |  343  |9.998886e-06|1.076808e-05|5.641960e-11|2.039253e-05|
| 856 |True   |  342  |9.975943e-06|1.074514e-05|6.375638e-11|2.487288e-05|
| 858 |True   |  353  |9.554703e-06|1.179941e-05|3.659666e-10|2.488146e-05|
| 857 |True   |  344  |9.839778e-06|1.060899e-05|5.147476e-11|2.036910e-05|
| 859 |True   |  339  |9.950500e-06|1.071969e-05|6.368581e-11|2.496719e-05|
| 855 |True   |  340  |9.917317e-06|1.068653e-05|5.260007e-11|2.035296e-05|
| 861 |True   |  341  |9.869271e-06|1.063846e-05|6.223233e-11|2.495788e-05|
| 865 |True   |  333  |9.587146e-06|1.069120e-05|7.841867e-11|3.213272e-05|
| 866 |True   |  350  |9.837987e-06|1.060719e-05|5.682194e-11|2.159358e-05|
| 867 |True   |  341  |9.826688e-06|1.059589e-05|7.113145e-11|2.860774e-05|
| 864 |True   |  553  |9.996053e-06|1.141054e-05|5.415503e-11|2.037162e-05|
| 868 |True   |  345  |9.792333e-06|1.056152e-05|7.085170e-11|2.871334e-05|
| 860 |True   |  370  |9.799288e-06|1.153083e-05|4.518764e-12|5.445110e-10|
| 863 |True   |  324  |9.799100e-06|1.529213e-05|7.124454e-11|2.857448e-05|
| 862 |True   |  362  |9.953097e-06|1.126807e-05|3.963442e-12|2.201960e-10|
| 870 |True   |  341  |9.642159e-06|1.041135e-05|5.822858e-11|2.496396e-05|
| 872 |True   |  336  |9.725357e-06|1.065597e-05|5.068332e-11|2.035634e-05|
| 875 |True   |  344  |9.959804e-06|1.072900e-05|5.378238e-11|2.036816e-05|
| 869 |True   |  338  |9.602783e-06|1.037196e-05|6.800442e-11|2.877700e-05|
| 873 |True   |  354  |9.710219e-06|1.212831e-05|5.501597e-12|4.944343e-10|
| 874 |True   |  342  |9.803386e-06|1.057256e-05|7.233174e-11|2.882028e-05|
| 877 |True   |  336  |9.790091e-06|1.055929e-05|5.089501e-11|2.039496e-05|
| 878 |True   |  333  |9.935361e-06|1.117266e-05|6.344256e-11|2.496706e-05|
| 876 |True   |  335  |9.508333e-06|1.040542e-05|6.831261e-11|2.892058e-05|
| 871 |True   |  363  |9.722328e-06|1.090683e-05|4.267750e-12|2.365839e-10|
| 879 |True   |  360  |9.645856e-06|1.102422e-05|2.626582e-12|1.602859e-10|
| 880 |True   |  360  |9.819630e-06|1.064959e-05|8.689065e-10|2.043794e-05|
| 883 |True   |  360  |9.901403e-06|1.158577e-05|2.392421e-12|1.726340e-10|
| 884 |True   |  342  |9.936965e-06|1.070616e-05|6.289921e-11|2.495670e-05|
| 885 |True   |  354  |9.798217e-06|1.237767e-05|5.883426e-12|6.485228e-10|
| 887 |True   |  331  |9.775755e-06|1.206300e-05|6.096642e-11|2.495079e-05|
| 881 |True   |  339  |9.715485e-06|1.048467e-05|5.948489e-11|2.495547e-05|
| 882 |True   |  333  |9.685749e-06|1.108674e-05|5.359699e-11|2.163287e-05|
| 889 |True   |  358  |9.771353e-06|1.081156e-05|4.506335e-12|6.043676e-10|
| 890 |True   |  344  |9.714109e-06|1.048331e-05|4.944795e-11|2.038578e-05|
| 891 |True   |  341  |9.856032e-06|1.062519e-05|8.481232e-11|3.234764e-05|
| 888 |True   |  350  |9.923706e-06|1.309198e-05|5.389355e-12|1.586373e-09|
| 892 |True   |  342  |9.846029e-06|1.061523e-05|5.158397e-11|2.039363e-05|
| 893 |True   |  373  |9.796597e-06|1.071736e-05|6.469701e-12|3.052215e-10|
| 894 |True   |  380  |9.932061e-06|1.070125e-05|6.365682e-11|2.493786e-05|
| 886 |True   |  573  |9.838898e-06|1.077225e-05|6.753624e-12|4.826734e-10|
| 897 |True   |  328  |9.703176e-06|1.333510e-05|1.068223e-10|3.861779e-05|
| 899 |True   |  343  |9.792201e-06|1.056139e-05|6.128253e-11|2.495358e-05|
| 900 |True   |  358  |9.456579e-06|1.075305e-05|5.721451e-12|1.364540e-09|
| 895 |True   |  347  |9.885600e-06|1.065482e-05|5.300400e-11|2.032395e-05|
| 902 |True   |  359  |9.794320e-06|1.126047e-05|2.564022e-12|8.798602e-10|
| 896 |True   |  356  |9.885311e-06|1.121420e-05|6.489758e-12|3.191055e-10|
| 903 |True   |  350  |9.768337e-06|1.312291e-05|5.859055e-12|2.211181e-10|
| 898 |True   |  344  |9.946836e-06|1.071600e-05|8.492143e-11|3.208936e-05|
| 905 |True   |  352  |9.585030e-06|1.229330e-05|8.124181e-12|3.516208e-10|
| 904 |True   |  358  |9.710436e-06|1.187191e-05|1.109874e-11|8.831443e-10|
| 901 |True   |  358  |9.700125e-06|1.069806e-05|7.504286e-12|1.045953e-09|
| 906 |True   |  335  |9.892747e-06|1.066203e-05|6.145637e-11|2.501830e-05|
| 909 |True   |  381  |9.698389e-06|1.068772e-05|4.049339e-12|1.364038e-09|
| 907 |True   |  561  |9.997692e-06|1.076691e-05|7.445248e-11|2.840520e-05|
| 911 |True   |  367  |9.753482e-06|1.095777e-05|6.392716e-12|5.565417e-10|
| 914 |True   |  351  |9.566678e-06|1.137630e-05|7.084712e-10|2.584229e-05|
| 913 |True   |  459  |9.857296e-06|1.062651e-05|4.406421e-11|1.441100e-05|
| 916 |True   |  336  |9.929103e-06|1.090935e-05|5.380885e-11|2.037873e-05|
| 908 |True   |  354  |9.739972e-06|1.261867e-05|1.210766e-11|8.387485e-10|
| 910 |True   |  334  |9.864455e-06|1.146793e-05|6.203354e-11|2.496101e-05|
| 912 |True   |  356  |9.669730e-06|1.173142e-05|6.698157e-12|2.627645e-10|
| 917 |True   |  356  |9.498686e-06|1.205180e-05|2.708394e-12|7.390295e-10|
| 918 |True   |  344  |9.842701e-06|1.061191e-05|4.437951e-11|1.445634e-05|
| 915 |True   |  333  |9.528153e-06|1.072807e-05|6.725296e-11|2.877590e-05|
| 919 |True   |  386  |9.769022e-06|1.053826e-05|5.939971e-11|2.492399e-05|
| 920 |True   |  339  |9.650807e-06|1.042000e-05|5.843224e-11|2.495559e-05|
| 921 |True   |  383  |9.513330e-06|1.088385e-05|4.689286e-12|1.253699e-08|
| 922 |True   |  341  |9.799829e-06|1.056901e-05|7.126719e-11|2.880846e-05|
| 926 |True   |  354  |9.883607e-06|1.140677e-05|1.402292e-12|3.454750e-09|
| 927 |True   |  365  |9.721504e-06|1.069142e-05|1.244265e-11|4.226719e-10|
| 929 |True   |  350  |9.916719e-06|1.468687e-05|9.684560e-12|1.218715e-09|
| 923 |True   |  361  |9.979483e-06|1.115837e-05|8.897078e-12|4.434246e-10|
| 924 |True   |  337  |9.814210e-06|1.058341e-05|6.078874e-11|2.496058e-05|
| 925 |True   |  338  |9.724069e-06|1.049335e-05|5.890440e-11|2.451919e-05|
| 930 |True   |  344  |9.949692e-06|1.071886e-05|8.490266e-11|3.212809e-05|
| 932 |True   |  363  |9.599608e-06|1.092918e-05|5.462951e-10|1.496908e-05|
| 928 |True   |  332  |9.994594e-06|1.076382e-05|6.626363e-11|2.466202e-05|
| 935 |True   |  337  |9.898752e-06|1.066797e-05|5.311713e-11|2.038286e-05|
| 934 |True   |  398  |9.743174e-06|1.073577e-05|9.158880e-12|3.069345e-08|
| 936 |True   |  336  |9.562118e-06|1.033130e-05|6.720863e-11|2.874646e-05|
| 937 |True   |  360  |9.897568e-06|1.107099e-05|4.102991e-12|2.715201e-09|
| 931 |True   |  979  |9.580286e-06|1.034948e-05|5.778749e-11|2.497105e-05|
| 933 |True   |  356  |9.927932e-06|1.173607e-05|8.152014e-12|4.270940e-10|
| 939 |True   |  338  |9.832880e-06|1.060207e-05|6.154287e-11|2.496519e-05|
| 940 |True   |  549  |9.921685e-06|1.069089e-05|6.228227e-11|2.491862e-05|
| 943 |True   |  354  |9.779790e-06|1.166896e-05|6.151895e-12|1.971861e-10|
| 942 |True   |  346  |9.717519e-06|1.048672e-05|5.017739e-11|2.038449e-05|
| 944 |True   |  334  |9.645975e-06|1.068421e-05|6.852380e-11|2.878694e-05|
| 938 |True   |  368  |9.869365e-06|1.075069e-05|5.386603e-12|4.556832e-10|
| 945 |True   |  338  |9.743466e-06|1.051265e-05|5.997081e-11|2.497203e-05|
| 941 |True   |  336  |9.889822e-06|1.065900e-05|7.275839e-11|2.881499e-05|
| 948 |True   |  358  |9.924466e-06|1.080062e-05|7.054937e-12|8.845901e-10|
| 949 |True   |  341  |9.900097e-06|1.066929e-05|6.245727e-11|2.494370e-05|
| 946 |True   |  342  |9.859447e-06|1.062863e-05|7.284570e-11|2.882234e-05|
| 950 |True   |  359  |9.942135e-06|1.084774e-05|7.884089e-10|1.432101e-05|
| 951 |True   |  335  |9.553487e-06|1.041886e-05|6.711588e-11|2.877154e-05|
| 952 |True   |  359  |9.709606e-06|1.076065e-05|5.943321e-11|2.468961e-05|
| 947 |True   |  342  |9.937378e-06|1.070656e-05|6.473815e-11|2.462026e-05|
| 954 |True   |  358  |9.809413e-06|1.073155e-05|6.416592e-12|1.158901e-09|
| 953 |True   |  330  |9.698458e-06|1.046770e-05|6.849531e-11|2.841170e-05|
| 958 |True   |  343  |9.971455e-06|1.074062e-05|8.480514e-11|3.220980e-05|
| 955 |True   |  343  |9.829545e-06|1.059872e-05|7.195660e-11|2.881313e-05|
| 956 |True   |  360  |9.975290e-06|1.167550e-05|1.136799e-11|3.446738e-09|
| 959 |True   |  356  |9.943740e-06|1.193077e-05|5.588815e-12|1.544969e-09|
| 960 |True   |  340  |9.990568e-06|1.075976e-05|6.370783e-11|2.494202e-05|
| 961 |True   |  355  |9.463122e-06|1.141266e-05|1.357335e-11|1.279490e-09|
| 957 |True   |  368  |9.869952e-06|1.094621e-05|4.950487e-12|2.729732e-10|
| 963 |True   |  340  |9.864181e-06|1.063336e-05|7.236754e-11|2.882038e-05|
| 962 |True   |  337  |9.653952e-06|1.042315e-05|5.806226e-11|2.494526e-05|
| 967 |True   |  340  |9.739254e-06|1.050846e-05|5.013959e-11|2.039069e-05|
| 969 |True   |  335  |9.728607e-06|1.049784e-05|5.929275e-11|2.466535e-05|
| 968 |True   |  331  |9.466780e-06|1.024845e-05|7.525518e-11|3.194797e-05|
| 970 |True   |  361  |9.988938e-06|1.109336e-05|1.250336e-11|1.297636e-09|
| 971 |True   |  363  |9.798326e-06|1.084674e-05|4.990223e-12|1.327634e-10|
| 972 |True   |  362  |9.751939e-06|1.078058e-05|1.039624e-11|4.045613e-10|
| 965 |True   |  334  |9.863380e-06|1.119071e-05|4.424439e-11|1.442214e-05|
| 964 |True   |  336  |9.844337e-06|1.061353e-05|6.338620e-11|2.503996e-05|
| 974 |True   |  365  |9.876940e-06|1.116109e-05|7.962880e-12|1.393405e-08|
| 975 |True   |  358  |9.799514e-06|1.063181e-05|2.588707e-12|1.381323e-08|
| 977 |True   |  362  |9.840795e-06|1.125085e-05|5.331048e-10|1.555486e-05|
| 976 |True   |  375  |9.671865e-06|1.051900e-05|2.524586e-12|9.763885e-10|
| 966 |True   |  557  |9.972455e-06|1.074164e-05|6.345305e-11|2.494262e-05|
| 978 |True   |  364  |9.888547e-06|1.171836e-05|7.919337e-10|1.442576e-05|
| 979 |True   |  334  |9.919561e-06|1.083408e-05|7.345964e-11|2.877220e-05|
| 973 |True   |  358  |9.954460e-06|1.108520e-05|9.037992e-12|6.992393e-10|
| 980 |True   |  330  |9.823491e-06|1.292967e-05|7.186307e-11|2.875166e-05|
| 986 |True   |  326  |9.730134e-06|1.445878e-05|6.173085e-11|2.504531e-05|
| 983 |True   |  335  |9.765399e-06|1.053459e-05|6.072554e-11|2.496546e-05|
| 984 |True   |  329  |9.624308e-06|1.101073e-05|7.647497e-11|3.101328e-05|
| 981 |True   |  358  |9.484497e-06|1.116562e-05|7.101546e-12|1.755689e-09|
| 985 |True   |  377  |9.498311e-06|1.066361e-05|9.472934e-12|1.721286e-09|
| 989 |True   |  334  |9.621456e-06|1.095221e-05|5.778018e-11|2.496437e-05|
| 988 |True   |  348  |9.813661e-06|1.058286e-05|5.214425e-11|2.037858e-05|
| 982 |True   |  341  |9.984221e-06|1.075343e-05|5.407252e-11|2.035077e-05|
| 991 |True   |  348  |9.912850e-06|1.068205e-05|5.294627e-11|2.038116e-05|
| 992 |True   |  339  |9.609620e-06|1.037881e-05|5.839726e-11|2.496994e-05|
| 993 |True   |  345  |9.859153e-06|1.062837e-05|4.410547e-11|1.441318e-05|
| 995 |True   |  356  |9.737323e-06|1.067154e-05|3.460228e-12|1.360710e-09|
| 996 |True   |  335  |9.721051e-06|1.057757e-05|7.036160e-11|2.882029e-05|
| 997 |True   |  349  |9.971363e-06|1.074055e-05|6.402658e-11|2.496545e-05|
| 990 |True   |  358  |9.623270e-06|1.075994e-05|8.689701e-12|4.337985e-10|
| 994 |True   |  349  |9.654623e-06|1.042386e-05|5.752768e-11|2.476616e-05|
| 987 |True   |  690  |9.609641e-06|1.087485e-05|6.665517e-12|1.383097e-10|
| 998 |True   |  352  |9.847498e-06|1.061670e-05|6.177357e-11|2.489573e-05|
| 999 |True   |  337  |9.660784e-06|1.139604e-05|6.050404e-11|2.497244e-05|
