|seed |success|  nit  |  mu_check  |   mu_sum   |   G_norm   | step_norm  |
|  0  |True   |  355  |9.973261e-06|1.087233e-05|6.268886e-11|6.108534e-05|
|  2  |True   |  382  |9.735317e-06|1.011981e-05|1.345952e-10|7.701017e-05|
|  7  |True   |  351  |9.784042e-06|1.051241e-05|6.391379e-11|4.772145e-05|
|  1  |True   |  396  |9.827084e-06|1.021155e-05|1.731935e-10|9.422922e-05|
|  6  |True   |  368  |9.945778e-06|1.046926e-05|8.135298e-11|5.213302e-05|
|  3  |True   |  349  |9.796486e-06|1.053700e-05|5.210943e-11|3.789307e-05|
|  5  |True   |  379  |9.808578e-06|1.019314e-05|6.237364e-11|3.851448e-05|
| 11  |True   |  375  |9.933879e-06|1.031843e-05|9.032335e-11|5.095849e-05|
|  8  |True   |  388  |9.940499e-06|1.032506e-05|6.216684e-11|3.518744e-05|
|  9  |True   |  372  |9.917465e-06|1.056220e-05|9.895089e-11|6.558328e-05|
| 10  |True   |  388  |9.932007e-06|1.035678e-05|6.796168e-11|3.978416e-05|
| 12  |True   |  375  |9.874960e-06|1.025948e-05|1.134057e-10|6.391802e-05|
|  4  |True   |  682  |9.975360e-06|1.069991e-05|3.105650e-11|1.975394e-05|
| 16  |True   |  348  |9.865462e-06|1.115330e-05|3.950810e-11|2.900214e-05|
| 13  |True   |  357  |9.831508e-06|1.041427e-05|6.594443e-11|4.756187e-05|
| 17  |True   |  347  |9.907328e-06|1.103439e-05|7.693590e-11|5.096496e-05|
| 19  |True   |  370  |9.862084e-06|1.070990e-05|8.465546e-11|5.006056e-05|
| 24  |True   |  354  |9.926624e-06|1.054738e-05|8.635855e-11|6.063384e-05|
| 21  |True   |  373  |9.858941e-06|1.024349e-05|7.267550e-11|4.187842e-05|
| 22  |True   |  368  |9.944058e-06|1.060855e-05|1.414934e-10|9.754288e-05|
| 15  |True   |  480  |9.871729e-06|1.028240e-05|8.026222e-11|4.970299e-05|
| 25  |True   |  367  |9.770460e-06|1.015500e-05|9.003215e-11|5.286190e-05|
| 14  |True   |  893  |9.941925e-06|1.041876e-05|3.991874e-11|1.915405e-05|
| 26  |True   |  347  |9.712893e-06|1.029392e-05|1.011465e-10|7.672347e-05|
| 27  |True   |  354  |9.767755e-06|1.083439e-05|8.408823e-11|5.631836e-05|
| 28  |True   |  391  |9.850394e-06|1.023496e-05|6.863570e-11|4.081382e-05|
| 29  |True   |  362  |9.906549e-06|1.029123e-05|7.169708e-11|4.129303e-05|
| 30  |True   |  371  |9.777195e-06|1.030417e-05|9.324340e-11|6.611176e-05|
| 23  |True   | 1022  |9.906435e-06|1.029103e-05|3.273127e-11|1.761404e-05|
| 32  |True   |  357  |9.842741e-06|1.034774e-05|6.789373e-11|4.798809e-05|
| 31  |True   |  357  |9.912246e-06|1.047854e-05|6.771347e-11|4.819650e-05|
| 18  |True   | 1025  |9.893857e-06|1.027846e-05|3.225907e-11|1.757217e-05|
| 33  |True   |  370  |9.914715e-06|1.035582e-05|4.465539e-11|2.792553e-05|
| 20  |True   | 1196  |9.845221e-06|1.040974e-05|7.175573e-10|3.966375e-06|
| 34  |True   |  385  |9.914024e-06|1.029858e-05|6.660522e-11|3.915407e-05|
| 35  |True   |  380  |9.733542e-06|1.020520e-05|1.048489e-10|6.209697e-05|
| 36  |True   |  384  |9.900161e-06|1.073561e-05|8.642525e-11|5.024013e-05|
| 37  |True   |  355  |9.820347e-06|1.048406e-05|1.331311e-10|9.554633e-05|
| 39  |True   |  345  |9.651058e-06|1.048203e-05|6.905195e-11|6.118987e-05|
| 38  |True   |  357  |9.942696e-06|1.067397e-05|5.798937e-11|4.730357e-05|
| 41  |True   |  348  |9.836774e-06|1.072141e-05|1.032052e-10|6.853400e-05|
| 43  |True   |  353  |9.911891e-06|1.062592e-05|6.523196e-11|4.881585e-05|
| 42  |True   |  385  |9.804554e-06|1.018912e-05|6.323590e-11|3.878798e-05|
| 45  |True   |  387  |9.890333e-06|1.027474e-05|2.142951e-10|1.127736e-04|
| 40  |True   |  462  |9.795082e-06|1.033754e-05|5.100177e-11|3.913132e-05|
| 44  |True   |  372  |9.757121e-06|1.031241e-05|7.770587e-11|5.712743e-05|
| 46  |True   |  372  |9.941155e-06|1.064915e-05|7.855854e-11|5.522187e-05|
| 47  |True   |  407  |9.959500e-06|1.034403e-05|9.637181e-11|5.360839e-05|
| 49  |True   |  353  |9.813780e-06|1.019850e-05|1.422718e-10|7.825085e-05|
| 48  |True   |  374  |9.905807e-06|1.049669e-05|7.922381e-11|5.860174e-05|
| 51  |True   |  357  |9.933071e-06|1.054517e-05|6.794944e-11|4.673007e-05|
| 52  |True   |  385  |9.906414e-06|1.029096e-05|8.889667e-11|5.085972e-05|
| 53  |True   |  387  |9.945457e-06|1.033092e-05|2.233295e-10|1.157179e-04|
| 55  |True   |  369  |9.800882e-06|1.057246e-05|4.685242e-11|3.676748e-05|
| 54  |True   |  389  |9.787102e-06|1.017164e-05|8.383115e-11|5.036112e-05|
| 50  |True   |  605  |9.859625e-06|1.024418e-05|6.518689e-11|3.921813e-05|
| 58  |True   |  353  |9.793843e-06|1.032191e-05|4.142906e-11|3.278520e-05|
| 56  |True   |  386  |9.809156e-06|1.019365e-05|1.285796e-10|7.135357e-05|
| 57  |True   |  346  |9.781811e-06|1.066774e-05|7.603402e-11|5.922535e-05|
| 59  |True   |  395  |9.766370e-06|1.018814e-05|9.839341e-11|5.706593e-05|
| 60  |True   |  357  |9.866115e-06|1.042300e-05|6.517503e-11|4.788063e-05|
| 61  |True   |  351  |9.813982e-06|1.050014e-05|8.591048e-11|5.114187e-05|
| 63  |True   |  351  |9.921406e-06|1.068818e-05|1.018267e-10|8.244685e-05|
| 62  |True   |  351  |9.848060e-06|1.085380e-05|6.320557e-11|5.721082e-05|
| 65  |True   |  388  |9.829156e-06|1.021370e-05|8.542984e-11|5.059373e-05|
| 66  |True   |  384  |9.913784e-06|1.029826e-05|1.509745e-10|8.183446e-05|
| 64  |True   |  380  |9.855298e-06|1.023986e-05|8.667895e-11|5.137279e-05|
| 67  |True   |  366  |9.901450e-06|1.064451e-05|9.247346e-11|6.443659e-05|
| 70  |True   |  342  |9.823034e-06|1.151446e-05|5.221141e-11|3.814674e-05|
| 68  |True   |  348  |9.789583e-06|1.039697e-05|7.498402e-11|6.229271e-05|
| 71  |True   |  349  |9.853986e-06|1.050317e-05|5.068662e-11|3.703546e-05|
| 72  |True   |  395  |9.821758e-06|1.020632e-05|6.215377e-11|3.820016e-05|
| 73  |True   |  385  |9.897009e-06|1.031293e-05|1.065784e-10|6.335206e-05|
| 74  |True   |  377  |9.856379e-06|1.077266e-05|1.005447e-10|5.620760e-05|
| 75  |True   |  353  |9.934707e-06|1.049850e-05|9.734340e-11|6.937894e-05|
| 76  |True   |  388  |9.847049e-06|1.023160e-05|7.159552e-11|4.201233e-05|
| 77  |True   |  376  |9.892027e-06|1.027661e-05|5.041635e-11|2.918793e-05|
| 79  |True   |  370  |9.863117e-06|1.024776e-05|6.431157e-11|3.887329e-05|
| 69  |True   |  908  |9.887746e-06|1.027236e-05|3.200694e-11|1.754466e-05|
| 78  |True   |  395  |9.865562e-06|1.025012e-05|6.414108e-11|3.847797e-05|
| 82  |True   |  379  |9.810333e-06|1.019485e-05|1.097451e-10|6.309725e-05|
| 80  |True   |  390  |9.973965e-06|1.035852e-05|7.225986e-11|4.079508e-05|
| 83  |True   |  352  |9.950394e-06|1.046213e-05|1.487995e-10|8.655741e-05|
| 81  |True   |  379  |9.784165e-06|1.032035e-05|8.446566e-11|5.116717e-05|
| 84  |True   |  383  |9.935396e-06|1.031991e-05|1.167763e-10|6.443453e-05|
| 87  |True   |  353  |9.991129e-06|1.064161e-05|1.017699e-10|7.159598e-05|
| 85  |True   |  386  |9.895860e-06|1.028041e-05|7.480648e-11|4.322133e-05|
| 86  |True   |  349  |9.943491e-06|1.069738e-05|8.808212e-11|6.058296e-05|
| 91  |True   |  348  |9.817421e-06|1.091929e-05|4.134926e-11|2.781490e-05|
| 89  |True   |  375  |9.870002e-06|1.025450e-05|1.307240e-10|7.230768e-05|
| 90  |True   |  360  |9.799298e-06|1.031525e-05|8.660339e-11|5.990830e-05|
| 94  |True   |  375  |9.984929e-06|1.117433e-05|9.409131e-11|5.204913e-05|
| 88  |True   |  562  |9.969930e-06|1.202523e-05|8.691409e-11|6.680834e-05|
| 95  |True   |  358  |9.814529e-06|1.051157e-05|6.346914e-11|4.696134e-05|
| 96  |True   |  380  |9.740960e-06|1.012543e-05|1.682248e-10|9.303213e-05|
| 97  |True   |  343  |9.840660e-06|1.083390e-05|6.980611e-11|5.961536e-05|
| 92  |True   |  562  |9.925011e-06|1.091558e-05|6.167494e-11|5.406060e-05|
| 100 |True   |  369  |9.871750e-06|1.025630e-05|8.742072e-11|5.080720e-05|
| 98  |True   |  383  |9.927800e-06|1.031238e-05|4.931002e-11|2.946212e-05|
| 99  |True   |  365  |9.911384e-06|1.039338e-05|1.506036e-10|7.779714e-05|
| 101 |True   |  391  |9.786156e-06|1.017070e-05|8.722588e-11|5.213069e-05|
| 102 |True   |  362  |9.997313e-06|1.047220e-05|6.540561e-11|4.720605e-05|
| 103 |True   |  354  |9.684754e-06|1.027397e-05|9.638232e-11|8.126265e-05|
| 105 |True   |  365  |9.857175e-06|1.107759e-05|3.440173e-11|2.076361e-05|
| 106 |True   |  349  |9.881229e-06|1.122653e-05|1.117692e-10|8.462018e-05|
| 104 |True   |  355  |9.911582e-06|1.037841e-05|1.020604e-10|5.341680e-05|
| 108 |True   |  381  |9.920609e-06|1.030520e-05|4.792944e-11|2.831039e-05|
| 107 |True   |  374  |9.904595e-06|1.054251e-05|8.812268e-11|5.167957e-05|
| 111 |True   |  389  |9.964174e-06|1.034870e-05|1.012909e-10|5.634559e-05|
| 109 |True   |  375  |9.894103e-06|1.027861e-05|1.174391e-10|6.366641e-05|
| 110 |True   |  398  |9.809455e-06|1.019402e-05|6.191670e-11|3.853145e-05|
| 114 |True   |  360  |9.875899e-06|1.118800e-05|5.475121e-11|4.577090e-05|
| 112 |True   |  398  |9.914596e-06|1.029914e-05|8.920126e-11|5.084723e-05|
| 113 |True   |  374  |9.993780e-06|1.038288e-05|1.395332e-10|7.417238e-05|
| 116 |True   |  384  |9.968023e-06|1.035250e-05|1.491369e-10|7.962229e-05|
| 118 |True   |  371  |9.902797e-06|1.057055e-05|6.237650e-11|4.753381e-05|
| 115 |True   |  378  |9.939114e-06|1.032368e-05|6.749428e-11|3.894532e-05|
| 117 |True   |  398  |9.809241e-06|1.019380e-05|6.167884e-11|3.816779e-05|
| 119 |True   |  400  |9.880518e-06|1.026503e-05|1.145853e-10|6.463612e-05|
| 121 |True   |  382  |9.877676e-06|1.026216e-05|1.444147e-10|7.961850e-05|
| 122 |True   |  378  |9.928141e-06|1.031270e-05|6.752193e-11|3.971926e-05|
| 126 |True   |  353  |9.882947e-06|1.056478e-05|2.979641e-11|2.644803e-05|
| 123 |True   |  407  |9.841911e-06|1.022640e-05|1.410415e-10|7.799242e-05|
| 124 |True   |  493  |9.891467e-06|1.027600e-05|9.495234e-11|5.376524e-05|
| 127 |True   |  392  |9.867576e-06|1.025210e-05|1.065715e-10|5.972297e-05|
| 128 |True   |  380  |9.790491e-06|1.018479e-05|8.350575e-11|5.062980e-05|
| 120 |True   |  779  |9.883186e-06|1.041540e-05|4.362592e-11|2.779112e-05|
| 129 |True   |  395  |9.951930e-06|1.033651e-05|4.983400e-11|2.916134e-05|
| 125 |True   |  672  |9.849631e-06|1.126234e-05|5.112905e-11|4.466458e-05|
| 130 |True   |  348  |9.927028e-06|1.068658e-05|1.059563e-10|8.062745e-05|
| 131 |True   |  355  |9.892024e-06|1.036830e-05|5.763719e-11|3.990524e-05|
| 134 |True   |  357  |9.803688e-06|1.080065e-05|7.618607e-11|5.926316e-05|
| 133 |True   |  350  |9.903725e-06|1.036593e-05|4.440485e-11|2.908053e-05|
| 132 |True   |  385  |9.843551e-06|1.022809e-05|8.577265e-11|5.059636e-05|
| 138 |True   |  401  |9.804317e-06|1.018889e-05|8.362957e-11|4.999339e-05|
| 139 |True   |  359  |9.884265e-06|1.064813e-05|5.873784e-11|4.619405e-05|
| 136 |True   |  359  |9.989888e-06|1.037447e-05|7.156726e-11|4.143963e-05|
| 137 |True   |  387  |9.971792e-06|1.035635e-05|7.078969e-11|4.071898e-05|
| 135 |True   |  479  |9.803550e-06|1.038458e-05|1.937527e-10|1.038084e-04|
| 141 |True   |  355  |9.877597e-06|1.038882e-05|4.317273e-11|3.517487e-05|
| 142 |True   |  360  |9.787771e-06|1.036840e-05|8.813398e-11|6.270988e-05|
| 140 |True   |  361  |9.839988e-06|1.022454e-05|8.551450e-11|5.050004e-05|
| 143 |True   |  353  |9.765708e-06|1.043338e-05|3.400334e-11|3.410544e-05|
| 144 |True   |  390  |9.767579e-06|1.015213e-05|7.511823e-11|4.503878e-05|
| 145 |True   |  385  |9.803094e-06|1.021167e-05|8.580114e-11|5.218165e-05|
| 93  |True   | 3187  |9.856384e-06|1.152691e-05|3.416297e-11|3.390537e-05|
| 146 |True   |  383  |9.794393e-06|1.017895e-05|7.188384e-11|4.272897e-05|
| 148 |True   |  358  |9.704766e-06|1.041349e-05|5.987438e-11|4.778187e-05|
| 147 |True   |  385  |9.855301e-06|1.023986e-05|7.358861e-11|4.270951e-05|
| 149 |True   |  350  |9.774109e-06|1.043060e-05|5.801783e-11|4.732360e-05|
| 150 |True   |  348  |9.847499e-06|1.051844e-05|5.358487e-11|4.528099e-05|
| 153 |True   |  356  |9.828540e-06|1.030241e-05|5.735848e-11|3.863718e-05|
| 151 |True   |  379  |9.774351e-06|1.027171e-05|6.485802e-11|4.728350e-05|
| 154 |True   |  379  |9.768458e-06|1.015300e-05|1.025100e-10|5.969415e-05|
| 155 |True   |  370  |9.928085e-06|1.041924e-05|2.013062e-10|1.048817e-04|
| 157 |True   |  385  |9.986532e-06|1.037101e-05|1.500453e-10|7.981741e-05|
| 158 |True   |  351  |9.770838e-06|1.036388e-05|2.749077e-11|3.300776e-05|
| 159 |True   |  378  |9.917723e-06|1.031111e-05|6.805702e-11|4.022217e-05|
| 156 |True   |  382  |9.774010e-06|1.026799e-05|9.258895e-11|5.392988e-05|
| 152 |True   |  811  |9.751901e-06|1.013642e-05|1.105647e-10|6.506263e-05|
| 161 |True   |  377  |9.895500e-06|1.032338e-05|6.991590e-11|4.315724e-05|
| 160 |True   |  383  |9.756459e-06|1.014099e-05|9.382706e-11|5.497698e-05|
| 162 |True   |  357  |9.874472e-06|1.081283e-05|8.515033e-11|6.806617e-05|
| 163 |True   |  380  |9.833800e-06|1.024963e-05|5.937171e-11|3.849291e-05|
| 164 |True   |  364  |9.914969e-06|1.088918e-05|7.231919e-11|4.893456e-05|
| 165 |True   |  389  |9.948859e-06|1.035015e-05|1.413691e-10|7.858186e-05|
| 166 |True   |  386  |9.883302e-06|1.026787e-05|6.438259e-11|3.848315e-05|
| 167 |True   |  395  |9.912312e-06|1.029687e-05|6.795712e-11|4.102738e-05|
| 168 |True   |  356  |9.847687e-06|1.051520e-05|6.263898e-11|4.692365e-05|
| 170 |True   |  347  |9.885609e-06|1.067143e-05|6.613388e-11|4.842598e-05|
| 169 |True   |  388  |9.769315e-06|1.015383e-05|1.174473e-10|6.675573e-05|
| 172 |True   |  353  |9.822541e-06|1.038104e-05|9.953288e-11|7.028975e-05|
| 171 |True   |  386  |9.887599e-06|1.027216e-05|6.619908e-11|4.018933e-05|
| 175 |True   |  381  |9.820470e-06|1.020502e-05|7.663708e-11|4.487258e-05|
| 174 |True   |  374  |9.931364e-06|1.031592e-05|6.849351e-11|4.050974e-05|
| 173 |True   |  386  |9.996170e-06|1.038070e-05|9.339915e-11|5.152970e-05|
| 176 |True   |  351  |9.903674e-06|1.051766e-05|1.124006e-10|7.450158e-05|
| 177 |True   |  389  |9.846576e-06|1.023114e-05|6.346214e-11|3.864139e-05|
| 178 |True   |  377  |9.977510e-06|1.036205e-05|9.276923e-11|5.198261e-05|
| 179 |True   |  353  |9.745949e-06|1.024823e-05|6.833709e-11|4.785803e-05|
| 180 |True   |  361  |9.865739e-06|1.039575e-05|5.256999e-11|3.770498e-05|
| 181 |True   |  348  |9.903087e-06|1.061394e-05|1.010228e-10|7.140922e-05|
| 182 |True   |  378  |9.870789e-06|1.025521e-05|2.105904e-10|1.102977e-04|
| 183 |True   |  384  |9.925506e-06|1.031007e-05|6.732337e-11|3.921394e-05|
| 184 |True   |  378  |9.893030e-06|1.090103e-05|3.152191e-11|1.739828e-05|
| 185 |True   |  385  |9.929701e-06|1.042074e-05|6.172835e-11|4.093658e-05|
| 186 |True   |  350  |9.797186e-06|1.092960e-05|6.693205e-11|6.252089e-05|
| 188 |True   |  368  |9.842826e-06|1.038941e-05|8.155038e-11|5.865723e-05|
| 187 |True   |  379  |9.979808e-06|1.041997e-05|7.024951e-11|4.055997e-05|
| 189 |True   |  356  |9.798412e-06|1.057781e-05|7.333164e-11|5.711790e-05|
| 190 |True   |  358  |9.880250e-06|1.049241e-05|1.332311e-10|9.122143e-05|
| 191 |True   |  389  |9.931230e-06|1.031577e-05|9.039596e-11|5.149150e-05|
| 192 |True   |  373  |9.890393e-06|1.041140e-05|1.264787e-10|6.826221e-05|
| 193 |True   |  370  |9.979600e-06|1.036415e-05|9.346586e-11|5.247729e-05|
| 195 |True   |  348  |9.816337e-06|1.059866e-05|8.132099e-11|5.963231e-05|
| 194 |True   |  376  |9.813028e-06|1.020660e-05|8.412034e-11|5.023947e-05|
| 196 |True   |  374  |9.923380e-06|1.038309e-05|4.348448e-11|2.773206e-05|
| 197 |True   |  398  |9.899980e-06|1.028454e-05|6.657144e-11|3.969929e-05|
| 200 |True   |  360  |9.786173e-06|1.045136e-05|4.456819e-11|3.656290e-05|
| 198 |True   |  349  |9.964065e-06|1.081675e-05|6.560107e-11|4.806716e-05|
| 199 |True   |  367  |9.800220e-06|1.035100e-05|5.423552e-11|3.794144e-05|
| 202 |True   |  350  |9.751762e-06|1.118459e-05|9.476839e-11|5.737881e-05|
| 204 |True   |  347  |9.952447e-06|1.064558e-05|5.266735e-11|4.415581e-05|
| 203 |True   |  360  |9.892648e-06|1.028131e-05|8.738442e-11|5.209220e-05|
| 205 |True   |  380  |9.797031e-06|1.018158e-05|8.374039e-11|5.046230e-05|
| 206 |True   |  380  |9.820074e-06|1.023421e-05|1.045551e-10|6.314583e-05|
| 208 |True   |  349  |9.708062e-06|1.036838e-05|6.684298e-11|5.562854e-05|
| 209 |True   |  357  |9.750073e-06|1.058977e-05|4.720743e-11|4.069335e-05|
| 213 |True   |  352  |9.964875e-06|1.065829e-05|5.411378e-11|3.920196e-05|
| 207 |True   |  364  |9.788407e-06|1.042169e-05|8.184659e-11|5.805947e-05|
| 211 |True   |  377  |9.953216e-06|1.038107e-05|7.800517e-11|4.427329e-05|
| 210 |True   |  385  |9.851639e-06|1.023622e-05|4.488832e-11|2.771297e-05|
| 212 |True   |  399  |9.965869e-06|1.035040e-05|9.761812e-11|5.353218e-05|
| 214 |True   |  381  |9.973368e-06|1.036158e-05|1.467144e-10|7.884486e-05|
| 201 |True   | 1014  |9.924776e-06|1.053209e-05|3.645702e-11|1.884516e-05|
| 215 |True   |  384  |9.767516e-06|1.015201e-05|1.370921e-10|7.742910e-05|
| 217 |True   |  380  |9.800672e-06|1.018520e-05|1.038556e-10|6.005708e-05|
| 216 |True   |  345  |9.608432e-06|1.105982e-05|3.428360e-11|3.390875e-05|
| 218 |True   |  347  |9.758957e-06|1.062623e-05|7.682654e-11|5.794463e-05|
| 220 |True   |  380  |9.875126e-06|1.025964e-05|1.134075e-10|6.382143e-05|
| 224 |True   |  374  |9.808614e-06|1.019317e-05|7.971577e-11|4.715446e-05|
| 222 |True   |  386  |9.985565e-06|1.037013e-05|7.044599e-11|4.043377e-05|
| 221 |True   |  361  |9.949292e-06|1.043060e-05|6.691911e-11|4.147956e-05|
| 219 |True   |  503  |9.729933e-06|1.011445e-05|1.173596e-10|6.780014e-05|
| 223 |True   |  353  |9.975942e-06|1.054569e-05|1.241693e-10|6.793716e-05|
| 226 |True   |  361  |9.809038e-06|1.041619e-05|1.391822e-10|9.353279e-05|
| 225 |True   |  393  |9.974041e-06|1.035855e-05|1.194304e-10|6.544375e-05|
| 229 |True   |  355  |9.994581e-06|1.076329e-05|4.562942e-11|2.913615e-05|
| 227 |True   |  467  |9.780312e-06|1.018938e-05|7.384484e-11|4.823250e-05|
| 232 |True   |  356  |9.946598e-06|1.071144e-05|7.784290e-11|5.843894e-05|
| 233 |True   |  366  |9.629685e-06|1.028130e-05|1.175538e-10|8.473173e-05|
| 230 |True   |  376  |9.885003e-06|1.029401e-05|1.171841e-10|5.563102e-05|
| 228 |True   |  384  |9.878695e-06|1.026325e-05|7.707745e-11|4.453803e-05|
| 231 |True   |  353  |9.734985e-06|1.046802e-05|7.713475e-11|5.771613e-05|
| 234 |True   |  387  |9.898726e-06|1.028328e-05|6.919747e-11|3.995977e-05|
| 235 |True   |  381  |9.867795e-06|1.047571e-05|4.874559e-11|2.896668e-05|
| 237 |True   |  381  |9.896880e-06|1.045866e-05|6.549473e-11|3.939136e-05|
| 236 |True   |  354  |9.977958e-06|1.093192e-05|5.487574e-11|4.451133e-05|
| 238 |True   |  357  |9.960870e-06|1.050482e-05|7.314286e-11|4.965825e-05|
| 241 |True   |  373  |9.811736e-06|1.048484e-05|9.411142e-11|5.429694e-05|
| 239 |True   |  369  |9.867516e-06|1.037069e-05|2.490569e-10|1.284875e-04|
| 240 |True   |  376  |9.990385e-06|1.044152e-05|5.583318e-11|3.370955e-05|
| 244 |True   |  383  |9.892373e-06|1.058076e-05|6.629239e-11|3.929706e-05|
| 245 |True   |  361  |9.782839e-06|1.080575e-05|1.650425e-10|1.070723e-04|
| 243 |True   |  345  |9.885993e-06|1.109057e-05|6.150107e-11|4.760316e-05|
| 242 |True   |  371  |9.806259e-06|1.044934e-05|6.672500e-11|4.973103e-05|
| 248 |True   |  369  |9.737976e-06|1.032353e-05|3.605412e-11|3.018907e-05|
| 249 |True   |  364  |9.932716e-06|1.068603e-05|5.831077e-11|4.080613e-05|
| 247 |True   |  371  |9.826743e-06|1.021134e-05|4.614936e-11|2.850534e-05|
| 250 |True   |  350  |9.917681e-06|1.043718e-05|5.414341e-11|3.902807e-05|
| 251 |True   |  374  |9.945654e-06|1.053136e-05|9.022044e-11|5.099260e-05|
| 253 |True   |  349  |9.958037e-06|1.066340e-05|8.378911e-11|5.854911e-05|
| 252 |True   |  373  |9.963444e-06|1.035368e-05|1.175211e-10|6.580980e-05|
| 254 |True   |  351  |9.793778e-06|1.045920e-05|7.436089e-11|4.942538e-05|
| 255 |True   |  381  |9.911597e-06|1.029612e-05|1.065140e-10|5.851696e-05|
| 257 |True   |  383  |9.992809e-06|1.037739e-05|5.084304e-11|2.858357e-05|
| 256 |True   |  350  |9.899544e-06|1.074527e-05|1.126992e-10|8.110957e-05|
| 258 |True   |  375  |9.901508e-06|1.040674e-05|7.057917e-11|4.834541e-05|
| 259 |True   |  360  |9.768741e-06|1.039615e-05|7.560753e-11|5.702227e-05|
| 260 |True   |  354  |9.623382e-06|1.053696e-05|7.485883e-11|6.444442e-05|
| 261 |True   |  478  |9.840904e-06|1.066977e-05|8.838112e-11|6.826257e-05|
| 262 |True   |  389  |9.845503e-06|1.026365e-05|1.142458e-10|6.241857e-05|
| 263 |True   |  393  |9.954860e-06|1.033944e-05|4.912356e-11|2.821378e-05|
| 246 |True   | 1421  |9.891900e-06|1.079903e-05|1.270403e-11|1.622538e-05|
| 265 |True   |  358  |9.975010e-06|1.044369e-05|7.887013e-11|4.826157e-05|
| 264 |True   |  380  |9.896417e-06|1.029368e-05|8.850914e-11|5.185855e-05|
| 266 |True   |  364  |9.868882e-06|1.045315e-05|1.298163e-10|7.140636e-05|
| 269 |True   |  381  |9.886948e-06|1.027143e-05|1.439391e-10|7.890316e-05|
| 267 |True   |  349  |9.810681e-06|1.055468e-05|8.101052e-11|5.893484e-05|
| 268 |True   |  367  |9.983348e-06|1.106622e-05|8.946532e-11|5.094537e-05|
| 270 |True   |  388  |9.771638e-06|1.018303e-05|9.963986e-11|6.163669e-05|
| 272 |True   |  348  |9.942685e-06|1.123211e-05|7.136303e-11|4.895008e-05|
| 271 |True   |  374  |9.880232e-06|1.053595e-05|4.994148e-11|3.756364e-05|
| 273 |True   |  391  |9.841019e-06|1.022557e-05|7.835704e-11|4.570798e-05|
| 275 |True   |  402  |9.846845e-06|1.023143e-05|4.477019e-11|2.780263e-05|
| 274 |True   |  351  |9.839158e-06|1.095358e-05|8.323766e-11|5.872017e-05|
| 277 |True   |  376  |9.709400e-06|1.009389e-05|1.368938e-10|7.806917e-05|
| 276 |True   |  357  |9.826735e-06|1.042792e-05|4.244768e-11|2.919077e-05|
| 279 |True   |  346  |9.936136e-06|1.046493e-05|1.293710e-11|1.633804e-05|
| 278 |True   |  356  |9.882188e-06|1.048361e-05|4.082021e-11|2.861337e-05|
| 280 |True   |  381  |9.854123e-06|1.025412e-05|8.758654e-11|5.197589e-05|
| 283 |True   |  354  |9.784462e-06|1.083462e-05|9.632724e-11|7.803269e-05|
| 281 |True   |  365  |9.981928e-06|1.075525e-05|1.079193e-10|7.184966e-05|
| 284 |True   |  391  |9.820056e-06|1.020462e-05|6.279347e-11|3.852756e-05|
| 282 |True   |  469  |9.948996e-06|1.043004e-05|7.578420e-11|5.045786e-05|
| 285 |True   |  356  |9.845188e-06|1.055059e-05|1.220074e-10|8.637264e-05|
| 286 |True   |  357  |9.785905e-06|1.017052e-05|8.304930e-11|5.006121e-05|
| 288 |True   |  393  |9.952028e-06|1.033656e-05|9.138841e-11|5.154330e-05|
| 290 |True   |  383  |9.922423e-06|1.040981e-05|1.656219e-10|1.040080e-04|
| 287 |True   |  391  |9.953385e-06|1.033791e-05|9.707249e-11|5.348964e-05|
| 293 |True   |  364  |9.935396e-06|1.081081e-05|1.190776e-10|8.307790e-05|
| 291 |True   |  354  |9.973362e-06|1.065475e-05|9.204883e-11|7.013737e-05|
| 292 |True   |  359  |9.795946e-06|1.031998e-05|8.824523e-11|6.092337e-05|
| 294 |True   |  354  |9.890965e-06|1.081750e-05|1.231436e-10|5.314948e-05|
| 297 |True   |  355  |9.927768e-06|1.064012e-05|1.301388e-10|9.083457e-05|
| 296 |True   |  348  |9.982479e-06|1.071332e-05|9.901347e-11|6.757526e-05|
| 295 |True   |  368  |9.930880e-06|1.031546e-05|4.882669e-11|2.885404e-05|
| 298 |True   |  347  |9.681585e-06|1.041205e-05|8.026382e-11|6.717633e-05|
| 299 |True   |  397  |9.814739e-06|1.019928e-05|8.287239e-11|4.935094e-05|
| 300 |True   |  344  |9.990644e-06|1.236128e-05|9.894465e-11|6.429782e-05|
| 301 |True   |  348  |9.981340e-06|1.070780e-05|7.279663e-11|5.390574e-05|
| 302 |True   |  383  |9.999911e-06|1.055375e-05|9.949975e-11|5.432218e-05|
| 303 |True   |  408  |9.891890e-06|1.027646e-05|5.864606e-11|3.402349e-05|
| 305 |True   |  364  |9.847193e-06|1.034127e-05|6.014261e-11|4.204862e-05|
| 309 |True   |  383  |9.794273e-06|1.037016e-05|1.054245e-10|6.474258e-05|
| 310 |True   |  375  |9.835408e-06|1.021999e-05|4.649038e-11|2.835676e-05|
| 306 |True   |  384  |9.856914e-06|1.024148e-05|6.468627e-11|3.983480e-05|
| 307 |True   |  382  |9.922651e-06|1.039644e-05|9.160081e-11|5.173681e-05|
| 308 |True   |  354  |9.846599e-06|1.033365e-05|9.015213e-11|6.040929e-05|
| 311 |True   |  385  |9.832558e-06|1.026367e-05|7.569453e-11|4.717125e-05|
| 312 |True   |  369  |9.892265e-06|1.037149e-05|2.417803e-10|1.435813e-04|
| 304 |True   |  709  |9.981955e-06|1.036651e-05|7.004661e-11|4.011445e-05|
| 314 |True   |  384  |9.838570e-06|1.022308e-05|1.115199e-10|6.355017e-05|
| 313 |True   |  349  |9.890585e-06|1.055521e-05|9.536868e-11|6.167920e-05|
| 319 |True   |  359  |9.940099e-06|1.094729e-05|5.516349e-11|5.543586e-05|
| 320 |True   |  352  |9.792655e-06|1.059304e-05|6.241456e-11|4.680420e-05|
| 318 |True   |  352  |9.732821e-06|1.097152e-05|8.371052e-11|7.563941e-05|
| 315 |True   |  346  |9.941004e-06|1.082216e-05|4.388245e-11|3.090491e-05|
| 317 |True   |  361  |9.905481e-06|1.028999e-05|1.254788e-10|6.839150e-05|
| 321 |True   |  385  |9.958834e-06|1.034341e-05|4.930298e-11|2.829088e-05|
| 316 |True   |  390  |9.829182e-06|1.021380e-05|1.110315e-10|6.392024e-05|
| 324 |True   |  373  |9.857445e-06|1.027066e-05|7.991276e-11|4.926055e-05|
| 323 |True   |  349  |9.779889e-06|1.083059e-05|4.438702e-11|3.608824e-05|
| 322 |True   |  553  |9.870250e-06|1.291634e-05|1.076299e-10|9.114192e-05|
| 325 |True   |  387  |9.941414e-06|1.032597e-05|7.262035e-11|4.146030e-05|
| 326 |True   |  386  |9.876231e-06|1.027339e-05|1.513379e-10|8.367338e-05|
| 327 |True   |  381  |9.843515e-06|1.022805e-05|9.268359e-11|5.425863e-05|
| 330 |True   |  385  |9.930208e-06|1.031465e-05|1.811433e-10|9.662302e-05|
| 331 |True   |  352  |9.756924e-06|1.026727e-05|6.738357e-11|4.834224e-05|
| 332 |True   |  375  |9.784236e-06|1.040646e-05|8.457145e-11|6.652527e-05|
| 328 |True   |  352  |9.881096e-06|1.076181e-05|5.433090e-11|4.026741e-05|
| 334 |True   |  381  |9.839222e-06|1.022379e-05|5.965456e-11|3.622797e-05|
| 329 |True   |  378  |9.825826e-06|1.033976e-05|6.503852e-11|4.150493e-05|
| 333 |True   |  359  |9.819463e-06|1.041894e-05|7.371889e-11|5.663193e-05|
| 338 |True   |  364  |9.762016e-06|1.040417e-05|1.020755e-10|6.640576e-05|
| 335 |True   |  393  |9.973273e-06|1.035783e-05|7.146736e-11|4.057272e-05|
| 337 |True   |  363  |9.876905e-06|1.026149e-05|6.551057e-11|3.981315e-05|
| 336 |True   |  375  |9.960922e-06|1.038061e-05|9.010907e-11|5.076212e-05|
| 339 |True   |  360  |9.646552e-06|1.055816e-05|5.191918e-11|4.829824e-05|
| 343 |True   |  372  |9.790952e-06|1.033823e-05|6.363723e-11|4.690828e-05|
| 341 |True   |  377  |9.737406e-06|1.012194e-05|9.882573e-11|5.794279e-05|
| 345 |True   |  387  |9.866391e-06|1.051431e-05|1.443200e-10|9.894681e-05|
| 344 |True   |  395  |9.804294e-06|1.018882e-05|1.032644e-10|5.908280e-05|
| 342 |True   |  356  |9.908082e-06|1.056592e-05|5.171736e-11|3.685179e-05|
| 340 |True   |  395  |9.901397e-06|1.028593e-05|8.929222e-11|5.129500e-05|
| 346 |True   |  373  |9.960220e-06|1.038727e-05|1.344382e-10|7.822543e-05|
| 347 |True   |  394  |9.773140e-06|1.015767e-05|9.697117e-11|5.648701e-05|
| 349 |True   |  350  |9.939430e-06|1.069811e-05|5.589347e-11|3.823423e-05|
| 348 |True   |  382  |9.674004e-06|1.037776e-05|9.303773e-11|6.931449e-05|
| 351 |True   |  385  |9.839797e-06|1.064767e-05|1.118526e-10|8.166694e-05|
| 352 |True   |  358  |9.762195e-06|1.040894e-05|5.384066e-11|4.030674e-05|
| 354 |True   |  353  |9.828738e-06|1.043758e-05|1.043532e-10|7.427253e-05|
| 353 |True   |  357  |9.902215e-06|1.052246e-05|5.638871e-11|3.985731e-05|
| 350 |True   |  472  |9.860129e-06|1.024470e-05|6.419862e-11|3.879301e-05|
| 357 |True   |  384  |9.877276e-06|1.031266e-05|4.591325e-11|2.871325e-05|
| 355 |True   |  385  |9.920004e-06|1.047962e-05|4.063692e-11|2.780758e-05|
| 356 |True   |  386  |9.727518e-06|1.011202e-05|1.280718e-10|7.255769e-05|
| 358 |True   |  355  |9.747213e-06|1.023839e-05|7.643234e-11|5.672735e-05|
| 359 |True   |  370  |9.810988e-06|1.077785e-05|1.060726e-10|6.218793e-05|
| 362 |True   |  372  |9.764427e-06|1.051119e-05|1.012228e-10|6.208443e-05|
| 360 |True   |  371  |9.952430e-06|1.033701e-05|4.920943e-11|2.842599e-05|
| 365 |True   |  349  |9.800368e-06|1.037393e-05|1.149974e-10|8.042373e-05|
| 361 |True   |  387  |9.990250e-06|1.037475e-05|1.243499e-10|6.539147e-05|
| 364 |True   |  396  |9.787991e-06|1.021460e-05|9.697164e-11|5.172477e-05|
| 363 |True   |  370  |9.818725e-06|1.020329e-05|6.585098e-11|4.037508e-05|
| 366 |True   |  348  |9.774127e-06|1.107274e-05|7.235266e-11|4.862774e-05|
| 367 |True   |  357  |9.807837e-06|1.035676e-05|3.278445e-11|3.356960e-05|
| 368 |True   |  364  |9.721851e-06|1.016676e-05|1.252096e-10|7.763575e-05|
| 369 |True   |  384  |9.817191e-06|1.023860e-05|1.262325e-10|7.581811e-05|
| 370 |True   |  357  |9.898076e-06|1.052169e-05|8.999565e-11|6.347577e-05|
| 371 |True   |  353  |9.982259e-06|1.047107e-05|3.901944e-11|2.736571e-05|
| 375 |True   |  380  |9.978103e-06|1.036267e-05|6.954908e-11|3.955098e-05|
| 374 |True   |  386  |9.905598e-06|1.029018e-05|4.345048e-11|2.337046e-05|
| 372 |True   |  351  |9.858026e-06|1.056679e-05|1.366442e-10|1.022379e-04|
| 378 |True   |  592  |9.822207e-06|1.028540e-05|1.397061e-10|7.815253e-05|
| 376 |True   |  374  |9.916666e-06|1.049013e-05|1.313413e-10|7.158178e-05|
| 377 |True   |  361  |9.735878e-06|1.024086e-05|1.133460e-10|6.588356e-05|
| 373 |True   |  395  |9.884945e-06|1.026946e-05|1.140828e-10|6.436540e-05|
| 380 |True   |  356  |9.737512e-06|1.049233e-05|9.803349e-11|7.182260e-05|
| 381 |True   |  372  |9.870347e-06|1.064939e-05|4.589728e-11|2.898983e-05|
| 382 |True   |  359  |9.724725e-06|1.044425e-05|6.573877e-11|4.913180e-05|
| 384 |True   |  351  |9.913581e-06|1.057350e-05|8.899369e-11|5.871939e-05|
| 385 |True   |  345  |9.962761e-06|1.087932e-05|1.180411e-10|8.690146e-05|
| 387 |True   |  351  |9.981140e-06|1.090303e-05|1.019357e-10|7.087970e-05|
| 383 |True   |  818  |9.918080e-06|1.030266e-05|4.552378e-11|2.312428e-05|
| 389 |True   |  386  |9.851085e-06|1.023565e-05|6.374293e-11|3.892160e-05|
| 379 |True   |  776  |9.966345e-06|1.041574e-05|2.968519e-11|1.738228e-05|
| 388 |True   |  388  |9.995767e-06|1.038029e-05|1.017943e-10|5.566953e-05|
| 386 |True   |  351  |9.803784e-06|1.034779e-05|3.040498e-11|2.658927e-05|
| 391 |True   |  351  |9.956941e-06|1.072151e-05|9.315950e-11|6.174698e-05|
| 289 |True   | 5473  |9.915921e-06|1.030051e-05|4.317878e-11|2.361981e-05|
| 390 |True   |  373  |9.834343e-06|1.028319e-05|6.964308e-11|4.376599e-05|
| 392 |True   |  353  |9.931201e-06|1.077078e-05|8.746812e-11|6.742339e-05|
| 394 |True   |  389  |9.902525e-06|1.028709e-05|6.610962e-11|3.893462e-05|
| 395 |True   |  355  |9.720475e-06|1.046718e-05|7.687450e-11|5.722119e-05|
| 396 |True   |  346  |9.775542e-06|1.104684e-05|6.228776e-11|4.650994e-05|
| 400 |True   |  366  |9.772460e-06|1.015699e-05|1.083261e-10|6.354992e-05|
| 405 |True   |  356  |9.656170e-06|1.021518e-05|9.708672e-11|7.002758e-05|
| 397 |True   |  381  |9.876117e-06|1.060807e-05|6.362371e-11|3.852776e-05|
| 399 |True   |  355  |9.961042e-06|1.036639e-05|1.618280e-10|8.870845e-05|
| 398 |True   |  361  |9.746221e-06|1.038983e-05|8.018340e-11|5.856708e-05|
| 403 |True   |  381  |9.997073e-06|1.071022e-05|5.088743e-11|2.908126e-05|
| 401 |True   |  383  |9.999072e-06|1.038360e-05|9.361590e-11|5.172346e-05|
| 402 |True   |  365  |9.778335e-06|1.017379e-05|7.989480e-11|4.937556e-05|
| 406 |True   |  375  |9.833550e-06|1.032780e-05|6.394962e-11|3.888051e-05|
| 404 |True   |  387  |9.945334e-06|1.032991e-05|5.003219e-11|2.972596e-05|
| 407 |True   |  376  |9.960472e-06|1.040248e-05|1.041304e-10|6.322796e-05|
| 411 |True   |  345  |9.822783e-06|1.072062e-05|7.764466e-11|6.486289e-05|
| 409 |True   |  347  |9.680180e-06|1.051316e-05|1.286449e-10|9.079897e-05|
| 408 |True   |  359  |9.865120e-06|1.036894e-05|4.834604e-11|3.938364e-05|
| 410 |True   |  369  |9.741809e-06|1.098368e-05|1.280489e-10|7.453363e-05|
| 393 |True   | 1486  |9.979302e-06|1.078286e-05|8.283348e-10|3.997034e-06|
| 413 |True   |  361  |9.859714e-06|1.048645e-05|9.257077e-11|6.830321e-05|
| 415 |True   |  350  |9.909088e-06|1.191734e-05|1.182940e-10|1.007681e-04|
| 414 |True   |  380  |9.992538e-06|1.037710e-05|7.139762e-11|4.133024e-05|
| 412 |True   |  492  |9.877282e-06|1.026180e-05|1.139623e-10|6.427081e-05|
| 417 |True   |  395  |9.927495e-06|1.072266e-05|1.972721e-10|1.151376e-04|
| 418 |True   |  367  |9.865319e-06|1.024988e-05|8.772125e-11|5.128857e-05|
| 416 |True   |  379  |9.893535e-06|1.027807e-05|9.672675e-11|5.445454e-05|
| 419 |True   |  347  |9.987523e-06|1.071777e-05|2.520604e-11|2.524111e-05|
| 421 |True   |  370  |9.829572e-06|1.021409e-05|1.124914e-10|6.448147e-05|
| 420 |True   |  373  |9.985527e-06|1.040259e-05|8.112712e-11|4.400638e-05|
| 427 |True   |  350  |9.735758e-06|1.051779e-05|7.507627e-11|5.921122e-05|
| 426 |True   |  353  |9.994661e-06|1.047385e-05|8.950619e-11|5.581788e-05|
| 425 |True   |  384  |9.860204e-06|1.024477e-05|6.404688e-11|3.858268e-05|
| 422 |True   |  354  |9.996662e-06|1.056613e-05|6.950292e-11|4.594783e-05|
| 429 |True   |  374  |9.835328e-06|1.040211e-05|1.114113e-10|6.367317e-05|
| 423 |True   |  352  |9.833605e-06|1.086996e-05|9.740078e-11|7.908827e-05|
| 430 |True   |  382  |9.852952e-06|1.023753e-05|5.334845e-11|3.114620e-05|
| 424 |True   |  395  |9.865369e-06|1.024991e-05|8.701622e-11|5.115791e-05|
| 428 |True   |  347  |9.996182e-06|1.081509e-05|4.895338e-11|4.410219e-05|
| 431 |True   |  347  |9.974022e-06|1.072244e-05|1.700626e-10|1.161286e-04|
| 432 |True   |  369  |9.742407e-06|1.038503e-05|7.636398e-11|5.745294e-05|
| 433 |True   |  383  |9.848971e-06|1.026508e-05|1.033460e-10|6.281696e-05|
| 434 |True   |  384  |9.778497e-06|1.034850e-05|6.668101e-11|4.047323e-05|
| 437 |True   |  364  |9.853526e-06|1.023807e-05|8.316159e-11|4.837339e-05|
| 436 |True   |  348  |9.947193e-06|1.062228e-05|8.192120e-11|5.857148e-05|
| 439 |True   |  376  |9.992007e-06|1.037657e-05|7.031628e-11|3.961465e-05|
| 435 |True   |  397  |9.953517e-06|1.033809e-05|5.616390e-11|3.100328e-05|
| 441 |True   |  387  |9.827063e-06|1.021161e-05|8.490211e-11|5.046675e-05|
| 440 |True   |  385  |9.959083e-06|1.034364e-05|6.917991e-11|4.017900e-05|
| 442 |True   |  381  |9.740823e-06|1.012535e-05|1.059458e-10|6.257699e-05|
| 438 |True   |  392  |9.813705e-06|1.020027e-05|6.186086e-11|3.906719e-05|
| 444 |True   |  351  |9.916140e-06|1.067915e-05|5.359188e-11|3.707977e-05|
| 443 |True   |  382  |9.907880e-06|1.029241e-05|9.628641e-11|5.317529e-05|
| 445 |True   |  401  |9.924903e-06|1.030942e-05|1.160450e-10|6.389578e-05|
| 449 |True   |  382  |9.807104e-06|1.019161e-05|1.278157e-10|7.100918e-05|
| 447 |True   |  352  |9.929258e-06|1.095130e-05|1.174242e-10|8.334471e-05|
| 455 |True   |  344  |9.920474e-06|1.107804e-05|1.572788e-10|1.102986e-04|
| 448 |True   |  377  |9.938725e-06|1.032320e-05|1.488023e-10|8.006279e-05|
| 450 |True   |  401  |9.871537e-06|1.025610e-05|6.452212e-11|3.868629e-05|
| 452 |True   |  348  |9.607756e-06|1.059399e-05|7.366821e-11|6.452392e-05|
| 453 |True   |  347  |9.656247e-06|1.040114e-05|8.667103e-11|6.914742e-05|
| 451 |True   |  371  |9.838195e-06|1.113660e-05|7.514859e-11|4.511051e-05|
| 454 |True   |  382  |9.735933e-06|1.024882e-05|1.061183e-10|7.259024e-05|
| 446 |True   |  685  |9.933220e-06|1.040582e-05|2.482129e-10|1.270218e-04|
| 456 |True   |  361  |9.939554e-06|1.069372e-05|5.785929e-11|4.650147e-05|
| 458 |True   |  393  |9.789481e-06|1.017404e-05|6.497536e-11|3.980361e-05|
| 460 |True   |  350  |9.680784e-06|1.037965e-05|8.021240e-11|6.003155e-05|
| 459 |True   |  343  |9.921743e-06|1.088111e-05|6.145682e-11|5.720212e-05|
| 464 |True   |  357  |9.937035e-06|1.060654e-05|7.417081e-11|5.731403e-05|
| 461 |True   |  365  |9.830858e-06|1.037044e-05|6.444221e-11|4.700672e-05|
| 467 |True   |  358  |9.779601e-06|1.068676e-05|4.005834e-11|2.861191e-05|
| 463 |True   |  386  |9.840401e-06|1.022496e-05|6.350785e-11|3.883593e-05|
| 468 |True   |  360  |9.906558e-06|1.030161e-05|1.118708e-10|6.217152e-05|
| 465 |True   |  350  |9.960019e-06|1.045885e-05|9.143106e-11|5.989027e-05|
| 466 |True   |  379  |9.990926e-06|1.037551e-05|5.141195e-11|2.926286e-05|
| 457 |True   | 1019  |9.923020e-06|1.048310e-05|3.521832e-11|1.839121e-05|
| 462 |True   |  478  |9.917002e-06|1.031144e-05|1.370921e-11|1.645905e-05|
| 470 |True   |  377  |9.830086e-06|1.021463e-05|8.579434e-11|5.163467e-05|
| 469 |True   |  378  |9.998291e-06|1.038280e-05|1.207520e-10|6.582186e-05|
| 471 |True   |  380  |9.934651e-06|1.045532e-05|1.452192e-10|9.203641e-05|
| 472 |True   |  370  |9.769510e-06|1.015404e-05|1.073902e-10|6.250926e-05|
| 476 |True   |  349  |9.974263e-06|1.072429e-05|8.193631e-11|5.453625e-05|
| 473 |True   |  365  |9.977298e-06|1.065572e-05|7.873905e-11|5.709938e-05|
| 475 |True   |  369  |9.954807e-06|1.044464e-05|9.272869e-11|6.019834e-05|
| 477 |True   |  393  |9.825454e-06|1.021000e-05|7.524670e-11|4.408395e-05|
| 474 |True   |  353  |9.806486e-06|1.019103e-05|1.121379e-10|6.456329e-05|
| 478 |True   |  370  |9.842190e-06|1.033968e-05|8.279326e-11|5.790872e-05|
| 481 |True   |  352  |9.812386e-06|1.029769e-05|1.384404e-10|7.760598e-05|
| 479 |True   |  390  |9.879093e-06|1.032379e-05|8.316887e-11|4.567948e-05|
| 480 |True   |  398  |9.831979e-06|1.021650e-05|1.337670e-10|7.426337e-05|
| 482 |True   |  362  |9.910600e-06|1.042591e-05|8.321631e-11|5.284190e-05|
| 483 |True   |  399  |9.973036e-06|1.035757e-05|9.260848e-11|5.209981e-05|
| 484 |True   |  361  |9.941616e-06|1.033060e-05|1.145897e-10|6.431581e-05|
| 486 |True   |  354  |9.950876e-06|1.068698e-05|1.622646e-10|1.102813e-04|
| 491 |True   |  363  |9.814420e-06|1.085305e-05|1.198328e-10|7.290184e-05|
| 485 |True   |  369  |9.868930e-06|1.040644e-05|6.969893e-11|4.141855e-05|
| 487 |True   |  368  |9.955266e-06|1.089056e-05|6.692615e-11|3.941893e-05|
| 488 |True   |  394  |9.897380e-06|1.028194e-05|6.575027e-11|3.891660e-05|
| 490 |True   |  384  |9.795418e-06|1.017988e-05|1.580617e-10|8.648895e-05|
| 493 |True   |  359  |9.895565e-06|1.038215e-05|4.628165e-11|3.595607e-05|
| 492 |True   |  390  |9.862783e-06|1.024727e-05|1.444931e-10|8.087984e-05|
| 496 |True   |  359  |9.856943e-06|1.053052e-05|7.850734e-11|5.731768e-05|
| 494 |True   |  391  |9.880932e-06|1.094893e-05|6.268892e-11|3.808644e-05|
| 495 |True   |  399  |9.797971e-06|1.018253e-05|6.299465e-11|3.683722e-05|
| 497 |True   |  376  |9.731443e-06|1.035654e-05|1.048896e-10|7.604193e-05|
| 489 |True   |  810  |9.996192e-06|1.038077e-05|5.187163e-11|2.959997e-05|
| 500 |True   |  356  |9.721700e-06|1.042323e-05|5.526375e-11|4.516922e-05|
| 501 |True   |  368  |9.999282e-06|1.097274e-05|5.302040e-11|4.490427e-05|
| 498 |True   |  383  |9.824773e-06|1.020932e-05|8.529715e-11|5.099648e-05|
| 502 |True   |  353  |9.661089e-06|1.033960e-05|1.089699e-10|8.160286e-05|
| 503 |True   |  349  |9.786150e-06|1.053616e-05|1.260476e-10|9.107342e-05|
| 505 |True   |  378  |9.799363e-06|1.062842e-05|6.240803e-11|4.925479e-05|
| 504 |True   |  348  |9.825796e-06|1.079207e-05|4.319127e-11|2.935382e-05|
| 508 |True   |  351  |9.912763e-06|1.057154e-05|4.121504e-11|3.528506e-05|
| 506 |True   |  349  |9.838959e-06|1.042090e-05|5.358060e-11|3.969346e-05|
| 507 |True   |  349  |9.995588e-06|1.110112e-05|1.087333e-10|6.312458e-05|
| 512 |True   |  353  |9.749718e-06|1.039247e-05|9.893839e-11|6.866756e-05|
| 510 |True   |  351  |9.738244e-06|1.081086e-05|5.476701e-11|4.629093e-05|
| 499 |True   | 1063  |9.940217e-06|1.145379e-05|2.321186e-10|1.285604e-05|
| 511 |True   |  388  |9.929326e-06|1.038567e-05|5.705180e-11|3.132980e-05|
| 509 |True   |  382  |9.796119e-06|1.018066e-05|8.374446e-11|5.093435e-05|
| 513 |True   |  357  |9.902054e-06|1.056002e-05|7.877377e-11|5.319783e-05|
| 517 |True   |  378  |9.829847e-06|1.021441e-05|6.285559e-11|3.851137e-05|
| 514 |True   |  382  |9.939352e-06|1.032381e-05|1.726049e-10|9.080081e-05|
| 515 |True   |  349  |9.918925e-06|1.062878e-05|3.837506e-11|2.708817e-05|
| 516 |True   |  387  |9.988743e-06|1.037328e-05|9.396570e-11|5.282267e-05|
| 522 |True   |  350  |9.851609e-06|1.045772e-05|7.742226e-11|5.754142e-05|
| 518 |True   |  379  |9.800787e-06|1.018533e-05|8.422038e-11|5.060808e-05|
| 519 |True   |  356  |9.915347e-06|1.033656e-05|2.959269e-11|2.601825e-05|
| 520 |True   |  356  |9.938497e-06|1.062273e-05|7.088742e-11|4.943992e-05|
| 521 |True   |  376  |9.780878e-06|1.016539e-05|1.187217e-10|6.692576e-05|
| 523 |True   |  379  |9.925388e-06|1.030997e-05|4.784502e-11|2.804969e-05|
| 524 |True   |  384  |9.893062e-06|1.027762e-05|6.610685e-11|3.963407e-05|
| 526 |True   |  383  |9.969251e-06|1.035379e-05|8.751401e-11|4.705806e-05|
| 527 |True   |  383  |9.993086e-06|1.037763e-05|8.615676e-11|4.780180e-05|
| 529 |True   |  380  |9.731575e-06|1.016251e-05|1.137989e-10|6.595431e-05|
| 532 |True   |  359  |9.913673e-06|1.046688e-05|5.555770e-11|3.926657e-05|
| 528 |True   |  496  |9.788155e-06|1.017264e-05|1.379636e-10|7.793777e-05|
| 531 |True   |  371  |9.854686e-06|1.059061e-05|6.383228e-11|4.755608e-05|
| 535 |True   |  366  |9.778498e-06|1.020934e-05|9.468532e-11|5.533331e-05|
| 530 |True   |  389  |9.929109e-06|1.031367e-05|6.858703e-11|3.975433e-05|
| 533 |True   |  380  |9.742721e-06|1.012724e-05|1.125581e-10|6.527171e-05|
| 534 |True   |  370  |9.997682e-06|1.043395e-05|6.306503e-11|3.891981e-05|
| 536 |True   |  347  |9.985314e-06|1.050396e-05|2.828360e-11|3.307838e-05|
| 525 |True   |  991  |9.817794e-06|1.041413e-05|2.349692e-11|2.518798e-05|
| 537 |True   |  394  |9.959450e-06|1.034401e-05|6.884833e-11|3.990206e-05|
| 539 |True   |  375  |9.953431e-06|1.033795e-05|1.632577e-10|8.615471e-05|
| 540 |True   |  375  |9.876967e-06|1.045216e-05|5.438560e-11|3.873252e-05|
| 544 |True   |  389  |9.863954e-06|1.024849e-05|8.728012e-11|5.144610e-05|
| 543 |True   |  385  |9.871909e-06|1.025648e-05|6.095715e-11|3.613620e-05|
| 545 |True   |  349  |9.807486e-06|1.073832e-05|8.647103e-11|6.026170e-05|
| 548 |True   |  389  |9.959457e-06|1.034402e-05|7.470864e-11|4.200878e-05|
| 541 |True   |  360  |9.947648e-06|1.045736e-05|7.086561e-11|4.443130e-05|
| 542 |True   |  405  |9.979010e-06|1.036356e-05|6.965797e-11|3.946668e-05|
| 549 |True   |  352  |9.902139e-06|1.065579e-05|8.445420e-11|6.906547e-05|
| 547 |True   |  387  |9.810095e-06|1.043221e-05|6.136121e-11|3.877432e-05|
| 546 |True   |  467  |9.995275e-06|1.053637e-05|8.956111e-11|6.082455e-05|
| 550 |True   |  384  |9.951617e-06|1.033615e-05|1.107635e-10|5.983891e-05|
| 538 |True   | 1014  |9.983739e-06|1.036836e-05|3.568284e-11|1.789301e-05|
| 551 |True   |  361  |9.847128e-06|1.054232e-05|7.326861e-11|5.675234e-05|
| 553 |True   |  341  |9.875387e-06|1.175826e-05|6.186952e-11|4.741718e-05|
| 554 |True   |  352  |9.878812e-06|1.049638e-05|1.030171e-10|6.674558e-05|
| 556 |True   |  376  |9.888480e-06|1.038710e-05|7.810048e-11|5.167520e-05|
| 552 |True   |  371  |9.873895e-06|1.025845e-05|1.134450e-10|6.417586e-05|
| 555 |True   |  354  |9.951402e-06|1.068870e-05|1.115855e-10|7.582909e-05|
| 562 |True   |  387  |9.878700e-06|1.026319e-05|1.315995e-10|7.204968e-05|
| 557 |True   |  362  |9.926127e-06|1.051235e-05|6.650693e-11|4.758305e-05|
| 558 |True   |  386  |9.841588e-06|1.022610e-05|1.168913e-10|6.567883e-05|
| 559 |True   |  381  |9.807018e-06|1.019156e-05|8.650927e-11|5.107278e-05|
| 561 |True   |  355  |9.876788e-06|1.032409e-05|5.065547e-11|3.769123e-05|
| 565 |True   |  492  |9.769904e-06|1.015442e-05|1.145642e-10|6.575418e-05|
| 563 |True   |  385  |9.892013e-06|1.028477e-05|1.113551e-10|6.349592e-05|
| 560 |True   |  465  |9.875997e-06|1.027930e-05|6.638727e-11|4.032857e-05|
| 566 |True   |  397  |9.993160e-06|1.037769e-05|9.432099e-11|5.336839e-05|
| 564 |True   |  390  |9.987103e-06|1.037169e-05|5.038826e-11|2.835081e-05|
| 568 |True   |  349  |9.800371e-06|1.048834e-05|4.279309e-11|3.151946e-05|
| 567 |True   |  556  |9.963598e-06|1.202633e-05|7.589386e-11|6.427048e-05|
| 570 |True   |  352  |9.792696e-06|1.034248e-05|8.666196e-11|6.042231e-05|
| 571 |True   |  371  |9.958092e-06|1.070503e-05|1.446341e-10|8.995519e-05|
| 569 |True   |  355  |9.897023e-06|1.068483e-05|9.775038e-11|7.569701e-05|
| 572 |True   |  380  |9.792868e-06|1.017741e-05|9.048808e-11|5.297218e-05|
| 573 |True   |  391  |9.839111e-06|1.022365e-05|8.580164e-11|5.097283e-05|
| 574 |True   |  368  |9.981464e-06|1.050841e-05|5.169604e-11|2.977209e-05|
| 576 |True   |  357  |9.849392e-06|1.037030e-05|1.120612e-10|7.474525e-05|
| 575 |True   |  363  |9.835673e-06|1.039755e-05|4.581472e-11|3.790051e-05|
| 577 |True   |  352  |9.805987e-06|1.048926e-05|6.327163e-11|4.686085e-05|
| 579 |True   |  361  |9.920186e-06|1.076401e-05|1.588013e-10|1.000091e-04|
| 581 |True   |  351  |9.886413e-06|1.035749e-05|5.251320e-11|3.808983e-05|
| 582 |True   |  351  |9.880605e-06|1.093589e-05|4.753494e-11|4.429397e-05|
| 580 |True   |  377  |9.896675e-06|1.029581e-05|4.807923e-11|2.861897e-05|
| 578 |True   |  380  |9.702251e-06|1.008676e-05|1.246388e-10|7.173180e-05|
| 583 |True   |  353  |9.784614e-06|1.066204e-05|1.105942e-10|8.392064e-05|
| 584 |True   |  393  |9.725738e-06|1.011024e-05|1.283175e-10|7.316116e-05|
| 586 |True   |  392  |9.939348e-06|1.032391e-05|6.772405e-11|3.934788e-05|
| 585 |True   |  388  |9.893461e-06|1.027797e-05|1.144682e-10|6.407687e-05|
| 592 |True   |  349  |9.707224e-06|1.059785e-05|6.890501e-11|5.577079e-05|
| 588 |True   |  347  |9.676157e-06|1.064004e-05|4.566908e-11|4.614695e-05|
| 587 |True   |  382  |9.867410e-06|1.025197e-05|6.452939e-11|3.890894e-05|
| 593 |True   |  371  |9.786946e-06|1.034564e-05|1.375301e-10|7.759751e-05|
| 590 |True   |  394  |9.871138e-06|1.025565e-05|1.133986e-10|6.439392e-05|
| 591 |True   |  384  |9.823326e-06|1.020787e-05|8.483720e-11|5.064798e-05|
| 594 |True   |  372  |9.904559e-06|1.043445e-05|1.140440e-10|6.363705e-05|
| 595 |True   |  369  |9.832634e-06|1.032564e-05|8.770395e-11|5.573748e-05|
| 596 |True   |  360  |9.985939e-06|1.037091e-05|3.571353e-11|1.787803e-05|
| 597 |True   |  379  |9.990872e-06|1.037545e-05|5.078238e-11|2.849775e-05|
| 598 |True   |  377  |9.988916e-06|1.037348e-05|1.202187e-10|6.507303e-05|
| 600 |True   |  350  |9.949369e-06|1.068556e-05|7.293545e-11|5.172010e-05|
| 602 |True   |  359  |9.956744e-06|1.034133e-05|6.875593e-11|3.991375e-05|
| 601 |True   |  382  |9.929548e-06|1.031408e-05|9.397587e-11|5.254998e-05|
| 604 |True   |  353  |9.744534e-06|1.026218e-05|9.920291e-11|5.834156e-05|
| 607 |True   |  356  |9.957473e-06|1.042587e-05|7.176512e-11|4.858466e-05|
| 603 |True   |  459  |9.944285e-06|1.070598e-05|1.120414e-10|8.361429e-05|
| 599 |True   |  707  |9.911944e-06|1.029655e-05|3.294012e-11|1.763337e-05|
| 606 |True   |  393  |9.817966e-06|1.020253e-05|6.205160e-11|3.828126e-05|
| 605 |True   |  356  |9.909242e-06|1.051093e-05|2.624090e-11|2.557658e-05|
| 608 |True   |  372  |9.918215e-06|1.067606e-05|1.263974e-10|6.906508e-05|
| 609 |True   |  363  |9.920955e-06|1.072633e-05|7.133134e-11|5.755549e-05|
| 611 |True   |  381  |9.914885e-06|1.029944e-05|6.689011e-11|3.962393e-05|
| 610 |True   |  363  |9.866169e-06|1.040631e-05|4.101318e-11|2.855310e-05|
| 613 |True   |  392  |9.938741e-06|1.032321e-05|1.593661e-10|8.468919e-05|
| 612 |True   |  380  |9.931086e-06|1.040042e-05|7.756298e-11|4.999240e-05|
| 615 |True   |  374  |9.771122e-06|1.015561e-05|1.373538e-10|7.732040e-05|
| 614 |True   |  374  |9.957584e-06|1.034216e-05|5.034983e-11|2.949336e-05|
| 589 |True   | 1872  |9.955644e-06|1.170578e-05|5.119400e-11|2.982890e-05|
| 617 |True   |  381  |9.967332e-06|1.035187e-05|9.200420e-11|5.144137e-05|
| 618 |True   |  392  |9.918826e-06|1.030332e-05|1.503662e-10|8.141006e-05|
| 616 |True   |  379  |9.883640e-06|1.026819e-05|8.148309e-11|4.659212e-05|
| 620 |True   |  371  |9.833093e-06|1.032163e-05|1.037333e-10|7.026262e-05|
| 621 |True   |  379  |9.987608e-06|1.046788e-05|3.487649e-11|1.811638e-05|
| 619 |True   |  384  |9.927297e-06|1.031178e-05|1.466432e-10|7.996159e-05|
| 622 |True   |  377  |9.786505e-06|1.047270e-05|6.600612e-11|4.018694e-05|
| 623 |True   |  379  |9.788821e-06|1.017338e-05|6.591155e-11|4.068381e-05|
| 624 |True   |  377  |9.817837e-06|1.020236e-05|1.039905e-10|5.795987e-05|
| 625 |True   |  352  |9.844797e-06|1.054431e-05|7.948337e-11|5.762019e-05|
| 626 |True   |  356  |9.857369e-06|1.088433e-05|1.566317e-11|2.432523e-05|
| 629 |True   |  347  |9.732040e-06|1.081721e-05|9.219319e-11|6.884501e-05|
| 632 |True   |  353  |9.976749e-06|1.068993e-05|8.536996e-11|5.926425e-05|
| 627 |True   |  381  |9.834810e-06|1.024105e-05|1.033456e-10|6.225487e-05|
| 628 |True   |  380  |9.894216e-06|1.060611e-05|6.468048e-11|3.889876e-05|
| 630 |True   |  362  |9.977052e-06|1.070614e-05|6.855065e-11|4.500990e-05|
| 631 |True   |  362  |9.783962e-06|1.038434e-05|6.322629e-11|4.760238e-05|
| 633 |True   |  353  |9.827904e-06|1.036980e-05|5.864635e-11|4.192203e-05|
| 634 |True   |  351  |9.950935e-06|1.076999e-05|5.729776e-11|3.243331e-05|
| 636 |True   |  352  |9.996960e-06|1.063218e-05|9.299783e-11|5.265397e-05|
| 635 |True   |  361  |9.987082e-06|1.074333e-05|8.632600e-11|5.803303e-05|
| 637 |True   |  381  |9.788272e-06|1.025279e-05|8.741379e-11|5.919142e-05|
| 638 |True   |  354  |9.723023e-06|1.060673e-05|3.593397e-11|3.445462e-05|
| 639 |True   |  344  |9.645540e-06|1.074634e-05|5.395382e-11|4.655236e-05|
| 640 |True   |  386  |9.858113e-06|1.024256e-05|1.817135e-10|9.728226e-05|
| 641 |True   |  398  |9.905447e-06|1.028998e-05|8.886965e-11|5.107969e-05|
| 643 |True   |  367  |9.872574e-06|1.025714e-05|6.450385e-11|3.860396e-05|
| 642 |True   |  361  |9.886085e-06|1.027067e-05|4.757689e-11|2.828514e-05|
| 644 |True   |  384  |9.922803e-06|1.030736e-05|6.702666e-11|3.923090e-05|
| 645 |True   |  370  |9.820166e-06|1.043206e-05|8.119166e-11|5.425423e-05|
| 646 |True   |  369  |9.898808e-06|1.028337e-05|6.590810e-11|3.906978e-05|
| 647 |True   |  367  |9.800903e-06|1.029605e-05|4.732559e-11|3.595908e-05|
| 649 |True   |  351  |9.933204e-06|1.061426e-05|4.029971e-11|3.497702e-05|
| 651 |True   |  363  |9.878252e-06|1.026280e-05|9.491338e-11|5.368842e-05|
| 648 |True   |  586  |9.981172e-06|1.036565e-05|1.506563e-10|7.926440e-05|
| 650 |True   |  383  |9.874471e-06|1.025903e-05|8.800251e-11|5.192627e-05|
| 654 |True   |  389  |9.792541e-06|1.017706e-05|1.088341e-10|6.318896e-05|
| 652 |True   |  378  |9.772204e-06|1.021880e-05|6.744974e-11|4.700200e-05|
| 656 |True   |  369  |9.979279e-06|1.046103e-05|6.962837e-11|4.454350e-05|
| 655 |True   |  350  |9.943901e-06|1.048449e-05|9.628219e-11|6.448483e-05|
| 653 |True   |  356  |9.713363e-06|1.028741e-05|3.492378e-11|3.992838e-05|
| 657 |True   |  383  |9.796495e-06|1.020092e-05|1.093967e-10|6.366559e-05|
| 659 |True   |  348  |9.883269e-06|1.062960e-05|6.136378e-11|4.909794e-05|
| 658 |True   |  379  |9.735736e-06|1.031393e-05|9.766292e-11|5.745342e-05|
| 660 |True   |  347  |9.705771e-06|1.070505e-05|8.723275e-11|6.241835e-05|
| 662 |True   |  365  |9.899535e-06|1.056091e-05|5.896385e-11|4.106263e-05|
| 661 |True   |  356  |9.905675e-06|1.048970e-05|1.173881e-10|7.788495e-05|
| 664 |True   |  350  |9.900543e-06|1.044556e-05|1.144638e-10|8.255802e-05|
| 663 |True   |  379  |9.973372e-06|1.059579e-05|1.164171e-10|7.800220e-05|
| 669 |True   |  386  |9.978884e-06|1.036346e-05|5.009456e-11|2.835289e-05|
| 668 |True   |  366  |9.913822e-06|1.057758e-05|4.189232e-11|2.756896e-05|
| 670 |True   |  381  |9.968517e-06|1.035302e-05|1.250334e-10|6.659744e-05|
| 666 |True   |  342  |9.717427e-06|1.112727e-05|3.541946e-11|3.515569e-05|
| 665 |True   |  389  |9.830338e-06|1.021490e-05|6.253279e-11|3.824117e-05|
| 667 |True   |  384  |9.890876e-06|1.027544e-05|6.579038e-11|3.926470e-05|
| 671 |True   |  353  |9.801934e-06|1.069725e-05|1.319296e-10|1.021448e-04|
| 672 |True   |  365  |9.819514e-06|1.038572e-05|8.083726e-11|5.884389e-05|
| 674 |True   |  348  |9.915350e-06|1.130469e-05|1.167098e-10|7.417260e-05|
| 673 |True   |  357  |9.976796e-06|1.092152e-05|1.615542e-10|8.518612e-05|
| 675 |True   |  353  |9.718834e-06|1.025705e-05|7.917207e-11|5.771864e-05|
| 678 |True   |  353  |9.818987e-06|1.040254e-05|4.895075e-11|3.631659e-05|
| 682 |True   |  382  |9.864075e-06|1.024851e-05|1.982365e-10|1.047990e-04|
| 677 |True   |  364  |9.991040e-06|1.042327e-05|8.337837e-11|5.184420e-05|
| 676 |True   |  373  |9.820820e-06|1.020536e-05|8.483770e-11|5.085684e-05|
| 681 |True   |  368  |9.947662e-06|1.039466e-05|8.814593e-11|4.428818e-05|
| 683 |True   |  346  |9.862507e-06|1.104909e-05|7.729093e-11|5.906267e-05|
| 679 |True   |  378  |9.969715e-06|1.038880e-05|1.186564e-10|6.762764e-05|
| 684 |True   |  377  |9.860114e-06|1.075180e-05|1.091535e-10|6.262101e-05|
| 685 |True   |  355  |9.907707e-06|1.046158e-05|5.408553e-11|3.822337e-05|
| 687 |True   |  384  |9.817611e-06|1.045062e-05|6.184909e-11|3.829593e-05|
| 686 |True   |  382  |9.979077e-06|1.036364e-05|6.485249e-11|3.596024e-05|
| 690 |True   |  354  |9.909853e-06|1.059915e-05|1.061692e-10|7.280480e-05|
| 680 |True   |  981  |9.886163e-06|1.059049e-05|3.253916e-10|4.177210e-04|
| 689 |True   |  353  |9.971889e-06|1.050717e-05|4.289748e-11|2.871584e-05|
| 688 |True   |  381  |9.960947e-06|1.034546e-05|1.143992e-10|6.229944e-05|
| 692 |True   |  348  |9.984004e-06|1.057624e-05|2.974770e-11|2.696701e-05|
| 693 |True   |  371  |9.754923e-06|1.019167e-05|9.155199e-11|5.944455e-05|
| 694 |True   |  385  |9.817464e-06|1.035512e-05|7.685350e-11|4.542010e-05|
| 695 |True   |  359  |9.740101e-06|1.078962e-05|3.871615e-11|3.618005e-05|
| 691 |True   |  405  |9.746649e-06|1.058285e-05|5.993187e-11|5.001259e-05|
| 697 |True   |  345  |9.916640e-06|1.072575e-05|8.560037e-11|6.730695e-05|
| 696 |True   |  389  |9.906313e-06|1.029080e-05|1.470411e-10|7.992067e-05|
| 699 |True   |  384  |9.961366e-06|1.048620e-05|9.699876e-11|5.306634e-05|
| 701 |True   |  383  |9.780782e-06|1.029162e-05|8.193436e-11|4.969733e-05|
| 704 |True   |  351  |9.961283e-06|1.079894e-05|1.593195e-10|1.093232e-04|
| 702 |True   |  343  |9.788877e-06|1.106538e-05|5.781270e-11|4.685050e-05|
| 698 |True   |  675  |9.896671e-06|1.028125e-05|4.736767e-11|2.867795e-05|
| 703 |True   |  353  |9.748053e-06|1.042885e-05|5.839646e-11|4.889678e-05|
| 705 |True   |  353  |9.872160e-06|1.091403e-05|4.124443e-11|2.753602e-05|
| 706 |True   |  394  |9.872998e-06|1.025756e-05|6.620955e-11|3.989679e-05|
| 700 |True   |  561  |9.758383e-06|1.070354e-05|6.675467e-11|5.537144e-05|
| 709 |True   |  353  |9.788690e-06|1.053787e-05|4.870083e-11|4.348605e-05|
| 707 |True   |  379  |9.708077e-06|1.010520e-05|1.162679e-10|6.890332e-05|
| 708 |True   |  349  |9.897400e-06|1.073905e-05|5.392973e-11|3.767091e-05|
| 710 |True   |  350  |9.831349e-06|1.083274e-05|6.107192e-11|3.920857e-05|
| 711 |True   |  344  |9.800329e-06|1.117918e-05|8.013120e-11|6.431050e-05|
| 715 |True   |  348  |9.913303e-06|1.084150e-05|4.237338e-11|3.181332e-05|
| 712 |True   |  347  |9.665122e-06|1.062150e-05|6.467710e-11|5.972668e-05|
| 714 |True   |  365  |9.908966e-06|1.060550e-05|7.312346e-11|5.182035e-05|
| 713 |True   |  363  |9.715849e-06|1.032521e-05|1.196169e-10|8.571051e-05|
| 721 |True   |  348  |9.743696e-06|1.048925e-05|9.411887e-11|6.930700e-05|
| 717 |True   |  385  |9.855051e-06|1.026617e-05|7.331536e-11|4.259508e-05|
| 716 |True   |  376  |9.903834e-06|1.028842e-05|4.976630e-11|2.948722e-05|
| 724 |True   |  386  |9.825513e-06|1.021007e-05|6.529726e-11|4.014864e-05|
| 718 |True   |  367  |9.911866e-06|1.029645e-05|4.754640e-11|2.822678e-05|
| 719 |True   |  392  |9.837848e-06|1.022241e-05|6.351404e-11|3.926890e-05|
| 720 |True   |  386  |9.906621e-06|1.040982e-05|8.821110e-11|5.050101e-05|
| 722 |True   |  389  |9.870763e-06|1.025529e-05|1.431244e-10|7.918683e-05|
| 727 |True   |  355  |9.993395e-06|1.072712e-05|8.262360e-11|6.331479e-05|
| 725 |True   |  394  |9.789329e-06|1.017385e-05|1.085288e-10|6.281984e-05|
| 726 |True   |  361  |9.948402e-06|1.034421e-05|5.936562e-11|3.865436e-05|
| 729 |True   |  350  |9.783732e-06|1.042783e-05|5.751600e-11|4.559251e-05|
| 728 |True   |  353  |9.887861e-06|1.104622e-05|6.354298e-11|5.862501e-05|
| 730 |True   |  369  |9.817093e-06|1.031334e-05|6.770269e-11|4.762011e-05|
| 733 |True   |  348  |9.950097e-06|1.064374e-05|7.649092e-11|5.417003e-05|
| 723 |True   |  762  |9.991647e-06|1.126611e-05|1.635627e-11|1.627067e-05|
| 736 |True   |  348  |9.975856e-06|1.057904e-05|9.874639e-11|6.801824e-05|
| 732 |True   |  384  |9.948313e-06|1.033282e-05|1.179672e-10|6.314877e-05|
| 731 |True   |  381  |9.954143e-06|1.033868e-05|9.527291e-11|5.337314e-05|
| 735 |True   |  351  |9.864610e-06|1.077848e-05|5.218110e-11|4.443208e-05|
| 734 |True   |  399  |9.907550e-06|1.029211e-05|6.647161e-11|3.960751e-05|
| 738 |True   |  364  |9.766479e-06|1.020692e-05|6.582062e-10|3.229731e-04|
| 739 |True   |  387  |9.905121e-06|1.028966e-05|9.224332e-11|5.290711e-05|
| 737 |True   |  356  |9.987535e-06|1.046205e-05|1.374811e-10|8.001444e-05|
| 740 |True   |  351  |9.792574e-06|1.032945e-05|4.844243e-11|3.664223e-05|
| 741 |True   |  356  |9.932502e-06|1.045970e-05|1.121133e-10|8.227852e-05|
| 745 |True   |  346  |9.956799e-06|1.081171e-05|1.171644e-10|8.242528e-05|
| 742 |True   |  376  |9.767883e-06|1.015240e-05|1.076247e-10|6.326873e-05|
| 746 |True   |  359  |9.955028e-06|1.071212e-05|7.147050e-11|4.961711e-05|
| 749 |True   |  381  |9.977738e-06|1.036229e-05|7.694983e-11|4.301216e-05|
| 744 |True   |  394  |9.841601e-06|1.022614e-05|8.754088e-11|5.126243e-05|
| 748 |True   |  353  |9.850414e-06|1.031531e-05|1.200294e-10|7.128199e-05|
| 752 |True   |  367  |9.971757e-06|1.099225e-05|1.065089e-10|7.182240e-05|
| 751 |True   |  349  |9.813477e-06|1.050136e-05|4.413445e-11|3.580285e-05|
| 754 |True   |  351  |9.955193e-06|1.046103e-05|7.838410e-11|5.088329e-05|
| 750 |True   |  395  |9.895496e-06|1.028006e-05|6.637878e-11|3.995656e-05|
| 753 |True   |  354  |9.779532e-06|1.016408e-05|7.937002e-11|4.685546e-05|
| 755 |True   |  349  |9.782377e-06|1.050268e-05|4.088720e-11|3.513145e-05|
| 743 |True   |  896  |9.953983e-06|1.084666e-05|5.805027e-10|4.760469e-04|
| 747 |True   | 1126  |9.904655e-06|1.028929e-05|3.266598e-11|1.760900e-05|
| 759 |True   |  364  |9.942908e-06|1.046966e-05|6.356182e-11|4.645527e-05|
| 756 |True   |  402  |9.884364e-06|1.026896e-05|4.735824e-11|2.831344e-05|
| 757 |True   |  388  |9.993047e-06|1.037758e-05|9.924647e-11|5.398934e-05|
| 758 |True   |  350  |9.937345e-06|1.056315e-05|6.361668e-11|4.659775e-05|
| 760 |True   |  385  |9.985493e-06|1.037005e-05|9.465219e-11|5.283536e-05|
| 761 |True   |  387  |9.900105e-06|1.028459e-05|1.452313e-10|7.930453e-05|
| 764 |True   |  357  |9.920540e-06|1.080303e-05|4.367791e-11|4.194806e-05|
| 766 |True   |  387  |9.837623e-06|1.022219e-05|6.316323e-11|3.877721e-05|
| 765 |True   |  373  |9.899812e-06|1.035278e-05|1.553692e-10|9.254222e-05|
| 762 |True   |  372  |9.809148e-06|1.024624e-05|5.540453e-11|3.749610e-05|
| 763 |True   |  383  |9.865945e-06|1.025049e-05|8.683897e-11|5.102370e-05|
| 769 |True   |  392  |9.844863e-06|1.022943e-05|6.356899e-11|3.889338e-05|
| 768 |True   |  385  |9.997893e-06|1.038848e-05|9.231850e-11|5.227434e-05|
| 771 |True   |  356  |9.987134e-06|1.074091e-05|8.720118e-11|6.027595e-05|
| 767 |True   |  378  |9.954170e-06|1.033870e-05|1.031905e-10|5.586860e-05|
| 770 |True   |  380  |9.835798e-06|1.022036e-05|6.357864e-11|3.946814e-05|
| 777 |True   |  351  |9.954568e-06|1.048576e-05|7.094288e-11|4.859467e-05|
| 772 |True   |  384  |9.890175e-06|1.043788e-05|4.712776e-11|3.185958e-05|
| 773 |True   |  365  |9.890500e-06|1.038430e-05|9.873801e-11|6.430694e-05|
| 775 |True   |  355  |9.964711e-06|1.070714e-05|8.422053e-11|5.833108e-05|
| 778 |True   |  359  |9.962239e-06|1.043117e-05|1.163877e-10|7.338435e-05|
| 774 |True   |  400  |9.881219e-06|1.026581e-05|4.729958e-11|2.942382e-05|
| 779 |True   |  380  |9.858371e-06|1.024291e-05|8.643300e-11|5.049738e-05|
| 776 |True   |  601  |9.855230e-06|1.023971e-05|1.421426e-10|7.888321e-05|
| 783 |True   |  362  |9.879270e-06|1.026384e-05|6.486345e-11|3.869657e-05|
| 780 |True   |  596  |9.743989e-06|1.012851e-05|1.060961e-10|6.260797e-05|
| 784 |True   |  376  |9.915878e-06|1.036653e-05|8.121111e-11|5.094820e-05|
| 785 |True   |  383  |9.913603e-06|1.048669e-05|8.840653e-11|5.096434e-05|
| 787 |True   |  378  |9.746585e-06|1.035925e-05|8.905212e-11|5.854190e-05|
| 786 |True   |  387  |9.897940e-06|1.028251e-05|7.316533e-11|4.188963e-05|
| 788 |True   |  358  |9.782324e-06|1.028088e-05|8.280022e-11|5.084439e-05|
| 789 |True   |  381  |9.823909e-06|1.020845e-05|8.460061e-11|5.007206e-05|
| 790 |True   |  390  |9.815264e-06|1.019979e-05|1.002246e-10|5.667246e-05|
| 781 |True   |  701  |9.864721e-06|1.024929e-05|6.417173e-11|3.846783e-05|
| 793 |True   |  353  |9.984308e-06|1.078818e-05|5.368053e-11|4.213221e-05|
| 792 |True   |  402  |9.890278e-06|1.027486e-05|4.684697e-11|2.803554e-05|
| 791 |True   |  377  |9.991395e-06|1.037600e-05|1.212944e-10|6.645376e-05|
| 782 |True   | 1099  |9.971078e-06|1.118030e-05|7.218535e-12|9.313941e-06|
| 794 |True   |  389  |9.858288e-06|1.024282e-05|8.698970e-11|5.136811e-05|
| 795 |True   |  352  |9.839684e-06|1.072695e-05|6.894394e-11|5.782293e-05|
| 796 |True   |  347  |9.854810e-06|1.079214e-05|1.586025e-10|1.062743e-04|
| 797 |True   |  401  |9.851382e-06|1.023596e-05|4.563741e-11|2.864563e-05|
| 799 |True   |  385  |9.775847e-06|1.016036e-05|1.085412e-10|6.414041e-05|
| 798 |True   |  397  |9.957820e-06|1.034241e-05|5.007929e-11|2.918934e-05|
| 800 |True   |  370  |9.914983e-06|1.047723e-05|1.088063e-10|7.262390e-05|
| 803 |True   |  383  |9.801927e-06|1.018965e-05|1.036321e-10|6.046849e-05|
| 801 |True   |  384  |9.927255e-06|1.031175e-05|1.395235e-10|7.471153e-05|
| 802 |True   |  375  |9.981847e-06|1.053810e-05|8.986105e-11|6.160137e-05|
| 804 |True   |  369  |9.941920e-06|1.032646e-05|9.074672e-11|5.133228e-05|
| 806 |True   |  395  |9.961920e-06|1.034649e-05|5.472680e-11|2.916059e-05|
| 805 |True   |  377  |9.828260e-06|1.021282e-05|6.336208e-11|3.938312e-05|
| 808 |True   |  350  |9.795902e-06|1.065964e-05|7.360214e-11|5.316727e-05|
| 807 |True   |  383  |9.767429e-06|1.015198e-05|9.234615e-11|5.405715e-05|
| 809 |True   |  355  |9.908040e-06|1.063395e-05|1.194301e-10|9.161209e-05|
| 810 |True   |  369  |9.983105e-06|1.181786e-05|8.378899e-11|4.826028e-05|
| 812 |True   |  378  |9.872853e-06|1.025740e-05|8.747379e-11|5.116381e-05|
| 814 |True   |  384  |9.795650e-06|1.018017e-05|1.106206e-10|6.345827e-05|
| 811 |True   |  456  |9.602552e-06|1.117740e-05|4.730258e-11|5.183565e-05|
| 813 |True   |  347  |9.991624e-06|1.089590e-05|3.293894e-11|3.381967e-05|
| 815 |True   |  354  |9.932316e-06|1.031688e-05|6.783337e-11|3.930267e-05|
| 818 |True   |  363  |9.825115e-06|1.062062e-05|8.280061e-11|4.983728e-05|
| 817 |True   |  349  |9.936402e-06|1.050690e-05|1.189207e-10|7.528143e-05|
| 816 |True   |  351  |9.892794e-06|1.065792e-05|1.405239e-10|7.704425e-05|
| 821 |True   |  361  |9.863779e-06|1.040657e-05|4.992136e-11|3.687234e-05|
| 819 |True   |  356  |9.829434e-06|1.054775e-05|6.580090e-11|4.875824e-05|
| 823 |True   |  372  |9.675985e-06|1.013911e-05|1.329238e-10|8.285510e-05|
| 822 |True   |  397  |9.824560e-06|1.020904e-05|1.401963e-10|7.793161e-05|
| 826 |True   |  385  |9.848433e-06|1.023300e-05|6.352175e-11|3.861536e-05|
| 827 |True   |  383  |9.958409e-06|1.055967e-05|9.949027e-11|6.137220e-05|
| 825 |True   |  554  |9.833309e-06|1.076368e-05|2.103623e-11|2.460276e-05|
| 831 |True   |  395  |9.700049e-06|1.008451e-05|1.649986e-10|9.255544e-05|
| 824 |True   |  485  |9.854143e-06|1.023865e-05|1.224066e-10|6.756745e-05|
| 828 |True   |  370  |9.788803e-06|1.032277e-05|8.250377e-11|5.021822e-05|
| 829 |True   |  351  |9.837764e-06|1.054499e-05|6.138564e-11|4.886775e-05|
| 832 |True   |  366  |9.891778e-06|1.046307e-05|7.206309e-11|4.883444e-05|
| 830 |True   |  376  |9.888432e-06|1.027298e-05|8.428989e-11|4.883293e-05|
| 820 |True   | 1004  |9.887113e-06|1.054156e-05|6.414081e-11|3.828686e-05|
| 833 |True   |  372  |9.978992e-06|1.054166e-05|4.536115e-11|2.925156e-05|
| 836 |True   |  391  |9.849974e-06|1.046968e-05|7.437783e-11|4.358164e-05|
| 834 |True   |  362  |9.969185e-06|1.059396e-05|8.536468e-11|6.048457e-05|
| 835 |True   |  371  |9.981049e-06|1.038983e-05|1.205840e-10|6.507890e-05|
| 838 |True   |  357  |9.786966e-06|1.116990e-05|6.562556e-11|4.830668e-05|
| 837 |True   |  347  |9.984931e-06|1.058999e-05|5.991203e-11|4.618978e-05|
| 839 |True   |  477  |9.859523e-06|1.031906e-05|8.111030e-11|4.613987e-05|
| 841 |True   |  381  |9.864209e-06|1.024866e-05|1.738941e-10|9.361141e-05|
| 840 |True   |  356  |9.931141e-06|1.046007e-05|7.066307e-11|4.835269e-05|
| 843 |True   |  354  |9.855734e-06|1.043739e-05|6.561002e-11|4.809530e-05|
| 842 |True   |  393  |9.976995e-06|1.036153e-05|9.312024e-11|5.209920e-05|
| 845 |True   |  389  |9.994597e-06|1.037913e-05|9.356347e-11|5.203152e-05|
| 844 |True   |  351  |9.820167e-06|1.057271e-05|9.120010e-11|7.202948e-05|
| 846 |True   |  392  |9.920210e-06|1.030477e-05|6.709207e-11|3.950597e-05|
| 847 |True   |  360  |9.832327e-06|1.054152e-05|8.404711e-11|6.090446e-05|
| 848 |True   |  372  |9.962946e-06|1.040622e-05|9.781208e-11|5.996735e-05|
| 850 |True   |  384  |9.908554e-06|1.029309e-05|9.265996e-11|5.211497e-05|
| 852 |True   |  356  |9.861006e-06|1.031526e-05|7.041878e-11|4.781173e-05|
| 849 |True   |  366  |9.892231e-06|1.058049e-05|1.416157e-10|7.786128e-05|
| 851 |True   |  389  |9.841461e-06|1.030450e-05|8.115171e-11|4.761056e-05|
| 853 |True   |  365  |9.966038e-06|1.049274e-05|1.126571e-10|7.445036e-05|
| 859 |True   |  387  |9.921429e-06|1.031159e-05|1.458497e-10|7.954693e-05|
| 854 |True   |  364  |9.945399e-06|1.032988e-05|1.476892e-10|7.928254e-05|
| 855 |True   |  362  |9.790040e-06|1.017459e-05|8.421992e-11|5.065868e-05|
| 857 |True   |  394  |9.943164e-06|1.032768e-05|1.065997e-10|5.805286e-05|
| 858 |True   |  353  |9.999192e-06|1.068121e-05|5.813128e-11|4.650297e-05|
| 856 |True   |  482  |9.967383e-06|1.046656e-05|7.841620e-11|4.291161e-05|
| 861 |True   |  377  |9.728780e-06|1.011331e-05|1.066684e-10|6.296796e-05|
| 860 |True   |  348  |9.756115e-06|1.066198e-05|3.143961e-11|3.343477e-05|
| 868 |True   |  382  |9.970251e-06|1.056472e-05|1.179781e-10|6.573371e-05|
| 867 |True   |  396  |9.829843e-06|1.021438e-05|8.496784e-11|5.040874e-05|
| 862 |True   |  383  |9.824422e-06|1.020900e-05|5.133022e-11|3.029133e-05|
| 870 |True   |  351  |9.833308e-06|1.037429e-05|3.692450e-11|2.802613e-05|
| 864 |True   |  351  |9.931030e-06|1.038819e-05|5.614062e-11|3.755060e-05|
| 863 |True   |  385  |9.892368e-06|1.027698e-05|8.818744e-11|5.095395e-05|
| 866 |True   |  390  |9.963874e-06|1.040624e-05|6.248171e-11|3.918337e-05|
| 871 |True   |  369  |9.807395e-06|1.036827e-05|8.457910e-11|4.417722e-05|
| 869 |True   |  380  |9.975391e-06|1.035991e-05|1.033043e-10|5.654123e-05|
| 872 |True   |  361  |9.859185e-06|1.033018e-05|7.319312e-11|4.854260e-05|
| 875 |True   |  387  |9.948398e-06|1.033292e-05|1.022004e-10|5.576253e-05|
| 880 |True   |  352  |9.836864e-06|1.046653e-05|6.725608e-11|4.949014e-05|
| 876 |True   |  348  |9.886081e-06|1.146689e-05|8.523627e-11|5.944631e-05|
| 873 |True   |  398  |9.820706e-06|1.020525e-05|8.465149e-11|5.029248e-05|
| 874 |True   |  380  |9.964308e-06|1.034889e-05|5.466956e-11|3.037931e-05|
| 877 |True   |  392  |9.875086e-06|1.025965e-05|6.498138e-11|3.935294e-05|
| 878 |True   |  358  |9.994684e-06|1.038005e-05|9.333641e-11|5.213593e-05|
| 884 |True   |  361  |9.844243e-06|1.035180e-05|4.304889e-11|2.911043e-05|
| 879 |True   |  391  |9.740823e-06|1.012534e-05|1.058569e-10|6.238922e-05|
| 881 |True   |  370  |9.875086e-06|1.031432e-05|9.040110e-11|5.170969e-05|
| 883 |True   |  352  |9.826307e-06|1.029258e-05|4.147824e-11|3.440790e-05|
| 882 |True   |  379  |9.672583e-06|1.005704e-05|1.704089e-10|9.405871e-05|
| 885 |True   |  353  |9.907877e-06|1.030842e-05|9.375579e-11|5.284366e-05|
| 889 |True   |  377  |9.781850e-06|1.061832e-05|1.026769e-10|5.875333e-05|
| 886 |True   |  394  |9.795574e-06|1.018009e-05|1.129392e-10|6.478103e-05|
| 888 |True   |  374  |9.996637e-06|1.078142e-05|8.179793e-11|4.474070e-05|
| 887 |True   |  382  |9.796350e-06|1.033961e-05|8.893828e-11|5.245333e-05|
| 890 |True   |  349  |9.804695e-06|1.084020e-05|5.715581e-11|3.890499e-05|
| 893 |True   |  361  |9.962431e-06|1.056179e-05|5.795355e-11|3.900653e-05|
| 865 |True   | 1478  |9.915029e-06|1.029962e-05|3.305791e-11|1.764423e-05|
| 891 |True   |  354  |9.633954e-06|1.026060e-05|8.800359e-11|7.447322e-05|
| 892 |True   |  379  |9.883890e-06|1.026843e-05|8.803287e-11|5.121891e-05|
| 895 |True   |  395  |9.797809e-06|1.018236e-05|7.077344e-11|4.199995e-05|
| 894 |True   |  354  |9.795954e-06|1.058485e-05|5.291872e-11|3.978917e-05|
| 896 |True   |  353  |9.785883e-06|1.036679e-05|5.913830e-11|4.663068e-05|
| 897 |True   |  381  |9.823109e-06|1.020767e-05|6.605176e-11|4.043379e-05|
| 898 |True   |  378  |9.807801e-06|1.023260e-05|9.919185e-11|6.214030e-05|
| 900 |True   |  354  |9.999302e-06|1.058488e-05|8.709517e-11|5.962919e-05|
| 901 |True   |  352  |9.746193e-06|1.053816e-05|6.873696e-11|5.657909e-05|
| 899 |True   |  372  |9.846975e-06|1.027211e-05|1.120484e-10|6.413815e-05|
| 907 |True   |  386  |9.910540e-06|1.029510e-05|6.299785e-11|3.661440e-05|
| 902 |True   |  360  |9.936028e-06|1.048109e-05|7.039379e-11|4.877500e-05|
| 903 |True   |  363  |9.864182e-06|1.024870e-05|1.424810e-10|7.839130e-05|
| 911 |True   |  352  |9.744560e-06|1.033800e-05|9.384823e-11|6.940492e-05|
| 904 |True   |  351  |9.872554e-06|1.058531e-05|1.594042e-10|8.613984e-05|
| 906 |True   |  360  |9.852704e-06|1.114421e-05|6.067238e-11|3.752945e-05|
| 908 |True   |  362  |9.811716e-06|1.026876e-05|9.448057e-11|6.146444e-05|
| 905 |True   |  384  |9.929929e-06|1.031446e-05|9.412031e-11|5.281813e-05|
| 909 |True   |  358  |9.830446e-06|1.023109e-05|1.010681e-10|5.819857e-05|
| 912 |True   |  350  |9.778095e-06|1.044155e-05|6.242125e-11|4.717337e-05|
| 910 |True   |  383  |9.869828e-06|1.025436e-05|9.619108e-11|5.550306e-05|
| 913 |True   |  353  |9.873971e-06|1.048055e-05|8.316763e-11|5.946041e-05|
| 915 |True   |  348  |9.968767e-06|1.065163e-05|1.063313e-10|7.378993e-05|
| 918 |True   |  354  |9.856738e-06|1.024130e-05|8.527289e-11|4.952718e-05|
| 914 |True   |  381  |9.841622e-06|1.022617e-05|7.827918e-11|4.488848e-05|
| 916 |True   |  353  |9.703578e-06|1.070872e-05|5.590144e-11|4.594958e-05|
| 917 |True   |  356  |9.797543e-06|1.033407e-05|5.294634e-11|3.819595e-05|
| 924 |True   |  352  |9.650279e-06|1.034320e-05|1.066894e-10|7.908721e-05|
| 923 |True   |  391  |9.974748e-06|1.035932e-05|7.205707e-11|4.029551e-05|
| 920 |True   |  353  |9.867445e-06|1.025203e-05|7.496608e-11|4.342166e-05|
| 919 |True   |  384  |9.851923e-06|1.026407e-05|8.026067e-11|5.034480e-05|
| 922 |True   |  383  |9.777371e-06|1.016192e-05|8.223925e-11|4.967321e-05|
| 921 |True   |  382  |9.800179e-06|1.018474e-05|6.766429e-11|4.110632e-05|
| 925 |True   |  369  |9.824787e-06|1.051243e-05|9.764995e-11|5.608769e-05|
| 926 |True   |  364  |9.727194e-06|1.044670e-05|5.626745e-11|4.642733e-05|
| 930 |True   |  341  |9.748431e-06|1.143580e-05|5.648012e-11|5.226433e-05|
| 929 |True   |  355  |9.826559e-06|1.036391e-05|6.617325e-11|4.748136e-05|
| 934 |True   |  349  |9.981448e-06|1.061178e-05|8.045315e-11|5.853643e-05|
| 927 |True   |  343  |9.583197e-06|1.067020e-05|6.960655e-11|6.499449e-05|
| 932 |True   |  380  |9.978056e-06|1.043413e-05|6.414850e-11|4.688405e-05|
| 931 |True   |  349  |9.769007e-06|1.064830e-05|6.098589e-11|4.635168e-05|
| 936 |True   |  356  |9.989803e-06|1.063253e-05|9.962168e-11|6.925855e-05|
| 937 |True   |  394  |9.789240e-06|1.017378e-05|8.703970e-11|5.192697e-05|
| 928 |True   |  577  |9.846714e-06|1.083827e-05|1.093037e-10|7.371913e-05|
| 933 |True   |  357  |9.939009e-06|1.078732e-05|1.131110e-10|7.288054e-05|
| 935 |True   |  380  |9.813950e-06|1.024459e-05|7.456997e-11|4.878333e-05|
| 941 |True   |  355  |9.799013e-06|1.033231e-05|9.016006e-11|6.056159e-05|
| 940 |True   |  372  |9.962931e-06|1.034748e-05|9.282428e-11|5.268269e-05|
| 938 |True   |  377  |9.901812e-06|1.046632e-05|1.212872e-10|6.724618e-05|
| 939 |True   |  351  |9.943848e-06|1.042973e-05|8.490971e-11|5.163404e-05|
| 942 |True   |  358  |9.964810e-06|1.066612e-05|4.366019e-11|2.806583e-05|
| 943 |True   |  395  |9.801663e-06|1.018621e-05|8.494375e-11|5.065448e-05|
| 944 |True   |  397  |9.857767e-06|1.024233e-05|6.395687e-11|3.855870e-05|
| 950 |True   |  348  |9.685704e-06|1.030881e-05|7.383933e-11|5.816669e-05|
| 945 |True   |  395  |9.751588e-06|1.013611e-05|1.064326e-10|6.243833e-05|
| 948 |True   |  361  |9.790642e-06|1.071918e-05|2.501939e-11|9.602665e-06|
| 946 |True   |  386  |9.952030e-06|1.033659e-05|6.847253e-11|3.978243e-05|
| 947 |True   |  375  |9.708795e-06|1.009329e-05|1.364555e-10|7.801552e-05|
| 954 |True   |  365  |9.785989e-06|1.017054e-05|8.397396e-11|5.112746e-05|
| 951 |True   |  377  |9.805998e-06|1.026830e-05|6.434812e-11|4.087212e-05|
| 949 |True   |  565  |9.996356e-06|1.089368e-05|3.412163e-11|3.391024e-05|
| 952 |True   |  365  |9.992201e-06|1.062621e-05|1.006704e-10|6.450130e-05|
| 953 |True   |  381  |9.918067e-06|1.030264e-05|6.932457e-11|4.027195e-05|
| 955 |True   |  366  |9.998854e-06|1.038338e-05|1.062608e-10|5.803359e-05|
| 961 |True   |  357  |9.920731e-06|1.063613e-05|3.457466e-11|1.910550e-05|
| 962 |True   |  348  |9.959733e-06|1.069323e-05|8.015325e-11|5.787942e-05|
| 957 |True   |  388  |9.855381e-06|1.023996e-05|4.542299e-11|2.815590e-05|
| 956 |True   |  501  |9.734437e-06|1.011893e-05|1.347890e-10|7.674680e-05|
| 960 |True   |  355  |9.971300e-06|1.068206e-05|8.464161e-11|5.871779e-05|
| 963 |True   |  359  |9.876927e-06|1.049306e-05|7.058255e-11|5.142448e-05|
| 967 |True   |  387  |9.888565e-06|1.034651e-05|7.657568e-11|4.908451e-05|
| 964 |True   |  386  |9.888316e-06|1.029017e-05|8.517305e-11|5.132314e-05|
| 958 |True   |  575  |9.939960e-06|1.060056e-05|8.711246e-11|6.168566e-05|
| 959 |True   |  704  |9.999799e-06|1.038433e-05|9.912242e-11|5.416517e-05|
| 966 |True   |  377  |9.890371e-06|1.027489e-05|1.144238e-10|6.412289e-05|
| 968 |True   |  368  |9.894608e-06|1.076053e-05|1.504530e-10|8.109633e-05|
| 965 |True   |  598  |9.879574e-06|1.026405e-05|1.543871e-10|8.286551e-05|
| 970 |True   |  400  |9.954679e-06|1.033918e-05|1.250401e-10|6.815992e-05|
| 971 |True   |  364  |9.733145e-06|1.031670e-05|6.031479e-11|4.874678e-05|
| 969 |True   |  363  |9.898870e-06|1.057215e-05|7.171948e-11|5.557234e-05|
| 972 |True   |  390  |9.839276e-06|1.022384e-05|6.364190e-11|3.870712e-05|
| 976 |True   |  382  |9.953897e-06|1.033848e-05|4.902296e-11|2.819396e-05|
| 975 |True   |  390  |9.992910e-06|1.037742e-05|1.128921e-10|6.054161e-05|
| 973 |True   |  389  |9.979020e-06|1.036360e-05|5.013638e-11|2.838869e-05|
| 974 |True   |  367  |9.883505e-06|1.052443e-05|1.462860e-10|9.017115e-05|
| 980 |True   |  365  |9.834857e-06|1.062704e-05|6.610069e-11|5.126235e-05|
| 978 |True   |  349  |9.662919e-06|1.039567e-05|1.349120e-10|9.961750e-05|
| 977 |True   |  355  |9.955252e-06|1.035485e-05|8.712627e-11|5.093609e-05|
| 981 |True   |  354  |9.783886e-06|1.047737e-05|6.785839e-11|5.037383e-05|
| 984 |True   |  384  |9.835278e-06|1.021982e-05|8.823653e-11|5.271897e-05|
| 979 |True   |  384  |9.890097e-06|1.027461e-05|1.142109e-10|6.387193e-05|
| 982 |True   |  381  |9.828718e-06|1.025575e-05|8.624542e-11|5.049655e-05|
| 985 |True   |  380  |9.924796e-06|1.030926e-05|1.619261e-10|8.621848e-05|
| 987 |True   |  353  |9.696370e-06|1.033974e-05|8.890762e-11|6.515630e-05|
| 983 |True   |  578  |9.937866e-06|1.032242e-05|6.770200e-11|3.933640e-05|
| 986 |True   |  351  |9.918225e-06|1.053905e-05|3.209042e-11|2.636871e-05|
| 991 |True   |  357  |9.890180e-06|1.040539e-05|7.994582e-11|5.165865e-05|
| 988 |True   |  376  |9.860741e-06|1.024521e-05|1.547710e-10|8.417314e-05|
| 989 |True   |  356  |9.816372e-06|1.052304e-05|6.430757e-11|4.706587e-05|
| 995 |True   |  367  |9.851724e-06|1.128512e-05|9.651026e-11|5.478002e-05|
| 990 |True   |  357  |9.867242e-06|1.047554e-05|5.777591e-11|4.544760e-05|
| 992 |True   |  353  |9.841353e-06|1.048493e-05|7.935126e-11|5.797889e-05|
| 993 |True   |  382  |9.906143e-06|1.029070e-05|6.662396e-11|3.948436e-05|
| 996 |True   |  369  |9.943046e-06|1.032756e-05|1.176645e-10|6.536524e-05|
| 994 |True   |  390  |9.969910e-06|1.035442e-05|1.190178e-10|6.528408e-05|
| 998 |True   |  355  |9.973574e-06|1.036201e-05|7.908787e-11|4.960515e-05|
| 997 |True   |  342  |9.748494e-06|1.120614e-05|4.567015e-11|4.284262e-05|
| 999 |True   |  387  |9.759801e-06|1.014431e-05|1.215320e-10|6.904879e-05|
