|seed |success|  nit  |  mu_check  |   mu_sum   |   G_norm   | step_norm  |
|  0  |True   |  359  |9.535797e-06|1.348067e-05|2.840369e-13|3.627996e-08|
| 11  |True   |  299  |9.483309e-06|4.851149e-05|2.310421e-14|4.887162e-09|
|  1  |True   |  335  |9.202326e-06|1.497853e-05|1.025824e-12|5.575743e-08|
|  5  |True   |  342  |9.665899e-06|1.354216e-05|6.350493e-10|6.755800e-05|
|  2  |True   |  345  |9.839152e-06|1.348067e-05|3.160222e-13|3.927432e-08|
|  3  |True   |  328  |9.463167e-06|1.497853e-05|1.884609e-10|3.508393e-05|
|  4  |True   |  351  |9.302429e-06|1.407150e-05|5.645180e-10|6.182275e-05|
|  8  |True   |  329  |9.114953e-06|2.536627e-05|6.723911e-10|8.579345e-05|
|  6  |True   |  360  |9.593586e-06|1.209313e-05|6.855692e-10|7.440725e-05|
|  9  |True   |  316  |9.481302e-06|1.710910e-05|1.361781e-10|4.172937e-05|
| 10  |True   |  306  |9.964308e-06|1.294081e-05|6.670310e-10|2.447226e-08|
|  7  |True   |  376  |9.454268e-06|1.195430e-05|3.582700e-13|4.403415e-08|
| 12  |True   |  343  |9.691208e-06|1.497853e-05|9.746131e-10|1.170519e-04|
| 13  |True   |  332  |9.739444e-06|2.213269e-05|4.696762e-10|4.704328e-05|
| 14  |True   |  339  |9.849582e-06|1.234970e-05|7.274991e-10|7.666838e-05|
| 16  |True   |  287  |9.491372e-06|2.482072e-05|6.612776e-10|1.076417e-08|
| 20  |True   |  305  |9.486982e-06|1.503913e-05|5.739993e-10|8.272654e-06|
| 21  |True   |  334  |9.020629e-06|1.224668e-05|2.443681e-10|3.810518e-05|
| 18  |True   |  350  |9.325825e-06|1.182536e-05|6.526724e-10|7.273561e-05|
| 15  |True   |  374  |9.530200e-06|1.203022e-05|3.850337e-13|5.196963e-08|
| 17  |True   |  341  |9.768646e-06|1.664281e-05|9.516214e-10|1.307743e-04|
| 19  |True   |  349  |9.553559e-06|1.412205e-05|5.983909e-10|6.397554e-05|
| 23  |True   |  373  |9.674866e-06|1.228554e-05|6.898402e-10|7.420332e-05|
| 22  |True   |  340  |9.578858e-06|1.664281e-05|9.212897e-10|1.137287e-04|
| 24  |True   |  387  |9.375880e-06|1.187548e-05|6.587962e-10|7.304692e-05|
| 25  |True   |  348  |9.144735e-06|1.213261e-05|3.107570e-13|4.007542e-08|
| 26  |True   |  335  |9.462545e-06|1.201102e-05|3.566787e-13|5.594017e-08|
| 27  |True   |  346  |9.860263e-06|1.348067e-05|3.095029e-13|3.653793e-08|
| 29  |True   |  354  |9.892937e-06|1.380070e-05|6.651507e-10|6.937020e-05|
| 33  |True   |  323  |9.559751e-06|1.497853e-05|9.438328e-10|1.010050e-04|
| 35  |True   |  314  |9.752079e-06|5.303456e-05|5.867682e-10|7.733327e-05|
| 31  |True   |  332  |9.788377e-06|1.364851e-05|6.497934e-10|6.833345e-05|
| 30  |True   |  336  |9.557256e-06|1.348067e-05|3.633499e-10|4.617457e-05|
| 34  |True   |  337  |9.166306e-06|1.858662e-05|5.822372e-10|7.094985e-05|
| 28  |True   |  392  |9.745526e-06|1.224502e-05|7.040923e-10|7.531724e-05|
| 32  |True   |  331  |9.830963e-06|2.536627e-05|7.500576e-10|8.828627e-05|
| 36  |True   |  328  |9.798210e-06|1.849201e-05|2.948068e-10|3.815457e-05|
| 38  |True   |  346  |9.833596e-06|1.523526e-05|6.036028e-10|6.238280e-05|
| 37  |True   |  373  |9.885216e-06|1.238477e-05|7.216271e-10|7.621092e-05|
| 40  |True   |  311  |9.885885e-06|6.013159e-05|3.490693e-10|3.292958e-05|
| 39  |True   |  376  |9.538321e-06|1.203787e-05|6.787629e-10|7.406372e-05|
| 44  |True   |  358  |9.051174e-06|1.155119e-05|3.374161e-13|4.377553e-08|
| 43  |True   |  336  |9.751604e-06|1.934113e-05|5.069786e-10|5.137954e-05|
| 46  |True   |  340  |9.507358e-06|2.297793e-05|4.396398e-10|4.499090e-05|
| 41  |True   |  344  |9.918284e-06|1.497853e-05|2.494166e-13|2.954333e-08|
| 48  |True   |  342  |9.333903e-06|1.397590e-05|5.717931e-10|6.247525e-05|
| 45  |True   |  377  |9.986968e-06|1.248641e-05|7.345027e-10|7.685353e-05|
| 47  |True   |  359  |9.333431e-06|1.206803e-05|6.423875e-10|7.137038e-05|
| 42  |True   |  385  |9.609770e-06|1.210927e-05|6.876180e-10|7.451314e-05|
| 49  |True   |  387  |9.409127e-06|1.193471e-05|6.612662e-10|7.305719e-05|
| 50  |True   |  341  |9.596084e-06|1.718834e-05|9.298506e-10|7.873539e-05|
| 51  |True   |  364  |9.847276e-06|1.234675e-05|7.170560e-10|7.598689e-05|
| 53  |True   |  324  |9.883938e-06|2.144010e-05|4.910801e-10|4.862275e-05|
| 52  |True   |  378  |9.705651e-06|1.220566e-05|3.718355e-13|4.431870e-08|
| 55  |True   |  364  |9.098528e-06|1.159855e-05|3.380398e-13|4.321469e-08|
| 60  |True   |  331  |9.472675e-06|1.549984e-05|2.168564e-10|3.709377e-05|
| 56  |True   |  353  |9.809053e-06|2.080146e-05|4.923485e-10|4.925614e-05|
| 61  |True   |  346  |9.434706e-06|1.254619e-05|6.385307e-10|6.998213e-05|
| 57  |True   |  363  |9.398818e-06|1.189885e-05|3.559937e-13|4.419914e-08|
| 62  |True   |  319  |9.700616e-06|3.045244e-05|4.053046e-10|3.985200e-05|
| 54  |True   |  375  |9.477971e-06|1.197802e-05|3.858152e-13|5.337801e-08|
| 58  |True   |  349  |9.252624e-06|1.213261e-05|3.347348e-13|4.526762e-08|
| 59  |True   |  341  |9.273543e-06|1.227436e-05|8.323400e-10|8.002499e-05|
| 64  |True   |  348  |9.929782e-06|1.242983e-05|3.851439e-13|4.494325e-08|
| 63  |True   |  379  |9.681613e-06|1.218120e-05|6.965088e-10|7.495585e-05|
| 66  |True   |  336  |9.854123e-06|1.554728e-05|5.976563e-10|6.150511e-05|
| 69  |True   |  325  |9.146289e-06|3.131638e-05|6.237818e-10|8.138447e-05|
| 67  |True   |  349  |9.472851e-06|1.218955e-05|9.152008e-10|1.167442e-04|
| 72  |True   |  336  |9.823553e-06|1.348067e-05|3.661312e-10|4.421543e-05|
| 71  |True   |  346  |9.933033e-06|1.243253e-05|7.277396e-10|7.652202e-05|
| 75  |True   |  339  |9.025396e-06|1.664281e-05|8.324226e-10|1.077479e-04|
| 68  |True   |  365  |9.898977e-06|1.239845e-05|7.235025e-10|7.630720e-05|
| 74  |True   |  338  |9.405060e-06|1.586589e-05|5.334207e-10|5.064001e-05|
| 73  |True   |  378  |9.952723e-06|1.245219e-05|7.302084e-10|7.664050e-05|
| 70  |True   |  410  |9.795278e-06|1.229475e-05|7.106011e-10|7.566528e-05|
| 76  |True   |  359  |9.735253e-06|1.223477e-05|7.030846e-10|7.528704e-05|
| 77  |True   |  391  |9.455892e-06|1.195542e-05|6.686315e-10|7.355030e-05|
| 78  |True   |  340  |9.159278e-06|1.673486e-05|6.251231e-10|7.698289e-05|
| 65  |True   |  798  |9.649901e-06|1.214940e-05|6.947619e-10|7.505240e-05|
| 81  |True   |  343  |9.535489e-06|1.497853e-05|9.497671e-10|1.166142e-04|
| 84  |True   |  329  |9.541159e-06|2.418015e-05|4.322154e-10|4.390155e-05|
| 82  |True   |  348  |9.405441e-06|1.213261e-05|3.421819e-13|4.288850e-08|
| 80  |True   |  320  |9.168377e-06|1.668034e-05|6.142927e-11|1.766430e-05|
| 83  |True   |  325  |9.199544e-06|3.131638e-05|6.244370e-10|7.848702e-05|
| 86  |True   |  275  |9.012772e-06|1.329638e-05|7.908542e-10|3.329405e-08|
| 85  |True   |  334  |9.347363e-06|1.213261e-05|3.407889e-13|4.205727e-08|
| 87  |True   |  373  |9.506945e-06|1.200645e-05|6.749245e-10|7.387100e-05|
| 88  |True   |  323  |9.416132e-06|3.479598e-05|6.217758e-10|7.691315e-05|
| 89  |True   |  369  |9.100734e-06|1.160075e-05|3.369915e-13|4.282482e-08|
| 90  |True   |  291  |9.333479e-06|1.458305e-05|3.435748e-11|2.932391e-09|
| 91  |True   |  308  |9.416104e-06|5.303456e-05|2.979455e-10|3.126678e-05|
| 93  |True   |  311  |9.066362e-06|3.479598e-05|1.825545e-10|3.186687e-05|
| 95  |True   |  323  |9.024314e-06|1.397242e-05|9.856235e-11|3.149457e-05|
| 94  |True   |  324  |9.012722e-06|1.348067e-05|1.735673e-10|3.398629e-05|
| 98  |True   |  310  |9.004227e-06|2.818474e-05|1.129814e-10|2.967343e-05|
| 79  |True   |  808  |9.557079e-06|1.205658e-05|6.804732e-10|7.410902e-05|
| 92  |True   |  370  |9.906125e-06|1.240617e-05|3.958202e-13|4.868741e-08|
| 96  |True   |  343  |9.978666e-06|1.264055e-05|4.522248e-10|5.444950e-05|
| 97  |True   |  357  |9.645125e-06|1.367984e-05|6.264369e-10|6.734102e-05|
| 100 |True   |  302  |9.024002e-06|4.773111e-05|1.282548e-10|2.903234e-05|
| 99  |True   |  381  |9.759402e-06|1.225944e-05|3.815195e-13|4.651528e-08|
| 103 |True   |  348  |9.510286e-06|3.063880e-05|3.902326e-10|3.922679e-05|
| 102 |True   |  358  |9.179554e-06|1.325646e-05|5.409750e-10|5.341663e-05|
| 101 |True   |  378  |9.256408e-06|1.175593e-05|6.435990e-10|7.223110e-05|
| 105 |True   |  346  |9.533504e-06|1.224456e-05|6.678580e-10|7.274636e-05|
| 106 |True   |  347  |9.157257e-06|1.348067e-05|9.854099e-10|1.403728e-04|
| 107 |True   |  345  |9.378428e-06|1.278204e-05|6.196860e-10|6.811188e-05|
| 104 |True   |  370  |9.381899e-06|1.199593e-05|6.537681e-10|7.236350e-05|
| 109 |True   |  343  |9.786486e-06|1.497853e-05|9.909607e-10|1.178073e-04|
| 108 |True   |  384  |9.920883e-06|1.242034e-05|7.262224e-10|7.644221e-05|
| 110 |True   |  380  |9.731720e-06|1.297549e-05|6.680131e-10|7.103074e-05|
| 111 |True   |  383  |9.969448e-06|1.246890e-05|7.323078e-10|7.674501e-05|
| 113 |True   |  333  |9.385345e-06|1.378942e-05|5.849337e-10|6.369574e-05|
| 112 |True   |  384  |9.405271e-06|1.190529e-05|3.741189e-13|5.038063e-08|
| 116 |True   |  251  |9.332604e-06|1.467651e-05|9.455901e-10|7.357416e-08|
| 114 |True   |  340  |9.562694e-06|1.521809e-05|5.676250e-10|6.011413e-05|
| 115 |True   |  348  |9.791823e-06|1.288843e-05|6.066941e-10|5.736951e-05|
| 119 |True   |  318  |9.324044e-06|1.613795e-05|5.156729e-10|5.554158e-05|
| 117 |True   |  348  |9.016292e-06|1.213261e-05|2.924917e-13|3.747653e-08|
| 120 |True   |  375  |9.954009e-06|1.245348e-05|7.303444e-10|7.664659e-05|
| 118 |True   |  381  |9.637673e-06|1.213716e-05|6.910714e-10|7.468728e-05|
| 122 |True   |  346  |9.469800e-06|1.251473e-05|6.466171e-10|7.069180e-05|
| 121 |True   |  404  |9.831367e-06|1.233083e-05|7.150922e-10|7.588958e-05|
| 126 |True   |  343  |9.479571e-06|1.497853e-05|9.479974e-10|1.202557e-04|
| 123 |True   |  365  |9.134813e-06|1.163483e-05|3.413392e-13|4.370446e-08|
| 125 |True   |  332  |9.315031e-06|2.282964e-05|7.478158e-10|1.042835e-04|
| 124 |True   |  398  |9.549197e-06|1.204868e-05|6.801411e-10|7.413547e-05|
| 127 |True   |  346  |9.522005e-06|1.348067e-05|3.071966e-13|4.620940e-08|
| 128 |True   |  378  |9.405349e-06|1.326766e-05|6.055943e-10|6.611243e-05|
| 129 |True   |  359  |9.552202e-06|1.205174e-05|6.804556e-10|7.414798e-05|
| 130 |True   |  345  |9.492125e-06|1.230128e-05|6.086519e-10|5.764838e-05|
| 131 |True   |  341  |9.707335e-06|1.664281e-05|9.098587e-10|1.094183e-04|
| 134 |True   |  311  |9.582328e-06|4.970311e-05|3.449945e-10|3.391607e-05|
| 135 |True   |  343  |9.330856e-06|1.497853e-05|9.308387e-10|1.238114e-04|
| 132 |True   |  365  |9.049400e-06|1.154943e-05|3.369420e-13|4.366269e-08|
| 133 |True   |  382  |9.817442e-06|1.231691e-05|7.133538e-10|7.580278e-05|
| 136 |True   |  287  |9.254225e-06|1.247992e-05|7.665490e-10|2.607572e-08|
| 137 |True   |  351  |9.870339e-06|1.236988e-05|7.198505e-10|7.611920e-05|
| 138 |True   |  364  |9.538388e-06|1.203790e-05|6.788040e-10|7.406658e-05|
| 139 |True   |  348  |9.121110e-06|1.213261e-05|3.290173e-13|4.788637e-08|
| 140 |True   |  330  |9.597010e-06|2.536627e-05|7.253631e-10|8.814988e-05|
| 143 |True   |  301  |9.314956e-06|1.876274e-05|8.776976e-10|9.007919e-08|
| 142 |True   |  336  |9.442838e-06|1.919444e-05|4.764759e-10|4.984824e-05|
| 141 |True   |  360  |9.704209e-06|1.220459e-05|3.814294e-13|4.744902e-08|
| 144 |True   |  343  |9.748860e-06|1.405186e-05|6.292182e-10|6.614992e-05|
| 145 |True   |  361  |9.638714e-06|1.348067e-05|2.951509e-13|3.746126e-08|
| 146 |True   |  355  |9.394003e-06|1.471151e-05|5.588027e-10|6.036218e-05|
| 147 |True   |  347  |9.908337e-06|1.240786e-05|7.245864e-10|7.635918e-05|
| 148 |True   |  328  |9.759456e-06|2.874174e-05|4.190103e-10|4.106146e-05|
| 149 |True   |  326  |9.982033e-06|3.131638e-05|7.057419e-10|8.530389e-05|
| 150 |True   |  302  |9.725785e-06|1.316805e-05|8.657578e-10|6.771763e-07|
| 152 |True   |  299  |9.224641e-06|1.108821e-04|4.909752e-10|7.190779e-05|
| 151 |True   |  377  |9.664289e-06|1.216377e-05|6.943437e-10|7.485064e-05|
| 153 |True   |  487  |9.749247e-06|1.224877e-05|7.048497e-10|7.537889e-05|
| 156 |True   |  313  |9.330375e-06|5.420162e-05|3.247437e-10|3.301199e-05|
| 155 |True   |  336  |9.812315e-06|2.054668e-05|8.374462e-10|9.991145e-05|
| 157 |True   |  345  |9.274781e-06|1.348067e-05|9.736888e-10|1.214135e-04|
| 154 |True   |  392  |9.568833e-06|1.206839e-05|6.824746e-10|7.424900e-05|
| 162 |True   |  348  |9.616467e-06|1.221232e-05|5.238342e-10|5.078235e-05|
| 165 |True   |  336  |9.414417e-06|1.355052e-05|5.796385e-10|5.496449e-05|
| 158 |True   |  342  |9.277296e-06|1.388472e-05|5.666267e-10|6.229495e-05|
| 160 |True   |  333  |9.906692e-06|2.282964e-05|8.014656e-10|9.424804e-05|
| 159 |True   |  361  |9.774174e-06|1.227420e-05|4.226095e-13|6.170692e-08|
| 161 |True   |  331  |9.521529e-06|2.383015e-05|4.333969e-10|4.416375e-05|
| 163 |True   |  338  |9.804591e-06|1.660737e-05|5.645014e-10|5.788889e-05|
| 164 |True   |  298  |9.501694e-06|1.895777e-05|1.269090e-10|4.143660e-05|
| 166 |True   |  337  |9.107026e-06|1.849201e-05|7.985716e-10|1.059065e-04|
| 169 |True   |  319  |9.239841e-06|3.131638e-05|3.223029e-10|3.840909e-05|
| 167 |True   |  320  |9.859011e-06|3.621515e-05|3.931383e-10|3.763834e-05|
| 168 |True   |  323  |9.957494e-06|2.358202e-05|4.750656e-10|4.628388e-05|
| 171 |True   |  350  |9.618491e-06|1.497853e-05|9.939543e-10|1.356934e-04|
| 170 |True   |  339  |9.785632e-06|1.603488e-05|5.758073e-10|5.939226e-05|
| 174 |True   |  338  |9.498752e-06|1.869170e-05|5.089770e-10|5.389952e-05|
| 172 |True   |  354  |9.424722e-06|1.245002e-05|6.596200e-10|7.029310e-05|
| 176 |True   |  348  |9.218091e-06|1.213261e-05|3.155957e-13|3.959519e-08|
| 175 |True   |  347  |9.774855e-06|1.299864e-05|6.013940e-10|5.704149e-05|
| 173 |True   |  370  |9.464481e-06|1.196453e-05|3.574830e-13|4.362947e-08|
| 178 |True   |  368  |9.243874e-06|1.174391e-05|3.452268e-13|4.321498e-08|
| 179 |True   |  359  |9.926971e-06|1.242645e-05|7.269842e-10|7.647772e-05|
| 180 |True   |  334  |9.045215e-06|1.380322e-05|2.196254e-10|3.890158e-05|
| 181 |True   |  320  |9.140755e-06|3.866220e-05|5.783992e-10|7.393301e-05|
| 177 |True   |  586  |9.826235e-06|1.232571e-05|7.144266e-10|7.585577e-05|
| 182 |True   |  344  |9.649144e-06|1.497853e-05|2.610553e-13|4.167396e-08|
| 183 |True   |  320  |9.910662e-06|1.284129e-05|9.499638e-10|3.472068e-07|
| 187 |True   |  309  |9.358459e-06|4.773111e-05|2.774228e-10|3.089526e-05|
| 186 |True   |  316  |9.696968e-06|3.479598e-05|2.948673e-10|3.283840e-05|
| 184 |True   |  326  |9.054191e-06|1.348067e-05|9.483817e-10|1.272928e-04|
| 188 |True   |  347  |9.902270e-06|1.240175e-05|7.238783e-10|7.632491e-05|
| 185 |True   |  396  |9.338706e-06|1.183822e-05|6.542480e-10|7.281766e-05|
| 189 |True   |  343  |9.601298e-06|1.320826e-05|6.377826e-10|6.843977e-05|
| 190 |True   |  358  |9.533205e-06|1.213261e-05|3.550235e-13|4.318895e-08|
| 193 |True   |  316  |9.642286e-06|1.497615e-05|4.300507e-10|1.108275e-07|
| 191 |True   |  400  |9.538829e-06|1.337271e-05|6.219888e-10|6.701777e-05|
| 195 |True   |  339  |9.898529e-06|1.404835e-05|3.969643e-10|4.777751e-05|
| 192 |True   |  341  |9.840889e-06|1.490473e-05|5.548636e-10|5.060569e-05|
| 194 |True   |  358  |9.602224e-06|1.210227e-05|3.660747e-13|4.419827e-08|
| 199 |True   |  312  |9.677239e-06|1.868094e-05|5.090584e-10|5.212901e-05|
| 196 |True   |  327  |9.491320e-06|1.297165e-05|1.641014e-10|3.158753e-05|
| 197 |True   |  333  |9.723962e-06|2.282964e-05|7.806960e-10|9.429963e-05|
| 198 |True   |  332  |9.102508e-06|2.282964e-05|7.043139e-10|8.964696e-05|
| 201 |True   |  341  |9.863876e-06|1.664281e-05|9.463049e-10|1.170090e-04|
| 200 |True   |  337  |9.093894e-06|1.849201e-05|8.121157e-10|1.174961e-04|
| 202 |True   |  338  |9.952527e-06|1.741485e-05|5.648879e-10|5.684697e-05|
| 206 |True   |  271  |9.365784e-06|3.180068e-04|2.155862e-10|2.829336e-05|
| 205 |True   |  324  |9.759798e-06|2.282964e-05|2.963642e-10|3.875835e-05|
| 203 |True   |  359  |9.458172e-06|1.195820e-05|3.790613e-13|5.117177e-08|
| 204 |True   |  340  |9.595090e-06|1.495960e-05|5.790300e-10|6.126168e-05|
| 208 |True   |  345  |9.389300e-06|1.270430e-05|6.245334e-10|6.861914e-05|
| 207 |True   |  392  |9.804666e-06|1.230472e-05|4.214795e-13|6.043443e-08|
| 211 |True   |  326  |9.427358e-06|1.200619e-05|2.217388e-12|3.399387e-07|
| 209 |True   |  348  |9.761724e-06|1.226183e-05|3.789986e-13|4.566050e-08|
| 213 |True   |  328  |9.466705e-06|2.719437e-05|4.049016e-10|4.116552e-05|
| 212 |True   |  383  |9.988981e-06|1.586277e-05|6.071268e-10|6.160535e-05|
| 210 |True   |  404  |9.541508e-06|1.204103e-05|6.791563e-10|7.408374e-05|
| 214 |True   |  347  |9.503210e-06|1.235524e-05|6.440699e-10|7.032685e-05|
| 215 |True   |  372  |9.752158e-06|1.225166e-05|7.046104e-10|7.532403e-05|
| 217 |True   |  351  |9.842897e-06|1.348067e-05|3.280078e-13|4.354103e-08|
| 216 |True   |  362  |9.139484e-06|1.163952e-05|3.538632e-13|4.805055e-08|
| 219 |True   |  332  |9.937213e-06|2.367226e-05|4.723245e-10|4.609421e-05|
| 218 |True   |  328  |9.649281e-06|2.469059e-05|4.374909e-10|4.384568e-05|
| 220 |True   |  323  |9.228441e-06|3.479598e-05|6.152820e-10|8.452309e-05|
| 221 |True   |  369  |9.328364e-06|1.182790e-05|6.530117e-10|7.275291e-05|
| 225 |True   |  332  |9.305881e-06|2.308349e-05|4.260552e-10|4.471653e-05|
| 223 |True   |  335  |9.525851e-06|2.054668e-05|8.193874e-10|1.115522e-04|
| 226 |True   |  333  |9.740309e-06|2.156331e-05|4.761587e-10|4.780108e-05|
| 222 |True   |  394  |9.816914e-06|1.231694e-05|4.072901e-13|5.443828e-08|
| 224 |True   |  360  |9.955032e-06|1.245507e-05|4.106281e-13|5.287381e-08|
| 228 |True   |  343  |9.479871e-06|1.497853e-05|9.445568e-10|1.183172e-04|
| 227 |True   |  388  |9.868510e-06|1.236797e-05|7.197163e-10|7.611995e-05|
| 229 |True   |  338  |9.980647e-06|1.849201e-05|9.140953e-10|1.059112e-04|
| 231 |True   |  309  |9.606336e-06|3.131638e-05|1.138066e-10|3.125118e-05|
| 230 |True   |  329  |9.205980e-06|1.228526e-05|7.045913e-11|1.687435e-07|
| 232 |True   |  337  |9.147084e-06|1.213261e-05|3.437836e-10|4.677072e-05|
| 233 |True   |  368  |9.028178e-06|1.152820e-05|3.498254e-13|4.869117e-08|
| 234 |True   |  341  |9.856530e-06|1.500422e-05|6.137641e-10|6.342274e-05|
| 235 |True   |  307  |9.046063e-06|7.274974e-05|5.072885e-10|7.563655e-05|
| 237 |True   |  331  |9.993343e-06|2.215505e-05|4.939646e-10|4.823726e-05|
| 238 |True   |  342  |9.750242e-06|1.428065e-05|6.567166e-10|6.026987e-05|
| 239 |True   |  330  |9.185317e-06|2.536627e-05|6.790691e-10|8.553626e-05|
| 236 |True   |  371  |9.173708e-06|1.167373e-05|3.482820e-13|4.542228e-08|
| 240 |True   |  304  |9.425208e-06|6.767894e-05|3.177747e-10|3.187585e-05|
| 242 |True   |  340  |9.158073e-06|1.664281e-05|8.488249e-10|1.070086e-04|
| 244 |True   |  297  |9.756719e-06|1.232385e-04|4.503492e-10|5.817258e-05|
| 241 |True   |  395  |9.881579e-06|1.238105e-05|7.212988e-10|7.619546e-05|
| 246 |True   |  274  |9.166143e-06|5.892729e-05|5.474330e-10|5.008864e-05|
| 245 |True   |  348  |9.240239e-06|1.213261e-05|3.290130e-13|4.243965e-08|
| 243 |True   |  371  |9.429019e-06|1.192904e-05|3.665870e-13|4.723773e-08|
| 248 |True   |  314  |9.739521e-06|2.818474e-05|1.653461e-10|3.175003e-05|
| 247 |True   |  340  |9.262804e-06|1.664281e-05|8.901480e-10|1.236921e-04|
| 249 |True   |  348  |9.164557e-06|1.348067e-05|9.735025e-10|1.313059e-04|
| 250 |True   |  341  |8.995898e-06|1.486135e-05|6.003308e-10|5.438413e-05|
| 252 |True   |  371  |9.653898e-06|1.442624e-05|6.030413e-10|6.373340e-05|
| 251 |True   |  379  |9.573517e-06|1.207301e-05|6.831385e-10|7.428682e-05|
| 253 |True   |  361  |9.894559e-06|1.239404e-05|7.229323e-10|7.627933e-05|
| 256 |True   |  282  |9.541721e-06|1.282373e-05|6.151970e-11|1.137319e-08|
| 254 |True   |  341  |9.836199e-06|1.554615e-05|5.953478e-10|6.136206e-05|
| 257 |True   |  332  |9.728827e-06|1.664281e-05|3.843082e-10|5.248157e-05|
| 255 |True   |  369  |9.385402e-06|1.188542e-05|3.606123e-13|4.595775e-08|
| 258 |True   |  360  |9.283320e-06|1.450618e-05|5.495537e-10|6.009465e-05|
| 260 |True   |  303  |9.557750e-06|1.266010e-05|7.826410e-10|1.001381e-08|
| 259 |True   |  392  |9.252228e-06|1.175176e-05|6.436637e-10|7.227493e-05|
| 261 |True   |  344  |9.698781e-06|1.324394e-05|7.088212e-10|7.216728e-05|
| 263 |True   |  314  |9.648999e-06|4.773111e-05|4.723111e-10|6.556427e-05|
| 264 |True   |  340  |9.489790e-06|1.664281e-05|9.049047e-10|1.118989e-04|
| 262 |True   |  349  |9.800752e-06|1.230033e-05|7.112441e-10|7.569098e-05|
| 265 |True   |  400  |9.381806e-06|1.188131e-05|6.595403e-10|7.308845e-05|
| 268 |True   |  294  |9.137217e-06|1.497853e-05|2.272119e-10|4.756686e-08|
| 267 |True   |  334  |9.906912e-06|1.849201e-05|9.087880e-10|1.245602e-04|
| 266 |True   |  384  |9.384086e-06|1.188359e-05|6.598096e-10|7.310174e-05|
| 269 |True   |  335  |9.362665e-06|2.054668e-05|7.789878e-10|9.749954e-05|
| 272 |True   |  245  |9.404653e-06|3.650914e-05|7.162751e-10|1.154192e-07|
| 270 |True   |  341  |9.763824e-06|1.664281e-05|9.163668e-10|1.086850e-04|
| 271 |True   |  330  |9.605730e-06|2.536627e-05|7.450572e-10|1.013788e-04|
| 273 |True   |  332  |9.440292e-06|1.664281e-05|3.849787e-10|4.349247e-05|
| 274 |True   |  362  |9.773269e-06|1.511641e-05|6.587317e-10|7.274801e-05|
| 277 |True   |  290  |9.791694e-06|1.319502e-05|3.209470e-10|6.268420e-08|
| 275 |True   |  335  |9.313003e-06|2.054668e-05|7.862115e-10|1.064566e-04|
| 276 |True   |  335  |9.954247e-06|1.849201e-05|9.154024e-10|1.084327e-04|
| 278 |True   |  330  |9.727006e-06|1.259483e-05|6.840786e-10|7.303703e-05|
| 280 |True   |  313  |9.922638e-06|2.536627e-05|1.163443e-10|3.173596e-05|
| 279 |True   |  381  |9.641522e-06|1.214100e-05|6.915364e-10|7.471009e-05|
| 282 |True   |  334  |9.369171e-06|1.186870e-05|6.579488e-10|7.300568e-05|
| 284 |True   |  350  |9.287592e-06|1.178763e-05|3.492552e-13|4.382702e-08|
| 283 |True   |  350  |9.969376e-06|1.246961e-05|3.896653e-13|4.572577e-08|
| 281 |True   |  380  |9.798686e-06|1.229816e-05|7.135535e-10|7.693053e-05|
| 286 |True   |  335  |9.073780e-06|2.054668e-05|7.541455e-10|1.041838e-04|
| 287 |True   |  316  |9.561042e-06|1.371202e-05|1.255704e-10|1.684162e-05|
| 288 |True   |  376  |9.770786e-06|1.227031e-05|7.075081e-10|7.550937e-05|
| 290 |True   |  360  |9.272361e-06|1.177191e-05|6.460655e-10|7.239567e-05|
| 289 |True   |  364  |9.862054e-06|1.350004e-05|6.671608e-10|6.982123e-05|
| 285 |True   |  648  |9.731439e-06|1.223094e-05|7.026435e-10|7.526712e-05|
| 292 |True   |  348  |9.109295e-06|1.213261e-05|3.201307e-13|4.470056e-08|
| 291 |True   |  330  |9.613720e-06|1.826384e-05|5.092174e-10|5.261480e-05|
| 293 |True   |  337  |9.267409e-06|1.734416e-05|4.862776e-10|5.230711e-05|
| 295 |True   |  337  |9.561896e-06|1.669419e-05|5.326959e-10|5.584261e-05|
| 296 |True   |  344  |9.823560e-06|1.406134e-05|6.296230e-10|5.638552e-05|
| 297 |True   |  351  |9.665327e-06|2.025714e-05|4.848920e-10|4.933528e-05|
| 294 |True   |  369  |9.955088e-06|1.245459e-05|7.305121e-10|7.665429e-05|
| 298 |True   |  310  |9.509315e-06|2.116902e-05|7.446441e-12|2.245002e-07|
| 299 |True   |  350  |9.902560e-06|1.240267e-05|4.220541e-13|5.838564e-08|
| 300 |True   |  335  |9.550820e-06|1.355440e-05|3.750484e-10|5.098688e-05|
| 301 |True   |  373  |9.266102e-06|1.176563e-05|6.447771e-10|7.229083e-05|
| 305 |True   |  358  |9.591364e-06|1.209142e-05|3.807920e-13|4.926811e-08|
| 302 |True   |  338  |9.932127e-06|1.849201e-05|9.080928e-10|1.062015e-04|
| 303 |True   |  329  |9.194575e-06|1.497853e-05|2.236704e-10|4.961835e-05|
| 307 |True   |  324  |9.554827e-06|1.242661e-05|6.002192e-10|3.659259e-05|
| 304 |True   |  350  |9.276228e-06|1.177590e-05|6.469575e-10|7.244463e-05|
| 306 |True   |  373  |9.819684e-06|1.231915e-05|7.130339e-10|7.574675e-05|
| 309 |True   |  369  |9.636453e-06|1.213649e-05|4.024992e-13|5.653838e-08|
| 308 |True   |  337  |8.790995e-06|1.393166e-05|2.784896e-10|4.885688e-05|
| 310 |True   |  372  |9.391876e-06|1.189189e-05|3.657075e-13|4.756268e-08|
| 313 |True   |  346  |9.102010e-06|1.202418e-05|1.956864e-10|3.738825e-05|
| 315 |True   |  337  |9.334674e-06|1.849201e-05|8.205631e-10|1.014970e-04|
| 314 |True   |  345  |9.032948e-06|1.348067e-05|9.296183e-10|1.189690e-04|
| 317 |True   |  317  |9.636799e-06|4.013662e-05|3.668808e-10|3.595753e-05|
| 312 |True   |  363  |9.468592e-06|1.196811e-05|6.701931e-10|7.363092e-05|
| 311 |True   |  371  |9.352444e-06|1.185246e-05|3.675983e-13|4.898176e-08|
| 316 |True   |  340  |9.801955e-06|1.702259e-05|5.560055e-10|5.690346e-05|
| 321 |True   |  328  |9.743216e-06|2.818474e-05|7.227269e-10|9.610351e-05|
| 320 |True   |  333  |9.978026e-06|2.282964e-05|8.140344e-10|9.663322e-05|
| 318 |True   |  330  |9.816625e-06|2.149930e-05|4.705447e-10|4.274015e-05|
| 319 |True   |  385  |9.568891e-06|1.206838e-05|6.825575e-10|7.425678e-05|
| 327 |True   |  349  |9.902742e-06|1.240355e-05|7.541459e-10|7.820782e-05|
| 322 |True   |  343  |9.210293e-06|1.313263e-05|4.562188e-10|5.118295e-05|
| 324 |True   |  333  |9.727090e-06|2.018299e-05|4.922175e-10|4.979005e-05|
| 331 |True   |  340  |9.087501e-06|1.664281e-05|8.385795e-10|1.067387e-04|
| 330 |True   |  343  |9.634177e-06|1.497853e-05|9.636431e-10|1.160356e-04|
| 328 |True   |  343  |9.567888e-06|1.400651e-05|6.043502e-10|6.459490e-05|
| 326 |True   |  343  |9.218198e-06|1.497853e-05|9.174434e-10|1.266702e-04|
| 325 |True   |  377  |9.411981e-06|1.191149e-05|6.632307e-10|7.327636e-05|
| 332 |True   |  339  |9.999407e-06|1.849201e-05|9.030063e-10|1.098068e-04|
| 333 |True   |  348  |9.385691e-06|1.213261e-05|3.783043e-13|5.796075e-08|
| 334 |True   |  366  |9.777539e-06|1.227705e-05|7.083468e-10|7.555136e-05|
| 329 |True   |  594  |9.557013e-06|1.205651e-05|6.811024e-10|7.418397e-05|
| 336 |True   |  365  |9.378424e-06|1.213261e-05|3.380970e-13|4.237901e-08|
| 335 |True   |  372  |9.543278e-06|1.204277e-05|6.793997e-10|7.409748e-05|
| 338 |True   |  302  |9.371851e-06|1.637762e-05|8.731891e-10|2.850271e-04|
| 341 |True   |  299  |9.329148e-06|1.403526e-05|5.759406e-10|9.125759e-07|
| 342 |True   |  261  |9.055373e-06|1.664281e-05|8.284324e-10|2.893383e-08|
| 339 |True   |  330  |9.674017e-06|2.536627e-05|7.389604e-10|9.168175e-05|
| 340 |True   |  345  |9.660498e-06|1.216008e-05|6.939249e-10|7.482784e-05|
| 337 |True   |  372  |9.476708e-06|1.197622e-05|6.711959e-10|7.368066e-05|
| 347 |True   |  310  |9.263287e-06|4.295800e-05|2.434820e-10|3.326287e-05|
| 346 |True   |  327  |9.400592e-06|1.415055e-05|5.386258e-12|1.636341e-06|
| 348 |True   |  339  |9.841043e-06|1.850153e-05|8.679708e-10|1.185910e-04|
| 344 |True   |  366  |9.861984e-06|1.348067e-05|3.201474e-13|4.003798e-08|
| 352 |True   |  342  |9.529619e-06|1.437713e-05|5.870078e-10|6.276724e-05|
| 343 |True   |  350  |9.299487e-06|1.179912e-05|6.494016e-10|7.256451e-05|
| 345 |True   |  333  |9.612516e-06|2.148374e-05|4.646656e-10|4.727908e-05|
| 349 |True   |  342  |9.553788e-06|1.298588e-05|6.762284e-10|6.326739e-05|
| 351 |True   |  307  |9.478737e-06|4.776153e-05|2.087836e-10|3.191153e-05|
| 350 |True   |  329  |9.418423e-06|1.497853e-05|2.133713e-10|3.919795e-05|
| 323 |True   | 1493  |9.322024e-06|1.182164e-05|6.520174e-10|7.269333e-05|
| 353 |True   |  340  |9.241110e-06|1.664281e-05|8.934144e-10|1.289628e-04|
| 354 |True   |  344  |9.504599e-06|1.471668e-05|5.735914e-10|6.131133e-05|
| 355 |True   |  368  |9.980382e-06|1.253446e-05|7.304702e-10|7.642925e-05|
| 358 |True   |  322  |9.429937e-06|1.245421e-05|6.070659e-10|5.949186e-05|
| 360 |True   |  326  |9.579708e-06|2.054668e-05|2.924654e-10|3.766564e-05|
| 359 |True   |  305  |9.073427e-06|8.083305e-05|4.958468e-10|6.862143e-05|
| 357 |True   |  304  |9.736490e-06|1.262653e-05|7.265309e-10|1.934508e-08|
| 361 |True   |  294  |9.340157e-06|1.371335e-04|2.929801e-10|2.985208e-05|
| 363 |True   |  306  |8.603175e-06|1.902936e-05|3.896556e-10|4.186567e-05|
| 356 |True   |  351  |9.622829e-06|1.212288e-05|3.873951e-13|5.102591e-08|
| 365 |True   |  339  |9.518597e-06|1.498678e-05|6.454136e-10|5.571377e-05|
| 364 |True   |  329  |9.344364e-06|2.413457e-05|5.178169e-10|4.410727e-05|
| 362 |True   |  350  |9.146393e-06|1.164651e-05|3.413159e-13|4.350173e-08|
| 366 |True   |  331  |9.346988e-06|2.054668e-05|7.876153e-10|1.042290e-04|
| 367 |True   |  347  |9.188845e-06|1.386422e-05|5.297963e-10|4.975740e-05|
| 372 |True   |  305  |9.106765e-06|8.083305e-05|4.916246e-10|6.272811e-05|
| 368 |True   |  338  |9.879024e-06|1.876921e-05|5.358696e-10|5.399811e-05|
| 369 |True   |  326  |9.738144e-06|3.131638e-05|6.774151e-10|8.149818e-05|
| 376 |True   |  329  |9.059597e-06|2.536627e-05|6.715403e-10|8.903428e-05|
| 370 |True   |  342  |8.866928e-06|1.345313e-05|4.998105e-10|6.492624e-05|
| 374 |True   |  327  |9.791255e-06|2.669968e-05|4.344989e-10|4.263647e-05|
| 373 |True   |  338  |9.110607e-06|1.269537e-05|2.736691e-10|4.350475e-05|
| 371 |True   |  372  |9.417418e-06|1.191693e-05|6.639058e-10|7.331070e-05|
| 377 |True   |  321  |9.544190e-06|1.664281e-05|1.148768e-10|3.110161e-05|
| 375 |True   |  336  |9.972824e-06|1.835266e-05|5.484322e-10|5.475966e-05|
| 378 |True   |  336  |9.678044e-06|1.775942e-05|5.494166e-10|4.898761e-05|
| 379 |True   |  337  |9.519369e-06|1.201902e-05|6.757019e-10|7.385651e-05|
| 380 |True   |  354  |9.842684e-06|1.257467e-05|6.603829e-10|6.054369e-05|
| 383 |True   |  348  |9.182269e-06|1.213261e-05|3.292639e-13|4.567773e-08|
| 382 |True   |  322  |9.433442e-06|1.508678e-05|4.234270e-13|3.156680e-08|
| 381 |True   |  382  |9.496449e-06|1.199619e-05|6.744184e-10|7.385013e-05|
| 385 |True   |  329  |9.494262e-06|2.415985e-05|4.283169e-10|4.373567e-05|
| 389 |True   |  310  |9.809032e-06|5.303456e-05|3.884115e-10|3.313451e-05|
| 387 |True   |  311  |9.335470e-06|1.353970e-05|5.784517e-11|1.278401e-05|
| 388 |True   |  335  |9.322810e-06|2.083346e-05|4.486513e-10|4.726973e-05|
| 384 |True   |  354  |9.290955e-06|1.179101e-05|3.492067e-13|4.374761e-08|
| 390 |True   |  298  |9.346021e-06|1.576229e-05|3.424642e-10|1.086670e-04|
| 391 |True   |  343  |9.839728e-06|1.497853e-05|9.980019e-10|1.172243e-04|
| 386 |True   |  346  |9.795177e-06|1.348067e-05|3.473154e-13|5.381105e-08|
| 392 |True   |  371  |9.275781e-06|1.177530e-05|6.465006e-10|7.241742e-05|
| 393 |True   |  371  |9.889580e-06|1.238960e-05|4.162888e-13|5.637449e-08|
| 396 |True   |  261  |9.545409e-06|1.664281e-05|6.532009e-10|8.018640e-08|
| 394 |True   |  320  |9.865883e-06|2.054668e-05|1.577425e-10|3.240563e-05|
| 395 |True   |  350  |9.568120e-06|1.206817e-05|3.982455e-13|5.638260e-08|
| 397 |True   |  325  |9.234396e-06|1.849201e-05|2.281565e-10|3.845755e-05|
| 398 |True   |  332  |9.336652e-06|2.165828e-05|4.366972e-10|4.574974e-05|
| 399 |True   |  371  |9.531919e-06|1.203145e-05|6.586733e-10|7.178933e-05|
| 403 |True   |  340  |9.672747e-06|1.442786e-05|5.693580e-10|5.363299e-05|
| 400 |True   |  345  |9.321073e-06|1.257446e-05|6.189103e-10|6.851812e-05|
| 402 |True   |  351  |9.450862e-06|1.894069e-05|4.809346e-10|5.033491e-05|
| 401 |True   |  346  |9.729453e-06|1.230221e-05|6.983485e-10|7.475896e-05|
| 404 |True   |  350  |9.920228e-06|1.242028e-05|4.049533e-13|5.157286e-08|
| 405 |True   |  370  |9.306865e-06|1.180638e-05|6.503441e-10|7.261745e-05|
| 406 |True   |  343  |9.205103e-06|1.513111e-05|5.619782e-10|6.417901e-05|
| 409 |True   |  266  |9.515708e-06|1.861763e-05|4.764556e-10|1.520676e-08|
| 408 |True   |  346  |9.766471e-06|1.348067e-05|3.096892e-13|3.912809e-08|
| 407 |True   |  374  |9.134066e-06|1.163409e-05|3.535959e-13|4.803140e-08|
| 411 |True   |  341  |9.836750e-06|1.570169e-05|5.911087e-10|6.084928e-05|
| 410 |True   |  349  |9.452760e-06|1.195280e-05|6.680860e-10|7.349049e-05|
| 413 |True   |  322  |9.686185e-06|3.365826e-05|4.465138e-10|3.796277e-05|
| 414 |True   |  337  |9.635820e-06|1.641205e-05|8.473817e-10|7.141864e-05|
| 416 |True   |  376  |9.821926e-06|1.743998e-05|5.485513e-10|5.585107e-05|
| 417 |True   |  336  |9.534104e-06|1.237374e-05|6.619277e-10|7.201404e-05|
| 415 |True   |  340  |9.255056e-06|1.266657e-05|3.539680e-10|4.676323e-05|
| 412 |True   |  413  |9.383640e-06|1.188315e-05|6.597611e-10|7.309943e-05|
| 420 |True   |  312  |9.930966e-06|5.892729e-05|5.782307e-10|6.920372e-05|
| 418 |True   |  348  |9.229912e-06|1.234426e-05|3.991745e-13|3.686519e-08|
| 419 |True   |  370  |9.970852e-06|1.247087e-05|3.946915e-13|4.720606e-08|
| 421 |True   |  335  |9.190074e-06|2.060995e-05|6.084430e-10|7.797426e-05|
| 422 |True   |  324  |9.823652e-06|1.664281e-05|2.148987e-10|3.922400e-05|
| 423 |True   |  325  |9.137404e-06|3.131638e-05|6.200140e-10|7.921778e-05|
| 424 |True   |  349  |9.797454e-06|1.269517e-05|5.763034e-10|5.473450e-05|
| 425 |True   |  357  |9.488984e-06|1.735338e-05|5.112738e-10|5.375724e-05|
| 429 |True   |  374  |9.472895e-06|1.904602e-05|4.817373e-10|5.027791e-05|
| 426 |True   |  360  |9.237363e-06|1.173739e-05|3.468804e-13|4.387289e-08|
| 428 |True   |  369  |9.411534e-06|1.191105e-05|6.631686e-10|7.327239e-05|
| 427 |True   |  381  |9.538217e-06|1.203771e-05|6.787840e-10|7.406669e-05|
| 430 |True   |  361  |9.000043e-06|1.213261e-05|3.074513e-13|4.350774e-08|
| 431 |True   |  343  |9.969612e-06|1.526543e-05|7.062120e-10|5.806777e-05|
| 434 |True   |  336  |9.866451e-06|1.255929e-05|6.079800e-10|5.625171e-05|
| 433 |True   |  345  |9.512942e-06|1.283011e-05|6.391930e-10|6.935902e-05|
| 432 |True   |  323  |8.981595e-06|1.198359e-05|4.795924e-10|5.396612e-05|
| 435 |True   |  348  |9.151253e-06|1.213261e-05|3.088344e-13|3.926060e-08|
| 441 |True   |  293  |9.621452e-06|1.521016e-04|4.895047e-10|6.035409e-05|
| 436 |True   |  340  |9.132544e-06|1.163378e-05|3.453620e-13|4.370199e-08|
| 437 |True   |  355  |9.581988e-06|1.208202e-05|3.504103e-13|5.297051e-08|
| 440 |True   |  301  |9.046024e-06|3.866220e-05|2.023066e-10|3.972544e-05|
| 438 |True   |  386  |9.855519e-06|1.453897e-05|6.283697e-10|6.519172e-05|
| 439 |True   |  325  |9.431808e-06|1.567139e-05|1.108744e-10|3.198480e-05|
| 443 |True   |  354  |9.280516e-06|1.726829e-05|4.890685e-10|5.255533e-05|
| 446 |True   |  339  |9.743376e-06|1.229134e-05|3.907399e-11|4.983225e-06|
| 442 |True   |  348  |9.281864e-06|1.213261e-05|3.381962e-13|4.553564e-08|
| 444 |True   |  348  |9.788267e-06|1.229139e-05|4.169134e-13|5.065395e-08|
| 447 |True   |  306  |9.467399e-06|1.957467e-05|8.131503e-11|4.221106e-06|
| 445 |True   |  381  |9.643228e-06|1.214272e-05|6.917523e-10|7.472146e-05|
| 449 |True   |  325  |9.491094e-06|1.664281e-05|1.804707e-10|3.606974e-05|
| 448 |True   |  376  |9.422829e-06|1.192234e-05|6.645714e-10|7.334451e-05|
| 452 |True   |  337  |9.279879e-06|1.849201e-05|8.273720e-10|1.098398e-04|
| 450 |True   |  377  |9.967188e-06|1.287225e-05|7.116773e-10|7.428850e-05|
| 451 |True   |  332  |9.629757e-06|2.048336e-05|4.783514e-10|4.879399e-05|
| 454 |True   |  327  |8.969436e-06|1.711373e-05|2.250412e-10|3.703354e-05|
| 456 |True   |  223  |9.904051e-06|1.393238e-04|3.450230e-11|1.555512e-09|
| 455 |True   |  325  |9.454257e-06|3.131638e-05|6.657781e-10|9.341919e-05|
| 458 |True   |  334  |9.311435e-06|1.348067e-05|2.885721e-10|4.099585e-05|
| 459 |True   |  310  |9.863581e-06|2.818474e-05|2.333564e-10|3.274099e-05|
| 457 |True   |  342  |9.410184e-06|1.385624e-05|5.863544e-10|6.366873e-05|
| 453 |True   |  604  |9.434946e-06|1.193445e-05|6.660653e-10|7.342056e-05|
| 461 |True   |  309  |9.560212e-06|3.131638e-05|1.167158e-10|2.915354e-05|
| 460 |True   |  384  |9.920422e-06|1.241988e-05|7.261824e-10|7.644113e-05|
| 464 |True   |  307  |8.995163e-06|1.956041e-05|2.170252e-10|3.608334e-05|
| 465 |True   |  332  |9.264313e-06|2.282964e-05|7.348266e-10|9.838832e-05|
| 463 |True   |  335  |9.937371e-06|1.286302e-05|6.449426e-10|5.934468e-05|
| 462 |True   |  371  |9.917998e-06|1.241802e-05|3.998653e-13|4.981207e-08|
| 466 |True   |  323  |9.933422e-06|3.479598e-05|6.679785e-10|7.812732e-05|
| 467 |True   |  346  |9.494659e-06|1.348067e-05|3.076963e-13|4.705474e-08|
| 468 |True   |  364  |9.206354e-06|1.213261e-05|3.469028e-13|5.208095e-08|
| 469 |True   |  313  |9.023082e-06|4.295800e-05|3.300952e-10|3.553927e-05|
| 470 |True   |  338  |9.749920e-06|1.465564e-05|6.996129e-10|6.028467e-05|
| 477 |True   |  310  |9.767354e-06|5.510289e-05|3.482445e-10|3.338379e-05|
| 472 |True   |  283  |9.164102e-06|1.292040e-05|4.112769e-10|1.680439e-08|
| 473 |True   |  345  |9.263606e-06|1.348067e-05|9.934113e-10|1.332144e-04|
| 471 |True   |  380  |9.415410e-06|1.191544e-05|3.804369e-13|5.258739e-08|
| 475 |True   |  317  |9.430891e-06|1.213261e-05|3.440482e-13|4.272581e-08|
| 478 |True   |  377  |9.925950e-06|1.442511e-05|6.424944e-10|6.632700e-05|
| 476 |True   |  348  |9.288355e-06|1.196937e-05|6.735044e-10|6.503564e-05|
| 474 |True   |  484  |9.666881e-06|1.216691e-05|3.977897e-13|5.402497e-08|
| 479 |True   |  339  |9.417022e-06|1.213261e-05|4.317771e-10|5.183823e-05|
| 480 |True   |  358  |9.517446e-06|1.454140e-05|5.804245e-10|6.205244e-05|
| 482 |True   |  320  |9.120873e-06|3.866220e-05|5.761247e-10|7.343377e-05|
| 484 |True   |  340  |9.388588e-06|1.497853e-05|9.388263e-10|1.232061e-04|
| 481 |True   |  401  |9.903623e-06|1.240313e-05|7.240422e-10|7.633146e-05|
| 487 |True   |  331  |9.915226e-06|2.536627e-05|7.870129e-10|1.092780e-04|
| 486 |True   |  373  |9.847114e-06|1.234658e-05|7.170529e-10|7.598754e-05|
| 485 |True   |  341  |8.994312e-06|1.245048e-05|4.854260e-10|5.236066e-05|
| 483 |True   |  345  |9.541020e-06|1.309242e-05|6.326682e-10|6.816602e-05|
| 489 |True   |  326  |9.677679e-06|3.131638e-05|6.738475e-10|8.281792e-05|
| 488 |True   |  336  |9.737480e-06|2.054668e-05|8.478050e-10|1.130666e-04|
| 491 |True   |  335  |9.489446e-06|2.054668e-05|7.940770e-10|9.744589e-05|
| 490 |True   |  339  |9.536848e-06|1.408349e-05|3.602023e-10|5.138031e-05|
| 492 |True   |  340  |9.528418e-06|1.569990e-05|5.509805e-10|5.833767e-05|
| 493 |True   |  371  |9.370677e-06|1.187020e-05|6.389105e-10|7.073751e-05|
| 494 |True   |  386  |9.837735e-06|1.233722e-05|7.158527e-10|7.592584e-05|
| 496 |True   |  337  |9.367646e-06|1.643931e-05|5.147679e-10|5.508991e-05|
| 498 |True   |  355  |9.714026e-06|1.221348e-05|7.484419e-10|8.363133e-05|
| 497 |True   |  328  |9.557459e-06|1.677632e-05|5.903368e-10|6.605080e-05|
| 495 |True   |  341  |9.362844e-06|1.558755e-05|5.327306e-10|5.735605e-05|
| 500 |True   |  321  |9.442698e-06|3.875912e-05|4.405579e-10|5.007697e-05|
| 501 |True   |  369  |9.958539e-06|1.245801e-05|7.309201e-10|7.667502e-05|
| 499 |True   |  336  |9.955109e-06|2.054668e-05|8.601509e-10|1.026348e-04|
| 502 |True   |  359  |9.907666e-06|1.240713e-05|7.245826e-10|7.636131e-05|
| 504 |True   |  359  |9.984780e-06|1.248426e-05|7.121232e-10|7.433892e-05|
| 503 |True   |  325  |9.798468e-06|2.765777e-05|4.288590e-10|4.192845e-05|
| 506 |True   |  359  |9.555951e-06|1.205547e-05|6.808692e-10|7.416465e-05|
| 507 |True   |  351  |9.566960e-06|1.894791e-05|5.166970e-13|3.153933e-08|
| 505 |True   |  401  |9.937337e-06|1.243680e-05|7.282107e-10|7.653615e-05|
| 508 |True   |  318  |9.430606e-06|1.275586e-05|2.810742e-11|1.447109e-09|
| 509 |True   |  326  |9.471597e-06|2.923583e-05|3.940550e-10|3.988550e-05|
| 510 |True   |  280  |9.108026e-06|1.355630e-05|7.980440e-10|2.764232e-08|
| 513 |True   |  315  |9.587815e-06|2.282964e-05|1.150322e-10|3.030694e-05|
| 514 |True   |  303  |9.478414e-06|8.981450e-05|5.065225e-10|6.172958e-05|
| 512 |True   |  318  |9.320603e-06|4.295800e-05|5.862851e-10|8.169449e-05|
| 511 |True   |  379  |9.812769e-06|1.231235e-05|7.125710e-10|7.574699e-05|
| 516 |True   |  336  |9.650708e-06|2.054668e-05|8.413962e-10|1.171413e-04|
| 517 |True   |  346  |9.681460e-06|1.218101e-05|6.964903e-10|7.495739e-05|
| 515 |True   |  373  |9.260877e-06|1.176039e-05|6.446131e-10|7.231572e-05|
| 518 |True   |  349  |9.878090e-06|1.237779e-05|7.206317e-10|7.615160e-05|
| 519 |True   |  366  |9.056616e-06|1.213261e-05|3.231194e-13|4.795343e-08|
| 520 |True   |  322  |9.368324e-06|1.348067e-05|9.924177e-10|1.231655e-04|
| 522 |True   |  343  |9.465483e-06|1.497853e-05|9.357343e-10|1.149275e-04|
| 524 |True   |  328  |9.265215e-06|2.282964e-05|7.301770e-10|9.500499e-05|
| 525 |True   |  338  |9.370883e-06|1.849201e-05|8.367968e-10|1.086069e-04|
| 526 |True   |  296  |9.154735e-06|1.232023e-04|4.702183e-10|5.929637e-05|
| 521 |True   |  385  |9.415809e-06|1.191583e-05|3.546985e-13|4.350774e-08|
| 523 |True   |  375  |9.328999e-06|1.182854e-05|6.530566e-10|7.275592e-05|
| 527 |True   |  345  |9.709818e-06|1.227511e-05|7.574006e-10|8.524285e-05|
| 529 |True   |  337  |9.039294e-06|1.849201e-05|7.860123e-10|1.034509e-04|
| 528 |True   |  374  |9.727226e-06|1.377338e-05|6.358834e-10|6.714735e-05|
| 531 |True   |  360  |9.658960e-06|1.309672e-05|6.513030e-10|6.960979e-05|
| 530 |True   |  343  |9.705416e-06|1.497853e-05|9.778833e-10|1.175676e-04|
| 532 |True   |  345  |9.152364e-06|1.348067e-05|9.655662e-10|1.277682e-04|
| 534 |True   |  345  |9.339859e-06|1.244715e-05|5.707527e-10|5.704195e-05|
| 533 |True   |  333  |9.878769e-06|2.282964e-05|7.978839e-10|9.392134e-05|
| 535 |True   |  340  |9.372429e-06|1.583234e-05|5.282705e-10|5.673381e-05|
| 538 |True   |  330  |9.263625e-06|2.536627e-05|6.884361e-10|8.645815e-05|
| 536 |True   |  338  |9.413598e-06|1.849201e-05|8.465144e-10|1.112924e-04|
| 537 |True   |  376  |9.576021e-06|1.207604e-05|3.639315e-13|4.389007e-08|
| 539 |True   |  336  |9.681080e-06|1.934718e-05|4.993487e-10|5.095493e-05|
| 540 |True   |  364  |9.242176e-06|1.213261e-05|3.503364e-13|5.202857e-08|
| 541 |True   |  325  |9.737948e-06|1.420038e-05|9.757995e-13|6.097581e-10|
| 542 |True   |  330  |9.504929e-06|2.536627e-05|7.221201e-10|9.238251e-05|
| 543 |True   |  344  |9.347161e-06|1.304311e-05|6.049818e-10|6.652520e-05|
| 544 |True   |  288  |9.400924e-06|3.268150e-05|5.000929e-10|1.174483e-05|
| 546 |True   |  318  |9.564160e-06|4.295800e-05|5.949799e-10|7.287073e-05|
| 547 |True   |  346  |9.791145e-06|1.270482e-05|6.895727e-10|7.314912e-05|
| 548 |True   |  326  |9.959472e-06|2.673995e-05|4.482400e-10|4.320116e-05|
| 551 |True   |  267  |9.151421e-06|1.626971e-05|7.942235e-10|6.928093e-08|
| 545 |True   |  383  |9.877430e-06|1.237689e-05|7.208268e-10|7.617498e-05|
| 550 |True   |  354  |9.966819e-06|1.574112e-05|6.074652e-10|6.181539e-05|
| 549 |True   |  337  |8.061439e-06|2.784353e-05|4.262753e-10|3.919369e-05|
| 553 |True   |  358  |9.494109e-06|1.199362e-05|6.733261e-10|7.378957e-05|
| 555 |True   |  235  |8.870697e-06|2.435886e-05|3.755634e-15|6.861993e-14|
| 552 |True   |  369  |9.703090e-06|1.220314e-05|3.781738e-13|4.636046e-08|
| 554 |True   |  341  |9.568414e-06|1.975005e-05|4.817812e-10|4.962187e-05|
| 556 |True   |  384  |9.623252e-06|1.734390e-05|5.269945e-10|5.469679e-05|
| 559 |True   |  340  |9.299352e-06|1.664281e-05|8.893942e-10|1.192877e-04|
| 560 |True   |  320  |9.440626e-06|2.054668e-05|1.635827e-10|3.235200e-05|
| 558 |True   |  373  |9.485648e-06|1.216683e-05|6.633087e-10|7.261835e-05|
| 557 |True   |  339  |9.944617e-06|1.717413e-05|5.690612e-10|5.740546e-05|
| 564 |True   |  334  |9.193253e-06|1.242502e-05|1.809370e-10|3.687205e-05|
| 561 |True   |  340  |9.294595e-06|1.586066e-05|5.180802e-10|5.606596e-05|
| 562 |True   |  336  |9.868958e-06|1.920250e-05|5.218943e-10|5.234348e-05|
| 563 |True   |  348  |9.527874e-06|1.351896e-05|5.626073e-10|5.362706e-05|
| 567 |True   |  342  |9.592926e-06|1.431901e-05|5.977466e-10|6.357787e-05|
| 565 |True   |  379  |9.794915e-06|1.229439e-05|7.105589e-10|7.566358e-05|
| 566 |True   |  348  |9.926531e-06|1.242659e-05|3.978902e-13|4.900231e-08|
| 568 |True   |  325  |9.428666e-06|3.131638e-05|6.465067e-10|7.960923e-05|
| 570 |True   |  325  |9.183116e-06|2.054668e-05|2.761845e-10|3.734391e-05|
| 569 |True   |  391  |9.771063e-06|1.587809e-05|5.778718e-10|5.975380e-05|
| 571 |True   |  346  |8.992016e-06|1.367647e-05|4.285542e-10|5.641014e-05|
| 573 |True   |  345  |9.740392e-06|1.224045e-05|3.734932e-13|4.432204e-08|
| 572 |True   |  369  |9.622588e-06|1.226993e-05|6.816560e-10|7.366415e-05|
| 576 |True   |  329  |9.743643e-06|1.702992e-05|2.724659e-10|3.889166e-05|
| 577 |True   |  306  |9.815321e-06|1.761072e-05|5.734255e-10|4.797720e-07|
| 574 |True   |  396  |9.285902e-06|1.461944e-05|5.468609e-10|5.973778e-05|
| 575 |True   |  377  |9.398094e-06|1.189812e-05|3.840249e-13|5.442114e-08|
| 580 |True   |  341  |9.950717e-06|1.499517e-05|6.273190e-10|6.431146e-05|
| 579 |True   |  333  |9.954485e-06|2.152928e-05|4.977232e-10|4.892999e-05|
| 583 |True   |  343  |9.611874e-06|1.508791e-05|6.808514e-10|7.894505e-05|
| 578 |True   |  346  |9.690296e-06|1.348067e-05|2.992558e-13|3.753729e-08|
| 582 |True   |  314  |9.628229e-06|3.050113e-05|3.996532e-10|3.961359e-05|
| 581 |True   |  346  |9.832784e-06|1.234216e-05|3.585670e-13|4.485157e-08|
| 587 |True   |  329  |9.033917e-06|1.497853e-05|2.271192e-10|3.719246e-05|
| 586 |True   |  320  |9.819020e-06|3.626647e-05|3.902131e-10|3.753285e-05|
| 585 |True   |  380  |9.365923e-06|1.186594e-05|3.548421e-13|4.435246e-08|
| 589 |True   |  325  |9.422732e-06|2.756108e-05|3.992550e-10|4.077286e-05|
| 588 |True   |  324  |9.377602e-06|2.842238e-05|3.961078e-10|4.072512e-05|
| 590 |True   |  352  |9.017657e-06|1.348067e-05|9.572443e-10|1.372841e-04|
| 593 |True   |  303  |9.263796e-06|8.981450e-05|5.002709e-10|6.760535e-05|
| 591 |True   |  375  |9.286846e-06|1.178637e-05|6.478970e-10|7.249200e-05|
| 594 |True   |  326  |9.693034e-06|3.131638e-05|6.718391e-10|8.056452e-05|
| 592 |True   |  358  |9.608270e-06|1.396947e-05|6.113186e-10|6.512165e-05|
| 584 |True   |  883  |9.554366e-06|1.205396e-05|6.806077e-10|7.415288e-05|
| 595 |True   |  323  |9.907893e-06|3.564269e-05|3.985394e-10|3.796552e-05|
| 596 |True   |  325  |9.376733e-06|2.686862e-05|3.996885e-10|4.109804e-05|
| 599 |True   |  238  |9.298482e-06|2.338181e-04|5.396912e-10|1.879143e-08|
| 597 |True   |  256  |9.494385e-06|1.559649e-05|1.195861e-10|1.627243e-09|
| 598 |True   |  295  |9.283714e-06|1.697825e-05|5.487334e-10|1.084827e-05|
| 601 |True   |  322  |9.013228e-06|3.479598e-05|5.883817e-10|7.718409e-05|
| 603 |True   |  319  |9.976285e-06|3.639732e-05|4.006094e-10|3.782923e-05|
| 600 |True   |  350  |9.408735e-06|1.190892e-05|3.656751e-13|4.722626e-08|
| 605 |True   |  369  |9.271546e-06|1.177158e-05|3.617909e-13|4.842489e-08|
| 602 |True   |  372  |9.084220e-06|1.158424e-05|3.581609e-13|5.082830e-08|
| 607 |True   |  382  |9.477443e-06|1.197699e-05|6.713038e-10|7.368453e-05|
| 604 |True   |  379  |9.532938e-06|1.414692e-05|5.946483e-10|6.368458e-05|
| 606 |True   |  334  |9.267856e-06|1.680716e-05|3.312641e-10|4.185469e-05|
| 608 |True   |  321  |9.748509e-06|3.866220e-05|6.361004e-10|8.052213e-05|
| 609 |True   |  371  |9.733068e-06|1.223397e-05|6.983999e-10|7.209295e-05|
| 611 |True   |  345  |9.100182e-06|1.348067e-05|9.683441e-10|1.351166e-04|
| 612 |True   |  371  |9.604493e-06|1.210452e-05|3.738293e-13|4.662217e-08|
| 613 |True   |  333  |9.874331e-06|2.282964e-05|8.273516e-10|1.164876e-04|
| 614 |True   |  314  |8.122850e-06|2.898111e-05|3.580000e-10|3.704832e-05|
| 615 |True   |  346  |9.429610e-06|1.348067e-05|2.659209e-13|3.265687e-08|
| 617 |True   |  342  |9.741846e-06|1.506061e-05|6.511993e-10|5.601719e-05|
| 620 |True   |  331  |9.654575e-06|1.980795e-05|4.898349e-10|4.999922e-05|
| 610 |True   |  781  |9.924243e-06|1.273860e-05|7.106530e-10|7.453997e-05|
| 618 |True   |  350  |9.318633e-06|1.181843e-05|6.516885e-10|7.259152e-05|
| 619 |True   |  367  |9.330143e-06|1.182966e-05|6.531856e-10|7.276264e-05|
| 623 |True   |  343  |9.537020e-06|1.402429e-05|5.992546e-10|6.422036e-05|
| 621 |True   |  342  |9.579377e-06|1.348067e-05|2.858122e-13|3.576697e-08|
| 622 |True   |  365  |9.730049e-06|1.222954e-05|7.024883e-10|7.525885e-05|
| 624 |True   |  366  |9.308142e-06|1.180766e-05|6.504884e-10|7.262450e-05|
| 626 |True   |  337  |9.015363e-06|1.849201e-05|7.762751e-10|9.940342e-05|
| 625 |True   |  354  |9.785040e-06|1.228470e-05|7.093702e-10|7.559727e-05|
| 627 |True   |  318  |9.687159e-06|1.664281e-05|1.565979e-10|3.323352e-05|
| 629 |True   |  338  |9.415504e-06|1.849201e-05|8.620967e-10|1.232475e-04|
| 632 |True   |  365  |9.537746e-06|1.203724e-05|6.787181e-10|7.406342e-05|
| 630 |True   |  339  |9.568651e-06|1.283366e-05|4.337021e-10|4.512687e-05|
| 628 |True   |  362  |9.503598e-06|1.205949e-05|6.713808e-10|7.346326e-05|
| 616 |True   |  919  |9.856680e-06|1.235615e-05|7.182373e-10|7.604606e-05|
| 631 |True   |  341  |9.386106e-06|1.226599e-05|5.137212e-10|6.801435e-05|
| 633 |True   |  348  |9.235728e-06|1.213261e-05|3.174217e-13|3.968825e-08|
| 635 |True   |  365  |9.269260e-06|1.176890e-05|6.457734e-10|7.238059e-05|
| 636 |True   |  360  |9.549210e-06|1.204872e-05|6.801087e-10|7.413163e-05|
| 634 |True   |  374  |9.387517e-06|1.188703e-05|6.602377e-10|7.312368e-05|
| 638 |True   |  349  |9.404337e-06|1.271761e-05|9.780751e-10|1.118938e-04|
| 641 |True   |  401  |9.691740e-06|1.219122e-05|6.977469e-10|7.502139e-05|
| 644 |True   |  318  |9.288757e-06|3.479598e-05|3.596720e-10|3.790157e-05|
| 637 |True   |  381  |9.690478e-06|1.223669e-05|6.948602e-10|7.468058e-05|
| 643 |True   |  330  |9.768266e-06|1.447305e-05|1.966420e-10|3.653502e-05|
| 639 |True   |  393  |9.707437e-06|1.220691e-05|6.996912e-10|7.511916e-05|
| 640 |True   |  353  |9.518438e-06|1.201855e-05|3.625881e-13|4.439053e-08|
| 642 |True   |  361  |9.710483e-06|1.348067e-05|3.172710e-13|4.374202e-08|
| 645 |True   |  332  |9.087043e-06|1.348067e-05|2.412910e-10|4.001544e-05|
| 647 |True   |  338  |9.918051e-06|1.639265e-05|5.840863e-10|5.938288e-05|
| 646 |True   |  343  |9.669109e-06|1.374896e-05|5.891307e-10|5.466016e-05|
| 649 |True   |  345  |9.402711e-06|1.373385e-05|5.742221e-10|6.234864e-05|
| 650 |True   |  340  |9.386388e-06|1.529403e-05|5.426830e-10|5.841651e-05|
| 648 |True   |  380  |9.986028e-06|1.248556e-05|7.342722e-10|7.683598e-05|
| 652 |True   |  339  |9.254993e-06|1.515173e-05|5.293349e-10|5.778283e-05|
| 651 |True   |  333  |9.717870e-06|2.282964e-05|8.059098e-10|1.141135e-04|
| 655 |True   |  336  |9.421850e-06|1.420287e-05|5.716053e-10|5.888625e-05|
| 654 |True   |  345  |9.068682e-06|1.348067e-05|9.671537e-10|1.381889e-04|
| 657 |True   |  362  |9.895660e-06|1.239568e-05|3.858650e-13|4.568911e-08|
| 656 |True   |  383  |9.972972e-06|1.585013e-05|6.053230e-10|6.151171e-05|
| 662 |True   |  313  |9.010512e-06|5.303456e-05|5.368014e-10|8.104208e-05|
| 653 |True   |  402  |9.428386e-06|1.192792e-05|6.652373e-10|7.337714e-05|
| 658 |True   |  345  |9.690729e-06|1.278464e-05|6.695286e-10|7.157212e-05|
| 661 |True   |  329  |9.998708e-06|2.818474e-05|7.585832e-10|1.049686e-04|
| 663 |True   |  350  |9.826725e-06|1.232628e-05|7.145453e-10|7.586338e-05|
| 660 |True   |  339  |9.787236e-06|1.664281e-05|4.568697e-10|4.916212e-05|
| 659 |True   |  375  |9.333651e-06|1.183316e-05|6.536250e-10|7.278556e-05|
| 666 |True   |  338  |9.473820e-06|1.739248e-05|5.087568e-10|5.356676e-05|
| 665 |True   |  321  |9.318528e-06|3.611397e-05|3.568729e-10|3.653383e-05|
| 667 |True   |  384  |9.489915e-06|1.198942e-05|6.728182e-10|7.376371e-05|
| 670 |True   |  329  |9.205578e-06|2.054668e-05|7.933058e-10|9.895691e-05|
| 664 |True   |  378  |9.201151e-06|1.170052e-05|8.173389e-10|1.029177e-04|
| 668 |True   |  363  |9.802310e-06|1.348067e-05|3.301643e-13|4.582372e-08|
| 672 |True   |  345  |9.164229e-06|1.349405e-05|9.330938e-10|1.307494e-04|
| 669 |True   |  336  |9.574944e-06|1.922644e-05|4.898820e-10|5.054979e-05|
| 673 |True   |  292  |9.047546e-06|1.702000e-05|9.604470e-11|5.453732e-06|
| 671 |True   |  380  |9.452239e-06|1.195174e-05|6.681852e-10|7.352855e-05|
| 674 |True   |  402  |9.462473e-06|1.196198e-05|6.694445e-10|7.359272e-05|
| 676 |True   |  348  |9.730690e-06|1.223078e-05|3.796315e-13|5.737628e-08|
| 677 |True   |  336  |9.432308e-06|1.776630e-05|4.974702e-10|5.248623e-05|
| 678 |True   |  345  |9.894403e-06|1.273667e-05|7.057359e-10|7.420520e-05|
| 675 |True   |  379  |9.870029e-06|1.236950e-05|7.198940e-10|7.612826e-05|
| 681 |True   |  335  |9.134652e-06|2.054668e-05|7.512994e-10|9.711358e-05|
| 680 |True   |  376  |9.653451e-06|1.215294e-05|6.930161e-10|7.478481e-05|
| 682 |True   |  244  |9.165637e-06|2.282964e-05|3.988365e-10|9.583568e-09|
| 679 |True   |  327  |9.559554e-06|1.849201e-05|3.825733e-10|4.152179e-05|
| 683 |True   |  313  |9.229808e-06|5.303456e-05|5.396382e-10|6.846431e-05|
| 685 |True   |  319  |9.809867e-06|4.295800e-05|6.145649e-10|7.329653e-05|
| 688 |True   |  324  |9.488033e-06|3.231135e-05|3.814771e-10|3.836228e-05|
| 684 |True   |  342  |9.617346e-06|1.866791e-05|5.029870e-10|5.183617e-05|
| 691 |True   |  333  |9.463465e-06|1.576566e-05|4.925099e-11|5.708560e-06|
| 693 |True   |  306  |8.881333e-06|3.092471e-05|7.768534e-12|2.118161e-07|
| 686 |True   |  370  |9.573343e-06|1.342757e-05|7.317809e-10|4.301619e-05|
| 690 |True   |  348  |9.132240e-06|1.213261e-05|3.054095e-13|3.865660e-08|
| 689 |True   |  356  |9.712310e-06|1.221241e-05|3.727408e-13|4.453210e-08|
| 687 |True   |  348  |9.484209e-06|1.213261e-05|3.497215e-13|4.295139e-08|
| 694 |True   |  284  |9.479214e-06|1.489502e-05|1.656711e-10|2.589703e-05|
| 695 |True   |  350  |9.494194e-06|1.199370e-05|6.734496e-10|7.381058e-05|
| 698 |True   |  300  |9.848935e-06|4.773111e-05|1.100722e-10|2.859246e-05|
| 696 |True   |  308  |9.911260e-06|1.768912e-05|1.043603e-10|2.897393e-05|
| 697 |True   |  346  |9.373537e-06|1.348067e-05|2.811281e-13|3.993308e-08|
| 700 |True   |  338  |9.951938e-06|1.849201e-05|9.228796e-10|1.127897e-04|
| 692 |True   |  510  |9.264619e-06|1.176414e-05|6.451736e-10|7.235211e-05|
| 702 |True   |  240  |9.394259e-06|1.664281e-05|3.901123e-10|1.196037e-08|
| 703 |True   |  317  |8.870202e-06|1.281445e-05|7.924990e-14|6.866451e-11|
| 699 |True   |  370  |9.195382e-06|1.213261e-05|3.127925e-13|3.927841e-08|
| 705 |True   |  322  |9.517313e-06|3.554482e-05|3.719761e-10|3.713970e-05|
| 701 |True   |  331  |9.414659e-06|1.891615e-05|4.774644e-10|5.016755e-05|
| 707 |True   |  340  |9.516951e-06|1.481779e-05|5.724660e-10|6.106863e-05|
| 704 |True   |  321  |9.666806e-06|3.479598e-05|5.288534e-13|2.720300e-08|
| 708 |True   |  333  |9.269324e-06|1.704400e-05|4.174416e-10|4.448678e-05|
| 711 |True   |  348  |9.408863e-06|1.213261e-05|3.452168e-13|4.378988e-08|
| 706 |True   |  607  |9.782243e-06|1.413496e-05|5.733278e-10|5.385039e-05|
| 713 |True   |  382  |9.375221e-06|1.187481e-05|6.587214e-10|7.304987e-05|
| 709 |True   |  359  |9.040171e-06|1.213261e-05|2.993304e-13|3.915941e-08|
| 710 |True   |  339  |9.958791e-06|1.728913e-05|5.683064e-10|5.720726e-05|
| 712 |True   |  357  |9.722864e-06|1.348067e-05|3.257232e-13|4.686164e-08|
| 717 |True   |  344  |9.341665e-06|1.393834e-05|5.737197e-10|6.265663e-05|
| 714 |True   |  337  |9.521650e-06|1.666639e-05|4.913366e-10|4.683963e-05|
| 715 |True   |  337  |9.240744e-06|1.849201e-05|8.188187e-10|1.077547e-04|
| 718 |True   |  350  |9.425266e-06|1.192484e-05|6.647579e-10|7.335108e-05|
| 716 |True   |  346  |9.257538e-06|1.232347e-05|6.190335e-10|6.909925e-05|
| 719 |True   |  391  |9.695574e-06|1.430813e-05|1.925656e-12|1.221298e-07|
| 720 |True   |  338  |9.663897e-06|1.849201e-05|8.670783e-10|1.036544e-04|
| 722 |True   |  348  |9.074157e-06|1.213261e-05|3.076417e-13|4.113401e-08|
| 724 |True   |  337  |9.630222e-06|1.568500e-05|5.296546e-10|4.951027e-05|
| 723 |True   |  348  |9.229489e-06|1.172960e-05|3.445668e-13|4.321756e-08|
| 726 |True   |  337  |9.481249e-06|1.887543e-05|4.863157e-10|5.078316e-05|
| 725 |True   |  359  |9.730036e-06|1.310377e-05|6.623397e-10|7.035279e-05|
| 731 |True   |  329  |9.084484e-06|2.536627e-05|6.682792e-10|8.510754e-05|
| 727 |True   |  344  |9.993913e-06|1.310709e-05|7.054916e-10|7.328609e-05|
| 730 |True   |  347  |9.968436e-06|1.246794e-05|7.321022e-10|7.673090e-05|
| 729 |True   |  340  |9.507781e-06|1.664281e-05|9.204028e-10|1.193570e-04|
| 732 |True   |  368  |9.839249e-06|1.233927e-05|3.790316e-13|4.448886e-08|
| 728 |True   |  340  |9.611514e-06|1.578254e-05|5.596036e-10|5.875506e-05|
| 734 |True   |  296  |9.903140e-06|1.338820e-05|5.130095e-10|6.974775e-09|
| 733 |True   |  337  |9.033975e-06|1.849201e-05|7.791162e-10|9.973239e-05|
| 721 |True   |  792  |9.988947e-06|1.248845e-05|7.346516e-10|7.685693e-05|
| 735 |True   |  316  |9.893281e-06|1.686652e-05|5.695184e-10|5.784251e-05|
| 736 |True   |  289  |9.356752e-06|1.341314e-05|8.812880e-10|1.584996e-08|
| 737 |True   |  335  |9.194621e-06|2.054668e-05|7.550634e-10|9.483723e-05|
| 741 |True   |  387  |9.484726e-06|1.198434e-05|6.721647e-10|7.373059e-05|
| 742 |True   |  323  |9.948119e-06|3.131638e-05|6.988593e-10|8.283429e-05|
| 743 |True   |  342  |9.110550e-06|1.196786e-05|4.095308e-10|4.988204e-05|
| 739 |True   |  385  |9.361574e-06|1.317525e-05|6.023600e-10|6.608083e-05|
| 738 |True   |  347  |9.357656e-06|1.285736e-05|6.135033e-10|6.751645e-05|
| 740 |True   |  343  |9.146135e-06|1.297099e-05|4.723013e-10|5.400414e-05|
| 748 |True   |  370  |9.926238e-06|1.242570e-05|7.269112e-10|7.647692e-05|
| 745 |True   |  350  |9.472700e-06|1.197274e-05|3.680929e-13|4.698635e-08|
| 744 |True   |  349  |9.440747e-06|1.213261e-05|3.492282e-13|4.414082e-08|
| 746 |True   |  290  |9.368142e-06|1.429958e-05|1.363710e-10|1.690816e-05|
| 747 |True   |  332  |9.305766e-06|2.165019e-05|4.341143e-10|4.561985e-05|
| 749 |True   |  311  |9.543756e-06|1.889847e-05|8.656743e-10|2.677490e-04|
| 750 |True   |  346  |9.851933e-06|1.349566e-05|3.111001e-13|4.752890e-08|
| 751 |True   |  372  |9.264492e-06|1.176403e-05|6.451345e-10|7.234940e-05|
| 753 |True   |  377  |9.349090e-06|1.184862e-05|6.555213e-10|7.288204e-05|
| 756 |True   |  332  |9.304972e-06|2.282964e-05|7.323754e-10|9.193940e-05|
| 754 |True   |  345  |9.280889e-06|1.348067e-05|9.747384e-10|1.215198e-04|
| 757 |True   |  309  |9.016007e-06|6.547477e-05|5.063655e-10|6.416704e-05|
| 755 |True   |  372  |9.503649e-06|1.200315e-05|6.745203e-10|7.385111e-05|
| 758 |True   |  368  |9.172218e-06|1.167224e-05|3.652918e-13|5.179821e-08|
| 759 |True   |  347  |9.431166e-06|1.193084e-05|6.658501e-10|7.340716e-05|
| 760 |True   |  350  |9.403312e-06|1.190338e-05|3.578881e-13|4.473370e-08|
| 761 |True   |  325  |9.553802e-06|2.054668e-05|2.635835e-10|3.731379e-05|
| 762 |True   |  334  |9.250241e-06|1.394321e-05|4.717855e-10|5.023735e-05|
| 752 |True   |  692  |9.429021e-06|1.192855e-05|6.652950e-10|7.337972e-05|
| 763 |True   |  338  |9.568563e-06|1.428013e-05|3.423565e-10|4.394360e-05|
| 765 |True   |  336  |9.391650e-06|1.764249e-05|5.474800e-10|4.897614e-05|
| 768 |True   |  336  |9.977263e-06|1.811185e-05|5.535220e-10|5.533083e-05|
| 764 |True   |  359  |9.700419e-06|1.220046e-05|3.836574e-13|4.825299e-08|
| 769 |True   |  339  |9.638594e-06|1.715578e-05|5.324734e-10|5.525454e-05|
| 766 |True   |  325  |9.404963e-06|2.743452e-05|3.985835e-10|4.079942e-05|
| 770 |True   |  351  |9.857941e-06|1.235756e-05|7.183991e-10|7.604867e-05|
| 773 |True   |  336  |9.408917e-06|1.497853e-05|9.427313e-10|1.236531e-04|
| 774 |True   |  315  |9.594080e-06|1.628748e-05|6.785720e-10|1.220272e-07|
| 775 |True   |  358  |9.238315e-06|1.348067e-05|9.726580e-10|1.238969e-04|
| 772 |True   |  302  |9.452134e-06|1.277513e-05|7.804644e-10|2.912499e-07|
| 771 |True   |  374  |9.439312e-06|1.315773e-05|6.147388e-10|6.696578e-05|
| 767 |True   |  389  |9.797254e-06|1.229728e-05|4.098177e-13|5.585870e-08|
| 777 |True   |  337  |9.140124e-06|1.849201e-05|7.934126e-10|1.002366e-04|
| 776 |True   |  344  |9.244619e-06|1.213261e-05|3.357465e-13|4.593374e-08|
| 778 |True   |  315  |9.491634e-06|1.199172e-05|3.618630e-13|4.460641e-08|
| 779 |True   |  336  |9.908033e-06|2.054668e-05|8.618630e-10|1.073434e-04|
| 782 |True   |  357  |9.852820e-06|1.235233e-05|7.177183e-10|7.601948e-05|
| 783 |True   |  375  |9.978455e-06|1.314690e-05|7.009370e-10|7.290503e-05|
| 784 |True   |  335  |9.253492e-06|2.054668e-05|7.725023e-10|1.017591e-04|
| 781 |True   |  399  |9.290945e-06|1.179049e-05|6.483836e-10|7.251558e-05|
| 780 |True   |  384  |9.807946e-06|1.230799e-05|3.825094e-13|4.604383e-08|
| 787 |True   |  343  |9.371179e-06|1.497853e-05|9.198162e-10|1.139597e-04|
| 789 |True   |  309  |9.829678e-06|6.037585e-05|3.457148e-10|3.284987e-05|
| 786 |True   |  344  |9.994746e-06|1.320396e-05|7.010321e-10|7.277866e-05|
| 785 |True   |  388  |9.301037e-06|1.180057e-05|6.490508e-10|7.250996e-05|
| 788 |True   |  357  |9.542999e-06|1.204251e-05|6.793840e-10|7.409733e-05|
| 790 |True   |  331  |9.439292e-06|2.376034e-05|4.267999e-10|4.390214e-05|
| 792 |True   |  343  |9.475052e-06|1.418918e-05|5.852868e-10|6.294987e-05|
| 796 |True   |  345  |8.995184e-06|1.476168e-05|8.142993e-10|9.249332e-05|
| 798 |True   |  360  |9.423590e-06|1.250521e-05|6.399678e-10|7.027231e-05|
| 793 |True   |  371  |9.568394e-06|1.206789e-05|6.824767e-10|7.425150e-05|
| 797 |True   |  346  |9.684185e-06|1.348067e-05|2.920935e-13|3.526161e-08|
| 791 |True   |  407  |9.840829e-06|1.234031e-05|7.162604e-10|7.594687e-05|
| 795 |True   |  327  |9.933210e-06|1.497853e-05|2.713951e-13|3.745368e-08|
| 794 |True   |  350  |9.864544e-06|1.236464e-05|3.869366e-13|4.653130e-08|
| 800 |True   |  325  |9.859633e-06|2.749322e-05|4.347688e-10|4.226159e-05|
| 799 |True   |  329  |9.469770e-06|2.282964e-05|7.500527e-10|9.262924e-05|
| 801 |True   |  361  |9.920769e-06|2.095593e-05|5.016456e-10|4.961013e-05|
| 802 |True   |  331  |9.023392e-06|1.849201e-05|4.085476e-10|4.319505e-05|
| 803 |True   |  340  |9.758949e-06|1.706501e-05|5.489155e-10|5.635834e-05|
| 806 |True   |  307  |9.517962e-06|6.119091e-05|3.279573e-10|3.247434e-05|
| 804 |True   |  376  |9.208420e-06|1.170844e-05|3.624891e-13|4.994938e-08|
| 805 |True   |  355  |9.232329e-06|1.213261e-05|3.451153e-13|5.019321e-08|
| 807 |True   |  332  |9.636838e-06|1.371220e-05|6.243938e-10|6.649584e-05|
| 808 |True   |  338  |9.731019e-06|1.650581e-05|5.576256e-10|5.760866e-05|
| 809 |True   |  304  |9.299752e-06|2.008447e-05|3.274601e-11|9.146657e-07|
| 810 |True   |  330  |9.501779e-06|2.054668e-05|9.702860e-10|1.634589e-06|
| 811 |True   |  339  |9.620676e-06|1.348067e-05|5.429251e-10|6.358511e-05|
| 812 |True   |  340  |9.631722e-06|1.587624e-05|5.599027e-10|5.863628e-05|
| 814 |True   |  293  |9.339490e-06|1.339148e-05|9.757888e-10|4.214499e-08|
| 815 |True   |  368  |9.946889e-06|1.244691e-05|4.219828e-13|5.730812e-08|
| 816 |True   |  335  |9.317144e-06|2.054668e-05|7.799631e-10|1.016041e-04|
| 813 |True   |  347  |9.351209e-06|1.186856e-05|6.073608e-10|5.819742e-05|
| 820 |True   |  340  |9.641813e-06|1.664281e-05|9.245259e-10|1.106924e-04|
| 822 |True   |  255  |9.524712e-06|1.664281e-05|8.490295e-10|1.392553e-08|
| 825 |True   |  323  |9.271878e-06|3.479598e-05|6.223650e-10|8.773337e-05|
| 823 |True   |  304  |5.647926e-06|6.018595e-05|2.459464e-10|3.131093e-05|
| 817 |True   |  354  |9.825432e-06|1.377528e-05|6.507418e-10|6.814061e-05|
| 818 |True   |  359  |9.870153e-06|1.260855e-05|7.401106e-10|6.659578e-05|
| 821 |True   |  319  |9.907829e-06|2.818474e-05|2.692163e-10|3.464859e-05|
| 819 |True   |  358  |9.062192e-06|1.156225e-05|3.475998e-13|4.724672e-08|
| 824 |True   |  342  |8.869541e-06|1.352742e-05|5.850149e-10|5.641722e-05|
| 828 |True   |  369  |9.224814e-06|1.172483e-05|3.456623e-13|4.368737e-08|
| 826 |True   |  343  |9.339360e-06|1.497853e-05|9.375875e-10|1.274804e-04|
| 827 |True   |  309  |9.770929e-06|1.377698e-05|7.740992e-11|1.161763e-08|
| 831 |True   |  326  |9.362805e-06|5.022188e-05|3.315860e-10|3.356619e-05|
| 829 |True   |  323  |9.845994e-06|2.282964e-05|2.742206e-10|3.549374e-05|
| 834 |True   |  328  |9.605808e-06|1.210534e-05|6.870738e-10|7.448398e-05|
| 830 |True   |  311  |9.297680e-06|1.302182e-05|1.172629e-10|1.429631e-07|
| 833 |True   |  323  |9.247100e-06|1.197935e-05|1.668922e-13|3.517827e-08|
| 835 |True   |  317  |9.563208e-06|1.420559e-05|7.555111e-12|6.152977e-07|
| 837 |True   |  341  |9.899888e-06|1.277813e-05|4.993180e-10|5.786210e-05|
| 832 |True   |  352  |9.958896e-06|1.348067e-05|3.609786e-13|5.292988e-08|
| 836 |True   |  330  |9.855081e-06|2.612108e-05|4.440372e-10|4.334640e-05|
| 838 |True   |  333  |9.841703e-06|2.282964e-05|7.922328e-10|9.316390e-05|
| 839 |True   |  352  |9.217524e-06|1.171766e-05|3.444227e-13|4.337794e-08|
| 841 |True   |  367  |9.207248e-06|1.348067e-05|9.792111e-10|1.303713e-04|
| 843 |True   |  342  |9.030160e-06|1.497853e-05|9.094261e-10|1.252270e-04|
| 845 |True   |  357  |9.491051e-06|1.213261e-05|3.703899e-13|4.994527e-08|
| 840 |True   |  372  |9.511669e-06|1.201172e-05|3.805046e-13|5.065799e-08|
| 847 |True   |  330  |9.315561e-06|2.536627e-05|6.958181e-10|8.781184e-05|
| 842 |True   |  332  |9.502423e-06|2.040854e-05|4.665263e-10|4.823497e-05|
| 844 |True   |  377  |9.746482e-06|1.224597e-05|7.045188e-10|7.536033e-05|
| 848 |True   |  376  |9.793491e-06|1.456581e-05|6.185368e-10|6.449229e-05|
| 846 |True   |  380  |9.776963e-06|1.227643e-05|7.083389e-10|7.555336e-05|
| 849 |True   |  323  |9.316420e-06|1.227076e-05|4.436404e-10|4.676542e-05|
| 853 |True   |  365  |9.485770e-06|1.240634e-05|6.525156e-10|7.127093e-05|
| 850 |True   |  331  |9.672948e-06|1.217297e-05|3.745087e-13|4.568864e-08|
| 851 |True   |  330  |9.464790e-06|2.536627e-05|7.234240e-10|9.662986e-05|
| 852 |True   |  340  |9.265720e-06|1.701256e-05|4.931581e-10|5.318378e-05|
| 855 |True   |  348  |9.686368e-06|1.218601e-05|6.969973e-10|7.490619e-05|
| 854 |True   |  363  |9.920099e-06|1.348067e-05|3.574034e-13|5.297354e-08|
| 857 |True   |  374  |9.478377e-06|1.440194e-05|5.791254e-10|6.220819e-05|
| 856 |True   |  317  |9.355518e-06|1.317888e-05|1.176012e-10|3.248029e-05|
| 859 |True   |  350  |9.042180e-06|1.154231e-05|3.368484e-13|4.375817e-08|
| 858 |True   |  350  |9.354381e-06|1.185402e-05|6.563629e-10|7.292389e-05|
| 861 |True   |  216  |9.334860e-06|2.536627e-05|8.472056e-10|9.319480e-09|
| 862 |True   |  341  |9.613681e-06|1.664281e-05|9.095520e-10|1.168793e-04|
| 864 |True   |  331  |9.930560e-06|2.536627e-05|7.694697e-10|9.374025e-05|
| 860 |True   |  349  |9.359721e-06|1.692037e-05|5.043784e-10|5.386893e-05|
| 863 |True   |  332  |9.352054e-06|2.282964e-05|7.329579e-10|9.059251e-05|
| 867 |True   |  250  |9.831860e-06|4.846925e-04|4.724283e-10|5.542289e-05|
| 866 |True   |  347  |9.659341e-06|1.474975e-05|5.939015e-10|6.257352e-05|
| 865 |True   |  352  |9.116959e-06|1.161703e-05|3.375663e-13|4.276028e-08|
| 869 |True   |  350  |9.565017e-06|1.206513e-05|3.802988e-13|4.956870e-08|
| 870 |True   |  326  |9.175220e-06|1.317531e-05|2.363234e-11|5.925961e-06|
| 868 |True   |  320  |9.263550e-06|1.311761e-05|6.751027e-10|1.661683e-07|
| 873 |True   |  293  |9.409718e-06|1.521016e-04|4.891531e-10|7.306627e-05|
| 871 |True   |  338  |9.837624e-06|1.849201e-05|8.924261e-10|1.047530e-04|
| 878 |True   |  338  |9.823798e-06|1.849201e-05|9.086525e-10|1.151153e-04|
| 874 |True   |  348  |9.125022e-06|1.213261e-05|3.078649e-13|3.968688e-08|
| 872 |True   |  372  |9.411041e-06|1.191056e-05|6.631175e-10|7.327069e-05|
| 875 |True   |  287  |9.968579e-06|2.086442e-04|5.009606e-10|6.259291e-05|
| 876 |True   |  314  |9.515414e-06|4.906539e-05|3.420372e-10|3.392992e-05|
| 879 |True   |  335  |9.659316e-06|2.054668e-05|8.313299e-10|1.077944e-04|
| 881 |True   |  344  |9.752841e-06|1.225306e-05|3.753222e-13|4.460082e-08|
| 880 |True   |  340  |9.074850e-06|1.664281e-05|8.605494e-10|1.222649e-04|
| 877 |True   |  386  |9.707314e-06|1.220680e-05|6.996853e-10|7.511969e-05|
| 882 |True   |  316  |9.915705e-06|4.055839e-05|3.838306e-10|3.634555e-05|
| 884 |True   |  320  |9.583225e-06|3.620155e-05|3.743430e-10|3.705003e-05|
| 883 |True   |  335  |9.660349e-06|1.348067e-05|2.978198e-13|3.783970e-08|
| 885 |True   |  369  |9.136627e-06|1.163665e-05|3.387485e-13|4.280644e-08|
| 886 |True   |  323  |9.239861e-06|1.434045e-05|6.005906e-12|1.918201e-06|
| 888 |True   |  338  |9.472613e-06|1.849201e-05|8.516116e-10|1.093929e-04|
| 887 |True   |  359  |9.492801e-06|1.199284e-05|3.593967e-13|4.380117e-08|
| 889 |True   |  340  |9.490513e-06|1.664281e-05|9.196964e-10|1.205786e-04|
| 892 |True   |  330  |9.770264e-06|2.200304e-05|4.740586e-10|4.735872e-05|
| 891 |True   |  348  |9.559069e-06|2.282964e-05|2.437964e-12|1.069907e-07|
| 890 |True   |  344  |9.643284e-06|1.295980e-05|6.562663e-10|7.022884e-05|
| 894 |True   |  365  |9.343685e-06|1.184372e-05|3.589840e-13|4.612431e-08|
| 896 |True   |  328  |9.473792e-06|2.832531e-05|4.484747e-10|4.822126e-05|
| 895 |True   |  317  |9.829308e-06|2.536627e-05|1.710691e-10|3.544431e-05|
| 893 |True   |  350  |9.546475e-06|1.450579e-05|7.183188e-10|6.139251e-05|
| 897 |True   |  359  |9.756852e-06|1.225637e-05|7.058336e-10|7.542728e-05|
| 898 |True   |  358  |9.611006e-06|3.728181e-05|3.729386e-10|3.674803e-05|
| 899 |True   |  352  |9.520193e-06|1.201970e-05|6.765546e-10|7.395335e-05|
| 900 |True   |  305  |9.515356e-06|7.274974e-05|5.415753e-10|6.219729e-05|
| 902 |True   |  328  |9.198916e-06|1.260933e-05|1.330031e-10|3.433488e-05|
| 901 |True   |  332  |9.189408e-06|2.282964e-05|7.241463e-10|9.664279e-05|
| 905 |True   |  298  |9.929663e-06|6.547477e-05|1.532570e-10|3.282290e-05|
| 903 |True   |  351  |9.903777e-06|1.341833e-05|7.875739e-10|7.104958e-05|
| 909 |True   |  306  |9.691244e-06|3.479598e-05|1.099482e-10|3.000541e-05|
| 904 |True   |  368  |9.458421e-06|1.213261e-05|3.801300e-13|5.527997e-08|
| 908 |True   |  346  |9.622612e-06|1.273812e-05|6.604389e-10|7.104820e-05|
| 906 |True   |  334  |9.024163e-06|1.514410e-05|2.614655e-10|4.113715e-05|
| 907 |True   |  343  |9.600678e-06|1.416663e-05|6.038183e-10|6.424971e-05|
| 910 |True   |  335  |9.038464e-06|2.054668e-05|7.585933e-10|1.116788e-04|
| 911 |True   |  385  |9.640856e-06|1.214088e-05|3.993168e-13|6.098660e-08|
| 913 |True   |  364  |9.829463e-06|1.232949e-05|3.815485e-13|4.539568e-08|
| 912 |True   |  380  |9.202206e-06|1.170222e-05|3.640688e-13|5.065687e-08|
| 915 |True   |  346  |9.953990e-06|1.348067e-05|3.179175e-13|3.688973e-08|
| 914 |True   |  327  |9.326640e-06|2.818474e-05|6.633352e-10|8.230199e-05|
| 917 |True   |  343  |9.363736e-06|1.347302e-05|5.922444e-10|6.479326e-05|
| 919 |True   |  344  |9.859992e-06|1.235983e-05|7.172178e-10|7.587304e-05|
| 916 |True   |  348  |9.259846e-06|1.175940e-05|6.445650e-10|7.231897e-05|
| 921 |True   |  342  |9.131924e-06|1.508453e-05|6.412707e-10|7.807045e-05|
| 918 |True   |  330  |8.496748e-06|1.666253e-05|2.242944e-10|3.689894e-05|
| 923 |True   |  289  |9.994251e-06|1.877933e-04|4.876891e-10|6.785306e-05|
| 920 |True   |  331  |9.568166e-06|1.284350e-05|7.513528e-10|7.080227e-05|
| 922 |True   |  338  |9.786471e-06|1.676376e-05|5.586906e-10|5.732542e-05|
| 924 |True   |  317  |9.312266e-06|4.423439e-05|3.379222e-10|3.449149e-05|
| 929 |True   |  275  |9.307057e-06|4.478997e-05|5.070917e-10|1.453503e-06|
| 925 |True   |  343  |9.453939e-06|1.215327e-05|5.534086e-10|5.431400e-05|
| 932 |True   |  319  |9.989285e-06|4.295800e-05|6.280266e-10|7.292481e-05|
| 926 |True   |  337  |9.190498e-06|1.849201e-05|8.240937e-10|1.166165e-04|
| 930 |True   |  350  |9.137006e-06|1.163705e-05|3.418860e-13|4.385948e-08|
| 927 |True   |  329  |9.317453e-06|1.181736e-05|6.538937e-10|7.292107e-05|
| 928 |True   |  336  |9.925969e-06|1.832678e-05|5.435058e-10|5.450651e-05|
| 936 |True   |  331  |9.403526e-06|1.201063e-05|1.938218e-13|3.174014e-08|
| 935 |True   |  327  |9.573029e-06|1.237114e-05|3.282200e-10|4.653201e-05|
| 931 |True   |  340  |9.009836e-06|1.235973e-05|3.374003e-10|5.129570e-05|
| 934 |True   |  248  |9.793111e-06|1.664281e-05|8.618221e-10|7.777983e-08|
| 933 |True   |  377  |9.293892e-06|1.179341e-05|6.487570e-10|7.253603e-05|
| 937 |True   |  316  |9.051549e-06|4.773111e-05|5.447217e-10|7.404902e-05|
| 939 |True   |  345  |9.266333e-06|1.348067e-05|9.757586e-10|1.231543e-04|
| 940 |True   |  328  |9.625061e-06|1.545834e-05|1.865543e-10|3.661211e-05|
| 943 |True   |  302  |9.995447e-06|1.514460e-05|1.020931e-10|3.958034e-06|
| 938 |True   |  358  |9.978949e-06|1.247900e-05|4.163917e-13|5.447876e-08|
| 942 |True   |  332  |9.306974e-06|2.084910e-05|4.423552e-10|4.662665e-05|
| 941 |True   |  322  |9.302463e-06|3.131638e-05|6.374344e-10|8.122166e-05|
| 945 |True   |  319  |9.836441e-06|2.818474e-05|2.730322e-10|4.057933e-05|
| 946 |True   |  346  |9.618632e-06|1.348067e-05|3.138265e-13|4.560885e-08|
| 944 |True   |  350  |9.319701e-06|1.181974e-05|3.798974e-13|5.449812e-08|
| 949 |True   |  285  |9.469965e-06|1.394790e-05|8.365192e-10|2.328308e-08|
| 947 |True   |  337  |9.098355e-06|1.849201e-05|7.885686e-10|1.004753e-04|
| 948 |True   |  366  |9.701351e-06|1.220139e-05|3.955169e-13|5.242764e-08|
| 950 |True   |  346  |9.517990e-06|1.348067e-05|2.903939e-13|3.920226e-08|
| 952 |True   |  343  |9.560050e-06|1.497853e-05|9.556498e-10|1.177435e-04|
| 951 |True   |  388  |9.553931e-06|1.205343e-05|6.807121e-10|7.416395e-05|
| 954 |True   |  363  |9.903542e-06|1.240310e-05|7.240581e-10|7.633140e-05|
| 953 |True   |  347  |9.911831e-06|1.241132e-05|7.250467e-10|7.638106e-05|
| 955 |True   |  344  |9.985069e-06|1.324801e-05|6.973946e-10|7.232683e-05|
| 956 |True   |  335  |9.722942e-06|2.054668e-05|8.248219e-10|9.876375e-05|
| 957 |True   |  328  |9.553855e-06|2.818474e-05|7.023468e-10|9.502698e-05|
| 960 |True   |  346  |9.534837e-06|1.348067e-05|2.894483e-13|3.830993e-08|
| 961 |True   |  378  |9.269222e-06|1.176874e-05|6.324496e-10|7.098849e-05|
| 959 |True   |  342  |9.359676e-06|1.347726e-05|5.798623e-10|5.712013e-05|
| 958 |True   |  378  |9.562476e-06|1.206197e-05|6.817724e-10|7.421690e-05|
| 962 |True   |  361  |9.328110e-06|1.213261e-05|3.575839e-13|5.140267e-08|
| 963 |True   |  275  |9.284479e-06|2.513176e-05|8.024890e-10|2.111728e-08|
| 964 |True   |  327  |9.806164e-06|1.664281e-05|2.104681e-10|3.958555e-05|
| 965 |True   |  338  |9.596054e-06|1.209612e-05|3.740951e-13|4.683766e-08|
| 966 |True   |  318  |9.595405e-06|4.295800e-05|5.957774e-10|7.172387e-05|
| 967 |True   |  372  |9.125829e-06|1.162585e-05|3.717344e-13|5.554005e-08|
| 968 |True   |  361  |9.325656e-06|1.546731e-05|5.307990e-10|5.741138e-05|
| 969 |True   |  354  |9.338992e-06|1.183929e-05|3.540958e-13|4.424460e-08|
| 970 |True   |  340  |9.589082e-06|1.570467e-05|5.586346e-10|5.880883e-05|
| 972 |True   |  330  |9.777447e-06|2.392727e-05|4.553589e-10|4.512781e-05|
| 974 |True   |  331  |9.599614e-06|1.849201e-05|4.324793e-10|4.379059e-05|
| 975 |True   |  378  |9.483625e-06|1.198315e-05|6.720344e-10|7.372220e-05|
| 971 |True   |  384  |9.607315e-06|1.210733e-05|4.133292e-13|6.190481e-08|
| 973 |True   |  327  |9.152272e-06|1.356786e-05|1.109236e-10|3.225610e-05|
| 977 |True   |  274  |9.701874e-06|1.323917e-05|1.150436e-10|5.730277e-09|
| 978 |True   |  345  |9.231576e-06|1.368894e-05|5.620484e-10|6.251834e-05|
| 976 |True   |  375  |9.069478e-06|1.156950e-05|3.348568e-13|4.263756e-08|
| 980 |True   |  340  |9.368189e-06|1.664281e-05|8.999514e-10|1.195388e-04|
| 983 |True   |  329  |9.094042e-06|2.536627e-05|6.696451e-10|8.534677e-05|
| 979 |True   |  346  |9.723269e-06|1.348067e-05|3.237227e-13|4.599188e-08|
| 981 |True   |  312  |9.609863e-06|5.892729e-05|5.574545e-10|7.026863e-05|
| 982 |True   |  314  |9.824265e-06|3.621086e-05|3.915089e-10|3.756418e-05|
| 988 |True   |  310  |9.255796e-06|2.315708e-05|1.884763e-11|6.016730e-06|
| 990 |True   |  243  |9.765969e-06|2.070493e-05|8.059057e-10|2.265566e-08|
| 986 |True   |  350  |8.975889e-06|1.271936e-05|1.763153e-12|1.434052e-07|
| 984 |True   |  387  |9.780482e-06|1.227995e-05|7.087561e-10|7.557277e-05|
| 985 |True   |  376  |9.717711e-06|1.221773e-05|4.116112e-13|5.837680e-08|
| 987 |True   |  384  |9.687087e-06|1.218658e-05|6.970465e-10|7.497751e-05|
| 991 |True   |  350  |9.575825e-06|1.207582e-05|6.833306e-10|7.430110e-05|
| 994 |True   |  275  |9.566711e-06|2.501329e-05|7.854009e-10|6.754692e-09|
| 992 |True   |  345  |9.332150e-06|1.302895e-05|6.027333e-10|6.627303e-05|
| 993 |True   |  329  |9.723525e-06|2.637524e-05|4.311165e-10|4.265346e-05|
| 989 |True   |  387  |9.453378e-06|1.195289e-05|6.683183e-10|7.353508e-05|
| 996 |True   |  332  |9.201531e-06|2.286524e-05|6.383106e-10|8.658275e-05|
| 997 |True   |  345  |9.162203e-06|1.348067e-05|9.835417e-10|1.383492e-04|
| 999 |True   |  325  |9.972626e-06|1.849201e-05|2.199386e-10|3.573100e-05|
| 995 |True   |  362  |9.888596e-06|1.398402e-05|6.521727e-10|6.779552e-05|
| 998 |True   |  346  |9.760933e-06|1.226047e-05|7.060467e-10|7.541940e-05|
