|seed |success|  nit  |  mu_check  |   mu_sum   |   G_norm   | step_norm  |
|  0  |True   |  373  |9.680563e-06|1.110879e-05|4.132922e-10|8.348894e-05|
|  5  |True   |  355  |9.837111e-06|1.126536e-05|4.211395e-10|8.048954e-05|
|  3  |True   |  342  |9.470216e-06|1.653866e-05|2.699150e-10|5.596821e-05|
|  6  |True   |  349  |9.479039e-06|1.200642e-05|2.096010e-10|4.111125e-05|
|  2  |True   |  325  |9.660187e-06|1.179455e-05|2.092742e-11|4.202111e-06|
|  1  |True   |  348  |9.217701e-06|1.125615e-05|4.446555e-10|1.212220e-04|
|  4  |True   |  348  |9.996593e-06|1.155953e-05|4.602994e-10|9.205931e-05|
| 10  |True   |  349  |9.288734e-06|1.104844e-05|7.904503e-10|1.737927e-04|
|  8  |True   |  350  |9.884857e-06|1.131266e-05|9.027013e-10|1.890267e-04|
|  9  |True   |  373  |9.542474e-06|1.097071e-05|3.940967e-10|7.870888e-05|
|  7  |True   |  365  |9.732789e-06|1.116104e-05|4.137457e-10|8.056605e-05|
| 12  |True   |  355  |9.371262e-06|1.221064e-05|3.335242e-10|7.435804e-05|
| 11  |True   |  399  |9.824266e-06|1.151233e-05|3.365761e-10|7.524918e-05|
| 13  |True   |  347  |9.866128e-06|1.332847e-05|2.711036e-10|4.768884e-05|
| 17  |True   |  340  |9.999294e-06|1.572328e-05|7.254357e-10|1.471282e-04|
| 15  |True   |  342  |9.948991e-06|1.527408e-05|2.763294e-10|4.312083e-05|
| 18  |True   |  375  |9.558620e-06|1.098676e-05|5.001464e-10|1.025594e-04|
| 16  |True   |  390  |9.519758e-06|1.094785e-05|5.548185e-10|1.163450e-04|
| 14  |True   |  400  |9.623035e-06|1.105126e-05|4.129485e-10|8.692081e-05|
| 19  |True   |  367  |9.864744e-06|1.129297e-05|4.287543e-10|8.346201e-05|
| 20  |True   |  389  |9.874460e-06|1.130279e-05|3.027336e-10|5.360978e-05|
| 21  |True   |  400  |9.865947e-06|1.129420e-05|4.257188e-10|8.171386e-05|
| 23  |True   |  348  |9.923977e-06|1.175677e-05|8.082328e-10|1.940405e-04|
| 25  |True   |  342  |9.953219e-06|1.471821e-05|5.456483e-10|1.149962e-04|
| 22  |True   |  394  |9.709960e-06|1.113834e-05|2.489141e-10|4.317883e-05|
| 24  |True   |  371  |9.853923e-06|1.128193e-05|6.749226e-10|1.357906e-04|
| 26  |True   |  335  |9.797479e-06|1.611742e-05|4.117091e-10|9.435139e-05|
| 27  |True   |  344  |9.833794e-06|1.563512e-05|2.077011e-10|3.410980e-05|
| 30  |True   |  341  |9.311675e-06|1.509330e-05|3.258130e-10|7.228448e-05|
| 29  |True   |  332  |9.443877e-06|1.427539e-05|1.643067e-10|4.991567e-05|
| 28  |True   |  373  |9.560429e-06|1.098847e-05|6.135577e-10|1.300169e-04|
| 33  |True   |  334  |9.659917e-06|1.187726e-05|4.627419e-12|6.082524e-07|
| 31  |True   |  342  |9.317771e-06|1.408496e-05|5.358130e-10|1.266031e-04|
| 32  |True   |  350  |9.660525e-06|1.254255e-05|2.201506e-10|4.380225e-05|
| 36  |True   |  327  |9.842811e-06|1.839072e-05|9.160913e-11|2.404890e-05|
| 34  |True   |  375  |9.662412e-06|1.109067e-05|3.740827e-10|7.558949e-05|
| 35  |True   |  369  |9.748675e-06|1.202830e-05|2.390526e-10|4.083052e-05|
| 38  |True   |  347  |9.622280e-06|1.149961e-05|5.623047e-10|1.398495e-04|
| 37  |True   |  376  |9.839905e-06|1.126811e-05|4.371586e-10|9.101732e-05|
| 39  |True   |  347  |9.558204e-06|1.225993e-05|5.599276e-10|1.193681e-04|
| 40  |True   |  331  |8.784162e-06|1.663563e-05|1.803015e-10|4.948223e-05|
| 41  |True   |  352  |9.357635e-06|1.123564e-05|2.557734e-10|6.471545e-05|
| 43  |True   |  337  |9.956635e-06|1.760865e-05|2.977159e-10|4.382205e-05|
| 42  |True   |  382  |9.874861e-06|1.130323e-05|2.626523e-10|4.460955e-05|
| 45  |True   |  366  |9.636050e-06|1.106408e-05|6.268716e-10|1.343560e-04|
| 46  |True   |  373  |9.792772e-06|1.122231e-05|4.774685e-10|9.508270e-05|
| 44  |True   |  370  |9.858471e-06|1.243537e-05|3.179797e-10|5.873875e-05|
| 47  |True   |  338  |9.516515e-06|1.197913e-05|7.637960e-11|2.445783e-05|
| 49  |True   |  341  |9.486594e-06|1.129252e-05|4.320368e-10|1.207094e-04|
| 48  |True   |  345  |9.967077e-06|1.197502e-05|3.534543e-10|8.212697e-05|
| 50  |True   |  337  |9.605016e-06|1.256382e-05|2.011101e-10|5.628147e-05|
| 51  |True   |  384  |9.943916e-06|1.137212e-05|4.313800e-10|8.137817e-05|
| 53  |True   |  344  |9.895626e-06|3.406025e-05|2.392175e-10|4.571897e-05|
| 52  |True   |  389  |9.504374e-06|1.093262e-05|3.936847e-10|8.033114e-05|
| 54  |True   |  341  |9.534244e-06|1.202749e-05|7.866041e-10|2.546124e-04|
| 56  |True   |  368  |9.691945e-06|1.172598e-05|8.594215e-10|1.881863e-04|
| 55  |True   |  384  |9.818282e-06|1.124665e-05|2.579172e-10|4.411624e-05|
| 59  |True   |  328  |9.973290e-06|2.175728e-05|2.434270e-10|5.054530e-05|
| 61  |True   |  335  |9.576322e-06|1.413787e-05|9.839211e-12|3.505660e-06|
| 57  |True   |  335  |9.671759e-06|1.523366e-05|2.973051e-10|8.521848e-05|
| 60  |True   |  349  |9.662128e-06|1.109039e-05|4.040611e-10|7.890849e-05|
| 58  |True   |  347  |9.921131e-06|1.138724e-05|4.281984e-10|8.110471e-05|
| 63  |True   |  384  |9.694327e-06|1.112270e-05|2.476191e-10|4.304359e-05|
| 64  |True   |  384  |9.589114e-06|1.101734e-05|3.974139e-10|7.837482e-05|
| 66  |True   |  380  |9.430318e-06|1.085815e-05|8.556185e-10|1.842452e-04|
| 67  |True   |  323  |9.553420e-06|1.302476e-05|9.724276e-10|5.692858e-04|
| 65  |True   |  364  |9.581983e-06|1.101028e-05|3.966095e-10|7.832485e-05|
| 68  |True   |  371  |9.760222e-06|1.130287e-05|3.668816e-10|7.379282e-05|
| 70  |True   |  347  |9.438661e-06|1.139736e-05|3.805889e-10|7.981098e-05|
| 73  |True   |  342  |9.401259e-06|1.407076e-05|5.791874e-10|1.270986e-04|
| 69  |True   |  342  |9.287672e-06|1.308302e-05|4.531178e-10|1.161274e-04|
| 72  |True   |  369  |9.934598e-06|1.136260e-05|6.563561e-10|1.342322e-04|
| 71  |True   |  393  |9.504389e-06|1.093242e-05|6.170140e-10|1.370021e-04|
| 74  |True   |  391  |9.886526e-06|1.131462e-05|5.443295e-10|1.121150e-04|
| 75  |True   |  358  |9.579289e-06|1.858834e-05|2.884603e-10|6.211757e-05|
| 76  |True   |  350  |9.918209e-06|1.134648e-05|4.373019e-10|8.354014e-05|
| 62  |True   | 1085  |9.622272e-06|1.140278e-05|6.244421e-11|2.306955e-05|
| 77  |True   |  354  |9.465309e-06|1.089359e-05|3.913400e-10|8.092726e-05|
| 81  |True   |  368  |9.706776e-06|1.346780e-05|4.108421e-10|8.260079e-05|
| 78  |True   |  369  |9.617226e-06|1.104546e-05|4.068950e-10|8.224604e-05|
| 82  |True   |  372  |9.679395e-06|1.157666e-05|2.387222e-10|4.136418e-05|
| 79  |True   |  340  |9.718444e-06|1.126332e-05|6.224677e-11|2.394399e-05|
| 80  |True   |  352  |9.553303e-06|1.098158e-05|3.986295e-10|8.091801e-05|
| 83  |True   |  347  |9.863787e-06|1.207321e-05|4.020294e-10|7.660444e-05|
| 84  |True   |  372  |9.984258e-06|1.272351e-05|4.023052e-10|7.629892e-05|
| 85  |True   |  346  |9.784273e-06|1.164997e-05|1.598027e-10|3.403101e-05|
| 86  |True   |  379  |9.995898e-06|1.142390e-05|6.600224e-10|1.313455e-04|
| 87  |True   |  400  |9.872769e-06|1.130098e-05|4.242972e-10|8.068074e-05|
| 88  |True   |  358  |9.468682e-06|1.089688e-05|5.998317e-10|1.273367e-04|
| 92  |True   |  344  |9.581314e-06|1.350926e-05|2.074959e-10|3.589195e-05|
| 89  |True   |  348  |9.741600e-06|1.127825e-05|2.495891e-10|4.305908e-05|
| 90  |True   |  362  |9.516570e-06|1.139418e-05|2.172919e-10|5.542651e-05|
| 96  |True   |  343  |9.345256e-06|1.389895e-05|4.814428e-10|1.025616e-04|
| 93  |True   |  386  |9.939679e-06|1.136805e-05|2.681097e-10|4.518019e-05|
| 97  |True   |  335  |9.544628e-06|1.273592e-05|2.385068e-10|6.300365e-05|
| 91  |True   |  369  |9.745083e-06|1.117835e-05|4.185735e-10|8.180329e-05|
| 98  |True   |  347  |9.539770e-06|1.131685e-05|5.927905e-10|1.249163e-04|
| 94  |True   |  382  |9.872446e-06|1.130065e-05|4.328266e-10|8.559211e-05|
| 95  |True   |  375  |9.401732e-06|1.082975e-05|6.283838e-10|1.366900e-04|
| 99  |True   |  343  |9.946871e-06|1.261107e-05|3.891835e-10|8.406555e-05|
| 100 |True   |  343  |9.976195e-06|1.497853e-05|9.685299e-10|2.030268e-04|
| 101 |True   |  361  |9.733941e-06|1.197687e-05|3.967775e-10|8.312546e-05|
| 104 |True   |  370  |9.547709e-06|1.097582e-05|5.360388e-10|1.112034e-04|
| 105 |True   |  347  |9.754819e-06|1.193988e-05|5.975662e-10|1.216868e-04|
| 102 |True   |  373  |9.706352e-06|1.149698e-05|2.425471e-10|4.191983e-05|
| 107 |True   |  336  |9.317192e-06|1.224977e-05|8.925049e-11|2.601081e-05|
| 109 |True   |  357  |9.585944e-06|1.529266e-05|1.922277e-10|3.290446e-05|
| 103 |True   |  381  |9.928499e-06|1.135686e-05|2.671712e-10|4.508211e-05|
| 111 |True   |  350  |9.712193e-06|1.227183e-05|1.518641e-10|3.661731e-05|
| 106 |True   |  370  |9.467385e-06|1.089542e-05|6.109043e-10|1.352289e-04|
| 108 |True   |  345  |9.951493e-06|1.216263e-05|4.795453e-10|1.180530e-04|
| 110 |True   |  365  |9.798901e-06|1.251762e-05|4.115787e-10|8.089343e-05|
| 112 |True   |  336  |9.805214e-06|1.322668e-05|9.286353e-11|2.623626e-05|
| 113 |True   |  406  |9.490369e-06|1.091861e-05|3.888416e-10|7.809946e-05|
| 118 |True   |  347  |9.366270e-06|1.135229e-05|8.167169e-10|1.798855e-04|
| 119 |True   |  341  |9.714986e-06|1.480532e-05|3.678831e-10|6.932128e-05|
| 114 |True   |  358  |9.395813e-06|1.111950e-05|6.004826e-10|1.295348e-04|
| 120 |True   |  348  |9.464334e-06|1.127044e-05|3.786875e-10|7.744126e-05|
| 115 |True   |  364  |9.887473e-06|1.131549e-05|6.451632e-10|1.291790e-04|
| 116 |True   |  358  |9.919767e-06|1.134798e-05|4.439526e-10|8.927522e-05|
| 117 |True   |  380  |9.457611e-06|1.088566e-05|6.120261e-10|1.368430e-04|
| 121 |True   |  386  |9.947866e-06|1.137586e-05|6.615271e-10|1.359325e-04|
| 122 |True   |  360  |9.967547e-06|1.204652e-05|6.235152e-10|1.231565e-04|
| 126 |True   |  349  |9.114328e-06|1.219026e-05|7.902686e-10|1.801777e-04|
| 123 |True   |  697  |9.736923e-06|1.116513e-05|4.210123e-10|8.540148e-05|
| 124 |True   |  404  |9.719723e-06|1.114821e-05|2.645448e-10|4.642529e-05|
| 125 |True   |  361  |9.794831e-06|1.122305e-05|4.224748e-10|8.321454e-05|
| 129 |True   |  364  |9.887824e-06|1.303936e-05|3.849724e-10|7.418218e-05|
| 127 |True   |  340  |9.961690e-06|1.326679e-05|2.544738e-10|6.076823e-05|
| 131 |True   |  333  |9.996213e-06|1.313784e-05|4.725102e-11|2.263658e-05|
| 130 |True   |  376  |9.564510e-06|1.099254e-05|6.078462e-10|1.255031e-04|
| 128 |True   |  385  |9.870898e-06|1.129916e-05|3.733035e-10|7.206489e-05|
| 133 |True   |  379  |9.415793e-06|1.084385e-05|6.056933e-10|1.352864e-04|
| 136 |True   |  346  |9.665744e-06|1.180033e-05|3.922313e-10|7.955492e-05|
| 132 |True   |  391  |9.729460e-06|1.148041e-05|5.823189e-10|1.235129e-04|
| 134 |True   |  391  |9.935444e-06|1.136380e-05|2.677928e-10|4.515022e-05|
| 135 |True   |  378  |9.784291e-06|1.154351e-05|6.193916e-10|1.265727e-04|
| 137 |True   |  371  |9.616761e-06|1.104498e-05|4.169305e-10|8.652774e-05|
| 138 |True   |  393  |9.862960e-06|1.129118e-05|4.249359e-10|8.141875e-05|
| 139 |True   |  350  |9.321711e-06|1.104841e-05|5.694327e-10|1.223573e-04|
| 140 |True   |  371  |9.441465e-06|1.121319e-05|3.789996e-10|7.846465e-05|
| 146 |True   |  383  |9.674802e-06|1.110294e-05|5.162017e-10|1.061205e-04|
| 144 |True   |  368  |9.944132e-06|1.137229e-05|4.861881e-10|9.426106e-05|
| 141 |True   |  373  |9.717110e-06|1.114533e-05|4.109793e-10|8.025955e-05|
| 150 |True   |  357  |9.785069e-06|1.121310e-05|6.603647e-10|1.360689e-04|
| 142 |True   |  372  |9.792776e-06|1.122099e-05|4.177677e-10|8.062202e-05|
| 143 |True   |  383  |9.823251e-06|1.125147e-05|4.199260e-10|8.047277e-05|
| 147 |True   |  372  |9.367395e-06|1.079530e-05|7.444135e-10|1.604820e-04|
| 149 |True   |  363  |9.855690e-06|1.280324e-05|3.835954e-10|7.305196e-05|
| 145 |True   |  370  |9.982477e-06|1.141048e-05|6.603792e-10|1.336293e-04|
| 148 |True   |  371  |9.584233e-06|1.101228e-05|6.145351e-10|1.297680e-04|
| 154 |True   |  384  |9.897058e-06|1.151998e-05|2.609631e-10|4.409086e-05|
| 152 |True   |  362  |9.699789e-06|1.112783e-05|6.215136e-10|1.319960e-04|
| 151 |True   |  366  |9.874420e-06|1.130269e-05|4.246705e-10|8.077263e-05|
| 153 |True   |  375  |9.687220e-06|1.111527e-05|6.285693e-10|1.322651e-04|
| 157 |True   |  350  |9.528618e-06|1.095740e-05|3.926816e-10|7.849212e-05|
| 163 |True   |  371  |9.709358e-06|1.208107e-05|5.899521e-10|1.246760e-04|
| 156 |True   |  322  |9.354125e-06|1.143083e-05|3.017445e-10|8.707778e-05|
| 155 |True   |  398  |9.265315e-06|1.307184e-05|8.877917e-13|1.515470e-07|
| 158 |True   |  381  |9.792590e-06|1.215792e-05|3.926253e-10|7.587724e-05|
| 159 |True   |  369  |9.921344e-06|1.141559e-05|6.590297e-10|1.381242e-04|
| 161 |True   |  365  |9.335896e-06|1.076396e-05|5.846260e-10|1.256635e-04|
| 160 |True   |  350  |9.694822e-06|1.127655e-05|5.610537e-10|1.215640e-04|
| 162 |True   |  345  |9.787249e-06|1.393109e-05|2.189761e-10|3.661546e-05|
| 165 |True   |  374  |9.962702e-06|1.139095e-05|4.320914e-10|8.733636e-05|
| 167 |True   |  347  |9.141660e-06|1.211386e-05|2.444671e-10|6.138909e-05|
| 164 |True   |  359  |9.867753e-06|1.132359e-05|6.626044e-10|1.420564e-04|
| 173 |True   |  351  |9.968713e-06|1.139654e-05|8.906372e-10|1.839507e-04|
| 166 |True   |  339  |9.070199e-06|1.310070e-05|1.224082e-10|3.134040e-05|
| 171 |True   |  370  |9.459909e-06|1.088797e-05|6.033524e-10|1.304423e-04|
| 168 |True   |  373  |9.671676e-06|1.109993e-05|4.079402e-10|8.063418e-05|
| 169 |True   |  348  |9.822525e-06|1.216989e-05|3.457504e-10|8.261501e-05|
| 175 |True   |  372  |9.860270e-06|1.239063e-05|3.581360e-10|8.658789e-05|
| 170 |True   |  340  |9.503625e-06|1.199114e-05|2.909142e-10|8.614028e-05|
| 176 |True   |  349  |9.429047e-06|1.111119e-05|2.129705e-10|5.790483e-05|
| 172 |True   |  359  |9.512474e-06|1.167017e-05|5.724942e-10|1.201434e-04|
| 174 |True   |  350  |9.785312e-06|1.146218e-05|3.425696e-10|7.207130e-05|
| 179 |True   |  360  |9.738678e-06|1.505982e-05|5.058528e-10|1.057451e-04|
| 177 |True   |  342  |9.696495e-06|1.479263e-05|3.889392e-10|8.022022e-05|
| 181 |True   |  348  |9.528059e-06|1.151224e-05|5.794191e-10|1.201436e-04|
| 178 |True   |  350  |9.933781e-06|1.136210e-05|4.303444e-10|8.127314e-05|
| 182 |True   |  352  |9.920010e-06|1.650798e-05|2.169020e-10|3.404600e-05|
| 180 |True   |  338  |9.922947e-06|1.179809e-05|1.863380e-10|5.490737e-05|
| 185 |True   |  333  |9.597659e-06|1.550458e-05|2.440164e-10|5.955606e-05|
| 190 |True   |  383  |9.907431e-06|1.133583e-05|2.655203e-10|4.492063e-05|
| 183 |True   |  344  |9.248960e-06|1.265846e-05|1.079801e-10|2.733966e-05|
| 187 |True   |  366  |9.756684e-06|1.493694e-05|3.366419e-10|6.544863e-05|
| 184 |True   |  339  |9.705592e-06|1.321931e-05|2.830416e-10|6.467371e-05|
| 189 |True   |  350  |9.780100e-06|1.256518e-05|4.175211e-13|8.773113e-08|
| 186 |True   |  375  |9.800599e-06|1.122883e-05|4.373419e-10|8.659712e-05|
| 188 |True   |  347  |9.456853e-06|1.200709e-05|3.275853e-10|7.588163e-05|
| 194 |True   |  392  |9.832188e-06|1.126055e-05|2.591072e-10|4.424259e-05|
| 197 |True   |  336  |9.762552e-06|1.415649e-05|1.555324e-10|3.089799e-05|
| 192 |True   |  398  |9.755700e-06|1.258153e-05|5.052114e-10|1.023985e-04|
| 191 |True   |  371  |9.675736e-06|1.110414e-05|2.463081e-10|4.292830e-05|
| 193 |True   |  345  |9.540424e-06|1.240605e-05|5.461341e-10|1.412530e-04|
| 199 |True   |  349  |9.722007e-06|1.753913e-05|1.799285e-10|4.781063e-05|
| 196 |True   |  349  |9.896174e-06|1.175653e-05|3.891649e-10|9.444949e-05|
| 195 |True   |  346  |9.785279e-06|1.124055e-05|3.666799e-10|8.017074e-05|
| 200 |True   |  340  |9.911869e-06|1.445820e-05|3.613011e-10|7.302915e-05|
| 204 |True   |  371  |9.495838e-06|1.092408e-05|3.886141e-10|7.772748e-05|
| 201 |True   |  370  |9.952469e-06|1.138049e-05|6.554364e-10|1.323336e-04|
| 203 |True   |  338  |9.563556e-06|1.197839e-05|2.932277e-10|8.328335e-05|
| 202 |True   |  380  |9.332556e-06|1.076062e-05|5.839190e-10|1.249551e-04|
| 205 |True   |  347  |9.743486e-06|1.253743e-05|6.558251e-10|1.239894e-04|
| 207 |True   |  380  |9.679940e-06|1.110818e-05|4.095331e-10|8.116203e-05|
| 209 |True   |  338  |9.989863e-06|1.381695e-05|1.461137e-10|3.091457e-05|
| 206 |True   |  356  |9.946918e-06|1.169106e-05|4.444661e-10|8.403613e-05|
| 208 |True   |  348  |9.451612e-06|1.181353e-05|3.675539e-10|7.714274e-05|
| 198 |True   |  812  |9.898678e-06|1.132705e-05|2.657906e-10|4.504208e-05|
| 210 |True   |  390  |9.761695e-06|1.184888e-05|4.094957e-10|8.607474e-05|
| 214 |True   |  337  |9.388267e-06|1.206616e-05|4.293748e-11|2.236527e-05|
| 211 |True   |  382  |9.298094e-06|1.072615e-05|5.792490e-10|1.239545e-04|
| 213 |True   |  384  |9.807507e-06|1.123572e-05|4.180058e-10|8.012862e-05|
| 215 |True   |  348  |9.436173e-06|1.111814e-05|3.801093e-10|7.838951e-05|
| 219 |True   |  338  |9.916785e-06|1.318777e-05|3.646164e-10|1.001028e-04|
| 218 |True   |  363  |9.485524e-06|1.091383e-05|4.113586e-10|8.381696e-05|
| 217 |True   |  376  |9.962098e-06|1.138988e-05|8.875165e-10|1.802863e-04|
| 221 |True   |  339  |9.881603e-06|1.666209e-05|3.487277e-10|6.774716e-05|
| 216 |True   |  387  |9.869225e-06|1.129743e-05|4.239166e-10|8.062822e-05|
| 220 |True   |  379  |9.655274e-06|1.108367e-05|2.443990e-10|4.270929e-05|
| 222 |True   |  342  |9.996694e-06|1.187259e-05|2.562914e-10|7.513235e-05|
| 225 |True   |  366  |9.757959e-06|1.118594e-05|6.832749e-10|1.455256e-04|
| 226 |True   |  333  |8.627339e-06|1.749123e-05|2.546145e-10|5.674254e-05|
| 212 |True   |  794  |9.623390e-06|1.105142e-05|6.190086e-10|1.302957e-04|
| 223 |True   |  344  |9.887934e-06|1.163426e-05|3.564972e-10|8.044980e-05|
| 228 |True   |  342  |9.598864e-06|1.419750e-05|5.791426e-10|1.243555e-04|
| 224 |True   |  356  |9.596188e-06|1.102472e-05|5.667088e-10|1.176580e-04|
| 235 |True   |  368  |9.672262e-06|1.420594e-05|2.153641e-10|3.682549e-05|
| 229 |True   |  337  |9.680554e-06|1.411716e-05|3.208137e-10|6.112885e-05|
| 230 |True   |  374  |9.972191e-06|1.140055e-05|2.731068e-10|4.590829e-05|
| 236 |True   |  369  |9.976124e-06|1.140439e-05|4.372757e-10|8.870345e-05|
| 231 |True   |  373  |9.854893e-06|1.128338e-05|4.224265e-10|8.045955e-05|
| 237 |True   |  341  |9.505502e-06|1.503926e-05|4.755878e-10|9.986684e-05|
| 234 |True   |  327  |9.625881e-06|1.320199e-05|6.756324e-11|2.385942e-05|
| 233 |True   |  364  |9.619382e-06|1.106533e-05|2.358648e-10|4.058987e-05|
| 227 |True   | 1034  |9.758950e-06|1.118733e-05|2.535160e-10|4.370789e-05|
| 240 |True   |  358  |9.639362e-06|1.128361e-05|3.195667e-10|7.198296e-05|
| 238 |True   |  364  |9.563841e-06|1.216943e-05|1.331104e-10|3.101031e-05|
| 239 |True   |  331  |9.749886e-06|1.796863e-05|1.980220e-10|5.001169e-05|
| 241 |True   |  403  |9.631819e-06|1.106022e-05|2.424598e-10|4.250688e-05|
| 246 |True   |  579  |9.780784e-06|1.120880e-05|6.393904e-10|1.327882e-04|
| 245 |True   |  340  |9.744682e-06|1.553423e-05|6.994643e-10|1.495024e-04|
| 250 |True   |  355  |9.676144e-06|1.232576e-05|3.751132e-10|7.351405e-05|
| 243 |True   |  400  |9.590110e-06|1.101852e-05|2.390372e-10|4.215123e-05|
| 242 |True   |  476  |9.561291e-06|1.098954e-05|4.017811e-10|8.253873e-05|
| 244 |True   |  385  |9.585061e-06|1.101345e-05|2.386263e-10|4.210874e-05|
| 247 |True   |  369  |9.715058e-06|1.114389e-05|6.344035e-10|1.345562e-04|
| 249 |True   |  340  |9.855696e-06|1.624536e-05|6.901779e-10|1.419048e-04|
| 252 |True   |  340  |9.440698e-06|2.579944e-05|2.372082e-10|4.992092e-05|
| 251 |True   |  345  |9.986264e-06|1.261467e-05|3.949082e-10|8.982880e-05|
| 232 |True   | 1136  |9.827709e-06|1.125609e-05|2.586889e-10|4.419610e-05|
| 253 |True   |  336  |9.652595e-06|1.161862e-05|7.453921e-14|2.132928e-08|
| 248 |True   |  694  |9.773699e-06|1.120171e-05|6.329218e-10|1.288409e-04|
| 256 |True   |  335  |9.288190e-06|1.100425e-05|8.517560e-11|2.548781e-05|
| 255 |True   |  361  |9.802460e-06|1.213769e-05|2.419398e-10|4.103467e-05|
| 259 |True   |  341  |9.554786e-06|1.342947e-05|3.106540e-10|6.851607e-05|
| 257 |True   |  341  |9.501383e-06|1.292408e-05|3.306883e-10|7.331497e-05|
| 258 |True   |  359  |9.995467e-06|1.229887e-05|6.232105e-10|1.276319e-04|
| 263 |True   |  366  |9.702261e-06|1.133703e-05|4.027069e-10|7.830641e-05|
| 262 |True   |  392  |9.663662e-06|1.168997e-05|1.970816e-12|4.482887e-07|
| 265 |True   |  343  |9.529839e-06|1.321865e-05|2.962401e-10|6.320763e-05|
| 261 |True   |  460  |9.393197e-06|1.309776e-05|2.250375e-10|5.572674e-05|
| 264 |True   |  402  |9.787485e-06|1.121570e-05|4.254339e-10|8.398719e-05|
| 266 |True   |  351  |9.737835e-06|1.182253e-05|4.567811e-10|1.097708e-04|
| 267 |True   |  332  |9.940216e-06|1.628199e-05|1.293851e-10|2.900013e-05|
| 268 |True   |  362  |9.471740e-06|1.191109e-05|3.853846e-10|7.982500e-05|
| 269 |True   |  340  |9.854171e-06|1.511430e-05|3.690010e-10|7.844300e-05|
| 271 |True   |  339  |9.598791e-06|1.268695e-05|2.515761e-10|7.194256e-05|
| 273 |True   |  306  |9.640598e-06|1.459351e-05|1.605583e-10|8.796408e-07|
| 270 |True   |  356  |9.979262e-06|1.201180e-05|2.607629e-10|4.339306e-05|
| 272 |True   |  338  |9.443440e-06|1.243238e-05|1.255052e-10|4.122866e-05|
| 275 |True   |  362  |9.850472e-06|1.146961e-05|2.571715e-10|4.370539e-05|
| 254 |True   | 1462  |9.747769e-06|2.460627e-04|8.603937e-10|3.322747e-05|
| 276 |True   |  362  |9.866291e-06|1.129458e-05|4.367238e-10|8.839950e-05|
| 279 |True   |  339  |9.908147e-06|1.338513e-05|3.091945e-10|6.727078e-05|
| 277 |True   |  371  |9.633457e-06|1.211533e-05|3.772815e-10|7.527636e-05|
| 281 |True   |  343  |9.882300e-06|1.505268e-05|7.631056e-10|1.601624e-04|
| 278 |True   |  384  |9.896443e-06|1.132464e-05|4.388915e-10|8.834459e-05|
| 280 |True   |  347  |9.727116e-06|1.244326e-05|4.965971e-10|1.012033e-04|
| 282 |True   |  341  |9.433033e-06|1.512533e-05|3.599502e-10|7.329736e-05|
| 274 |True   |  782  |9.785019e-06|1.132833e-05|2.450452e-10|4.063361e-05|
| 285 |True   |  333  |9.822305e-06|1.330644e-05|6.706363e-11|2.368912e-05|
| 283 |True   |  336  |9.893521e-06|1.390102e-05|8.819804e-11|2.629122e-05|
| 284 |True   |  382  |9.717366e-06|1.114540e-05|6.270101e-10|1.287644e-04|
| 286 |True   |  348  |9.656712e-06|1.142576e-05|5.291841e-10|1.138384e-04|
| 288 |True   |  349  |9.630797e-06|1.105885e-05|6.211741e-10|1.319708e-04|
| 287 |True   |  373  |9.535139e-06|1.096344e-05|3.942936e-10|7.917163e-05|
| 290 |True   |  351  |9.825250e-06|1.125355e-05|4.270381e-10|8.444997e-05|
| 260 |True   | 1932  |9.894279e-06|1.132264e-05|2.642870e-10|4.478107e-05|
| 289 |True   |  565  |9.479830e-06|1.090794e-05|5.549704e-10|1.190779e-04|
| 295 |True   |  346  |9.793722e-06|1.493067e-05|3.383134e-10|6.458351e-05|
| 294 |True   |  396  |9.763959e-06|1.119233e-05|2.564352e-10|4.424826e-05|
| 292 |True   |  392  |9.641339e-06|1.106957e-05|4.130453e-10|8.494886e-05|
| 293 |True   |  394  |9.537324e-06|1.096557e-05|4.018778e-10|8.408749e-05|
| 296 |True   |  375  |9.660864e-06|1.108884e-05|6.777285e-10|1.409225e-04|
| 299 |True   |  341  |9.779202e-06|1.176926e-05|2.580816e-10|6.205991e-05|
| 297 |True   |  345  |9.523229e-06|1.493241e-05|8.532635e-10|1.885031e-04|
| 291 |True   |  797  |9.609785e-06|1.103801e-05|4.094847e-10|8.420662e-05|
| 298 |True   |  346  |9.482793e-06|1.181538e-05|3.647678e-10|7.334408e-05|
| 302 |True   |  369  |9.755475e-06|1.118349e-05|6.321964e-10|1.296841e-04|
| 303 |True   |  328  |9.545766e-06|1.730418e-05|1.424213e-10|4.615118e-05|
| 300 |True   |  348  |9.623693e-06|1.281353e-05|3.605419e-10|7.185179e-05|
| 301 |True   |  371  |9.491944e-06|1.130074e-05|3.801829e-10|7.700987e-05|
| 304 |True   |  341  |9.907436e-06|1.478528e-05|3.515570e-10|6.615911e-05|
| 306 |True   |  344  |9.430079e-06|1.325518e-05|5.934647e-10|1.282809e-04|
| 305 |True   |  361  |9.379564e-06|1.080765e-05|5.901543e-10|1.268574e-04|
| 307 |True   |  372  |9.847098e-06|1.127510e-05|6.540127e-10|1.383597e-04|
| 309 |True   |  367  |9.423318e-06|1.085113e-05|8.560790e-10|1.862079e-04|
| 310 |True   |  343  |9.364621e-06|1.294728e-05|5.337571e-10|1.191871e-04|
| 311 |True   |  341  |9.537846e-06|1.363357e-05|5.121663e-10|1.070578e-04|
| 312 |True   |  374  |9.958464e-06|1.224436e-05|2.327388e-10|4.237223e-05|
| 313 |True   |  373  |9.771813e-06|1.119983e-05|6.391791e-10|1.331200e-04|
| 315 |True   |  331  |9.484938e-06|1.134311e-05|4.606200e-10|7.196641e-05|
| 316 |True   |  344  |9.519445e-06|1.284471e-05|3.551054e-10|8.100528e-05|
| 319 |True   |  338  |9.962230e-06|1.304302e-05|2.148273e-10|5.623078e-05|
| 317 |True   |  346  |9.708216e-06|1.228492e-05|1.960061e-10|3.817711e-05|
| 314 |True   |  420  |9.811917e-06|1.124027e-05|2.894920e-10|5.116842e-05|
| 321 |True   |  344  |9.593865e-06|1.114534e-05|1.267708e-10|3.071264e-05|
| 320 |True   |  393  |9.800507e-06|1.122852e-05|6.366104e-10|1.297713e-04|
| 318 |True   |  343  |9.976134e-06|1.405343e-05|2.670704e-10|4.549200e-05|
| 323 |True   |  347  |9.561723e-06|1.145932e-05|3.859223e-10|7.698000e-05|
| 322 |True   |  372  |9.797831e-06|1.122608e-05|4.232378e-10|8.349565e-05|
| 326 |True   |  361  |9.916149e-06|1.253626e-05|5.974006e-10|1.193078e-04|
| 308 |True   | 1079  |9.888423e-06|1.186818e-05|1.519460e-10|4.907262e-05|
| 324 |True   |  386  |9.725043e-06|1.115338e-05|4.105703e-10|7.966069e-05|
| 327 |True   |  372  |9.670433e-06|1.109866e-05|4.111079e-10|8.261797e-05|
| 329 |True   |  327  |9.931668e-06|2.638810e-05|3.265496e-10|7.026124e-05|
| 325 |True   |  398  |9.669769e-06|1.109815e-05|2.455860e-10|4.283174e-05|
| 328 |True   |  343  |9.260103e-06|1.137229e-05|2.398350e-10|6.074378e-05|
| 332 |True   |  396  |9.979517e-06|1.140771e-05|4.383376e-10|8.350355e-05|
| 330 |True   |  346  |9.632792e-06|1.203877e-05|3.777418e-10|7.482195e-05|
| 331 |True   |  380  |9.983464e-06|1.141182e-05|2.718142e-10|4.556758e-05|
| 334 |True   |  335  |9.423988e-06|1.135274e-05|5.410715e-11|2.302637e-05|
| 335 |True   |  360  |9.560921e-06|1.171673e-05|6.927462e-10|1.576024e-04|
| 333 |True   |  476  |9.689299e-06|1.111756e-05|4.073056e-10|7.948559e-05|
| 336 |True   |  381  |9.640119e-06|1.106816e-05|6.239591e-10|1.317127e-04|
| 341 |True   |  375  |9.765639e-06|1.321748e-05|5.536228e-10|1.126030e-04|
| 340 |True   |  327  |9.723154e-06|1.364979e-05|1.011184e-10|4.529944e-05|
| 339 |True   |  363  |9.294638e-06|1.198788e-05|4.592395e-10|1.127821e-04|
| 343 |True   |  366  |9.673008e-06|1.424503e-05|2.069854e-10|3.512058e-05|
| 337 |True   |  350  |9.243906e-06|1.176989e-05|2.518906e-12|6.002753e-07|
| 338 |True   |  347  |9.902413e-06|1.370114e-05|7.885662e-10|1.637565e-04|
| 342 |True   |  347  |9.957538e-06|1.237914e-05|4.178629e-10|8.421297e-05|
| 344 |True   |  369  |9.672272e-06|1.110068e-05|2.457809e-10|4.285120e-05|
| 345 |True   |  366  |9.353163e-06|1.078099e-05|8.482384e-10|1.866862e-04|
| 347 |True   |  370  |9.999646e-06|1.156248e-05|4.443974e-10|8.804498e-05|
| 348 |True   |  333  |9.485392e-06|1.557280e-05|2.160670e-10|5.316810e-05|
| 350 |True   |  339  |9.767167e-06|1.221734e-05|2.369598e-10|6.223561e-05|
| 349 |True   |  345  |9.462683e-06|1.196565e-05|5.875758e-10|1.545607e-04|
| 352 |True   |  373  |9.568268e-06|1.150329e-05|3.880013e-10|7.960363e-05|
| 357 |True   |  392  |9.711007e-06|1.113938e-05|2.490018e-10|4.318775e-05|
| 359 |True   |  388  |9.866112e-06|1.129413e-05|6.477088e-10|1.337838e-04|
| 353 |True   |  342  |9.486132e-06|1.297928e-05|3.146116e-10|6.794597e-05|
| 356 |True   |  375  |9.529826e-06|1.095808e-05|3.927726e-10|7.853657e-05|
| 351 |True   |  483  |9.718677e-06|1.114670e-05|6.281595e-10|1.298508e-04|
| 355 |True   |  373  |9.426875e-06|1.085506e-05|4.483874e-10|9.169254e-05|
| 361 |True   |  350  |9.486438e-06|1.091473e-05|3.908293e-10|7.947329e-05|
| 358 |True   |  385  |9.585706e-06|1.101396e-05|3.978405e-10|7.885627e-05|
| 360 |True   |  336  |9.559201e-06|1.267863e-05|8.130151e-11|2.487966e-05|
| 354 |True   |  489  |9.605458e-06|1.103377e-05|3.094094e-10|5.862157e-05|
| 362 |True   |  342  |9.607508e-06|1.420285e-05|1.947306e-10|3.695391e-05|
| 346 |True   | 1213  |9.570432e-06|1.182487e-05|8.343152e-11|4.824125e-06|
| 364 |True   |  347  |9.526243e-06|1.195193e-05|4.576934e-10|1.168011e-04|
| 367 |True   |  352  |9.721992e-06|1.138781e-05|8.790095e-10|1.863882e-04|
| 363 |True   |  367  |9.708342e-06|1.113673e-05|2.487964e-10|4.316816e-05|
| 368 |True   |  334  |9.598185e-06|1.749566e-05|2.591260e-10|5.598396e-05|
| 365 |True   |  356  |9.435196e-06|1.086346e-05|3.825864e-10|7.706386e-05|
| 366 |True   |  382  |9.883556e-06|1.131131e-05|9.115150e-10|1.861470e-04|
| 369 |True   |  334  |9.954430e-06|1.892472e-05|3.113731e-10|6.030509e-05|
| 370 |True   |  384  |9.869159e-06|1.129744e-05|4.294217e-10|8.365232e-05|
| 371 |True   |  338  |9.543372e-06|1.567775e-05|3.170771e-10|6.363423e-05|
| 373 |True   |  367  |9.912697e-06|1.207615e-05|4.096252e-10|7.824670e-05|
| 372 |True   |  369  |9.429417e-06|1.085767e-05|3.848243e-10|7.847666e-05|
| 376 |True   |  360  |9.384365e-06|1.084739e-05|5.896606e-10|1.265224e-04|
| 374 |True   |  402  |9.769766e-06|1.119778e-05|6.339166e-10|1.294691e-04|
| 377 |True   |  372  |9.440323e-06|1.086853e-05|4.264519e-10|8.688522e-05|
| 375 |True   |  366  |9.438813e-06|1.106242e-05|8.131929e-10|1.752690e-04|
| 378 |True   |  344  |9.569175e-06|1.122383e-05|1.390497e-10|3.115832e-05|
| 381 |True   |  351  |9.766600e-06|1.120700e-05|2.438918e-10|4.098872e-05|
| 379 |True   |  348  |9.858069e-06|1.290812e-05|5.808009e-10|1.210612e-04|
| 385 |True   |  330  |9.924522e-06|1.433822e-05|2.080042e-11|1.051028e-05|
| 390 |True   |  345  |9.734082e-06|1.348454e-05|3.214281e-10|6.762968e-05|
| 382 |True   |  346  |9.810032e-06|1.214984e-05|3.994984e-10|7.898126e-05|
| 383 |True   |  340  |9.506206e-06|1.226207e-05|1.340283e-10|3.003067e-05|
| 384 |True   |  352  |9.727336e-06|1.330719e-05|3.623442e-10|7.765251e-05|
| 389 |True   |  382  |9.897395e-06|1.132563e-05|4.269479e-10|8.103138e-05|
| 386 |True   |  354  |9.616627e-06|1.104452e-05|8.488782e-10|1.808324e-04|
| 387 |True   |  349  |9.781000e-06|1.124915e-05|4.191190e-10|8.242351e-05|
| 388 |True   |  374  |9.813302e-06|1.124132e-05|6.375360e-10|1.293210e-04|
| 392 |True   |  339  |9.752820e-06|1.593847e-05|4.858573e-10|9.931752e-05|
| 391 |True   |  385  |9.835246e-06|1.323743e-05|3.811510e-10|7.715976e-05|
| 393 |True   |  371  |9.776541e-06|1.120493e-05|2.544274e-10|4.375063e-05|
| 400 |True   |  345  |9.510939e-06|1.263083e-05|7.156266e-10|1.866329e-04|
| 395 |True   |  345  |9.527041e-06|1.349689e-05|9.056091e-10|1.972135e-04|
| 394 |True   |  359  |9.994018e-06|2.026087e-05|3.067642e-10|6.142703e-05|
| 396 |True   |  347  |9.150565e-06|1.150633e-05|7.679140e-10|1.727544e-04|
| 397 |True   |  346  |9.945089e-06|1.283138e-05|3.938229e-10|7.447419e-05|
| 401 |True   |  330  |9.863586e-06|1.300000e-05|4.494449e-11|2.241735e-05|
| 403 |True   |  344  |9.989475e-06|1.266117e-05|2.452188e-10|4.451543e-05|
| 380 |True   | 1224  |9.803110e-06|1.159222e-05|2.528687e-10|4.321198e-05|
| 402 |True   |  396  |9.817887e-06|1.143322e-05|4.280794e-10|8.885022e-05|
| 398 |True   |  367  |9.841322e-06|1.126909e-05|9.080637e-10|1.882082e-04|
| 399 |True   |  335  |9.424008e-06|1.171917e-05|4.989983e-11|2.268495e-05|
| 404 |True   |  391  |9.676574e-06|1.110496e-05|2.461513e-10|4.289082e-05|
| 406 |True   |  344  |9.655230e-06|1.336399e-05|4.211567e-10|8.365585e-05|
| 405 |True   |  345  |9.368082e-06|1.168582e-05|2.804174e-10|6.687981e-05|
| 408 |True   |  369  |9.397317e-06|1.082540e-05|5.944372e-10|1.280785e-04|
| 410 |True   |  346  |9.847979e-06|1.496398e-05|3.965144e-10|7.303988e-05|
| 413 |True   |  363  |9.755095e-06|1.118313e-05|6.534780e-10|1.323720e-04|
| 407 |True   |  345  |9.172813e-06|1.163491e-05|4.374764e-10|1.111566e-04|
| 416 |True   |  347  |9.793434e-06|1.196018e-05|4.014591e-10|7.911469e-05|
| 409 |True   |  368  |9.567735e-06|1.157726e-05|3.861024e-10|7.920921e-05|
| 414 |True   |  380  |9.600353e-06|1.102839e-05|6.138429e-10|1.275736e-04|
| 411 |True   |  402  |9.672948e-06|1.110097e-05|6.284755e-10|1.332170e-04|
| 412 |True   |  389  |9.742767e-06|1.117114e-05|2.516290e-10|4.346070e-05|
| 415 |True   |  374  |9.584020e-06|1.213916e-05|5.647455e-10|1.171602e-04|
| 418 |True   |  365  |9.761485e-06|1.356729e-05|5.412782e-10|1.092357e-04|
| 420 |True   |  377  |9.690054e-06|1.111828e-05|4.178505e-10|8.614678e-05|
| 422 |True   |  348  |9.545627e-06|1.141636e-05|4.250028e-10|8.894413e-05|
| 417 |True   |  376  |9.907929e-06|1.133594e-05|6.575787e-10|1.367273e-04|
| 426 |True   |  378  |9.650570e-06|1.107894e-05|2.903990e-10|5.323939e-05|
| 425 |True   |  336  |9.445138e-06|1.259631e-05|1.825335e-10|5.286893e-05|
| 419 |True   |  364  |9.654980e-06|1.108329e-05|4.064187e-10|8.059311e-05|
| 424 |True   |  351  |9.242907e-06|1.132646e-05|3.911958e-10|1.003243e-04|
| 421 |True   |  379  |9.825543e-06|1.125355e-05|6.417258e-10|1.314723e-04|
| 427 |True   |  334  |9.941816e-06|1.270970e-05|8.037986e-11|2.576626e-05|
| 430 |True   |  353  |9.429991e-06|1.349620e-05|5.271800e-10|1.150411e-04|
| 428 |True   |  340  |9.759774e-06|1.183547e-05|8.053928e-11|2.751461e-05|
| 429 |True   |  377  |9.803664e-06|1.123204e-05|2.576023e-10|4.416749e-05|
| 431 |True   |  369  |9.738573e-06|1.116680e-05|4.118392e-10|7.979768e-05|
| 423 |True   |  710  |9.958231e-06|1.138626e-05|6.523125e-10|1.290242e-04|
| 434 |True   |  330  |9.977747e-06|2.216409e-05|1.843222e-10|2.888602e-05|
| 433 |True   |  355  |9.777216e-06|1.120545e-05|4.151086e-10|7.988283e-05|
| 432 |True   |  400  |9.622631e-06|1.105085e-05|4.128300e-10|8.685336e-05|
| 435 |True   |  375  |9.774677e-06|1.257379e-05|5.790264e-10|1.204002e-04|
| 436 |True   |  345  |9.721396e-06|1.308110e-05|3.683916e-10|7.332719e-05|
| 437 |True   |  488  |9.812300e-06|1.124030e-05|6.564847e-10|1.428568e-04|
| 442 |True   |  354  |9.238150e-06|1.149682e-05|5.197475e-12|5.270022e-07|
| 440 |True   |  349  |9.877682e-06|1.139860e-05|1.389260e-10|2.991348e-05|
| 438 |True   |  571  |9.767804e-06|1.119620e-05|2.536934e-10|4.367577e-05|
| 444 |True   |  343  |9.760294e-06|1.215753e-05|3.065621e-10|6.765175e-05|
| 445 |True   |  350  |9.342431e-06|1.127421e-05|2.869797e-10|3.126966e-05|
| 441 |True   |  377  |9.964812e-06|1.139317e-05|2.702382e-10|4.540268e-05|
| 443 |True   |  386  |9.500731e-06|1.092897e-05|4.003743e-10|8.541449e-05|
| 446 |True   |  352  |9.913987e-06|1.134324e-05|6.438069e-10|1.270638e-04|
| 439 |True   |  794  |9.473646e-06|1.371072e-05|2.685207e-10|7.137547e-05|
| 448 |True   |  338  |9.442093e-06|1.295535e-05|1.693062e-10|5.190998e-05|
| 451 |True   |  350  |9.629384e-06|1.286492e-05|3.927552e-12|5.748253e-07|
| 452 |True   |  410  |9.981075e-06|1.140931e-05|4.347617e-10|8.158700e-05|
| 447 |True   |  387  |9.785291e-06|1.121330e-05|6.354524e-10|1.298222e-04|
| 449 |True   |  377  |9.854224e-06|1.313251e-05|3.760418e-10|7.146279e-05|
| 450 |True   |  379  |9.449614e-06|1.087742e-05|8.586555e-10|1.851787e-04|
| 455 |True   |  337  |9.593318e-06|1.660361e-05|1.844736e-10|3.139122e-05|
| 454 |True   |  384  |9.706640e-06|1.113466e-05|6.267331e-10|1.288519e-04|
| 456 |True   |  394  |9.789984e-06|1.121820e-05|4.213834e-10|8.114967e-05|
| 453 |True   |  456  |9.825373e-06|1.162365e-05|4.765935e-10|1.080933e-04|
| 460 |True   |  335  |9.568813e-06|1.515030e-05|2.465972e-10|5.849830e-05|
| 459 |True   |  345  |9.880947e-06|1.257812e-05|5.161526e-10|1.026322e-04|
| 461 |True   |  343  |9.715170e-06|1.130967e-05|3.043848e-10|6.756176e-05|
| 458 |True   |  351  |9.168980e-06|1.219626e-05|4.131749e-10|1.074761e-04|
| 462 |True   |  345  |9.927915e-06|1.270540e-05|3.761966e-10|8.499989e-05|
| 457 |True   |  388  |9.546852e-06|1.097509e-05|3.976511e-10|8.061278e-05|
| 463 |True   |  365  |9.505223e-06|1.331421e-05|3.396772e-10|6.936087e-05|
| 464 |True   |  341  |9.816735e-06|1.278329e-05|1.685704e-10|5.329754e-05|
| 468 |True   |  336  |9.898056e-06|1.586112e-05|3.692160e-10|8.075723e-05|
| 465 |True   |  349  |9.665088e-06|1.109353e-05|4.059117e-10|7.982657e-05|
| 466 |True   |  380  |9.617105e-06|1.104537e-05|4.043434e-10|8.115573e-05|
| 470 |True   |  356  |9.327167e-06|1.425555e-05|5.837434e-10|2.340708e-04|
| 475 |True   |  389  |9.463119e-06|1.089136e-05|3.950960e-10|8.379598e-05|
| 467 |True   |  349  |9.306613e-06|1.128998e-05|5.598322e-10|1.217352e-04|
| 472 |True   |  364  |9.717736e-06|1.114577e-05|6.298002e-10|1.307801e-04|
| 474 |True   |  346  |9.732888e-06|1.907439e-05|4.393077e-10|9.376119e-05|
| 469 |True   |  367  |9.666786e-06|1.109483e-05|6.203849e-10|1.266881e-04|
| 471 |True   |  348  |9.461282e-06|1.113609e-05|3.791149e-10|7.661836e-05|
| 473 |True   |  374  |9.764656e-06|1.259955e-05|5.721495e-10|1.151560e-04|
| 477 |True   |  341  |9.947326e-06|1.424752e-05|3.688655e-10|7.107279e-05|
| 476 |True   |  337  |9.711369e-06|1.640740e-05|3.120175e-10|6.023099e-05|
| 478 |True   |  375  |9.676613e-06|1.110487e-05|4.062718e-10|7.947452e-05|
| 482 |True   |  350  |9.640282e-06|1.253211e-05|3.746201e-10|7.786566e-05|
| 483 |True   |  359  |9.561260e-06|1.098953e-05|3.954951e-10|7.866487e-05|
| 480 |True   |  379  |9.468099e-06|1.266622e-05|3.455195e-10|6.980584e-05|
| 481 |True   |  345  |9.359906e-06|1.194662e-05|1.841423e-10|4.013832e-05|
| 484 |True   |  349  |9.390210e-06|1.115181e-05|5.821082e-10|1.280591e-04|
| 485 |True   |  336  |9.698378e-06|1.480261e-05|1.345382e-10|2.850941e-05|
| 491 |True   |  373  |9.607499e-06|1.120066e-05|4.013584e-10|8.196023e-05|
| 492 |True   |  372  |9.584842e-06|1.101308e-05|3.970119e-10|7.843106e-05|
| 486 |True   |  350  |9.722320e-06|1.360522e-05|5.497379e-10|1.204843e-04|
| 493 |True   |  373  |9.602672e-06|1.103108e-05|2.400670e-10|4.225868e-05|
| 489 |True   |  331  |9.478396e-06|1.889131e-05|2.572579e-10|5.475595e-05|
| 490 |True   |  344  |9.854201e-06|1.355547e-05|3.729411e-10|7.146284e-05|
| 487 |True   |  392  |9.452505e-06|1.088075e-05|3.848146e-10|7.753559e-05|
| 488 |True   |  364  |9.623469e-06|1.105174e-05|4.004316e-10|7.859658e-05|
| 494 |True   |  350  |9.364684e-06|1.079253e-05|8.516929e-10|1.888892e-04|
| 479 |True   | 1030  |9.537046e-06|1.096527e-05|4.009689e-10|8.342272e-05|
| 499 |True   |  344  |9.770923e-06|1.327829e-05|5.567146e-10|1.110426e-04|
| 495 |True   |  346  |9.691336e-06|1.212377e-05|2.902391e-10|5.304159e-05|
| 503 |True   |  362  |9.876568e-06|1.130459e-05|6.494491e-10|1.337944e-04|
| 498 |True   |  342  |9.663727e-06|1.388670e-05|2.115662e-10|3.607460e-05|
| 505 |True   |  366  |9.992931e-06|1.142134e-05|2.830135e-10|4.783562e-05|
| 497 |True   |  335  |9.889906e-06|1.756130e-05|3.883884e-10|7.857046e-05|
| 496 |True   |  361  |9.543845e-06|1.408507e-05|6.398469e-10|1.410730e-04|
| 501 |True   |  337  |9.256138e-06|1.254830e-05|1.080558e-10|2.773081e-05|
| 504 |True   |  392  |9.876347e-06|1.130440e-05|6.019252e-10|1.222329e-04|
| 500 |True   |  360  |9.719969e-06|1.116388e-05|2.443843e-10|4.140086e-05|
| 502 |True   |  343  |9.751093e-06|1.147938e-05|3.148786e-10|7.026870e-05|
| 506 |True   |  346  |9.898393e-06|1.213261e-05|6.101368e-10|1.216741e-04|
| 508 |True   |  382  |9.484808e-06|1.091295e-05|5.461036e-10|1.151135e-04|
| 507 |True   |  396  |9.557876e-06|1.098626e-05|2.412684e-10|4.287717e-05|
| 510 |True   |  365  |9.944665e-06|1.644018e-05|3.184728e-10|5.981951e-05|
| 513 |True   |  364  |9.386181e-06|1.102978e-05|5.808925e-10|1.244141e-04|
| 509 |True   |  380  |9.808573e-06|1.123661e-05|6.382660e-10|1.302423e-04|
| 512 |True   |  342  |9.489375e-06|1.429496e-05|5.898154e-10|1.241811e-04|
| 514 |True   |  340  |9.911926e-06|1.544768e-05|2.245633e-10|3.688759e-05|
| 511 |True   |  378  |9.617797e-06|1.104602e-05|4.102438e-10|8.288964e-05|
| 515 |True   |  370  |9.879068e-06|1.130722e-05|6.426333e-10|1.279193e-04|
| 517 |True   |  358  |9.681120e-06|1.225770e-05|2.291766e-10|3.943423e-05|
| 518 |True   |  331  |9.811417e-06|1.772494e-05|1.639764e-10|2.948827e-05|
| 516 |True   |  382  |9.439959e-06|1.239279e-05|2.135672e-10|4.100375e-05|
| 519 |True   |  326  |9.342317e-06|1.468581e-05|1.034728e-10|2.518309e-05|
| 520 |True   |  332  |9.863501e-06|1.348067e-05|2.493648e-10|7.994496e-05|
| 521 |True   |  347  |9.880791e-06|1.175659e-05|3.358898e-10|8.240005e-05|
| 524 |True   |  330  |9.908209e-06|1.254336e-05|6.130884e-11|2.299220e-05|
| 522 |True   |  348  |9.649221e-06|1.149293e-05|4.926381e-10|9.917701e-05|
| 523 |True   |  395  |9.542888e-06|1.355682e-05|7.363529e-10|1.581387e-04|
| 525 |True   |  333  |9.315769e-06|2.018817e-05|3.843414e-10|8.289739e-05|
| 529 |True   |  340  |9.868360e-06|1.315647e-05|4.484149e-10|1.015274e-04|
| 527 |True   |  380  |9.387500e-06|1.081563e-05|5.072559e-10|1.064506e-04|
| 528 |True   |  342  |9.598509e-06|1.376637e-05|3.437705e-10|7.063181e-05|
| 526 |True   |  367  |9.786256e-06|1.140725e-05|4.162892e-10|8.230622e-05|
| 530 |True   |  360  |9.418784e-06|1.089653e-05|5.927792e-10|1.265452e-04|
| 532 |True   |  346  |9.477849e-06|1.216259e-05|5.519045e-10|1.181056e-04|
| 533 |True   |  334  |9.089531e-06|1.336475e-05|2.304521e-10|7.842411e-05|
| 531 |True   |  366  |9.620519e-06|1.113986e-05|4.051223e-10|8.217577e-05|
| 534 |True   |  339  |9.784738e-06|1.496092e-05|2.097873e-10|3.481496e-05|
| 535 |True   |  337  |9.655933e-06|1.141632e-05|3.104177e-10|7.088940e-05|
| 538 |True   |  335  |9.991332e-06|1.265656e-05|1.445177e-10|2.668230e-05|
| 537 |True   |  375  |9.293832e-06|1.072193e-05|5.803561e-10|1.252184e-04|
| 540 |True   |  362  |9.764861e-06|1.223748e-05|3.858936e-10|7.424890e-05|
| 539 |True   |  357  |9.339104e-06|1.076705e-05|7.287630e-10|1.588427e-04|
| 545 |True   |  337  |9.852360e-06|1.700399e-05|4.853394e-10|1.041990e-04|
| 541 |True   |  340  |9.309997e-06|1.401032e-05|4.752871e-10|1.023266e-04|
| 536 |True   |  407  |9.683323e-06|1.121112e-05|2.449716e-10|4.259680e-05|
| 543 |True   |  339  |9.806144e-06|1.628810e-05|4.865399e-10|1.015098e-04|
| 542 |True   |  346  |9.233242e-06|1.173859e-05|4.196250e-10|1.093002e-04|
| 547 |True   |  332  |9.327515e-06|1.197818e-05|7.816859e-11|2.587360e-05|
| 546 |True   |  348  |9.407765e-06|1.083589e-05|5.275248e-10|1.115120e-04|
| 544 |True   |  395  |9.784444e-06|1.144423e-05|2.510275e-10|4.300202e-05|
| 549 |True   |  341  |9.752496e-06|1.475900e-05|5.148587e-10|1.079906e-04|
| 552 |True   |  344  |9.914912e-06|1.286961e-05|2.420529e-10|4.018305e-05|
| 550 |True   |  383  |9.904125e-06|1.180316e-05|2.590246e-10|4.363561e-05|
| 551 |True   |  359  |9.776671e-06|1.257927e-05|2.441344e-10|6.083025e-05|
| 558 |True   |  339  |9.888605e-06|1.347866e-05|8.931763e-11|2.926053e-05|
| 553 |True   |  343  |9.648862e-06|1.253454e-05|6.150250e-10|1.584656e-04|
| 554 |True   |  365  |9.626680e-06|1.105448e-05|8.744586e-10|1.889091e-04|
| 557 |True   |  380  |9.672164e-06|1.110040e-05|4.126866e-10|8.356058e-05|
| 555 |True   |  339  |9.915792e-06|1.679002e-05|3.294446e-10|6.260607e-05|
| 556 |True   |  346  |9.791172e-06|1.251887e-05|3.868065e-10|7.596992e-05|
| 548 |True   |  814  |9.184979e-06|1.061281e-05|8.271526e-10|1.851984e-04|
| 560 |True   |  380  |9.397297e-06|1.082538e-05|5.929533e-10|1.271949e-04|
| 559 |True   |  368  |9.906638e-06|1.169399e-05|2.492182e-10|4.474059e-05|
| 561 |True   |  343  |9.704693e-06|1.140295e-05|9.025941e-11|2.581541e-05|
| 563 |True   |  291  |9.563428e-06|2.487531e-05|3.048473e-10|2.574717e-07|
| 564 |True   |  344  |9.820330e-06|1.242813e-05|3.874252e-10|7.388966e-05|
| 565 |True   |  413  |9.865122e-06|1.129333e-05|4.345230e-10|8.717672e-05|
| 562 |True   |  392  |9.660405e-06|1.108871e-05|3.534133e-10|6.975472e-05|
| 568 |True   |  355  |9.630351e-06|1.143377e-05|6.681778e-10|1.597491e-04|
| 566 |True   |  345  |9.706277e-06|1.277135e-05|3.501260e-10|7.446130e-05|
| 567 |True   |  335  |9.635314e-06|1.262278e-05|4.871907e-11|2.348491e-05|
| 569 |True   |  349  |9.637157e-06|1.737588e-05|4.496020e-10|9.429045e-05|
| 571 |True   |  339  |9.551473e-06|1.641509e-05|4.583846e-10|1.017433e-04|
| 574 |True   |  352  |9.672249e-06|1.110050e-05|4.115887e-10|8.215091e-05|
| 570 |True   |  364  |9.970017e-06|1.629441e-05|3.413047e-10|6.620481e-05|
| 572 |True   |  359  |9.817946e-06|1.124598e-05|6.397733e-10|1.312365e-04|
| 575 |True   |  330  |9.551672e-06|1.547271e-05|1.598274e-10|4.892832e-05|
| 573 |True   |  355  |9.914236e-06|1.134228e-05|6.539385e-10|1.334219e-04|
| 577 |True   |  354  |9.503286e-06|1.109390e-05|3.436480e-10|7.185366e-05|
| 576 |True   |  381  |9.650716e-06|1.110200e-05|2.435788e-10|4.258016e-05|
| 581 |True   |  344  |9.981504e-06|1.279222e-05|3.296482e-10|8.034969e-05|
| 580 |True   |  359  |9.444535e-06|1.219434e-05|5.485102e-10|1.159002e-04|
| 578 |True   |  347  |9.991536e-06|1.160023e-05|6.105580e-10|1.287007e-04|
| 579 |True   |  349  |9.858208e-06|1.175056e-05|2.532015e-10|4.284655e-05|
| 584 |True   |  392  |9.851986e-06|1.128019e-05|4.293647e-10|8.448519e-05|
| 582 |True   |  387  |9.867757e-06|1.129597e-05|4.334541e-10|8.627833e-05|
| 583 |True   |  344  |9.570514e-06|1.275591e-05|5.412101e-10|1.119978e-04|
| 585 |True   |  347  |9.989070e-06|1.255196e-05|4.328631e-10|9.323884e-05|
| 587 |True   |  377  |9.972938e-06|1.213961e-05|4.936114e-10|9.604191e-05|
| 586 |True   |  398  |9.696768e-06|1.112455e-05|8.825656e-10|1.870061e-04|
| 588 |True   |  345  |9.465418e-06|1.233668e-05|3.358040e-10|7.081375e-05|
| 589 |True   |  382  |9.336470e-06|1.076453e-05|5.866709e-10|1.272834e-04|
| 593 |True   |  333  |9.530971e-06|1.928432e-05|4.138436e-10|8.742181e-05|
| 591 |True   |  348  |9.594335e-06|1.134782e-05|6.341608e-10|1.399344e-04|
| 595 |True   |  346  |9.876406e-06|1.161066e-05|3.772308e-10|8.302638e-05|
| 590 |True   |  371  |9.946800e-06|1.388498e-05|2.346093e-10|3.847351e-05|
| 592 |True   |  371  |9.439687e-06|1.254999e-05|5.341072e-10|1.158259e-04|
| 594 |True   |  373  |9.851746e-06|1.165666e-05|4.168628e-10|8.155325e-05|
| 596 |True   |  372  |9.817873e-06|1.124623e-05|2.645177e-10|4.548483e-05|
| 597 |True   |  343  |9.536991e-06|1.327874e-05|3.402783e-10|6.762822e-05|
| 598 |True   |  364  |9.693236e-06|1.183771e-05|4.011041e-10|8.259784e-05|
| 599 |True   |  348  |9.780002e-06|1.197715e-05|2.421626e-10|4.125617e-05|
| 601 |True   |  359  |9.896144e-06|1.132437e-05|4.265291e-10|8.087367e-05|
| 600 |True   |  372  |9.509807e-06|1.159235e-05|2.273152e-10|4.370503e-05|
| 602 |True   |  343  |9.813102e-06|1.302633e-05|1.202445e-10|2.770370e-05|
| 605 |True   |  346  |9.953980e-06|1.202382e-05|6.765123e-10|1.566297e-04|
| 606 |True   |  571  |9.918365e-06|1.221133e-05|6.181992e-10|1.286981e-04|
| 603 |True   |  385  |9.702778e-06|1.113115e-05|2.483158e-10|4.311584e-05|
| 604 |True   |  348  |9.285745e-06|1.077062e-05|5.743242e-10|1.227680e-04|
| 607 |True   |  358  |9.520662e-06|1.551997e-05|3.101954e-10|6.404125e-05|
| 612 |True   |  371  |9.577353e-06|1.100559e-05|4.031877e-10|8.257537e-05|
| 609 |True   |  337  |9.950253e-06|1.723234e-05|4.653250e-10|9.737129e-05|
| 608 |True   |  406  |9.839558e-06|1.126777e-05|4.316249e-10|8.669867e-05|
| 610 |True   |  342  |9.609036e-06|1.446740e-05|5.060790e-10|1.075998e-04|
| 616 |True   |  336  |9.844296e-06|1.680746e-05|4.776742e-10|9.539931e-05|
| 615 |True   |  359  |9.694711e-06|1.186223e-05|6.367128e-10|1.384676e-04|
| 611 |True   |  356  |9.879182e-06|1.274336e-05|3.882863e-10|7.400499e-05|
| 613 |True   |  360  |9.537204e-06|1.167477e-05|4.268328e-10|8.555256e-05|
| 614 |True   |  369  |9.666270e-06|1.154939e-05|6.099668e-10|1.309152e-04|
| 617 |True   |  348  |9.466511e-06|1.135697e-05|5.164393e-10|1.088716e-04|
| 619 |True   |  334  |9.657951e-06|1.609072e-05|3.829165e-10|9.210797e-05|
| 618 |True   |  347  |9.468414e-06|1.130092e-05|3.145649e-10|7.003702e-05|
| 623 |True   |  342  |9.525171e-06|1.169291e-05|2.533467e-10|6.577842e-05|
| 624 |True   |  343  |9.170339e-06|1.296311e-05|6.232516e-10|1.442120e-04|
| 621 |True   |  392  |9.655723e-06|1.108395e-05|4.051561e-10|7.978236e-05|
| 622 |True   |  380  |9.753544e-06|1.118176e-05|4.257828e-10|8.559452e-05|
| 625 |True   |  333  |9.786477e-06|1.449991e-05|9.200672e-11|2.504130e-05|
| 627 |True   |  345  |9.523332e-06|1.205263e-05|3.177963e-10|7.331993e-05|
| 626 |True   |  387  |9.693888e-06|1.185501e-05|1.024168e-12|2.582034e-07|
| 620 |True   |  695  |9.706442e-06|1.113448e-05|6.265517e-10|1.297652e-04|
| 628 |True   |  373  |9.847048e-06|1.127513e-05|5.782828e-10|1.167648e-04|
| 634 |True   |  344  |9.415172e-06|1.118738e-05|3.115272e-10|7.182921e-05|
| 635 |True   |  367  |9.744542e-06|1.123659e-05|3.782950e-10|7.459485e-05|
| 633 |True   |  337  |9.708475e-06|1.166724e-05|7.447652e-11|2.370885e-05|
| 630 |True   |  374  |9.794987e-06|1.122337e-05|2.559581e-10|4.391139e-05|
| 632 |True   |  385  |9.604707e-06|1.103314e-05|2.402228e-10|4.227184e-05|
| 629 |True   |  468  |9.746051e-06|1.117428e-05|4.125752e-10|7.987039e-05|
| 631 |True   |  350  |9.243667e-06|1.149759e-05|4.186644e-10|1.092816e-04|
| 636 |True   |  338  |9.739885e-06|1.239434e-05|1.741638e-10|3.829767e-05|
| 638 |True   |  391  |9.722837e-06|1.157449e-05|6.082608e-10|1.244909e-04|
| 641 |True   |  333  |9.409784e-06|1.216979e-05|1.659182e-10|5.109771e-05|
| 637 |True   |  340  |9.719894e-06|1.489572e-05|2.071849e-10|3.425892e-05|
| 639 |True   |  341  |9.575366e-06|1.496496e-05|3.604888e-10|7.195471e-05|
| 640 |True   |  349  |9.658127e-06|1.123381e-05|1.830659e-10|3.504896e-05|
| 649 |True   |  330  |9.705981e-06|1.310118e-05|1.824715e-10|5.850564e-05|
| 642 |True   |  381  |9.660067e-06|1.343168e-05|5.448674e-10|1.194249e-04|
| 647 |True   |  339  |9.628565e-06|1.232895e-05|1.789615e-10|5.491204e-05|
| 644 |True   |  383  |9.797689e-06|1.122606e-05|2.561950e-10|4.393646e-05|
| 646 |True   |  380  |9.858131e-06|1.162001e-05|2.553727e-10|4.328168e-05|
| 643 |True   |  379  |9.298515e-06|1.257984e-05|1.942907e-10|3.766433e-05|
| 645 |True   |  333  |9.580864e-06|1.210355e-05|6.392331e-11|2.429267e-05|
| 648 |True   |  380  |9.527549e-06|1.095579e-05|3.944710e-10|7.963608e-05|
| 650 |True   |  382  |9.688925e-06|1.111715e-05|4.109476e-10|8.155889e-05|
| 652 |True   |  335  |9.783555e-06|1.252933e-05|2.242330e-10|4.522963e-05|
| 651 |True   |  394  |9.695254e-06|1.243090e-05|2.281972e-10|3.912838e-05|
| 653 |True   |  344  |9.553420e-06|1.374372e-05|6.839747e-10|1.482337e-04|
| 654 |True   |  349  |9.683546e-06|1.111188e-05|3.810856e-10|7.538479e-05|
| 661 |True   |  389  |9.813240e-06|1.171197e-05|4.163525e-10|8.476057e-05|
| 656 |True   |  386  |9.879752e-06|1.130776e-05|6.480964e-10|1.327264e-04|
| 655 |True   |  369  |9.840479e-06|1.126868e-05|4.629216e-10|9.045425e-05|
| 660 |True   |  339  |9.900957e-06|1.320932e-05|3.923056e-10|9.612514e-05|
| 658 |True   |  396  |9.522378e-06|1.095062e-05|3.927315e-10|7.885343e-05|
| 657 |True   |  347  |9.718449e-06|1.137372e-05|3.511558e-10|7.326341e-05|
| 659 |True   |  358  |9.483946e-06|1.091221e-05|3.887281e-10|7.833806e-05|
| 662 |True   |  340  |9.895644e-06|1.588094e-05|5.284667e-10|1.095311e-04|
| 663 |True   |  350  |9.569038e-06|1.099726e-05|4.774687e-10|1.004223e-04|
| 667 |True   |  380  |9.421822e-06|1.100259e-05|1.592524e-10|3.385427e-05|
| 669 |True   |  364  |9.971396e-06|1.139940e-05|6.543333e-10|1.299314e-04|
| 671 |True   |  345  |9.334125e-06|1.141315e-05|2.801907e-10|6.905355e-05|
| 665 |True   |  350  |9.469265e-06|1.089746e-05|5.178141e-10|1.100224e-04|
| 664 |True   |  372  |9.796542e-06|1.400892e-05|2.364036e-10|4.024361e-05|
| 666 |True   |  342  |9.431566e-06|1.222769e-05|3.883574e-10|1.111468e-04|
| 672 |True   |  372  |9.454420e-06|1.123040e-05|5.951452e-10|1.329915e-04|
| 668 |True   |  373  |9.969023e-06|1.139722e-05|4.437185e-10|8.729322e-05|
| 670 |True   |  379  |9.760885e-06|1.158877e-05|4.018422e-10|7.738411e-05|
| 677 |True   |  352  |9.385975e-06|1.140750e-05|2.779722e-10|6.939757e-05|
| 673 |True   |  382  |9.594011e-06|1.102239e-05|2.393629e-10|4.218552e-05|
| 675 |True   |  337  |9.682723e-06|1.205375e-05|5.760579e-11|2.486019e-05|
| 679 |True   |  380  |9.859186e-06|1.128740e-05|4.295078e-10|8.420222e-05|
| 676 |True   |  376  |9.798617e-06|1.131953e-05|2.477342e-10|4.254866e-05|
| 678 |True   |  336  |9.769756e-06|1.804507e-05|1.892721e-10|3.108558e-05|
| 682 |True   |  323  |9.555121e-06|3.035224e-05|2.413402e-10|4.874331e-05|
| 681 |True   |  341  |9.769740e-06|1.468940e-05|6.346997e-10|1.635555e-04|
| 680 |True   |  355  |9.556009e-06|1.299610e-05|3.504736e-10|7.087094e-05|
| 684 |True   |  346  |9.453551e-06|1.199075e-05|4.956419e-10|1.194218e-04|
| 687 |True   |  381  |9.783678e-06|1.121169e-05|6.398712e-10|1.334870e-04|
| 683 |True   |  385  |9.901987e-06|1.133017e-05|4.548668e-10|8.724361e-05|
| 686 |True   |  346  |9.995527e-06|1.242365e-05|4.117693e-10|1.006555e-04|
| 689 |True   |  343  |9.970242e-06|1.358177e-05|3.810068e-10|7.190592e-05|
| 685 |True   |  401  |9.865784e-06|1.129414e-05|2.649738e-10|4.513930e-05|
| 694 |True   |  338  |9.380986e-06|1.370308e-05|2.513531e-10|6.147166e-05|
| 688 |True   |  343  |9.857515e-06|1.363502e-05|3.551590e-10|8.810149e-05|
| 690 |True   |  374  |9.435697e-06|1.252992e-05|3.431264e-10|6.895605e-05|
| 691 |True   |  342  |9.868811e-06|1.397771e-05|5.463522e-10|1.111452e-04|
| 692 |True   |  373  |9.552103e-06|1.098015e-05|6.091410e-10|1.279560e-04|
| 693 |True   |  387  |9.929675e-06|1.135787e-05|4.398455e-10|8.697884e-05|
| 696 |True   |  345  |9.302564e-06|1.192393e-05|4.622328e-10|1.112650e-04|
| 674 |True   | 1313  |9.637567e-06|1.242716e-05|3.020838e-10|6.923856e-05|
| 695 |True   |  387  |9.359532e-06|1.078762e-05|5.709080e-10|1.270411e-04|
| 698 |True   |  347  |9.337422e-06|1.210611e-05|7.712600e-10|1.709628e-04|
| 697 |True   |  358  |9.922821e-06|1.349946e-05|2.349455e-10|3.872627e-05|
| 703 |True   |  351  |9.565441e-06|1.224587e-05|3.997692e-10|1.009571e-04|
| 701 |True   |  349  |9.527467e-06|1.238656e-05|3.469528e-10|7.738951e-05|
| 702 |True   |  343  |9.238393e-06|1.115595e-05|2.296624e-10|6.360137e-05|
| 700 |True   |  338  |9.621963e-06|1.666266e-05|3.033035e-10|5.960077e-05|
| 699 |True   |  384  |9.415061e-06|1.084311e-05|5.922681e-10|1.250363e-04|
| 704 |True   |  366  |9.455851e-06|1.353394e-05|5.206352e-10|1.103790e-04|
| 706 |True   |  352  |9.639411e-06|1.106750e-05|6.182266e-10|1.266499e-04|
| 705 |True   |  360  |9.900584e-06|1.187026e-05|5.419248e-10|1.077646e-04|
| 712 |True   |  349  |9.780318e-06|1.120836e-05|6.344563e-10|1.292325e-04|
| 709 |True   |  347  |9.769748e-06|1.186279e-05|3.278597e-10|7.160576e-05|
| 707 |True   |  365  |9.496728e-06|1.092501e-05|3.900795e-10|7.852122e-05|
| 710 |True   |  336  |9.365508e-06|1.763586e-05|4.656078e-10|9.895701e-05|
| 711 |True   |  375  |9.621991e-06|1.118250e-05|4.061598e-10|8.401686e-05|
| 708 |True   |  380  |9.381465e-06|1.080967e-05|4.317275e-10|9.356502e-05|
| 715 |True   |  333  |9.814415e-06|1.374783e-05|5.932241e-11|2.264888e-05|
| 716 |True   |  342  |9.695329e-06|1.354297e-05|5.370926e-10|1.114517e-04|
| 713 |True   |  395  |9.441566e-06|1.086961e-05|6.014313e-10|1.309483e-04|
| 714 |True   |  391  |9.435523e-06|1.301461e-05|3.468583e-10|7.062671e-05|
| 720 |True   |  342  |9.927355e-06|1.239934e-05|5.583074e-10|1.435954e-04|
| 717 |True   |  350  |9.903998e-06|1.134016e-05|2.704727e-10|4.515068e-05|
| 724 |True   |  393  |9.469815e-06|1.089810e-05|3.971477e-10|8.494846e-05|
| 718 |True   |  397  |9.521615e-06|1.094965e-05|6.067851e-10|1.284847e-04|
| 721 |True   |  348  |9.195456e-06|1.163836e-05|4.081976e-10|1.028298e-04|
| 719 |True   |  381  |9.951323e-06|1.137932e-05|6.587445e-10|1.354468e-04|
| 727 |True   |  371  |9.746927e-06|1.117515e-05|4.183186e-10|8.296986e-05|
| 726 |True   |  353  |9.386377e-06|1.160439e-05|2.850198e-10|6.621389e-05|
| 722 |True   |  370  |9.792063e-06|1.326885e-05|5.098172e-10|1.067662e-04|
| 725 |True   |  399  |9.750215e-06|1.117859e-05|2.522471e-10|4.352512e-05|
| 723 |True   |  406  |9.542423e-06|1.097047e-05|6.066233e-10|1.262586e-04|
| 730 |True   |  383  |9.957648e-06|1.138586e-05|4.423632e-10|8.701245e-05|
| 729 |True   |  362  |9.912765e-06|1.205953e-05|4.096017e-10|7.807028e-05|
| 728 |True   |  502  |9.392578e-06|1.115273e-05|8.354421e-10|1.849007e-04|
| 732 |True   |  342  |9.646995e-06|1.129124e-05|1.285523e-10|2.952133e-05|
| 739 |True   |  343  |9.971243e-06|1.402751e-05|2.331062e-10|3.800189e-05|
| 733 |True   |  330  |9.669829e-06|1.179290e-05|5.527467e-10|1.837090e-07|
| 737 |True   |  326  |9.291960e-06|1.299094e-05|2.749665e-10|1.430300e-04|
| 735 |True   |  356  |9.722636e-06|1.346330e-05|3.567794e-10|6.942239e-05|
| 734 |True   |  343  |9.956772e-06|1.340432e-05|3.948189e-10|8.115957e-05|
| 736 |True   |  386  |9.791150e-06|1.121938e-05|4.166971e-10|8.013003e-05|
| 741 |True   |  341  |9.490041e-06|1.125272e-05|1.591899e-10|5.101102e-05|
| 738 |True   |  377  |9.886180e-06|1.131395e-05|9.153527e-10|1.964082e-04|
| 740 |True   |  379  |9.980067e-06|1.140826e-05|4.433350e-10|8.646393e-05|
| 742 |True   |  365  |9.868454e-06|1.129667e-05|4.256207e-10|8.154777e-05|
| 731 |True   |  704  |9.606595e-06|1.103482e-05|4.051525e-10|8.223044e-05|
| 744 |True   |  342  |9.059795e-06|1.279966e-05|2.699987e-10|6.454571e-05|
| 743 |True   |  350  |9.722809e-06|1.238477e-05|4.685739e-10|1.144136e-04|
| 750 |True   |  371  |9.795556e-06|1.254320e-05|3.843710e-10|7.369150e-05|
| 748 |True   |  342  |9.236421e-06|1.229757e-05|2.842173e-10|6.703639e-05|
| 749 |True   |  346  |9.557071e-06|1.122605e-05|2.513113e-10|5.834822e-05|
| 745 |True   |  676  |9.769747e-06|1.222249e-05|3.523792e-10|8.305283e-05|
| 747 |True   |  346  |9.422566e-06|1.138912e-05|5.712125e-10|1.219087e-04|
| 751 |True   |  336  |9.702979e-06|1.172979e-05|7.602554e-11|2.573546e-05|
| 755 |True   |  356  |9.651831e-06|1.225580e-05|8.136480e-10|1.717868e-04|
| 753 |True   |  359  |9.485939e-06|1.215481e-05|5.608890e-10|1.210387e-04|
| 752 |True   |  346  |9.458192e-06|1.172081e-05|3.646410e-10|7.376777e-05|
| 754 |True   |  340  |9.439967e-06|1.550832e-05|6.555393e-10|1.408803e-04|
| 746 |True   |  662  |9.533616e-06|1.251916e-05|1.279667e-10|2.934928e-05|
| 760 |True   |  339  |9.626216e-06|1.167564e-05|1.698294e-10|5.043868e-05|
| 756 |True   |  345  |9.668040e-06|1.224228e-05|3.882402e-10|8.032938e-05|
| 761 |True   |  362  |9.976482e-06|1.140485e-05|2.714138e-10|4.554317e-05|
| 757 |True   |  401  |9.453358e-06|1.281795e-05|3.403730e-10|6.860257e-05|
| 758 |True   |  336  |9.648701e-06|1.708756e-05|4.558131e-10|9.645624e-05|
| 759 |True   |  357  |9.881219e-06|1.131012e-05|4.247067e-10|8.045550e-05|
| 763 |True   |  373  |9.910376e-06|1.248929e-05|2.472854e-10|4.125198e-05|
| 765 |True   |  341  |9.692076e-06|1.536392e-05|5.340261e-10|1.119471e-04|
| 767 |True   |  373  |9.816475e-06|1.127347e-05|5.319690e-10|1.153489e-04|
| 762 |True   |  365  |9.599052e-06|1.102731e-05|4.079816e-10|8.467118e-05|
| 764 |True   |  368  |9.506443e-06|1.219191e-05|3.626878e-10|7.437904e-05|
| 766 |True   |  342  |9.257885e-06|1.163517e-05|2.029315e-10|5.695190e-05|
| 769 |True   |  350  |9.685373e-06|1.120664e-05|4.608998e-10|9.416557e-05|
| 768 |True   |  388  |9.326863e-06|1.201523e-05|5.321774e-10|1.132045e-04|
| 771 |True   |  347  |9.725733e-06|1.207046e-05|2.357896e-10|4.039491e-05|
| 773 |True   |  346  |9.093022e-06|1.558028e-05|2.819341e-13|8.039251e-08|
| 770 |True   |  353  |9.662734e-06|1.201380e-05|4.244363e-13|1.048776e-07|
| 774 |True   |  350  |9.778155e-06|1.214200e-05|5.956166e-10|1.222078e-04|
| 778 |True   |  392  |9.636797e-06|1.234398e-05|5.659810e-10|1.177499e-04|
| 775 |True   |  378  |9.512854e-06|1.094091e-05|6.027130e-10|1.256285e-04|
| 772 |True   |  387  |9.791310e-06|1.121952e-05|4.272022e-10|8.653124e-05|
| 777 |True   |  338  |9.680114e-06|1.567073e-05|3.261008e-10|7.225788e-05|
| 776 |True   |  372  |9.677440e-06|1.123910e-05|2.439204e-10|4.243151e-05|
| 779 |True   |  340  |9.776951e-06|1.526844e-05|2.063521e-10|3.425324e-05|
| 784 |True   |  370  |9.907720e-06|1.137139e-05|2.541073e-10|4.233761e-05|
| 786 |True   |  364  |9.775549e-06|1.120378e-05|4.172434e-10|8.034030e-05|
| 780 |True   |  341  |9.002063e-06|1.205274e-05|3.024520e-10|9.120592e-05|
| 781 |True   |  350  |9.773853e-06|1.141392e-05|7.810569e-10|1.801769e-04|
| 787 |True   |  348  |9.344980e-06|1.125264e-05|8.159796e-10|1.796295e-04|
| 782 |True   |  350  |9.898357e-06|1.146831e-05|2.091421e-10|5.520685e-05|
| 783 |True   |  391  |9.826521e-06|1.125474e-05|4.201851e-10|8.046858e-05|
| 789 |True   |  361  |9.486350e-06|1.233990e-05|6.309364e-10|1.357247e-04|
| 788 |True   |  347  |9.636876e-06|1.209683e-05|3.743917e-10|7.317810e-05|
| 785 |True   |  393  |9.899435e-06|1.132765e-05|4.270314e-10|8.098489e-05|
| 791 |True   |  361  |9.524546e-06|1.095279e-05|3.976029e-10|7.914904e-05|
| 790 |True   |  341  |9.744128e-06|1.223906e-05|1.171608e-10|2.833978e-05|
| 795 |True   |  364  |9.935536e-06|1.182859e-05|6.402095e-10|1.336257e-04|
| 792 |True   |  329  |9.772147e-06|1.295241e-05|5.943450e-11|2.294785e-05|
| 797 |True   |  378  |9.544871e-06|1.097314e-05|3.948037e-10|7.900205e-05|
| 801 |True   |  340  |9.569447e-06|1.561503e-05|3.096782e-10|6.097132e-05|
| 798 |True   |  355  |9.625566e-06|1.180815e-05|3.252795e-10|7.663297e-05|
| 794 |True   |  385  |9.804865e-06|1.190287e-05|4.584893e-10|1.120447e-04|
| 793 |True   |  379  |9.829808e-06|1.125803e-05|4.264391e-10|8.383443e-05|
| 796 |True   |  346  |9.386090e-06|1.156527e-05|5.590741e-10|1.198063e-04|
| 800 |True   |  327  |9.940180e-06|2.317943e-05|3.445393e-10|5.919210e-05|
| 799 |True   |  345  |9.755482e-06|1.177691e-05|3.980969e-10|7.740382e-05|
| 802 |True   |  334  |9.828239e-06|1.204123e-05|1.648455e-10|4.856439e-05|
| 806 |True   |  573  |9.610572e-06|1.103861e-05|6.186015e-10|1.305513e-04|
| 811 |True   |  342  |9.801297e-06|2.065760e-05|1.657422e-11|1.841084e-06|
| 804 |True   |  382  |9.817359e-06|1.124574e-05|2.578405e-10|4.410784e-05|
| 803 |True   |  382  |9.614072e-06|1.104212e-05|6.196604e-10|1.309610e-04|
| 805 |True   |  343  |9.987870e-06|1.200507e-05|3.057725e-10|7.473385e-05|
| 807 |True   |  384  |9.809330e-06|1.123749e-05|5.078210e-10|1.001153e-04|
| 808 |True   |  355  |9.703080e-06|1.292925e-05|3.756965e-10|7.923922e-05|
| 815 |True   |  342  |9.478439e-06|1.145214e-05|1.297442e-10|3.039399e-05|
| 809 |True   |  346  |9.806429e-06|1.137388e-05|1.267305e-10|2.931349e-05|
| 810 |True   |  375  |9.861692e-06|1.128991e-05|4.237736e-10|8.086749e-05|
| 813 |True   |  330  |9.338784e-06|1.333900e-05|7.690032e-12|3.738360e-06|
| 812 |True   |  358  |9.918764e-06|1.134677e-05|6.512034e-10|1.314541e-04|
| 817 |True   |  354  |9.968796e-06|1.575923e-05|3.449250e-10|6.423384e-05|
| 814 |True   |  380  |9.826786e-06|1.225922e-05|6.710108e-10|1.621102e-04|
| 818 |True   |  355  |9.450810e-06|1.107069e-05|2.078663e-10|3.738372e-05|
| 816 |True   |  341  |9.502123e-06|1.529300e-05|3.673150e-10|7.422011e-05|
| 821 |True   |  342  |9.482001e-06|1.197044e-05|2.608101e-10|6.136473e-05|
| 819 |True   |  364  |9.509001e-06|1.172457e-05|5.563225e-10|1.186776e-04|
| 822 |True   |  377  |9.449844e-06|1.087811e-05|3.840487e-10|7.722663e-05|
| 824 |True   |  342  |9.934058e-06|1.263277e-05|4.257402e-10|1.075048e-04|
| 823 |True   |  398  |9.512825e-06|1.094086e-05|6.044500e-10|1.270048e-04|
| 829 |True   |  380  |9.438086e-06|1.086620e-05|5.993654e-10|1.265461e-04|
| 825 |True   |  339  |9.878692e-06|1.540153e-05|3.454277e-10|6.769826e-05|
| 828 |True   |  344  |9.977771e-06|1.328361e-05|3.974159e-10|7.977502e-05|
| 827 |True   |  376  |9.968152e-06|1.139615e-05|6.618327e-10|1.353854e-04|
| 826 |True   |  384  |9.712635e-06|1.114101e-05|2.492943e-10|4.323242e-05|
| 831 |True   |  396  |9.734329e-06|1.116236e-05|6.362575e-10|1.341955e-04|
| 833 |True   |  385  |9.777707e-06|1.120608e-05|2.545359e-10|4.376385e-05|
| 832 |True   |  384  |9.932164e-06|1.136039e-05|4.353689e-10|8.405085e-05|
| 830 |True   |  371  |9.563596e-06|1.202218e-05|4.155105e-10|8.320909e-05|
| 820 |True   | 1020  |9.939618e-06|1.136782e-05|4.343547e-10|8.312335e-05|
| 834 |True   |  338  |9.318637e-06|1.581032e-05|4.454192e-10|9.938475e-05|
| 836 |True   |  334  |9.419144e-06|1.289043e-05|3.202060e-10|6.800044e-05|
| 838 |True   |  375  |9.681285e-06|1.110950e-05|4.168823e-10|8.599451e-05|
| 839 |True   |  324  |9.336398e-06|1.457786e-05|1.721996e-10|5.766855e-05|
| 837 |True   |  347  |9.899228e-06|1.167077e-05|1.510481e-10|3.180509e-05|
| 844 |True   |  382  |9.718516e-06|1.114674e-05|4.114750e-10|8.046776e-05|
| 841 |True   |  346  |9.962585e-06|1.242311e-05|2.611680e-10|4.367539e-05|
| 840 |True   |  350  |9.484925e-06|1.122212e-05|5.405200e-10|1.156007e-04|
| 843 |True   |  358  |9.664567e-06|1.528259e-05|1.880327e-10|3.264255e-05|
| 842 |True   |  387  |9.577553e-06|1.147935e-05|2.305459e-10|4.052842e-05|
| 846 |True   |  339  |9.445409e-06|1.376209e-05|3.314227e-11|1.669393e-05|
| 835 |True   |  704  |9.970881e-06|1.182380e-05|2.965794e-10|5.135008e-05|
| 845 |True   |  388  |9.854457e-06|1.128267e-05|4.344248e-10|8.778529e-05|
| 847 |True   |  347  |9.567732e-06|1.152430e-05|3.837040e-10|7.579973e-05|
| 850 |True   |  339  |9.935373e-06|1.517540e-05|3.626339e-10|6.914770e-05|
| 849 |True   |  353  |9.608419e-06|1.103647e-05|6.179828e-10|1.306232e-04|
| 848 |True   |  386  |9.623965e-06|1.105222e-05|3.768905e-10|7.702859e-05|
| 851 |True   |  361  |9.932161e-06|1.136017e-05|6.562698e-10|1.341937e-04|
| 853 |True   |  365  |9.768623e-06|1.269979e-05|8.127607e-10|1.715159e-04|
| 852 |True   |  349  |9.669625e-06|1.689190e-05|3.061735e-10|6.094671e-05|
| 857 |True   |  378  |9.663183e-06|1.109143e-05|4.041367e-10|7.891108e-05|
| 858 |True   |  335  |9.905647e-06|1.536691e-05|2.371865e-10|5.362085e-05|
| 854 |True   |  356  |9.939538e-06|1.260980e-05|5.714574e-10|1.254540e-04|
| 855 |True   |  349  |9.821708e-06|1.125348e-05|4.283019e-10|8.660516e-05|
| 859 |True   |  322  |9.369125e-06|1.498697e-05|6.315103e-11|2.304198e-05|
| 856 |True   |  384  |9.979081e-06|1.140741e-05|3.329028e-10|5.977081e-05|
| 860 |True   |  341  |9.948816e-06|1.423373e-05|2.290692e-10|3.738446e-05|
| 861 |True   |  472  |9.568046e-06|1.109081e-05|4.149166e-10|8.229350e-05|
| 863 |True   |  383  |9.719552e-06|1.114778e-05|4.101686e-10|7.967989e-05|
| 865 |True   |  337  |9.970645e-06|1.838182e-05|4.788187e-10|9.903029e-05|
| 862 |True   |  381  |9.937452e-06|1.179573e-05|6.650296e-10|1.442321e-04|
| 864 |True   |  340  |9.576374e-06|1.870111e-05|2.864328e-10|6.083668e-05|
| 868 |True   |  387  |9.951257e-06|1.137946e-05|4.339142e-10|8.236764e-05|
| 866 |True   |  387  |9.693865e-06|1.112211e-05|4.093344e-10|7.987524e-05|
| 869 |True   |  352  |9.435440e-06|1.609364e-05|3.386659e-10|7.069611e-05|
| 871 |True   |  339  |9.382996e-06|1.531315e-05|4.558519e-10|9.675339e-05|
| 870 |True   |  388  |9.547478e-06|1.131463e-05|6.415575e-10|1.361376e-04|
| 872 |True   |  345  |9.431184e-06|1.196202e-05|2.383190e-10|6.129431e-05|
| 873 |True   |  336  |9.943349e-06|1.236260e-05|9.899249e-11|3.939759e-05|
| 876 |True   |  347  |9.807836e-06|1.215127e-05|2.315499e-10|4.285082e-05|
| 878 |True   |  356  |9.336876e-06|1.102411e-05|2.534281e-10|6.327787e-05|
| 875 |True   |  343  |9.890253e-06|1.339567e-05|3.740486e-10|7.054448e-05|
| 877 |True   |  342  |9.652171e-06|1.291828e-05|4.581731e-10|1.115306e-04|
| 867 |True   | 1276  |9.786076e-06|1.121445e-05|2.552268e-10|4.383584e-05|
| 880 |True   |  359  |9.921558e-06|1.167416e-05|2.623384e-10|5.543194e-05|
| 879 |True   |  351  |9.890516e-06|1.131879e-05|4.272825e-10|8.143526e-05|
| 885 |True   |  344  |9.823574e-06|1.139385e-05|8.300574e-11|2.384230e-05|
| 884 |True   |  340  |9.582183e-06|1.476466e-05|3.208421e-10|6.309402e-05|
| 883 |True   |  336  |9.822656e-06|1.755868e-05|3.092251e-10|5.867142e-05|
| 881 |True   |  336  |9.168325e-06|1.227569e-05|8.301839e-11|3.193306e-05|
| 886 |True   |  379  |9.897553e-06|1.132556e-05|6.467375e-10|1.295892e-04|
| 888 |True   |  334  |9.641135e-06|1.146967e-05|1.526872e-10|7.590534e-06|
| 887 |True   |  367  |9.862711e-06|1.199286e-05|2.777837e-10|4.827619e-05|
| 882 |True   |  585  |9.543386e-06|1.097143e-05|6.057242e-10|1.255040e-04|
| 890 |True   |  342  |9.994421e-06|1.408189e-05|3.809073e-10|7.505726e-05|
| 889 |True   |  345  |9.660714e-06|1.125551e-05|1.854296e-10|3.523172e-05|
| 893 |True   |  373  |9.424906e-06|1.111815e-05|6.115169e-10|1.368751e-04|
| 896 |True   |  356  |9.881812e-06|1.131007e-05|4.276170e-10|8.204712e-05|
| 891 |True   |  380  |9.482829e-06|1.091108e-05|3.870231e-10|7.742052e-05|
| 892 |True   |  357  |9.651075e-06|1.107933e-05|4.048561e-10|7.958369e-05|
| 895 |True   |  345  |9.380922e-06|1.252263e-05|7.578165e-10|1.678327e-04|
| 894 |True   |  349  |9.244676e-06|1.340642e-05|6.786690e-10|1.519209e-04|
| 900 |True   |  356  |9.418597e-06|1.090499e-05|5.927758e-10|1.278609e-04|
| 897 |True   |  379  |9.854072e-06|1.128244e-05|2.644903e-10|4.514263e-05|
| 899 |True   |  378  |9.503364e-06|1.093161e-05|3.890431e-10|7.763275e-05|
| 903 |True   |  385  |9.595423e-06|1.102365e-05|4.039842e-10|8.207711e-05|
| 898 |True   |  354  |9.901044e-06|1.132926e-05|4.352827e-10|8.561080e-05|
| 909 |True   |  350  |9.473723e-06|1.125618e-05|3.547750e-10|7.980635e-05|
| 901 |True   |  350  |9.396180e-06|1.082427e-05|6.194147e-10|1.310255e-04|
| 910 |True   |  352  |9.218718e-06|1.162025e-05|2.434173e-10|6.774326e-05|
| 904 |True   |  358  |9.599170e-06|1.213862e-05|3.706042e-10|7.335824e-05|
| 902 |True   |  394  |9.606841e-06|1.103508e-05|3.993556e-10|7.859980e-05|
| 874 |True   | 1769  |9.885418e-06|1.204274e-05|6.553561e-10|2.813027e-07|
| 905 |True   |  378  |9.870844e-06|1.214551e-05|2.693351e-10|4.821347e-05|
| 906 |True   |  361  |9.896947e-06|1.132497e-05|6.553298e-10|1.355494e-04|
| 908 |True   |  363  |9.468892e-06|1.170654e-05|8.221741e-10|1.837069e-04|
| 907 |True   |  390  |9.479091e-06|1.090716e-05|6.040942e-10|1.296828e-04|
| 912 |True   |  362  |9.681921e-06|1.168198e-05|4.099003e-10|8.798532e-05|
| 911 |True   |  368  |9.910311e-06|1.201961e-05|4.107306e-10|7.844611e-05|
| 914 |True   |  344  |9.517552e-06|1.312519e-05|5.297835e-10|1.120154e-04|
| 913 |True   |  351  |9.535591e-06|1.096385e-05|4.001199e-10|8.290735e-05|
| 916 |True   |  348  |9.920763e-06|1.227437e-05|6.268106e-10|1.338486e-04|
| 917 |True   |  348  |9.645701e-06|1.205036e-05|3.093357e-10|5.892238e-05|
| 915 |True   |  349  |9.772888e-06|1.142089e-05|8.039475e-10|1.786233e-04|
| 919 |True   |  345  |9.656506e-06|1.317755e-05|7.693805e-10|1.618996e-04|
| 922 |True   |  334  |9.826820e-06|1.889070e-05|4.475522e-10|9.322907e-05|
| 918 |True   |  357  |9.701466e-06|1.231745e-05|5.772732e-10|1.177104e-04|
| 920 |True   |  329  |9.883193e-06|1.740133e-05|2.121701e-10|5.323770e-05|
| 925 |True   |  377  |9.692352e-06|1.112058e-05|4.096850e-10|8.065616e-05|
| 924 |True   |  409  |9.572310e-06|1.100034e-05|6.103260e-10|1.270572e-04|
| 921 |True   |  377  |9.617752e-06|1.104579e-05|6.158296e-10|1.274828e-04|
| 926 |True   |  345  |9.784221e-06|1.248485e-05|3.555628e-10|8.033852e-05|
| 923 |True   |  351  |9.711163e-06|1.113940e-05|4.098768e-10|7.988556e-05|
| 932 |True   |  377  |9.837013e-06|1.126538e-05|2.594837e-10|4.427967e-05|
| 928 |True   |  331  |9.971074e-06|1.219918e-05|4.757230e-11|2.253102e-05|
| 934 |True   |  343  |9.951631e-06|1.647999e-05|4.991748e-10|1.009152e-04|
| 927 |True   |  385  |9.680392e-06|1.110842e-05|6.358221e-10|1.374735e-04|
| 933 |True   |  336  |9.649484e-06|1.800519e-05|4.602793e-10|9.517671e-05|
| 929 |True   |  406  |9.417976e-06|1.126101e-05|5.746900e-10|1.215264e-04|
| 935 |True   |  338  |9.990897e-06|1.766628e-05|3.244206e-10|6.003276e-05|
| 930 |True   |  350  |9.548017e-06|1.226301e-05|8.507517e-10|1.992083e-04|
| 937 |True   |  353  |9.750889e-06|1.117914e-05|4.128559e-10|7.981698e-05|
| 931 |True   |  393  |9.553571e-06|1.098180e-05|3.937370e-10|7.800729e-05|
| 936 |True   |  345  |9.489374e-06|1.116701e-05|2.969321e-10|6.733779e-05|
| 939 |True   |  340  |9.616152e-06|1.160692e-05|1.811336e-10|3.666673e-05|
| 938 |True   |  349  |9.840213e-06|1.345670e-05|5.639726e-10|1.174495e-04|
| 942 |True   |  367  |9.806127e-06|1.224771e-05|4.041069e-10|8.433784e-05|
| 944 |True   |  351  |9.345565e-06|1.077379e-05|5.915479e-10|1.299267e-04|
| 945 |True   |  332  |9.784042e-06|1.738784e-05|2.916750e-10|5.970397e-05|
| 941 |True   |  363  |9.717547e-06|1.209781e-05|2.346347e-10|4.024408e-05|
| 946 |True   |  348  |9.902285e-06|1.356162e-05|5.632827e-10|1.136093e-04|
| 943 |True   |  369  |9.585717e-06|1.123644e-05|3.910985e-10|7.727338e-05|
| 947 |True   |  335  |9.800693e-06|1.471149e-05|2.467745e-10|5.857473e-05|
| 948 |True   |  386  |9.937322e-06|1.136553e-05|4.320561e-10|8.199432e-05|
| 949 |True   |  342  |9.686599e-06|1.359300e-05|5.273092e-10|1.068287e-04|
| 950 |True   |  351  |9.505842e-06|1.124071e-05|1.451484e-10|3.187775e-05|
| 951 |True   |  326  |9.758572e-06|2.546585e-05|2.567219e-10|5.029871e-05|
| 940 |True   |  930  |9.905835e-06|1.133420e-05|2.653815e-10|4.490625e-05|
| 956 |True   |  336  |9.705160e-06|1.363076e-05|2.049435e-10|5.426886e-05|
| 952 |True   |  370  |9.753127e-06|1.118151e-05|2.524948e-10|4.355184e-05|
| 958 |True   |  360  |9.981730e-06|1.261033e-05|2.519542e-10|4.162355e-05|
| 955 |True   |  346  |9.488234e-06|1.241194e-05|5.429827e-10|1.150018e-04|
| 954 |True   |  410  |9.357341e-06|1.078541e-05|5.893636e-10|1.272083e-04|
| 957 |True   |  339  |9.389480e-06|1.260960e-05|3.196525e-10|7.106310e-05|
| 959 |True   |  325  |8.886939e-06|1.490748e-05|8.736597e-11|2.418820e-05|
| 960 |True   |  327  |9.779841e-06|2.562588e-05|3.096947e-10|5.753835e-05|
| 963 |True   |  343  |9.694003e-06|1.204436e-05|5.375987e-11|2.335550e-05|
| 962 |True   |  386  |9.301450e-06|1.072951e-05|5.815661e-10|1.255575e-04|
| 961 |True   |  352  |9.808883e-06|1.123711e-05|4.309329e-10|8.801382e-05|
| 965 |True   |  381  |9.464183e-06|1.089260e-05|3.896449e-10|7.977572e-05|
| 967 |True   |  377  |9.496924e-06|1.160808e-05|3.092430e-10|7.578257e-05|
| 964 |True   |  348  |9.369946e-06|1.211178e-05|1.819708e-10|3.442944e-05|
| 966 |True   |  373  |9.577935e-06|1.100617e-05|4.024047e-10|8.201107e-05|
| 953 |True   | 1020  |9.954085e-06|1.138245e-05|2.693203e-10|4.530645e-05|
| 968 |True   |  374  |9.729330e-06|1.351309e-05|7.693296e-10|1.638752e-04|
| 972 |True   |  357  |9.755513e-06|1.147043e-05|3.361488e-10|7.515849e-05|
| 969 |True   |  359  |9.758262e-06|1.118633e-05|6.360693e-10|1.329468e-04|
| 975 |True   |  351  |9.461209e-06|1.306410e-05|5.170603e-10|1.080991e-04|
| 971 |True   |  336  |9.845334e-06|1.264378e-05|1.715103e-10|5.155314e-05|
| 970 |True   |  396  |9.677615e-06|1.110584e-05|4.096410e-10|8.131518e-05|
| 974 |True   |  391  |9.661565e-06|1.108980e-05|4.098320e-10|8.227783e-05|
| 973 |True   |  388  |9.985030e-06|1.141302e-05|6.631535e-10|1.362166e-04|
| 976 |True   |  369  |9.995892e-06|1.142411e-05|4.399619e-10|8.365821e-05|
| 977 |True   |  379  |9.764952e-06|1.119317e-05|4.254919e-10|8.697334e-05|
| 978 |True   |  376  |9.486913e-06|1.091516e-05|3.935403e-10|7.879145e-05|
| 979 |True   |  362  |9.498580e-06|1.201809e-05|5.793107e-10|1.217820e-04|
| 980 |True   |  360  |9.598421e-06|1.123716e-05|1.677048e-10|3.386167e-05|
| 983 |True   |  380  |9.648735e-06|1.107712e-05|2.438542e-10|4.265177e-05|
| 986 |True   |  352  |9.518256e-06|1.198587e-05|3.725009e-10|7.834618e-05|
| 981 |True   |  355  |9.720507e-06|1.153852e-05|2.845810e-10|6.903990e-05|
| 982 |True   |  375  |9.851007e-06|1.127935e-05|2.843338e-10|4.955487e-05|
| 984 |True   |  344  |9.592956e-06|1.254642e-05|3.430236e-10|9.015974e-05|
| 985 |True   |  343  |9.330347e-06|1.187217e-05|2.830052e-10|6.527782e-05|
| 987 |True   |  383  |9.486132e-06|1.091438e-05|3.953114e-10|8.234753e-05|
| 992 |True   |  395  |9.536189e-06|1.191582e-05|3.089089e-10|5.959599e-05|
| 988 |True   |  334  |9.991750e-06|1.750232e-05|2.060945e-10|3.272670e-05|
| 990 |True   |  398  |9.631676e-06|1.143167e-05|5.992778e-10|1.227035e-04|
| 989 |True   |  338  |9.748929e-06|1.648560e-05|4.614549e-10|9.953306e-05|
| 994 |True   |  342  |9.575853e-06|1.396434e-05|4.087593e-10|8.796081e-05|
| 993 |True   |  324  |9.218487e-06|1.172518e-05|5.969757e-11|2.166393e-05|
| 991 |True   |  332  |9.710185e-06|1.899459e-05|2.392136e-10|5.029010e-05|
| 995 |True   |  347  |9.720620e-06|1.158904e-05|4.077826e-10|7.998534e-05|
| 998 |True   |  338  |9.522998e-06|1.172248e-05|1.728822e-10|5.251178e-05|
| 996 |True   |  349  |9.651343e-06|1.115295e-05|4.024278e-10|7.931727e-05|
| 999 |True   |  344  |9.410297e-06|1.282369e-05|5.266711e-10|1.147121e-04|
| 997 |True   |  377  |9.350669e-06|1.077874e-05|5.878477e-10|1.275857e-04|
