|seed |success|  nit  |  mu_check  |   mu_sum   |   G_norm   | step_norm  |
|  8  |True   |  469  |9.975317e-06|1.004305e-05|5.889103e-12|3.750358e-05|
| 12  |True   |  463  |9.973635e-06|1.007153e-05|7.954193e-12|4.706502e-05|
|  2  |True   |  479  |9.992208e-06|1.007557e-05|9.486592e-12|4.968523e-05|
| 10  |True   |  461  |9.956369e-06|1.004128e-05|6.581089e-12|4.377025e-05|
|  6  |True   |  464  |9.961900e-06|1.002745e-05|7.219548e-12|4.151848e-05|
|  3  |True   |  498  |9.961655e-06|1.001140e-05|6.191662e-12|3.450707e-05|
|  5  |True   |  506  |9.980207e-06|1.003844e-05|9.415414e-12|4.572008e-05|
|  9  |True   |  470  |9.992426e-06|1.005931e-05|5.761225e-12|3.418066e-05|
|  0  |True   |  495  |9.985844e-06|1.007421e-05|8.722853e-12|4.753218e-05|
|  4  |True   |  498  |9.982503e-06|1.003225e-05|4.818835e-12|2.675235e-05|
|  7  |True   |  491  |9.963693e-06|1.001344e-05|7.275176e-12|3.816263e-05|
| 11  |True   |  498  |9.969953e-06|1.002923e-05|4.799061e-12|2.899920e-05|
|  1  |True   |  509  |9.953798e-06|1.008346e-05|8.396343e-12|5.309705e-05|
| 20  |True   |  454  |9.962587e-06|1.005116e-05|4.897537e-12|3.733016e-05|
| 18  |True   |  451  |9.992535e-06|1.012343e-05|7.050205e-12|4.660381e-05|
| 14  |True   |  500  |9.969841e-06|1.001959e-05|6.296337e-12|3.443475e-05|
| 15  |True   |  493  |9.979322e-06|1.002907e-05|7.829612e-12|3.826628e-05|
| 22  |True   |  455  |9.954295e-06|1.007988e-05|5.841522e-12|4.051264e-05|
| 23  |True   |  491  |9.967185e-06|1.001693e-05|6.498159e-12|3.453220e-05|
| 13  |True   |  496  |9.991619e-06|1.004136e-05|8.664384e-12|4.040626e-05|
| 19  |True   |  494  |9.960871e-06|1.001062e-05|8.111671e-12|4.108382e-05|
| 21  |True   |  453  |9.976509e-06|1.009554e-05|6.665524e-12|4.231906e-05|
| 17  |True   |  581  |9.970506e-06|1.024318e-05|8.189857e-12|4.537574e-05|
| 25  |True   |  525  |9.973849e-06|1.007205e-05|6.930252e-11|9.878621e-05|
| 24  |True   |  689  |9.982336e-06|1.004909e-05|9.236961e-12|6.457657e-05|
| 16  |True   |  929  |9.986341e-06|1.003609e-05|3.627317e-12|2.096036e-05|
| 28  |True   |  447  |9.988115e-06|1.006587e-05|6.440490e-12|4.080469e-05|
| 27  |True   |  500  |9.999714e-06|1.004945e-05|1.259532e-11|4.768507e-05|
| 26  |True   |  506  |9.988189e-06|1.003793e-05|1.120062e-11|4.730305e-05|
| 29  |True   |  596  |9.975123e-06|1.002578e-05|8.362331e-12|4.151356e-05|
| 30  |True   |  467  |9.979217e-06|1.005592e-05|1.317859e-11|4.075211e-05|
| 32  |True   |  451  |9.977489e-06|1.010348e-05|9.562244e-12|5.866260e-05|
| 35  |True   |  459  |9.962482e-06|1.005797e-05|6.337018e-12|3.879811e-05|
| 33  |True   |  492  |9.972198e-06|1.002332e-05|7.365114e-12|3.821638e-05|
| 36  |True   |  452  |9.961920e-06|1.009576e-05|7.855549e-12|4.995763e-05|
| 31  |True   |  625  |9.964975e-06|1.001472e-05|7.240943e-12|3.807552e-05|
| 37  |True   |  573  |9.982331e-06|1.012400e-05|5.865225e-12|4.343072e-05|
| 34  |True   |  816  |9.988099e-06|1.003785e-05|2.974379e-12|1.464684e-05|
| 38  |True   |  588  |9.983974e-06|1.027188e-05|8.484262e-12|6.326406e-05|
| 42  |True   |  486  |9.982363e-06|1.004546e-05|6.257380e-12|3.761844e-05|
| 40  |True   |  458  |9.996608e-06|1.009116e-05|8.554471e-12|5.026186e-05|
| 43  |True   |  454  |9.977722e-06|1.009084e-05|7.179147e-12|4.688758e-05|
| 41  |True   |  491  |9.949256e-06|9.999001e-06|8.578051e-12|4.226485e-05|
| 39  |True   |  564  |9.948654e-06|1.013354e-05|4.233313e-12|3.394994e-05|
| 45  |True   |  480  |9.972543e-06|1.009236e-05|7.361004e-12|4.252140e-05|
| 44  |True   |  502  |9.955781e-06|1.004117e-05|6.136812e-12|4.091368e-05|
| 47  |True   |  486  |9.993992e-06|1.004771e-05|8.417063e-12|4.152321e-05|
| 49  |True   |  502  |9.970259e-06|1.004967e-05|8.349683e-12|4.743941e-05|
| 48  |True   |  556  |9.966361e-06|1.001611e-05|7.463772e-12|3.828009e-05|
| 50  |True   |  562  |9.961076e-06|1.008794e-05|3.327743e-12|3.169114e-05|
| 52  |True   |  488  |9.985561e-06|1.004311e-05|9.338378e-12|4.511354e-05|
| 51  |True   |  500  |9.965819e-06|1.001890e-05|8.549195e-12|4.292005e-05|
| 46  |True   | 1064  |9.982409e-06|1.003927e-05|6.939477e-12|6.482566e-05|
| 55  |True   |  474  |9.994475e-06|1.005911e-05|5.680169e-12|3.406072e-05|
| 58  |True   |  457  |9.994157e-06|1.007514e-05|8.261687e-12|4.542823e-05|
| 54  |True   |  494  |9.976459e-06|1.002620e-05|1.059388e-11|4.588550e-05|
| 56  |True   |  485  |9.989625e-06|1.004077e-05|1.102396e-11|4.819528e-05|
| 57  |True   |  492  |9.971955e-06|1.004696e-05|5.475843e-12|3.058651e-05|
| 59  |True   |  482  |9.973396e-06|1.005183e-05|7.478984e-12|4.286103e-05|
| 61  |True   |  465  |9.952659e-06|1.013183e-05|6.089729e-12|4.374892e-05|
| 60  |True   |  489  |9.937566e-06|1.000057e-05|8.981043e-12|4.619593e-05|
| 53  |True   | 1165  |9.998316e-06|1.011079e-05|7.429840e-10|5.416144e-03|
| 63  |True   |  456  |9.988158e-06|1.006577e-05|6.235259e-12|3.770058e-05|
| 64  |True   |  496  |9.990483e-06|1.004022e-05|1.123436e-11|4.549440e-05|
| 65  |True   |  508  |9.998347e-06|1.005432e-05|8.959059e-12|4.219234e-05|
| 67  |True   |  503  |9.972176e-06|1.002192e-05|8.657591e-12|4.174955e-05|
| 66  |True   |  454  |9.931411e-06|1.006978e-05|7.394945e-12|4.948284e-05|
| 70  |True   |  477  |9.999102e-06|1.007071e-05|6.076613e-12|3.570378e-05|
| 69  |True   |  474  |9.938316e-06|1.002469e-05|9.343342e-12|5.311576e-05|
| 68  |True   |  507  |9.981116e-06|1.003086e-05|5.876899e-12|3.113086e-05|
| 71  |True   |  491  |9.958375e-06|1.000812e-05|7.076935e-12|3.804675e-05|
| 73  |True   |  455  |9.988440e-06|1.006710e-05|7.454275e-12|4.976152e-05|
| 72  |True   |  496  |9.970287e-06|1.002003e-05|7.197045e-12|3.606921e-05|
| 76  |True   |  456  |9.986162e-06|1.009650e-05|7.641628e-12|4.683931e-05|
| 74  |True   |  507  |9.994550e-06|1.004429e-05|1.027733e-11|4.505606e-05|
| 77  |True   |  470  |9.996385e-06|1.009162e-05|1.062347e-11|5.427484e-05|
| 78  |True   |  503  |9.965072e-06|1.001482e-05|6.349258e-12|3.403645e-05|
| 80  |True   |  460  |9.974069e-06|1.009070e-05|8.170710e-12|5.003660e-05|
| 81  |True   |  488  |9.945564e-06|1.006239e-05|5.994888e-12|4.176275e-05|
| 82  |True   |  447  |9.926202e-06|1.006764e-05|7.328517e-12|4.940654e-05|
| 83  |True   |  513  |9.969158e-06|1.006820e-05|8.293452e-10|9.317504e-03|
| 79  |True   |  499  |9.994368e-06|1.004411e-05|8.487004e-12|3.940171e-05|
| 84  |True   |  453  |9.975706e-06|1.005781e-05|4.428060e-12|3.005694e-05|
| 85  |True   |  454  |9.955180e-06|1.003914e-05|6.575358e-12|4.081306e-05|
| 75  |True   |  790  |9.985451e-06|1.003520e-05|2.914723e-12|1.464592e-05|
| 86  |True   |  458  |9.994495e-06|1.007641e-05|1.071250e-11|5.376386e-05|
| 87  |True   |  505  |9.990319e-06|1.004106e-05|9.588205e-12|4.150924e-05|
| 88  |True   |  466  |9.957552e-06|1.003147e-05|5.076370e-12|3.259278e-05|
| 89  |True   |  469  |9.977780e-06|1.005246e-05|7.697541e-12|4.485413e-05|
| 90  |True   |  448  |9.950640e-06|1.003520e-05|5.790884e-12|4.069063e-05|
| 91  |True   |  462  |9.964696e-06|1.004296e-05|8.220441e-12|4.785430e-05|
| 92  |True   |  498  |9.981208e-06|1.003095e-05|1.197528e-11|4.958600e-05|
| 93  |True   |  454  |9.978132e-06|1.011112e-05|9.183690e-12|5.313558e-05|
| 94  |True   |  486  |9.999567e-06|1.004931e-05|8.844226e-12|3.929659e-05|
| 96  |True   |  468  |9.989962e-06|1.005503e-05|6.821061e-12|3.814339e-05|
| 97  |True   |  444  |9.944012e-06|1.005407e-05|5.681519e-12|4.212098e-05|
| 95  |True   |  506  |9.977207e-06|1.002987e-05|7.706827e-12|3.902919e-05|
| 98  |True   |  508  |9.967623e-06|1.001737e-05|9.291044e-12|4.278447e-05|
| 100 |True   |  502  |9.999721e-06|1.004947e-05|8.122657e-12|3.823823e-05|
| 99  |True   |  449  |9.998124e-06|1.010035e-05|9.310769e-12|4.852761e-05|
| 102 |True   |  459  |9.984091e-06|1.007830e-05|6.773775e-12|4.651754e-05|
| 101 |True   |  499  |9.982984e-06|1.003273e-05|5.196619e-12|2.733722e-05|
| 103 |True   |  446  |9.997143e-06|1.007905e-05|6.063768e-12|3.750529e-05|
| 104 |True   |  439  |9.987701e-06|1.016732e-05|7.934464e-12|5.332076e-05|
| 105 |True   |  498  |9.989498e-06|1.003925e-05|6.693984e-12|3.447402e-05|
| 106 |True   |  500  |9.977297e-06|1.002704e-05|8.993384e-12|4.203935e-05|
| 107 |True   |  450  |9.975768e-06|1.008921e-05|5.637994e-12|3.742376e-05|
| 108 |True   |  489  |9.946152e-06|9.995895e-06|1.109206e-11|4.925425e-05|
| 109 |True   |  496  |9.999620e-06|1.004936e-05|1.034750e-11|4.511631e-05|
| 113 |True   |  493  |9.994246e-06|1.005157e-05|8.154880e-12|4.147933e-05|
| 112 |True   |  460  |9.950281e-06|1.002605e-05|6.365323e-12|4.046410e-05|
| 110 |True   |  509  |9.992951e-06|1.004269e-05|1.117630e-11|4.719157e-05|
| 114 |True   |  499  |9.962091e-06|1.001183e-05|9.551496e-12|4.503963e-05|
| 115 |True   |  489  |9.976993e-06|1.004282e-05|7.692585e-12|4.215910e-05|
| 116 |True   |  478  |9.977260e-06|1.008044e-05|7.889623e-12|4.721458e-05|
| 117 |True   |  492  |9.986902e-06|1.003665e-05|5.481787e-12|3.036484e-05|
| 118 |True   |  464  |9.979765e-06|1.007603e-05|8.100105e-12|4.815848e-05|
| 119 |True   |  459  |9.962104e-06|1.005895e-05|8.877452e-12|5.262985e-05|
| 120 |True   |  504  |9.997248e-06|1.004699e-05|9.967154e-12|4.363739e-05|
| 121 |True   |  486  |9.984169e-06|1.003790e-05|6.535054e-12|3.439871e-05|
| 122 |True   |  476  |9.979696e-06|1.004769e-05|9.986885e-12|5.037490e-05|
| 123 |True   |  496  |9.976541e-06|1.003066e-05|9.013588e-12|4.472099e-05|
| 124 |True   |  490  |9.976209e-06|1.002806e-05|5.200967e-12|3.036028e-05|
| 127 |True   |  461  |9.984525e-06|1.012211e-05|9.020823e-12|5.268873e-05|
| 126 |True   |  468  |9.970217e-06|1.013602e-05|1.012498e-11|5.982172e-05|
| 125 |True   |  591  |9.996471e-06|1.006250e-05|7.365992e-12|3.517645e-05|
| 128 |True   |  459  |9.990731e-06|1.007955e-05|6.908990e-12|4.387458e-05|
| 129 |True   |  486  |9.986909e-06|1.003666e-05|8.236375e-12|3.904473e-05|
| 131 |True   |  465  |9.966347e-06|1.006174e-05|1.010145e-11|5.349645e-05|
| 62  |True   | 4070  |9.957128e-06|1.021230e-05|3.435899e-10|5.519507e-03|
| 132 |True   |  453  |9.968346e-06|1.006873e-05|5.243933e-12|3.727068e-05|
| 130 |True   |  569  |9.956510e-06|1.027534e-05|5.885379e-10|8.310219e-03|
| 133 |True   |  505  |9.995680e-06|1.004543e-05|6.700082e-12|3.434385e-05|
| 111 |True   | 1878  |9.978093e-06|1.015601e-05|8.107235e-10|5.416384e-03|
| 134 |True   |  439  |9.978033e-06|1.009403e-05|9.663153e-12|5.879594e-05|
| 138 |True   |  483  |9.971837e-06|1.002158e-05|5.926593e-12|3.255260e-05|
| 135 |True   |  469  |9.928877e-06|1.003940e-05|8.976102e-12|5.370663e-05|
| 136 |True   |  462  |9.973133e-06|1.004025e-05|3.392060e-12|2.577496e-05|
| 139 |True   |  484  |9.985806e-06|1.003652e-05|5.399802e-12|3.035101e-05|
| 140 |True   |  496  |9.966175e-06|1.002013e-05|8.316108e-12|4.096512e-05|
| 141 |True   |  495  |9.948387e-06|9.998128e-06|1.121084e-11|4.888983e-05|
| 143 |True   |  442  |9.968721e-06|1.012065e-05|8.584626e-12|5.573422e-05|
| 142 |True   |  469  |9.999995e-06|1.029178e-05|7.671745e-12|4.955069e-05|
| 144 |True   |  464  |9.941134e-06|1.008059e-05|8.378990e-12|5.632407e-05|
| 148 |True   |  458  |9.961753e-06|1.005255e-05|4.480546e-12|3.380595e-05|
| 147 |True   |  449  |9.987029e-06|1.006147e-05|7.814492e-12|4.456341e-05|
| 145 |True   |  566  |9.948653e-06|1.004250e-05|5.601756e-12|3.995120e-05|
| 149 |True   |  513  |9.989013e-06|1.008273e-05|7.893555e-12|4.374605e-05|
| 150 |True   |  458  |9.963204e-06|1.010111e-05|7.942550e-12|5.039251e-05|
| 151 |True   |  461  |9.955159e-06|1.003270e-05|5.752498e-12|3.770681e-05|
| 137 |True   | 1155  |9.988210e-06|1.003796e-05|2.976981e-12|1.464684e-05|
| 153 |True   |  502  |9.998237e-06|1.004798e-05|9.982293e-12|4.256518e-05|
| 154 |True   |  441  |9.989322e-06|1.014022e-05|7.257717e-12|5.184481e-05|
| 155 |True   |  451  |9.975366e-06|1.005402e-05|7.119299e-12|4.388631e-05|
| 152 |True   |  456  |9.986784e-06|1.007811e-05|1.071498e-11|5.689461e-05|
| 146 |True   |  779  |9.976215e-06|1.008712e-05|3.625527e-12|2.567778e-05|
| 156 |True   |  481  |9.963733e-06|1.002358e-05|8.994704e-12|4.550221e-05|
| 160 |True   |  452  |9.989066e-06|1.015757e-05|8.798791e-12|5.748383e-05|
| 161 |True   |  497  |9.956276e-06|1.001681e-05|6.987791e-12|3.923822e-05|
| 157 |True   |  505  |9.972060e-06|1.002181e-05|5.541132e-12|3.088623e-05|
| 162 |True   |  493  |9.972499e-06|1.003263e-05|6.675564e-12|3.827369e-05|
| 163 |True   |  473  |9.986922e-06|1.005686e-05|1.190783e-11|5.659097e-05|
| 164 |True   |  476  |9.997061e-06|1.006270e-05|5.028027e-12|3.042646e-05|
| 158 |True   |  500  |9.998991e-06|1.004873e-05|1.028451e-11|4.503610e-05|
| 167 |True   |  473  |9.967055e-06|1.006528e-05|5.861722e-12|3.747804e-05|
| 165 |True   |  560  |9.968878e-06|1.005228e-05|6.195380e-12|4.047294e-05|
| 166 |True   |  505  |9.949470e-06|9.999215e-06|9.466409e-12|4.517433e-05|
| 168 |True   |  473  |9.998673e-06|1.007922e-05|1.043486e-11|5.593368e-05|
| 169 |True   |  483  |9.997203e-06|1.005898e-05|8.132525e-12|4.145715e-05|
| 170 |True   |  477  |9.970002e-06|1.003978e-05|6.239773e-12|4.072545e-05|
| 171 |True   |  470  |9.984425e-06|1.007654e-05|5.691549e-12|3.745954e-05|
| 173 |True   |  478  |9.998603e-06|1.005839e-05|4.859317e-12|2.659393e-05|
| 175 |True   |  471  |9.989462e-06|1.007364e-05|7.709505e-12|4.572353e-05|
| 172 |True   |  510  |9.997924e-06|1.004767e-05|5.787848e-12|3.051523e-05|
| 176 |True   |  504  |9.974322e-06|1.002407e-05|4.973386e-12|2.720377e-05|
| 177 |True   |  491  |9.999804e-06|1.005404e-05|8.388796e-12|4.136105e-05|
| 174 |True   |  569  |9.958560e-06|1.011180e-05|4.694006e-12|4.023660e-05|
| 178 |True   |  474  |9.991658e-06|1.006230e-05|8.188302e-12|4.478838e-05|
| 179 |True   |  476  |9.978738e-06|1.006290e-05|5.611782e-12|3.749940e-05|
| 180 |True   |  464  |9.973713e-06|1.005574e-05|8.425953e-12|4.956118e-05|
| 181 |True   |  442  |9.982648e-06|1.015477e-05|8.808866e-12|5.230884e-05|
| 159 |True   | 1709  |9.987389e-06|1.003714e-05|2.958517e-12|1.464680e-05|
| 182 |True   |  487  |9.987069e-06|1.003843e-05|6.703830e-12|3.457962e-05|
| 185 |True   |  461  |9.984424e-06|1.012370e-05|8.664157e-12|5.531940e-05|
| 184 |True   |  475  |9.952933e-06|1.003995e-05|5.626874e-12|3.752162e-05|
| 183 |True   |  498  |9.966190e-06|1.001594e-05|7.954683e-12|3.921132e-05|
| 186 |True   |  475  |9.986683e-06|1.004845e-05|9.842960e-12|4.781013e-05|
| 188 |True   |  479  |9.969878e-06|1.004702e-05|7.812375e-12|4.439422e-05|
| 187 |True   |  491  |9.988175e-06|1.003792e-05|1.054225e-11|4.446228e-05|
| 189 |True   |  466  |9.971925e-06|1.009415e-05|6.780779e-12|4.172078e-05|
| 190 |True   |  502  |9.992720e-06|1.004246e-05|1.012504e-11|4.495991e-05|
| 192 |True   |  507  |9.982180e-06|1.003192e-05|9.363896e-12|4.178710e-05|
| 191 |True   |  480  |9.950542e-06|1.005116e-05|6.276008e-12|4.073287e-05|
| 195 |True   |  459  |9.998023e-06|1.008125e-05|8.193296e-12|4.499196e-05|
| 194 |True   |  494  |9.994752e-06|1.004450e-05|7.547345e-12|3.572944e-05|
| 196 |True   |  503  |9.985896e-06|1.004213e-05|1.359424e-11|5.355976e-05|
| 197 |True   |  455  |9.967204e-06|1.006485e-05|5.293790e-12|3.729637e-05|
| 193 |True   |  726  |9.998800e-06|1.004855e-05|3.215654e-12|1.464920e-05|
| 199 |True   |  449  |9.976126e-06|1.010975e-05|5.200944e-12|3.751638e-05|
| 198 |True   |  508  |9.987351e-06|1.003710e-05|6.598761e-12|3.434521e-05|
| 201 |True   |  474  |9.997137e-06|1.008409e-05|1.054805e-11|5.341695e-05|
| 200 |True   |  456  |9.981673e-06|1.006742e-05|4.896544e-12|3.387922e-05|
| 202 |True   |  497  |9.995742e-06|1.004651e-05|1.077954e-11|4.536897e-05|
| 203 |True   |  483  |9.988434e-06|1.003818e-05|1.132972e-11|4.832034e-05|
| 204 |True   |  487  |9.963361e-06|1.002132e-05|9.255354e-12|4.196601e-05|
| 205 |True   |  598  |9.996603e-06|1.009114e-05|7.046765e-12|3.474582e-05|
| 206 |True   |  476  |9.954647e-06|1.002287e-05|6.487634e-12|3.991690e-05|
| 207 |True   |  540  |9.980991e-06|1.003074e-05|8.043874e-12|3.890903e-05|
| 210 |True   |  446  |9.995198e-06|1.008671e-05|9.449114e-12|5.019954e-05|
| 208 |True   |  489  |9.971555e-06|1.002517e-05|5.275694e-12|3.086074e-05|
| 209 |True   |  486  |9.965944e-06|1.001569e-05|7.757863e-12|3.860994e-05|
| 211 |True   |  492  |9.992637e-06|1.004238e-05|1.387566e-11|5.254649e-05|
| 212 |True   |  505  |9.978773e-06|1.007501e-05|7.749638e-12|4.430680e-05|
| 214 |True   |  459  |9.949478e-06|1.005463e-05|6.886532e-12|4.655451e-05|
| 213 |True   |  452  |9.998613e-06|1.008331e-05|6.643800e-12|3.920173e-05|
| 215 |True   |  494  |9.963668e-06|1.001341e-05|8.242232e-12|4.147869e-05|
| 217 |True   |  496  |9.964778e-06|1.002459e-05|7.591337e-12|4.189485e-05|
| 218 |True   |  454  |9.965290e-06|1.005104e-05|4.724877e-12|3.434350e-05|
| 223 |True   |  476  |9.973807e-06|1.004276e-05|1.029443e-11|5.328376e-05|
| 222 |True   |  457  |9.959484e-06|1.002825e-05|6.485687e-12|3.704033e-05|
| 221 |True   |  450  |9.962593e-06|1.007248e-05|8.014531e-12|5.044249e-05|
| 220 |True   |  516  |9.981691e-06|1.003144e-05|5.371039e-12|3.034583e-05|
| 219 |True   |  641  |9.967839e-06|1.004000e-05|4.681838e-12|3.063281e-05|
| 224 |True   |  502  |9.994857e-06|1.004460e-05|1.304533e-11|5.059522e-05|
| 225 |True   |  446  |9.982573e-06|1.011179e-05|6.238932e-12|4.096026e-05|
| 227 |True   |  477  |9.982611e-06|1.004995e-05|9.242473e-12|4.569904e-05|
| 226 |True   |  464  |9.998879e-06|1.009591e-05|8.795690e-12|4.713790e-05|
| 228 |True   |  487  |9.955115e-06|1.002912e-05|7.854950e-12|4.713230e-05|
| 230 |True   |  502  |9.987917e-06|1.003766e-05|5.531768e-12|3.041146e-05|
| 229 |True   |  495  |9.993677e-06|1.004455e-05|1.031301e-11|4.523900e-05|
| 231 |True   |  469  |9.983074e-06|1.005416e-05|8.601168e-12|4.669411e-05|
| 232 |True   |  497  |9.992424e-06|1.004217e-05|6.519966e-12|3.313105e-05|
| 235 |True   |  469  |9.950964e-06|1.004121e-05|9.025344e-12|5.202348e-05|
| 233 |True   |  525  |9.966897e-06|1.004225e-05|7.083001e-12|4.449834e-05|
| 236 |True   |  490  |9.946963e-06|1.003474e-05|6.149202e-12|4.050966e-05|
| 234 |True   |  570  |9.987344e-06|1.008505e-05|7.425974e-12|4.446472e-05|
| 237 |True   |  488  |9.967602e-06|1.002558e-05|7.351519e-12|4.116087e-05|
| 238 |True   |  457  |9.989224e-06|1.006625e-05|1.177485e-11|5.909240e-05|
| 240 |True   |  449  |9.950152e-06|1.006586e-05|7.037906e-12|4.932204e-05|
| 239 |True   |  501  |9.990506e-06|1.004025e-05|1.274519e-11|5.161897e-05|
| 242 |True   |  449  |9.970234e-06|1.008484e-05|7.426360e-12|4.953352e-05|
| 241 |True   |  463  |9.976020e-06|1.004428e-05|7.926662e-12|4.710042e-05|
| 244 |True   |  498  |9.973225e-06|1.002297e-05|9.927331e-12|4.393137e-05|
| 243 |True   |  486  |9.992675e-06|1.005187e-05|9.409867e-12|4.400719e-05|
| 246 |True   |  456  |9.962716e-06|1.004643e-05|5.055650e-12|3.034280e-05|
| 248 |True   |  446  |9.992145e-06|1.010744e-05|7.647339e-12|4.615065e-05|
| 245 |True   |  484  |9.998212e-06|1.007708e-05|1.260555e-11|5.209347e-05|
| 247 |True   |  462  |9.986854e-06|1.007133e-05|8.624725e-12|4.804010e-05|
| 249 |True   |  462  |9.972076e-06|1.008316e-05|5.198613e-12|3.463407e-05|
| 250 |True   |  461  |9.949749e-06|1.004851e-05|8.219891e-12|4.675608e-05|
| 216 |True   | 2446  |9.993116e-06|1.007270e-05|2.735436e-12|1.464468e-05|
| 252 |True   |  503  |9.972365e-06|1.002211e-05|1.084640e-11|4.516130e-05|
| 253 |True   |  496  |9.992780e-06|1.004253e-05|8.913588e-12|4.159348e-05|
| 255 |True   |  456  |9.996906e-06|1.011192e-05|9.476143e-12|5.257013e-05|
| 256 |True   |  461  |9.998655e-06|1.007015e-05|7.996168e-12|4.417456e-05|
| 259 |True   |  475  |9.997114e-06|1.006651e-05|1.371376e-11|5.944512e-05|
| 257 |True   |  495  |9.984496e-06|1.003424e-05|8.209238e-12|3.884294e-05|
| 261 |True   |  462  |9.994952e-06|1.006356e-05|7.783870e-12|4.283061e-05|
| 263 |True   |  500  |9.967255e-06|1.001700e-05|8.803614e-12|4.201868e-05|
| 254 |True   |  711  |9.993679e-06|1.004343e-05|4.367225e-12|2.205301e-05|
| 251 |True   | 1015  |9.983051e-06|1.006548e-05|6.949287e-12|6.480021e-05|
| 260 |True   |  620  |9.960857e-06|1.001061e-05|6.168136e-12|3.444763e-05|
| 264 |True   |  454  |9.961597e-06|1.006013e-05|6.175362e-12|4.084287e-05|
| 262 |True   |  677  |9.964195e-06|1.006321e-05|6.384179e-12|3.869392e-05|
| 265 |True   |  491  |9.969075e-06|1.002556e-05|1.236920e-11|5.317706e-05|
| 266 |True   |  484  |9.962309e-06|1.003454e-05|6.490286e-12|4.087122e-05|
| 267 |True   |  485  |9.982502e-06|1.003397e-05|7.305256e-12|3.797182e-05|
| 270 |True   |  459  |9.992526e-06|1.007697e-05|9.230127e-12|5.061986e-05|
| 268 |True   |  508  |9.972661e-06|1.002241e-05|8.361614e-12|3.989233e-05|
| 273 |True   |  444  |9.925752e-06|1.005836e-05|8.556422e-12|5.501081e-05|
| 274 |True   |  450  |9.954519e-06|1.005851e-05|7.503448e-12|4.984578e-05|
| 272 |True   |  582  |9.972561e-06|1.004967e-05|3.661155e-12|2.814414e-05|
| 275 |True   |  479  |9.963096e-06|1.001594e-05|8.174940e-12|4.172670e-05|
| 277 |True   |  453  |9.973221e-06|1.006112e-05|4.549104e-12|3.073356e-05|
| 276 |True   |  477  |9.942343e-06|1.000739e-05|7.400444e-12|4.318488e-05|
| 269 |True   |  800  |9.999688e-06|1.005197e-05|3.778399e-12|2.093015e-05|
| 278 |True   |  505  |9.982649e-06|1.003239e-05|9.956287e-12|4.503457e-05|
| 279 |True   |  462  |9.984632e-06|1.006656e-05|4.739287e-12|3.121362e-05|
| 271 |True   |  966  |9.977314e-06|1.009055e-05|2.766888e-10|2.230080e-04|
| 281 |True   |  485  |9.988648e-06|1.007144e-05|7.055056e-12|3.664087e-05|
| 280 |True   |  504  |9.973877e-06|1.002362e-05|6.289219e-12|3.441377e-05|
| 283 |True   |  455  |9.939176e-06|1.007019e-05|7.474849e-12|4.957246e-05|
| 282 |True   |  501  |9.999593e-06|1.004933e-05|1.120439e-11|4.598005e-05|
| 284 |True   |  491  |9.960564e-06|1.001031e-05|8.541278e-12|4.050920e-05|
| 258 |True   | 2207  |9.989913e-06|1.010022e-05|4.366013e-12|2.589355e-05|
| 285 |True   |  495  |9.976908e-06|1.003705e-05|4.631976e-12|3.017788e-05|
| 286 |True   |  462  |9.962933e-06|1.004944e-05|8.037853e-12|4.628995e-05|
| 287 |True   |  452  |9.976570e-06|1.009214e-05|1.056494e-11|5.580688e-05|
| 288 |True   |  490  |9.966661e-06|1.002642e-05|1.311785e-11|5.584878e-05|
| 289 |True   |  456  |9.953963e-06|1.004667e-05|5.577422e-12|3.749859e-05|
| 290 |True   |  458  |9.978542e-06|1.006092e-05|6.151172e-12|3.792138e-05|
| 291 |True   |  495  |9.951405e-06|1.000115e-05|9.021139e-12|4.405533e-05|
| 292 |True   |  456  |9.955492e-06|1.003593e-05|6.851992e-12|4.194491e-05|
| 294 |True   |  450  |9.983751e-06|1.010731e-05|9.078294e-12|5.351326e-05|
| 293 |True   |  448  |9.951004e-06|1.004118e-05|6.548260e-12|4.139448e-05|
| 296 |True   |  487  |9.969175e-06|1.003275e-05|1.459170e-11|5.673368e-05|
| 295 |True   |  500  |9.984585e-06|1.003433e-05|1.113966e-11|4.706345e-05|
| 297 |True   |  454  |9.945882e-06|1.003622e-05|6.935726e-12|4.393881e-05|
| 300 |True   |  470  |9.965883e-06|1.004364e-05|4.512365e-12|3.078213e-05|
| 299 |True   |  465  |9.961120e-06|1.003595e-05|7.967433e-12|4.480822e-05|
| 298 |True   |  503  |9.976298e-06|1.002698e-05|8.203735e-12|3.959084e-05|
| 303 |True   |  458  |9.998959e-06|1.007796e-05|1.167881e-11|5.538960e-05|
| 301 |True   |  481  |9.985993e-06|1.004199e-05|7.590292e-12|3.869627e-05|
| 302 |True   |  570  |9.943482e-06|1.013150e-05|7.576529e-12|5.442761e-05|
| 304 |True   |  452  |9.997711e-06|1.007638e-05|8.478172e-12|4.409804e-05|
| 306 |True   |  511  |9.983528e-06|1.003328e-05|4.773924e-12|2.631069e-05|
| 308 |True   |  496  |9.963666e-06|1.001341e-05|6.288698e-12|3.230023e-05|
| 305 |True   |  595  |9.967396e-06|1.001714e-05|4.967336e-12|2.761901e-05|
| 309 |True   |  487  |9.990425e-06|1.004017e-05|7.318606e-12|3.521703e-05|
| 307 |True   |  504  |9.976152e-06|1.002590e-05|7.386361e-12|3.803632e-05|
| 310 |True   |  445  |9.967596e-06|1.007049e-05|6.230029e-12|4.370754e-05|
| 312 |True   |  440  |9.963705e-06|1.010986e-05|7.166947e-12|4.515550e-05|
| 311 |True   |  494  |9.991859e-06|1.004160e-05|7.969516e-12|3.830888e-05|
| 313 |True   |  499  |9.963542e-06|1.001329e-05|7.065670e-12|3.777464e-05|
| 314 |True   |  488  |9.999764e-06|1.005531e-05|1.398883e-11|5.444989e-05|
| 316 |True   |  492  |9.979912e-06|1.002966e-05|4.493667e-12|2.610236e-05|
| 317 |True   |  471  |9.989453e-06|1.005929e-05|7.193880e-12|3.953841e-05|
| 318 |True   |  500  |9.989519e-06|1.013557e-05|3.607571e-12|3.364362e-05|
| 319 |True   |  457  |9.981285e-06|1.006253e-05|1.427782e-11|6.176464e-05|
| 322 |True   |  458  |9.980570e-06|1.008425e-05|4.788794e-12|3.856059e-05|
| 320 |True   |  474  |9.979864e-06|1.007518e-05|9.209241e-12|4.779144e-05|
| 321 |True   |  491  |9.968723e-06|1.001848e-05|5.103662e-12|3.030356e-05|
| 323 |True   |  498  |9.959845e-06|1.000959e-05|8.078635e-12|3.898830e-05|
| 324 |True   |  464  |9.992184e-06|1.007824e-05|9.608901e-12|5.048330e-05|
| 325 |True   |  447  |9.919629e-06|1.004253e-05|8.348109e-12|5.343171e-05|
| 326 |True   |  488  |9.987057e-06|1.003681e-05|8.353015e-12|3.870953e-05|
| 327 |True   |  500  |9.980714e-06|1.003125e-05|4.399464e-12|2.603510e-05|
| 328 |True   |  448  |9.964086e-06|1.005912e-05|5.456446e-12|3.756916e-05|
| 329 |True   |  453  |9.991562e-06|1.012889e-05|7.842236e-12|5.211616e-05|
| 315 |True   | 1214  |9.980376e-06|1.026379e-05|3.181388e-12|1.480780e-05|
| 332 |True   |  489  |9.972957e-06|1.003976e-05|8.271369e-12|4.346244e-05|
| 330 |True   |  667  |9.985273e-06|1.006017e-05|2.976547e-12|1.462283e-05|
| 333 |True   |  503  |9.984145e-06|1.003844e-05|1.040171e-11|4.805741e-05|
| 334 |True   |  479  |9.938323e-06|1.002380e-05|7.549362e-12|4.478924e-05|
| 335 |True   |  490  |9.981919e-06|1.003692e-05|1.281381e-11|5.380430e-05|
| 336 |True   |  456  |9.973582e-06|1.006511e-05|4.262023e-12|2.938175e-05|
| 331 |True   |  775  |9.994678e-06|1.010494e-05|5.286145e-10|8.346451e-03|
| 338 |True   |  449  |9.993327e-06|1.013505e-05|6.339949e-12|4.356742e-05|
| 339 |True   |  501  |9.995543e-06|1.004529e-05|6.915281e-12|3.372671e-05|
| 340 |True   |  503  |9.967380e-06|1.001713e-05|4.694848e-12|2.669430e-05|
| 341 |True   |  506  |9.970443e-06|1.002019e-05|7.380099e-12|3.813321e-05|
| 337 |True   |  670  |9.992708e-06|1.004892e-05|5.765604e-10|5.416914e-03|
| 342 |True   |  598  |9.985570e-06|1.005032e-05|4.803227e-12|3.035161e-05|
| 344 |True   |  494  |9.971868e-06|1.002161e-05|9.766747e-12|4.198125e-05|
| 345 |True   |  456  |9.952769e-06|1.012218e-05|8.918786e-12|5.624765e-05|
| 347 |True   |  453  |9.948967e-06|1.003441e-05|6.367597e-12|4.375490e-05|
| 346 |True   |  503  |9.970149e-06|1.002388e-05|6.865253e-12|3.789675e-05|
| 348 |True   |  483  |9.984100e-06|1.004421e-05|9.916432e-12|4.871549e-05|
| 349 |True   |  491  |9.950879e-06|1.000790e-05|7.785059e-12|4.179600e-05|
| 350 |True   |  502  |9.988407e-06|1.003815e-05|8.922838e-12|4.170466e-05|
| 351 |True   |  491  |9.984824e-06|1.005290e-05|9.412442e-12|4.671267e-05|
| 352 |True   |  498  |9.988326e-06|1.003807e-05|5.069910e-12|2.657767e-05|
| 354 |True   |  499  |9.980596e-06|1.003034e-05|5.658433e-12|3.057905e-05|
| 355 |True   |  472  |9.967655e-06|1.005184e-05|5.870173e-12|3.781887e-05|
| 343 |True   | 1153  |9.989933e-06|1.003968e-05|3.015900e-12|1.464734e-05|
| 356 |True   |  508  |9.987574e-06|1.003732e-05|9.399058e-12|4.213797e-05|
| 358 |True   |  474  |9.983296e-06|1.007006e-05|7.063769e-12|3.792308e-05|
| 357 |True   |  456  |9.991761e-06|1.013160e-05|1.094118e-11|6.077903e-05|
| 353 |True   |  930  |9.985044e-06|1.003479e-05|3.603197e-12|2.096287e-05|
| 359 |True   |  486  |9.972372e-06|1.006102e-05|6.932226e-12|4.153465e-05|
| 360 |True   |  460  |9.995305e-06|1.010287e-05|6.527024e-12|3.433550e-05|
| 361 |True   |  497  |9.976032e-06|1.002578e-05|5.880409e-12|3.174540e-05|
| 362 |True   |  492  |9.967224e-06|1.001697e-05|7.187196e-12|3.804486e-05|
| 364 |True   |  507  |9.960589e-06|1.001034e-05|7.173266e-12|3.816931e-05|
| 363 |True   |  556  |9.992382e-06|1.007473e-05|5.120825e-12|3.077901e-05|
| 365 |True   |  442  |9.974997e-06|1.009864e-05|7.695371e-12|4.704454e-05|
| 368 |True   |  439  |9.955516e-06|1.010195e-05|4.749861e-12|3.712441e-05|
| 367 |True   |  497  |9.984621e-06|1.004186e-05|1.102151e-11|5.099490e-05|
| 369 |True   |  485  |9.945287e-06|1.001322e-05|7.463548e-12|4.499612e-05|
| 366 |True   |  696  |9.994236e-06|1.009342e-05|3.110536e-12|1.464722e-05|
| 370 |True   |  490  |9.978874e-06|1.002993e-05|7.594558e-12|3.812468e-05|
| 374 |True   |  456  |9.962202e-06|1.004803e-05|7.099098e-12|4.586353e-05|
| 371 |True   |  453  |9.956264e-06|1.003299e-05|7.155344e-12|4.182079e-05|
| 372 |True   |  481  |9.986217e-06|1.005850e-05|6.559774e-12|3.924246e-05|
| 377 |True   |  498  |9.971948e-06|1.002169e-05|1.105608e-11|4.834456e-05|
| 378 |True   |  506  |9.968110e-06|1.001786e-05|7.874164e-12|3.926146e-05|
| 375 |True   |  674  |9.967207e-06|1.012200e-05|3.925621e-10|6.425536e-03|
| 379 |True   |  448  |9.944315e-06|1.006777e-05|5.709636e-12|4.067253e-05|
| 381 |True   |  467  |9.966585e-06|1.003693e-05|6.939828e-12|4.135139e-05|
| 380 |True   |  475  |9.955804e-06|1.002117e-05|6.886661e-12|4.105320e-05|
| 384 |True   |  497  |9.993216e-06|1.004490e-05|7.954543e-12|3.827771e-05|
| 382 |True   |  496  |9.963248e-06|1.002486e-05|1.213370e-11|5.066459e-05|
| 383 |True   |  498  |9.988580e-06|1.003832e-05|1.097355e-11|4.480692e-05|
| 386 |True   |  454  |9.981012e-06|1.007141e-05|1.076720e-11|5.671465e-05|
| 373 |True   | 1235  |9.985877e-06|1.003563e-05|2.924317e-12|1.464616e-05|
| 385 |True   |  790  |9.994123e-06|1.007217e-05|8.278486e-10|1.320448e-02|
| 388 |True   |  504  |9.954064e-06|1.007514e-05|3.398646e-12|2.992572e-05|
| 389 |True   |  503  |9.996519e-06|1.004626e-05|9.308621e-12|4.096220e-05|
| 390 |True   |  496  |9.974319e-06|1.003522e-05|7.948955e-12|4.233126e-05|
| 391 |True   |  462  |9.954859e-06|1.004225e-05|6.306388e-12|4.058060e-05|
| 393 |True   |  502  |9.963628e-06|1.001338e-05|5.849398e-12|3.175503e-05|
| 392 |True   |  495  |9.974261e-06|1.002401e-05|5.382612e-12|3.045790e-05|
| 396 |True   |  454  |9.954998e-06|1.008812e-05|8.083397e-12|5.124017e-05|
| 394 |True   |  496  |9.987488e-06|1.003723e-05|6.649664e-12|3.369922e-05|
| 395 |True   |  492  |9.992486e-06|1.004374e-05|1.115094e-11|4.830568e-05|
| 398 |True   |  477  |9.972254e-06|1.004965e-05|4.862856e-12|3.083967e-05|
| 399 |True   |  488  |9.979700e-06|1.004049e-05|7.753570e-12|4.150197e-05|
| 400 |True   |  503  |9.961481e-06|1.001123e-05|6.559477e-12|3.501339e-05|
| 397 |True   |  587  |9.999666e-06|1.009626e-05|1.153092e-11|4.873651e-05|
| 387 |True   | 1499  |9.948835e-06|1.044376e-05|9.156186e-10|1.007785e-02|
| 403 |True   |  468  |9.968992e-06|1.004648e-05|7.618050e-12|4.424933e-05|
| 401 |True   |  508  |9.977913e-06|1.002766e-05|5.312271e-12|3.039714e-05|
| 404 |True   |  459  |9.969568e-06|1.010467e-05|8.310677e-12|5.483556e-05|
| 406 |True   |  490  |9.963486e-06|1.002064e-05|5.603968e-12|3.340306e-05|
| 405 |True   |  490  |9.966859e-06|1.001661e-05|1.269840e-11|5.194665e-05|
| 407 |True   |  489  |9.971235e-06|1.006234e-05|6.178635e-12|3.767993e-05|
| 376 |True   | 2570  |9.995926e-06|1.014147e-05|6.030261e-10|1.008787e-02|
| 408 |True   |  483  |9.968784e-06|1.003383e-05|6.799622e-12|4.103359e-05|
| 409 |True   |  491  |9.959250e-06|1.001792e-05|7.371060e-12|3.964996e-05|
| 411 |True   |  486  |9.970742e-06|1.003004e-05|9.250470e-12|4.606675e-05|
| 410 |True   |  453  |9.990343e-06|1.007824e-05|6.141139e-12|3.770702e-05|
| 413 |True   |  451  |9.965317e-06|1.005151e-05|7.176473e-12|4.402540e-05|
| 412 |True   |  466  |9.956308e-06|1.003483e-05|6.274738e-12|4.088571e-05|
| 414 |True   |  461  |9.983855e-06|1.011155e-05|7.505987e-12|5.182046e-05|
| 415 |True   |  474  |9.992008e-06|1.005833e-05|1.444187e-11|6.059558e-05|
| 416 |True   |  443  |9.974014e-06|1.007882e-05|1.130307e-11|6.028101e-05|
| 418 |True   |  457  |9.951682e-06|1.003492e-05|7.284403e-12|4.328107e-05|
| 417 |True   |  607  |9.992763e-06|1.004251e-05|5.685910e-12|3.057810e-05|
| 419 |True   |  476  |9.969124e-06|1.004373e-05|7.364127e-12|4.439339e-05|
| 420 |True   |  512  |9.993817e-06|1.004356e-05|1.190283e-11|4.874953e-05|
| 421 |True   |  443  |9.938735e-06|1.013363e-05|6.882506e-12|4.736488e-05|
| 422 |True   |  494  |9.980942e-06|1.003577e-05|7.989827e-12|4.022597e-05|
| 423 |True   |  502  |9.973471e-06|1.002673e-05|1.007053e-11|4.652929e-05|
| 424 |True   |  500  |9.971920e-06|1.002167e-05|7.280289e-12|3.801048e-05|
| 426 |True   |  446  |9.989197e-06|1.010588e-05|6.338267e-12|4.069620e-05|
| 425 |True   |  521  |9.991094e-06|1.004084e-05|6.933978e-12|3.465522e-05|
| 402 |True   | 1898  |9.980276e-06|1.003003e-05|3.568168e-12|2.105024e-05|
| 428 |True   |  452  |9.995507e-06|1.006593e-05|1.124564e-11|5.696280e-05|
| 429 |True   |  456  |9.953630e-06|1.004569e-05|7.207373e-12|4.285686e-05|
| 431 |True   |  495  |9.949399e-06|1.001364e-05|9.245068e-12|4.858899e-05|
| 427 |True   |  662  |9.957453e-06|1.038873e-05|7.647173e-10|9.613428e-03|
| 430 |True   |  478  |9.996912e-06|1.006020e-05|5.203985e-12|3.020175e-05|
| 432 |True   |  453  |9.964214e-06|1.005989e-05|8.389895e-12|4.835568e-05|
| 433 |True   |  455  |9.959424e-06|1.004273e-05|1.574027e-10|2.775116e-04|
| 436 |True   |  444  |9.942723e-06|1.007894e-05|7.773306e-12|5.218784e-05|
| 435 |True   |  447  |9.986956e-06|1.009000e-05|7.772715e-12|4.751290e-05|
| 434 |True   |  507  |9.999307e-06|1.004905e-05|1.231479e-11|4.939753e-05|
| 438 |True   |  452  |9.987412e-06|1.006676e-05|9.269393e-12|4.874306e-05|
| 437 |True   |  501  |9.993719e-06|1.004346e-05|9.818922e-12|4.254503e-05|
| 439 |True   |  455  |9.956422e-06|1.005249e-05|8.336826e-12|5.255241e-05|
| 441 |True   |  474  |9.943905e-06|1.004855e-05|7.111953e-12|4.465633e-05|
| 440 |True   |  590  |9.984962e-06|1.014231e-05|4.867297e-12|3.403155e-05|
| 444 |True   |  460  |9.969158e-06|1.007744e-05|9.580512e-12|5.479256e-05|
| 445 |True   |  458  |9.972615e-06|1.005252e-05|5.536850e-12|3.743541e-05|
| 443 |True   |  499  |9.977880e-06|1.002763e-05|4.768310e-12|2.694930e-05|
| 446 |True   |  492  |9.976859e-06|1.002660e-05|8.596597e-12|4.166286e-05|
| 447 |True   |  494  |9.951969e-06|1.000171e-05|1.128778e-11|4.765786e-05|
| 448 |True   |  469  |9.985870e-06|1.006533e-05|7.588980e-12|4.711393e-05|
| 449 |True   |  480  |9.960324e-06|1.003285e-05|7.221898e-12|4.411292e-05|
| 450 |True   |  491  |9.964213e-06|1.002355e-05|5.691250e-12|3.442187e-05|
| 451 |True   |  491  |9.982484e-06|1.004165e-05|6.178937e-12|3.132694e-05|
| 452 |True   |  454  |9.954330e-06|1.004634e-05|6.623054e-12|4.381917e-05|
| 454 |True   |  463  |9.956206e-06|1.005575e-05|5.743780e-12|4.053584e-05|
| 453 |True   |  494  |9.983941e-06|1.004591e-05|9.627844e-12|4.782711e-05|
| 442 |True   | 1202  |9.985440e-06|1.008144e-05|6.136077e-10|5.416849e-03|
| 455 |True   |  449  |9.996241e-06|1.008693e-05|1.427754e-11|6.305423e-05|
| 456 |True   |  494  |9.976358e-06|1.002610e-05|1.477177e-11|5.505273e-05|
| 458 |True   |  457  |9.981894e-06|1.007599e-05|8.659936e-12|4.759002e-05|
| 457 |True   |  500  |9.966333e-06|1.001769e-05|9.462235e-12|4.335531e-05|
| 459 |True   |  449  |9.979129e-06|1.007770e-05|8.210903e-12|5.160253e-05|
| 460 |True   |  516  |9.967923e-06|1.001767e-05|5.686405e-12|3.174431e-05|
| 462 |True   |  499  |9.984093e-06|1.003384e-05|6.683028e-12|3.452614e-05|
| 461 |True   |  499  |9.985254e-06|1.003624e-05|6.350761e-12|3.429560e-05|
| 463 |True   |  501  |9.999454e-06|1.004919e-05|1.175495e-11|4.846171e-05|
| 464 |True   |  485  |9.990025e-06|1.009057e-05|1.178127e-11|5.742242e-05|
| 467 |True   |  468  |9.961356e-06|1.005374e-05|5.615955e-12|3.595539e-05|
| 469 |True   |  458  |9.997614e-06|1.011180e-05|7.117712e-12|4.670509e-05|
| 465 |True   |  489  |9.949433e-06|1.000429e-05|7.582873e-12|4.126500e-05|
| 466 |True   |  455  |9.990549e-06|1.007807e-05|7.797342e-12|4.506110e-05|
| 468 |True   |  452  |9.968238e-06|1.006469e-05|1.128439e-11|5.667617e-05|
| 470 |True   |  469  |9.983236e-06|1.004099e-05|4.677189e-12|2.689333e-05|
| 471 |True   |  486  |9.972970e-06|1.002272e-05|7.322104e-12|3.805154e-05|
| 472 |True   |  461  |9.953757e-06|1.011428e-05|7.473027e-12|5.176133e-05|
| 473 |True   |  488  |9.967282e-06|1.001703e-05|8.532967e-12|4.041109e-05|
| 474 |True   |  498  |9.999651e-06|1.004940e-05|8.347691e-12|3.848897e-05|
| 477 |True   |  468  |9.959206e-06|1.000895e-05|7.400906e-12|3.797369e-05|
| 476 |True   |  496  |9.987376e-06|1.003712e-05|1.166687e-11|4.817801e-05|
| 478 |True   |  493  |9.964851e-06|1.001460e-05|7.175511e-12|3.806433e-05|
| 479 |True   |  453  |9.973180e-06|1.014417e-05|6.670970e-12|4.677388e-05|
| 481 |True   |  496  |9.979327e-06|1.002907e-05|9.087443e-12|4.198510e-05|
| 480 |True   |  499  |9.966027e-06|1.001577e-05|6.599957e-12|3.523722e-05|
| 482 |True   |  504  |9.968097e-06|1.001784e-05|7.238157e-12|3.808499e-05|
| 483 |True   |  443  |9.968202e-06|1.012823e-05|7.151301e-12|5.190616e-05|
| 484 |True   |  452  |9.981231e-06|1.005578e-05|1.223595e-11|6.024978e-05|
| 485 |True   |  448  |9.970945e-06|1.005772e-05|9.256438e-12|5.022292e-05|
| 486 |True   |  499  |9.972298e-06|1.002606e-05|5.037475e-12|3.034411e-05|
| 487 |True   |  470  |9.966297e-06|1.002517e-05|9.178011e-12|4.856477e-05|
| 489 |True   |  489  |9.975021e-06|1.002477e-05|8.505041e-12|4.154920e-05|
| 490 |True   |  471  |9.945750e-06|1.003704e-05|6.577456e-12|4.400216e-05|
| 491 |True   |  489  |9.993603e-06|1.005528e-05|8.534672e-12|4.450640e-05|
| 488 |True   |  466  |9.994953e-06|1.007716e-05|7.983396e-12|4.713650e-05|
| 492 |True   |  452  |9.949579e-06|1.006678e-05|5.910330e-12|4.303046e-05|
| 493 |True   |  504  |9.978420e-06|1.002816e-05|1.036299e-11|4.566397e-05|
| 475 |True   | 1336  |9.994751e-06|1.007310e-05|4.037139e-12|2.587932e-05|
| 497 |True   |  449  |9.968910e-06|1.007460e-05|7.632908e-12|4.695056e-05|
| 495 |True   |  521  |9.968696e-06|1.001856e-05|7.200501e-12|3.802937e-05|
| 496 |True   |  487  |9.987301e-06|1.003722e-05|1.377050e-11|5.208113e-05|
| 494 |True   |  575  |9.982878e-06|1.005642e-05|1.556121e-11|3.134465e-05|
| 499 |True   |  460  |9.965552e-06|1.009449e-05|5.672326e-12|3.922078e-05|
| 500 |True   |  468  |9.956888e-06|1.002813e-05|6.489655e-12|3.980537e-05|
| 498 |True   |  676  |9.999427e-06|1.019161e-05|5.196399e-12|2.671021e-05|
| 501 |True   |  468  |9.951610e-06|1.003369e-05|6.721296e-12|4.401370e-05|
| 506 |True   |  447  |9.928846e-06|1.006877e-05|7.346928e-12|5.012560e-05|
| 504 |True   |  450  |9.977781e-06|1.008463e-05|7.247727e-12|4.860658e-05|
| 503 |True   |  463  |9.955456e-06|1.002433e-05|6.466283e-12|4.096336e-05|
| 502 |True   |  487  |9.973324e-06|1.007195e-05|8.036694e-12|4.726482e-05|
| 505 |True   |  479  |9.972684e-06|1.003309e-05|8.261079e-12|4.449268e-05|
| 508 |True   |  449  |9.981541e-06|1.010847e-05|1.031206e-11|6.279987e-05|
| 509 |True   |  449  |9.998597e-06|1.011629e-05|1.169089e-11|5.709986e-05|
| 510 |True   |  504  |9.977786e-06|1.002753e-05|7.414142e-12|3.804271e-05|
| 507 |True   |  708  |9.971174e-06|1.004739e-05|7.385028e-12|3.807992e-05|
| 511 |True   |  486  |9.983597e-06|1.004231e-05|7.593139e-12|4.122981e-05|
| 512 |True   |  491  |9.992577e-06|1.004232e-05|6.635761e-12|3.434429e-05|
| 513 |True   |  469  |9.965162e-06|1.006245e-05|9.143790e-12|5.032177e-05|
| 517 |True   |  452  |9.966621e-06|1.008006e-05|5.793464e-12|4.059604e-05|
| 514 |True   |  505  |9.975593e-06|1.002534e-05|5.738885e-12|3.130364e-05|
| 515 |True   |  503  |9.981675e-06|1.003142e-05|9.100399e-12|4.205511e-05|
| 516 |True   |  515  |9.970569e-06|1.002031e-05|1.345664e-11|5.265841e-05|
| 519 |True   |  466  |9.986231e-06|1.008949e-05|9.827221e-12|5.382399e-05|
| 520 |True   |  492  |9.999926e-06|1.004967e-05|6.813587e-12|3.441055e-05|
| 518 |True   |  715  |9.983552e-06|1.005407e-05|2.877912e-12|1.462317e-05|
| 521 |True   |  494  |9.996957e-06|1.005488e-05|6.768019e-12|3.646782e-05|
| 522 |True   |  447  |9.960684e-06|1.004739e-05|5.843767e-12|4.353633e-05|
| 523 |True   |  501  |9.990472e-06|1.004022e-05|8.904282e-12|4.165566e-05|
| 525 |True   |  504  |9.980811e-06|1.003056e-05|8.104271e-12|3.901856e-05|
| 524 |True   |  525  |9.986649e-06|1.003640e-05|6.599786e-12|3.443983e-05|
| 527 |True   |  485  |9.968014e-06|1.002021e-05|7.995773e-12|4.146373e-05|
| 528 |True   |  476  |9.949211e-06|1.004542e-05|6.140371e-12|3.902400e-05|
| 529 |True   |  456  |9.992505e-06|1.009431e-05|1.197758e-11|6.144600e-05|
| 530 |True   |  462  |9.959962e-06|1.004448e-05|8.068615e-12|4.790859e-05|
| 535 |True   |  461  |9.997854e-06|1.008196e-05|1.008834e-11|5.152069e-05|
| 532 |True   |  505  |9.977573e-06|1.002732e-05|7.502351e-12|3.809116e-05|
| 534 |True   |  466  |9.989710e-06|1.005591e-05|1.012656e-11|5.064562e-05|
| 533 |True   |  593  |9.960669e-06|1.003766e-05|8.049476e-12|4.654292e-05|
| 536 |True   |  460  |9.960066e-06|1.001719e-05|7.625079e-12|3.834575e-05|
| 538 |True   |  462  |9.955186e-06|1.003799e-05|6.011900e-12|3.740515e-05|
| 537 |True   |  494  |9.993737e-06|1.006210e-05|8.596435e-12|4.726300e-05|
| 540 |True   |  466  |9.979862e-06|1.013964e-05|5.709436e-12|3.799726e-05|
| 539 |True   |  471  |9.995653e-06|1.008194e-05|1.159502e-11|5.661810e-05|
| 541 |True   |  497  |9.994651e-06|1.004439e-05|1.186073e-11|4.871269e-05|
| 542 |True   |  457  |9.948546e-06|1.006040e-05|7.063703e-12|4.700520e-05|
| 543 |True   |  488  |9.979726e-06|1.003813e-05|7.110072e-12|3.514046e-05|
| 544 |True   |  495  |9.963587e-06|1.001696e-05|6.735542e-12|3.480529e-05|
| 547 |True   |  485  |9.969699e-06|1.002804e-05|6.176916e-12|3.485652e-05|
| 531 |True   | 1630  |9.991012e-06|1.023545e-05|3.122514e-12|1.462596e-05|
| 549 |True   |  463  |9.987948e-06|1.007481e-05|8.975708e-12|5.110819e-05|
| 546 |True   |  770  |9.981751e-06|1.009816e-05|7.478498e-10|5.416380e-03|
| 551 |True   |  449  |9.953182e-06|1.006133e-05|7.678389e-12|4.775143e-05|
| 550 |True   |  601  |9.972344e-06|1.002209e-05|9.138851e-12|4.201692e-05|
| 553 |True   |  471  |9.968109e-06|1.004105e-05|7.233578e-12|4.260113e-05|
| 552 |True   |  527  |9.996909e-06|1.004665e-05|1.333076e-11|5.107778e-05|
| 555 |True   |  477  |9.986339e-06|1.003608e-05|8.155606e-12|3.887471e-05|
| 554 |True   |  492  |9.972382e-06|1.002213e-05|8.787303e-12|4.143377e-05|
| 548 |True   |  876  |9.987122e-06|1.024839e-05|8.410464e-10|1.458620e-02|
| 556 |True   |  486  |9.968703e-06|1.002872e-05|6.155225e-12|3.762798e-05|
| 526 |True   | 2160  |9.998445e-06|1.012036e-05|8.174284e-10|5.581210e-03|
| 558 |True   |  497  |9.985014e-06|1.006047e-05|5.369574e-12|3.409803e-05|
| 557 |True   |  486  |9.995641e-06|1.005157e-05|1.167999e-11|5.144990e-05|
| 559 |True   |  533  |9.977489e-06|1.002724e-05|4.331575e-12|2.600472e-05|
| 560 |True   |  487  |9.985109e-06|1.003485e-05|1.130831e-11|4.839277e-05|
| 545 |True   | 1488  |9.998900e-06|1.004865e-05|3.936327e-12|2.102343e-05|
| 561 |True   |  457  |9.989209e-06|1.005860e-05|5.758557e-12|3.436124e-05|
| 562 |True   |  452  |9.950917e-06|1.007974e-05|6.754221e-12|4.402911e-05|
| 563 |True   |  463  |9.945873e-06|1.005036e-05|7.388510e-12|4.469360e-05|
| 564 |True   |  444  |9.976165e-06|1.011123e-05|7.932276e-12|4.962627e-05|
| 567 |True   |  459  |9.991395e-06|1.006618e-05|9.793760e-12|5.092001e-05|
| 565 |True   |  444  |9.983806e-06|1.015373e-05|9.853156e-12|5.576548e-05|
| 568 |True   |  450  |9.992387e-06|1.007558e-05|8.282302e-12|4.385945e-05|
| 566 |True   |  496  |9.986903e-06|1.003981e-05|5.517092e-12|3.059560e-05|
| 569 |True   |  481  |9.988744e-06|1.006446e-05|6.999664e-12|4.108057e-05|
| 570 |True   |  506  |9.989455e-06|1.003920e-05|1.167939e-11|4.858835e-05|
| 571 |True   |  477  |9.959565e-06|1.002934e-05|7.332042e-12|4.425849e-05|
| 572 |True   |  493  |9.994250e-06|1.004920e-05|6.357384e-12|3.439354e-05|
| 574 |True   |  500  |9.973585e-06|1.002333e-05|5.240301e-12|3.044542e-05|
| 575 |True   |  487  |9.982198e-06|1.004078e-05|7.023351e-12|3.537963e-05|
| 577 |True   |  500  |9.989018e-06|1.003876e-05|9.377015e-12|4.237009e-05|
| 578 |True   |  479  |9.952265e-06|1.004660e-05|7.844907e-12|4.525376e-05|
| 579 |True   |  450  |9.988786e-06|1.008039e-05|1.178487e-11|5.747627e-05|
| 576 |True   |  492  |9.984330e-06|1.003407e-05|9.127768e-12|4.190844e-05|
| 580 |True   |  452  |9.964326e-06|1.006149e-05|8.463032e-12|5.014852e-05|
| 581 |True   |  463  |9.983494e-06|1.009809e-05|8.072490e-12|5.125787e-05|
| 582 |True   |  495  |9.997871e-06|1.004878e-05|8.899742e-12|4.154126e-05|
| 584 |True   |  483  |9.987704e-06|1.005955e-05|9.450604e-12|4.367209e-05|
| 583 |True   |  498  |9.999390e-06|1.004913e-05|8.606989e-12|3.882812e-05|
| 585 |True   |  453  |9.960107e-06|1.005722e-05|7.063274e-12|4.587711e-05|
| 586 |True   |  501  |9.971220e-06|1.005758e-05|6.623709e-12|4.094443e-05|
| 588 |True   |  464  |9.976046e-06|1.010597e-05|1.382642e-11|6.482516e-05|
| 587 |True   |  516  |9.980625e-06|1.003037e-05|9.771168e-12|4.279590e-05|
| 591 |True   |  471  |9.998939e-06|1.009662e-05|1.117314e-11|5.856294e-05|
| 590 |True   |  496  |9.967311e-06|1.001706e-05|7.186562e-12|3.803656e-05|
| 589 |True   |  503  |9.963866e-06|1.001361e-05|5.579829e-12|3.107014e-05|
| 592 |True   |  486  |9.984717e-06|1.004232e-05|9.003122e-12|4.485089e-05|
| 593 |True   |  492  |9.966922e-06|1.001667e-05|7.674644e-12|3.872736e-05|
| 594 |True   |  510  |9.979007e-06|1.002881e-05|9.810192e-12|4.499081e-05|
| 595 |True   |  499  |9.981641e-06|1.004129e-05|1.004548e-11|4.878396e-05|
| 596 |True   |  502  |9.972087e-06|1.002183e-05|5.201157e-12|3.035627e-05|
| 597 |True   |  522  |9.967318e-06|1.001706e-05|7.494047e-12|3.829794e-05|
| 598 |True   |  501  |9.959452e-06|1.000920e-05|7.688546e-12|3.915048e-05|
| 573 |True   | 1911  |9.997905e-06|1.015893e-05|8.964926e-10|1.868600e-06|
| 599 |True   |  446  |9.973873e-06|1.008064e-05|7.505370e-12|4.711297e-05|
| 601 |True   |  495  |9.981884e-06|1.003163e-05|9.162795e-12|4.084443e-05|
| 602 |True   |  499  |9.974965e-06|1.002471e-05|7.490511e-12|3.813786e-05|
| 603 |True   |  496  |9.958517e-06|1.000826e-05|6.311837e-12|3.461689e-05|
| 600 |True   |  569  |9.976261e-06|1.027992e-05|6.933692e-12|4.517595e-05|
| 604 |True   |  472  |9.974784e-06|1.005735e-05|8.026661e-12|5.030497e-05|
| 605 |True   |  448  |9.971522e-06|1.010921e-05|6.063953e-12|4.057529e-05|
| 607 |True   |  462  |9.973925e-06|1.005883e-05|6.622357e-12|4.064230e-05|
| 606 |True   |  504  |9.989224e-06|1.003897e-05|7.846753e-12|3.817239e-05|
| 608 |True   |  452  |9.926854e-06|1.008679e-05|7.816646e-12|5.660972e-05|
| 609 |True   |  443  |9.988985e-06|1.018613e-05|8.644569e-12|4.711533e-05|
| 610 |True   |  485  |9.945537e-06|1.001884e-05|7.606288e-12|4.535660e-05|
| 612 |True   |  450  |9.962141e-06|1.004478e-05|8.737217e-12|4.922527e-05|
| 611 |True   |  475  |9.993693e-06|1.005873e-05|5.591040e-12|3.412846e-05|
| 618 |True   |  497  |9.988039e-06|1.003778e-05|9.473504e-12|4.265016e-05|
| 614 |True   |  503  |9.960141e-06|1.000989e-05|7.739626e-12|3.938278e-05|
| 617 |True   |  490  |9.973270e-06|1.002302e-05|7.304462e-12|3.797912e-05|
| 616 |True   |  482  |9.968864e-06|1.002920e-05|7.416248e-12|4.131226e-05|
| 619 |True   |  460  |9.971468e-06|1.005821e-05|6.369911e-12|3.911153e-05|
| 615 |True   |  743  |9.934131e-06|1.035451e-05|7.372933e-12|9.240094e-05|
| 620 |True   |  455  |9.978640e-06|1.005872e-05|6.955478e-12|4.105502e-05|
| 621 |True   |  492  |9.975294e-06|1.002504e-05|1.003914e-11|4.519300e-05|
| 622 |True   |  484  |9.970994e-06|1.002654e-05|7.857818e-12|4.127299e-05|
| 623 |True   |  445  |9.966834e-06|1.004363e-05|5.908139e-12|3.552040e-05|
| 624 |True   |  446  |9.952966e-06|1.008118e-05|7.051509e-12|4.943793e-05|
| 613 |True   | 1040  |9.990285e-06|1.004004e-05|3.744561e-12|2.100515e-05|
| 625 |True   |  491  |9.946265e-06|9.997830e-06|1.061216e-11|4.843117e-05|
| 627 |True   |  449  |9.973118e-06|1.005136e-05|9.465483e-12|4.990175e-05|
| 629 |True   |  461  |9.961634e-06|1.009354e-05|6.300005e-12|4.283688e-05|
| 626 |True   |  563  |9.960997e-06|1.026794e-05|1.227786e-11|5.427377e-05|
| 628 |True   |  463  |9.999909e-06|1.012856e-05|6.986305e-12|4.231819e-05|
| 630 |True   |  472  |9.952819e-06|1.004899e-05|7.553219e-12|4.870488e-05|
| 632 |True   |  469  |9.964175e-06|1.005039e-05|6.471809e-12|4.086253e-05|
| 633 |True   |  507  |9.980223e-06|1.002997e-05|6.849769e-12|3.495296e-05|
| 631 |True   |  584  |9.989044e-06|1.010638e-05|5.459147e-10|9.413184e-03|
| 635 |True   |  502  |9.958808e-06|1.001463e-05|7.438980e-12|3.721850e-05|
| 634 |True   |  489  |9.997729e-06|1.005125e-05|7.578511e-12|3.819374e-05|
| 637 |True   |  499  |9.985577e-06|1.003532e-05|7.662856e-12|3.811296e-05|
| 636 |True   |  513  |9.974234e-06|1.002398e-05|6.371565e-12|3.442872e-05|
| 638 |True   |  463  |9.965060e-06|1.007153e-05|8.736672e-12|5.289517e-05|
| 639 |True   |  452  |9.979450e-06|1.009291e-05|7.264408e-12|3.834398e-05|
| 643 |True   |  458  |9.987601e-06|1.005926e-05|9.239533e-12|4.666983e-05|
| 641 |True   |  463  |9.970320e-06|1.007045e-05|8.058118e-12|4.727235e-05|
| 642 |True   |  473  |9.970782e-06|1.003944e-05|5.921354e-12|3.767060e-05|
| 644 |True   |  494  |9.982668e-06|1.003241e-05|1.146984e-11|4.853280e-05|
| 640 |True   |  681  |9.998700e-06|1.012673e-05|4.526524e-10|5.416915e-03|
| 645 |True   |  491  |9.968058e-06|1.005586e-05|5.907104e-12|3.642198e-05|
| 647 |True   |  451  |9.937660e-06|1.001966e-05|7.403366e-12|4.497097e-05|
| 651 |True   |  442  |9.982533e-06|1.011338e-05|6.546554e-12|4.686641e-05|
| 650 |True   |  497  |9.996111e-06|1.004741e-05|7.645478e-12|3.808064e-05|
| 648 |True   |  669  |9.982055e-06|1.007555e-05|7.908356e-12|9.169528e-05|
| 652 |True   |  464  |9.983897e-06|1.011711e-05|7.379870e-12|4.946871e-05|
| 649 |True   |  501  |9.995660e-06|1.004540e-05|8.767793e-12|3.981365e-05|
| 646 |True   |  880  |9.990572e-06|1.020614e-05|2.968780e-12|2.121596e-05|
| 655 |True   |  440  |9.936055e-06|1.008533e-05|6.975873e-12|4.674643e-05|
| 654 |True   |  564  |9.964648e-06|1.009301e-05|3.537851e-12|3.005767e-05|
| 653 |True   |  611  |9.966954e-06|1.001670e-05|9.103522e-12|4.276867e-05|
| 656 |True   |  476  |9.996653e-06|1.008987e-05|9.495992e-12|4.925885e-05|
| 657 |True   |  501  |9.990670e-06|1.004802e-05|6.933342e-12|3.634394e-05|
| 658 |True   |  488  |9.987529e-06|1.003727e-05|1.267203e-11|5.170472e-05|
| 659 |True   |  520  |9.982368e-06|1.003211e-05|6.422233e-12|3.436324e-05|
| 660 |True   |  501  |9.997218e-06|1.004696e-05|1.219188e-11|4.910871e-05|
| 661 |True   |  492  |9.975860e-06|1.002560e-05|1.722576e-11|6.142099e-05|
| 665 |True   |  455  |9.964145e-06|1.009901e-05|7.048877e-12|4.556173e-05|
| 664 |True   |  489  |9.978611e-06|1.003038e-05|9.049203e-12|4.039218e-05|
| 663 |True   |  564  |9.963594e-06|1.009483e-05|5.111899e-12|3.617087e-05|
| 666 |True   |  504  |9.991301e-06|1.004105e-05|8.619424e-12|3.902900e-05|
| 667 |True   |  505  |9.996023e-06|1.004577e-05|8.978957e-12|4.158021e-05|
| 662 |True   |  723  |9.988589e-06|1.003834e-05|2.985205e-12|1.464674e-05|
| 670 |True   |  470  |9.996472e-06|1.006408e-05|7.689032e-12|4.222852e-05|
| 669 |True   |  498  |9.963884e-06|1.001363e-05|1.004978e-11|4.477905e-05|
| 671 |True   |  505  |9.976387e-06|1.002614e-05|4.318147e-12|2.601046e-05|
| 672 |True   |  479  |9.993312e-06|1.004560e-05|1.574183e-11|5.850686e-05|
| 668 |True   |  702  |9.983262e-06|1.006874e-05|8.714478e-12|4.166978e-05|
| 673 |True   |  467  |9.958690e-06|1.003735e-05|5.471666e-12|3.850732e-05|
| 675 |True   |  441  |9.972158e-06|1.007865e-05|5.627398e-12|4.040557e-05|
| 676 |True   |  486  |9.971384e-06|1.003131e-05|1.061549e-11|4.891120e-05|
| 674 |True   |  497  |9.978906e-06|1.002865e-05|6.113818e-12|3.189897e-05|
| 677 |True   |  497  |9.995603e-06|1.007215e-05|1.100422e-11|4.562564e-05|
| 678 |True   |  513  |9.970614e-06|1.002036e-05|8.833025e-12|4.198271e-05|
| 679 |True   |  483  |9.961552e-06|1.015725e-05|7.851817e-10|7.601379e-03|
| 680 |True   |  476  |9.972704e-06|1.008048e-05|5.897335e-12|3.801662e-05|
| 681 |True   |  502  |9.978143e-06|1.002789e-05|3.797782e-12|2.137336e-05|
| 683 |True   |  501  |9.991878e-06|1.004162e-05|1.229222e-11|4.928573e-05|
| 685 |True   |  461  |9.999606e-06|1.009069e-05|6.410290e-12|3.767945e-05|
| 684 |True   |  511  |9.969915e-06|1.003885e-05|5.250531e-12|3.426291e-05|
| 682 |True   |  671  |9.995816e-06|1.004557e-05|3.902224e-12|2.106739e-05|
| 687 |True   |  456  |9.972579e-06|1.005309e-05|7.470349e-12|4.151306e-05|
| 688 |True   |  474  |9.938228e-06|1.001347e-05|5.917062e-12|4.113310e-05|
| 689 |True   |  438  |9.958222e-06|1.009136e-05|5.930617e-12|4.458954e-05|
| 686 |True   |  585  |9.956534e-06|1.010299e-05|3.062999e-12|2.983285e-05|
| 691 |True   |  496  |9.966062e-06|1.001580e-05|1.038903e-11|4.583248e-05|
| 692 |True   |  510  |9.983259e-06|1.003300e-05|1.499485e-11|5.550609e-05|
| 695 |True   |  492  |9.984016e-06|1.004693e-05|6.540016e-12|3.790553e-05|
| 696 |True   |  474  |9.982371e-06|1.005129e-05|9.062331e-12|4.818372e-05|
| 694 |True   |  513  |9.998976e-06|1.004872e-05|9.084865e-12|4.164501e-05|
| 697 |True   |  498  |9.960253e-06|1.001000e-05|7.669177e-12|3.895594e-05|
| 698 |True   |  463  |9.960379e-06|1.006468e-05|9.084918e-12|5.373994e-05|
| 699 |True   |  453  |9.948037e-06|1.006046e-05|7.245152e-12|4.681561e-05|
| 700 |True   |  458  |9.959752e-06|1.004101e-05|4.649395e-12|3.461559e-05|
| 701 |True   |  474  |9.990464e-06|1.005224e-05|5.666963e-12|3.406252e-05|
| 702 |True   |  465  |9.957122e-06|1.004520e-05|5.877469e-12|3.745579e-05|
| 704 |True   |  483  |9.982196e-06|1.003871e-05|1.328072e-11|5.502123e-05|
| 703 |True   |  509  |9.987653e-06|1.003740e-05|5.498183e-12|3.037456e-05|
| 690 |True   | 1346  |9.988529e-06|1.004212e-05|3.672559e-12|2.094401e-05|
| 705 |True   |  443  |9.990667e-06|1.012738e-05|6.513919e-12|4.635275e-05|
| 707 |True   |  447  |9.985059e-06|1.005946e-05|7.111581e-12|4.387541e-05|
| 708 |True   |  505  |9.982123e-06|1.003377e-05|8.716765e-12|4.019605e-05|
| 709 |True   |  497  |9.983735e-06|1.003348e-05|4.432561e-12|2.594457e-05|
| 706 |True   |  704  |9.994062e-06|1.004381e-05|3.108853e-12|1.464821e-05|
| 710 |True   |  492  |9.985016e-06|1.005177e-05|1.150426e-11|5.435711e-05|
| 711 |True   |  478  |9.970264e-06|1.003315e-05|3.692705e-12|2.287089e-05|
| 712 |True   |  494  |9.979812e-06|1.002955e-05|1.658731e-11|5.986326e-05|
| 714 |True   |  463  |9.989096e-06|1.008180e-05|7.611306e-12|4.407399e-05|
| 715 |True   |  474  |9.970262e-06|1.003801e-05|4.622464e-12|3.077847e-05|
| 716 |True   |  494  |9.958179e-06|1.001803e-05|8.263055e-12|4.459448e-05|
| 717 |True   |  498  |9.974141e-06|1.004318e-05|1.006305e-11|4.282529e-05|
| 713 |True   |  831  |9.982144e-06|1.003189e-05|3.543318e-12|2.096199e-05|
| 718 |True   |  469  |9.984542e-06|1.007426e-05|9.037905e-12|4.995903e-05|
| 719 |True   |  459  |9.964548e-06|1.006031e-05|8.855438e-12|4.933338e-05|
| 720 |True   |  512  |9.952944e-06|1.002763e-05|9.502979e-12|4.514939e-05|
| 721 |True   |  512  |9.986382e-06|1.003612e-05|9.676403e-12|4.311980e-05|
| 722 |True   |  483  |9.978536e-06|1.007483e-05|8.347904e-12|4.982363e-05|
| 723 |True   |  498  |9.983638e-06|1.003338e-05|7.102655e-12|3.553727e-05|
| 724 |True   |  462  |9.950159e-06|1.003614e-05|7.319995e-12|4.687693e-05|
| 726 |True   |  480  |9.948618e-06|1.003111e-05|7.808782e-12|4.704855e-05|
| 728 |True   |  462  |9.951225e-06|1.003059e-05|6.549568e-12|4.105622e-05|
| 727 |True   |  500  |9.987856e-06|1.004806e-05|8.632561e-12|4.263431e-05|
| 731 |True   |  478  |9.973665e-06|1.004052e-05|9.270155e-12|4.802025e-05|
| 729 |True   |  450  |9.986744e-06|1.011073e-05|5.735747e-12|3.599681e-05|
| 693 |True   | 2712  |9.974971e-06|1.031823e-05|8.066254e-10|2.152302e-03|
| 730 |True   |  494  |9.948382e-06|9.998127e-06|8.244111e-12|4.015390e-05|
| 734 |True   |  471  |9.985956e-06|1.005954e-05|9.771869e-12|5.069484e-05|
| 733 |True   |  503  |9.994258e-06|1.004399e-05|1.589394e-11|5.743735e-05|
| 732 |True   |  507  |9.964728e-06|1.001447e-05|1.002629e-11|4.547546e-05|
| 736 |True   |  496  |9.986012e-06|1.003576e-05|7.248462e-12|3.583975e-05|
| 735 |True   |  493  |9.999634e-06|1.005356e-05|9.107777e-12|4.211447e-05|
| 737 |True   |  462  |9.984737e-06|1.005395e-05|5.170445e-12|3.393214e-05|
| 738 |True   |  459  |9.977257e-06|1.005020e-05|6.953278e-12|4.106560e-05|
| 740 |True   |  446  |9.962314e-06|1.008153e-05|6.729264e-12|4.672627e-05|
| 741 |True   |  448  |9.988668e-06|1.007587e-05|6.203877e-12|4.076454e-05|
| 739 |True   |  469  |9.971951e-06|1.008864e-05|5.981945e-12|4.053385e-05|
| 742 |True   |  452  |9.994293e-06|1.006542e-05|5.410555e-12|3.424302e-05|
| 743 |True   |  512  |9.978817e-06|1.002857e-05|5.767714e-12|3.116586e-05|
| 746 |True   |  488  |9.975596e-06|1.002537e-05|1.010526e-11|4.527762e-05|
| 745 |True   |  453  |9.992957e-06|1.015340e-05|8.553799e-12|4.186383e-05|
| 744 |True   |  499  |9.982821e-06|1.003257e-05|6.848619e-12|3.468121e-05|
| 748 |True   |  448  |9.969645e-06|1.015882e-05|1.247556e-11|7.112837e-05|
| 725 |True   | 1565  |9.995137e-06|1.014346e-05|4.022876e-10|6.168883e-03|
| 747 |True   |  478  |9.953601e-06|1.004997e-05|6.584099e-12|4.115168e-05|
| 751 |True   |  456  |9.962448e-06|1.007682e-05|8.898028e-12|5.538009e-05|
| 750 |True   |  486  |9.995504e-06|1.005381e-05|7.079401e-12|3.803804e-05|
| 753 |True   |  472  |9.987088e-06|1.006277e-05|5.500258e-12|3.431288e-05|
| 752 |True   |  571  |9.971868e-06|1.005112e-05|8.616911e-12|1.007340e-04|
| 754 |True   |  602  |9.994905e-06|1.004465e-05|9.119117e-12|4.041242e-05|
| 756 |True   |  501  |9.997242e-06|1.004698e-05|1.547123e-11|5.624528e-05|
| 757 |True   |  502  |9.967952e-06|1.001770e-05|8.507666e-12|4.168204e-05|
| 755 |True   |  488  |9.951043e-06|1.000079e-05|1.038624e-11|4.620540e-05|
| 760 |True   |  499  |9.965384e-06|1.001513e-05|9.361153e-12|4.423138e-05|
| 759 |True   |  478  |9.968181e-06|1.006735e-05|1.097489e-11|5.620567e-05|
| 761 |True   |  523  |9.971922e-06|1.002167e-05|7.291525e-12|3.802583e-05|
| 758 |True   |  658  |9.942628e-06|1.057743e-05|9.619457e-12|5.062985e-05|
| 763 |True   |  484  |9.972863e-06|1.002437e-05|9.356248e-12|4.177344e-05|
| 764 |True   |  478  |9.974730e-06|1.003304e-05|9.844713e-12|4.795190e-05|
| 762 |True   |  695  |9.991109e-06|1.009769e-05|5.611737e-11|2.471136e-05|
| 766 |True   |  458  |9.963295e-06|1.005146e-05|5.389769e-12|3.730009e-05|
| 765 |True   |  460  |9.967653e-06|1.003998e-05|6.052169e-12|3.797424e-05|
| 767 |True   |  497  |9.986869e-06|1.003661e-05|1.153111e-11|4.850186e-05|
| 768 |True   |  505  |9.978514e-06|1.002826e-05|6.405918e-12|3.435330e-05|
| 770 |True   |  486  |9.979300e-06|1.004773e-05|1.304666e-11|5.937866e-05|
| 772 |True   |  488  |9.993715e-06|1.004346e-05|8.324611e-12|3.884639e-05|
| 769 |True   |  512  |9.976966e-06|1.002671e-05|9.766286e-12|4.494609e-05|
| 771 |True   |  462  |9.947230e-06|1.003117e-05|7.086348e-12|4.262534e-05|
| 773 |True   |  481  |9.964804e-06|1.002750e-05|6.128524e-12|3.768710e-05|
| 749 |True   | 1660  |9.976344e-06|1.009206e-05|3.492109e-12|1.463828e-05|
| 774 |True   |  458  |9.951100e-06|1.004717e-05|8.822829e-12|5.356639e-05|
| 775 |True   |  484  |9.976978e-06|1.002672e-05|1.409699e-11|5.405212e-05|
| 776 |True   |  500  |9.982394e-06|1.003213e-05|1.183005e-11|4.912665e-05|
| 777 |True   |  462  |9.945190e-06|1.002230e-05|9.187138e-12|5.049692e-05|
| 780 |True   |  493  |9.967751e-06|1.001750e-05|7.183588e-12|3.796123e-05|
| 778 |True   |  515  |9.956554e-06|1.000630e-05|7.360580e-12|3.836092e-05|
| 779 |True   |  499  |9.996915e-06|1.004666e-05|9.984685e-12|4.265507e-05|
| 782 |True   |  459  |9.969807e-06|1.005630e-05|5.409237e-12|3.737632e-05|
| 781 |True   |  497  |9.979278e-06|1.002903e-05|4.225004e-12|2.463726e-05|
| 784 |True   |  501  |9.999370e-06|1.004911e-05|1.184618e-11|4.702783e-05|
| 783 |True   |  498  |9.979379e-06|1.002912e-05|9.402110e-12|4.269119e-05|
| 786 |True   |  451  |9.956131e-06|1.005278e-05|6.816494e-12|4.120779e-05|
| 785 |True   |  508  |9.966360e-06|1.001611e-05|7.172449e-12|3.798582e-05|
| 787 |True   |  484  |9.944635e-06|1.003521e-05|5.894458e-12|4.165504e-05|
| 789 |True   |  455  |9.974849e-06|1.006488e-05|6.476170e-12|4.122464e-05|
| 788 |True   |  494  |9.970901e-06|1.005808e-05|4.808595e-12|3.113007e-05|
| 791 |True   |  454  |9.949811e-06|1.005140e-05|7.413019e-12|4.705032e-05|
| 790 |True   |  444  |9.938112e-06|1.008134e-05|6.560777e-12|4.668197e-05|
| 792 |True   |  460  |9.983453e-06|1.009217e-05|6.681847e-12|4.651175e-05|
| 793 |True   |  468  |9.968482e-06|1.003342e-05|6.472486e-12|3.809736e-05|
| 794 |True   |  496  |9.957577e-06|1.000732e-05|6.283024e-12|3.460448e-05|
| 796 |True   |  501  |9.953948e-06|1.000369e-05|1.384631e-11|5.412669e-05|
| 798 |True   |  477  |9.971382e-06|1.003565e-05|5.521555e-12|3.434694e-05|
| 799 |True   |  506  |9.975585e-06|1.002533e-05|4.292912e-12|2.600768e-05|
| 795 |True   |  596  |9.986257e-06|1.003601e-05|6.107582e-12|3.139860e-05|
| 800 |True   |  497  |9.982700e-06|1.003244e-05|9.708360e-12|4.298462e-05|
| 801 |True   |  485  |9.981807e-06|1.004494e-05|8.274880e-12|4.451160e-05|
| 802 |True   |  479  |9.964175e-06|1.002192e-05|9.390641e-12|4.618854e-05|
| 803 |True   |  503  |9.958155e-06|1.000790e-05|7.165709e-12|3.682058e-05|
| 797 |True   |  929  |9.986203e-06|1.003595e-05|2.932005e-12|1.464654e-05|
| 804 |True   |  484  |9.974072e-06|1.003677e-05|7.083718e-12|3.863776e-05|
| 806 |True   |  460  |9.966862e-06|1.005100e-05|7.380458e-12|4.416923e-05|
| 805 |True   |  475  |9.962253e-06|1.004721e-05|8.847392e-12|5.159351e-05|
| 808 |True   |  485  |9.991179e-06|1.004092e-05|1.563772e-11|5.638189e-05|
| 807 |True   |  496  |9.959960e-06|1.000971e-05|8.162164e-12|4.150298e-05|
| 810 |True   |  490  |9.976983e-06|1.002673e-05|5.290466e-12|3.034962e-05|
| 809 |True   |  497  |9.996795e-06|1.004654e-05|5.687083e-12|3.038129e-05|
| 811 |True   |  457  |9.944145e-06|1.008557e-05|7.019601e-12|4.419634e-05|
| 812 |True   |  487  |9.958530e-06|1.000828e-05|7.131159e-12|3.814466e-05|
| 813 |True   |  493  |9.988447e-06|1.003819e-05|9.942337e-12|4.285606e-05|
| 814 |True   |  481  |9.976480e-06|1.003899e-05|8.351517e-12|4.455717e-05|
| 817 |True   |  453  |9.988019e-06|1.006552e-05|7.094005e-12|4.127803e-05|
| 816 |True   |  477  |9.983088e-06|1.005045e-05|7.030125e-12|4.103863e-05|
| 818 |True   |  473  |9.957392e-06|1.002057e-05|9.052187e-12|4.670601e-05|
| 819 |True   |  467  |9.935668e-06|1.002517e-05|1.041181e-11|5.413845e-05|
| 815 |True   |  662  |9.998437e-06|1.052343e-05|5.269428e-12|3.420426e-05|
| 820 |True   |  490  |9.980347e-06|1.003585e-05|7.253641e-12|3.823997e-05|
| 821 |True   |  469  |9.979295e-06|1.007702e-05|8.840990e-12|4.762983e-05|
| 824 |True   |  486  |9.996242e-06|1.005417e-05|1.031431e-11|4.643226e-05|
| 825 |True   |  502  |9.992622e-06|1.004236e-05|1.169779e-11|4.748547e-05|
| 826 |True   |  509  |9.980260e-06|1.003000e-05|8.620832e-12|4.154192e-05|
| 823 |True   |  659  |9.983479e-06|1.003384e-05|3.735882e-12|2.120423e-05|
| 827 |True   |  455  |9.956872e-06|1.004938e-05|5.912173e-12|3.779378e-05|
| 828 |True   |  467  |9.947075e-06|1.004520e-05|5.459920e-12|4.059848e-05|
| 830 |True   |  468  |9.987534e-06|1.005288e-05|8.466400e-12|4.537756e-05|
| 832 |True   |  474  |9.990780e-06|1.008161e-05|1.400283e-11|6.453128e-05|
| 831 |True   |  504  |9.957331e-06|1.000974e-05|8.033253e-12|4.166102e-05|
| 829 |True   |  595  |9.985337e-06|1.019430e-05|5.007820e-10|6.846376e-03|
| 833 |True   |  451  |9.955167e-06|1.003222e-05|6.961674e-12|4.193943e-05|
| 822 |True   | 1113  |9.990734e-06|1.005860e-05|6.014785e-12|2.624870e-05|
| 834 |True   |  502  |9.976276e-06|1.002602e-05|9.994533e-12|4.518935e-05|
| 835 |True   |  494  |9.973978e-06|1.002372e-05|6.294351e-12|3.440283e-05|
| 838 |True   |  441  |9.982481e-06|1.008436e-05|6.421672e-12|4.071118e-05|
| 839 |True   |  505  |9.969306e-06|1.001905e-05|8.355518e-12|3.970498e-05|
| 840 |True   |  462  |9.975746e-06|1.005906e-05|1.770723e-11|5.562736e-05|
| 841 |True   |  502  |9.978296e-06|1.002804e-05|6.351137e-12|3.438819e-05|
| 843 |True   |  446  |9.965801e-06|1.011409e-05|6.148726e-12|4.519596e-05|
| 842 |True   |  487  |9.996227e-06|1.004598e-05|8.367695e-12|3.829309e-05|
| 844 |True   |  471  |9.949404e-06|1.004787e-05|7.077411e-12|4.396273e-05|
| 845 |True   |  445  |9.979660e-06|1.005710e-05|6.121255e-12|3.604921e-05|
| 846 |True   |  487  |9.970954e-06|1.002070e-05|6.169910e-12|3.431267e-05|
| 847 |True   |  494  |9.978181e-06|1.002792e-05|1.021004e-11|4.531517e-05|
| 848 |True   |  501  |9.964042e-06|1.001379e-05|9.504404e-12|4.180416e-05|
| 851 |True   |  462  |9.972321e-06|1.009211e-05|9.344881e-12|5.306548e-05|
| 837 |True   | 1242  |9.984906e-06|1.009601e-05|3.438589e-12|2.085992e-05|
| 850 |True   |  504  |9.972989e-06|1.002274e-05|6.008430e-12|3.170603e-05|
| 849 |True   |  495  |9.968092e-06|1.001784e-05|1.142851e-11|4.895364e-05|
| 852 |True   |  484  |9.973931e-06|1.004583e-05|5.978426e-12|3.763980e-05|
| 836 |True   | 1358  |9.983407e-06|1.004785e-05|3.507648e-12|2.104877e-05|
| 853 |True   |  454  |9.995202e-06|1.008703e-05|9.096702e-12|5.025820e-05|
| 854 |True   |  474  |9.993855e-06|1.008337e-05|7.636681e-12|4.404694e-05|
| 855 |True   |  506  |9.963843e-06|1.001359e-05|6.447121e-12|3.468695e-05|
| 856 |True   |  472  |9.976506e-06|1.009891e-05|7.592425e-12|5.211818e-05|
| 857 |True   |  492  |9.976662e-06|1.004152e-05|5.180693e-12|3.060529e-05|
| 858 |True   |  492  |9.956592e-06|1.000634e-05|7.429418e-12|3.858607e-05|
| 859 |True   |  504  |9.960846e-06|1.001059e-05|9.072982e-12|4.331067e-05|
| 860 |True   |  453  |9.943885e-06|1.003247e-05|7.741102e-12|4.712448e-05|
| 862 |True   |  504  |9.985219e-06|1.004291e-05|1.187296e-11|4.960539e-05|
| 861 |True   |  498  |9.984661e-06|1.003440e-05|1.228444e-11|4.871287e-05|
| 863 |True   |  493  |9.972612e-06|1.002236e-05|6.216932e-12|3.431374e-05|
| 865 |True   |  501  |9.974750e-06|1.002450e-05|5.612809e-12|3.094097e-05|
| 867 |True   |  486  |9.964363e-06|1.001411e-05|6.378341e-12|3.361387e-05|
| 866 |True   |  478  |9.976867e-06|1.005030e-05|5.854201e-12|3.749996e-05|
| 864 |True   |  574  |9.978159e-06|1.002790e-05|9.806260e-12|4.502706e-05|
| 869 |True   |  470  |9.952456e-06|1.005136e-05|7.500072e-12|4.467399e-05|
| 870 |True   |  465  |9.967752e-06|1.010853e-05|9.430068e-12|5.541748e-05|
| 868 |True   |  496  |9.975497e-06|1.002571e-05|8.396618e-12|4.122259e-05|
| 871 |True   |  461  |9.992623e-06|1.009869e-05|6.510329e-12|4.089443e-05|
| 872 |True   |  482  |9.989971e-06|1.012612e-05|1.004943e-11|4.497752e-05|
| 873 |True   |  458  |9.956060e-06|1.004112e-05|5.134972e-12|3.737164e-05|
| 874 |True   |  558  |9.999937e-06|1.004968e-05|1.472894e-11|5.319089e-05|
| 876 |True   |  497  |9.981584e-06|1.003133e-05|8.669711e-12|4.158189e-05|
| 878 |True   |  452  |9.959733e-06|1.008641e-05|9.521142e-12|5.565672e-05|
| 877 |True   |  478  |9.992127e-06|1.008175e-05|6.112178e-12|3.459228e-05|
| 880 |True   |  467  |9.958048e-06|1.001500e-05|1.009432e-11|4.757835e-05|
| 881 |True   |  455  |9.954799e-06|1.004677e-05|6.333919e-12|4.065748e-05|
| 882 |True   |  495  |9.955910e-06|1.000565e-05|1.287002e-11|5.285083e-05|
| 879 |True   |  493  |9.976205e-06|1.003329e-05|4.443427e-12|2.664311e-05|
| 875 |True   |  757  |9.988714e-06|1.003846e-05|4.026987e-12|2.158436e-05|
| 883 |True   |  493  |9.973786e-06|1.005388e-05|8.045110e-12|3.903346e-05|
| 884 |True   |  471  |9.952310e-06|1.002849e-05|6.445045e-12|4.094872e-05|
| 885 |True   |  500  |9.967332e-06|1.001708e-05|8.447584e-12|4.160251e-05|
| 886 |True   |  496  |9.987894e-06|1.003898e-05|1.419903e-11|5.515873e-05|
| 887 |True   |  493  |9.972353e-06|1.002210e-05|6.979190e-12|3.563769e-05|
| 888 |True   |  504  |9.991047e-06|1.004079e-05|1.088523e-11|4.601974e-05|
| 890 |True   |  503  |9.973339e-06|1.002308e-05|7.883812e-12|3.863161e-05|
| 892 |True   |  489  |9.982845e-06|1.005117e-05|8.381648e-12|4.502428e-05|
| 894 |True   |  500  |9.963455e-06|1.001320e-05|5.824297e-12|3.076227e-05|
| 893 |True   |  500  |9.976250e-06|1.002694e-05|5.304236e-12|3.034161e-05|
| 891 |True   |  556  |9.999840e-06|1.014831e-05|8.070070e-12|4.740049e-05|
| 895 |True   |  513  |9.976896e-06|1.002664e-05|6.882043e-12|3.488932e-05|
| 897 |True   |  456  |9.962655e-06|1.003983e-05|5.534429e-12|3.771037e-05|
| 896 |True   |  504  |9.964245e-06|1.001399e-05|6.359636e-12|3.469130e-05|
| 898 |True   |  462  |9.956425e-06|1.003392e-05|8.210778e-12|4.195527e-05|
| 899 |True   |  479  |9.962128e-06|1.002615e-05|5.230963e-12|3.212810e-05|
| 900 |True   |  485  |9.978466e-06|1.002977e-05|1.154707e-11|4.722774e-05|
| 901 |True   |  477  |9.963643e-06|1.011832e-05|5.277009e-12|3.755400e-05|
| 902 |True   |  488  |9.978319e-06|1.003400e-05|7.956826e-12|4.143234e-05|
| 904 |True   |  454  |9.958555e-06|1.003599e-05|5.769436e-12|3.756166e-05|
| 903 |True   |  488  |9.982434e-06|1.003218e-05|1.245722e-11|4.960784e-05|
| 905 |True   |  469  |9.951451e-06|1.003032e-05|6.466450e-12|4.111926e-05|
| 907 |True   |  495  |9.973390e-06|1.002314e-05|4.383208e-12|2.609864e-05|
| 908 |True   |  438  |9.967992e-06|1.008865e-05|4.715488e-12|3.714349e-05|
| 909 |True   |  482  |9.967292e-06|1.003935e-05|5.741473e-12|3.546908e-05|
| 910 |True   |  473  |9.963658e-06|1.003382e-05|6.223480e-12|4.119949e-05|
| 889 |True   | 1849  |9.998671e-06|1.018899e-05|1.304090e-11|1.498491e-05|
| 911 |True   |  501  |9.997327e-06|1.004707e-05|1.229324e-11|4.897236e-05|
| 912 |True   |  465  |9.990533e-06|1.005699e-05|7.377620e-12|4.116956e-05|
| 913 |True   |  482  |9.968373e-06|1.003506e-05|6.951390e-12|4.106080e-05|
| 914 |True   |  460  |9.972383e-06|1.008671e-05|9.449526e-12|5.580104e-05|
| 915 |True   |  497  |9.957412e-06|1.001395e-05|8.345462e-12|4.457558e-05|
| 918 |True   |  476  |9.965078e-06|1.003250e-05|5.138827e-12|3.395798e-05|
| 916 |True   |  476  |9.994495e-06|1.005585e-05|7.011393e-12|3.800363e-05|
| 917 |True   |  476  |9.946860e-06|1.005041e-05|6.729522e-12|4.135507e-05|
| 919 |True   |  481  |9.985461e-06|1.006142e-05|7.065617e-12|4.119731e-05|
| 920 |True   |  451  |9.979363e-06|1.006494e-05|1.077138e-11|5.828692e-05|
| 921 |True   |  498  |9.967769e-06|1.001751e-05|8.067349e-12|3.804421e-05|
| 924 |True   |  456  |9.984055e-06|1.005522e-05|7.309764e-12|4.192690e-05|
| 925 |True   |  471  |9.969812e-06|1.003973e-05|6.955320e-12|4.174910e-05|
| 923 |True   |  466  |9.988535e-06|1.010898e-05|5.879412e-12|4.039845e-05|
| 922 |True   |  497  |9.987924e-06|1.003767e-05|8.747591e-12|4.115089e-05|
| 926 |True   |  492  |9.967131e-06|1.001688e-05|7.372241e-12|3.669281e-05|
| 927 |True   |  467  |9.965677e-06|1.004737e-05|8.292813e-12|4.746191e-05|
| 928 |True   |  468  |9.959818e-06|1.004616e-05|5.145037e-12|3.731290e-05|
| 930 |True   |  474  |9.984759e-06|1.008915e-05|5.509646e-12|3.733980e-05|
| 929 |True   |  498  |9.968599e-06|1.001835e-05|7.304950e-12|3.816084e-05|
| 931 |True   |  504  |9.982324e-06|1.003207e-05|9.056191e-12|4.193954e-05|
| 932 |True   |  464  |9.970954e-06|1.005066e-05|5.691100e-12|3.741191e-05|
| 933 |True   |  497  |9.975237e-06|1.004199e-05|5.243783e-12|3.033029e-05|
| 937 |True   |  451  |9.958690e-06|1.008274e-05|5.643460e-12|4.119107e-05|
| 934 |True   |  450  |9.946906e-06|1.002400e-05|8.462759e-12|4.855046e-05|
| 935 |True   |  456  |9.961053e-06|1.004491e-05|9.154624e-12|5.474070e-05|
| 936 |True   |  460  |9.983637e-06|1.008264e-05|7.615788e-12|4.404007e-05|
| 938 |True   |  471  |9.978254e-06|1.006807e-05|7.580452e-12|4.529906e-05|
| 940 |True   |  459  |9.968497e-06|1.009873e-05|8.714532e-12|5.390838e-05|
| 941 |True   |  482  |9.996656e-06|1.005863e-05|1.087492e-11|5.023192e-05|
| 939 |True   |  469  |9.938668e-06|1.005613e-05|5.944944e-12|4.226789e-05|
| 942 |True   |  477  |9.996014e-06|1.006165e-05|6.399253e-12|3.654718e-05|
| 944 |True   |  491  |9.989853e-06|1.003959e-05|1.178501e-11|4.760936e-05|
| 945 |True   |  462  |9.944853e-06|1.007787e-05|5.977399e-12|4.099954e-05|
| 946 |True   |  460  |9.984292e-06|1.007945e-05|8.940625e-12|5.067305e-05|
| 943 |True   |  711  |9.976221e-06|1.002597e-05|7.493868e-12|3.815718e-05|
| 948 |True   |  499  |9.988155e-06|1.004155e-05|1.213471e-11|4.999687e-05|
| 947 |True   |  502  |9.959250e-06|1.000900e-05|7.396933e-12|3.845545e-05|
| 949 |True   |  486  |9.972305e-06|1.002641e-05|6.633612e-12|3.782489e-05|
| 951 |True   |  486  |9.979434e-06|1.003784e-05|3.723446e-12|2.207126e-05|
| 953 |True   |  464  |9.969425e-06|1.003653e-05|6.202942e-12|3.772912e-05|
| 952 |True   |  529  |9.976619e-06|1.002637e-05|6.065379e-12|3.270387e-05|
| 954 |True   |  494  |9.977490e-06|1.002724e-05|6.452647e-12|3.297948e-05|
| 955 |True   |  491  |9.967742e-06|1.001749e-05|6.351856e-12|3.449787e-05|
| 956 |True   |  475  |9.969985e-06|1.002165e-05|6.691139e-12|3.522185e-05|
| 957 |True   |  447  |9.995758e-06|1.016127e-05|8.716001e-12|5.289426e-05|
| 958 |True   |  501  |9.973577e-06|1.002332e-05|6.405226e-12|3.441879e-05|
| 959 |True   |  480  |9.989532e-06|1.007958e-05|1.209142e-11|5.683486e-05|
| 960 |True   |  507  |9.994949e-06|1.004469e-05|1.150391e-11|4.802454e-05|
| 961 |True   |  455  |9.948189e-06|1.003471e-05|7.332342e-12|4.694582e-05|
| 962 |True   |  493  |9.966818e-06|1.001656e-05|6.652693e-12|3.507166e-05|
| 964 |True   |  441  |9.942617e-06|1.007749e-05|9.008760e-12|5.166162e-05|
| 963 |True   |  499  |9.973406e-06|1.002315e-05|5.023850e-12|2.880407e-05|
| 965 |True   |  463  |9.981482e-06|1.006446e-05|9.318630e-12|5.016550e-05|
| 966 |True   |  517  |9.977050e-06|1.002807e-05|6.543564e-12|3.478065e-05|
| 906 |True   | 4157  |9.983117e-06|1.042298e-05|2.447072e-10|8.098077e-04|
| 968 |True   |  505  |9.978069e-06|1.002781e-05|6.438652e-12|3.440768e-05|
| 969 |True   |  508  |9.997757e-06|1.004750e-05|1.100808e-11|4.577413e-05|
| 970 |True   |  486  |9.992168e-06|1.004191e-05|7.322694e-12|3.553956e-05|
| 972 |True   |  468  |9.988301e-06|1.007766e-05|1.118492e-11|5.614992e-05|
| 974 |True   |  495  |9.999848e-06|1.004959e-05|7.256731e-12|3.486912e-05|
| 975 |True   |  449  |9.977272e-06|1.007013e-05|9.735046e-12|5.551218e-05|
| 971 |True   |  735  |9.990066e-06|1.009478e-05|4.880998e-10|8.251979e-03|
| 950 |True   | 1928  |9.993858e-06|1.028051e-05|6.985804e-10|9.525728e-03|
| 973 |True   |  697  |9.975705e-06|1.020092e-05|1.613344e-10|8.247603e-04|
| 976 |True   |  532  |9.946885e-06|1.006847e-05|7.731814e-12|4.967611e-05|
| 977 |True   |  457  |9.979713e-06|1.005124e-05|8.214187e-12|4.467801e-05|
| 978 |True   |  461  |9.951891e-06|1.001637e-05|7.345834e-12|4.217272e-05|
| 979 |True   |  490  |9.989575e-06|1.003932e-05|7.689892e-12|3.814955e-05|
| 980 |True   |  501  |9.958605e-06|1.000835e-05|7.790645e-12|3.904832e-05|
| 981 |True   |  500  |9.988241e-06|1.003799e-05|5.590490e-12|3.042244e-05|
| 982 |True   |  446  |9.969341e-06|1.005142e-05|5.262090e-12|3.521529e-05|
| 983 |True   |  488  |9.971243e-06|1.002548e-05|8.319051e-12|4.007247e-05|
| 984 |True   |  490  |9.953999e-06|1.002016e-05|9.234081e-12|4.488133e-05|
| 985 |True   |  470  |9.970389e-06|1.002085e-05|9.647582e-12|4.486371e-05|
| 986 |True   |  454  |9.989341e-06|1.006441e-05|9.247759e-12|4.838085e-05|
| 988 |True   |  444  |9.943157e-06|1.004024e-05|7.132491e-12|4.617974e-05|
| 990 |True   |  500  |9.992790e-06|1.004253e-05|1.081185e-11|4.553211e-05|
| 989 |True   |  514  |9.988905e-06|1.003865e-05|1.211581e-11|4.936695e-05|
| 992 |True   |  458  |9.971110e-06|1.007960e-05|8.841868e-12|5.166023e-05|
| 993 |True   |  460  |9.999005e-06|1.009287e-05|1.102795e-11|5.654496e-05|
| 994 |True   |  453  |9.992826e-06|1.006786e-05|7.277060e-12|4.264809e-05|
| 995 |True   |  507  |9.965662e-06|1.001540e-05|1.211354e-11|5.123328e-05|
| 967 |True   | 2213  |9.996260e-06|1.008277e-05|3.821343e-12|2.102395e-05|
| 987 |True   | 1138  |9.991409e-06|1.004116e-05|3.048886e-12|1.464737e-05|
| 996 |True   |  459  |9.959205e-06|1.003936e-05|5.394258e-12|3.738727e-05|
| 997 |True   |  494  |9.967076e-06|1.001682e-05|8.956880e-12|4.225770e-05|
| 998 |True   |  513  |9.978082e-06|1.002783e-05|1.001992e-11|4.489082e-05|
| 999 |True   |  505  |9.967796e-06|1.001754e-05|5.935931e-12|3.316560e-05|
| 991 |True   | 2636  |9.994771e-06|1.004452e-05|3.872837e-12|2.105509e-05|
