|seed |success|  nit  |  mu_check  |   mu_sum   |   G_norm   | step_norm  |
|  3  |True   |  362  |9.795519e-06|1.053700e-05|5.945963e-10|2.490946e-05|
|  2  |True   |  345  |9.735227e-06|1.011981e-05|4.365562e-11|3.529521e-05|
|  8  |True   |  347  |9.940465e-06|1.032506e-05|2.916896e-11|2.192148e-05|
|  5  |True   |  349  |9.808544e-06|1.019314e-05|2.875099e-11|2.492948e-05|
|  1  |True   |  342  |9.826963e-06|1.021155e-05|5.005212e-11|3.814638e-05|
|  0  |True   |  371  |9.973144e-06|1.087233e-05|5.731374e-12|9.411159e-10|
|  9  |True   |  360  |9.917332e-06|1.056220e-05|5.530103e-12|5.187210e-10|
|  6  |True   |  371  |9.945673e-06|1.046926e-05|4.595692e-12|8.421801e-10|
|  7  |True   |  373  |9.783535e-06|1.051241e-05|3.464690e-10|2.882577e-05|
|  4  |True   |  760  |9.975122e-06|1.069991e-05|1.824889e-10|1.515425e-05|
| 11  |True   |  336  |9.933825e-06|1.031843e-05|3.582342e-11|2.883031e-05|
| 12  |True   |  342  |9.874888e-06|1.025948e-05|4.032097e-11|3.222138e-05|
| 10  |True   |  340  |9.931970e-06|1.035678e-05|3.103335e-11|2.498253e-05|
| 15  |True   |  399  |9.922912e-06|1.033419e-05|7.185588e-10|2.884195e-05|
| 13  |True   |  412  |9.831421e-06|1.041427e-05|3.900141e-12|1.171248e-09|
| 17  |True   |  360  |9.907280e-06|1.103439e-05|2.333939e-12|1.317928e-09|
| 16  |True   |  382  |9.866070e-06|1.115330e-05|3.573395e-10|2.042138e-05|
| 19  |True   |  336  |9.862034e-06|1.070990e-05|3.491306e-11|2.883772e-05|
| 22  |True   |  370  |9.943864e-06|1.060855e-05|4.606215e-12|7.563140e-10|
| 21  |True   |  338  |9.858899e-06|1.024349e-05|3.071257e-11|2.518720e-05|
| 24  |True   |  365  |9.926509e-06|1.054738e-05|4.070076e-12|4.836516e-10|
| 26  |True   |  360  |9.712751e-06|1.029392e-05|9.353523e-12|1.936342e-09|
| 25  |True   |  337  |9.770404e-06|1.015500e-05|3.379953e-11|2.884712e-05|
| 14  |True   |  918  |9.941527e-06|1.041876e-05|4.182805e-10|1.441894e-05|
| 27  |True   |  360  |9.767657e-06|1.083439e-05|4.260121e-12|7.709868e-10|
| 18  |True   |  997  |9.893845e-06|1.027846e-05|2.131109e-11|1.442129e-05|
| 30  |True   |  370  |9.777076e-06|1.030417e-05|6.596940e-12|2.516178e-10|
| 28  |True   |  349  |9.850355e-06|1.023496e-05|2.995978e-11|2.499917e-05|
| 31  |True   |  371  |9.912153e-06|1.047854e-05|5.552121e-12|5.488815e-10|
| 29  |True   |  339  |9.906507e-06|1.029123e-05|2.980408e-11|2.422121e-05|
| 23  |True   | 1006  |9.906425e-06|1.029103e-05|2.159156e-11|1.441365e-05|
| 20  |True   | 1225  |9.845220e-06|1.040974e-05|7.175007e-10|3.966840e-06|
| 32  |True   |  367  |9.842659e-06|1.034774e-05|4.569474e-12|2.661238e-10|
| 33  |True   |  372  |9.914166e-06|1.035582e-05|6.202217e-10|2.039937e-05|
| 34  |True   |  346  |9.913988e-06|1.029858e-05|3.067251e-11|2.497519e-05|
| 35  |True   |  337  |9.733476e-06|1.020520e-05|3.785135e-11|3.218429e-05|
| 37  |True   |  365  |9.820162e-06|1.048406e-05|4.358967e-12|3.546162e-09|
| 36  |True   |  338  |9.900110e-06|1.073561e-05|3.557934e-11|2.883139e-05|
| 39  |True   |  360  |9.650935e-06|1.048203e-05|6.494086e-12|2.508510e-09|
| 41  |True   |  360  |9.836695e-06|1.072141e-05|2.226882e-12|4.906297e-10|
| 38  |True   |  387  |9.942606e-06|1.067397e-05|4.696429e-12|8.140862e-10|
| 42  |True   |  343  |9.804519e-06|1.018912e-05|2.859304e-11|2.402690e-05|
| 40  |True   |  586  |9.897569e-06|1.044008e-05|4.047946e-12|6.028430e-10|
| 43  |True   |  369  |9.911796e-06|1.062592e-05|3.587273e-12|1.137473e-09|
| 45  |True   |  347  |9.890178e-06|1.027474e-05|5.698736e-11|4.072992e-05|
| 44  |True   |  372  |9.757020e-06|1.031241e-05|5.439764e-12|8.318071e-10|
| 47  |True   |  457  |9.831572e-06|1.021616e-05|3.459489e-11|2.884178e-05|
| 51  |True   |  370  |9.932982e-06|1.054517e-05|3.168108e-12|3.031127e-10|
| 46  |True   |  380  |9.941019e-06|1.064915e-05|6.266220e-12|4.178662e-10|
| 53  |True   |  347  |9.945239e-06|1.033092e-05|5.877494e-11|4.915655e-05|
| 54  |True   |  349  |9.787053e-06|1.017164e-05|3.375812e-11|2.883364e-05|
| 52  |True   |  347  |9.906361e-06|1.029096e-05|3.552454e-11|2.882096e-05|
| 50  |True   |  557  |9.859590e-06|1.024418e-05|2.980824e-11|2.497953e-05|
| 49  |True   |  348  |9.813679e-06|1.019850e-05|3.959363e-11|3.174326e-05|
| 48  |True   |  375  |9.905692e-06|1.049669e-05|7.553369e-12|1.068696e-09|
| 57  |True   |  360  |9.781702e-06|1.066774e-05|2.620684e-12|1.482523e-09|
| 56  |True   |  348  |9.809070e-06|1.019365e-05|4.170874e-11|3.285945e-05|
| 55  |True   |  371  |9.800809e-06|1.057246e-05|2.913593e-12|2.333657e-10|
| 59  |True   |  341  |9.766308e-06|1.018814e-05|3.610697e-11|2.981702e-05|
| 60  |True   |  371  |9.866032e-06|1.042300e-05|4.316096e-12|3.097835e-10|
| 61  |True   |  336  |9.813930e-06|1.050014e-05|3.421167e-11|2.882621e-05|
| 62  |True   |  371  |9.847930e-06|1.085380e-05|6.369455e-12|1.637633e-09|
| 58  |True   |  378  |9.793794e-06|1.032191e-05|3.519248e-12|4.900127e-10|
| 64  |True   |  346  |9.855246e-06|1.023986e-05|3.463334e-11|2.884032e-05|
| 63  |True   |  363  |9.921229e-06|1.068818e-05|4.994389e-12|8.283603e-10|
| 65  |True   |  342  |9.829106e-06|1.021370e-05|3.445843e-11|2.880779e-05|
| 68  |True   |  368  |9.789474e-06|1.039697e-05|7.925222e-12|1.969126e-09|
| 67  |True   |  366  |9.900956e-06|1.064451e-05|3.116389e-10|3.258545e-05|
| 66  |True   |  342  |9.913681e-06|1.029826e-05|4.653494e-11|3.527432e-05|
| 70  |True   |  358  |9.822965e-06|1.151446e-05|2.492386e-12|1.650491e-08|
| 72  |True   |  348  |9.821724e-06|1.020632e-05|2.896064e-11|2.497408e-05|
| 73  |True   |  372  |9.896897e-06|1.031293e-05|2.552373e-12|8.818117e-10|
| 71  |True   |  363  |9.852990e-06|1.050317e-05|8.187844e-10|2.471368e-05|
| 74  |True   |  333  |9.856315e-06|1.077266e-05|3.557551e-11|2.903698e-05|
| 76  |True   |  348  |9.847008e-06|1.023160e-05|3.048219e-11|2.511391e-05|
| 79  |True   |  340  |9.863081e-06|1.024776e-05|2.861234e-11|2.525043e-05|
| 75  |True   |  369  |9.934584e-06|1.049850e-05|6.576226e-12|7.362550e-10|
| 69  |True   |  919  |9.887731e-06|1.027236e-05|2.106767e-11|1.431804e-05|
| 80  |True   |  349  |9.973924e-06|1.035852e-05|3.186240e-11|2.498104e-05|
| 78  |True   |  348  |9.865527e-06|1.025012e-05|2.970536e-11|2.497479e-05|
| 77  |True   |  344  |9.892002e-06|1.027661e-05|2.541638e-11|2.037760e-05|
| 83  |True   |  364  |9.950198e-06|1.046213e-05|7.366538e-12|7.917232e-10|
| 81  |True   |  339  |9.784115e-06|1.032035e-05|3.389753e-11|2.883952e-05|
| 85  |True   |  344  |9.895816e-06|1.028041e-05|3.159302e-11|2.514668e-05|
| 87  |True   |  364  |9.990995e-06|1.064161e-05|3.835261e-12|1.260683e-09|
| 82  |True   |  341  |9.810264e-06|1.019485e-05|3.936933e-11|3.220837e-05|
| 84  |True   |  341  |9.935321e-06|1.031991e-05|4.141615e-11|3.220718e-05|
| 86  |True   |  346  |9.943146e-06|1.069738e-05|1.993218e-10|3.225781e-05|
| 89  |True   |  341  |9.869915e-06|1.025450e-05|4.253247e-11|3.276297e-05|
| 91  |True   |  367  |9.817374e-06|1.091929e-05|2.315143e-12|1.486184e-09|
| 88  |True   |  597  |9.969818e-06|1.202523e-05|6.890231e-12|4.810201e-09|
| 90  |True   |  382  |9.799188e-06|1.031525e-05|5.609084e-12|3.397650e-09|
| 94  |True   |  335  |9.984872e-06|1.117433e-05|3.681670e-11|2.885434e-05|
| 96  |True   |  347  |9.740842e-06|1.012543e-05|4.882343e-11|3.800201e-05|
| 97  |True   |  358  |9.840544e-06|1.083390e-05|4.410002e-12|2.837193e-09|
| 95  |True   |  368  |9.813666e-06|1.051157e-05|6.373748e-10|2.882755e-05|
| 99  |True   |  393  |9.911199e-06|1.039338e-05|3.937705e-12|6.169853e-09|
| 100 |True   |  346  |9.871698e-06|1.025630e-05|3.485783e-11|2.867687e-05|
| 92  |True   |  575  |9.923453e-06|1.091558e-05|9.762830e-10|3.198144e-05|
| 98  |True   |  345  |9.927776e-06|1.031238e-05|2.660059e-11|2.039154e-05|
| 101 |True   |  343  |9.786103e-06|1.017070e-05|3.391400e-11|2.884960e-05|
| 104 |True   |  380  |9.911461e-06|1.037841e-05|3.016859e-12|8.833541e-10|
| 105 |True   |  408  |9.856623e-06|1.107759e-05|4.712107e-10|1.463565e-05|
| 102 |True   |  531  |9.804860e-06|1.027983e-05|4.815629e-12|1.251041e-08|
| 106 |True   |  361  |9.881071e-06|1.122653e-05|9.830553e-12|1.360943e-09|
| 103 |True   |  365  |9.684747e-06|1.027397e-05|1.011707e-11|2.655136e-09|
| 108 |True   |  343  |9.920586e-06|1.030520e-05|2.579277e-11|2.040153e-05|
| 110 |True   |  347  |9.809422e-06|1.019402e-05|2.893310e-11|2.498099e-05|
| 107 |True   |  341  |9.904543e-06|1.054251e-05|3.578372e-11|2.883028e-05|
| 111 |True   |  348  |9.964110e-06|1.034870e-05|3.748984e-11|2.886324e-05|
| 109 |True   |  345  |9.894024e-06|1.027861e-05|3.812639e-11|2.948699e-05|
| 112 |True   |  350  |9.914543e-06|1.029914e-05|3.571586e-11|2.883131e-05|
| 116 |True   |  341  |9.967922e-06|1.035250e-05|4.732778e-11|3.528885e-05|
| 114 |True   |  360  |9.875815e-06|1.118800e-05|4.542022e-12|5.242400e-10|
| 115 |True   |  346  |9.939077e-06|1.032368e-05|3.076372e-11|2.496433e-05|
| 113 |True   |  357  |9.993530e-06|1.038288e-05|1.916294e-10|3.323468e-05|
| 117 |True   |  355  |9.809208e-06|1.019380e-05|2.878463e-11|2.497710e-05|
| 118 |True   |  422  |9.902708e-06|1.057055e-05|3.927578e-12|1.590513e-09|
| 119 |True   |  349  |9.880445e-06|1.026503e-05|4.062458e-11|3.223671e-05|
| 122 |True   |  343  |9.928105e-06|1.031270e-05|3.101292e-11|2.497605e-05|
| 121 |True   |  342  |9.877578e-06|1.026216e-05|4.587798e-11|3.517423e-05|
| 123 |True   |  349  |9.841817e-06|1.022640e-05|4.531645e-11|3.527188e-05|
| 126 |True   |  371  |9.882906e-06|1.056478e-05|3.047687e-12|4.403462e-10|
| 127 |True   |  346  |9.867509e-06|1.025210e-05|3.832498e-11|3.029581e-05|
| 124 |True   |  459  |9.891408e-06|1.027600e-05|3.598090e-11|2.887069e-05|
| 128 |True   |  342  |9.790441e-06|1.018479e-05|3.386070e-11|2.881215e-05|
| 120 |True   |  804  |9.882576e-06|1.041540e-05|7.013381e-10|2.032484e-05|
| 125 |True   |  694  |9.849547e-06|1.126234e-05|3.341735e-12|1.877492e-09|
| 129 |True   |  347  |9.951907e-06|1.033651e-05|2.685668e-11|2.039117e-05|
| 93  |True   | 3037  |9.881500e-06|1.155207e-05|4.356051e-12|2.876863e-10|
| 130 |True   |  385  |9.926865e-06|1.068658e-05|5.790169e-12|4.066958e-08|
| 131 |True   |  367  |9.891959e-06|1.036830e-05|3.370196e-12|3.998312e-10|
| 132 |True   |  344  |9.843500e-06|1.022809e-05|3.469331e-11|2.882491e-05|
| 134 |True   |  368  |9.802349e-06|1.080065e-05|6.388721e-10|2.876322e-05|
| 136 |True   |  340  |9.989848e-06|1.037447e-05|3.223685e-11|2.498118e-05|
| 137 |True   |  350  |9.971752e-06|1.035635e-05|3.180898e-11|2.497689e-05|
| 139 |True   |  346  |9.884177e-06|1.064813e-05|4.429446e-11|2.880550e-05|
| 133 |True   |  363  |9.902892e-06|1.036593e-05|9.424396e-10|2.037462e-05|
| 135 |True   |  454  |9.803412e-06|1.038458e-05|5.283245e-11|3.881786e-05|
| 141 |True   |  369  |9.877558e-06|1.038882e-05|3.345632e-12|2.894256e-10|
| 142 |True   |  366  |9.787651e-06|1.036840e-05|4.314423e-12|1.329396e-08|
| 138 |True   |  347  |9.804267e-06|1.018889e-05|3.334818e-11|2.890776e-05|
| 140 |True   |  350  |9.839937e-06|1.022454e-05|3.440661e-11|2.880264e-05|
| 145 |True   |  367  |9.802533e-06|1.021167e-05|6.539341e-10|2.882329e-05|
| 146 |True   |  343  |9.794352e-06|1.017895e-05|3.024820e-11|2.541488e-05|
| 147 |True   |  346  |9.855259e-06|1.023986e-05|3.088716e-11|2.526069e-05|
| 143 |True   |  380  |9.765655e-06|1.043338e-05|4.779608e-12|9.055955e-10|
| 144 |True   |  347  |9.767535e-06|1.015213e-05|3.081236e-11|2.600271e-05|
| 148 |True   |  360  |9.704036e-06|1.041349e-05|5.251586e-10|2.881031e-05|
| 149 |True   |  364  |9.774019e-06|1.043060e-05|6.439443e-12|8.073231e-10|
| 150 |True   |  364  |9.847427e-06|1.051844e-05|2.480149e-12|1.636937e-09|
| 151 |True   |  366  |9.774273e-06|1.027171e-05|4.433614e-12|9.091403e-10|
| 153 |True   |  368  |9.828474e-06|1.030241e-05|3.037395e-12|4.218562e-10|
| 155 |True   |  335  |9.927937e-06|1.041924e-05|5.094427e-11|3.871226e-05|
| 154 |True   |  342  |9.768393e-06|1.015300e-05|3.677174e-11|3.049109e-05|
| 156 |True   |  339  |9.773952e-06|1.026799e-05|3.456466e-11|2.849208e-05|
| 160 |True   |  344  |9.756401e-06|1.014099e-05|3.480662e-11|2.919615e-05|
| 157 |True   |  348  |9.986431e-06|1.037101e-05|4.760140e-11|3.528484e-05|
| 159 |True   |  362  |9.917533e-06|1.031111e-05|1.934804e-10|2.496933e-05|
| 152 |True   |  772  |9.751829e-06|1.013642e-05|3.880142e-11|3.223401e-05|
| 158 |True   |  367  |9.770796e-06|1.036388e-05|5.020158e-12|4.262271e-10|
| 163 |True   |  380  |9.833281e-06|1.024963e-05|6.201351e-10|2.497744e-05|
| 162 |True   |  368  |9.874347e-06|1.081283e-05|3.126483e-12|2.993066e-10|
| 165 |True   |  370  |9.948216e-06|1.035015e-05|7.099572e-10|3.440987e-05|
| 161 |True   |  371  |9.894707e-06|1.032338e-05|9.346480e-10|2.504028e-05|
| 164 |True   |  475  |9.759470e-06|1.073435e-05|7.110805e-10|2.486891e-05|
| 167 |True   |  344  |9.912275e-06|1.029687e-05|3.127127e-11|2.497377e-05|
| 166 |True   |  343  |9.883268e-06|1.026787e-05|2.969953e-11|2.419798e-05|
| 169 |True   |  343  |9.769238e-06|1.015383e-05|3.956139e-11|3.230853e-05|
| 171 |True   |  348  |9.887564e-06|1.027216e-05|3.067151e-11|2.495126e-05|
| 168 |True   |  370  |9.847610e-06|1.051520e-05|4.005782e-12|2.696768e-10|
| 170 |True   |  357  |9.884919e-06|1.067143e-05|4.828552e-10|2.883558e-05|
| 173 |True   |  339  |9.996114e-06|1.038070e-05|3.705191e-11|2.878448e-05|
| 175 |True   |  343  |9.820424e-06|1.020502e-05|3.106023e-11|2.547275e-05|
| 174 |True   |  346  |9.931326e-06|1.031592e-05|3.136065e-11|2.496251e-05|
| 178 |True   |  343  |9.977455e-06|1.036205e-05|3.682368e-11|2.883448e-05|
| 176 |True   |  372  |9.903533e-06|1.051766e-05|7.085260e-12|3.221702e-09|
| 172 |True   |  366  |9.822410e-06|1.038104e-05|6.643903e-12|1.558205e-09|
| 179 |True   |  384  |9.745866e-06|1.024823e-05|4.444676e-12|1.507163e-09|
| 177 |True   |  345  |9.846542e-06|1.023114e-05|2.954600e-11|2.497598e-05|
| 181 |True   |  358  |9.901999e-06|1.061394e-05|7.767791e-10|3.329871e-05|
| 180 |True   |  377  |9.865674e-06|1.039575e-05|3.307562e-12|8.792945e-10|
| 182 |True   |  341  |9.870634e-06|1.025521e-05|5.326002e-11|3.835637e-05|
| 184 |True   |  342  |9.893019e-06|1.090103e-05|2.130458e-11|1.441837e-05|
| 186 |True   |  369  |9.797053e-06|1.092960e-05|5.492434e-12|6.016421e-10|
| 183 |True   |  345  |9.925469e-06|1.031007e-05|3.075616e-11|2.494273e-05|
| 185 |True   |  380  |9.929629e-06|1.042074e-05|3.552363e-12|3.472928e-10|
| 188 |True   |  375  |9.842721e-06|1.038941e-05|5.608781e-12|4.929035e-10|
| 187 |True   |  338  |9.979769e-06|1.041997e-05|3.216788e-11|2.497144e-05|
| 189 |True   |  370  |9.798304e-06|1.057781e-05|2.955918e-12|8.068802e-10|
| 191 |True   |  356  |9.931176e-06|1.031577e-05|3.605370e-11|2.884033e-05|
| 190 |True   |  367  |9.880065e-06|1.049241e-05|6.281536e-12|5.614677e-10|
| 192 |True   |  341  |9.890309e-06|1.041140e-05|4.115738e-11|3.093121e-05|
| 195 |True   |  354  |9.816441e-06|1.059866e-05|1.227038e-10|3.223214e-05|
| 193 |True   |  344  |9.979543e-06|1.036415e-05|3.672471e-11|2.879899e-05|
| 197 |True   |  350  |9.899943e-06|1.028454e-05|3.057692e-11|2.497396e-05|
| 196 |True   |  375  |9.922638e-06|1.038309e-05|7.644193e-10|2.027819e-05|
| 198 |True   |  363  |9.963969e-06|1.081675e-05|3.537088e-12|6.613744e-10|
| 194 |True   |  339  |9.812978e-06|1.020660e-05|3.418384e-11|2.878696e-05|
| 202 |True   |  376  |9.751705e-06|1.118459e-05|4.773003e-12|4.795127e-10|
| 199 |True   |  373  |9.800149e-06|1.035100e-05|3.166028e-12|4.241374e-10|
| 205 |True   |  342  |9.796982e-06|1.018158e-05|3.378149e-11|2.884654e-05|
| 206 |True   |  370  |9.819965e-06|1.023421e-05|2.422566e-12|7.312628e-10|
| 207 |True   |  375  |9.788292e-06|1.042169e-05|3.437458e-12|6.687954e-10|
| 208 |True   |  364  |9.707959e-06|1.036838e-05|6.956634e-12|2.760410e-09|
| 200 |True   |  380  |9.786105e-06|1.045136e-05|3.725895e-12|1.853106e-09|
| 203 |True   |  356  |9.892504e-06|1.028131e-05|1.112399e-10|2.882085e-05|
| 204 |True   |  365  |9.952370e-06|1.064558e-05|4.349310e-12|8.902226e-10|
| 209 |True   |  375  |9.750000e-06|1.058977e-05|3.750052e-12|3.846907e-10|
| 210 |True   |  346  |9.851618e-06|1.023622e-05|2.449222e-11|2.039495e-05|
| 211 |True   |  367  |9.952405e-06|1.038107e-05|9.472598e-10|2.513623e-05|
| 213 |True   |  367  |9.964803e-06|1.065829e-05|2.294697e-12|3.941347e-10|
| 212 |True   |  344  |9.965808e-06|1.035040e-05|3.629691e-11|2.751650e-05|
| 214 |True   |  353  |9.973139e-06|1.036158e-05|1.552979e-10|3.545660e-05|
| 201 |True   | 1031  |9.924109e-06|1.053209e-05|4.934909e-10|1.440709e-05|
| 216 |True   |  367  |9.608406e-06|1.105982e-05|3.971356e-12|7.458465e-10|
| 215 |True   |  344  |9.767424e-06|1.015201e-05|4.405256e-11|3.522649e-05|
| 218 |True   |  359  |9.760399e-06|1.062623e-05|9.394839e-10|3.073926e-05|
| 217 |True   |  343  |9.800606e-06|1.018520e-05|3.730542e-11|3.016811e-05|
| 219 |True   |  360  |9.729856e-06|1.011445e-05|3.918390e-11|3.214473e-05|
| 220 |True   |  342  |9.875054e-06|1.025964e-05|4.044646e-11|3.223689e-05|
| 223 |True   |  337  |9.975860e-06|1.054569e-05|4.196699e-11|3.206510e-05|
| 221 |True   |  381  |9.949212e-06|1.043060e-05|3.214512e-12|1.291922e-09|
| 222 |True   |  344  |9.985526e-06|1.037013e-05|3.198856e-11|2.474578e-05|
| 224 |True   |  347  |9.808567e-06|1.019317e-05|3.244871e-11|2.708341e-05|
| 225 |True   |  347  |9.973965e-06|1.035855e-05|4.203852e-11|3.223194e-05|
| 227 |True   |  477  |9.779749e-06|1.018938e-05|6.720871e-10|2.894559e-05|
| 230 |True   |  365  |9.884441e-06|1.029401e-05|6.061192e-10|2.215681e-05|
| 229 |True   |  364  |9.993767e-06|1.076329e-05|5.079510e-10|2.040807e-05|
| 231 |True   |  360  |9.734419e-06|1.046802e-05|3.750029e-10|3.223723e-05|
| 226 |True   |  376  |9.808839e-06|1.041619e-05|5.985271e-12|5.383661e-09|
| 228 |True   |  347  |9.878649e-06|1.026325e-05|3.196784e-11|2.544383e-05|
| 234 |True   |  346  |9.898687e-06|1.028328e-05|3.045886e-11|2.498533e-05|
| 235 |True   |  336  |9.867771e-06|1.047571e-05|2.494658e-11|2.035343e-05|
| 232 |True   |  369  |9.946477e-06|1.071144e-05|3.401571e-12|5.813014e-10|
| 237 |True   |  338  |9.896845e-06|1.045866e-05|3.055795e-11|2.497752e-05|
| 233 |True   |  367  |9.629516e-06|1.028130e-05|4.167059e-12|4.554035e-10|
| 236 |True   |  362  |9.977892e-06|1.093192e-05|4.526109e-12|1.578875e-09|
| 239 |True   |  348  |9.867328e-06|1.037069e-05|5.747258e-11|3.963803e-05|
| 238 |True   |  370  |9.960777e-06|1.050482e-05|4.523915e-12|7.551856e-10|
| 242 |True   |  377  |9.806170e-06|1.044934e-05|2.629965e-12|2.330160e-10|
| 241 |True   |  337  |9.811678e-06|1.048484e-05|3.514838e-11|2.897409e-05|
| 240 |True   |  370  |9.990325e-06|1.044152e-05|2.128987e-12|1.873810e-10|
| 245 |True   |  358  |9.782623e-06|1.080575e-05|9.939606e-12|5.264849e-10|
| 243 |True   |  362  |9.885934e-06|1.109057e-05|2.262820e-12|3.787368e-10|
| 244 |True   |  341  |9.892337e-06|1.058076e-05|3.025850e-11|2.497498e-05|
| 248 |True   |  374  |9.737924e-06|1.032353e-05|3.692576e-12|1.171900e-09|
| 247 |True   |  353  |9.826721e-06|1.021134e-05|2.405548e-11|2.040287e-05|
| 249 |True   |  357  |9.932529e-06|1.068603e-05|1.098640e-10|2.497788e-05|
| 250 |True   |  404  |9.917613e-06|1.043718e-05|3.883331e-12|6.636446e-10|
| 252 |True   |  356  |9.963200e-06|1.035368e-05|2.108540e-10|3.275580e-05|
| 251 |True   |  340  |9.945601e-06|1.053136e-05|3.622544e-11|2.882757e-05|
| 253 |True   |  366  |9.957928e-06|1.066340e-05|4.116778e-12|5.551542e-10|
| 254 |True   |  364  |9.793697e-06|1.045920e-05|3.108994e-12|6.376757e-10|
| 255 |True   |  343  |9.911529e-06|1.029612e-05|3.807645e-11|2.953526e-05|
| 257 |True   |  347  |9.992785e-06|1.037739e-05|2.710638e-11|2.039720e-05|
| 256 |True   |  367  |9.899383e-06|1.074527e-05|7.105298e-12|4.057868e-09|
| 258 |True   |  374  |9.901422e-06|1.040674e-05|4.585155e-12|8.532094e-10|
| 246 |True   | 1493  |9.892274e-06|1.079903e-05|2.219828e-10|1.436252e-05|
| 259 |True   |  376  |9.768642e-06|1.039615e-05|3.771854e-12|5.042542e-10|
| 260 |True   |  370  |9.623265e-06|1.053696e-05|3.321375e-12|4.104667e-10|
| 263 |True   |  348  |9.954836e-06|1.033944e-05|2.631118e-11|2.039527e-05|
| 262 |True   |  389  |9.844651e-06|1.026365e-05|9.763144e-10|2.877697e-05|
| 261 |True   |  508  |9.840770e-06|1.066977e-05|3.076250e-12|7.097317e-10|
| 265 |True   |  367  |9.974921e-06|1.044369e-05|3.284948e-12|4.799521e-10|
| 264 |True   |  365  |9.896083e-06|1.029368e-05|3.625699e-10|2.882476e-05|
| 266 |True   |  336  |9.868796e-06|1.045315e-05|4.248544e-11|3.290663e-05|
| 267 |True   |  356  |9.810276e-06|1.055468e-05|2.547941e-10|3.222241e-05|
| 268 |True   |  335  |9.983296e-06|1.106622e-05|3.695267e-11|2.880867e-05|
| 270 |True   |  393  |9.770872e-06|1.018303e-05|9.036977e-10|3.201404e-05|
| 269 |True   |  342  |9.886851e-06|1.027143e-05|4.594844e-11|3.516144e-05|
| 272 |True   |  362  |9.942609e-06|1.123211e-05|4.875559e-12|2.856651e-10|
| 273 |True   |  350  |9.840973e-06|1.022557e-05|3.224718e-11|2.618892e-05|
| 271 |True   |  432  |9.879041e-06|1.053595e-05|8.372863e-10|2.498828e-05|
| 276 |True   |  377  |9.825537e-06|1.042792e-05|9.368426e-10|2.024797e-05|
| 274 |True   |  364  |9.839053e-06|1.095358e-05|5.299755e-12|3.449671e-10|
| 275 |True   |  358  |9.846825e-06|1.023143e-05|2.450059e-11|2.039796e-05|
| 278 |True   |  370  |9.880903e-06|1.048361e-05|9.952818e-10|2.028077e-05|
| 280 |True   |  341  |9.854071e-06|1.025412e-05|3.472505e-11|2.887242e-05|
| 277 |True   |  341  |9.709308e-06|1.009389e-05|4.319181e-11|3.505231e-05|
| 279 |True   |  364  |9.935561e-06|1.046493e-05|5.456992e-10|1.443132e-05|
| 283 |True   |  366  |9.782874e-06|1.083462e-05|7.384344e-10|3.811186e-05|
| 281 |True   |  377  |9.980671e-06|1.075525e-05|7.580418e-10|3.211321e-05|
| 284 |True   |  350  |9.820022e-06|1.020462e-05|2.892555e-11|2.497463e-05|
| 285 |True   |  370  |9.845003e-06|1.055059e-05|4.104417e-12|1.363910e-09|
| 286 |True   |  338  |9.785854e-06|1.017052e-05|3.221812e-11|2.758286e-05|
| 282 |True   |  481  |9.948907e-06|1.043004e-05|4.416714e-12|1.828710e-09|
| 288 |True   |  346  |9.951974e-06|1.033656e-05|3.647037e-11|2.883245e-05|
| 287 |True   |  347  |9.953325e-06|1.033791e-05|3.675825e-11|2.883942e-05|
| 290 |True   |  372  |9.922220e-06|1.040981e-05|9.287593e-12|1.234233e-09|
| 291 |True   |  374  |9.973221e-06|1.065475e-05|7.474948e-12|6.893970e-10|
| 293 |True   |  372  |9.935255e-06|1.081081e-05|3.091714e-12|4.362116e-10|
| 295 |True   |  338  |9.930857e-06|1.031546e-05|2.635280e-11|2.037550e-05|
| 298 |True   |  362  |9.681454e-06|1.041205e-05|7.030448e-12|7.786090e-10|
| 297 |True   |  374  |9.927661e-06|1.064012e-05|2.653605e-12|2.294865e-09|
| 292 |True   |  369  |9.795832e-06|1.031998e-05|5.768879e-12|6.063605e-10|
| 299 |True   |  344  |9.814690e-06|1.019928e-05|3.370497e-11|2.814820e-05|
| 294 |True   |  382  |9.890208e-06|1.081750e-05|5.906574e-10|2.015891e-05|
| 300 |True   |  354  |9.990557e-06|1.236128e-05|6.812953e-12|5.702848e-10|
| 296 |True   |  362  |9.982346e-06|1.071332e-05|5.467620e-12|1.540951e-08|
| 301 |True   |  355  |9.980675e-06|1.070780e-05|4.513215e-10|3.004618e-05|
| 302 |True   |  336  |9.999849e-06|1.055375e-05|3.768497e-11|2.885836e-05|
| 303 |True   |  355  |9.891858e-06|1.027646e-05|2.783036e-11|2.132492e-05|
| 306 |True   |  340  |9.856879e-06|1.024148e-05|3.002269e-11|2.496396e-05|
| 308 |True   |  365  |9.846490e-06|1.033365e-05|5.580265e-12|8.845516e-10|
| 304 |True   |  679  |9.981916e-06|1.036651e-05|3.194443e-11|2.495842e-05|
| 310 |True   |  340  |9.835385e-06|1.021999e-05|2.432475e-11|2.037889e-05|
| 307 |True   |  339  |9.922595e-06|1.039644e-05|3.598425e-11|2.883098e-05|
| 311 |True   |  381  |9.832476e-06|1.026367e-05|2.567594e-12|7.655685e-10|
| 305 |True   |  391  |9.847122e-06|1.034127e-05|3.952450e-12|5.091576e-10|
| 313 |True   |  362  |9.890467e-06|1.055521e-05|5.890463e-12|1.225649e-09|
| 309 |True   |  374  |9.794122e-06|1.037016e-05|4.029125e-12|2.992993e-10|
| 312 |True   |  362  |9.891970e-06|1.037149e-05|1.075022e-11|2.114557e-09|
| 314 |True   |  337  |9.838499e-06|1.022308e-05|3.988865e-11|3.220308e-05|
| 316 |True   |  344  |9.829108e-06|1.021380e-05|3.712549e-11|3.318956e-05|
| 315 |True   |  359  |9.940338e-06|1.082216e-05|6.357955e-10|2.097303e-05|
| 318 |True   |  369  |9.732666e-06|1.097152e-05|3.112438e-12|1.484104e-09|
| 317 |True   |  337  |9.905398e-06|1.028999e-05|4.124048e-11|3.151615e-05|
| 320 |True   |  362  |9.791856e-06|1.059304e-05|6.014058e-10|2.882521e-05|
| 323 |True   |  382  |9.779840e-06|1.083059e-05|2.556986e-12|7.150577e-10|
| 324 |True   |  368  |9.856796e-06|1.027066e-05|7.693816e-10|2.878144e-05|
| 319 |True   |  374  |9.940006e-06|1.094729e-05|4.186247e-12|5.330225e-09|
| 322 |True   |  569  |9.870159e-06|1.291634e-05|8.572830e-12|1.116441e-09|
| 325 |True   |  345  |9.941373e-06|1.032597e-05|3.156412e-11|2.496912e-05|
| 326 |True   |  362  |9.875672e-06|1.027339e-05|5.917002e-10|3.547535e-05|
| 321 |True   |  349  |9.958810e-06|1.034341e-05|2.642166e-11|2.039621e-05|
| 328 |True   |  359  |9.880678e-06|1.076181e-05|7.020381e-10|2.483490e-05|
| 329 |True   |  371  |9.825744e-06|1.033976e-05|3.356149e-12|3.958116e-10|
| 330 |True   |  345  |9.930081e-06|1.031465e-05|5.212265e-11|3.802889e-05|
| 327 |True   |  345  |9.843457e-06|1.022805e-05|3.530596e-11|2.872759e-05|
| 331 |True   |  365  |9.756839e-06|1.026727e-05|4.527236e-12|5.761182e-10|
| 332 |True   |  385  |9.784117e-06|1.040646e-05|7.832485e-12|5.910621e-10|
| 333 |True   |  372  |9.819378e-06|1.041894e-05|4.534974e-12|6.735578e-10|
| 334 |True   |  343  |9.839191e-06|1.022379e-05|2.814751e-11|2.265476e-05|
| 335 |True   |  349  |9.973234e-06|1.035783e-05|3.180644e-11|2.497782e-05|
| 337 |True   |  346  |9.876869e-06|1.026149e-05|2.998822e-11|2.494368e-05|
| 340 |True   |  344  |9.901344e-06|1.028593e-05|3.566511e-11|2.883508e-05|
| 341 |True   |  345  |9.737343e-06|1.012194e-05|3.544703e-11|2.960014e-05|
| 336 |True   |  340  |9.960868e-06|1.038061e-05|3.577666e-11|2.746170e-05|
| 339 |True   |  379  |9.646477e-06|1.055816e-05|2.481520e-12|2.783608e-10|
| 338 |True   |  373  |9.761851e-06|1.040417e-05|4.981332e-12|6.962360e-10|
| 343 |True   |  407  |9.790871e-06|1.033823e-05|4.406106e-12|1.558368e-09|
| 342 |True   |  364  |9.907146e-06|1.056592e-05|7.449333e-10|2.497764e-05|
| 347 |True   |  347  |9.773080e-06|1.015767e-05|3.565930e-11|2.943445e-05|
| 346 |True   |  382  |9.960074e-06|1.038727e-05|4.008066e-12|2.257812e-09|
| 348 |True   |  375  |9.672825e-06|1.037776e-05|8.434314e-10|3.530275e-05|
| 351 |True   |  388  |9.839697e-06|1.064767e-05|3.544547e-12|1.908301e-09|
| 344 |True   |  348  |9.804229e-06|1.018882e-05|3.735688e-11|3.033869e-05|
| 352 |True   |  369  |9.761051e-06|1.040894e-05|9.273003e-10|2.497872e-05|
| 345 |True   |  398  |9.866158e-06|1.051431e-05|8.657943e-12|1.457618e-08|
| 349 |True   |  357  |9.939054e-06|1.069811e-05|2.515524e-10|2.498306e-05|
| 354 |True   |  365  |9.828598e-06|1.043758e-05|5.375624e-12|6.263910e-10|
| 353 |True   |  373  |9.902144e-06|1.052246e-05|2.389106e-12|7.186981e-10|
| 355 |True   |  374  |9.919079e-06|1.047962e-05|8.724957e-10|2.039548e-05|
| 350 |True   |  458  |9.860094e-06|1.024470e-05|2.962413e-11|2.496714e-05|
| 356 |True   |  347  |9.727432e-06|1.011202e-05|4.091110e-11|3.313146e-05|
| 358 |True   |  368  |9.747122e-06|1.023839e-05|5.718400e-12|6.390245e-10|
| 289 |True   | 4447  |9.886350e-06|1.027096e-05|2.127056e-11|1.442258e-05|
| 361 |True   |  341  |9.990167e-06|1.037475e-05|4.090752e-11|2.978360e-05|
| 357 |True   |  368  |9.876704e-06|1.031266e-05|6.717043e-10|2.028742e-05|
| 363 |True   |  339  |9.818688e-06|1.020329e-05|2.943034e-11|2.498300e-05|
| 362 |True   |  361  |9.763765e-06|1.051119e-05|7.757419e-10|3.220815e-05|
| 359 |True   |  335  |9.810921e-06|1.077785e-05|3.923448e-11|3.223957e-05|
| 365 |True   |  360  |9.800214e-06|1.037393e-05|7.072743e-12|4.790892e-10|
| 360 |True   |  341  |9.952406e-06|1.033701e-05|2.640875e-11|2.036406e-05|
| 366 |True   |  360  |9.774041e-06|1.107274e-05|4.733900e-12|5.306974e-10|
| 367 |True   |  372  |9.807798e-06|1.035676e-05|4.405249e-12|4.318794e-10|
| 364 |True   |  369  |9.787206e-06|1.021460e-05|8.875142e-10|2.502073e-05|
| 368 |True   |  372  |9.721708e-06|1.016676e-05|5.427418e-12|2.035001e-08|
| 371 |True   |  364  |9.981429e-06|1.047107e-05|8.909514e-10|2.039471e-05|
| 370 |True   |  370  |9.897955e-06|1.052169e-05|3.995117e-12|1.573365e-09|
| 372 |True   |  363  |9.857824e-06|1.056679e-05|7.581965e-12|5.016244e-10|
| 375 |True   |  344  |9.978065e-06|1.036267e-05|3.159713e-11|2.492410e-05|
| 376 |True   |  336  |9.916579e-06|1.049013e-05|4.309265e-11|3.264570e-05|
| 369 |True   |  387  |9.817056e-06|1.023860e-05|3.478107e-12|3.425947e-09|
| 373 |True   |  347  |9.884873e-06|1.026946e-05|4.072474e-11|3.223448e-05|
| 381 |True   |  339  |9.870326e-06|1.064939e-05|2.557000e-11|2.039720e-05|
| 380 |True   |  369  |9.737247e-06|1.049233e-05|1.396164e-10|3.530572e-05|
| 374 |True   |  349  |9.905577e-06|1.029018e-05|2.379460e-11|1.612779e-05|
| 378 |True   |  568  |9.822114e-06|1.028540e-05|4.499410e-11|3.525922e-05|
| 382 |True   |  370  |9.724046e-06|1.044425e-05|4.755584e-10|2.891204e-05|
| 377 |True   |  336  |9.735804e-06|1.024086e-05|3.881827e-11|3.217681e-05|
| 379 |True   |  799  |9.966036e-06|1.041574e-05|3.524155e-10|1.440822e-05|
| 386 |True   |  364  |9.802869e-06|1.034779e-05|8.918900e-10|2.039398e-05|
| 384 |True   |  364  |9.913475e-06|1.057350e-05|4.840445e-12|5.306141e-10|
| 387 |True   |  366  |9.981013e-06|1.090303e-05|3.593713e-12|5.633507e-10|
| 389 |True   |  346  |9.851051e-06|1.023565e-05|2.955913e-11|2.494910e-05|
| 383 |True   |  875  |9.954691e-06|1.033930e-05|2.285664e-11|1.445511e-05|
| 385 |True   |  358  |9.962582e-06|1.087932e-05|4.168836e-12|1.783796e-09|
| 388 |True   |  344  |9.995703e-06|1.038029e-05|3.797152e-11|2.889314e-05|
| 392 |True   |  367  |9.931077e-06|1.077078e-05|3.579495e-12|3.087692e-10|
| 390 |True   |  378  |9.834265e-06|1.028319e-05|2.953662e-12|1.178660e-09|
| 394 |True   |  346  |9.902489e-06|1.028709e-05|3.031717e-11|2.498061e-05|
| 391 |True   |  342  |9.956805e-06|1.072151e-05|4.298305e-11|2.944885e-05|
| 397 |True   |  338  |9.876084e-06|1.060807e-05|3.003687e-11|2.497873e-05|
| 395 |True   |  355  |9.720116e-06|1.046718e-05|2.183722e-10|3.217561e-05|
| 396 |True   |  362  |9.775469e-06|1.104684e-05|4.587398e-12|4.971412e-10|
| 400 |True   |  342  |9.772391e-06|1.015699e-05|3.859968e-11|3.185337e-05|
| 399 |True   |  364  |9.960876e-06|1.036639e-05|2.278252e-12|1.094884e-08|
| 404 |True   |  348  |9.945310e-06|1.032991e-05|2.702745e-11|2.039709e-05|
| 406 |True   |  338  |9.833515e-06|1.032780e-05|2.929209e-11|2.497011e-05|
| 405 |True   |  401  |9.656041e-06|1.021518e-05|6.406124e-12|1.025533e-09|
| 402 |True   |  363  |9.778049e-06|1.017379e-05|3.083594e-10|2.889081e-05|
| 398 |True   |  407  |9.746109e-06|1.038983e-05|3.130803e-12|1.505973e-08|
| 401 |True   |  343  |9.999016e-06|1.038360e-05|3.718163e-11|2.882272e-05|
| 403 |True   |  337  |9.997049e-06|1.071022e-05|2.759798e-11|2.035759e-05|
| 393 |True   | 1518  |9.979150e-06|1.078286e-05|8.786832e-10|3.656914e-06|
| 407 |True   |  369  |9.960356e-06|1.040248e-05|4.190453e-12|8.912255e-10|
| 408 |True   |  372  |9.865061e-06|1.036894e-05|3.717707e-12|3.266421e-09|
| 410 |True   |  334  |9.741726e-06|1.098368e-05|4.368427e-11|3.530039e-05|
| 409 |True   |  358  |9.680004e-06|1.051316e-05|4.862853e-12|1.328946e-09|
| 411 |True   |  358  |9.822698e-06|1.072062e-05|3.045331e-12|5.675568e-10|
| 416 |True   |  343  |9.893474e-06|1.027807e-05|3.612622e-11|2.883435e-05|
| 417 |True   |  386  |9.925936e-06|1.072266e-05|9.335893e-10|2.865405e-05|
| 418 |True   |  338  |9.865266e-06|1.024988e-05|3.456718e-11|2.885875e-05|
| 415 |True   |  470  |9.842539e-06|1.260143e-05|1.436299e-11|1.574569e-09|
| 420 |True   |  334  |9.985479e-06|1.040259e-05|3.275037e-11|2.529303e-05|
| 413 |True   |  376  |9.859605e-06|1.048645e-05|4.671854e-12|7.267366e-10|
| 421 |True   |  338  |9.829500e-06|1.021409e-05|3.978101e-11|3.219186e-05|
| 414 |True   |  344  |9.992499e-06|1.037710e-05|3.255559e-11|2.497653e-05|
| 412 |True   |  463  |9.877209e-06|1.026180e-05|4.053035e-11|3.224168e-05|
| 419 |True   |  367  |9.987487e-06|1.071777e-05|2.748194e-12|8.327411e-10|
| 422 |True   |  372  |9.996576e-06|1.056613e-05|4.142097e-12|8.491029e-10|
| 424 |True   |  340  |9.865317e-06|1.024991e-05|3.497707e-11|2.871611e-05|
| 423 |True   |  363  |9.831781e-06|1.086996e-05|8.139204e-10|3.809365e-05|
| 426 |True   |  366  |9.994555e-06|1.047385e-05|4.850954e-12|4.356484e-10|
| 430 |True   |  343  |9.852924e-06|1.023753e-05|2.591304e-11|2.082513e-05|
| 425 |True   |  348  |9.860169e-06|1.024477e-05|2.960427e-11|2.497686e-05|
| 428 |True   |  356  |9.996700e-06|1.081509e-05|3.660719e-10|2.882425e-05|
| 427 |True   |  358  |9.735148e-06|1.051779e-05|4.487202e-10|3.241441e-05|
| 431 |True   |  352  |9.973310e-06|1.072244e-05|4.112575e-10|4.160105e-05|
| 432 |True   |  370  |9.742304e-06|1.038503e-05|3.328134e-12|4.104820e-10|
| 429 |True   |  337  |9.835258e-06|1.040211e-05|3.974102e-11|3.222828e-05|
| 433 |True   |  367  |9.848863e-06|1.026508e-05|2.562591e-12|1.082922e-09|
| 434 |True   |  338  |9.778459e-06|1.034850e-05|2.873528e-11|2.497009e-05|
| 436 |True   |  362  |9.947096e-06|1.062228e-05|2.375273e-12|2.609762e-10|
| 438 |True   |  358  |9.813638e-06|1.020027e-05|3.822718e-11|2.511332e-05|
| 440 |True   |  348  |9.959045e-06|1.034364e-05|3.165945e-11|2.496678e-05|
| 435 |True   |  349  |9.953487e-06|1.033809e-05|2.731650e-11|2.061345e-05|
| 441 |True   |  346  |9.827013e-06|1.021161e-05|3.437052e-11|2.880012e-05|
| 443 |True   |  341  |9.907819e-06|1.029241e-05|3.548470e-11|2.734717e-05|
| 444 |True   |  399  |9.916072e-06|1.067915e-05|1.982836e-12|8.816021e-09|
| 437 |True   |  338  |9.853477e-06|1.023807e-05|3.364509e-11|2.755199e-05|
| 439 |True   |  344  |9.991968e-06|1.037657e-05|3.185591e-11|2.497555e-05|
| 445 |True   |  358  |9.924829e-06|1.030942e-05|4.109085e-11|3.218093e-05|
| 442 |True   |  348  |9.740756e-06|1.012535e-05|3.828377e-11|3.224223e-05|
| 447 |True   |  365  |9.929077e-06|1.095130e-05|6.139148e-12|7.835613e-10|
| 449 |True   |  340  |9.807019e-06|1.019161e-05|4.166134e-11|3.291470e-05|
| 450 |True   |  351  |9.871502e-06|1.025610e-05|2.982960e-11|2.498018e-05|
| 446 |True   |  651  |9.933034e-06|1.040582e-05|5.951138e-11|4.088562e-05|
| 451 |True   |  348  |9.838070e-06|1.113660e-05|9.890584e-11|3.029831e-05|
| 448 |True   |  341  |9.938625e-06|1.032320e-05|4.683644e-11|3.527781e-05|
| 454 |True   |  395  |9.735798e-06|1.024882e-05|6.994514e-12|2.291380e-09|
| 456 |True   |  377  |9.939472e-06|1.069372e-05|4.464005e-12|1.861993e-10|
| 452 |True   |  364  |9.607639e-06|1.059399e-05|2.853743e-12|3.394687e-10|
| 458 |True   |  347  |9.789445e-06|1.017404e-05|2.880973e-11|2.495282e-05|
| 457 |True   |  503  |9.801651e-06|1.077338e-05|3.461694e-12|1.020616e-09|
| 453 |True   |  361  |9.656105e-06|1.040114e-05|4.985732e-12|7.318919e-10|
| 459 |True   |  362  |9.921635e-06|1.088111e-05|2.296901e-12|1.976086e-10|
| 460 |True   |  363  |9.679693e-06|1.037965e-05|7.975343e-10|3.209821e-05|
| 455 |True   |  356  |9.920234e-06|1.107804e-05|1.199497e-11|1.007024e-09|
| 462 |True   |  471  |9.916942e-06|1.031144e-05|7.269548e-11|1.442818e-05|
| 463 |True   |  343  |9.840367e-06|1.022496e-05|2.943179e-11|2.497746e-05|
| 466 |True   |  344  |9.990901e-06|1.037551e-05|2.745179e-11|2.039955e-05|
| 468 |True   |  337  |9.906487e-06|1.030161e-05|3.981930e-11|3.101560e-05|
| 465 |True   |  421  |9.959902e-06|1.045885e-05|6.710174e-12|1.421664e-08|
| 461 |True   |  377  |9.830777e-06|1.037044e-05|4.501462e-12|4.125885e-10|
| 469 |True   |  342  |9.998214e-06|1.038280e-05|4.246565e-11|3.219326e-05|
| 467 |True   |  369  |9.778516e-06|1.068676e-05|5.821060e-10|2.040913e-05|
| 464 |True   |  372  |9.936923e-06|1.060654e-05|6.496159e-12|5.208793e-10|
| 471 |True   |  367  |9.934463e-06|1.045532e-05|8.403021e-12|4.755628e-10|
| 470 |True   |  349  |9.830035e-06|1.021463e-05|3.468127e-11|2.881412e-05|
| 472 |True   |  342  |9.769442e-06|1.015404e-05|3.858268e-11|3.211566e-05|
| 473 |True   |  382  |9.977186e-06|1.065572e-05|3.723762e-12|7.098929e-10|
| 474 |True   |  365  |9.806413e-06|1.019103e-05|3.869877e-11|3.135768e-05|
| 477 |True   |  346  |9.825409e-06|1.021000e-05|3.085932e-11|2.537129e-05|
| 479 |True   |  388  |9.879000e-06|1.032379e-05|2.438548e-12|5.944795e-10|
| 480 |True   |  350  |9.831889e-06|1.021650e-05|4.255209e-11|3.359109e-05|
| 475 |True   |  379  |9.954695e-06|1.044464e-05|4.834577e-12|1.417244e-08|
| 476 |True   |  351  |9.974164e-06|1.072429e-05|4.629824e-11|2.909162e-05|
| 478 |True   |  366  |9.842088e-06|1.033968e-05|5.784604e-12|1.067945e-09|
| 483 |True   |  349  |9.972980e-06|1.035757e-05|3.689278e-11|2.881566e-05|
| 482 |True   |  376  |9.910494e-06|1.042591e-05|4.583535e-12|5.943990e-10|
| 484 |True   |  360  |9.941410e-06|1.033060e-05|1.625729e-10|3.360198e-05|
| 485 |True   |  363  |9.868259e-06|1.040644e-05|7.884180e-10|2.482131e-05|
| 487 |True   |  337  |9.955230e-06|1.089056e-05|3.153343e-11|2.496395e-05|
| 481 |True   |  333  |9.812294e-06|1.029769e-05|4.423915e-11|3.509792e-05|
| 486 |True   |  360  |9.949875e-06|1.068698e-05|6.147534e-10|4.118186e-05|
| 488 |True   |  349  |9.897344e-06|1.028194e-05|3.035364e-11|2.497709e-05|
| 492 |True   |  344  |9.862686e-06|1.024727e-05|4.596825e-11|3.525141e-05|
| 493 |True   |  373  |9.895510e-06|1.038215e-05|3.349662e-12|1.022553e-09|
| 494 |True   |  336  |9.880900e-06|1.094893e-05|3.004715e-11|2.496862e-05|
| 495 |True   |  351  |9.797934e-06|1.018253e-05|2.693921e-11|2.175433e-05|
| 490 |True   |  344  |9.795308e-06|1.017988e-05|4.693949e-11|3.583992e-05|
| 497 |True   |  430  |9.731301e-06|1.035654e-05|5.117997e-12|3.528833e-09|
| 498 |True   |  344  |9.824722e-06|1.020932e-05|3.447571e-11|2.883416e-05|
| 491 |True   |  567  |9.815338e-06|1.141590e-05|1.028284e-11|1.138243e-07|
| 500 |True   |  367  |9.720878e-06|1.042323e-05|6.013465e-10|2.852142e-05|
| 496 |True   |  364  |9.856845e-06|1.053052e-05|2.392438e-12|3.024071e-10|
| 501 |True   |  404  |9.999194e-06|1.097274e-05|2.478563e-12|1.331301e-09|
| 489 |True   |  774  |9.996167e-06|1.038077e-05|2.777781e-11|2.039356e-05|
| 502 |True   |  368  |9.660942e-06|1.033960e-05|3.262032e-12|7.248223e-10|
| 504 |True   |  352  |9.825670e-06|1.079207e-05|7.536492e-11|2.039411e-05|
| 505 |True   |  358  |9.800054e-06|1.062842e-05|4.742576e-10|2.882956e-05|
| 503 |True   |  360  |9.785943e-06|1.053616e-05|2.349007e-12|3.693739e-09|
| 507 |True   |  362  |9.995450e-06|1.110112e-05|5.414523e-12|7.697662e-10|
| 509 |True   |  343  |9.796069e-06|1.018066e-05|3.411852e-11|2.880706e-05|
| 506 |True   |  360  |9.838890e-06|1.042090e-05|3.634187e-12|2.601771e-09|
| 499 |True   | 1105  |9.939068e-06|1.145379e-05|9.099201e-10|1.170901e-05|
| 508 |True   |  366  |9.912701e-06|1.057154e-05|4.290563e-12|3.741211e-10|
| 512 |True   |  366  |9.749554e-06|1.039247e-05|6.975810e-12|5.142164e-10|
| 513 |True   |  369  |9.901939e-06|1.056002e-05|2.244179e-12|1.611090e-09|
| 511 |True   |  392  |9.928620e-06|1.038567e-05|7.422020e-10|2.040121e-05|
| 514 |True   |  345  |9.939231e-06|1.032381e-05|4.891391e-11|3.556143e-05|
| 510 |True   |  368  |9.738152e-06|1.081086e-05|2.249471e-12|5.527950e-10|
| 516 |True   |  341  |9.988686e-06|1.037328e-05|3.725674e-11|2.882741e-05|
| 518 |True   |  342  |9.800737e-06|1.018533e-05|3.403355e-11|2.882835e-05|
| 517 |True   |  343  |9.829813e-06|1.021441e-05|2.911495e-11|2.496596e-05|
| 515 |True   |  356  |9.918564e-06|1.062878e-05|2.593582e-10|2.039808e-05|
| 520 |True   |  368  |9.937497e-06|1.062273e-05|7.452955e-10|2.878079e-05|
| 521 |True   |  341  |9.780800e-06|1.016539e-05|3.961016e-11|3.226563e-05|
| 519 |True   |  366  |9.914964e-06|1.033656e-05|4.696530e-10|2.038990e-05|
| 526 |True   |  346  |9.969198e-06|1.035379e-05|3.392802e-11|2.571658e-05|
| 527 |True   |  342  |9.993035e-06|1.037763e-05|3.496189e-11|2.600478e-05|
| 522 |True   |  364  |9.851507e-06|1.045772e-05|4.414779e-12|3.812518e-10|
| 529 |True   |  336  |9.731501e-06|1.016251e-05|3.881293e-11|3.228332e-05|
| 530 |True   |  345  |9.929071e-06|1.031367e-05|3.088371e-11|2.496588e-05|
| 523 |True   |  343  |9.925365e-06|1.030997e-05|2.581134e-11|2.039762e-05|
| 524 |True   |  347  |9.893026e-06|1.027762e-05|3.038061e-11|2.497282e-05|
| 531 |True   |  403  |9.853715e-06|1.059061e-05|5.860187e-10|2.916359e-05|
| 525 |True   | 1012  |9.816998e-06|1.041413e-05|7.139107e-10|2.021809e-05|
| 528 |True   |  452  |9.788063e-06|1.017264e-05|4.462402e-11|3.528593e-05|
| 532 |True   |  373  |9.913604e-06|1.046688e-05|3.174090e-12|2.953283e-10|
| 533 |True   |  345  |9.742648e-06|1.012724e-05|3.869279e-11|3.213694e-05|
| 536 |True   |  364  |9.985279e-06|1.050396e-05|3.353304e-12|8.441025e-10|
| 534 |True   |  367  |9.996887e-06|1.043395e-05|9.298746e-10|2.483690e-05|
| 535 |True   |  372  |9.778395e-06|1.020934e-05|2.744238e-12|4.588338e-10|
| 540 |True   |  376  |9.876894e-06|1.045216e-05|3.743524e-12|3.073236e-10|
| 541 |True   |  372  |9.947559e-06|1.045736e-05|3.807682e-12|2.130498e-10|
| 542 |True   |  352  |9.978972e-06|1.036356e-05|3.170050e-11|2.497936e-05|
| 537 |True   |  349  |9.959413e-06|1.034401e-05|3.149285e-11|2.498027e-05|
| 543 |True   |  345  |9.871876e-06|1.025648e-05|2.849427e-11|2.258829e-05|
| 539 |True   |  338  |9.953316e-06|1.033795e-05|4.651829e-11|3.585966e-05|
| 544 |True   |  347  |9.863902e-06|1.024849e-05|3.525867e-11|2.884278e-05|
| 545 |True   |  364  |9.807372e-06|1.073832e-05|5.546405e-12|7.901790e-10|
| 547 |True   |  339  |9.810063e-06|1.043221e-05|2.909311e-11|2.497590e-05|
| 548 |True   |  346  |9.959414e-06|1.034402e-05|3.194740e-11|2.501676e-05|
| 549 |True   |  366  |9.902034e-06|1.065579e-05|5.854168e-12|3.997023e-10|
| 551 |True   |  362  |9.847028e-06|1.054232e-05|2.900113e-12|7.012310e-10|
| 553 |True   |  359  |9.875284e-06|1.175826e-05|4.180602e-12|1.058307e-09|
| 554 |True   |  363  |9.878681e-06|1.049638e-05|6.371891e-12|9.530765e-10|
| 546 |True   |  496  |9.995163e-06|1.053637e-05|5.889547e-12|3.898806e-09|
| 550 |True   |  342  |9.951544e-06|1.033615e-05|3.756557e-11|2.900223e-05|
| 555 |True   |  367  |9.951216e-06|1.068870e-05|4.679481e-12|1.008714e-09|
| 552 |True   |  344  |9.873822e-06|1.025845e-05|3.954177e-11|3.224954e-05|
| 538 |True   | 1016  |9.983727e-06|1.036836e-05|2.305370e-11|1.440776e-05|
| 556 |True   |  372  |9.888384e-06|1.038710e-05|4.879273e-12|4.549710e-10|
| 557 |True   |  381  |9.926041e-06|1.051235e-05|3.824197e-12|9.577213e-10|
| 558 |True   |  345  |9.841512e-06|1.022610e-05|4.011636e-11|3.219711e-05|
| 559 |True   |  343  |9.806965e-06|1.019156e-05|3.394952e-11|2.872325e-05|
| 560 |True   |  470  |9.875639e-06|1.027930e-05|4.138501e-10|2.542912e-05|
| 563 |True   |  361  |9.891710e-06|1.028477e-05|2.971770e-10|3.235525e-05|
| 566 |True   |  353  |9.993103e-06|1.037769e-05|3.748609e-11|2.883380e-05|
| 568 |True   |  362  |9.799736e-06|1.048834e-05|4.819807e-10|2.129781e-05|
| 569 |True   |  369  |9.896849e-06|1.068483e-05|6.229058e-12|4.343711e-10|
| 562 |True   |  348  |9.878612e-06|1.026319e-05|4.240452e-11|3.257858e-05|
| 561 |True   |  368  |9.876733e-06|1.032409e-05|2.533538e-12|1.186960e-09|
| 565 |True   |  451  |9.769829e-06|1.015442e-05|3.920262e-11|3.224800e-05|
| 564 |True   |  362  |9.987079e-06|1.037169e-05|2.678086e-11|2.039720e-05|
| 567 |True   |  579  |9.963391e-06|1.202633e-05|7.677692e-12|1.371153e-09|
| 571 |True   |  360  |9.957918e-06|1.070503e-05|8.022169e-12|7.729343e-10|
| 570 |True   |  363  |9.792582e-06|1.034248e-05|5.611878e-12|7.716309e-10|
| 572 |True   |  357  |9.792813e-06|1.017741e-05|3.440305e-11|2.882724e-05|
| 574 |True   |  338  |9.981439e-06|1.050841e-05|2.748374e-11|2.038453e-05|
| 573 |True   |  347  |9.839060e-06|1.022365e-05|3.474477e-11|2.877815e-05|
| 576 |True   |  406  |9.849248e-06|1.037030e-05|7.210813e-12|1.307858e-09|
| 577 |True   |  363  |9.805007e-06|1.048926e-05|7.404839e-10|2.885192e-05|
| 580 |True   |  358  |9.896480e-06|1.029581e-05|2.200416e-10|2.039412e-05|
| 579 |True   |  366  |9.919926e-06|1.076401e-05|2.946458e-12|5.809952e-10|
| 582 |True   |  368  |9.879990e-06|1.093589e-05|7.184365e-10|2.861613e-05|
| 575 |True   |  377  |9.835612e-06|1.039755e-05|4.451675e-12|6.396798e-10|
| 578 |True   |  342  |9.702168e-06|1.008676e-05|4.069499e-11|3.331911e-05|
| 585 |True   |  348  |9.893388e-06|1.027797e-05|4.076709e-11|3.223456e-05|
| 583 |True   |  366  |9.784472e-06|1.066204e-05|4.181215e-12|5.901010e-10|
| 581 |True   |  384  |9.886352e-06|1.035749e-05|3.012176e-12|1.345386e-09|
| 584 |True   |  345  |9.725653e-06|1.011024e-05|4.181242e-11|3.381640e-05|
| 586 |True   |  349  |9.939311e-06|1.032391e-05|3.105736e-11|2.497485e-05|
| 587 |True   |  341  |9.867376e-06|1.025197e-05|2.988579e-11|2.495663e-05|
| 588 |True   |  365  |9.676070e-06|1.064004e-05|3.890952e-12|7.303147e-10|
| 593 |True   |  337  |9.786854e-06|1.034564e-05|4.435867e-11|3.523695e-05|
| 592 |True   |  366  |9.707118e-06|1.059785e-05|2.689127e-12|5.103520e-10|
| 595 |True   |  373  |9.832525e-06|1.032564e-05|4.479929e-12|4.343212e-10|
| 596 |True   |  341  |9.985923e-06|1.037091e-05|2.178241e-11|1.496282e-05|
| 591 |True   |  344  |9.823276e-06|1.020787e-05|3.444731e-11|2.880637e-05|
| 590 |True   |  349  |9.871066e-06|1.025565e-05|4.051180e-11|3.219326e-05|
| 597 |True   |  342  |9.990847e-06|1.037545e-05|2.702156e-11|2.039851e-05|
| 594 |True   |  338  |9.904487e-06|1.043445e-05|4.093803e-11|3.221975e-05|
| 598 |True   |  342  |9.988837e-06|1.037348e-05|4.087327e-11|3.237824e-05|
| 600 |True   |  356  |9.948914e-06|1.068556e-05|2.976919e-10|2.955663e-05|
| 601 |True   |  342  |9.929490e-06|1.031408e-05|3.609485e-11|2.877756e-05|
| 602 |True   |  337  |9.956706e-06|1.034133e-05|3.107293e-11|2.499105e-05|
| 603 |True   |  483  |9.944140e-06|1.070598e-05|3.754828e-12|9.780320e-10|
| 605 |True   |  372  |9.908039e-06|1.051093e-05|9.489195e-10|2.039893e-05|
| 599 |True   |  674  |9.911932e-06|1.029655e-05|2.167368e-11|1.442067e-05|
| 608 |True   |  336  |9.918132e-06|1.067606e-05|4.247296e-11|3.242203e-05|
| 607 |True   |  369  |9.957391e-06|1.042587e-05|4.113919e-12|3.791002e-10|
| 604 |True   |  336  |9.744471e-06|1.026218e-05|3.564473e-11|3.032322e-05|
| 610 |True   |  368  |9.866122e-06|1.040631e-05|2.180562e-12|2.024243e-10|
| 609 |True   |  377  |9.920846e-06|1.072633e-05|4.638365e-12|4.122552e-10|
| 606 |True   |  348  |9.817933e-06|1.020253e-05|2.893496e-11|2.497927e-05|
| 612 |True   |  373  |9.930996e-06|1.040042e-05|4.127287e-12|3.685113e-10|
| 611 |True   |  345  |9.914848e-06|1.029944e-05|3.083249e-11|2.496461e-05|
| 614 |True   |  340  |9.957560e-06|1.034216e-05|2.707181e-11|2.038458e-05|
| 615 |True   |  337  |9.771030e-06|1.015561e-05|4.405484e-11|3.524922e-05|
| 589 |True   | 1890  |9.954055e-06|1.170572e-05|9.315712e-10|2.038441e-05|
| 617 |True   |  343  |9.967277e-06|1.035187e-05|3.663688e-11|2.883527e-05|
| 613 |True   |  357  |9.938631e-06|1.032321e-05|4.752094e-11|3.536066e-05|
| 618 |True   |  345  |9.918724e-06|1.030332e-05|4.619943e-11|3.528228e-05|
| 620 |True   |  396  |9.832967e-06|1.032163e-05|6.886092e-12|1.954022e-09|
| 616 |True   |  346  |9.883592e-06|1.026819e-05|3.313227e-11|2.642661e-05|
| 622 |True   |  335  |9.786465e-06|1.047270e-05|2.652624e-11|2.606388e-05|
| 624 |True   |  341  |9.817769e-06|1.020236e-05|3.571112e-11|2.897609e-05|
| 625 |True   |  365  |9.843758e-06|1.054431e-05|7.589918e-10|3.222368e-05|
| 621 |True   |  407  |9.987153e-06|1.046788e-05|4.429702e-10|1.442356e-05|
| 619 |True   |  348  |9.927198e-06|1.031178e-05|4.672392e-11|3.526359e-05|
| 623 |True   |  337  |9.788784e-06|1.017338e-05|2.896753e-11|2.494688e-05|
| 626 |True   |  372  |9.855815e-06|1.088433e-05|6.780629e-10|2.039692e-05|
| 628 |True   |  340  |9.894181e-06|1.060611e-05|3.043502e-11|2.497884e-05|
| 630 |True   |  357  |9.976556e-06|1.070614e-05|3.273179e-10|2.541013e-05|
| 627 |True   |  366  |9.834160e-06|1.024105e-05|7.577229e-10|3.231911e-05|
| 631 |True   |  375  |9.783875e-06|1.038434e-05|4.160575e-12|7.515196e-10|
| 633 |True   |  363  |9.827831e-06|1.036980e-05|3.736470e-12|3.169008e-10|
| 632 |True   |  363  |9.975855e-06|1.068993e-05|6.281958e-10|3.224927e-05|
| 629 |True   |  354  |9.731250e-06|1.081721e-05|3.294753e-10|3.207179e-05|
| 636 |True   |  336  |9.996904e-06|1.063218e-05|3.735084e-11|2.883021e-05|
| 637 |True   |  370  |9.788170e-06|1.025279e-05|5.016456e-12|7.437697e-10|
| 638 |True   |  368  |9.721385e-06|1.060673e-05|8.644974e-10|2.496983e-05|
| 634 |True   |  336  |9.950904e-06|1.076999e-05|2.704525e-11|2.039977e-05|
| 635 |True   |  360  |9.986820e-06|1.074333e-05|1.444827e-10|2.997248e-05|
| 639 |True   |  360  |9.645457e-06|1.074634e-05|3.192554e-12|1.461090e-09|
| 640 |True   |  341  |9.857985e-06|1.024256e-05|5.110511e-11|3.810805e-05|
| 641 |True   |  348  |9.905394e-06|1.028998e-05|3.569280e-11|2.883943e-05|
| 642 |True   |  339  |9.886062e-06|1.027067e-05|2.508666e-11|2.036385e-05|
| 645 |True   |  377  |9.820046e-06|1.043206e-05|3.867367e-12|7.814600e-10|
| 649 |True   |  366  |9.933147e-06|1.061426e-05|3.660723e-12|3.419111e-10|
| 650 |True   |  341  |9.874419e-06|1.025903e-05|3.512931e-11|2.879803e-05|
| 647 |True   |  397  |9.800846e-06|1.029605e-05|3.555814e-12|5.419093e-10|
| 643 |True   |  354  |9.872539e-06|1.025714e-05|2.972712e-11|2.498012e-05|
| 644 |True   |  339  |9.922767e-06|1.030736e-05|3.081523e-11|2.497526e-05|
| 651 |True   |  343  |9.878192e-06|1.026280e-05|3.507194e-11|2.870122e-05|
| 646 |True   |  339  |9.898772e-06|1.028337e-05|3.034824e-11|2.496358e-05|
| 652 |True   |  381  |9.772130e-06|1.021880e-05|3.416789e-12|3.562816e-10|
| 653 |True   |  377  |9.713327e-06|1.028741e-05|5.848005e-12|8.590908e-10|
| 654 |True   |  346  |9.792473e-06|1.017706e-05|3.916007e-11|3.219938e-05|
| 655 |True   |  393  |9.943769e-06|1.048449e-05|7.393596e-12|1.796112e-09|
| 656 |True   |  369  |9.979198e-06|1.046103e-05|3.611431e-12|3.075025e-10|
| 648 |True   |  555  |9.981069e-06|1.036565e-05|4.570900e-11|3.318766e-05|
| 659 |True   |  360  |9.883175e-06|1.062960e-05|4.506706e-12|8.128687e-10|
| 661 |True   |  390  |9.905512e-06|1.048970e-05|5.968099e-12|6.422201e-09|
| 657 |True   |  338  |9.796426e-06|1.020092e-05|3.914660e-11|3.205837e-05|
| 658 |True   |  337  |9.735675e-06|1.031393e-05|3.600781e-11|3.021369e-05|
| 662 |True   |  363  |9.898610e-06|1.056091e-05|7.167047e-10|2.497230e-05|
| 660 |True   |  360  |9.705655e-06|1.070505e-05|4.224427e-12|5.887427e-10|
| 663 |True   |  373  |9.973206e-06|1.059579e-05|4.884370e-12|2.160676e-10|
| 665 |True   |  345  |9.830304e-06|1.021490e-05|2.909275e-11|2.495517e-05|
| 667 |True   |  348  |9.890840e-06|1.027544e-05|3.029492e-11|2.492626e-05|
| 668 |True   |  366  |9.913129e-06|1.057758e-05|7.937901e-10|2.058253e-05|
| 664 |True   |  362  |9.900396e-06|1.044556e-05|9.801128e-12|1.917084e-09|
| 666 |True   |  361  |9.716521e-06|1.112727e-05|8.000715e-10|2.490762e-05|
| 671 |True   |  367  |9.801772e-06|1.069725e-05|4.704875e-12|1.582892e-09|
| 673 |True   |  334  |9.976685e-06|1.092152e-05|4.900403e-11|3.550690e-05|
| 674 |True   |  360  |9.915198e-06|1.130469e-05|8.599793e-12|6.455811e-10|
| 676 |True   |  341  |9.820770e-06|1.020536e-05|3.440548e-11|2.881879e-05|
| 675 |True   |  417  |9.718728e-06|1.025705e-05|6.705268e-12|4.094335e-09|
| 678 |True   |  369  |9.818925e-06|1.040254e-05|2.789477e-12|2.752646e-10|
| 670 |True   |  348  |9.968434e-06|1.035302e-05|4.111884e-11|3.019038e-05|
| 669 |True   |  348  |9.978860e-06|1.036346e-05|2.674730e-11|2.039685e-05|
| 672 |True   |  374  |9.819408e-06|1.038572e-05|5.299220e-12|1.087405e-09|
| 679 |True   |  367  |9.969589e-06|1.038880e-05|2.834453e-12|5.651207e-10|
| 677 |True   |  365  |9.990950e-06|1.042327e-05|2.855657e-12|8.018924e-10|
| 682 |True   |  342  |9.863932e-06|1.024851e-05|5.276272e-11|3.840018e-05|
| 681 |True   |  372  |9.946780e-06|1.039466e-05|9.720803e-10|2.120261e-05|
| 683 |True   |  362  |9.862414e-06|1.104909e-05|4.091642e-12|5.428558e-10|
| 684 |True   |  337  |9.860045e-06|1.075180e-05|4.005926e-11|3.221747e-05|
| 688 |True   |  342  |9.960874e-06|1.034546e-05|4.031461e-11|3.071235e-05|
| 680 |True   | 1007  |9.885920e-06|1.059049e-05|4.572972e-10|4.151838e-04|
| 686 |True   |  347  |9.979042e-06|1.036364e-05|2.997337e-11|2.239322e-05|
| 690 |True   |  365  |9.908491e-06|1.059915e-05|9.854160e-10|3.294427e-05|
| 691 |True   |  379  |9.746529e-06|1.058285e-05|5.755322e-12|2.754022e-09|
| 685 |True   |  405  |9.907641e-06|1.046158e-05|3.328123e-12|1.424718e-09|
| 693 |True   |  367  |9.754823e-06|1.019167e-05|3.699149e-12|5.390977e-10|
| 692 |True   |  393  |9.982916e-06|1.057624e-05|9.759310e-10|2.047668e-05|
| 687 |True   |  339  |9.817578e-06|1.045062e-05|2.889137e-11|2.493979e-05|
| 694 |True   |  338  |9.817419e-06|1.035512e-05|3.190953e-11|2.626767e-05|
| 689 |True   |  363  |9.970949e-06|1.050717e-05|9.249956e-10|2.028764e-05|
| 695 |True   |  372  |9.740036e-06|1.078962e-05|2.577344e-12|3.624790e-10|
| 697 |True   |  360  |9.916504e-06|1.072575e-05|4.983462e-12|1.994221e-09|
| 701 |True   |  337  |9.780733e-06|1.029162e-05|3.329445e-11|2.886003e-05|
| 699 |True   |  337  |9.961306e-06|1.048620e-05|3.578422e-11|2.704473e-05|
| 700 |True   |  575  |9.758329e-06|1.070354e-05|3.242032e-12|2.579321e-10|
| 696 |True   |  346  |9.906214e-06|1.029080e-05|4.631119e-11|3.529654e-05|
| 705 |True   |  367  |9.873550e-06|1.091403e-05|7.380849e-10|2.040540e-05|
| 704 |True   |  362  |9.960970e-06|1.079894e-05|3.197857e-12|3.824241e-10|
| 703 |True   |  371  |9.747966e-06|1.042885e-05|5.953627e-12|1.974669e-10|
| 702 |True   |  360  |9.788814e-06|1.106538e-05|3.179774e-12|4.286055e-10|
| 698 |True   |  660  |9.896649e-06|1.028125e-05|2.570819e-11|2.036091e-05|
| 706 |True   |  346  |9.872962e-06|1.025756e-05|3.012958e-11|2.496762e-05|
| 707 |True   |  376  |9.707609e-06|1.010520e-05|5.091869e-10|3.269376e-05|
| 708 |True   |  360  |9.896387e-06|1.073905e-05|8.186726e-10|2.496531e-05|
| 709 |True   |  358  |9.788433e-06|1.053787e-05|1.638965e-10|2.883349e-05|
| 711 |True   |  358  |9.800196e-06|1.117918e-05|1.205414e-11|2.259181e-09|
| 712 |True   |  368  |9.664992e-06|1.062150e-05|5.864168e-12|7.573901e-10|
| 716 |True   |  345  |9.903809e-06|1.028842e-05|2.595067e-11|2.036856e-05|
| 717 |True   |  367  |9.854535e-06|1.026617e-05|6.043669e-10|2.519320e-05|
| 718 |True   |  339  |9.911844e-06|1.029645e-05|2.568885e-11|2.039191e-05|
| 710 |True   |  362  |9.831273e-06|1.083274e-05|3.463144e-12|2.681415e-10|
| 719 |True   |  350  |9.837814e-06|1.022241e-05|2.957450e-11|2.498023e-05|
| 713 |True   |  374  |9.715685e-06|1.032521e-05|6.235424e-12|5.824389e-10|
| 714 |True   |  366  |9.908098e-06|1.060550e-05|6.256742e-10|2.880186e-05|
| 715 |True   |  362  |9.914607e-06|1.084150e-05|7.790767e-10|2.100637e-05|
| 720 |True   |  336  |9.906569e-06|1.040982e-05|3.550070e-11|2.876208e-05|
| 722 |True   |  348  |9.870665e-06|1.025529e-05|4.449328e-11|3.552499e-05|
| 721 |True   |  364  |9.742747e-06|1.048925e-05|6.580994e-10|3.532121e-05|
| 724 |True   |  348  |9.825477e-06|1.021007e-05|2.953921e-11|2.497466e-05|
| 726 |True   |  366  |9.948183e-06|1.034421e-05|2.411903e-10|2.494049e-05|
| 725 |True   |  351  |9.789260e-06|1.017385e-05|3.906517e-11|3.221159e-05|
| 731 |True   |  349  |9.954085e-06|1.033868e-05|3.661525e-11|2.882973e-05|
| 723 |True   |  788  |9.991910e-06|1.126611e-05|2.063303e-10|1.439692e-05|
| 732 |True   |  342  |9.948235e-06|1.033282e-05|3.944738e-11|2.950184e-05|
| 733 |True   |  358  |9.949119e-06|1.064374e-05|7.170333e-10|2.891192e-05|
| 728 |True   |  379  |9.887746e-06|1.104622e-05|3.760570e-12|2.100171e-09|
| 727 |True   |  367  |9.993265e-06|1.072712e-05|4.577999e-12|5.056667e-10|
| 729 |True   |  362  |9.783662e-06|1.042783e-05|2.865133e-12|3.336753e-09|
| 734 |True   |  350  |9.907514e-06|1.029211e-05|3.067900e-11|2.498025e-05|
| 730 |True   |  424  |9.817010e-06|1.031334e-05|4.534197e-12|2.111246e-09|
| 735 |True   |  368  |9.864511e-06|1.077848e-05|4.192553e-12|4.752237e-09|
| 736 |True   |  360  |9.975727e-06|1.057904e-05|6.635999e-12|1.202811e-09|
| 737 |True   |  366  |9.987368e-06|1.046205e-05|5.923115e-12|8.326699e-10|
| 738 |True   |  365  |9.764830e-06|1.020692e-05|9.949160e-10|2.856674e-05|
| 739 |True   |  346  |9.905065e-06|1.028966e-05|3.579556e-11|2.883525e-05|
| 745 |True   |  396  |9.955468e-06|1.081171e-05|8.539600e-10|3.851431e-05|
| 741 |True   |  363  |9.932377e-06|1.045970e-05|8.642219e-12|9.214199e-10|
| 744 |True   |  348  |9.841548e-06|1.022614e-05|3.463743e-11|2.884068e-05|
| 748 |True   |  364  |9.850271e-06|1.031531e-05|5.024560e-12|1.930887e-09|
| 740 |True   |  364  |9.792515e-06|1.032945e-05|3.278135e-12|3.724490e-10|
| 742 |True   |  343  |9.767815e-06|1.015240e-05|3.877187e-11|3.217344e-05|
| 743 |True   | 1009  |9.978813e-06|1.087069e-05|7.716037e-11|2.027035e-06|
| 746 |True   |  357  |9.954823e-06|1.071212e-05|1.132146e-10|2.879879e-05|
| 750 |True   |  347  |9.895460e-06|1.028006e-05|3.071716e-11|2.497978e-05|
| 752 |True   |  375  |9.971618e-06|1.099225e-05|6.449420e-12|4.864419e-10|
| 749 |True   |  342  |9.977694e-06|1.036229e-05|3.250129e-11|2.502063e-05|
| 754 |True   |  362  |9.955096e-06|1.046103e-05|4.628623e-12|6.806502e-10|
| 755 |True   |  358  |9.781937e-06|1.050268e-05|3.150096e-10|2.497670e-05|
| 747 |True   | 1100  |9.904642e-06|1.028929e-05|2.142127e-11|1.442968e-05|
| 751 |True   |  366  |9.813424e-06|1.050136e-05|2.991338e-12|6.359375e-10|
| 753 |True   |  340  |9.779485e-06|1.016408e-05|3.154222e-11|2.653531e-05|
| 756 |True   |  352  |9.884341e-06|1.026896e-05|2.505268e-11|2.040326e-05|
| 757 |True   |  348  |9.992985e-06|1.037758e-05|3.729607e-11|2.884655e-05|
| 758 |True   |  362  |9.937275e-06|1.056315e-05|3.032874e-12|2.931679e-10|
| 760 |True   |  344  |9.985435e-06|1.037005e-05|3.671096e-11|2.887353e-05|
| 762 |True   |  366  |9.808365e-06|1.024624e-05|9.209787e-10|2.497299e-05|
| 759 |True   |  376  |9.942828e-06|1.046966e-05|4.613657e-12|9.985622e-10|
| 764 |True   |  373  |9.920512e-06|1.080303e-05|4.630760e-12|4.119355e-10|
| 766 |True   |  345  |9.837589e-06|1.022219e-05|2.935384e-11|2.498000e-05|
| 761 |True   |  342  |9.900007e-06|1.028459e-05|4.625668e-11|3.529045e-05|
| 763 |True   |  344  |9.865894e-06|1.025049e-05|3.493837e-11|2.844451e-05|
| 767 |True   |  353  |9.954105e-06|1.033870e-05|3.759090e-11|2.911067e-05|
| 768 |True   |  354  |9.997698e-06|1.038848e-05|1.731828e-10|2.899441e-05|
| 769 |True   |  345  |9.844829e-06|1.022943e-05|2.957164e-11|2.496784e-05|
| 770 |True   |  340  |9.835764e-06|1.022036e-05|2.956807e-11|2.495070e-05|
| 765 |True   |  369  |9.899633e-06|1.035278e-05|6.694931e-12|6.553865e-10|
| 772 |True   |  389  |9.890118e-06|1.043788e-05|2.397976e-12|4.858969e-10|
| 773 |True   |  391  |9.890376e-06|1.038430e-05|5.881862e-12|5.178420e-09|
| 777 |True   |  366  |9.954474e-06|1.048576e-05|5.592842e-12|1.270335e-09|
| 778 |True   |  380  |9.962102e-06|1.043117e-05|6.300769e-12|2.621852e-09|
| 776 |True   |  557  |9.855135e-06|1.023971e-05|4.566117e-11|3.528955e-05|
| 779 |True   |  339  |9.858319e-06|1.024291e-05|3.488428e-11|2.881682e-05|
| 771 |True   |  349  |9.986678e-06|1.074091e-05|2.688457e-10|3.912054e-05|
| 774 |True   |  345  |9.881197e-06|1.026581e-05|2.579842e-11|2.039967e-05|
| 775 |True   |  360  |9.964265e-06|1.070714e-05|2.786330e-10|3.106320e-05|
| 783 |True   |  338  |9.879235e-06|1.026384e-05|2.983213e-11|2.496630e-05|
| 781 |True   |  666  |9.864686e-06|1.024929e-05|2.964316e-11|2.496648e-05|
| 784 |True   |  366  |9.915786e-06|1.036653e-05|3.556561e-12|9.519477e-10|
| 785 |True   |  338  |9.913551e-06|1.048669e-05|3.575674e-11|2.883785e-05|
| 786 |True   |  342  |9.897898e-06|1.028251e-05|3.093122e-11|2.508566e-05|
| 780 |True   |  554  |9.743922e-06|1.012851e-05|3.837799e-11|3.222751e-05|
| 788 |True   |  335  |9.782275e-06|1.028088e-05|3.381170e-11|2.880363e-05|
| 787 |True   |  379  |9.746453e-06|1.035925e-05|3.293444e-12|6.209630e-10|
| 790 |True   |  350  |9.815200e-06|1.019979e-05|3.552213e-11|2.896132e-05|
| 792 |True   |  347  |9.890256e-06|1.027486e-05|2.516304e-11|2.035082e-05|
| 789 |True   |  344  |9.823859e-06|1.020845e-05|3.427445e-11|2.880640e-05|
| 794 |True   |  346  |9.858236e-06|1.024282e-05|3.515878e-11|2.883744e-05|
| 782 |True   | 1244  |9.982346e-06|1.119164e-05|1.355852e-10|2.206099e-06|
| 793 |True   |  375  |9.984233e-06|1.078818e-05|3.274315e-12|2.619175e-10|
| 791 |True   |  342  |9.991315e-06|1.037600e-05|4.002889e-11|3.299704e-05|
| 796 |True   |  358  |9.854592e-06|1.079214e-05|7.693916e-12|7.552811e-10|
| 798 |True   |  352  |9.957796e-06|1.034241e-05|2.684582e-11|2.039838e-05|
| 799 |True   |  346  |9.775779e-06|1.016036e-05|3.916853e-11|3.224076e-05|
| 797 |True   |  354  |9.851361e-06|1.023596e-05|2.502914e-11|2.039558e-05|
| 800 |True   |  369  |9.914837e-06|1.047723e-05|6.292433e-12|6.903214e-10|
| 795 |True   |  366  |9.839582e-06|1.072695e-05|3.021254e-12|3.268937e-10|
| 803 |True   |  355  |9.801768e-06|1.018965e-05|1.111026e-10|3.489001e-05|
| 802 |True   |  364  |9.981729e-06|1.053810e-05|5.582550e-12|3.194150e-10|
| 801 |True   |  345  |9.927162e-06|1.031175e-05|4.439036e-11|3.354793e-05|
| 807 |True   |  345  |9.767371e-06|1.015198e-05|3.414423e-11|2.902817e-05|
| 806 |True   |  350  |9.961891e-06|1.034649e-05|2.699693e-11|1.801900e-05|
| 804 |True   |  338  |9.941866e-06|1.032646e-05|3.615917e-11|2.883600e-05|
| 812 |True   |  343  |9.872800e-06|1.025740e-05|3.506060e-11|2.881226e-05|
| 808 |True   |  364  |9.795898e-06|1.065964e-05|2.249199e-12|7.299912e-10|
| 809 |True   |  368  |9.907824e-06|1.063395e-05|1.176118e-11|1.867810e-09|
| 811 |True   |  478  |9.602451e-06|1.117740e-05|3.361809e-12|9.389181e-10|
| 805 |True   |  345  |9.828225e-06|1.021282e-05|2.943199e-11|2.494789e-05|
| 810 |True   |  333  |9.983057e-06|1.181786e-05|3.555190e-11|2.776514e-05|
| 813 |True   |  365  |9.990117e-06|1.089590e-05|7.991065e-10|2.497660e-05|
| 816 |True   |  335  |9.892700e-06|1.065792e-05|4.572439e-11|3.513933e-05|
| 817 |True   |  360  |9.936261e-06|1.050690e-05|6.512135e-12|1.737252e-09|
| 814 |True   |  348  |9.795579e-06|1.018017e-05|3.912015e-11|3.220870e-05|
| 819 |True   |  367  |9.828806e-06|1.054775e-05|4.404418e-10|2.883141e-05|
| 815 |True   |  336  |9.932279e-06|1.031688e-05|3.073656e-11|2.488588e-05|
| 821 |True   |  372  |9.863715e-06|1.040657e-05|4.050414e-12|8.186178e-10|
| 818 |True   |  335  |9.825067e-06|1.062062e-05|3.432332e-11|2.882731e-05|
| 823 |True   |  364  |9.675827e-06|1.013911e-05|6.149998e-12|3.962706e-10|
| 824 |True   |  454  |9.854062e-06|1.023865e-05|4.074360e-11|3.223106e-05|
| 822 |True   |  346  |9.824466e-06|1.020904e-05|4.510935e-11|3.530045e-05|
| 820 |True   |  973  |9.887079e-06|1.054156e-05|3.007848e-11|2.496209e-05|
| 825 |True   |  503  |9.784125e-06|1.079612e-05|5.186919e-12|6.281432e-10|
| 827 |True   |  371  |9.958264e-06|1.055967e-05|3.541941e-12|3.026416e-10|
| 829 |True   |  367  |9.836294e-06|1.054499e-05|9.494096e-10|2.909099e-05|
| 831 |True   |  349  |9.699934e-06|1.008451e-05|4.860304e-11|3.811105e-05|
| 826 |True   |  352  |9.848399e-06|1.023300e-05|2.949143e-11|2.495966e-05|
| 828 |True   |  337  |9.788755e-06|1.032277e-05|3.383663e-11|2.880352e-05|
| 832 |True   |  367  |9.891684e-06|1.046307e-05|3.558442e-12|1.162544e-09|
| 834 |True   |  380  |9.969072e-06|1.059396e-05|3.874588e-12|7.592101e-10|
| 835 |True   |  341  |9.980971e-06|1.038983e-05|4.205787e-11|3.222162e-05|
| 830 |True   |  338  |9.888382e-06|1.027298e-05|3.415977e-11|2.709850e-05|
| 836 |True   |  337  |9.849931e-06|1.046968e-05|3.133228e-11|2.546255e-05|
| 837 |True   |  362  |9.984846e-06|1.058999e-05|5.428231e-12|3.475111e-09|
| 838 |True   |  373  |9.786863e-06|1.116990e-05|6.648136e-12|1.293483e-09|
| 833 |True   |  370  |9.977843e-06|1.054166e-05|9.774918e-10|2.027732e-05|
| 841 |True   |  344  |9.864088e-06|1.024866e-05|5.061628e-11|3.762202e-05|
| 842 |True   |  342  |9.976939e-06|1.036153e-05|3.693193e-11|2.882455e-05|
| 843 |True   |  373  |9.855646e-06|1.043739e-05|3.867895e-12|1.374180e-09|
| 845 |True   |  342  |9.994541e-06|1.037913e-05|3.707598e-11|2.882687e-05|
| 846 |True   |  347  |9.920173e-06|1.030477e-05|3.087152e-11|2.493262e-05|
| 840 |True   |  369  |9.931053e-06|1.046007e-05|4.571877e-12|9.485148e-10|
| 839 |True   |  455  |9.859474e-06|1.031906e-05|3.168419e-11|2.558850e-05|
| 844 |True   |  364  |9.820021e-06|1.057271e-05|6.371015e-12|1.272958e-09|
| 849 |True   |  337  |9.892136e-06|1.058049e-05|4.552925e-11|3.511030e-05|
| 848 |True   |  384  |9.962837e-06|1.040622e-05|4.010289e-12|1.769410e-09|
| 850 |True   |  347  |9.908497e-06|1.029309e-05|3.574904e-11|2.882599e-05|
| 851 |True   |  339  |9.841413e-06|1.030450e-05|3.324964e-11|2.711849e-05|
| 847 |True   |  387  |9.831348e-06|1.054152e-05|6.981759e-10|3.219641e-05|
| 852 |True   |  369  |9.860927e-06|1.031526e-05|3.745502e-12|2.193687e-09|
| 853 |True   |  397  |9.965894e-06|1.049274e-05|7.024319e-12|2.799811e-09|
| 855 |True   |  341  |9.789990e-06|1.017459e-05|3.368178e-11|2.879560e-05|
| 859 |True   |  357  |9.921133e-06|1.031159e-05|2.463916e-10|3.539325e-05|
| 857 |True   |  346  |9.943097e-06|1.032768e-05|3.824316e-11|2.932208e-05|
| 860 |True   |  366  |9.754936e-06|1.066198e-05|7.719854e-10|2.494118e-05|
| 854 |True   |  352  |9.945300e-06|1.032988e-05|4.674317e-11|3.520616e-05|
| 862 |True   |  339  |9.824396e-06|1.020900e-05|2.485470e-11|2.050140e-05|
| 858 |True   |  361  |9.998163e-06|1.068121e-05|7.863020e-10|2.865506e-05|
| 863 |True   |  345  |9.892314e-06|1.027698e-05|3.395218e-11|2.908135e-05|
| 856 |True   |  449  |9.967337e-06|1.046656e-05|3.256708e-11|2.518487e-05|
| 861 |True   |  342  |9.728712e-06|1.011331e-05|3.788391e-11|3.224409e-05|
| 864 |True   |  363  |9.930191e-06|1.038819e-05|9.808112e-10|2.484910e-05|
| 866 |True   |  386  |9.963807e-06|1.040624e-05|2.387599e-12|6.514534e-10|
| 867 |True   |  358  |9.829793e-06|1.021438e-05|3.444686e-11|2.883749e-05|
| 869 |True   |  347  |9.975326e-06|1.035991e-05|3.802447e-11|2.898997e-05|
| 871 |True   |  381  |9.807289e-06|1.036827e-05|2.718727e-12|3.129432e-10|
| 868 |True   |  337  |9.970176e-06|1.056472e-05|4.222591e-11|3.223401e-05|
| 874 |True   |  346  |9.964280e-06|1.034889e-05|2.721375e-11|2.045169e-05|
| 870 |True   |  362  |9.833265e-06|1.037429e-05|2.128067e-12|1.193911e-09|
| 875 |True   |  346  |9.948333e-06|1.033292e-05|3.725088e-11|2.814630e-05|
| 876 |True   |  361  |9.885954e-06|1.146689e-05|8.179442e-12|1.020733e-09|
| 877 |True   |  345  |9.875051e-06|1.025965e-05|3.002795e-11|2.497410e-05|
| 873 |True   |  350  |9.820656e-06|1.020525e-05|3.428940e-11|2.883079e-05|
| 865 |True   | 1427  |9.915016e-06|1.029962e-05|2.177762e-11|1.442281e-05|
| 872 |True   |  421  |9.859099e-06|1.033018e-05|4.185894e-12|4.610619e-09|
| 878 |True   |  391  |9.994603e-06|1.038005e-05|3.127960e-11|7.092482e-05|
| 880 |True   |  364  |9.836774e-06|1.046653e-05|2.872273e-12|1.022549e-09|
| 882 |True   |  345  |9.672462e-06|1.005704e-05|4.687771e-11|3.623890e-05|
| 883 |True   |  405  |9.826266e-06|1.029258e-05|2.515997e-12|2.973987e-08|
| 884 |True   |  364  |9.843367e-06|1.035180e-05|9.028834e-10|2.034736e-05|
| 886 |True   |  348  |9.795501e-06|1.018009e-05|3.937185e-11|3.224408e-05|
| 879 |True   |  347  |9.740756e-06|1.012534e-05|3.837207e-11|3.223796e-05|
| 888 |True   |  335  |9.996589e-06|1.078142e-05|3.381134e-11|2.553297e-05|
| 881 |True   |  338  |9.875031e-06|1.031432e-05|3.516141e-11|2.879366e-05|
| 885 |True   |  347  |9.907818e-06|1.030842e-05|3.528255e-11|2.887590e-05|
| 889 |True   |  404  |9.782418e-06|1.061832e-05|4.824395e-10|2.491132e-05|
| 887 |True   |  340  |9.796296e-06|1.033961e-05|3.429637e-11|2.885777e-05|
| 892 |True   |  339  |9.883837e-06|1.026843e-05|3.528657e-11|2.884279e-05|
| 891 |True   |  409  |9.633829e-06|1.026060e-05|1.046796e-11|8.108001e-09|
| 895 |True   |  349  |9.797769e-06|1.018236e-05|2.996164e-11|2.527233e-05|
| 890 |True   |  364  |9.804623e-06|1.084020e-05|3.340476e-12|1.016421e-09|
| 897 |True   |  345  |9.823072e-06|1.020767e-05|2.956616e-11|2.495056e-05|
| 893 |True   |  378  |9.962355e-06|1.056179e-05|2.607284e-12|1.746000e-10|
| 898 |True   |  380  |9.807695e-06|1.023260e-05|3.123313e-12|1.431922e-09|
| 899 |True   |  340  |9.846903e-06|1.027211e-05|4.012324e-11|3.223561e-05|
| 900 |True   |  366  |9.999187e-06|1.058488e-05|4.985315e-12|3.966547e-10|
| 894 |True   |  364  |9.795532e-06|1.058485e-05|3.116990e-10|2.498156e-05|
| 901 |True   |  367  |9.746081e-06|1.053816e-05|4.702318e-12|9.288791e-10|
| 896 |True   |  369  |9.785806e-06|1.036679e-05|3.880336e-12|6.973857e-10|
| 902 |True   |  375  |9.935938e-06|1.048109e-05|4.472506e-12|2.739684e-10|
| 904 |True   |  335  |9.872444e-06|1.058531e-05|4.758849e-11|3.562014e-05|
| 906 |True   |  334  |9.852673e-06|1.114421e-05|2.941834e-11|2.496200e-05|
| 907 |True   |  342  |9.910506e-06|1.029510e-05|2.942291e-11|2.285111e-05|
| 910 |True   |  343  |9.869768e-06|1.025436e-05|3.595751e-11|2.885864e-05|
| 903 |True   |  343  |9.864085e-06|1.024870e-05|4.458805e-11|3.530260e-05|
| 908 |True   |  398  |9.811607e-06|1.026876e-05|4.833250e-12|3.109196e-09|
| 905 |True   |  345  |9.929871e-06|1.031446e-05|3.627194e-11|2.882821e-05|
| 912 |True   |  362  |9.776894e-06|1.044155e-05|9.435064e-10|2.884144e-05|
| 913 |True   |  368  |9.873863e-06|1.048055e-05|4.484859e-12|1.068765e-09|
| 914 |True   |  342  |9.841574e-06|1.022617e-05|3.102718e-11|2.519216e-05|
| 909 |True   |  364  |9.829945e-06|1.023109e-05|5.668785e-10|2.743112e-05|
| 916 |True   |  368  |9.702361e-06|1.070872e-05|7.054600e-10|2.861432e-05|
| 915 |True   |  358  |9.968626e-06|1.065163e-05|2.678446e-12|1.039801e-09|
| 911 |True   |  365  |9.744436e-06|1.033800e-05|5.723079e-12|6.300059e-10|
| 918 |True   |  335  |9.856687e-06|1.024130e-05|3.339378e-11|2.706507e-05|
| 917 |True   |  364  |9.797481e-06|1.033407e-05|3.156942e-12|2.752433e-10|
| 921 |True   |  342  |9.800141e-06|1.018474e-05|2.925604e-11|2.498843e-05|
| 922 |True   |  343  |9.777323e-06|1.016192e-05|3.350040e-11|2.881880e-05|
| 919 |True   |  373  |9.851289e-06|1.026407e-05|7.524568e-10|2.900636e-05|
| 925 |True   |  335  |9.824726e-06|1.051243e-05|3.634593e-11|2.942871e-05|
| 924 |True   |  367  |9.650164e-06|1.034320e-05|2.466620e-12|5.418948e-10|
| 920 |True   |  362  |9.867400e-06|1.025203e-05|3.082669e-11|2.536167e-05|
| 927 |True   |  358  |9.583086e-06|1.067020e-05|3.391059e-12|3.757040e-10|
| 929 |True   |  367  |9.826475e-06|1.036391e-05|4.443955e-12|7.788227e-10|
| 923 |True   |  348  |9.974708e-06|1.035932e-05|3.143340e-11|2.494822e-05|
| 928 |True   |  613  |9.846565e-06|1.083827e-05|6.149520e-12|6.135769e-10|
| 930 |True   |  358  |9.748366e-06|1.143580e-05|5.572718e-12|1.069658e-09|
| 926 |True   |  379  |9.727113e-06|1.044670e-05|3.435897e-12|8.255076e-10|
| 933 |True   |  377  |9.938847e-06|1.078732e-05|7.656974e-12|1.261914e-09|
| 932 |True   |  378  |9.977982e-06|1.043413e-05|3.736133e-12|6.049858e-10|
| 935 |True   |  409  |9.813869e-06|1.024459e-05|2.637798e-12|1.631506e-09|
| 936 |True   |  369  |9.989644e-06|1.063253e-05|6.990924e-12|4.312978e-10|
| 938 |True   |  336  |9.901732e-06|1.046632e-05|4.116836e-11|3.224399e-05|
| 931 |True   |  362  |9.770207e-06|1.064830e-05|7.662042e-10|2.883521e-05|
| 939 |True   |  359  |9.943230e-06|1.042973e-05|7.263767e-10|2.880867e-05|
| 934 |True   |  360  |9.981334e-06|1.061178e-05|7.090474e-12|3.512139e-09|
| 941 |True   |  364  |9.798901e-06|1.033231e-05|5.751412e-12|1.243624e-09|
| 943 |True   |  344  |9.801613e-06|1.018621e-05|3.395009e-11|2.882968e-05|
| 942 |True   |  366  |9.964399e-06|1.066612e-05|3.005126e-10|2.039303e-05|
| 937 |True   |  346  |9.789187e-06|1.017378e-05|3.408254e-11|2.883994e-05|
| 944 |True   |  349  |9.857733e-06|1.024233e-05|2.963452e-11|2.498080e-05|
| 940 |True   |  337  |9.962875e-06|1.034748e-05|3.666268e-11|2.883049e-05|
| 947 |True   |  340  |9.708703e-06|1.009329e-05|4.300905e-11|3.529185e-05|
| 945 |True   |  343  |9.751521e-06|1.013611e-05|3.840130e-11|3.220840e-05|
| 950 |True   |  360  |9.685605e-06|1.030881e-05|4.076443e-12|2.009511e-10|
| 951 |True   |  368  |9.805924e-06|1.026830e-05|2.856840e-12|3.472386e-10|
| 946 |True   |  344  |9.951993e-06|1.033659e-05|3.128941e-11|2.495684e-05|
| 949 |True   |  584  |9.994727e-06|1.089368e-05|9.575035e-10|2.482280e-05|
| 953 |True   |  341  |9.918028e-06|1.030264e-05|3.063306e-11|2.485276e-05|
| 948 |True   |  362  |9.790644e-06|1.071918e-05|5.480782e-12|1.107165e-08|
| 955 |True   |  337  |9.998787e-06|1.038338e-05|3.879571e-11|2.902807e-05|
| 956 |True   |  457  |9.734348e-06|1.011893e-05|4.360895e-11|3.530833e-05|
| 952 |True   |  368  |9.992070e-06|1.062621e-05|5.637097e-12|3.971702e-10|
| 957 |True   |  346  |9.855360e-06|1.023996e-05|2.482801e-11|2.039379e-05|
| 954 |True   |  342  |9.785939e-06|1.017054e-05|3.382991e-11|2.880486e-05|
| 960 |True   |  365  |9.970370e-06|1.068206e-05|6.532421e-10|3.050079e-05|
| 963 |True   |  407  |9.876828e-06|1.049306e-05|3.271511e-12|6.589299e-10|
| 962 |True   |  357  |9.959080e-06|1.069323e-05|4.403488e-10|3.219284e-05|
| 958 |True   |  605  |9.939877e-06|1.060056e-05|3.190543e-12|1.645855e-09|
| 961 |True   |  371  |9.919717e-06|1.063613e-05|6.499004e-10|1.437034e-05|
| 964 |True   |  363  |9.887881e-06|1.029017e-05|4.973953e-10|2.892976e-05|
| 966 |True   |  342  |9.890299e-06|1.027489e-05|4.067205e-11|3.218383e-05|
| 968 |True   |  335  |9.894506e-06|1.076053e-05|4.654576e-11|3.525980e-05|
| 969 |True   |  379  |9.898765e-06|1.057215e-05|5.781949e-12|4.138792e-10|
| 959 |True   |  687  |9.999738e-06|1.038433e-05|3.745123e-11|2.882143e-05|
| 973 |True   |  350  |9.978996e-06|1.036360e-05|2.675215e-11|2.037828e-05|
| 971 |True   |  372  |9.733058e-06|1.031670e-05|6.335197e-12|9.688118e-10|
| 967 |True   |  368  |9.888478e-06|1.034651e-05|3.822261e-12|9.761750e-10|
| 970 |True   |  351  |9.954598e-06|1.033918e-05|4.223296e-11|3.225474e-05|
| 972 |True   |  347  |9.839242e-06|1.022384e-05|2.936089e-11|2.497875e-05|
| 974 |True   |  368  |9.883279e-06|1.052443e-05|3.459442e-12|3.050453e-10|
| 975 |True   |  343  |9.992838e-06|1.037742e-05|4.010800e-11|3.006674e-05|
| 965 |True   |  561  |9.879468e-06|1.026405e-05|4.654940e-11|3.534776e-05|
| 976 |True   |  344  |9.953874e-06|1.033848e-05|2.629969e-11|2.039763e-05|
| 979 |True   |  346  |9.890024e-06|1.027461e-05|4.061516e-11|3.215288e-05|
| 978 |True   |  361  |9.662681e-06|1.039567e-05|8.009280e-12|6.104370e-10|
| 982 |True   |  339  |9.828667e-06|1.025575e-05|3.430625e-11|2.882666e-05|
| 981 |True   |  363  |9.782960e-06|1.047737e-05|6.861446e-10|2.885172e-05|
| 977 |True   |  378  |9.954860e-06|1.035485e-05|4.409179e-10|2.957715e-05|
| 983 |True   |  557  |9.937829e-06|1.032242e-05|3.105410e-11|2.494379e-05|
| 984 |True   |  346  |9.835225e-06|1.021982e-05|3.498345e-11|2.881585e-05|
| 980 |True   |  374  |9.834741e-06|1.062704e-05|4.390554e-12|6.258224e-10|
| 986 |True   |  395  |9.918210e-06|1.053905e-05|2.327058e-12|4.193646e-10|
| 988 |True   |  344  |9.860634e-06|1.024521e-05|4.635569e-11|3.532474e-05|
| 985 |True   |  342  |9.924684e-06|1.030926e-05|4.813705e-11|3.549523e-05|
| 987 |True   |  368  |9.696244e-06|1.033974e-05|3.474984e-12|5.370879e-10|
| 989 |True   |  368  |9.815530e-06|1.052304e-05|6.095357e-10|2.883391e-05|
| 990 |True   |  407  |9.867159e-06|1.047554e-05|5.935229e-12|3.329702e-09|
| 992 |True   |  367  |9.841247e-06|1.048493e-05|3.288986e-12|1.627895e-09|
| 991 |True   |  369  |9.890078e-06|1.040539e-05|4.599219e-12|2.787765e-10|
| 995 |True   |  334  |9.851664e-06|1.128512e-05|3.620973e-11|2.896816e-05|
| 996 |True   |  338  |9.942970e-06|1.032756e-05|4.153047e-11|3.218862e-05|
| 993 |True   |  349  |9.906107e-06|1.029070e-05|3.060301e-11|2.497643e-05|
| 994 |True   |  347  |9.969834e-06|1.035442e-05|4.193322e-11|3.222365e-05|
| 998 |True   |  354  |9.973439e-06|1.036201e-05|1.071356e-10|2.890404e-05|
| 999 |True   |  346  |9.759720e-06|1.014431e-05|4.031212e-11|3.256228e-05|
| 997 |True   |  356  |9.749777e-06|1.120614e-05|4.623560e-10|2.876947e-05|
