|seed |success|  nit  |  mu_check  |   mu_sum   |   G_norm   | step_norm  |
|  1  |True   |  356  |9.217155e-06|1.125615e-05|1.255470e-11|4.914089e-10|
|  2  |True   |  346  |9.660179e-06|1.179455e-05|1.630984e-11|9.396350e-10|
|  4  |True   |  394  |9.996153e-06|1.155953e-05|4.059619e-12|1.663361e-08|
|  3  |True   |  324  |9.470050e-06|1.653866e-05|8.751034e-11|1.721921e-05|
|  6  |True   |  357  |9.477707e-06|1.200642e-05|9.316698e-10|1.432616e-05|
|  9  |True   |  338  |9.542200e-06|1.097071e-05|9.296955e-11|2.036045e-05|
|  7  |True   |  337  |9.732501e-06|1.116104e-05|9.585604e-11|2.027855e-05|
|  0  |True   |  339  |9.680276e-06|1.110879e-05|9.682761e-11|2.034664e-05|
|  5  |True   |  340  |9.836818e-06|1.126536e-05|9.740349e-11|2.029803e-05|
|  8  |True   |  332  |9.884157e-06|1.131266e-05|1.338377e-10|2.796481e-05|
| 10  |True   |  331  |9.288129e-06|1.104844e-05|1.261802e-10|2.866653e-05|
| 12  |True   |  337  |9.370885e-06|1.221064e-05|1.100128e-10|2.037014e-05|
| 15  |True   |  348  |9.948740e-06|1.527408e-05|3.377187e-12|2.725818e-10|
| 11  |True   |  360  |9.823935e-06|1.151233e-05|8.896154e-12|7.283615e-10|
| 17  |True   |  324  |9.998759e-06|1.572328e-05|1.375032e-10|2.869859e-05|
| 13  |True   |  356  |9.865784e-06|1.332847e-05|2.267136e-12|9.092750e-11|
| 16  |True   |  344  |9.519347e-06|1.094785e-05|1.037205e-10|2.224256e-05|
| 14  |True   |  340  |9.622748e-06|1.105126e-05|9.709959e-11|2.038046e-05|
| 18  |True   |  340  |9.558254e-06|1.098676e-05|9.818470e-11|2.072100e-05|
| 19  |True   |  333  |9.864446e-06|1.129297e-05|9.935686e-11|2.030211e-05|
| 20  |True   |  336  |9.874261e-06|1.130279e-05|8.582448e-11|1.445063e-05|
| 22  |True   |  347  |9.709807e-06|1.113834e-05|8.139715e-11|1.442032e-05|
| 23  |True   |  353  |9.923059e-06|1.175677e-05|1.966510e-11|3.236052e-10|
| 21  |True   |  354  |9.865650e-06|1.129420e-05|9.832775e-11|2.032441e-05|
| 25  |True   |  323  |9.952830e-06|1.471821e-05|1.168491e-10|2.401774e-05|
| 26  |True   |  344  |9.797044e-06|1.611742e-05|2.130586e-11|4.398214e-09|
| 24  |True   |  339  |9.853415e-06|1.128193e-05|1.161822e-10|2.487510e-05|
| 27  |True   |  326  |9.833682e-06|1.563512e-05|8.380663e-11|1.441863e-05|
| 28  |True   |  338  |9.559974e-06|1.098847e-05|1.122819e-10|2.493351e-05|
| 29  |True   |  350  |9.443768e-06|1.427539e-05|1.308938e-11|5.380510e-10|
| 31  |True   |  348  |9.317147e-06|1.408496e-05|1.562035e-11|3.522790e-10|
| 30  |True   |  361  |9.311335e-06|1.509330e-05|1.195999e-11|2.658674e-09|
| 33  |True   |  353  |9.659638e-06|1.187726e-05|2.491506e-10|3.117051e-07|
| 34  |True   |  338  |9.662154e-06|1.109067e-05|9.088166e-11|1.699954e-05|
| 32  |True   |  343  |9.660562e-06|1.254255e-05|1.925040e-10|1.435939e-05|
| 35  |True   |  322  |9.748531e-06|1.202830e-05|8.146151e-11|1.426987e-05|
| 36  |True   |  342  |9.842721e-06|1.839072e-05|7.987921e-12|2.542441e-10|
| 37  |True   |  338  |9.839601e-06|1.126811e-05|1.016224e-10|2.037689e-05|
| 40  |True   |  346  |8.784040e-06|1.663563e-05|1.988829e-11|3.547064e-10|
| 39  |True   |  330  |9.557798e-06|1.225993e-05|1.119269e-10|2.490385e-05|
| 41  |True   |  360  |9.357359e-06|1.123564e-05|1.119847e-11|1.075945e-09|
| 38  |True   |  352  |9.621657e-06|1.149961e-05|1.676908e-11|4.244269e-10|
| 43  |True   |  344  |9.956363e-06|1.760865e-05|3.569227e-12|3.997940e-10|
| 44  |True   |  331  |9.858261e-06|1.243537e-05|8.844562e-11|1.490446e-05|
| 46  |True   |  332  |9.792434e-06|1.122231e-05|1.050105e-10|1.953186e-05|
| 42  |True   |  342  |9.874699e-06|1.130323e-05|8.469291e-11|1.440049e-05|
| 47  |True   |  354  |9.516449e-06|1.197913e-05|2.449427e-12|1.512657e-10|
| 45  |True   |  336  |9.635584e-06|1.106408e-05|1.143448e-10|2.483981e-05|
| 48  |True   |  356  |9.966696e-06|1.197502e-05|1.126717e-11|1.445255e-10|
| 49  |True   |  350  |9.486120e-06|1.129252e-05|2.138473e-11|9.132811e-10|
| 50  |True   |  345  |9.604653e-06|1.256382e-05|6.985804e-10|2.037718e-05|
| 52  |True   |  345  |9.504101e-06|1.093262e-05|9.304414e-11|2.036383e-05|
| 51  |True   |  342  |9.943616e-06|1.137212e-05|9.976011e-11|2.036173e-05|
| 53  |True   |  307  |9.895501e-06|3.406025e-05|9.752427e-11|2.011305e-05|
| 54  |True   |  357  |9.534257e-06|1.202749e-05|7.338423e-10|2.292077e-04|
| 55  |True   |  343  |9.818123e-06|1.124665e-05|8.361973e-11|1.441732e-05|
| 58  |True   |  333  |9.920833e-06|1.138724e-05|9.918027e-11|2.031214e-05|
| 57  |True   |  344  |9.671383e-06|1.523366e-05|1.004206e-11|6.113507e-10|
| 56  |True   |  331  |9.691285e-06|1.172598e-05|1.343247e-10|2.872723e-05|
| 59  |True   |  338  |9.973031e-06|2.175728e-05|6.611282e-12|4.413895e-10|
| 60  |True   |  333  |9.661847e-06|1.109039e-05|9.428985e-11|2.031293e-05|
| 65  |True   |  335  |9.581707e-06|1.101028e-05|9.242801e-11|2.016246e-05|
| 64  |True   |  341  |9.588838e-06|1.101734e-05|9.355602e-11|2.038427e-05|
| 63  |True   |  337  |9.694175e-06|1.112270e-05|8.111637e-11|1.441930e-05|
| 61  |True   |  346  |9.576401e-06|1.413787e-05|2.732924e-11|5.429829e-10|
| 66  |True   |  338  |9.429656e-06|1.085815e-05|1.283684e-10|2.877424e-05|
| 67  |True   |  355  |9.553387e-06|1.302476e-05|9.339221e-10|5.473075e-04|
| 68  |True   |  368  |9.759877e-06|1.130287e-05|4.717963e-12|1.197353e-09|
| 69  |True   |  348  |9.287223e-06|1.308302e-05|1.364450e-11|2.312572e-10|
| 70  |True   |  354  |9.438279e-06|1.139736e-05|7.966101e-12|6.706623e-10|
| 71  |True   |  347  |9.503932e-06|1.093242e-05|1.132315e-10|2.494146e-05|
| 75  |True   |  321  |9.579108e-06|1.858834e-05|8.882008e-11|1.727926e-05|
| 76  |True   |  332  |9.917902e-06|1.134648e-05|9.878534e-11|2.008292e-05|
| 62  |True   | 1107  |9.622220e-06|1.140278e-05|4.877352e-12|3.991397e-10|
| 72  |True   |  332  |9.934110e-06|1.136260e-05|1.188881e-10|2.493048e-05|
| 78  |True   |  335  |9.616944e-06|1.104546e-05|9.528394e-11|2.034046e-05|
| 73  |True   |  327  |9.400836e-06|1.407076e-05|1.138094e-10|2.511417e-05|
| 74  |True   |  344  |9.886128e-06|1.131462e-05|1.062597e-10|2.074430e-05|
| 77  |True   |  330  |9.465038e-06|1.089359e-05|9.222755e-11|2.022086e-05|
| 79  |True   |  353  |9.717675e-06|1.126332e-05|9.518571e-10|1.433374e-05|
| 80  |True   |  337  |9.553025e-06|1.098158e-05|9.327829e-11|2.025143e-05|
| 81  |True   |  329  |9.706493e-06|1.346780e-05|9.856728e-11|2.040605e-05|
| 82  |True   |  334  |9.679250e-06|1.157666e-05|8.068057e-11|1.440786e-05|
| 86  |True   |  338  |9.995406e-06|1.142390e-05|1.189413e-10|2.491757e-05|
| 83  |True   |  331  |9.863511e-06|1.207321e-05|9.794721e-11|2.025743e-05|
| 85  |True   |  354  |9.784106e-06|1.164997e-05|5.264719e-12|2.794513e-10|
| 84  |True   |  331  |9.983985e-06|1.272351e-05|1.011658e-10|2.037896e-05|
| 87  |True   |  348  |9.872473e-06|1.130098e-05|9.849030e-11|2.036596e-05|
| 88  |True   |  341  |9.468234e-06|1.089688e-05|1.074975e-10|2.505146e-05|
| 89  |True   |  334  |9.741447e-06|1.127825e-05|8.193370e-11|1.439359e-05|
| 94  |True   |  335  |9.872144e-06|1.130065e-05|1.004778e-10|2.035748e-05|
| 95  |True   |  333  |9.401261e-06|1.082975e-05|1.103393e-10|2.494089e-05|
| 91  |True   |  336  |9.744714e-06|1.117835e-05|9.486183e-11|2.074030e-05|
| 93  |True   |  350  |9.939514e-06|1.136805e-05|8.604755e-11|1.441192e-05|
| 90  |True   |  380  |9.516341e-06|1.139418e-05|1.138511e-11|3.584501e-09|
| 97  |True   |  345  |9.544346e-06|1.273592e-05|1.051443e-11|1.724792e-10|
| 92  |True   |  328  |9.581197e-06|1.350926e-05|7.861572e-11|1.438984e-05|
| 96  |True   |  326  |9.344916e-06|1.389895e-05|1.066950e-10|2.466456e-05|
| 98  |True   |  329  |9.539331e-06|1.131685e-05|1.092326e-10|2.444259e-05|
| 99  |True   |  350  |9.946451e-06|1.261107e-05|1.220000e-11|1.948303e-10|
| 102 |True   |  335  |9.706204e-06|1.149698e-05|8.100936e-11|1.442098e-05|
| 100 |True   |  326  |9.975455e-06|1.497853e-05|1.574137e-10|3.210083e-05|
| 103 |True   |  335  |9.928334e-06|1.135686e-05|8.586379e-11|1.441860e-05|
| 101 |True   |  335  |9.733670e-06|1.197687e-05|9.843321e-11|1.978948e-05|
| 105 |True   |  330  |9.754380e-06|1.193988e-05|1.145334e-10|2.490757e-05|
| 104 |True   |  333  |9.547314e-06|1.097582e-05|1.017327e-10|2.154037e-05|
| 110 |True   |  330  |9.798617e-06|1.251762e-05|9.854173e-11|2.037574e-05|
| 106 |True   |  334  |9.466932e-06|1.089542e-05|1.122395e-10|2.493071e-05|
| 109 |True   |  325  |9.585841e-06|1.529266e-05|7.882493e-11|1.441031e-05|
| 111 |True   |  357  |9.710966e-06|1.227183e-05|8.430009e-10|1.439261e-05|
| 107 |True   |  340  |9.317403e-06|1.224977e-05|1.866379e-10|1.441159e-05|
| 108 |True   |  352  |9.950943e-06|1.216263e-05|1.431895e-11|1.167498e-09|
| 112 |True   |  352  |9.805112e-06|1.322668e-05|2.728134e-12|3.827653e-10|
| 114 |True   |  332  |9.395366e-06|1.111950e-05|1.091289e-10|2.488271e-05|
| 113 |True   |  361  |9.490100e-06|1.091861e-05|9.203759e-11|2.037907e-05|
| 115 |True   |  339  |9.886993e-06|1.131549e-05|1.166516e-10|2.486778e-05|
| 116 |True   |  332  |9.919457e-06|1.134798e-05|1.019030e-10|2.027859e-05|
| 118 |True   |  330  |9.365643e-06|1.135229e-05|1.279126e-10|2.867492e-05|
| 117 |True   |  339  |9.457157e-06|1.088566e-05|1.122805e-10|2.494482e-05|
| 119 |True   |  348  |9.714645e-06|1.480532e-05|4.464587e-12|1.495164e-09|
| 121 |True   |  351  |9.947374e-06|1.137586e-05|1.193534e-10|2.491712e-05|
| 122 |True   |  331  |9.967088e-06|1.204652e-05|1.182371e-10|2.493291e-05|
| 120 |True   |  331  |9.464073e-06|1.127044e-05|9.123426e-11|2.032108e-05|
| 125 |True   |  335  |9.794537e-06|1.122305e-05|9.840914e-11|2.034770e-05|
| 124 |True   |  338  |9.719555e-06|1.114821e-05|8.103859e-11|1.443300e-05|
| 127 |True   |  351  |9.961363e-06|1.326679e-05|6.549448e-12|1.498352e-10|
| 130 |True   |  337  |9.564059e-06|1.099254e-05|1.115185e-10|2.495197e-05|
| 129 |True   |  330  |9.887566e-06|1.303936e-05|9.946044e-11|2.031520e-05|
| 126 |True   |  328  |9.113722e-06|1.219026e-05|1.262760e-10|2.869422e-05|
| 131 |True   |  350  |9.997305e-06|1.313784e-05|7.061626e-10|1.440515e-05|
| 132 |True   |  333  |9.729032e-06|1.148041e-05|1.102523e-10|2.260359e-05|
| 134 |True   |  339  |9.935279e-06|1.136380e-05|8.604565e-11|1.442093e-05|
| 123 |True   |  659  |9.736630e-06|1.116513e-05|9.841438e-11|2.037915e-05|
| 128 |True   |  342  |9.870642e-06|1.129916e-05|9.210853e-11|1.588761e-05|
| 135 |True   |  336  |9.783833e-06|1.154351e-05|1.154075e-10|2.490498e-05|
| 136 |True   |  332  |9.665476e-06|1.180033e-05|9.633809e-11|2.029124e-05|
| 133 |True   |  341  |9.415344e-06|1.084385e-05|1.113106e-10|2.494260e-05|
| 137 |True   |  334  |9.616470e-06|1.104498e-05|9.638519e-11|2.035230e-05|
| 139 |True   |  336  |9.321290e-06|1.104841e-05|1.069885e-10|2.486396e-05|
| 141 |True   |  335  |9.716824e-06|1.114533e-05|9.613976e-11|2.036007e-05|
| 140 |True   |  333  |9.441204e-06|1.121319e-05|9.222621e-11|2.038052e-05|
| 138 |True   |  338  |9.862664e-06|1.129118e-05|9.854566e-11|2.037816e-05|
| 144 |True   |  336  |9.943783e-06|1.137229e-05|1.017090e-10|2.038887e-05|
| 142 |True   |  334  |9.792486e-06|1.122099e-05|9.738148e-11|2.038102e-05|
| 145 |True   |  334  |9.981986e-06|1.141048e-05|1.192363e-10|2.488320e-05|
| 143 |True   |  345  |9.822959e-06|1.125147e-05|9.761873e-11|2.037638e-05|
| 147 |True   |  334  |9.366823e-06|1.079530e-05|1.160055e-10|2.562376e-05|
| 146 |True   |  334  |9.674424e-06|1.110294e-05|1.006594e-10|2.068063e-05|
| 150 |True   |  341  |9.784574e-06|1.121310e-05|1.152766e-10|2.466186e-05|
| 148 |True   |  338  |9.583776e-06|1.101228e-05|1.123242e-10|2.487860e-05|
| 151 |True   |  333  |9.874124e-06|1.130269e-05|9.760148e-11|2.018008e-05|
| 149 |True   |  331  |9.855432e-06|1.280324e-05|9.835024e-11|2.035496e-05|
| 152 |True   |  341  |9.699328e-06|1.112783e-05|1.135162e-10|2.416271e-05|
| 153 |True   |  340  |9.686753e-06|1.111527e-05|1.141053e-10|2.472555e-05|
| 155 |True   |  373  |9.265308e-06|1.307184e-05|6.416041e-12|2.186178e-09|
| 156 |True   |  344  |9.353747e-06|1.143083e-05|1.242789e-11|3.655870e-10|
| 154 |True   |  334  |9.896898e-06|1.151998e-05|8.520159e-11|1.441268e-05|
| 157 |True   |  331  |9.528338e-06|1.095740e-05|8.636870e-11|2.108224e-05|
| 159 |True   |  332  |9.920855e-06|1.141559e-05|1.198822e-10|2.492567e-05|
| 160 |True   |  354  |9.694272e-06|1.127655e-05|8.529610e-12|1.351442e-08|
| 162 |True   |  332  |9.787125e-06|1.393109e-05|8.298515e-11|1.441437e-05|
| 164 |True   |  331  |9.867260e-06|1.132359e-05|1.194942e-10|2.485394e-05|
| 158 |True   |  335  |9.792323e-06|1.215792e-05|9.747910e-11|2.035417e-05|
| 165 |True   |  339  |9.962401e-06|1.139095e-05|1.004792e-10|1.874843e-05|
| 163 |True   |  331  |9.708926e-06|1.208107e-05|1.147737e-10|2.493146e-05|
| 161 |True   |  336  |9.335463e-06|1.076396e-05|1.078197e-10|2.493058e-05|
| 167 |True   |  361  |9.141364e-06|1.211386e-05|7.719232e-12|2.497367e-10|
| 169 |True   |  355  |9.822128e-06|1.216989e-05|7.400026e-12|1.518087e-10|
| 166 |True   |  358  |9.070023e-06|1.310070e-05|5.106927e-12|4.599266e-10|
| 168 |True   |  356  |9.671393e-06|1.109993e-05|9.529700e-11|2.034595e-05|
| 170 |True   |  352  |9.503271e-06|1.199114e-05|7.918399e-12|2.169196e-10|
| 171 |True   |  333  |9.459461e-06|1.088797e-05|1.105843e-10|2.494954e-05|
| 173 |True   |  333  |9.968026e-06|1.139654e-05|1.363105e-10|2.850708e-05|
| 174 |True   |  371  |9.784974e-06|1.146218e-05|6.396981e-12|1.396194e-09|
| 172 |True   |  331  |9.512054e-06|1.167017e-05|1.108104e-10|2.492430e-05|
| 179 |True   |  326  |9.738324e-06|1.505982e-05|1.153823e-10|2.487126e-05|
| 178 |True   |  332  |9.933480e-06|1.136210e-05|9.772656e-11|2.004011e-05|
| 175 |True   |  363  |9.859890e-06|1.239063e-05|4.525803e-12|3.094900e-10|
| 181 |True   |  331  |9.527632e-06|1.151224e-05|1.097772e-10|2.470443e-05|
| 177 |True   |  326  |9.696231e-06|1.479263e-05|9.881397e-11|2.038205e-05|
| 176 |True   |  354  |9.428825e-06|1.111119e-05|8.560756e-12|5.518146e-10|
| 183 |True   |  358  |9.248851e-06|1.265846e-05|2.351198e-12|4.712438e-10|
| 184 |True   |  348  |9.705301e-06|1.321931e-05|1.074047e-11|1.634552e-09|
| 182 |True   |  348  |9.919825e-06|1.650798e-05|2.211967e-12|2.778894e-09|
| 180 |True   |  354  |9.922733e-06|1.179809e-05|1.122012e-11|8.314800e-10|
| 185 |True   |  346  |9.597464e-06|1.550458e-05|1.767081e-11|7.802341e-10|
| 186 |True   |  335  |9.800291e-06|1.122883e-05|9.838719e-11|2.035004e-05|
| 188 |True   |  354  |9.456479e-06|1.200709e-05|4.047881e-12|1.556014e-10|
| 191 |True   |  335  |9.675585e-06|1.110414e-05|8.061165e-11|1.442057e-05|
| 192 |True   |  331  |9.755337e-06|1.258153e-05|1.048645e-10|2.137801e-05|
| 193 |True   |  337  |9.539461e-06|1.240605e-05|1.817343e-10|2.026874e-05|
| 187 |True   |  327  |9.756468e-06|1.493694e-05|9.695099e-11|2.033648e-05|
| 195 |True   |  350  |9.784573e-06|1.124055e-05|5.787006e-10|2.146201e-05|
| 196 |True   |  358  |9.895760e-06|1.175653e-05|1.693766e-11|8.321565e-10|
| 189 |True   |  350  |9.780098e-06|1.256518e-05|1.259585e-12|1.246313e-08|
| 190 |True   |  338  |9.907267e-06|1.133583e-05|8.528644e-11|1.442208e-05|
| 194 |True   |  342  |9.832029e-06|1.126055e-05|8.393519e-11|1.441999e-05|
| 199 |True   |  344  |9.721807e-06|1.753913e-05|1.638138e-11|8.563746e-10|
| 200 |True   |  348  |9.911484e-06|1.445820e-05|1.373477e-11|3.535060e-10|
| 197 |True   |  347  |9.763880e-06|1.415649e-05|8.569993e-10|1.440183e-05|
| 202 |True   |  340  |9.332123e-06|1.076062e-05|1.078670e-10|2.492815e-05|
| 198 |True   |  774  |9.898513e-06|1.132705e-05|8.518284e-11|1.440494e-05|
| 203 |True   |  350  |9.563230e-06|1.197839e-05|1.749572e-11|6.066822e-10|
| 206 |True   |  332  |9.946605e-06|1.169106e-05|9.969263e-11|2.032303e-05|
| 207 |True   |  338  |9.679656e-06|1.110818e-05|9.577601e-11|2.037934e-05|
| 201 |True   |  344  |9.951981e-06|1.138049e-05|1.180667e-10|2.484211e-05|
| 204 |True   |  335  |9.495569e-06|1.092408e-05|9.191256e-11|2.036888e-05|
| 208 |True   |  330  |9.451362e-06|1.181353e-05|9.216010e-11|2.027183e-05|
| 205 |True   |  350  |9.742844e-06|1.253743e-05|6.101955e-12|8.501625e-10|
| 210 |True   |  333  |9.761414e-06|1.184888e-05|1.000077e-10|2.037828e-05|
| 211 |True   |  339  |9.297665e-06|1.072615e-05|1.071824e-10|2.495119e-05|
| 209 |True   |  342  |9.989718e-06|1.381695e-05|4.324155e-12|5.475570e-10|
| 213 |True   |  340  |9.807217e-06|1.123572e-05|9.736783e-11|2.037757e-05|
| 217 |True   |  336  |9.961415e-06|1.138988e-05|1.374102e-10|2.877166e-05|
| 212 |True   |  770  |9.622930e-06|1.105142e-05|1.131033e-10|2.490583e-05|
| 214 |True   |  355  |9.387574e-06|1.206616e-05|5.098099e-10|1.439206e-05|
| 219 |True   |  348  |9.916396e-06|1.318777e-05|1.757032e-11|4.073845e-10|
| 215 |True   |  332  |9.435910e-06|1.111814e-05|9.102206e-11|2.032890e-05|
| 220 |True   |  341  |9.655124e-06|1.108367e-05|8.020160e-11|1.441681e-05|
| 216 |True   |  338  |9.868930e-06|1.129743e-05|9.851616e-11|2.038529e-05|
| 222 |True   |  350  |9.996397e-06|1.187259e-05|1.460783e-11|7.086136e-10|
| 218 |True   |  334  |9.485233e-06|1.091383e-05|9.163988e-11|2.038156e-05|
| 223 |True   |  352  |9.887551e-06|1.163426e-05|9.687380e-12|4.146321e-10|
| 221 |True   |  324  |9.881378e-06|1.666209e-05|9.995288e-11|2.037663e-05|
| 224 |True   |  333  |9.595762e-06|1.102472e-05|9.678666e-11|2.072625e-05|
| 226 |True   |  344  |8.627155e-06|1.749123e-05|1.359383e-11|1.959857e-09|
| 225 |True   |  337  |9.757445e-06|1.118594e-05|1.172549e-10|2.485825e-05|
| 230 |True   |  334  |9.972022e-06|1.140055e-05|8.676236e-11|1.441896e-05|
| 228 |True   |  327  |9.598442e-06|1.419750e-05|1.154439e-10|2.493477e-05|
| 234 |True   |  350  |9.625793e-06|1.320199e-05|4.218368e-12|3.388446e-10|
| 229 |True   |  348  |9.680163e-06|1.411716e-05|1.224743e-11|4.372696e-09|
| 235 |True   |  328  |9.672140e-06|1.420594e-05|8.062356e-11|1.440722e-05|
| 231 |True   |  343  |9.854595e-06|1.128338e-05|9.491681e-11|2.055233e-05|
| 236 |True   |  341  |9.975820e-06|1.140439e-05|1.009471e-10|1.904258e-05|
| 237 |True   |  326  |9.505171e-06|1.503926e-05|1.106691e-10|2.491736e-05|
| 233 |True   |  349  |9.619114e-06|1.106533e-05|1.515310e-10|1.447208e-05|
| 238 |True   |  350  |9.563004e-06|1.216943e-05|5.748652e-10|1.441176e-05|
| 227 |True   |  992  |9.758793e-06|1.118733e-05|8.237141e-11|1.440826e-05|
| 232 |True   | 1111  |9.827549e-06|1.125609e-05|8.370239e-11|1.439949e-05|
| 239 |True   |  342  |9.749678e-06|1.796863e-05|1.376225e-11|7.961742e-10|
| 241 |True   |  368  |9.631670e-06|1.106022e-05|7.971400e-11|1.441096e-05|
| 243 |True   |  338  |9.589964e-06|1.101852e-05|7.880553e-11|1.440921e-05|
| 244 |True   |  343  |9.584915e-06|1.101345e-05|7.885303e-11|1.441419e-05|
| 240 |True   |  364  |9.639045e-06|1.128361e-05|7.792652e-12|7.206480e-10|
| 245 |True   |  324  |9.744167e-06|1.553423e-05|1.324191e-10|2.843407e-05|
| 247 |True   |  336  |9.714566e-06|1.114389e-05|1.008653e-10|2.860261e-05|
| 242 |True   |  442  |9.561012e-06|1.098954e-05|9.456433e-11|2.035047e-05|
| 250 |True   |  331  |9.675890e-06|1.232576e-05|9.520287e-11|2.035663e-05|
| 251 |True   |  354  |9.985918e-06|1.261467e-05|2.899530e-12|6.326279e-10|
| 246 |True   |  551  |9.780308e-06|1.120880e-05|1.161870e-10|2.489413e-05|
| 252 |True   |  314  |9.440569e-06|2.579944e-05|9.165470e-11|2.035174e-05|
| 248 |True   |  654  |9.773229e-06|1.120171e-05|1.153138e-10|2.494336e-05|
| 249 |True   |  324  |9.855191e-06|1.624536e-05|1.352146e-10|2.868700e-05|
| 255 |True   |  332  |9.802316e-06|1.213769e-05|8.323134e-11|1.441706e-05|
| 257 |True   |  350  |9.500970e-06|1.292408e-05|5.017810e-12|3.955809e-09|
| 258 |True   |  330  |9.995010e-06|1.229887e-05|1.196984e-10|2.491814e-05|
| 253 |True   |  349  |9.652594e-06|1.161862e-05|8.751664e-13|8.667160e-11|
| 263 |True   |  333  |9.701982e-06|1.133703e-05|9.525364e-11|2.030081e-05|
| 256 |True   |  361  |9.288107e-06|1.100425e-05|4.410294e-12|1.089707e-09|
| 259 |True   |  350  |9.554471e-06|1.342947e-05|1.214188e-11|5.824427e-10|
| 264 |True   |  328  |9.787188e-06|1.121570e-05|9.831922e-11|2.036426e-05|
| 265 |True   |  350  |9.529538e-06|1.321865e-05|1.182926e-11|4.803177e-10|
| 262 |True   |  354  |9.663655e-06|1.168997e-05|5.217127e-12|1.836130e-10|
| 254 |True   | 1562  |9.747028e-06|2.460626e-04|1.550152e-11|2.531678e-07|
| 267 |True   |  346  |9.940079e-06|1.628199e-05|6.834117e-12|2.105807e-10|
| 270 |True   |  332  |9.979104e-06|1.201180e-05|8.681913e-11|1.441497e-05|
| 271 |True   |  350  |9.598576e-06|1.268695e-05|3.046336e-12|1.693208e-10|
| 266 |True   |  359  |9.737312e-06|1.182253e-05|1.614179e-11|1.942582e-10|
| 268 |True   |  330  |9.471474e-06|1.191109e-05|9.303076e-11|2.034821e-05|
| 272 |True   |  348  |9.443927e-06|1.243238e-05|4.573133e-10|1.433182e-05|
| 260 |True   | 1855  |9.894114e-06|1.132264e-05|8.517391e-11|1.441793e-05|
| 269 |True   |  356  |9.853510e-06|1.511430e-05|1.335453e-11|3.259688e-09|
| 275 |True   |  334  |9.850314e-06|1.146961e-05|8.422181e-11|1.441750e-05|
| 273 |True   |  329  |9.640042e-06|1.459351e-05|3.481558e-10|5.786908e-07|
| 276 |True   |  338  |9.865985e-06|1.129458e-05|1.000599e-10|2.017541e-05|
| 274 |True   |  805  |9.784123e-06|1.132833e-05|8.427176e-10|1.417484e-05|
| 279 |True   |  350  |9.907803e-06|1.338513e-05|4.456224e-12|1.203205e-10|
| 277 |True   |  331  |9.633201e-06|1.211533e-05|9.527080e-11|2.038068e-05|
| 280 |True   |  329  |9.726759e-06|1.244326e-05|1.041153e-10|2.127070e-05|
| 278 |True   |  340  |9.896137e-06|1.132464e-05|1.018515e-10|2.038214e-05|
| 284 |True   |  345  |9.716900e-06|1.114540e-05|1.142103e-10|2.494847e-05|
| 281 |True   |  325  |9.881730e-06|1.505268e-05|1.377462e-10|2.873431e-05|
| 285 |True   |  350  |9.822235e-06|1.330644e-05|3.679019e-12|1.499163e-10|
| 282 |True   |  324  |9.432789e-06|1.512533e-05|9.161435e-11|2.044551e-05|
| 261 |True   | 2634  |9.545829e-06|1.132364e-05|9.539320e-11|2.030148e-05|
| 286 |True   |  352  |9.656143e-06|1.142576e-05|1.091124e-11|3.403705e-10|
| 287 |True   |  343  |9.534865e-06|1.096344e-05|9.236743e-11|2.035751e-05|
| 288 |True   |  332  |9.630336e-06|1.105885e-05|1.131124e-10|2.490382e-05|
| 283 |True   |  351  |9.893374e-06|1.390102e-05|2.843464e-12|2.385281e-10|
| 290 |True   |  332  |9.824952e-06|1.125355e-05|9.777779e-11|2.015028e-05|
| 293 |True   |  343  |9.537045e-06|1.096557e-05|9.475830e-11|2.037192e-05|
| 295 |True   |  327  |9.793504e-06|1.493067e-05|9.690148e-11|2.033794e-05|
| 296 |True   |  337  |9.660351e-06|1.108884e-05|1.143968e-10|2.493055e-05|
| 297 |True   |  346  |9.522063e-06|1.493241e-05|7.785616e-12|1.832099e-09|
| 292 |True   |  342  |9.641052e-06|1.106957e-05|9.660892e-11|2.036061e-05|
| 289 |True   |  559  |9.479419e-06|1.090794e-05|1.035674e-10|2.211179e-05|
| 291 |True   |  746  |9.609500e-06|1.103801e-05|9.594394e-11|2.037637e-05|
| 294 |True   |  335  |9.763801e-06|1.119233e-05|8.252022e-11|1.442117e-05|
| 299 |True   |  354  |9.778914e-06|1.176926e-05|1.123095e-11|4.982724e-10|
| 300 |True   |  330  |9.623453e-06|1.281353e-05|9.490711e-11|2.036191e-05|
| 298 |True   |  331  |9.482545e-06|1.181538e-05|9.162323e-11|2.029792e-05|
| 303 |True   |  344  |9.545705e-06|1.730418e-05|1.578133e-11|6.652195e-10|
| 302 |True   |  336  |9.755006e-06|1.118349e-05|1.151230e-10|2.492531e-05|
| 301 |True   |  335  |9.491683e-06|1.130074e-05|9.253273e-11|2.038224e-05|
| 305 |True   |  333  |9.379126e-06|1.080765e-05|1.082077e-10|2.479117e-05|
| 304 |True   |  327  |9.907208e-06|1.478528e-05|9.908426e-11|2.035198e-05|
| 307 |True   |  335  |9.846612e-06|1.127510e-05|1.186792e-10|2.492354e-05|
| 306 |True   |  328  |9.429640e-06|1.325518e-05|1.119824e-10|2.499361e-05|
| 311 |True   |  327  |9.537482e-06|1.363357e-05|1.107675e-10|2.485578e-05|
| 309 |True   |  332  |9.422655e-06|1.085113e-05|1.286690e-10|2.869766e-05|
| 310 |True   |  350  |9.364073e-06|1.294728e-05|1.414073e-11|3.735562e-10|
| 315 |True   |  352  |9.485423e-06|1.134311e-05|1.354748e-11|1.424929e-09|
| 314 |True   |  357  |9.811729e-06|1.124027e-05|8.408426e-11|1.441765e-05|
| 308 |True   | 1113  |9.888270e-06|1.186818e-05|1.115325e-11|6.056888e-10|
| 312 |True   |  366  |9.958241e-06|1.224436e-05|3.886030e-12|1.427845e-10|
| 317 |True   |  356  |9.707041e-06|1.228492e-05|8.176719e-10|1.441654e-05|
| 316 |True   |  353  |9.519115e-06|1.284471e-05|5.118417e-12|1.727746e-10|
| 313 |True   |  338  |9.771338e-06|1.119983e-05|1.161581e-10|2.490682e-05|
| 318 |True   |  328  |9.975970e-06|1.405343e-05|8.754634e-11|1.440514e-05|
| 319 |True   |  350  |9.961973e-06|1.304302e-05|8.678760e-12|3.319803e-10|
| 320 |True   |  334  |9.800034e-06|1.122852e-05|1.158529e-10|2.493625e-05|
| 321 |True   |  353  |9.593019e-06|1.114534e-05|9.733829e-10|1.433476e-05|
| 323 |True   |  329  |9.561456e-06|1.145932e-05|9.201362e-11|2.012264e-05|
| 324 |True   |  337  |9.724756e-06|1.115338e-05|9.463420e-11|2.030056e-05|
| 322 |True   |  340  |9.797536e-06|1.122608e-05|9.816029e-11|2.035565e-05|
| 325 |True   |  342  |9.669619e-06|1.109815e-05|8.057487e-11|1.441452e-05|
| 328 |True   |  350  |9.259837e-06|1.137229e-05|9.830209e-12|7.672212e-10|
| 329 |True   |  314  |9.931468e-06|2.638810e-05|1.061356e-10|2.051862e-05|
| 331 |True   |  347  |9.983296e-06|1.141182e-05|8.698284e-11|1.441765e-05|
| 326 |True   |  330  |9.915713e-06|1.253626e-05|1.175557e-10|2.492800e-05|
| 327 |True   |  338  |9.670147e-06|1.109866e-05|9.632337e-11|2.036016e-05|
| 332 |True   |  342  |9.979211e-06|1.140771e-05|1.012981e-10|2.037849e-05|
| 330 |True   |  331  |9.632536e-06|1.203877e-05|9.476176e-11|2.036321e-05|
| 336 |True   |  342  |9.639656e-06|1.106816e-05|1.137973e-10|2.492694e-05|
| 335 |True   |  363  |9.560063e-06|1.171673e-05|9.522691e-12|1.157165e-09|
| 333 |True   |  447  |9.689015e-06|1.111756e-05|9.482335e-11|2.022365e-05|
| 337 |True   |  350  |9.243890e-06|1.176989e-05|1.038573e-11|1.479977e-09|
| 334 |True   |  356  |9.423931e-06|1.135274e-05|6.051076e-12|2.889167e-10|
| 338 |True   |  327  |9.901820e-06|1.370114e-05|1.368464e-10|2.874874e-05|
| 339 |True   |  367  |9.292963e-06|1.198788e-05|9.169667e-10|2.470624e-05|
| 342 |True   |  321  |9.957251e-06|1.237914e-05|1.007781e-10|2.005291e-05|
| 343 |True   |  328  |9.672893e-06|1.424503e-05|8.066840e-11|1.441602e-05|
| 340 |True   |  350  |9.722969e-06|1.364979e-05|8.093986e-12|2.546390e-10|
| 341 |True   |  329  |9.765241e-06|1.321748e-05|1.149975e-10|2.490290e-05|
| 347 |True   |  332  |9.999337e-06|1.156248e-05|1.035460e-10|2.038180e-05|
| 344 |True   |  336  |9.672121e-06|1.110068e-05|8.042228e-11|1.438287e-05|
| 345 |True   |  333  |9.352507e-06|1.078099e-05|1.276233e-10|2.877040e-05|
| 349 |True   |  350  |9.461990e-06|1.196565e-05|1.014287e-11|4.608346e-10|
| 350 |True   |  350  |9.766872e-06|1.221734e-05|8.915643e-12|1.425969e-10|
| 351 |True   |  457  |9.718211e-06|1.114670e-05|1.145508e-10|2.493180e-05|
| 348 |True   |  346  |9.485205e-06|1.557280e-05|1.275720e-11|1.585232e-09|
| 355 |True   |  334  |9.426552e-06|1.085506e-05|9.278364e-11|2.043097e-05|
| 353 |True   |  350  |9.485837e-06|1.297928e-05|6.244384e-12|2.170753e-09|
| 354 |True   |  451  |9.605250e-06|1.103377e-05|8.268563e-11|1.476077e-05|
| 352 |True   |  334  |9.568002e-06|1.150329e-05|9.475880e-11|2.034740e-05|
| 356 |True   |  335  |9.529554e-06|1.095808e-05|9.258501e-11|2.034972e-05|
| 357 |True   |  343  |9.710854e-06|1.113938e-05|8.147557e-11|1.442111e-05|
| 359 |True   |  341  |9.865630e-06|1.129413e-05|1.172392e-10|2.487843e-05|
| 346 |True   | 1225  |9.570525e-06|1.182487e-05|1.148211e-11|6.902073e-09|
| 361 |True   |  335  |9.486167e-06|1.091473e-05|9.182663e-11|2.027271e-05|
| 358 |True   |  340  |9.585430e-06|1.101396e-05|9.342314e-11|2.037660e-05|
| 363 |True   |  335  |9.708190e-06|1.113673e-05|8.132690e-11|1.441612e-05|
| 362 |True   |  353  |9.607287e-06|1.420285e-05|8.293274e-12|3.896713e-10|
| 360 |True   |  352  |9.560202e-06|1.267863e-05|6.666990e-10|1.440839e-05|
| 366 |True   |  338  |9.882849e-06|1.131131e-05|1.361268e-10|2.879287e-05|
| 365 |True   |  335  |9.434931e-06|1.086346e-05|9.051076e-11|2.030699e-05|
| 367 |True   |  331  |9.721313e-06|1.138781e-05|1.336939e-10|2.867181e-05|
| 364 |True   |  354  |9.525651e-06|1.195193e-05|2.027694e-11|3.805542e-10|
| 369 |True   |  322  |9.954242e-06|1.892472e-05|1.014212e-10|2.035430e-05|
| 368 |True   |  342  |9.597946e-06|1.749566e-05|6.770018e-12|1.550052e-09|
| 370 |True   |  335  |9.868859e-06|1.129744e-05|9.885344e-11|2.040084e-05|
| 371 |True   |  344  |9.543047e-06|1.567775e-05|1.277726e-11|4.209043e-10|
| 372 |True   |  337  |9.429151e-06|1.085767e-05|9.109888e-11|2.034624e-05|
| 375 |True   |  331  |9.438189e-06|1.106242e-05|1.289410e-10|2.875396e-05|
| 374 |True   |  345  |9.769295e-06|1.119778e-05|1.154679e-10|2.493714e-05|
| 376 |True   |  332  |9.383927e-06|1.084739e-05|1.079233e-10|2.464234e-05|
| 379 |True   |  329  |9.857648e-06|1.290812e-05|1.167895e-10|2.463107e-05|
| 373 |True   |  332  |9.912416e-06|1.207615e-05|9.981286e-11|2.036415e-05|
| 378 |True   |  342  |9.569014e-06|1.122383e-05|9.792210e-11|1.448013e-05|
| 381 |True   |  344  |9.766355e-06|1.120700e-05|1.206552e-10|1.518362e-05|
| 377 |True   |  333  |9.440019e-06|1.086853e-05|9.207352e-11|2.038812e-05|
| 383 |True   |  350  |9.506054e-06|1.226207e-05|4.233514e-12|7.540423e-10|
| 382 |True   |  331  |9.809759e-06|1.214984e-05|9.879268e-11|2.033887e-05|
| 385 |True   |  348  |9.924499e-06|1.433822e-05|2.383734e-12|1.097296e-10|
| 386 |True   |  341  |9.615972e-06|1.104452e-05|1.297043e-10|2.832586e-05|
| 389 |True   |  345  |9.897098e-06|1.132563e-05|9.850289e-11|2.026130e-05|
| 388 |True   |  334  |9.812828e-06|1.124132e-05|1.157917e-10|2.491931e-05|
| 384 |True   |  358  |9.727018e-06|1.330719e-05|9.311212e-12|1.713173e-10|
| 380 |True   | 1196  |9.802955e-06|1.159222e-05|8.313688e-11|1.441675e-05|
| 391 |True   |  330  |9.834992e-06|1.323743e-05|1.004835e-10|2.036948e-05|
| 387 |True   |  333  |9.780707e-06|1.124915e-05|9.708937e-11|2.034320e-05|
| 392 |True   |  324  |9.752483e-06|1.593847e-05|1.145188e-10|2.483569e-05|
| 393 |True   |  336  |9.776385e-06|1.120493e-05|8.266662e-11|1.441305e-05|
| 394 |True   |  320  |9.993834e-06|2.026087e-05|1.023746e-10|2.038954e-05|
| 390 |True   |  353  |9.733712e-06|1.348454e-05|8.797509e-12|1.651105e-10|
| 395 |True   |  327  |9.526345e-06|1.349689e-05|1.423253e-10|3.001263e-05|
| 398 |True   |  335  |9.840618e-06|1.126909e-05|1.355664e-10|2.876360e-05|
| 399 |True   |  354  |9.423962e-06|1.171917e-05|3.678809e-12|1.412672e-10|
| 396 |True   |  329  |9.149977e-06|1.150633e-05|1.226495e-10|2.817003e-05|
| 402 |True   |  334  |9.817590e-06|1.143322e-05|1.011159e-10|2.038367e-05|
| 401 |True   |  346  |9.864630e-06|1.300000e-05|6.814003e-10|1.441429e-05|
| 403 |True   |  344  |9.988760e-06|1.266117e-05|4.131054e-10|1.440359e-05|
| 397 |True   |  330  |9.944823e-06|1.283138e-05|1.000728e-10|2.034891e-05|
| 405 |True   |  352  |9.367755e-06|1.168582e-05|7.574997e-12|1.414267e-10|
| 400 |True   |  353  |9.509975e-06|1.263083e-05|6.348826e-12|8.490800e-10|
| 406 |True   |  328  |9.654936e-06|1.336399e-05|9.749962e-11|2.046601e-05|
| 407 |True   |  352  |9.172271e-06|1.163491e-05|8.245375e-12|2.161341e-10|
| 409 |True   |  332  |9.567470e-06|1.157726e-05|9.457171e-11|2.033194e-05|
| 408 |True   |  341  |9.396876e-06|1.082540e-05|1.089791e-10|2.493105e-05|
| 404 |True   |  347  |9.676423e-06|1.110496e-05|8.069336e-11|1.441946e-05|
| 411 |True   |  335  |9.672481e-06|1.110097e-05|1.146594e-10|2.493574e-05|
| 413 |True   |  338  |9.754604e-06|1.118313e-05|1.137541e-10|2.473450e-05|
| 415 |True   |  331  |9.583609e-06|1.213916e-05|1.120472e-10|2.493973e-05|
| 416 |True   |  329  |9.793158e-06|1.196018e-05|9.698208e-11|2.016910e-05|
| 410 |True   |  354  |9.847536e-06|1.496398e-05|1.577528e-11|1.906594e-09|
| 418 |True   |  328  |9.761099e-06|1.356729e-05|1.147714e-10|2.494558e-05|
| 412 |True   |  344  |9.742612e-06|1.117114e-05|8.211825e-11|1.441977e-05|
| 417 |True   |  337  |9.907440e-06|1.133594e-05|1.189125e-10|2.490535e-05|
| 420 |True   |  336  |9.689763e-06|1.111828e-05|9.772226e-11|2.036250e-05|
| 414 |True   |  342  |9.599898e-06|1.102839e-05|1.123367e-10|2.493836e-05|
| 421 |True   |  338  |9.825066e-06|1.125355e-05|1.167200e-10|2.494869e-05|
| 422 |True   |  329  |9.545324e-06|1.141636e-05|9.349122e-11|2.039706e-05|
| 425 |True   |  350  |9.444929e-06|1.259631e-05|3.688275e-12|1.734378e-10|
| 419 |True   |  350  |9.654697e-06|1.108329e-05|9.417137e-11|1.999297e-05|
| 427 |True   |  352  |9.941720e-06|1.270970e-05|3.200206e-12|1.318445e-10|
| 428 |True   |  354  |9.759674e-06|1.183547e-05|5.612097e-12|6.439244e-10|
| 423 |True   |  658  |9.957745e-06|1.138626e-05|1.175046e-10|2.493245e-05|
| 430 |True   |  339  |9.429605e-06|1.349620e-05|1.032215e-10|2.158821e-05|
| 431 |True   |  334  |9.738286e-06|1.116680e-05|9.604176e-11|2.033041e-05|
| 424 |True   |  359  |9.242469e-06|1.132646e-05|1.552957e-11|1.929606e-10|
| 426 |True   |  346  |9.650379e-06|1.107894e-05|8.145796e-11|1.447235e-05|
| 432 |True   |  344  |9.622344e-06|1.105085e-05|9.705087e-11|2.037729e-05|
| 434 |True   |  306  |9.977659e-06|2.216409e-05|8.542241e-11|1.434687e-05|
| 429 |True   |  336  |9.803505e-06|1.123204e-05|8.326817e-11|1.441446e-05|
| 435 |True   |  330  |9.774256e-06|1.257379e-05|1.157369e-10|2.491596e-05|
| 436 |True   |  352  |9.721060e-06|1.308110e-05|3.037112e-12|4.152723e-09|
| 437 |True   |  451  |9.811813e-06|1.124030e-05|1.192268e-10|2.494527e-05|
| 433 |True   |  332  |9.776927e-06|1.120545e-05|9.645591e-11|2.029834e-05|
| 438 |True   |  562  |9.767648e-06|1.119620e-05|8.242424e-11|1.440466e-05|
| 442 |True   |  356  |9.238150e-06|1.149682e-05|3.408756e-12|2.145761e-08|
| 444 |True   |  342  |9.759900e-06|1.215753e-05|2.268691e-10|2.070828e-05|
| 445 |True   |  350  |9.342140e-06|1.127421e-05|1.162867e-11|1.710847e-08|
| 441 |True   |  335  |9.964645e-06|1.139317e-05|8.661232e-11|1.441695e-05|
| 440 |True   |  358  |9.876981e-06|1.139860e-05|8.025264e-10|1.444313e-05|
| 446 |True   |  338  |9.913472e-06|1.134324e-05|9.530769e-11|3.330332e-05|
| 439 |True   |  776  |9.919850e-06|1.773309e-05|6.380497e-12|2.946422e-10|
| 443 |True   |  347  |9.500453e-06|1.092897e-05|9.466126e-11|2.037622e-05|
| 449 |True   |  330  |9.853973e-06|1.313251e-05|9.806432e-11|2.037395e-05|
| 448 |True   |  346  |9.441897e-06|1.295535e-05|6.844348e-12|2.920811e-10|
| 450 |True   |  341  |9.448949e-06|1.087742e-05|1.292539e-10|2.876904e-05|
| 447 |True   |  341  |9.784819e-06|1.121330e-05|1.156960e-10|2.493986e-05|
| 454 |True   |  340  |9.706174e-06|1.113466e-05|1.143443e-10|2.492850e-05|
| 455 |True   |  324  |9.593223e-06|1.660361e-05|7.889261e-11|1.440991e-05|
| 451 |True   |  350  |9.629387e-06|1.286492e-05|7.408392e-12|1.890462e-08|
| 456 |True   |  338  |9.789690e-06|1.121820e-05|9.713786e-11|2.038322e-05|
| 457 |True   |  342  |9.546576e-06|1.097509e-05|9.376097e-11|2.037676e-05|
| 452 |True   |  343  |9.980772e-06|1.140931e-05|1.000399e-10|2.036019e-05|
| 459 |True   |  329  |9.880573e-06|1.257812e-05|1.050220e-10|2.126668e-05|
| 458 |True   |  360  |9.168472e-06|1.219626e-05|2.822000e-12|9.295258e-11|
| 453 |True   |  466  |9.824862e-06|1.162365e-05|1.618937e-11|4.988549e-10|
| 461 |True   |  354  |9.714870e-06|1.130967e-05|6.454264e-12|7.068079e-10|
| 462 |True   |  345  |9.927038e-06|1.270540e-05|4.257183e-10|2.035150e-05|
| 464 |True   |  356  |9.816535e-06|1.278329e-05|5.073014e-12|2.417015e-10|
| 465 |True   |  332  |9.664803e-06|1.109353e-05|9.264987e-11|2.043695e-05|
| 468 |True   |  340  |9.897601e-06|1.586112e-05|1.402865e-11|4.823784e-10|
| 467 |True   |  331  |9.306202e-06|1.128998e-05|1.071280e-10|2.480176e-05|
| 460 |True   |  346  |9.568561e-06|1.515030e-05|1.241386e-11|1.829132e-09|
| 463 |True   |  330  |9.504999e-06|1.331421e-05|9.296474e-11|2.036015e-05|
| 466 |True   |  342  |9.616824e-06|1.104537e-05|9.450375e-11|2.030267e-05|
| 471 |True   |  330  |9.461017e-06|1.113609e-05|8.693938e-11|1.909188e-05|
| 472 |True   |  333  |9.717268e-06|1.114577e-05|1.144085e-10|2.488322e-05|
| 470 |True   |  360  |9.326157e-06|1.425555e-05|4.312519e-12|1.839966e-09|
| 474 |True   |  321  |9.732595e-06|1.907439e-05|1.153445e-10|2.479775e-05|
| 473 |True   |  330  |9.764241e-06|1.259955e-05|1.146389e-10|2.494732e-05|
| 475 |True   |  344  |9.462846e-06|1.089136e-05|9.365356e-11|2.037836e-05|
| 469 |True   |  337  |9.666324e-06|1.109483e-05|1.128324e-10|2.485620e-05|
| 478 |True   |  334  |9.676330e-06|1.110487e-05|9.485461e-11|2.032474e-05|
| 480 |True   |  330  |9.467869e-06|1.266622e-05|9.169873e-11|2.036701e-05|
| 482 |True   |  330  |9.640030e-06|1.253211e-05|9.693550e-11|2.035387e-05|
| 476 |True   |  324  |9.711174e-06|1.640740e-05|9.539823e-11|2.031415e-05|
| 483 |True   |  351  |9.560985e-06|1.098953e-05|9.266436e-11|2.026659e-05|
| 484 |True   |  331  |9.389781e-06|1.115181e-05|1.093145e-10|2.494772e-05|
| 477 |True   |  327  |9.947084e-06|1.424752e-05|1.004426e-10|2.022973e-05|
| 481 |True   |  353  |9.358547e-06|1.194662e-05|9.514211e-10|1.434843e-05|
| 486 |True   |  328  |9.721927e-06|1.360522e-05|1.169479e-10|2.484996e-05|
| 487 |True   |  342  |9.452239e-06|1.088075e-05|9.127296e-11|2.038326e-05|
| 485 |True   |  347  |9.698244e-06|1.480261e-05|6.311897e-12|7.258950e-10|
| 488 |True   |  335  |9.623191e-06|1.105174e-05|9.348440e-11|2.024202e-05|
| 490 |True   |  329  |9.853953e-06|1.355547e-05|9.847275e-11|2.033394e-05|
| 479 |True   |  979  |9.536768e-06|1.096527e-05|9.474661e-11|2.038327e-05|
| 491 |True   |  334  |9.607222e-06|1.120066e-05|9.550166e-11|2.037892e-05|
| 493 |True   |  337  |9.602525e-06|1.103108e-05|7.909850e-11|1.441954e-05|
| 494 |True   |  332  |9.364024e-06|1.079253e-05|1.272222e-10|2.855391e-05|
| 489 |True   |  342  |9.478132e-06|1.889131e-05|1.549841e-11|8.870011e-10|
| 495 |True   |  326  |9.691146e-06|1.212377e-05|8.211913e-11|1.435882e-05|
| 497 |True   |  342  |9.889491e-06|1.756130e-05|1.483073e-11|9.168503e-10|
| 492 |True   |  339  |9.584566e-06|1.101308e-05|9.348826e-11|2.037374e-05|
| 498 |True   |  328  |9.663608e-06|1.388670e-05|8.039145e-11|1.441580e-05|
| 500 |True   |  346  |9.719710e-06|1.116388e-05|1.345400e-10|1.445611e-05|
| 501 |True   |  354  |9.256032e-06|1.254830e-05|2.009080e-12|7.886084e-10|
| 502 |True   |  352  |9.750767e-06|1.147938e-05|9.254964e-12|3.965456e-10|
| 496 |True   |  348  |9.543131e-06|1.408507e-05|1.999310e-11|5.552775e-10|
| 499 |True   |  329  |9.770508e-06|1.327829e-05|9.958939e-11|2.193969e-05|
| 504 |True   |  342  |9.875901e-06|1.130440e-05|1.110059e-10|2.255626e-05|
| 505 |True   |  356  |9.992752e-06|1.142134e-05|8.689805e-11|1.441560e-05|
| 507 |True   |  347  |9.557727e-06|1.098626e-05|7.831226e-11|1.442010e-05|
| 508 |True   |  341  |9.484404e-06|1.091295e-05|1.018041e-10|2.181486e-05|
| 503 |True   |  332  |9.876085e-06|1.130459e-05|1.173453e-10|2.479009e-05|
| 509 |True   |  359  |9.808099e-06|1.123661e-05|1.156184e-10|2.478071e-05|
| 510 |True   |  346  |9.944376e-06|1.644018e-05|4.729962e-12|1.412100e-09|
| 506 |True   |  330  |9.897944e-06|1.213261e-05|1.160749e-10|2.472030e-05|
| 513 |True   |  333  |9.385752e-06|1.102978e-05|1.087729e-10|2.490337e-05|
| 514 |True   |  325  |9.911800e-06|1.544768e-05|8.504852e-11|1.438802e-05|
| 516 |True   |  349  |9.440134e-06|1.239279e-05|2.472651e-10|1.441752e-05|
| 515 |True   |  335  |9.878587e-06|1.130722e-05|1.139331e-10|2.504893e-05|
| 511 |True   |  335  |9.617511e-06|1.104602e-05|9.529919e-11|2.036540e-05|
| 512 |True   |  348  |9.488791e-06|1.429496e-05|1.132214e-11|1.744507e-09|
| 518 |True   |  344  |9.811251e-06|1.772494e-05|4.430529e-12|1.095846e-10|
| 519 |True   |  346  |9.342206e-06|1.468581e-05|7.134490e-12|1.126220e-10|
| 522 |True   |  332  |9.648863e-06|1.149293e-05|9.917311e-11|2.071923e-05|
| 521 |True   |  354  |9.880403e-06|1.175659e-05|1.124148e-11|2.586772e-10|
| 523 |True   |  328  |9.542337e-06|1.355682e-05|1.306673e-10|2.874568e-05|
| 524 |True   |  352  |9.908145e-06|1.254336e-05|5.231016e-12|3.704074e-10|
| 517 |True   |  332  |9.680985e-06|1.225770e-05|8.075697e-11|1.441597e-05|
| 527 |True   |  341  |9.387128e-06|1.081563e-05|9.769275e-11|2.128798e-05|
| 520 |True   |  346  |9.863179e-06|1.348067e-05|6.042577e-12|2.731025e-09|
| 528 |True   |  328  |9.598283e-06|1.376637e-05|9.493759e-11|2.029167e-05|
| 529 |True   |  348  |9.867909e-06|1.315647e-05|1.460437e-11|5.801798e-10|
| 530 |True   |  333  |9.418344e-06|1.089653e-05|1.092534e-10|2.487565e-05|
| 531 |True   |  333  |9.620238e-06|1.113986e-05|9.550006e-11|2.038489e-05|
| 525 |True   |  318  |9.315518e-06|2.018817e-05|1.061915e-10|2.480520e-05|
| 526 |True   |  333  |9.785968e-06|1.140725e-05|9.827658e-11|2.037409e-05|
| 532 |True   |  330  |9.477447e-06|1.216259e-05|1.094455e-10|2.487048e-05|
| 534 |True   |  318  |9.784622e-06|1.496092e-05|8.110479e-11|1.420635e-05|
| 536 |True   |  337  |9.683173e-06|1.121112e-05|8.091423e-11|1.442102e-05|
| 537 |True   |  340  |9.293401e-06|1.072193e-05|1.065505e-10|2.487214e-05|
| 538 |True   |  343  |9.991273e-06|1.265656e-05|6.097750e-12|8.759507e-10|
| 539 |True   |  332  |9.338544e-06|1.076705e-05|1.140175e-10|2.533668e-05|
| 533 |True   |  348  |9.089262e-06|1.336475e-05|1.398919e-11|3.086554e-10|
| 541 |True   |  327  |9.309663e-06|1.401032e-05|1.071565e-10|2.491164e-05|
| 543 |True   |  324  |9.805808e-06|1.628810e-05|1.156963e-10|2.472691e-05|
| 535 |True   |  356  |9.655620e-06|1.141632e-05|1.006174e-11|3.294758e-10|
| 544 |True   |  336  |9.784291e-06|1.144423e-05|8.280428e-11|1.439330e-05|
| 540 |True   |  331  |9.764599e-06|1.223748e-05|9.656953e-11|2.035025e-05|
| 545 |True   |  320  |9.852027e-06|1.700399e-05|1.185016e-10|2.488669e-05|
| 546 |True   |  336  |9.407376e-06|1.083589e-05|9.989361e-11|2.171511e-05|
| 547 |True   |  347  |9.327413e-06|1.197818e-05|5.166467e-12|2.092297e-10|
| 549 |True   |  326  |9.752134e-06|1.475900e-05|1.151732e-10|2.482005e-05|
| 542 |True   |  352  |9.232760e-06|1.173859e-05|7.306183e-12|1.560701e-10|
| 550 |True   |  333  |9.903967e-06|1.180316e-05|8.537921e-11|1.441677e-05|
| 552 |True   |  318  |9.914769e-06|1.286961e-05|8.476495e-11|1.428553e-05|
| 554 |True   |  335  |9.626004e-06|1.105448e-05|1.311683e-10|2.822901e-05|
| 555 |True   |  321  |9.915583e-06|1.679002e-05|9.722142e-11|2.015352e-05|
| 556 |True   |  329  |9.790910e-06|1.251887e-05|9.743491e-11|2.040106e-05|
| 557 |True   |  342  |9.671877e-06|1.110040e-05|9.661149e-11|2.033596e-05|
| 551 |True   |  354  |9.775975e-06|1.257927e-05|3.685594e-10|2.030868e-05|
| 559 |True   |  368  |9.906393e-06|1.169399e-05|5.056640e-12|8.541422e-11|
| 553 |True   |  348  |9.648225e-06|1.253454e-05|1.781727e-11|1.143195e-09|
| 560 |True   |  342  |9.396857e-06|1.082538e-05|1.085981e-10|2.480166e-05|
| 561 |True   |  353  |9.704607e-06|1.140295e-05|4.322520e-12|2.049586e-10|
| 563 |True   |  307  |9.563981e-06|2.487531e-05|1.799888e-10|1.630478e-07|
| 562 |True   |  348  |9.660163e-06|1.108871e-05|8.780926e-11|1.592689e-05|
| 558 |True   |  341  |9.888446e-06|1.347866e-05|1.346897e-10|1.458068e-05|
| 548 |True   |  761  |9.184340e-06|1.061281e-05|1.253074e-10|2.879838e-05|
| 564 |True   |  331  |9.820067e-06|1.242813e-05|9.719962e-11|2.035826e-05|
| 566 |True   |  358  |9.705919e-06|1.277135e-05|1.078056e-11|6.785935e-10|
| 568 |True   |  359  |9.629620e-06|1.143377e-05|1.975939e-11|3.603178e-10|
| 569 |True   |  323  |9.636852e-06|1.737588e-05|1.130650e-10|2.491390e-05|
| 570 |True   |  319  |9.969801e-06|1.629441e-05|1.017249e-10|2.033606e-05|
| 571 |True   |  324  |9.551152e-06|1.641509e-05|1.057615e-10|2.124791e-05|
| 565 |True   |  336  |9.864820e-06|1.129333e-05|1.009342e-10|2.038290e-05|
| 574 |True   |  333  |9.671962e-06|1.110050e-05|9.577817e-11|2.034285e-05|
| 567 |True   |  348  |9.635770e-06|1.262278e-05|3.377667e-10|1.440134e-05|
| 572 |True   |  337  |9.817471e-06|1.124598e-05|1.159181e-10|2.488711e-05|
| 575 |True   |  346  |9.551496e-06|1.547271e-05|1.922134e-12|3.805084e-10|
| 573 |True   |  332  |9.913749e-06|1.134228e-05|1.174156e-10|2.457446e-05|
| 576 |True   |  335  |9.650567e-06|1.110200e-05|8.022325e-11|1.441854e-05|
| 577 |True   |  362  |9.502953e-06|1.109390e-05|6.262017e-12|3.570554e-10|
| 578 |True   |  352  |9.990926e-06|1.160023e-05|1.072744e-11|1.122579e-09|
| 579 |True   |  333  |9.858054e-06|1.175056e-05|8.430830e-11|1.440536e-05|
| 580 |True   |  330  |9.444136e-06|1.219434e-05|1.096861e-10|2.494523e-05|
| 581 |True   |  343  |9.980761e-06|1.279222e-05|2.950485e-10|2.035388e-05|
| 584 |True   |  346  |9.851687e-06|1.128019e-05|9.983724e-11|2.038198e-05|
| 587 |True   |  332  |9.972583e-06|1.213961e-05|1.036236e-10|2.052614e-05|
| 583 |True   |  329  |9.570123e-06|1.275591e-05|1.112884e-10|2.484907e-05|
| 582 |True   |  339  |9.867455e-06|1.129597e-05|1.005751e-10|2.036676e-05|
| 585 |True   |  360  |9.988525e-06|1.255196e-05|3.701990e-12|4.211320e-09|
| 586 |True   |  337  |9.696085e-06|1.112455e-05|1.322995e-10|2.838406e-05|
| 588 |True   |  352  |9.465105e-06|1.233668e-05|4.659904e-12|1.923745e-09|
| 591 |True   |  327  |9.593861e-06|1.134782e-05|1.119023e-10|2.452919e-05|
| 590 |True   |  329  |9.946665e-06|1.388498e-05|8.625787e-11|1.441789e-05|
| 589 |True   |  344  |9.336035e-06|1.076453e-05|1.082114e-10|2.490091e-05|
| 592 |True   |  330  |9.439302e-06|1.254999e-05|1.101417e-10|2.494725e-05|
| 593 |True   |  318  |9.530696e-06|1.928432e-05|1.088825e-10|2.452022e-05|
| 594 |True   |  333  |9.851458e-06|1.165666e-05|9.936765e-11|2.035769e-05|
| 595 |True   |  352  |9.876007e-06|1.161066e-05|9.845890e-12|2.634485e-10|
| 598 |True   |  332  |9.692961e-06|1.183771e-05|9.777156e-11|2.035821e-05|
| 597 |True   |  326  |9.536765e-06|1.327874e-05|9.093376e-11|2.043635e-05|
| 596 |True   |  335  |9.817708e-06|1.124623e-05|8.363923e-11|1.441735e-05|
| 600 |True   |  366  |9.509565e-06|1.159235e-05|4.887461e-12|1.954862e-10|
| 602 |True   |  369  |9.812997e-06|1.302633e-05|2.140679e-12|2.156156e-10|
| 603 |True   |  335  |9.702626e-06|1.113115e-05|8.129833e-11|1.442060e-05|
| 599 |True   |  331  |9.779856e-06|1.197715e-05|8.230777e-11|1.432191e-05|
| 601 |True   |  340  |9.895846e-06|1.132437e-05|9.862279e-11|2.031342e-05|
| 604 |True   |  338  |9.999550e-06|1.164990e-05|1.166441e-10|2.457601e-05|
| 605 |True   |  352  |9.953253e-06|1.202382e-05|2.175440e-11|9.265063e-10|
| 607 |True   |  326  |9.520467e-06|1.551997e-05|9.359577e-11|2.035310e-05|
| 608 |True   |  344  |9.839258e-06|1.126777e-05|1.003587e-10|2.038560e-05|
| 609 |True   |  342  |9.949828e-06|1.723234e-05|3.860843e-12|5.157156e-09|
| 606 |True   |  552  |9.917911e-06|1.221133e-05|1.187936e-10|2.487821e-05|
| 611 |True   |  331  |9.878920e-06|1.274336e-05|9.894002e-11|2.035856e-05|
| 613 |True   |  331  |9.536902e-06|1.167477e-05|9.407722e-11|2.041252e-05|
| 610 |True   |  326  |9.608679e-06|1.446740e-05|1.128902e-10|2.484148e-05|
| 612 |True   |  336  |9.577073e-06|1.100559e-05|9.487607e-11|2.034609e-05|
| 616 |True   |  323  |9.843967e-06|1.680746e-05|1.152570e-10|2.488457e-05|
| 615 |True   |  331  |9.694239e-06|1.186223e-05|1.166218e-10|2.489450e-05|
| 617 |True   |  325  |9.466132e-06|1.135697e-05|9.920798e-11|2.115174e-05|
| 614 |True   |  332  |9.665821e-06|1.154939e-05|1.152269e-10|2.493644e-05|
| 618 |True   |  356  |9.468080e-06|1.130092e-05|1.056035e-11|7.212357e-10|
| 621 |True   |  347  |9.655441e-06|1.108395e-05|9.510947e-11|2.037811e-05|
| 619 |True   |  344  |9.657496e-06|1.609072e-05|2.149832e-11|3.856778e-10|
| 624 |True   |  348  |9.169731e-06|1.296311e-05|1.142119e-11|6.556197e-09|
| 620 |True   |  659  |9.705976e-06|1.113448e-05|1.141034e-10|2.490259e-05|
| 626 |True   |  364  |9.693877e-06|1.185501e-05|9.560328e-12|7.262395e-10|
| 625 |True   |  374  |9.786420e-06|1.449991e-05|3.913709e-12|7.368448e-09|
| 627 |True   |  354  |9.523003e-06|1.205263e-05|4.421063e-12|2.011157e-10|
| 622 |True   |  340  |9.753246e-06|1.118176e-05|9.827058e-11|2.034704e-05|
| 623 |True   |  352  |9.524860e-06|1.169291e-05|9.479101e-12|1.111006e-09|
| 628 |True   |  339  |9.846620e-06|1.127513e-05|1.078018e-10|2.174295e-05|
| 629 |True   |  454  |9.745764e-06|1.117428e-05|9.624188e-11|2.034319e-05|
| 631 |True   |  359  |9.243183e-06|1.149759e-05|1.279406e-11|2.861365e-10|
| 633 |True   |  348  |9.708461e-06|1.166724e-05|5.315625e-12|1.185214e-10|
| 635 |True   |  356  |9.744196e-06|1.123659e-05|2.722766e-12|8.337007e-10|
| 632 |True   |  350  |9.604560e-06|1.103314e-05|7.898007e-11|1.439396e-05|
| 636 |True   |  350  |9.739645e-06|1.239434e-05|3.319076e-12|2.708871e-10|
| 630 |True   |  332  |9.794829e-06|1.122337e-05|8.301218e-11|1.440022e-05|
| 634 |True   |  352  |9.414886e-06|1.118738e-05|2.771427e-12|1.100830e-09|
| 637 |True   |  346  |9.719447e-06|1.489572e-05|4.274103e-10|1.449205e-05|
| 638 |True   |  337  |9.722388e-06|1.157449e-05|1.144336e-10|2.493602e-05|
| 641 |True   |  350  |9.409578e-06|1.216979e-05|1.464967e-11|6.668021e-10|
| 639 |True   |  326  |9.575125e-06|1.496496e-05|9.453296e-11|2.041719e-05|
| 640 |True   |  370  |9.657962e-06|1.123381e-05|2.634084e-12|1.520441e-09|
| 642 |True   |  329  |9.659678e-06|1.343168e-05|1.155063e-10|2.493032e-05|
| 644 |True   |  335  |9.797531e-06|1.122606e-05|8.318251e-11|1.441714e-05|
| 643 |True   |  351  |9.300007e-06|1.257984e-05|9.901741e-10|1.433545e-05|
| 646 |True   |  333  |9.857975e-06|1.162001e-05|8.447170e-11|1.442022e-05|
| 645 |True   |  352  |9.580783e-06|1.210355e-05|3.476497e-12|2.013330e-10|
| 649 |True   |  351  |9.705920e-06|1.310118e-05|5.426203e-12|1.874954e-09|
| 647 |True   |  352  |9.628464e-06|1.232895e-05|2.070512e-12|1.126117e-09|
| 651 |True   |  332  |9.695120e-06|1.243090e-05|8.112360e-11|1.441975e-05|
| 653 |True   |  327  |9.552911e-06|1.374372e-05|1.238825e-10|2.653778e-05|
| 648 |True   |  336  |9.527276e-06|1.095579e-05|9.314335e-11|2.035710e-05|
| 655 |True   |  339  |9.840148e-06|1.126868e-05|9.879593e-11|2.028184e-05|
| 652 |True   |  354  |9.783496e-06|1.252933e-05|4.692154e-12|2.318389e-10|
| 654 |True   |  332  |9.683278e-06|1.111188e-05|8.734804e-11|1.554619e-05|
| 650 |True   |  340  |9.688639e-06|1.111715e-05|9.625690e-11|2.037968e-05|
| 656 |True   |  339  |9.879270e-06|1.130776e-05|1.175499e-10|2.493463e-05|
| 658 |True   |  336  |9.522106e-06|1.095062e-05|9.274643e-11|2.036208e-05|
| 657 |True   |  356  |9.718100e-06|1.137372e-05|8.144386e-12|2.696895e-10|
| 663 |True   |  332  |9.568691e-06|1.099726e-05|9.665922e-11|2.006316e-05|
| 665 |True   |  331  |9.468883e-06|1.089746e-05|9.833636e-11|2.090807e-05|
| 660 |True   |  348  |9.900469e-06|1.320932e-05|1.442317e-11|4.877710e-10|
| 659 |True   |  340  |9.483676e-06|1.091221e-05|9.166116e-11|2.033142e-05|
| 661 |True   |  334  |9.812954e-06|1.171197e-05|1.002759e-10|2.038261e-05|
| 664 |True   |  328  |9.796403e-06|1.400892e-05|8.329594e-11|1.439093e-05|
| 662 |True   |  324  |9.895271e-06|1.588094e-05|1.175033e-10|2.484905e-05|
| 666 |True   |  348  |9.431050e-06|1.222769e-05|5.052119e-12|4.859709e-10|
| 667 |True   |  360  |9.421674e-06|1.100259e-05|2.756615e-12|3.367069e-10|
| 669 |True   |  332  |9.970909e-06|1.139940e-05|1.183629e-10|2.488802e-05|
| 668 |True   |  338  |9.968714e-06|1.139722e-05|1.025288e-10|2.037537e-05|
| 676 |True   |  353  |9.797850e-06|1.131953e-05|7.757802e-10|1.441326e-05|
| 670 |True   |  336  |9.760608e-06|1.158877e-05|9.654936e-11|2.037634e-05|
| 672 |True   |  335  |9.453982e-06|1.123040e-05|1.124356e-10|2.495553e-05|
| 671 |True   |  354  |9.333802e-06|1.141315e-05|1.022410e-11|2.071568e-10|
| 677 |True   |  381  |9.385690e-06|1.140750e-05|9.815127e-12|4.530795e-09|
| 673 |True   |  336  |9.593865e-06|1.102239e-05|7.908819e-11|1.442069e-05|
| 675 |True   |  358  |9.682730e-06|1.205375e-05|3.229433e-12|8.664436e-11|
| 678 |True   |  314  |9.769659e-06|1.804507e-05|8.060635e-11|1.406426e-05|
| 680 |True   |  330  |9.555777e-06|1.299610e-05|9.390321e-11|2.034867e-05|
| 686 |True   |  350  |9.995033e-06|1.242365e-05|9.710300e-12|5.744412e-10|
| 684 |True   |  351  |9.452931e-06|1.199075e-05|6.683197e-12|1.462906e-10|
| 687 |True   |  340  |9.783203e-06|1.121169e-05|1.165818e-10|2.494712e-05|
| 679 |True   |  342  |9.858887e-06|1.128740e-05|9.962339e-11|2.034807e-05|
| 681 |True   |  346  |9.769425e-06|1.468940e-05|1.916119e-12|2.703023e-09|
| 674 |True   | 1328  |9.637215e-06|1.242716e-05|6.006016e-12|5.760353e-10|
| 683 |True   |  344  |9.901665e-06|1.133017e-05|9.965587e-11|2.036406e-05|
| 685 |True   |  342  |9.865620e-06|1.129414e-05|8.461424e-11|1.441969e-05|
| 682 |True   |  311  |9.554990e-06|3.035224e-05|9.315304e-11|2.032216e-05|
| 688 |True   |  350  |9.856958e-06|1.363502e-05|8.871322e-12|1.873394e-09|
| 689 |True   |  326  |9.969988e-06|1.358177e-05|9.977290e-11|2.017153e-05|
| 690 |True   |  330  |9.435468e-06|1.252992e-05|9.071274e-11|2.037768e-05|
| 695 |True   |  340  |9.359109e-06|1.078762e-05|1.059161e-10|2.334505e-05|
| 691 |True   |  328  |9.868421e-06|1.397771e-05|1.166589e-10|2.488190e-05|
| 693 |True   |  335  |9.929368e-06|1.135787e-05|1.018488e-10|2.037384e-05|
| 698 |True   |  330  |9.336836e-06|1.210611e-05|1.274783e-10|2.864045e-05|
| 694 |True   |  347  |9.380658e-06|1.370308e-05|8.313782e-12|4.646472e-10|
| 692 |True   |  341  |9.551651e-06|1.098015e-05|1.115738e-10|2.491525e-05|
| 696 |True   |  350  |9.302095e-06|1.192393e-05|1.301746e-11|1.944244e-09|
| 697 |True   |  329  |9.922686e-06|1.349946e-05|8.575914e-11|1.441893e-05|
| 699 |True   |  339  |9.414622e-06|1.084311e-05|1.092164e-10|2.495147e-05|
| 700 |True   |  321  |9.621774e-06|1.666266e-05|9.272338e-11|2.000321e-05|
| 701 |True   |  360  |9.527057e-06|1.238656e-05|5.167280e-12|1.718612e-10|
| 702 |True   |  354  |9.238125e-06|1.115595e-05|1.070892e-11|3.849575e-10|
| 704 |True   |  328  |9.455479e-06|1.353394e-05|1.101344e-10|2.493562e-05|
| 703 |True   |  384  |9.565091e-06|1.224587e-05|1.898339e-11|3.784277e-09|
| 709 |True   |  354  |9.769381e-06|1.186279e-05|1.039676e-11|6.940564e-10|
| 705 |True   |  331  |9.900188e-06|1.187026e-05|1.062414e-10|2.120279e-05|
| 712 |True   |  341  |9.779846e-06|1.120836e-05|1.148459e-10|2.477865e-05|
| 711 |True   |  333  |9.621710e-06|1.118250e-05|9.646007e-11|2.037536e-05|
| 706 |True   |  333  |9.638950e-06|1.106750e-05|1.113470e-10|2.467693e-05|
| 707 |True   |  334  |9.496457e-06|1.092501e-05|9.176573e-11|2.035142e-05|
| 708 |True   |  335  |9.381157e-06|1.080967e-05|9.331504e-11|2.039070e-05|
| 713 |True   |  339  |9.441120e-06|1.086961e-05|1.106354e-10|2.492081e-05|
| 710 |True   |  322  |9.365184e-06|1.763586e-05|1.092761e-10|2.490451e-05|
| 715 |True   |  350  |9.814362e-06|1.374783e-05|5.160007e-12|1.309601e-10|
| 718 |True   |  335  |9.521165e-06|1.094965e-05|1.114124e-10|2.493895e-05|
| 716 |True   |  328  |9.694945e-06|1.354297e-05|1.139370e-10|2.491358e-05|
| 714 |True   |  326  |9.435288e-06|1.301461e-05|8.896291e-11|2.047148e-05|
| 720 |True   |  348  |9.926677e-06|1.239934e-05|1.182169e-11|9.852492e-10|
| 717 |True   |  342  |9.903757e-06|1.134016e-05|9.542710e-11|1.553120e-05|
| 722 |True   |  329  |9.791699e-06|1.326885e-05|1.086683e-10|2.177242e-05|
| 719 |True   |  337  |9.950833e-06|1.137932e-05|1.190947e-10|2.488680e-05|
| 721 |True   |  358  |9.194984e-06|1.163836e-05|8.656783e-12|1.037961e-09|
| 724 |True   |  343  |9.469539e-06|1.089810e-05|9.348126e-11|2.032618e-05|
| 725 |True   |  339  |9.750060e-06|1.117859e-05|8.222198e-11|1.441802e-05|
| 726 |True   |  363  |9.386068e-06|1.160439e-05|8.929443e-12|2.227989e-10|
| 723 |True   |  339  |9.541973e-06|1.097047e-05|1.111671e-10|2.493267e-05|
| 727 |True   |  334  |9.746636e-06|1.117515e-05|9.747268e-11|2.034994e-05|
| 728 |True   |  443  |9.391936e-06|1.115273e-05|1.291524e-10|2.876946e-05|
| 730 |True   |  343  |9.957340e-06|1.138586e-05|1.021246e-10|2.037459e-05|
| 733 |True   |  346  |9.669828e-06|1.179290e-05|5.519428e-10|1.950278e-07|
| 734 |True   |  330  |9.956508e-06|1.340432e-05|1.031421e-10|2.031877e-05|
| 729 |True   |  332  |9.912484e-06|1.205953e-05|9.970266e-11|2.036472e-05|
| 735 |True   |  329  |9.722401e-06|1.346330e-05|9.615242e-11|2.034134e-05|
| 737 |True   |  350  |9.291928e-06|1.299094e-05|2.336144e-10|1.207178e-04|
| 736 |True   |  342  |9.790860e-06|1.121938e-05|9.696227e-11|2.037589e-05|
| 732 |True   |  356  |9.646875e-06|1.129124e-05|3.670879e-12|7.205416e-10|
| 738 |True   |  338  |9.885473e-06|1.131395e-05|1.379145e-10|2.869129e-05|
| 739 |True   |  328  |9.971110e-06|1.402751e-05|8.627178e-11|1.439750e-05|
| 731 |True   |  658  |9.606314e-06|1.103482e-05|9.537259e-11|2.038124e-05|
| 741 |True   |  352  |9.489876e-06|1.125272e-05|7.791015e-12|8.233814e-10|
| 740 |True   |  335  |9.979758e-06|1.140826e-05|1.024501e-10|2.036775e-05|
| 743 |True   |  379  |9.722271e-06|1.238477e-05|4.112418e-12|9.034436e-10|
| 744 |True   |  344  |9.059493e-06|1.279966e-05|8.272775e-12|3.998560e-10|
| 742 |True   |  335  |9.868157e-06|1.129667e-05|9.869990e-11|2.035520e-05|
| 746 |True   |  672  |9.534023e-06|1.251916e-05|3.223078e-10|1.438216e-05|
| 748 |True   |  352  |9.236085e-06|1.229757e-05|2.131209e-12|2.139636e-10|
| 750 |True   |  331  |9.795296e-06|1.254320e-05|9.719989e-11|2.037046e-05|
| 745 |True   |  685  |9.769352e-06|1.222249e-05|5.695438e-12|1.713758e-10|
| 752 |True   |  331  |9.457943e-06|1.172081e-05|9.084030e-11|2.033519e-05|
| 747 |True   |  331  |9.422146e-06|1.138912e-05|1.088830e-10|2.480363e-05|
| 749 |True   |  356  |9.556838e-06|1.122605e-05|8.214670e-12|1.302108e-09|
| 753 |True   |  334  |9.485530e-06|1.215481e-05|1.111578e-10|2.492693e-05|
| 755 |True   |  330  |9.651210e-06|1.225580e-05|1.321709e-10|2.868968e-05|
| 751 |True   |  354  |9.702890e-06|1.172979e-05|6.653324e-12|1.638754e-10|
| 758 |True   |  323  |9.648389e-06|1.708756e-05|1.123058e-10|2.495382e-05|
| 757 |True   |  330  |9.453133e-06|1.281795e-05|9.125618e-11|2.037610e-05|
| 756 |True   |  330  |9.667776e-06|1.224228e-05|9.691760e-11|2.029348e-05|
| 754 |True   |  324  |9.439487e-06|1.550832e-05|1.284072e-10|2.872222e-05|
| 759 |True   |  330  |9.880917e-06|1.131012e-05|9.412899e-11|2.073987e-05|
| 764 |True   |  332  |9.506199e-06|1.219191e-05|9.322765e-11|2.037270e-05|
| 762 |True   |  352  |9.598769e-06|1.102731e-05|9.562692e-11|2.036489e-05|
| 765 |True   |  324  |9.691694e-06|1.536392e-05|1.142150e-10|2.489315e-05|
| 760 |True   |  352  |9.626028e-06|1.167564e-05|9.536851e-12|1.821323e-10|
| 767 |True   |  357  |9.815478e-06|1.127347e-05|7.750337e-10|2.493105e-05|
| 761 |True   |  334  |9.976314e-06|1.140485e-05|8.675565e-11|1.441151e-05|
| 763 |True   |  331  |9.910228e-06|1.248929e-05|8.551558e-11|1.441698e-05|
| 769 |True   |  332  |9.685043e-06|1.120664e-05|9.781795e-11|2.027524e-05|
| 768 |True   |  331  |9.326477e-06|1.201523e-05|1.074438e-10|2.491929e-05|
| 766 |True   |  354  |9.257665e-06|1.163517e-05|9.685041e-12|3.802392e-10|
| 771 |True   |  330  |9.725592e-06|1.207046e-05|8.102319e-11|1.441733e-05|
| 772 |True   |  342  |9.791013e-06|1.121952e-05|9.960862e-11|2.037840e-05|
| 770 |True   |  355  |9.662724e-06|1.201380e-05|7.372708e-12|5.340036e-10|
| 774 |True   |  330  |9.777719e-06|1.214200e-05|1.151963e-10|2.484932e-05|
| 777 |True   |  346  |9.679979e-06|1.567073e-05|1.419611e-11|1.973032e-09|
| 773 |True   |  346  |9.093083e-06|1.558028e-05|1.920286e-11|1.405919e-08|
| 776 |True   |  334  |9.677291e-06|1.123910e-05|8.072825e-11|1.441352e-05|
| 775 |True   |  345  |9.512406e-06|1.094091e-05|1.104904e-10|2.490752e-05|
| 778 |True   |  331  |9.636386e-06|1.234398e-05|1.131241e-10|2.493244e-05|
| 779 |True   |  326  |9.776839e-06|1.526844e-05|8.267109e-11|1.440598e-05|
| 781 |True   |  352  |9.773057e-06|1.141392e-05|1.431259e-11|3.861527e-10|
| 780 |True   |  350  |9.001723e-06|1.205274e-05|3.176853e-12|8.921326e-11|
| 782 |True   |  363  |9.898154e-06|1.146831e-05|5.180614e-12|6.727094e-09|
| 784 |True   |  343  |9.907312e-06|1.137139e-05|3.159901e-10|1.443326e-05|
| 789 |True   |  329  |9.485879e-06|1.233990e-05|1.133597e-10|2.498164e-05|
| 783 |True   |  346  |9.826228e-06|1.125474e-05|9.769618e-11|2.037638e-05|
| 786 |True   |  343  |9.775258e-06|1.120378e-05|9.659262e-11|2.037459e-05|
| 788 |True   |  331  |9.636621e-06|1.209683e-05|9.394127e-11|2.032504e-05|
| 785 |True   |  342  |9.899137e-06|1.132765e-05|9.892281e-11|2.037155e-05|
| 791 |True   |  332  |9.524269e-06|1.095279e-05|9.225206e-11|2.038325e-05|
| 793 |True   |  344  |9.829511e-06|1.125803e-05|9.904914e-11|2.038240e-05|
| 787 |True   |  330  |9.344352e-06|1.125264e-05|1.268844e-10|2.865238e-05|
| 790 |True   |  354  |9.744013e-06|1.223906e-05|2.251249e-12|1.011544e-10|
| 794 |True   |  354  |9.804342e-06|1.190287e-05|1.585960e-11|7.331367e-10|
| 796 |True   |  328  |9.385674e-06|1.156527e-05|1.037027e-10|2.532514e-05|
| 797 |True   |  341  |9.544596e-06|1.097314e-05|9.284368e-11|2.037993e-05|
| 792 |True   |  352  |9.772086e-06|1.295241e-05|3.038911e-12|9.291111e-11|
| 795 |True   |  333  |9.935064e-06|1.182859e-05|1.198282e-10|2.492745e-05|
| 800 |True   |  338  |9.940145e-06|2.317943e-05|1.286840e-11|4.979764e-10|
| 803 |True   |  339  |9.613612e-06|1.104212e-05|1.129151e-10|2.480864e-05|
| 804 |True   |  337  |9.817201e-06|1.124574e-05|8.352539e-11|1.441636e-05|
| 799 |True   |  331  |9.755208e-06|1.177691e-05|9.581039e-11|2.031166e-05|
| 798 |True   |  363  |9.625206e-06|1.180815e-05|9.418944e-12|3.775243e-10|
| 801 |True   |  320  |9.569249e-06|1.561503e-05|8.940936e-11|1.954070e-05|
| 805 |True   |  354  |9.987526e-06|1.200507e-05|1.119934e-11|2.548265e-10|
| 802 |True   |  350  |9.828061e-06|1.204123e-05|1.149897e-11|7.908495e-10|
| 808 |True   |  330  |9.702829e-06|1.292925e-05|9.868150e-11|2.033829e-05|
| 807 |True   |  329  |9.808959e-06|1.123749e-05|1.004762e-10|2.045743e-05|
| 810 |True   |  342  |9.861397e-06|1.128991e-05|9.832359e-11|2.037335e-05|
| 811 |True   |  343  |9.801315e-06|2.065760e-05|1.902092e-11|3.104752e-09|
| 809 |True   |  368  |9.806314e-06|1.137388e-05|2.383535e-12|3.464008e-09|
| 806 |True   |  549  |9.610113e-06|1.103861e-05|1.130994e-10|2.489368e-05|
| 812 |True   |  332  |9.918280e-06|1.134677e-05|1.178485e-10|2.487861e-05|
| 813 |True   |  349  |9.338658e-06|1.333900e-05|4.705366e-10|2.417247e-06|
| 816 |True   |  325  |9.501875e-06|1.529300e-05|9.483016e-11|2.052279e-05|
| 814 |True   |  362  |9.825924e-06|1.225922e-05|9.203990e-12|1.538901e-09|
| 815 |True   |  354  |9.478304e-06|1.145214e-05|5.307607e-12|1.255130e-09|
| 817 |True   |  325  |9.968575e-06|1.575923e-05|9.946470e-11|2.025854e-05|
| 818 |True   |  368  |9.450619e-06|1.107069e-05|3.331362e-12|1.832787e-09|
| 822 |True   |  340  |9.449577e-06|1.087811e-05|9.085623e-11|2.038430e-05|
| 819 |True   |  331  |9.508594e-06|1.172457e-05|1.086796e-10|2.393115e-05|
| 823 |True   |  346  |9.512376e-06|1.094086e-05|1.110737e-10|2.495892e-05|
| 821 |True   |  352  |9.481706e-06|1.197044e-05|8.168889e-12|4.479886e-10|
| 825 |True   |  325  |9.878470e-06|1.540153e-05|9.971645e-11|2.022768e-05|
| 826 |True   |  342  |9.712482e-06|1.114101e-05|8.147293e-11|1.441805e-05|
| 828 |True   |  330  |9.977504e-06|1.328361e-05|1.029490e-10|2.038065e-05|
| 824 |True   |  350  |9.933494e-06|1.263277e-05|1.897222e-11|5.367337e-10|
| 827 |True   |  340  |9.967660e-06|1.139615e-05|1.196586e-10|2.491572e-05|
| 829 |True   |  354  |9.437639e-06|1.086620e-05|1.078515e-10|2.462190e-05|
| 820 |True   |  978  |9.939315e-06|1.136782e-05|1.004933e-10|2.037107e-05|
| 833 |True   |  342  |9.777551e-06|1.120608e-05|8.282458e-11|1.442139e-05|
| 831 |True   |  335  |9.733857e-06|1.116236e-05|1.156348e-10|2.489787e-05|
| 834 |True   |  324  |9.318332e-06|1.581032e-05|1.081427e-10|2.486625e-05|
| 830 |True   |  331  |9.563304e-06|1.202218e-05|9.453682e-11|2.039951e-05|
| 832 |True   |  339  |9.931861e-06|1.136039e-05|1.003915e-10|2.032360e-05|
| 838 |True   |  337  |9.680995e-06|1.110950e-05|9.768916e-11|2.036878e-05|
| 835 |True   |  654  |9.970690e-06|1.182380e-05|8.748392e-11|1.443500e-05|
| 836 |True   |  347  |9.418763e-06|1.289043e-05|1.094504e-11|2.119414e-09|
| 840 |True   |  328  |9.484528e-06|1.122212e-05|1.031554e-10|2.194457e-05|
| 839 |True   |  346  |9.336003e-06|1.457786e-05|2.114185e-11|4.563590e-08|
| 841 |True   |  332  |9.962426e-06|1.242311e-05|8.640272e-11|1.440125e-05|
| 842 |True   |  334  |9.577415e-06|1.147935e-05|7.860809e-11|1.441129e-05|
| 837 |True   |  353  |9.899081e-06|1.167077e-05|4.984135e-12|1.651040e-10|
| 845 |True   |  343  |9.854155e-06|1.128267e-05|1.008212e-10|2.035952e-05|
| 846 |True   |  357  |9.444313e-06|1.376209e-05|7.524905e-10|6.992874e-06|
| 843 |True   |  346  |9.664400e-06|1.528259e-05|3.392590e-12|2.847217e-10|
| 848 |True   |  343  |9.623705e-06|1.105222e-05|9.113631e-11|1.743041e-05|
| 851 |True   |  332  |9.931673e-06|1.136017e-05|1.185090e-10|2.485556e-05|
| 844 |True   |  340  |9.718230e-06|1.114674e-05|9.623158e-11|2.037722e-05|
| 849 |True   |  333  |9.607960e-06|1.103647e-05|1.126448e-10|2.485734e-05|
| 850 |True   |  325  |9.935136e-06|1.517540e-05|9.993507e-11|2.028003e-05|
| 847 |True   |  331  |9.567468e-06|1.152430e-05|9.263042e-11|2.033210e-05|
| 853 |True   |  329  |9.768006e-06|1.269979e-05|1.347191e-10|2.877701e-05|
| 852 |True   |  324  |9.669435e-06|1.689190e-05|9.587939e-11|2.036952e-05|
| 857 |True   |  342  |9.662902e-06|1.109143e-05|9.448153e-11|2.030612e-05|
| 856 |True   |  342  |9.978859e-06|1.140741e-05|8.911834e-11|1.459834e-05|
| 858 |True   |  340  |9.905042e-06|1.536691e-05|5.975667e-10|2.028679e-05|
| 859 |True   |  346  |9.369065e-06|1.498697e-05|6.093891e-12|2.814934e-10|
| 855 |True   |  336  |9.821348e-06|1.125348e-05|8.973688e-11|2.470321e-05|
| 861 |True   |  444  |9.567754e-06|1.109081e-05|9.329703e-11|2.037059e-05|
| 854 |True   |  359  |9.938773e-06|1.260980e-05|7.263134e-12|1.059839e-08|
| 862 |True   |  361  |9.936712e-06|1.179573e-05|1.119775e-11|4.181235e-10|
| 860 |True   |  329  |9.948687e-06|1.423373e-05|8.596266e-11|1.438920e-05|
| 864 |True   |  321  |9.576202e-06|1.870111e-05|9.533267e-11|2.031854e-05|
| 866 |True   |  350  |9.693580e-06|1.112211e-05|9.521292e-11|2.037118e-05|
| 863 |True   |  341  |9.719267e-06|1.114778e-05|9.590910e-11|2.038006e-05|
| 869 |True   |  324  |9.435217e-06|1.609364e-05|9.319494e-11|2.036935e-05|
| 865 |True   |  342  |9.970296e-06|1.838182e-05|2.274727e-11|6.377172e-10|
| 871 |True   |  325  |9.382681e-06|1.531315e-05|1.083914e-10|2.491722e-05|
| 870 |True   |  332  |9.546997e-06|1.131463e-05|1.126235e-10|2.493643e-05|
| 872 |True   |  360  |9.430899e-06|1.196202e-05|4.335706e-12|2.899205e-10|
| 873 |True   |  350  |9.943228e-06|1.236260e-05|5.525388e-12|9.848650e-11|
| 868 |True   |  335  |9.950955e-06|1.137946e-05|1.003416e-10|2.037912e-05|
| 875 |True   |  328  |9.890003e-06|1.339567e-05|9.795854e-11|2.026215e-05|
| 876 |True   |  354  |9.807607e-06|1.215127e-05|3.441615e-12|1.290159e-10|
| 878 |True   |  362  |9.336614e-06|1.102411e-05|8.571450e-12|4.806001e-10|
| 879 |True   |  333  |9.890217e-06|1.131879e-05|9.826642e-11|2.038808e-05|
| 881 |True   |  349  |9.169730e-06|1.227569e-05|9.559275e-10|1.513449e-05|
| 880 |True   |  353  |9.921689e-06|1.167416e-05|1.009729e-11|4.361779e-09|
| 877 |True   |  348  |9.651658e-06|1.291828e-05|1.142386e-11|4.077109e-10|
| 883 |True   |  319  |9.822464e-06|1.755868e-05|9.587240e-11|2.010644e-05|
| 867 |True   |  947  |9.785919e-06|1.121445e-05|8.294800e-11|1.441470e-05|
| 884 |True   |  326  |9.581977e-06|1.476466e-05|9.277347e-11|2.027246e-05|
| 885 |True   |  358  |9.823514e-06|1.139385e-05|2.709807e-12|3.526641e-10|
| 886 |True   |  333  |9.897072e-06|1.132556e-05|1.172460e-10|2.492745e-05|
| 887 |True   |  333  |9.862535e-06|1.199286e-05|8.510111e-11|1.442898e-05|
| 888 |True   |  354  |9.641122e-06|1.146967e-05|1.440537e-10|6.790852e-09|
| 882 |True   |  551  |9.542936e-06|1.097143e-05|1.111029e-10|2.493419e-05|
| 890 |True   |  325  |9.994168e-06|1.408189e-05|1.014551e-10|1.983516e-05|
| 893 |True   |  332  |9.424452e-06|1.111815e-05|1.117177e-10|2.492353e-05|
| 892 |True   |  333  |9.650793e-06|1.107933e-05|9.451670e-11|2.031900e-05|
| 894 |True   |  327  |9.244170e-06|1.340642e-05|1.226438e-10|2.759302e-05|
| 895 |True   |  327  |9.380347e-06|1.252263e-05|1.262105e-10|2.803829e-05|
| 889 |True   |  349  |9.660275e-06|1.125551e-05|4.206494e-10|1.456660e-05|
| 896 |True   |  334  |9.881513e-06|1.131007e-05|9.847688e-11|2.027588e-05|
| 891 |True   |  339  |9.482561e-06|1.091108e-05|9.149991e-11|2.036194e-05|
| 897 |True   |  340  |9.853908e-06|1.128244e-05|8.434250e-11|1.441906e-05|
| 898 |True   |  340  |9.900741e-06|1.132926e-05|1.006502e-10|2.032552e-05|
| 900 |True   |  332  |9.418158e-06|1.090499e-05|1.094455e-10|2.487149e-05|
| 901 |True   |  332  |9.395714e-06|1.082427e-05|1.077681e-10|2.487706e-05|
| 899 |True   |  340  |9.503094e-06|1.093161e-05|9.189788e-11|2.037016e-05|
| 902 |True   |  340  |9.606563e-06|1.103508e-05|9.377248e-11|2.035943e-05|
| 874 |True   | 1777  |9.688252e-06|1.184632e-05|1.580661e-13|8.446631e-11|
| 903 |True   |  342  |9.595142e-06|1.102365e-05|9.513349e-11|2.038381e-05|
| 905 |True   |  356  |9.870567e-06|1.214551e-05|5.475423e-12|1.787745e-10|
| 904 |True   |  331  |9.598919e-06|1.213862e-05|9.399915e-11|2.038306e-05|
| 907 |True   |  334  |9.478643e-06|1.090716e-05|1.104113e-10|2.484528e-05|
| 909 |True   |  357  |9.473350e-06|1.125618e-05|1.020796e-11|1.720573e-10|
| 906 |True   |  337  |9.896459e-06|1.132497e-05|1.182514e-10|2.483709e-05|
| 908 |True   |  331  |9.468263e-06|1.170654e-05|1.310014e-10|2.874042e-05|
| 911 |True   |  332  |9.910029e-06|1.201961e-05|9.978988e-11|2.038196e-05|
| 913 |True   |  338  |9.535313e-06|1.096385e-05|9.416200e-11|2.025940e-05|
| 912 |True   |  356  |9.681448e-06|1.168198e-05|1.100830e-11|1.656149e-10|
| 914 |True   |  324  |9.517171e-06|1.312519e-05|1.107640e-10|2.485284e-05|
| 910 |True   |  363  |9.218409e-06|1.162025e-05|6.187251e-12|3.793862e-10|
| 918 |True   |  330  |9.701046e-06|1.231745e-05|1.137545e-10|2.490662e-05|
| 916 |True   |  330  |9.920303e-06|1.227437e-05|1.203369e-10|2.486561e-05|
| 919 |True   |  327  |9.655924e-06|1.317755e-05|1.305724e-10|2.829826e-05|
| 915 |True   |  352  |9.772059e-06|1.142089e-05|1.644921e-11|9.203721e-10|
| 921 |True   |  338  |9.617295e-06|1.104579e-05|1.125555e-10|2.492593e-05|
| 920 |True   |  344  |9.882964e-06|1.740133e-05|2.048742e-11|1.140087e-09|
| 923 |True   |  334  |9.710878e-06|1.113940e-05|9.562953e-11|2.033925e-05|
| 917 |True   |  354  |9.645320e-06|1.205036e-05|2.902125e-12|1.442193e-10|
| 922 |True   |  321  |9.826521e-06|1.889070e-05|1.163216e-10|2.484975e-05|
| 926 |True   |  351  |9.782612e-06|1.248485e-05|9.936560e-10|2.025411e-05|
| 925 |True   |  335  |9.692068e-06|1.112058e-05|9.598123e-11|2.038040e-05|
| 927 |True   |  347  |9.679920e-06|1.110842e-05|1.157428e-10|2.491110e-05|
| 931 |True   |  343  |9.553298e-06|1.098180e-05|9.293194e-11|2.038142e-05|
| 930 |True   |  356  |9.547348e-06|1.226301e-05|2.777225e-12|2.431296e-09|
| 924 |True   |  343  |9.571857e-06|1.100034e-05|1.119470e-10|2.495287e-05|
| 929 |True   |  333  |9.417553e-06|1.126101e-05|1.092625e-10|2.493765e-05|
| 932 |True   |  338  |9.836853e-06|1.126538e-05|8.402584e-11|1.441894e-05|
| 933 |True   |  342  |9.649022e-06|1.800519e-05|1.743122e-11|1.702707e-09|
| 928 |True   |  354  |9.971017e-06|1.219918e-05|6.971511e-12|1.954752e-10|
| 934 |True   |  326  |9.951286e-06|1.647999e-05|1.182174e-10|2.481092e-05|
| 936 |True   |  354  |9.489073e-06|1.116701e-05|8.506862e-12|3.485516e-10|
| 937 |True   |  336  |9.750601e-06|1.117914e-05|9.596662e-11|2.028135e-05|
| 935 |True   |  325  |9.990673e-06|1.766628e-05|8.596771e-11|2.577370e-05|
| 938 |True   |  331  |9.839807e-06|1.345670e-05|1.165299e-10|2.480309e-05|
| 939 |True   |  356  |9.615959e-06|1.160692e-05|5.474254e-12|1.197152e-09|
| 941 |True   |  333  |9.717406e-06|1.209781e-05|8.032190e-11|1.447136e-05|
| 942 |True   |  341  |9.805852e-06|1.224771e-05|1.008392e-10|2.036610e-05|
| 943 |True   |  332  |9.585446e-06|1.123644e-05|9.349362e-11|2.037170e-05|
| 944 |True   |  331  |9.345123e-06|1.077379e-05|1.056600e-10|2.377242e-05|
| 945 |True   |  342  |9.783698e-06|1.738784e-05|1.980290e-11|5.257961e-10|
| 946 |True   |  330  |9.901880e-06|1.356162e-05|1.174684e-10|2.490850e-05|
| 948 |True   |  337  |9.937021e-06|1.136553e-05|9.997146e-11|2.037361e-05|
| 947 |True   |  346  |9.800433e-06|1.471149e-05|5.291620e-12|7.757262e-10|
| 949 |True   |  333  |9.686096e-06|1.359300e-05|1.437842e-10|7.602640e-05|
| 950 |True   |  358  |9.505699e-06|1.124071e-05|4.559739e-12|1.940945e-10|
| 952 |True   |  336  |9.752972e-06|1.118151e-05|8.223452e-11|1.441919e-05|
| 940 |True   |  878  |9.905671e-06|1.133420e-05|8.540891e-11|1.441532e-05|
| 954 |True   |  336  |9.356904e-06|1.078541e-05|1.083390e-10|2.487533e-05|
| 951 |True   |  315  |9.758429e-06|2.546585e-05|9.652539e-11|2.032784e-05|
| 955 |True   |  325  |9.487840e-06|1.241194e-05|1.100289e-10|2.484043e-05|
| 957 |True   |  356  |9.389087e-06|1.260960e-05|1.143710e-11|8.718339e-10|
| 958 |True   |  331  |9.981580e-06|1.261033e-05|8.683737e-11|1.439807e-05|
| 956 |True   |  348  |9.704917e-06|1.363076e-05|1.000464e-11|2.325621e-10|
| 959 |True   |  346  |8.886935e-06|1.490748e-05|4.194574e-12|1.924690e-09|
| 963 |True   |  358  |9.693942e-06|1.204436e-05|3.326933e-12|3.152330e-10|
| 961 |True   |  334  |9.808583e-06|1.123711e-05|9.997950e-11|2.033878e-05|
| 962 |True   |  344  |9.301019e-06|1.072951e-05|1.075091e-10|2.492983e-05|
| 960 |True   |  336  |9.779557e-06|2.562588e-05|8.680188e-12|3.073744e-09|
| 953 |True   |  985  |9.953918e-06|1.138245e-05|8.635708e-11|1.441049e-05|
| 966 |True   |  335  |9.577655e-06|1.100617e-05|9.470529e-11|2.036322e-05|
| 964 |True   |  364  |9.369732e-06|1.211178e-05|6.896659e-12|5.999222e-10|
| 965 |True   |  327  |9.463911e-06|1.089260e-05|9.026812e-11|2.041873e-05|
| 967 |True   |  354  |9.496595e-06|1.160808e-05|1.092063e-11|1.134578e-09|
| 968 |True   |  328  |9.728752e-06|1.351309e-05|1.339132e-10|2.871081e-05|
| 972 |True   |  356  |9.755177e-06|1.147043e-05|9.432340e-12|2.530283e-10|
| 971 |True   |  350  |9.845151e-06|1.264378e-05|1.002045e-11|4.827984e-10|
| 969 |True   |  344  |9.757788e-06|1.118633e-05|1.145891e-10|2.460062e-05|
| 975 |True   |  329  |9.460839e-06|1.306410e-05|1.093722e-10|2.488594e-05|
| 974 |True   |  345  |9.661281e-06|1.108980e-05|9.603323e-11|2.037790e-05|
| 970 |True   |  335  |9.677331e-06|1.110584e-05|9.604651e-11|2.037916e-05|
| 973 |True   |  344  |9.984537e-06|1.141302e-05|1.198941e-10|2.494303e-05|
| 976 |True   |  338  |9.995586e-06|1.142411e-05|1.012300e-10|2.031959e-05|
| 977 |True   |  336  |9.764656e-06|1.119317e-05|9.914083e-11|2.033122e-05|
| 978 |True   |  335  |9.486639e-06|1.091516e-05|9.169783e-11|2.037886e-05|
| 979 |True   |  330  |9.498146e-06|1.201809e-05|1.033930e-10|2.135259e-05|
| 980 |True   |  360  |9.598264e-06|1.123716e-05|3.615084e-12|5.476282e-10|
| 986 |True   |  338  |9.518004e-06|1.198587e-05|9.440989e-11|2.034643e-05|
| 985 |True   |  350  |9.330039e-06|1.187217e-05|1.132800e-11|2.829433e-10|
| 982 |True   |  335  |9.850825e-06|1.127935e-05|8.464675e-11|1.442294e-05|
| 983 |True   |  341  |9.648585e-06|1.107712e-05|8.013019e-11|1.441319e-05|
| 981 |True   |  364  |9.720229e-06|1.153852e-05|1.084785e-11|6.603378e-10|
| 984 |True   |  351  |9.593447e-06|1.254642e-05|5.395828e-10|1.890179e-05|
| 988 |True   |  323  |9.991643e-06|1.750232e-05|8.686084e-11|1.437734e-05|
| 987 |True   |  342  |9.485858e-06|1.091438e-05|9.340525e-11|2.036624e-05|
| 990 |True   |  332  |9.631234e-06|1.143167e-05|1.126423e-10|2.494754e-05|
| 991 |True   |  336  |9.709948e-06|1.899459e-05|6.185438e-12|1.130195e-10|
| 989 |True   |  344  |9.748450e-06|1.648560e-05|2.067939e-11|7.652772e-10|
| 994 |True   |  348  |9.575451e-06|1.396434e-05|8.826523e-12|1.827868e-09|
| 993 |True   |  350  |9.218501e-06|1.172518e-05|5.095687e-12|1.123880e-09|
| 992 |True   |  367  |9.535807e-06|1.191582e-05|3.056294e-12|2.031182e-10|
| 996 |True   |  335  |9.651062e-06|1.115295e-05|9.267775e-11|2.015889e-05|
| 995 |True   |  328  |9.720336e-06|1.158904e-05|9.472000e-11|2.006182e-05|
| 997 |True   |  344  |9.350233e-06|1.077874e-05|1.082760e-10|2.495103e-05|
| 998 |True   |  351  |9.522808e-06|1.172248e-05|1.056961e-11|2.366896e-09|
| 999 |True   |  328  |9.409918e-06|1.282369e-05|1.095611e-10|2.486869e-05|
