|seed |success|  nit  |  mu_check  |   mu_sum   |   G_norm   | step_norm  |
|  5  |True   |  371  |9.967954e-06|1.023665e-05|4.438819e-12|1.273487e-09|
|  9  |True   |  373  |9.851137e-06|1.019128e-05|6.949887e-10|3.531290e-05|
|  7  |True   |  361  |9.867817e-06|1.006387e-05|3.016654e-11|4.262554e-05|
|  4  |True   |  382  |9.868908e-06|1.010615e-05|2.850122e-12|1.907606e-09|
|  8  |True   |  339  |9.993904e-06|1.039852e-05|2.295385e-11|3.308989e-05|
|  6  |True   |  370  |9.953290e-06|1.039077e-05|2.758111e-12|8.765954e-10|
|  1  |True   |  370  |9.828264e-06|1.019130e-05|4.264964e-10|3.813179e-05|
|  2  |True   |  374  |9.940159e-06|1.019902e-05|9.723495e-10|2.862910e-05|
|  3  |True   |  541  |9.945453e-06|1.028267e-05|9.416961e-10|3.209875e-05|
|  0  |True   |  630  |9.981325e-06|1.051185e-05|3.651444e-10|2.512845e-05|
| 15  |True   |  370  |9.842790e-06|1.020932e-05|3.371894e-10|3.354983e-05|
| 14  |True   |  349  |9.855582e-06|1.005165e-05|1.860205e-11|2.868554e-05|
| 13  |True   |  371  |9.932260e-06|1.015101e-05|7.568499e-10|3.253183e-05|
| 10  |True   |  363  |9.829979e-06|1.020342e-05|2.317567e-10|3.531035e-05|
| 12  |True   |  393  |9.867093e-06|1.019859e-05|7.586561e-10|2.871862e-05|
| 11  |True   |  556  |9.899248e-06|1.009532e-05|1.729901e-11|2.884270e-05|
| 17  |True   |  489  |9.923478e-06|1.014632e-05|2.754268e-12|5.643486e-10|
| 18  |True   |  380  |9.834007e-06|1.007244e-05|3.041622e-12|6.212545e-10|
| 19  |True   |  344  |9.897444e-06|1.009351e-05|2.013325e-11|3.224585e-05|
| 21  |True   |  385  |9.933548e-06|1.023248e-05|7.769910e-10|2.884246e-05|
| 22  |True   |  379  |9.900603e-06|1.020095e-05|2.500572e-12|3.962521e-10|
| 25  |True   |  344  |9.896335e-06|1.024568e-05|1.514678e-11|2.517219e-05|
| 23  |True   |  388  |9.927336e-06|1.015022e-05|4.455191e-10|2.499375e-05|
| 16  |True   |  886  |9.982052e-06|1.017812e-05|1.362144e-11|2.039224e-05|
| 28  |True   |  347  |9.970278e-06|1.016635e-05|1.845234e-11|2.884721e-05|
| 24  |True   |  701  |9.906114e-06|1.113592e-05|2.123335e-12|3.728065e-10|
| 27  |True   |  417  |9.920187e-06|1.016565e-05|4.235886e-12|3.746791e-08|
| 26  |True   |  387  |9.919500e-06|1.033570e-05|8.002872e-10|2.493680e-05|
| 29  |True   |  374  |9.928890e-06|1.044018e-05|3.838478e-12|4.194646e-10|
| 31  |True   |  373  |9.926167e-06|1.019460e-05|2.640396e-12|1.213825e-09|
| 30  |True   |  373  |9.875335e-06|1.036435e-05|8.208384e-10|3.536606e-05|
| 34  |True   |  400  |9.923468e-06|1.013928e-05|3.840255e-10|2.497246e-05|
| 32  |True   |  352  |9.956043e-06|1.015210e-05|2.657401e-11|3.811119e-05|
| 33  |True   |  371  |9.926959e-06|1.018032e-05|8.978416e-10|2.865904e-05|
| 20  |True   | 1450  |9.954793e-06|1.017353e-05|2.636218e-10|2.038569e-05|
| 37  |True   |  357  |9.951479e-06|1.014755e-05|1.320339e-11|1.766894e-05|
| 35  |True   |  346  |9.928660e-06|1.012473e-05|1.516631e-11|2.498349e-05|
| 38  |True   |  404  |9.829807e-06|1.059577e-05|9.255459e-10|2.488283e-05|
| 39  |True   |  356  |9.925408e-06|1.012148e-05|1.506295e-11|2.498024e-05|
| 36  |True   |  421  |9.972169e-06|1.023677e-05|3.950863e-12|3.425153e-09|
| 41  |True   |  380  |9.965531e-06|1.045813e-05|5.853427e-10|3.542799e-05|
| 44  |True   |  375  |9.795866e-06|1.032885e-05|7.723081e-10|3.232027e-05|
| 40  |True   |  347  |9.865988e-06|1.006205e-05|1.952540e-11|3.224200e-05|
| 43  |True   |  371  |9.828969e-06|1.024118e-05|5.892093e-10|4.083405e-05|
| 42  |True   |  355  |9.896299e-06|1.009236e-05|2.307609e-11|3.536317e-05|
| 45  |True   |  341  |9.947948e-06|1.018702e-05|1.805225e-11|2.884781e-05|
| 47  |True   |  381  |9.882183e-06|1.044358e-05|9.270197e-10|3.510407e-05|
| 46  |True   |  351  |9.945264e-06|1.014134e-05|1.104698e-11|1.448189e-05|
| 48  |True   |  405  |9.842125e-06|1.034942e-05|8.064317e-10|3.224720e-05|
| 51  |True   |  342  |9.940445e-06|1.027985e-05|2.366196e-11|3.532289e-05|
| 52  |True   |  395  |9.881199e-06|1.036467e-05|3.562574e-12|1.363463e-09|
| 53  |True   |  345  |9.904037e-06|1.010010e-05|2.030959e-11|3.226699e-05|
| 50  |True   |  356  |9.979990e-06|1.017653e-05|1.073181e-11|2.074560e-05|
| 49  |True   |  582  |9.943518e-06|1.102435e-05|4.184544e-12|1.887005e-09|
| 58  |True   |  343  |9.854983e-06|1.012206e-05|2.488254e-11|3.814374e-05|
| 57  |True   |  368  |9.935454e-06|1.031653e-05|8.948141e-10|2.868686e-05|
| 54  |True   |  379  |9.943532e-06|1.025586e-05|2.787275e-12|6.281499e-10|
| 59  |True   |  350  |9.913650e-06|1.010972e-05|1.990730e-11|3.138799e-05|
| 55  |True   |  388  |9.871475e-06|1.012367e-05|4.394721e-12|3.175788e-09|
| 61  |True   |  340  |9.918864e-06|1.011494e-05|1.655499e-11|2.625684e-05|
| 62  |True   |  338  |9.916891e-06|1.011296e-05|2.080234e-11|3.229286e-05|
| 60  |True   |  346  |9.962253e-06|1.015832e-05|1.828178e-11|2.884618e-05|
| 64  |True   |  344  |9.844050e-06|1.004011e-05|2.119097e-11|3.319617e-05|
| 65  |True   |  362  |9.911712e-06|1.047964e-05|6.615503e-10|3.217974e-05|
| 66  |True   |  349  |9.929744e-06|1.012580e-05|2.655940e-11|3.775081e-05|
| 63  |True   |  565  |9.954929e-06|1.015100e-05|1.313375e-11|2.038072e-05|
| 67  |True   |  378  |9.888969e-06|1.014123e-05|3.403661e-12|1.184236e-09|
| 68  |True   |  381  |9.949362e-06|1.017380e-05|4.666340e-10|2.495804e-05|
| 69  |True   |  415  |9.873633e-06|1.012513e-05|4.460046e-12|4.772307e-09|
| 70  |True   |  377  |9.896010e-06|1.025597e-05|7.339769e-10|2.046134e-05|
| 71  |True   |  388  |9.835979e-06|1.041269e-05|5.877328e-10|2.887365e-05|
| 73  |True   |  357  |9.967111e-06|1.016317e-05|2.115644e-11|3.109904e-05|
| 72  |True   |  337  |9.983502e-06|1.033144e-05|2.150300e-11|3.207902e-05|
| 56  |True   | 1570  |9.991794e-06|1.066653e-05|7.147015e-10|2.876871e-03|
| 74  |True   |  352  |9.949131e-06|1.014520e-05|1.826003e-11|2.884024e-05|
| 75  |True   |  344  |9.956638e-06|1.015671e-05|2.096656e-11|3.224500e-05|
| 80  |True   |  345  |9.866992e-06|1.011046e-05|1.953759e-11|3.224980e-05|
| 76  |True   |  366  |9.930369e-06|1.026897e-05|8.684611e-10|3.529433e-05|
| 79  |True   |  409  |9.873267e-06|1.020508e-05|3.355960e-12|1.150837e-08|
| 78  |True   |  379  |9.941766e-06|1.015678e-05|7.119681e-10|3.315159e-05|
| 77  |True   |  493  |9.899094e-06|1.018659e-05|3.474462e-12|7.966800e-10|
| 82  |True   |  422  |9.927260e-06|1.035649e-05|7.636959e-10|2.500531e-05|
| 81  |True   |  348  |9.912444e-06|1.010851e-05|1.939501e-11|3.064057e-05|
| 83  |True   |  396  |9.966773e-06|1.029561e-05|8.345818e-10|2.866328e-05|
| 85  |True   |  367  |9.882869e-06|1.007896e-05|1.468079e-11|2.522854e-05|
| 84  |True   |  384  |9.963400e-06|1.027803e-05|3.117504e-12|2.163027e-09|
| 89  |True   |  347  |9.993397e-06|1.018947e-05|1.443484e-11|2.086148e-05|
| 88  |True   |  368  |9.839882e-06|1.021550e-05|2.613304e-10|4.077498e-05|
| 86  |True   |  366  |9.947294e-06|1.054458e-05|2.161918e-12|3.859552e-10|
| 87  |True   |  367  |9.811480e-06|1.041106e-05|8.934928e-10|4.100664e-05|
| 91  |True   |  354  |9.941073e-06|1.013713e-05|2.517085e-11|3.653880e-05|
| 90  |True   |  339  |9.913438e-06|1.035180e-05|2.028410e-11|3.224325e-05|
| 95  |True   |  340  |9.930238e-06|1.012753e-05|1.797199e-11|2.885356e-05|
| 93  |True   |  368  |9.946581e-06|1.042816e-05|8.694342e-10|3.225237e-05|
| 94  |True   |  343  |9.989727e-06|1.018580e-05|1.855923e-11|2.856546e-05|
| 97  |True   |  348  |9.873638e-06|1.006971e-05|1.704195e-11|2.884492e-05|
| 98  |True   |  368  |9.952336e-06|1.029192e-05|5.769114e-10|3.224601e-05|
| 100 |True   |  359  |9.860715e-06|1.056045e-05|4.829564e-10|3.857998e-05|
| 99  |True   |  380  |9.867959e-06|1.017820e-05|3.219098e-12|3.701174e-10|
| 96  |True   |  367  |9.898140e-06|1.021016e-05|9.047883e-10|2.868031e-05|
| 92  |True   |  987  |9.927239e-06|1.012331e-05|1.518106e-11|2.497642e-05|
| 102 |True   |  381  |9.977558e-06|1.020268e-05|6.369339e-10|2.888505e-05|
| 104 |True   |  372  |9.992194e-06|1.023238e-05|3.030360e-12|5.941300e-10|
| 101 |True   |  386  |9.899799e-06|1.011974e-05|8.982423e-10|3.561160e-05|
| 103 |True   |  383  |9.908882e-06|1.025888e-05|9.806822e-10|3.230483e-05|
| 105 |True   |  345  |9.909904e-06|1.010598e-05|1.732366e-11|2.885068e-05|
| 107 |True   |  376  |9.881255e-06|1.032197e-05|9.813622e-10|3.892299e-05|
| 108 |True   |  370  |9.979360e-06|1.031594e-05|5.583810e-10|2.963839e-05|
| 109 |True   |  346  |9.878839e-06|1.007491e-05|1.764317e-11|2.912205e-05|
| 110 |True   |  374  |9.853141e-06|1.013575e-05|9.823245e-10|2.886969e-05|
| 111 |True   |  348  |9.958717e-06|1.015478e-05|2.367318e-11|3.524530e-05|
| 115 |True   |  347  |9.865892e-06|1.006195e-05|2.495439e-11|3.809032e-05|
| 113 |True   |  399  |9.966424e-06|1.018652e-05|9.037025e-10|3.499841e-05|
| 112 |True   |  379  |9.928895e-06|1.024720e-05|3.508406e-12|3.271768e-09|
| 114 |True   |  350  |9.896527e-06|1.009260e-05|1.729351e-11|2.884867e-05|
| 106 |True   |  997  |9.991091e-06|1.023064e-05|1.378070e-11|2.038940e-05|
| 116 |True   |  346  |9.865232e-06|1.006130e-05|1.950936e-11|3.223799e-05|
| 117 |True   |  381  |9.922949e-06|1.020863e-05|4.008112e-12|1.405393e-09|
| 118 |True   |  391  |9.955543e-06|1.034725e-05|5.171115e-10|3.530446e-05|
| 120 |True   |  338  |9.897549e-06|1.021128e-05|1.511671e-11|2.511868e-05|
| 121 |True   |  371  |9.816542e-06|1.027692e-05|6.441728e-10|3.530005e-05|
| 119 |True   |  365  |9.944554e-06|1.014065e-05|1.754800e-11|2.898292e-05|
| 122 |True   |  386  |9.916341e-06|1.012979e-05|4.295305e-10|2.885144e-05|
| 123 |True   |  390  |9.923258e-06|1.015075e-05|3.697951e-10|2.041142e-05|
| 125 |True   |  348  |9.846596e-06|1.004266e-05|2.192396e-11|3.532390e-05|
| 126 |True   |  344  |9.855278e-06|1.005134e-05|2.485118e-11|3.811150e-05|
| 124 |True   |  350  |9.868309e-06|1.006437e-05|2.298088e-11|3.483275e-05|
| 128 |True   |  344  |1.000000e-05|1.019606e-05|2.480802e-11|3.538870e-05|
| 127 |True   |  348  |9.885959e-06|1.008203e-05|1.718005e-11|2.881042e-05|
| 130 |True   |  345  |9.905756e-06|1.010183e-05|1.501236e-11|2.502207e-05|
| 131 |True   |  399  |9.894053e-06|1.012855e-05|6.842985e-10|2.583261e-05|
| 134 |True   |  348  |9.949429e-06|1.014550e-05|1.310962e-11|2.042462e-05|
| 132 |True   |  345  |9.859015e-06|1.005509e-05|2.224781e-11|3.542202e-05|
| 129 |True   |  374  |9.980180e-06|1.021116e-05|9.873052e-10|3.233792e-05|
| 135 |True   |  349  |9.965322e-06|1.016139e-05|1.585067e-11|2.497483e-05|
| 136 |True   |  401  |9.912859e-06|1.043456e-05|7.592975e-10|2.826836e-05|
| 137 |True   |  386  |9.936062e-06|1.021496e-05|4.828037e-12|8.522414e-10|
| 133 |True   |  349  |9.952802e-06|1.014886e-05|2.091293e-11|3.224546e-05|
| 138 |True   |  348  |9.952817e-06|1.014889e-05|1.877804e-11|2.880761e-05|
| 140 |True   |  366  |9.909053e-06|1.014691e-05|6.145867e-10|2.501012e-05|
| 142 |True   |  341  |9.904460e-06|1.011591e-05|2.853328e-11|3.908211e-05|
| 144 |True   |  344  |9.860933e-06|1.007292e-05|2.440469e-11|3.629252e-05|
| 143 |True   |  402  |9.859776e-06|1.012334e-05|3.391992e-12|1.283715e-09|
| 139 |True   |  449  |9.859179e-06|1.005524e-05|2.215529e-11|3.530577e-05|
| 145 |True   |  344  |9.985207e-06|1.021695e-05|2.138668e-11|3.223085e-05|
| 141 |True   |  381  |9.916675e-06|1.018876e-05|3.127979e-12|3.258725e-10|
| 146 |True   |  373  |9.910117e-06|1.024037e-05|2.496019e-12|1.594293e-09|
| 147 |True   |  369  |9.941710e-06|1.043176e-05|7.079062e-10|3.534369e-05|
| 148 |True   |  559  |9.963541e-06|1.015960e-05|1.955274e-11|2.951898e-05|
| 149 |True   |  348  |9.942707e-06|1.013878e-05|1.535754e-11|2.498401e-05|
| 151 |True   |  371  |9.893100e-06|1.014902e-05|3.258136e-12|4.007760e-10|
| 150 |True   |  351  |9.958179e-06|1.015425e-05|1.817887e-11|2.884522e-05|
| 152 |True   |  350  |9.887252e-06|1.008332e-05|1.740273e-11|2.677595e-05|
| 153 |True   |  372  |9.900348e-06|1.013073e-05|6.256663e-10|2.584322e-05|
| 154 |True   |  381  |9.926843e-06|1.016386e-05|3.935950e-12|3.192384e-09|
| 155 |True   |  376  |9.907252e-06|1.028281e-05|6.034024e-10|3.814090e-05|
| 157 |True   |  366  |9.876408e-06|1.039685e-05|3.157802e-12|2.074331e-09|
| 156 |True   |  398  |9.924574e-06|1.016185e-05|4.734332e-10|2.057984e-05|
| 159 |True   |  346  |9.866193e-06|1.009559e-05|1.960003e-11|3.224024e-05|
| 158 |True   |  373  |9.988869e-06|1.025982e-05|3.933349e-12|1.882763e-09|
| 162 |True   |  372  |9.894953e-06|1.020758e-05|7.822987e-10|2.956499e-05|
| 161 |True   |  379  |9.989474e-06|1.039599e-05|2.760824e-12|9.176387e-10|
| 163 |True   |  381  |9.904119e-06|1.010787e-05|2.761413e-10|3.227224e-05|
| 165 |True   |  351  |9.981832e-06|1.017789e-05|2.038626e-11|3.012213e-05|
| 168 |True   |  392  |9.874799e-06|1.022599e-05|4.774362e-10|3.243211e-05|
| 169 |True   |  486  |9.913371e-06|1.026082e-05|4.791206e-10|3.219775e-05|
| 166 |True   |  454  |9.923305e-06|1.011939e-05|2.002364e-11|3.228410e-05|
| 167 |True   |  366  |9.992216e-06|1.033698e-05|3.710380e-12|7.030152e-10|
| 164 |True   |  452  |9.966249e-06|1.016231e-05|2.426185e-11|3.538074e-05|
| 171 |True   |  371  |9.993069e-06|1.039376e-05|2.585466e-12|1.340357e-09|
| 170 |True   |  371  |9.880890e-06|1.031271e-05|9.221731e-10|3.279168e-05|
| 172 |True   |  386  |9.901772e-06|1.021762e-05|3.487192e-12|6.930575e-09|
| 173 |True   |  399  |9.855753e-06|1.012419e-05|3.784378e-12|1.460385e-09|
| 174 |True   |  381  |9.973263e-06|1.027807e-05|5.539856e-10|2.497496e-05|
| 177 |True   |  346  |9.917885e-06|1.011395e-05|2.026629e-11|3.222253e-05|
| 176 |True   |  371  |9.937596e-06|1.018817e-05|2.630247e-12|6.550577e-10|
| 178 |True   |  351  |9.924862e-06|1.012092e-05|2.599364e-11|3.815174e-05|
| 179 |True   |  369  |9.986565e-06|1.018863e-05|2.010484e-10|3.225495e-05|
| 181 |True   |  385  |9.808708e-06|1.016377e-05|4.299772e-12|3.027761e-10|
| 180 |True   |  456  |9.895493e-06|1.009156e-05|1.799301e-11|2.900929e-05|
| 183 |True   |  378  |9.952837e-06|1.025389e-05|3.451675e-12|5.602375e-10|
| 175 |True   |  768  |9.996302e-06|1.019237e-05|1.638618e-11|2.494539e-05|
| 186 |True   |  371  |9.978668e-06|1.020741e-05|7.780865e-10|2.759227e-05|
| 184 |True   |  371  |9.888035e-06|1.026118e-05|2.098129e-12|5.446062e-10|
| 185 |True   |  476  |9.919171e-06|1.054374e-05|2.740773e-12|4.372067e-10|
| 188 |True   |  386  |9.900142e-06|1.013527e-05|3.281313e-12|1.754124e-09|
| 187 |True   |  379  |9.908904e-06|1.018387e-05|8.805685e-10|2.866183e-05|
| 182 |True   | 1348  |9.983329e-06|1.021224e-05|5.138544e-10|2.488740e-05|
| 160 |True   | 2529  |9.992099e-06|1.018817e-05|1.181703e-11|1.441319e-05|
| 192 |True   |  374  |9.937614e-06|1.021130e-05|6.616478e-10|2.483901e-05|
| 194 |True   |  341  |9.894851e-06|1.009092e-05|1.908847e-11|3.058780e-05|
| 191 |True   |  711  |9.978861e-06|1.072044e-05|8.280569e-10|2.601417e-05|
| 189 |True   |  366  |9.840772e-06|1.028338e-05|2.175291e-12|5.191872e-10|
| 190 |True   |  354  |9.927702e-06|1.012377e-05|1.511361e-11|2.497401e-05|
| 195 |True   |  345  |9.891034e-06|1.008709e-05|2.554221e-11|3.815254e-05|
| 193 |True   |  340  |9.925955e-06|1.012204e-05|1.809319e-11|2.900375e-05|
| 197 |True   |  373  |9.941347e-06|1.019715e-05|3.881924e-12|7.597385e-10|
| 199 |True   |  372  |9.861606e-06|1.005769e-05|1.920518e-11|3.229328e-05|
| 196 |True   |  345  |9.894907e-06|1.009097e-05|2.347862e-11|3.550585e-05|
| 200 |True   |  393  |9.904817e-06|1.015462e-05|3.742091e-12|2.146065e-09|
| 198 |True   |  595  |9.913765e-06|1.064188e-05|3.291427e-12|8.810901e-10|
| 204 |True   |  365  |9.870447e-06|1.019465e-05|9.262991e-10|3.249842e-05|
| 201 |True   |  481  |9.923317e-06|1.013716e-05|4.081376e-10|2.885107e-05|
| 202 |True   |  341  |9.943839e-06|1.016930e-05|2.342708e-11|3.532683e-05|
| 207 |True   |  348  |9.982482e-06|1.017854e-05|2.695927e-11|3.814778e-05|
| 203 |True   |  369  |9.922527e-06|1.062877e-05|3.479665e-12|1.410556e-09|
| 209 |True   |  370  |9.955794e-06|1.027809e-05|9.100589e-10|3.512053e-05|
| 205 |True   |  371  |9.860695e-06|1.010352e-05|2.477903e-12|6.100221e-10|
| 210 |True   |  373  |9.872011e-06|1.023453e-05|3.246730e-12|1.172395e-09|
| 211 |True   |  350  |9.891139e-06|1.008720e-05|2.000555e-11|3.223929e-05|
| 208 |True   |  799  |9.964042e-06|1.026608e-05|5.531624e-10|2.494004e-05|
| 212 |True   |  368  |9.920792e-06|1.016622e-05|3.300581e-12|7.617574e-10|
| 206 |True   |  915  |9.971003e-06|1.016708e-05|1.137266e-11|1.441965e-05|
| 214 |True   |  352  |9.973115e-06|1.016920e-05|1.829083e-11|2.796458e-05|
| 216 |True   |  366  |9.838432e-06|1.016587e-05|2.560249e-12|8.497737e-10|
| 213 |True   |  347  |9.908684e-06|1.010475e-05|1.608695e-11|2.604373e-05|
| 215 |True   |  341  |9.963289e-06|1.021509e-05|1.719392e-11|2.979232e-05|
| 219 |True   |  579  |9.944224e-06|1.038248e-05|2.318133e-10|1.440703e-05|
| 220 |True   |  382  |9.915371e-06|1.019952e-05|9.923625e-10|2.646410e-05|
| 223 |True   |  374  |9.861206e-06|1.014728e-05|3.202762e-12|4.748698e-10|
| 218 |True   |  394  |9.982427e-06|1.021674e-05|3.292631e-12|1.161727e-09|
| 221 |True   |  364  |9.977587e-06|1.071278e-05|5.086741e-12|1.066177e-09|
| 225 |True   |  343  |9.804119e-06|1.000018e-05|2.547920e-11|3.848123e-05|
| 226 |True   |  367  |9.913563e-06|1.013448e-05|7.923716e-10|3.261392e-05|
| 224 |True   |  371  |9.978993e-06|1.022306e-05|3.109018e-12|4.508123e-10|
| 217 |True   |  708  |9.953574e-06|1.035362e-05|4.635746e-10|2.036008e-05|
| 227 |True   |  374  |9.985901e-06|1.025299e-05|3.777449e-12|6.126568e-10|
| 231 |True   |  344  |9.973146e-06|1.016921e-05|2.400951e-11|3.532358e-05|
| 230 |True   |  391  |9.941541e-06|1.017801e-05|2.829454e-12|1.005418e-09|
| 232 |True   |  368  |9.931701e-06|1.029485e-05|3.702791e-10|3.530782e-05|
| 228 |True   |  372  |9.996124e-06|1.066021e-05|3.640270e-12|4.233659e-10|
| 233 |True   |  375  |9.840845e-06|1.048183e-05|4.522803e-10|3.232429e-05|
| 229 |True   |  374  |9.901821e-06|1.018601e-05|7.723764e-10|2.569428e-05|
| 222 |True   | 1011  |9.980035e-06|1.023669e-05|2.173441e-10|1.441923e-05|
| 237 |True   |  344  |9.969914e-06|1.016598e-05|2.205394e-11|3.247641e-05|
| 238 |True   |  377  |9.967088e-06|1.017731e-05|4.478926e-10|2.952350e-05|
| 234 |True   |  365  |9.884294e-06|1.023178e-05|7.781365e-10|2.631817e-05|
| 239 |True   |  345  |9.944149e-06|1.014022e-05|1.797190e-11|2.884178e-05|
| 235 |True   |  382  |9.926858e-06|1.029044e-05|7.965924e-10|5.115409e-05|
| 241 |True   |  350  |9.974399e-06|1.017045e-05|2.729275e-11|3.826425e-05|
| 243 |True   |  348  |9.851658e-06|1.004772e-05|1.961842e-11|3.225253e-05|
| 244 |True   |  345  |9.983376e-06|1.017944e-05|2.229686e-11|3.255586e-05|
| 236 |True   |  986  |9.981090e-06|1.017717e-05|1.154508e-11|1.435900e-05|
| 240 |True   |  364  |9.969388e-06|1.037892e-05|4.424303e-12|1.742366e-09|
| 245 |True   |  372  |9.837081e-06|1.006313e-05|2.402748e-12|1.093102e-09|
| 242 |True   |  370  |9.828591e-06|1.032860e-05|3.027199e-12|1.527242e-09|
| 247 |True   |  397  |9.952590e-06|1.017275e-05|6.059457e-10|2.642336e-05|
| 248 |True   |  362  |9.899198e-06|1.045148e-05|7.559072e-10|3.518546e-05|
| 249 |True   |  370  |9.843461e-06|1.017815e-05|6.354230e-10|3.225324e-05|
| 246 |True   |  345  |9.907667e-06|1.010373e-05|2.299732e-11|3.532698e-05|
| 252 |True   |  411  |9.952853e-06|1.015610e-05|1.920842e-10|2.885148e-05|
| 250 |True   |  398  |9.953523e-06|1.031507e-05|3.954039e-12|1.999926e-09|
| 254 |True   |  407  |9.975652e-06|1.023293e-05|7.833573e-10|2.478312e-05|
| 258 |True   |  380  |9.906021e-06|1.010716e-05|1.711994e-10|3.243964e-05|
| 257 |True   |  368  |9.925781e-06|1.019346e-05|5.086937e-12|2.127361e-09|
| 253 |True   |  385  |9.987199e-06|1.021851e-05|6.608669e-10|2.556603e-05|
| 255 |True   |  347  |9.915435e-06|1.011150e-05|2.208022e-11|3.347051e-05|
| 256 |True   |  458  |9.926663e-06|1.012273e-05|1.853542e-11|2.893456e-05|
| 251 |True   |  704  |9.999268e-06|1.029243e-05|1.196671e-11|1.442308e-05|
| 259 |True   |  607  |9.937552e-06|1.049709e-05|2.415363e-12|1.239176e-08|
| 261 |True   |  380  |9.868312e-06|1.018963e-05|8.811796e-10|2.875830e-05|
| 260 |True   |  360  |9.961154e-06|1.034870e-05|2.945564e-11|2.498320e-05|
| 263 |True   |  409  |9.938836e-06|1.022575e-05|8.189725e-10|2.869158e-05|
| 266 |True   |  358  |9.882249e-06|1.047906e-05|4.125592e-10|3.905530e-05|
| 265 |True   |  607  |9.961984e-06|1.046357e-05|3.270635e-10|2.040276e-05|
| 264 |True   |  455  |9.927895e-06|1.016084e-05|1.781626e-11|2.884786e-05|
| 262 |True   |  387  |9.857940e-06|1.041456e-05|2.221018e-12|6.620344e-10|
| 272 |True   |  347  |9.893838e-06|1.008991e-05|1.717708e-11|2.884288e-05|
| 267 |True   |  567  |9.879941e-06|1.007601e-05|1.973546e-11|3.222929e-05|
| 268 |True   |  368  |9.921995e-06|1.018950e-05|7.266794e-10|2.884152e-05|
| 273 |True   |  346  |9.907337e-06|1.010340e-05|1.893345e-11|2.943666e-05|
| 269 |True   |  563  |9.871557e-06|1.009999e-05|2.111867e-11|3.324507e-05|
| 271 |True   |  343  |9.982154e-06|1.017823e-05|2.633278e-11|3.824246e-05|
| 274 |True   |  374  |9.985202e-06|1.030515e-05|9.368913e-10|3.511231e-05|
| 275 |True   |  480  |9.812347e-06|1.012379e-05|4.304899e-12|9.913085e-10|
| 270 |True   |  997  |9.876908e-06|1.104153e-05|6.555720e-10|7.110127e-04|
| 280 |True   |  373  |9.869735e-06|1.019258e-05|9.745627e-10|3.540023e-05|
| 282 |True   |  339  |9.898454e-06|1.017136e-05|1.491641e-11|2.503754e-05|
| 276 |True   |  375  |9.848923e-06|1.013906e-05|2.137444e-12|4.202552e-10|
| 278 |True   |  375  |9.913303e-06|1.033638e-05|6.930532e-10|2.884879e-05|
| 281 |True   |  368  |9.772871e-06|1.011499e-05|9.310959e-10|4.121070e-05|
| 279 |True   |  367  |9.903090e-06|1.010358e-05|1.460957e-10|2.992953e-05|
| 277 |True   |  707  |9.980364e-06|1.035036e-05|1.717863e-12|1.673359e-08|
| 283 |True   |  346  |9.934815e-06|1.013088e-05|2.063578e-11|3.224789e-05|
| 284 |True   |  347  |9.931328e-06|1.012739e-05|2.112591e-11|3.086562e-05|
| 286 |True   |  361  |9.866500e-06|1.006256e-05|2.389921e-11|3.633628e-05|
| 287 |True   |  360  |9.958695e-06|1.033517e-05|3.043782e-10|4.134474e-05|
| 289 |True   |  348  |9.982906e-06|1.017897e-05|2.144254e-11|3.213704e-05|
| 290 |True   |  349  |9.981246e-06|1.017731e-05|2.031667e-11|3.015967e-05|
| 288 |True   |  346  |9.872926e-06|1.006898e-05|2.511905e-11|3.808053e-05|
| 291 |True   |  346  |9.909935e-06|1.010600e-05|2.437078e-11|3.612937e-05|
| 296 |True   |  366  |9.916657e-06|1.012084e-05|3.765547e-10|3.814259e-05|
| 292 |True   |  368  |9.882747e-06|1.037722e-05|2.005203e-12|4.905918e-10|
| 294 |True   |  492  |9.860696e-06|1.012961e-05|2.824592e-12|5.920608e-10|
| 297 |True   |  337  |9.825630e-06|1.021708e-05|1.973847e-11|3.523997e-05|
| 293 |True   |  371  |9.993164e-06|1.044882e-05|9.870802e-10|4.137305e-05|
| 298 |True   |  368  |9.940281e-06|1.032087e-05|2.405008e-10|2.167782e-05|
| 295 |True   |  821  |9.916575e-06|1.027461e-05|2.617590e-10|1.442339e-05|
| 300 |True   |  348  |9.913729e-06|1.010979e-05|2.565890e-11|3.803486e-05|
| 301 |True   |  348  |9.903894e-06|1.009995e-05|2.562639e-11|3.814077e-05|
| 302 |True   |  478  |9.884405e-06|1.057804e-05|6.842876e-10|2.940698e-05|
| 304 |True   |  368  |9.864195e-06|1.013502e-05|3.782010e-12|1.133932e-09|
| 303 |True   |  368  |9.840620e-06|1.036956e-05|5.622066e-10|3.219746e-05|
| 299 |True   |  913  |9.907329e-06|1.037992e-05|1.022286e-10|1.440534e-05|
| 305 |True   |  379  |9.961510e-06|1.017515e-05|5.410311e-10|3.219951e-05|
| 306 |True   |  357  |9.946585e-06|1.014267e-05|1.621207e-11|2.537287e-05|
| 309 |True   |  376  |9.950993e-06|1.017287e-05|9.913271e-10|3.794783e-05|
| 307 |True   |  389  |9.954642e-06|1.030342e-05|5.890767e-10|3.242261e-05|
| 311 |True   |  365  |9.964309e-06|1.034702e-05|1.202447e-10|3.345749e-05|
| 308 |True   |  349  |9.995374e-06|1.019144e-05|1.948276e-11|2.905031e-05|
| 313 |True   |  378  |9.933727e-06|1.018393e-05|2.603750e-12|7.362207e-10|
| 310 |True   |  339  |9.915620e-06|1.031053e-05|1.743040e-11|2.880104e-05|
| 285 |True   | 2595  |9.858550e-06|1.069986e-05|2.553786e-10|1.442558e-05|
| 316 |True   |  387  |9.975374e-06|1.040170e-05|4.678146e-10|2.499390e-05|
| 315 |True   |  373  |9.879889e-06|1.022090e-05|4.532088e-10|2.885848e-05|
| 319 |True   |  345  |9.920228e-06|1.011629e-05|2.444549e-11|3.600890e-05|
| 317 |True   |  350  |9.906570e-06|1.010265e-05|1.756267e-11|2.886890e-05|
| 314 |True   |  556  |9.900513e-06|1.009658e-05|1.652107e-11|2.648032e-05|
| 318 |True   |  733  |9.997544e-06|1.022052e-05|1.520345e-10|1.439634e-05|
| 322 |True   |  369  |9.952277e-06|1.028092e-05|8.108058e-10|3.440623e-05|
| 325 |True   |  349  |9.976887e-06|1.017296e-05|1.849911e-11|2.884690e-05|
| 323 |True   |  380  |9.905347e-06|1.020124e-05|3.923198e-12|8.787155e-10|
| 326 |True   |  378  |9.881206e-06|1.023820e-05|2.331780e-12|4.548135e-10|
| 312 |True   |  900  |9.947908e-06|1.015000e-05|3.835640e-11|1.441581e-05|
| 321 |True   |  469  |9.895603e-06|1.009167e-05|1.473381e-11|2.499382e-05|
| 320 |True   | 1236  |9.946182e-06|1.069698e-05|3.754390e-10|1.509102e-05|
| 324 |True   |  370  |9.955766e-06|1.035565e-05|7.417808e-10|3.971050e-05|
| 327 |True   |  343  |9.984398e-06|1.018047e-05|2.544681e-11|3.638725e-05|
| 329 |True   |  363  |9.919079e-06|1.011747e-05|4.462643e-11|2.507772e-05|
| 330 |True   |  349  |9.910939e-06|1.010700e-05|2.667035e-11|3.817329e-05|
| 332 |True   |  370  |9.891341e-06|1.019777e-05|3.132054e-12|5.386198e-10|
| 331 |True   |  428  |9.899860e-06|1.022926e-05|9.412380e-10|2.868756e-05|
| 335 |True   |  375  |9.983361e-06|1.019374e-05|4.843525e-10|3.240722e-05|
| 334 |True   |  342  |9.998212e-06|1.019428e-05|1.891841e-11|2.884774e-05|
| 333 |True   |  388  |9.956952e-06|1.031283e-05|5.095855e-10|3.533122e-05|
| 338 |True   |  345  |9.953247e-06|1.014932e-05|1.336417e-11|2.042505e-05|
| 339 |True   |  351  |9.930231e-06|1.012728e-05|2.331277e-11|2.950724e-05|
| 340 |True   |  340  |9.861483e-06|1.005755e-05|2.089372e-11|3.303281e-05|
| 337 |True   |  382  |9.954586e-06|1.022027e-05|4.618169e-10|2.039424e-05|
| 341 |True   |  370  |9.892320e-06|1.034958e-05|4.308025e-10|2.494080e-05|
| 336 |True   |  375  |9.847467e-06|1.016653e-05|9.375201e-10|3.531780e-05|
| 328 |True   | 1055  |9.840021e-06|1.148274e-05|5.287061e-10|3.819918e-05|
| 342 |True   |  345  |9.917778e-06|1.011384e-05|2.391904e-11|3.554935e-05|
| 343 |True   |  339  |9.887490e-06|1.013975e-05|1.689876e-11|2.879404e-05|
| 345 |True   |  349  |9.939588e-06|1.013565e-05|2.343873e-11|3.530771e-05|
| 348 |True   |  352  |9.937980e-06|1.013405e-05|1.804072e-11|2.884389e-05|
| 344 |True   |  346  |9.974623e-06|1.017069e-05|1.779102e-11|2.719058e-05|
| 347 |True   |  402  |9.873860e-06|1.045172e-05|2.366794e-12|2.687074e-10|
| 350 |True   |  345  |9.966584e-06|1.016265e-05|2.383587e-11|3.529245e-05|
| 349 |True   |  378  |9.961611e-06|1.019674e-05|7.626309e-10|2.872033e-05|
| 352 |True   |  377  |9.782228e-06|1.034644e-05|2.946302e-12|6.811376e-10|
| 353 |True   |  351  |9.975925e-06|1.017200e-05|1.350188e-11|2.040644e-05|
| 351 |True   |  365  |9.953047e-06|1.034238e-05|6.624923e-11|3.340450e-05|
| 357 |True   |  367  |9.884159e-06|1.020005e-05|7.331268e-10|2.649702e-05|
| 360 |True   |  357  |9.951269e-06|1.033765e-05|6.070678e-11|3.224211e-05|
| 354 |True   |  345  |9.864221e-06|1.006029e-05|1.834186e-11|2.984712e-05|
| 346 |True   |  718  |9.903312e-06|1.015987e-05|3.526999e-10|1.476323e-05|
| 363 |True   |  341  |9.914272e-06|1.016991e-05|2.297508e-11|3.530638e-05|
| 359 |True   |  364  |9.979963e-06|1.017604e-05|1.925338e-11|2.903406e-05|
| 361 |True   |  574  |9.972873e-06|1.019539e-05|2.068834e-11|3.124981e-05|
| 356 |True   | 1034  |9.946574e-06|1.016746e-05|1.387964e-10|1.441531e-05|
| 364 |True   |  375  |9.874941e-06|1.014887e-05|2.245444e-12|3.354942e-10|
| 362 |True   |  347  |9.920924e-06|1.011699e-05|1.815321e-11|2.890604e-05|
| 358 |True   | 1142  |9.962240e-06|1.230309e-05|5.231720e-10|2.030964e-05|
| 365 |True   |  408  |9.999914e-06|1.023830e-05|9.857389e-10|3.199099e-05|
| 366 |True   |  403  |9.917527e-06|1.023506e-05|4.668188e-10|2.490805e-05|
| 369 |True   |  368  |9.933274e-06|1.014086e-05|2.486435e-10|2.528626e-05|
| 370 |True   |  397  |9.811289e-06|1.005254e-05|4.088128e-12|1.277037e-09|
| 372 |True   |  343  |9.865331e-06|1.007645e-05|2.766412e-11|4.079094e-05|
| 373 |True   |  346  |9.985923e-06|1.018199e-05|2.151795e-11|3.224743e-05|
| 371 |True   |  377  |9.843794e-06|1.013211e-05|2.673576e-12|7.033449e-10|
| 367 |True   |  808  |9.855084e-06|1.078268e-05|1.127540e-10|2.948839e-06|
| 374 |True   |  353  |9.916197e-06|1.011226e-05|2.249338e-11|3.426004e-05|
| 376 |True   |  366  |9.938903e-06|1.013921e-05|1.547953e-10|3.237402e-05|
| 378 |True   |  345  |9.930738e-06|1.012679e-05|2.947026e-11|4.019232e-05|
| 377 |True   |  345  |9.884674e-06|1.008073e-05|2.354407e-11|3.543289e-05|
| 381 |True   |  374  |9.962066e-06|1.018706e-05|4.428772e-10|2.605614e-05|
| 382 |True   |  418  |9.978778e-06|1.031485e-05|4.126809e-12|1.371873e-09|
| 383 |True   |  348  |9.939056e-06|1.013512e-05|2.074310e-11|3.223508e-05|
| 379 |True   |  375  |9.936138e-06|1.033019e-05|7.073317e-10|2.562086e-05|
| 375 |True   |  710  |9.897347e-06|1.011653e-05|6.370724e-10|2.971384e-05|
| 380 |True   |  348  |9.944529e-06|1.014059e-05|2.616394e-11|3.808463e-05|
| 384 |True   |  343  |9.888520e-06|1.014679e-05|2.069219e-11|3.248977e-05|
| 368 |True   | 1761  |9.931809e-06|1.089735e-05|2.584652e-10|7.041509e-06|
| 386 |True   |  345  |9.874233e-06|1.007030e-05|1.743986e-11|2.894372e-05|
| 387 |True   |  340  |9.975770e-06|1.026477e-05|2.948183e-11|4.078618e-05|
| 388 |True   |  371  |9.852627e-06|1.012053e-05|4.608233e-12|6.787422e-10|
| 385 |True   |  351  |9.927961e-06|1.012403e-05|2.045764e-11|3.224249e-05|
| 393 |True   |  346  |9.962008e-06|1.015806e-05|2.926971e-11|4.076532e-05|
| 389 |True   |  343  |9.900868e-06|1.013973e-05|2.588000e-11|3.819504e-05|
| 392 |True   |  393  |9.975481e-06|1.024271e-05|5.243478e-12|1.132902e-09|
| 391 |True   |  378  |9.950312e-06|1.025994e-05|7.359961e-10|2.864049e-05|
| 394 |True   |  347  |9.799871e-06|9.995928e-06|2.645440e-11|3.934042e-05|
| 390 |True   |  373  |9.918143e-06|1.054831e-05|2.956006e-12|2.486835e-09|
| 395 |True   |  374  |9.980052e-06|1.033391e-05|3.967713e-12|1.374618e-09|
| 396 |True   |  351  |9.956290e-06|1.015236e-05|1.638158e-11|2.503878e-05|
| 398 |True   |  355  |9.914603e-06|1.030242e-05|2.115633e-11|2.039780e-05|
| 400 |True   |  366  |9.994114e-06|1.019832e-05|3.087712e-10|3.011275e-05|
| 397 |True   |  373  |9.962749e-06|1.032968e-05|5.466930e-10|3.532084e-05|
| 402 |True   |  408  |9.962548e-06|1.028413e-05|2.255463e-12|1.095285e-09|
| 403 |True   |  464  |9.910795e-06|1.010687e-05|1.807247e-11|2.907554e-05|
| 399 |True   |  371  |9.921801e-06|1.024854e-05|6.356319e-10|2.497801e-05|
| 404 |True   |  349  |9.981815e-06|1.017789e-05|1.362222e-11|2.039430e-05|
| 401 |True   |  491  |9.839241e-06|1.014029e-05|3.850041e-12|1.298862e-08|
| 405 |True   |  381  |9.952953e-06|1.037867e-05|7.000937e-10|2.562261e-05|
| 406 |True   |  392  |9.890304e-06|1.029683e-05|2.963202e-12|5.912002e-10|
| 410 |True   |  349  |9.975637e-06|1.017169e-05|2.947320e-11|4.076289e-05|
| 407 |True   |  349  |9.933045e-06|1.012912e-05|1.288896e-11|2.040113e-05|
| 408 |True   |  370  |9.884658e-06|1.074479e-05|3.149047e-12|5.757797e-10|
| 409 |True   |  378  |9.898116e-06|1.024635e-05|5.061700e-10|3.232688e-05|
| 411 |True   |  364  |9.996697e-06|1.019281e-05|1.792238e-11|2.909547e-05|
| 412 |True   |  374  |9.999430e-06|1.025228e-05|9.337291e-10|2.866888e-05|
| 415 |True   |  368  |9.959815e-06|1.047999e-05|7.842417e-10|3.225135e-05|
| 417 |True   |  345  |9.935268e-06|1.013134e-05|1.280208e-11|2.039636e-05|
| 413 |True   |  353  |9.913035e-06|1.010910e-05|1.859805e-11|2.909101e-05|
| 416 |True   |  489  |9.961779e-06|1.052821e-05|5.153886e-10|2.660238e-05|
| 421 |True   |  349  |9.945504e-06|1.014157e-05|2.159359e-11|3.237126e-05|
| 418 |True   |  348  |9.975122e-06|1.017119e-05|1.582078e-11|2.495040e-05|
| 420 |True   |  745  |9.972104e-06|1.065467e-05|1.636629e-10|1.142341e-05|
| 422 |True   |  386  |9.921889e-06|1.023535e-05|4.217412e-12|3.840282e-10|
| 419 |True   |  400  |9.887161e-06|1.014599e-05|8.879453e-10|2.869045e-05|
| 425 |True   |  372  |9.844424e-06|1.014316e-05|2.362584e-12|1.456734e-09|
| 426 |True   |  341  |9.942444e-06|1.026024e-05|1.799264e-11|2.884205e-05|
| 424 |True   |  369  |9.889808e-06|1.022551e-05|8.507369e-10|3.507243e-05|
| 429 |True   |  342  |9.959354e-06|1.019185e-05|2.827685e-11|3.869179e-05|
| 428 |True   |  393  |9.875480e-06|1.010202e-05|2.409380e-12|3.940172e-09|
| 431 |True   |  344  |9.945312e-06|1.014138e-05|2.062913e-11|3.214452e-05|
| 427 |True   |  385  |9.965790e-06|1.026172e-05|2.288373e-12|3.137315e-10|
| 432 |True   |  390  |9.885203e-06|1.015997e-05|2.920723e-12|6.759270e-10|
| 430 |True   |  350  |9.994930e-06|1.019099e-05|2.045478e-11|2.949875e-05|
| 355 |True   | 6894  |9.956229e-06|1.059772e-05|2.203237e-10|1.439575e-05|
| 433 |True   |  376  |9.938582e-06|1.025066e-05|6.548662e-12|1.115279e-09|
| 435 |True   |  345  |9.911870e-06|1.010795e-05|1.748007e-11|2.885952e-05|
| 436 |True   |  373  |9.995540e-06|1.035771e-05|5.581703e-10|3.546275e-05|
| 438 |True   |  350  |9.928570e-06|1.032849e-05|8.938272e-11|3.419929e-05|
| 434 |True   |  345  |9.929946e-06|1.012603e-05|1.536398e-11|2.486373e-05|
| 423 |True   | 1653  |9.951574e-06|1.033154e-05|9.669970e-12|1.455036e-05|
| 437 |True   |  374  |9.954660e-06|1.027203e-05|8.006382e-10|3.204719e-05|
| 441 |True   |  381  |9.783860e-06|1.052534e-05|2.509507e-12|6.320823e-10|
| 439 |True   |  346  |9.882047e-06|1.007811e-05|2.249764e-11|3.531217e-05|
| 444 |True   |  352  |9.899574e-06|1.009564e-05|1.694378e-11|2.774445e-05|
| 442 |True   |  375  |9.922852e-06|1.026818e-05|5.850076e-10|2.498219e-05|
| 440 |True   |  484  |9.958919e-06|1.058274e-05|5.960388e-12|5.060078e-10|
| 443 |True   |  589  |9.977286e-06|1.018590e-05|2.416196e-10|2.494282e-05|
| 447 |True   |  385  |9.878198e-06|1.007432e-05|1.857035e-11|3.320846e-05|
| 445 |True   |  344  |9.901612e-06|1.009768e-05|1.731662e-11|2.883841e-05|
| 449 |True   |  374  |9.836715e-06|1.010026e-05|4.459757e-12|3.891949e-10|
| 448 |True   |  378  |9.793774e-06|1.048794e-05|6.839729e-10|2.885918e-05|
| 446 |True   |  352  |9.965951e-06|1.016201e-05|2.113435e-11|3.223982e-05|
| 453 |True   |  367  |9.922638e-06|1.023999e-05|9.411797e-10|3.121625e-05|
| 454 |True   |  387  |9.840178e-06|1.024095e-05|4.365862e-12|1.225472e-08|
| 455 |True   |  348  |9.963754e-06|1.015982e-05|2.191525e-11|3.245644e-05|
| 457 |True   |  361  |9.961212e-06|1.039448e-05|2.472225e-10|2.884213e-05|
| 456 |True   |  379  |9.944442e-06|1.017406e-05|8.663706e-10|3.222489e-05|
| 450 |True   |  370  |9.987881e-06|1.019630e-05|4.733576e-10|3.261916e-05|
| 451 |True   |  382  |9.887429e-06|1.030847e-05|4.780309e-12|1.245624e-09|
| 452 |True   |  364  |9.924825e-06|1.052198e-05|6.812929e-10|3.216115e-05|
| 458 |True   |  377  |9.912758e-06|1.021150e-05|3.119572e-12|5.611830e-09|
| 459 |True   |  388  |9.851438e-06|1.015596e-05|4.009280e-12|7.101886e-10|
| 460 |True   |  346  |9.941505e-06|1.015627e-05|2.072188e-11|3.224950e-05|
| 461 |True   |  410  |9.871903e-06|1.020141e-05|2.411554e-12|5.403983e-10|
| 463 |True   |  400  |9.953687e-06|1.022582e-05|3.284338e-12|8.776611e-10|
| 462 |True   |  343  |9.884795e-06|1.010171e-05|1.884970e-11|3.053375e-05|
| 465 |True   |  345  |9.883129e-06|1.007920e-05|1.699537e-11|2.884314e-05|
| 464 |True   |  344  |9.998348e-06|1.019440e-05|2.753655e-11|3.819061e-05|
| 414 |True   | 5127  |9.991531e-06|1.020110e-05|7.602545e-11|1.437974e-05|
| 468 |True   |  368  |9.865414e-06|1.050223e-05|2.620703e-12|3.212573e-10|
| 466 |True   |  346  |9.994346e-06|1.019041e-05|2.166255e-11|3.224114e-05|
| 469 |True   |  369  |9.971625e-06|1.035228e-05|1.956021e-10|3.235978e-05|
| 470 |True   |  348  |9.997579e-06|1.019364e-05|2.706075e-11|3.806647e-05|
| 467 |True   |  357  |9.916534e-06|1.011260e-05|2.039395e-11|3.223722e-05|
| 472 |True   |  391  |9.977121e-06|1.019844e-05|3.316104e-12|1.848059e-09|
| 473 |True   |  352  |9.839737e-06|1.003580e-05|2.445247e-11|3.815890e-05|
| 475 |True   |  379  |9.794358e-06|1.012284e-05|5.548837e-12|8.437831e-10|
| 476 |True   |  342  |9.937709e-06|1.014441e-05|2.825692e-11|3.913649e-05|
| 471 |True   |  338  |9.975777e-06|1.020802e-05|3.215149e-11|4.320804e-05|
| 478 |True   |  350  |9.943553e-06|1.013961e-05|2.342524e-11|3.531831e-05|
| 477 |True   |  364  |9.946929e-06|1.020493e-05|3.456155e-12|1.762703e-09|
| 474 |True   |  345  |9.867872e-06|1.006394e-05|1.775036e-11|2.903428e-05|
| 479 |True   |  348  |9.986469e-06|1.018253e-05|2.145321e-11|3.217740e-05|
| 480 |True   |  391  |9.989197e-06|1.020492e-05|6.248820e-10|3.227580e-05|
| 482 |True   |  348  |9.884034e-06|1.008010e-05|1.901155e-11|3.059188e-05|
| 483 |True   |  365  |9.945785e-06|1.014185e-05|2.355210e-11|3.532122e-05|
| 484 |True   |  369  |9.896952e-06|1.028429e-05|4.572569e-12|6.551015e-10|
| 487 |True   |  376  |9.992604e-06|1.045170e-05|7.382688e-10|3.530624e-05|
| 486 |True   |  377  |9.851246e-06|1.016762e-05|8.485679e-10|2.885827e-05|
| 488 |True   |  368  |9.856042e-06|1.011579e-05|3.326370e-12|8.372341e-10|
| 485 |True   |  346  |9.990555e-06|1.018663e-05|1.381854e-11|2.041273e-05|
| 490 |True   |  346  |9.973130e-06|1.016919e-05|2.707422e-11|3.637516e-05|
| 491 |True   |  344  |9.969027e-06|1.016509e-05|1.913840e-11|2.907018e-05|
| 492 |True   |  347  |9.914017e-06|1.011008e-05|2.093709e-11|3.236763e-05|
| 495 |True   |  369  |9.948467e-06|1.026607e-05|2.234640e-12|6.018312e-10|
| 497 |True   |  344  |9.866218e-06|1.006228e-05|2.049690e-11|3.264934e-05|
| 494 |True   |  494  |9.921589e-06|1.046530e-05|4.715838e-12|1.654046e-09|
| 496 |True   |  381  |9.910962e-06|1.016852e-05|3.278995e-12|8.908663e-10|
| 493 |True   |  377  |9.878676e-06|1.011604e-05|8.003018e-10|2.868209e-05|
| 481 |True   | 1306  |9.907350e-06|1.022599e-05|4.359493e-10|2.026800e-05|
| 499 |True   |  376  |9.975538e-06|1.031283e-05|3.321005e-12|1.318490e-09|
| 498 |True   |  345  |9.948240e-06|1.018686e-05|1.943524e-11|2.935919e-05|
| 500 |True   |  346  |9.878548e-06|1.007461e-05|1.852944e-11|3.002093e-05|
| 489 |True   | 1451  |9.933031e-06|1.017244e-05|3.845386e-10|2.035580e-05|
| 501 |True   |  370  |9.853421e-06|1.030881e-05|9.670306e-10|3.600858e-05|
| 502 |True   |  380  |9.818188e-06|1.002249e-05|4.402964e-10|4.140845e-05|
| 504 |True   |  350  |9.892335e-06|1.008840e-05|1.735456e-11|2.887131e-05|
| 505 |True   |  345  |9.946871e-06|1.014294e-05|1.811469e-11|2.881539e-05|
| 509 |True   |  345  |9.973480e-06|1.016955e-05|1.853187e-11|2.883426e-05|
| 508 |True   |  387  |9.807579e-06|1.024733e-05|5.964186e-10|3.752582e-05|
| 511 |True   |  347  |9.916192e-06|1.011226e-05|2.207952e-11|3.340632e-05|
| 510 |True   |  347  |9.942050e-06|1.013812e-05|1.627522e-11|2.515820e-05|
| 507 |True   |  488  |9.864162e-06|1.022652e-05|3.266548e-10|3.224634e-05|
| 512 |True   |  370  |9.905470e-06|1.045418e-05|3.026925e-10|3.815243e-05|
| 513 |True   |  378  |9.878624e-06|1.017779e-05|3.459354e-12|6.128169e-10|
| 514 |True   |  349  |9.893102e-06|1.008917e-05|1.722862e-11|2.884362e-05|
| 515 |True   |  343  |9.945485e-06|1.014157e-05|1.511376e-11|2.495612e-05|
| 517 |True   |  360  |9.988236e-06|1.018629e-05|2.384490e-11|1.854479e-05|
| 516 |True   |  380  |9.989776e-06|1.090144e-05|4.375986e-12|2.920115e-09|
| 520 |True   |  390  |9.939224e-06|1.033433e-05|3.131146e-12|5.951537e-10|
| 522 |True   |  347  |9.944275e-06|1.014049e-05|1.167755e-11|2.086730e-05|
| 518 |True   |  814  |9.939594e-06|1.110293e-05|5.171369e-10|2.495218e-05|
| 523 |True   |  389  |9.971741e-06|1.019291e-05|6.349950e-10|2.894922e-05|
| 503 |True   | 1539  |9.900756e-06|1.009683e-05|1.731787e-11|2.879778e-05|
| 519 |True   |  414  |9.931480e-06|1.015165e-05|2.412348e-12|4.143916e-09|
| 521 |True   |  379  |9.900196e-06|1.019840e-05|7.803081e-10|2.885366e-05|
| 526 |True   |  362  |9.934893e-06|1.031237e-05|1.447855e-10|2.911536e-05|
| 527 |True   |  373  |9.969599e-06|1.028865e-05|9.294230e-10|3.248837e-05|
| 525 |True   |  397  |9.967867e-06|1.017501e-05|2.180592e-10|2.503914e-05|
| 529 |True   |  347  |9.973454e-06|1.016951e-05|2.512884e-11|3.594188e-05|
| 524 |True   |  925  |9.970902e-06|1.027402e-05|3.332671e-10|1.708214e-05|
| 528 |True   |  345  |9.867234e-06|1.006330e-05|1.943799e-11|3.224809e-05|
| 506 |True   | 2375  |9.972470e-06|1.020028e-05|3.200729e-10|2.034058e-05|
| 531 |True   |  346  |9.915426e-06|1.011150e-05|1.756591e-11|2.871705e-05|
| 534 |True   |  352  |9.989134e-06|1.018519e-05|2.643541e-11|3.713737e-05|
| 533 |True   |  370  |9.882239e-06|1.015571e-05|2.412050e-12|6.098012e-10|
| 530 |True   |  504  |9.791853e-06|1.056528e-05|4.227175e-12|1.422605e-07|
| 532 |True   |  372  |9.922759e-06|1.021012e-05|8.356465e-10|2.884511e-05|
| 535 |True   |  377  |9.881648e-06|1.012842e-05|3.099158e-12|1.007349e-09|
| 538 |True   |  369  |9.868662e-06|1.009681e-05|6.679594e-10|2.884892e-05|
| 537 |True   |  378  |9.875760e-06|1.015730e-05|3.087553e-12|1.545385e-09|
| 539 |True   |  343  |9.978756e-06|1.020815e-05|3.101065e-11|4.117635e-05|
| 536 |True   |  350  |9.947628e-06|1.014369e-05|1.818920e-11|2.883600e-05|
| 540 |True   |  379  |9.927566e-06|1.029019e-05|2.624211e-12|5.178836e-10|
| 542 |True   |  376  |9.919856e-06|1.015846e-05|7.892596e-10|2.884671e-05|
| 543 |True   |  377  |9.865816e-06|1.021151e-05|3.182493e-12|7.893823e-10|
| 546 |True   |  378  |9.904198e-06|1.013246e-05|8.411167e-10|3.223891e-05|
| 547 |True   |  373  |9.960715e-06|1.025951e-05|6.374845e-12|2.188831e-09|
| 548 |True   |  368  |9.942388e-06|1.037888e-05|3.845384e-12|9.858679e-10|
| 549 |True   |  372  |9.972220e-06|1.018338e-05|5.664618e-10|3.529161e-05|
| 545 |True   |  359  |9.885982e-06|1.008209e-05|1.942053e-11|3.350285e-05|
| 541 |True   |  695  |9.968578e-06|1.061168e-05|2.325110e-10|7.930448e-04|
| 550 |True   |  412  |9.850605e-06|1.018239e-05|2.480155e-12|1.046247e-08|
| 551 |True   |  355  |9.996070e-06|1.037706e-05|1.758012e-10|4.171013e-05|
| 552 |True   |  458  |9.891653e-06|1.008772e-05|1.721372e-11|2.884482e-05|
| 557 |True   |  351  |9.953276e-06|1.014935e-05|1.809621e-11|2.884798e-05|
| 556 |True   |  344  |9.953803e-06|1.015787e-05|2.038939e-11|3.083122e-05|
| 553 |True   |  370  |9.940265e-06|1.035229e-05|2.818230e-10|2.885702e-05|
| 555 |True   |  399  |9.954406e-06|1.026859e-05|3.231896e-12|2.075666e-09|
| 554 |True   |  365  |9.816619e-06|1.017562e-05|3.011905e-12|3.223926e-10|
| 544 |True   | 1154  |9.949209e-06|1.055763e-05|9.278508e-11|1.932189e-07|
| 559 |True   |  352  |9.981921e-06|1.017799e-05|1.599262e-11|2.498345e-05|
| 558 |True   |  567  |9.913560e-06|1.010963e-05|1.903689e-11|2.990277e-05|
| 560 |True   |  381  |9.848521e-06|1.012251e-05|3.220088e-12|6.704090e-10|
| 561 |True   |  378  |9.901149e-06|1.012896e-05|6.635094e-10|2.521223e-05|
| 562 |True   |  364  |9.996458e-06|1.019253e-05|1.376131e-11|2.039939e-05|
| 567 |True   |  344  |9.916027e-06|1.011208e-05|2.866300e-11|4.072292e-05|
| 565 |True   |  360  |9.912299e-06|1.011142e-05|8.049140e-11|2.902059e-05|
| 570 |True   |  345  |9.981025e-06|1.017710e-05|1.910919e-11|2.899035e-05|
| 569 |True   |  372  |9.908122e-06|1.010473e-05|1.236855e-11|2.648490e-05|
| 563 |True   |  394  |9.925046e-06|1.018154e-05|3.156811e-12|2.448906e-09|
| 564 |True   |  388  |9.844595e-06|1.009468e-05|3.838082e-12|1.192510e-09|
| 568 |True   |  349  |9.912291e-06|1.010835e-05|2.028757e-11|3.224806e-05|
| 566 |True   |  374  |9.879742e-06|1.018655e-05|3.071120e-12|4.691331e-10|
| 571 |True   |  342  |9.900936e-06|1.013330e-05|1.874321e-11|2.994583e-05|
| 573 |True   |  377  |9.877190e-06|1.032617e-05|2.522225e-12|5.053194e-10|
| 572 |True   |  340  |9.993553e-06|1.024815e-05|1.625022e-11|2.498272e-05|
| 574 |True   |  441  |9.859602e-06|1.012296e-05|4.073250e-12|9.490611e-09|
| 576 |True   |  376  |9.928700e-06|1.012515e-05|1.161742e-11|3.496988e-05|
| 575 |True   |  464  |9.997236e-06|1.019330e-05|2.291860e-11|3.261663e-05|
| 582 |True   |  348  |9.923974e-06|1.012004e-05|1.767434e-11|2.881088e-05|
| 581 |True   |  531  |9.921574e-06|1.011764e-05|2.049857e-11|3.224762e-05|
| 577 |True   |  368  |9.926780e-06|1.035968e-05|2.216280e-12|4.670373e-10|
| 580 |True   |  417  |9.903737e-06|1.012150e-05|4.323087e-10|2.506761e-05|
| 578 |True   |  358  |9.961598e-06|1.037291e-05|1.556842e-10|2.888287e-05|
| 583 |True   |  345  |9.933382e-06|1.014197e-05|2.097323e-11|3.230520e-05|
| 579 |True   |  724  |9.987849e-06|1.019421e-05|6.607249e-11|1.441539e-05|
| 584 |True   |  369  |9.920974e-06|1.025951e-05|8.939418e-10|3.205811e-05|
| 585 |True   |  373  |9.847634e-06|1.012855e-05|2.648279e-12|3.394770e-10|
| 586 |True   |  350  |9.851646e-06|1.004771e-05|2.174448e-11|3.461661e-05|
| 590 |True   |  377  |9.848574e-06|1.023834e-05|2.470385e-12|7.100946e-10|
| 591 |True   |  347  |9.956970e-06|1.015303e-05|2.178186e-11|3.253435e-05|
| 587 |True   |  385  |9.959215e-06|1.018607e-05|7.096328e-10|2.870227e-05|
| 593 |True   |  346  |9.982250e-06|1.017831e-05|1.935986e-11|2.903732e-05|
| 588 |True   |  345  |9.931774e-06|1.012784e-05|1.785978e-11|2.884223e-05|
| 592 |True   |  384  |9.935618e-06|1.028340e-05|3.691103e-12|8.886741e-10|
| 594 |True   |  347  |9.926155e-06|1.012223e-05|1.288549e-11|2.039755e-05|
| 595 |True   |  368  |9.877616e-06|1.007369e-05|2.602696e-11|3.873400e-05|
| 596 |True   |  487  |9.934966e-06|1.013103e-05|1.783112e-11|2.877903e-05|
| 598 |True   |  365  |9.798141e-06|1.030606e-05|6.210739e-10|4.073429e-05|
| 597 |True   |  391  |9.895143e-06|1.014669e-05|7.528211e-10|3.813652e-05|
| 600 |True   |  369  |9.932317e-06|1.027757e-05|2.897203e-12|7.818584e-10|
| 589 |True   | 1119  |9.754204e-06|1.197966e-05|4.556348e-10|1.998417e-03|
| 602 |True   |  381  |9.883233e-06|1.016157e-05|2.598524e-12|4.330493e-10|
| 603 |True   |  348  |9.969885e-06|1.016594e-05|2.666854e-11|3.815180e-05|
| 601 |True   |  600  |9.923405e-06|1.041775e-05|2.904390e-10|2.495410e-05|
| 605 |True   |  346  |9.947107e-06|1.014317e-05|2.082569e-11|3.223046e-05|
| 608 |True   |  361  |9.879072e-06|1.007886e-05|1.587556e-10|3.543579e-05|
| 607 |True   |  352  |9.863472e-06|1.005954e-05|1.780389e-11|2.913653e-05|
| 604 |True   |  376  |9.872993e-06|1.010159e-05|7.924982e-10|2.948284e-05|
| 609 |True   |  374  |9.857922e-06|1.016606e-05|2.977532e-12|6.170135e-10|
| 610 |True   |  411  |9.977274e-06|1.028479e-05|7.166151e-10|2.883946e-05|
| 606 |True   |  350  |9.872727e-06|1.006879e-05|2.514471e-11|3.814701e-05|
| 611 |True   |  343  |9.842772e-06|1.003884e-05|2.027039e-11|3.250891e-05|
| 612 |True   |  428  |9.853155e-06|1.016668e-05|7.719020e-10|2.500603e-05|
| 614 |True   |  346  |9.905080e-06|1.010115e-05|1.470601e-11|2.498383e-05|
| 615 |True   |  370  |9.924817e-06|1.015355e-05|7.001440e-10|2.865782e-05|
| 617 |True   |  344  |9.839803e-06|1.006479e-05|2.553704e-11|3.711994e-05|
| 618 |True   |  374  |9.985412e-06|1.045304e-05|7.547889e-10|3.516285e-05|
| 599 |True   | 1268  |9.941856e-06|1.018992e-05|4.387455e-10|2.034834e-05|
| 616 |True   |  346  |9.955297e-06|1.015137e-05|1.336491e-11|2.038480e-05|
| 620 |True   |  415  |9.912381e-06|1.025463e-05|7.855494e-10|2.483168e-05|
| 619 |True   |  364  |9.987303e-06|1.055748e-05|3.753554e-12|7.044188e-10|
| 622 |True   |  356  |9.850126e-06|1.008398e-05|1.422960e-10|3.317406e-05|
| 621 |True   |  372  |9.865697e-06|1.018977e-05|2.288880e-12|1.646821e-09|
| 613 |True   |  888  |9.895025e-06|1.198233e-05|2.319198e-12|1.890730e-09|
| 624 |True   |  352  |9.931307e-06|1.012738e-05|1.514272e-11|2.497920e-05|
| 627 |True   |  371  |9.893869e-06|1.012694e-05|8.632779e-10|2.972407e-05|
| 626 |True   |  345  |9.967907e-06|1.016397e-05|2.349195e-11|3.381049e-05|
| 628 |True   |  344  |9.954294e-06|1.015035e-05|3.214040e-11|4.316775e-05|
| 629 |True   |  364  |9.898422e-06|1.009449e-05|1.818629e-11|2.906581e-05|
| 631 |True   |  372  |9.981011e-06|1.026772e-05|3.648505e-12|1.095393e-09|
| 630 |True   |  367  |9.819999e-06|1.028839e-05|4.485549e-10|2.542000e-05|
| 633 |True   |  348  |9.930515e-06|1.012658e-05|1.518948e-11|2.498384e-05|
| 634 |True   |  417  |9.967201e-06|1.024631e-05|4.591507e-12|6.391928e-09|
| 632 |True   |  351  |9.947167e-06|1.014323e-05|2.355444e-11|3.532257e-05|
| 636 |True   |  353  |9.881204e-06|1.007727e-05|1.795439e-11|2.928234e-05|
| 635 |True   |  346  |9.957230e-06|1.015330e-05|1.844699e-11|2.883775e-05|
| 638 |True   |  367  |9.884885e-06|1.027224e-05|3.082243e-10|2.883917e-05|
| 637 |True   |  713  |9.980303e-06|1.038331e-05|2.054723e-10|1.439334e-05|
| 640 |True   |  411  |9.936224e-06|1.053854e-05|5.622371e-10|3.242028e-05|
| 643 |True   |  347  |9.982049e-06|1.017811e-05|2.099599e-11|3.029705e-05|
| 641 |True   |  379  |9.838861e-06|1.012263e-05|4.115327e-12|5.225523e-10|
| 639 |True   |  349  |9.990750e-06|1.018680e-05|2.973004e-11|4.075579e-05|
| 625 |True   | 2174  |9.907135e-06|1.073567e-05|8.317493e-10|6.223635e-07|
| 644 |True   |  460  |9.921119e-06|1.011718e-05|2.091843e-11|3.232125e-05|
| 642 |True   |  370  |9.927742e-06|1.022958e-05|2.661321e-12|8.166431e-10|
| 645 |True   |  348  |9.981418e-06|1.017749e-05|1.661190e-11|2.518344e-05|
| 647 |True   |  372  |9.849260e-06|1.019456e-05|9.661769e-10|4.327510e-05|
| 648 |True   |  344  |9.924246e-06|1.012031e-05|1.775371e-11|2.883573e-05|
| 646 |True   |  420  |9.950467e-06|1.021219e-05|5.101535e-10|2.028245e-05|
| 649 |True   |  346  |9.937368e-06|1.013343e-05|2.489888e-11|3.619809e-05|
| 650 |True   |  387  |9.943095e-06|1.029967e-05|4.906805e-12|1.249553e-09|
| 652 |True   |  349  |9.969285e-06|1.016535e-05|2.042233e-11|3.056251e-05|
| 651 |True   |  372  |9.832760e-06|1.034111e-05|4.028294e-10|3.202109e-05|
| 653 |True   |  364  |9.937707e-06|1.013377e-05|2.345707e-11|3.520958e-05|
| 654 |True   |  345  |9.925738e-06|1.012181e-05|1.548515e-11|2.506842e-05|
| 656 |True   |  345  |9.960091e-06|1.015616e-05|1.838873e-11|2.884258e-05|
| 657 |True   |  374  |9.961971e-06|1.023796e-05|3.277156e-12|4.923471e-10|
| 655 |True   |  497  |9.913787e-06|1.013160e-05|5.138028e-10|2.885329e-05|
| 658 |True   |  375  |9.982985e-06|1.022704e-05|2.528896e-12|2.575048e-10|
| 659 |True   |  374  |9.983867e-06|1.024558e-05|3.714383e-12|3.697317e-10|
| 660 |True   |  350  |9.897877e-06|1.009395e-05|1.499928e-11|2.506560e-05|
| 623 |True   | 3553  |9.906616e-06|1.043755e-05|1.588766e-10|1.106909e-05|
| 663 |True   |  348  |9.992290e-06|1.018835e-05|2.423936e-11|3.529697e-05|
| 661 |True   |  376  |9.984409e-06|1.049001e-05|3.365667e-12|8.876447e-10|
| 662 |True   |  348  |9.907115e-06|1.010318e-05|2.038618e-11|3.225699e-05|
| 667 |True   |  376  |9.950848e-06|1.021545e-05|2.686054e-12|7.842215e-10|
| 668 |True   |  392  |9.934172e-06|1.027695e-05|3.977966e-12|5.387598e-09|
| 669 |True   |  430  |9.917024e-06|1.019666e-05|3.722675e-12|1.160279e-09|
| 666 |True   |  344  |9.975992e-06|1.025254e-05|2.407971e-11|3.530751e-05|
| 665 |True   |  411  |9.902582e-06|1.021159e-05|5.824126e-10|2.501911e-05|
| 664 |True   |  385  |9.893002e-06|1.010512e-05|3.867883e-10|2.887680e-05|
| 671 |True   |  358  |9.910478e-06|1.010654e-05|2.375857e-11|3.555060e-05|
| 672 |True   |  375  |9.927456e-06|1.015065e-05|6.038637e-10|2.887128e-05|
| 673 |True   |  340  |9.900662e-06|1.009673e-05|2.264044e-11|3.532098e-05|
| 674 |True   |  342  |9.913778e-06|1.010985e-05|1.756446e-11|2.876597e-05|
| 670 |True   |  346  |9.941771e-06|1.013783e-05|2.119156e-11|3.236041e-05|
| 675 |True   |  338  |9.955416e-06|1.028337e-05|2.932701e-11|4.082833e-05|
| 680 |True   |  348  |9.902450e-06|1.009852e-05|1.472130e-11|2.498035e-05|
| 679 |True   |  374  |9.933875e-06|1.061089e-05|5.107042e-12|1.311383e-09|
| 681 |True   |  350  |9.941076e-06|1.013714e-05|2.083042e-11|3.225072e-05|
| 677 |True   |  597  |9.950341e-06|1.067287e-05|2.272815e-12|7.454892e-10|
| 676 |True   |  370  |9.993456e-06|1.022035e-05|3.374079e-12|1.114476e-09|
| 683 |True   |  348  |9.908608e-06|1.010467e-05|2.366726e-11|3.549320e-05|
| 685 |True   |  390  |9.972203e-06|1.043545e-05|6.989380e-10|3.236984e-05|
| 678 |True   |  422  |9.865286e-06|1.020836e-05|2.720808e-12|3.761364e-08|
| 682 |True   |  339  |9.897057e-06|1.009312e-05|2.261917e-11|3.395001e-05|
| 686 |True   |  347  |9.899866e-06|1.009594e-05|1.306144e-11|2.077252e-05|
| 687 |True   |  335  |9.932537e-06|1.028504e-05|1.793841e-11|2.854634e-05|
| 689 |True   |  349  |9.934651e-06|1.013072e-05|1.270747e-11|2.040013e-05|
| 684 |True   |  381  |9.951837e-06|1.024104e-05|6.452524e-10|2.497647e-05|
| 688 |True   |  348  |9.993141e-06|1.018920e-05|2.437888e-11|3.531110e-05|
| 691 |True   |  375  |9.924880e-06|1.022469e-05|3.965533e-12|5.997929e-10|
| 690 |True   |  346  |9.958483e-06|1.015455e-05|1.905782e-11|2.923027e-05|
| 692 |True   |  424  |9.928170e-06|1.030220e-05|6.129691e-10|2.892382e-05|
| 697 |True   |  342  |9.949484e-06|1.024468e-05|1.814869e-11|2.880514e-05|
| 698 |True   |  352  |9.885493e-06|1.008156e-05|1.791642e-11|2.901804e-05|
| 696 |True   |  358  |9.825881e-06|1.022963e-05|8.513198e-11|3.215503e-05|
| 694 |True   |  344  |9.987183e-06|1.018324e-05|3.279864e-11|4.326587e-05|
| 700 |True   |  347  |9.835994e-06|1.003206e-05|2.267407e-11|3.553956e-05|
| 701 |True   |  344  |9.996039e-06|1.019209e-05|3.259066e-11|4.324155e-05|
| 702 |True   |  349  |9.929353e-06|1.012541e-05|2.347443e-11|3.533418e-05|
| 699 |True   |  371  |9.891046e-06|1.015811e-05|3.284131e-12|5.448642e-10|
| 693 |True   |  665  |9.990464e-06|1.018653e-05|1.868626e-11|2.870918e-05|
| 695 |True   | 1020  |9.947381e-06|1.025254e-05|5.984366e-10|2.495617e-05|
| 704 |True   |  421  |9.812329e-06|1.008769e-05|3.623119e-12|2.696658e-09|
| 705 |True   |  380  |9.860210e-06|1.009090e-05|3.098398e-12|1.142984e-09|
| 707 |True   |  362  |9.859562e-06|1.022038e-05|6.198288e-10|4.032424e-05|
| 706 |True   |  440  |9.989657e-06|1.022738e-05|2.432120e-12|2.768164e-09|
| 709 |True   |  368  |9.874448e-06|1.022307e-05|4.115454e-10|2.884544e-05|
| 703 |True   |  405  |9.853388e-06|1.023394e-05|2.287227e-12|8.507194e-09|
| 712 |True   |  366  |9.820659e-06|1.008084e-05|3.845589e-12|1.042120e-09|
| 710 |True   |  379  |9.987621e-06|1.020362e-05|6.001024e-10|3.224420e-05|
| 713 |True   |  348  |9.934654e-06|1.013073e-05|1.307182e-11|2.039640e-05|
| 708 |True   |  481  |9.927132e-06|1.012319e-05|2.317891e-11|3.532776e-05|
| 711 |True   |  364  |9.908222e-06|1.023356e-05|8.842176e-10|2.885104e-05|
| 715 |True   |  346  |9.954275e-06|1.015034e-05|1.876547e-11|2.896814e-05|
| 714 |True   |  401  |9.995913e-06|1.026789e-05|3.360865e-12|2.881280e-09|
| 716 |True   |  346  |9.922856e-06|1.011892e-05|1.880751e-11|2.936675e-05|
| 717 |True   |  698  |9.784100e-06|1.072595e-05|4.071532e-10|2.881874e-05|
| 718 |True   |  380  |9.884357e-06|1.028467e-05|3.575921e-12|4.900806e-10|
| 721 |True   |  349  |9.976468e-06|1.017253e-05|1.876744e-11|2.884318e-05|
| 722 |True   |  346  |9.886412e-06|1.025054e-05|2.814427e-11|4.077416e-05|
| 719 |True   |  349  |9.950851e-06|1.014692e-05|1.594755e-11|2.500515e-05|
| 724 |True   |  404  |9.917314e-06|1.014961e-05|8.950105e-10|3.162797e-05|
| 723 |True   |  397  |9.949910e-06|1.017508e-05|9.937068e-10|3.527679e-05|
| 726 |True   |  349  |9.905248e-06|1.010134e-05|1.676642e-11|2.804226e-05|
| 720 |True   |  372  |9.960523e-06|1.024952e-05|3.536847e-12|9.615955e-10|
| 727 |True   |  379  |9.979345e-06|1.033467e-05|4.229599e-12|7.530502e-10|
| 725 |True   |  613  |9.977166e-06|1.039307e-05|8.942988e-11|2.040452e-05|
| 728 |True   |  379  |9.948532e-06|1.048880e-05|6.271456e-10|3.885781e-05|
| 731 |True   |  377  |9.917502e-06|1.032402e-05|9.817720e-10|3.206773e-05|
| 729 |True   |  348  |9.915684e-06|1.011176e-05|1.535312e-11|2.510888e-05|
| 732 |True   |  398  |9.926842e-06|1.027970e-05|7.853067e-10|2.856801e-05|
| 730 |True   |  375  |9.974974e-06|1.019034e-05|3.514746e-10|2.498702e-05|
| 734 |True   |  381  |9.889250e-06|1.021430e-05|7.532649e-10|3.226778e-05|
| 733 |True   |  666  |9.929259e-06|1.012533e-05|1.261978e-11|2.039896e-05|
| 735 |True   |  372  |9.982815e-06|1.039141e-05|6.074244e-10|3.815251e-05|
| 736 |True   |  346  |9.986635e-06|1.018270e-05|2.145003e-11|3.223674e-05|
| 739 |True   |  392  |9.945709e-06|1.039968e-05|2.710376e-12|1.993634e-09|
| 737 |True   |  338  |9.947849e-06|1.044859e-05|2.297950e-11|3.418125e-05|
| 738 |True   |  557  |9.929692e-06|1.025653e-05|1.250792e-11|1.868162e-05|
| 740 |True   |  344  |9.926502e-06|1.012256e-05|2.599283e-11|3.732243e-05|
| 744 |True   |  344  |9.948529e-06|1.014518e-05|1.151733e-11|2.084522e-05|
| 746 |True   |  345  |9.990470e-06|1.018654e-05|1.919511e-11|2.888482e-05|
| 741 |True   |  364  |9.968020e-06|1.057172e-05|3.773444e-12|8.160930e-10|
| 742 |True   |  384  |9.908890e-06|1.017395e-05|8.943837e-10|2.884543e-05|
| 743 |True   |  342  |9.986687e-06|1.018273e-05|3.828072e-11|4.712559e-05|
| 747 |True   |  349  |9.966206e-06|1.016227e-05|1.656776e-11|2.510392e-05|
| 748 |True   |  369  |9.990426e-06|1.039877e-05|5.391866e-12|5.999052e-10|
| 745 |True   |  392  |9.925324e-06|1.016955e-05|8.282222e-10|2.867499e-05|
| 749 |True   |  381  |9.978253e-06|1.029105e-05|2.416188e-12|5.302646e-10|
| 750 |True   |  386  |9.993767e-06|1.019990e-05|1.985031e-10|2.497205e-05|
| 751 |True   |  366  |9.830699e-06|1.017628e-05|6.976705e-10|3.602710e-05|
| 753 |True   |  375  |9.868772e-06|1.014111e-05|2.461412e-12|4.100394e-10|
| 756 |True   |  354  |9.883728e-06|1.007980e-05|1.727663e-11|2.885070e-05|
| 752 |True   |  349  |9.900060e-06|1.009612e-05|2.986124e-11|4.165896e-05|
| 758 |True   |  371  |9.914128e-06|1.055506e-05|2.237983e-12|6.456567e-10|
| 760 |True   |  370  |9.853615e-06|1.021125e-05|7.944729e-10|3.252646e-05|
| 754 |True   |  346  |9.962788e-06|1.015885e-05|1.829342e-11|2.884164e-05|
| 755 |True   |  344  |9.999743e-06|1.020381e-05|1.545259e-11|2.234070e-05|
| 759 |True   |  376  |9.910548e-06|1.038947e-05|6.130485e-10|3.032616e-05|
| 763 |True   |  371  |9.935740e-06|1.020395e-05|9.554520e-10|2.893560e-05|
| 762 |True   |  397  |9.986303e-06|1.024924e-05|3.530183e-12|8.621175e-10|
| 765 |True   |  339  |9.889547e-06|1.027923e-05|1.522564e-11|2.536998e-05|
| 766 |True   |  349  |9.867985e-06|1.006405e-05|2.753097e-11|4.080283e-05|
| 757 |True   | 1274  |9.949860e-06|1.042638e-05|2.898549e-10|1.067852e-03|
| 761 |True   | 1054  |9.851621e-06|1.059606e-05|4.233490e-10|2.035190e-05|
| 764 |True   |  373  |9.961756e-06|1.028172e-05|7.382727e-10|2.912901e-05|
| 768 |True   |  347  |9.940285e-06|1.013635e-05|2.074674e-11|3.223970e-05|
| 770 |True   |  360  |9.977722e-06|1.017657e-05|1.104934e-10|3.555660e-05|
| 769 |True   |  367  |9.855034e-06|1.021224e-05|3.352931e-10|2.956120e-05|
| 772 |True   |  347  |9.900035e-06|1.009610e-05|2.857766e-11|4.081609e-05|
| 771 |True   |  387  |9.969249e-06|1.022460e-05|2.952263e-12|6.327162e-10|
| 773 |True   |  533  |9.975765e-06|1.042058e-05|4.715974e-10|2.490812e-05|
| 774 |True   |  347  |9.998173e-06|1.019423e-05|2.962823e-11|4.031062e-05|
| 777 |True   |  345  |9.860614e-06|1.005668e-05|2.094772e-11|3.271090e-05|
| 778 |True   |  363  |9.885865e-06|1.008194e-05|2.466810e-11|3.833763e-05|
| 779 |True   |  353  |9.902592e-06|1.009866e-05|1.861652e-11|2.970726e-05|
| 780 |True   |  366  |9.815568e-06|1.011429e-05|2.330201e-12|3.240259e-08|
| 767 |True   |  798  |9.967715e-06|1.039122e-05|5.279325e-11|1.442087e-05|
| 776 |True   |  350  |9.886848e-06|1.008291e-05|1.983002e-11|3.158988e-05|
| 783 |True   |  343  |9.906028e-06|1.012813e-05|3.200463e-11|4.284633e-05|
| 782 |True   |  394  |9.941746e-06|1.020905e-05|5.142181e-12|5.377446e-09|
| 775 |True   |  554  |9.947721e-06|1.014380e-05|1.579965e-11|2.503006e-05|
| 784 |True   |  348  |9.901962e-06|1.009803e-05|2.023364e-11|3.225079e-05|
| 786 |True   |  376  |9.926744e-06|1.024689e-05|9.965912e-10|3.520147e-05|
| 785 |True   |  563  |9.896773e-06|1.031699e-05|1.996677e-11|3.218844e-05|
| 787 |True   |  464  |9.893272e-06|1.008933e-05|2.101003e-11|3.252860e-05|
| 791 |True   |  372  |9.880329e-06|1.013517e-05|8.730699e-10|2.865828e-05|
| 790 |True   |  352  |9.987266e-06|1.018333e-05|1.619018e-11|2.498827e-05|
| 789 |True   |  345  |9.868070e-06|1.006414e-05|1.857516e-11|2.988282e-05|
| 793 |True   |  348  |9.971764e-06|1.016782e-05|2.630249e-11|3.642683e-05|
| 792 |True   |  347  |9.987168e-06|1.018323e-05|2.184240e-11|3.187786e-05|
| 788 |True   |  385  |9.849713e-06|1.018299e-05|2.473455e-12|9.326286e-10|
| 794 |True   |  364  |9.901251e-06|1.054581e-05|2.141801e-12|8.232442e-10|
| 781 |True   |  766  |9.940655e-06|1.013673e-05|1.551278e-11|2.496429e-05|
| 796 |True   |  358  |9.964862e-06|1.016312e-05|5.570565e-11|2.889742e-05|
| 795 |True   |  555  |9.996944e-06|1.019300e-05|2.713835e-11|3.711007e-05|
| 799 |True   |  345  |9.969956e-06|1.016603e-05|1.842009e-11|2.885925e-05|
| 800 |True   |  338  |9.986098e-06|1.031046e-05|1.928338e-11|2.892679e-05|
| 801 |True   |  351  |9.976912e-06|1.017298e-05|1.595511e-11|2.498972e-05|
| 803 |True   |  344  |9.997023e-06|1.019308e-05|2.691500e-11|3.792562e-05|
| 797 |True   |  370  |9.858820e-06|1.022784e-05|2.286237e-10|3.218622e-05|
| 804 |True   |  346  |9.970521e-06|1.017637e-05|1.578881e-11|2.497499e-05|
| 798 |True   |  347  |9.956760e-06|1.015282e-05|2.367177e-11|3.531619e-05|
| 805 |True   |  374  |9.981631e-06|1.026070e-05|3.055052e-12|8.307543e-10|
| 802 |True   |  346  |9.887847e-06|1.008392e-05|1.705908e-11|2.884549e-05|
| 808 |True   |  369  |9.913426e-06|1.049059e-05|2.361475e-12|1.023614e-09|
| 807 |True   |  420  |9.945123e-06|1.019056e-05|4.394385e-12|2.085013e-09|
| 810 |True   |  346  |9.957822e-06|1.015390e-05|1.320443e-11|2.040212e-05|
| 806 |True   |  374  |9.866512e-06|1.022560e-05|7.202443e-10|3.531823e-05|
| 809 |True   |  361  |9.924433e-06|1.012050e-05|1.503089e-11|2.495672e-05|
| 812 |True   |  391  |9.987011e-06|1.037884e-05|3.075427e-12|2.731027e-09|
| 814 |True   |  347  |9.920400e-06|1.011648e-05|1.495186e-11|2.496794e-05|
| 817 |True   |  347  |9.929021e-06|1.012509e-05|1.781883e-11|2.883630e-05|
| 811 |True   |  423  |9.997647e-06|1.023119e-05|3.785638e-12|1.421913e-08|
| 816 |True   |  380  |9.980600e-06|1.028239e-05|2.714040e-12|3.208614e-10|
| 813 |True   |  349  |9.879943e-06|1.007601e-05|1.975171e-11|3.223681e-05|
| 818 |True   |  404  |9.937871e-06|1.016022e-05|6.941729e-10|2.932165e-05|
| 815 |True   |  378  |9.941660e-06|1.014567e-05|2.113847e-10|2.885757e-05|
| 819 |True   |  379  |9.826787e-06|1.018238e-05|5.744488e-12|6.918328e-10|
| 821 |True   |  345  |9.901600e-06|1.009766e-05|2.128082e-11|3.290600e-05|
| 820 |True   |  346  |9.939697e-06|1.013576e-05|1.804922e-11|2.883323e-05|
| 822 |True   |  373  |9.910326e-06|1.015295e-05|8.338650e-10|2.866653e-05|
| 823 |True   |  345  |9.855347e-06|1.005141e-05|2.202656e-11|3.524029e-05|
| 827 |True   |  352  |9.934194e-06|1.013026e-05|1.487906e-11|2.378807e-05|
| 828 |True   |  405  |9.873908e-06|1.014099e-05|6.895664e-10|2.485213e-05|
| 829 |True   |  402  |9.835483e-06|1.014451e-05|4.582737e-12|2.597121e-09|
| 826 |True   |  342  |9.849611e-06|1.018824e-05|2.470914e-11|3.789761e-05|
| 825 |True   |  343  |9.977103e-06|1.017316e-05|2.947124e-11|4.073593e-05|
| 824 |True   |  378  |9.949367e-06|1.022831e-05|2.105376e-12|2.923344e-10|
| 830 |True   |  381  |9.991188e-06|1.032704e-05|7.845780e-10|3.386495e-05|
| 833 |True   |  435  |9.821922e-06|1.010603e-05|6.032629e-12|1.634154e-09|
| 831 |True   |  590  |9.862860e-06|1.076428e-05|2.917915e-10|2.040191e-05|
| 832 |True   |  516  |9.973986e-06|1.019285e-05|5.610480e-10|2.884687e-05|
| 834 |True   |  346  |9.980787e-06|1.017685e-05|2.131240e-11|3.223152e-05|
| 838 |True   |  358  |9.973196e-06|1.026396e-05|3.974576e-10|4.101481e-05|
| 839 |True   |  364  |9.944154e-06|1.037547e-05|4.992200e-12|4.089323e-10|
| 837 |True   |  380  |9.870796e-06|1.013029e-05|2.863089e-12|1.069647e-09|
| 836 |True   |  355  |9.907131e-06|1.016861e-05|2.125393e-11|3.294718e-05|
| 840 |True   |  392  |9.878076e-06|1.032779e-05|9.764877e-10|3.811855e-05|
| 844 |True   |  345  |9.986246e-06|1.018231e-05|2.372509e-11|3.453464e-05|
| 841 |True   |  383  |9.953706e-06|1.040702e-05|7.683946e-10|3.532228e-05|
| 847 |True   |  344  |9.980073e-06|1.017613e-05|2.392840e-11|3.493867e-05|
| 843 |True   |  456  |9.875623e-06|1.007169e-05|1.986039e-11|3.223386e-05|
| 846 |True   |  371  |9.953571e-06|1.040306e-05|5.223322e-10|2.885312e-05|
| 842 |True   |  403  |9.891631e-06|1.009949e-05|4.569505e-10|3.533740e-05|
| 835 |True   | 1106  |9.957411e-06|1.015355e-05|1.089296e-11|1.449103e-05|
| 849 |True   |  361  |9.976254e-06|1.050576e-05|9.559049e-10|3.504541e-05|
| 845 |True   |  374  |9.911211e-06|1.030129e-05|5.090682e-11|2.885574e-05|
| 850 |True   |  416  |9.995128e-06|1.032892e-05|8.481567e-10|3.528775e-05|
| 848 |True   |  374  |9.916778e-06|1.031168e-05|5.212875e-10|2.498097e-05|
| 851 |True   |  349  |9.921999e-06|1.011807e-05|2.025512e-11|3.224651e-05|
| 852 |True   |  373  |9.960196e-06|1.022827e-05|3.140233e-12|9.553991e-10|
| 853 |True   |  364  |9.897347e-06|1.069610e-05|2.136211e-10|4.210950e-05|
| 856 |True   |  355  |9.878000e-06|1.007406e-05|2.262516e-11|3.533127e-05|
| 854 |True   |  375  |9.969839e-06|1.038232e-05|3.213696e-12|3.384400e-09|
| 857 |True   |  347  |9.968877e-06|1.016494e-05|2.115735e-11|3.225051e-05|
| 859 |True   |  349  |9.968793e-06|1.016486e-05|2.127838e-11|3.222429e-05|
| 861 |True   |  342  |9.958372e-06|1.015443e-05|2.223512e-11|3.266064e-05|
| 855 |True   |  368  |9.958521e-06|1.019463e-05|7.578759e-10|2.881367e-05|
| 858 |True   |  345  |9.956655e-06|1.015272e-05|2.731920e-11|3.853161e-05|
| 863 |True   |  387  |9.920894e-06|1.020041e-05|2.613576e-12|4.004193e-10|
| 862 |True   |  367  |9.859192e-06|1.022218e-05|2.467262e-10|2.931284e-05|
| 864 |True   |  378  |9.969839e-06|1.024247e-05|3.658470e-12|9.838431e-10|
| 866 |True   |  409  |9.940669e-06|1.025169e-05|5.644021e-10|2.040382e-05|
| 860 |True   |  345  |9.976008e-06|1.017210e-05|1.801354e-11|2.895250e-05|
| 867 |True   |  390  |9.865171e-06|1.010826e-05|3.050427e-12|5.540941e-10|
| 865 |True   |  768  |9.967172e-06|1.016324e-05|1.579847e-11|2.496756e-05|
| 871 |True   |  370  |9.886971e-06|1.012234e-05|9.431902e-10|3.207117e-05|
| 868 |True   |  522  |9.833570e-06|1.022105e-05|2.875385e-12|3.570107e-10|
| 872 |True   |  368  |9.842747e-06|1.014400e-05|9.680870e-10|3.248397e-05|
| 873 |True   |  501  |9.883319e-06|1.013630e-05|8.332283e-10|2.634851e-05|
| 874 |True   |  349  |9.869335e-06|1.006540e-05|2.418247e-11|3.673879e-05|
| 875 |True   |  350  |9.906078e-06|1.010214e-05|2.135928e-11|3.277733e-05|
| 869 |True   |  398  |9.967689e-06|1.018826e-05|7.709952e-10|3.247805e-05|
| 870 |True   |  393  |9.977155e-06|1.035706e-05|2.226888e-12|6.801260e-10|
| 877 |True   |  345  |9.830329e-06|1.002639e-05|2.837200e-11|4.119611e-05|
| 876 |True   |  350  |9.953667e-06|1.014973e-05|1.621573e-11|2.519509e-05|
| 878 |True   |  380  |9.867257e-06|1.010940e-05|2.496391e-12|5.352701e-10|
| 881 |True   |  345  |9.963594e-06|1.015965e-05|2.674326e-11|3.814347e-05|
| 882 |True   |  379  |9.853688e-06|1.031082e-05|3.700601e-12|4.891472e-10|
| 880 |True   |  392  |9.884733e-06|1.043927e-05|3.210113e-12|9.464127e-10|
| 888 |True   |  354  |9.929387e-06|1.012545e-05|2.600521e-11|3.819222e-05|
| 884 |True   |  364  |9.749348e-06|1.059788e-05|2.189156e-12|5.202156e-10|
| 885 |True   |  412  |9.887072e-06|1.026548e-05|2.854586e-10|2.056852e-05|
| 879 |True   |  595  |9.830991e-06|1.037662e-05|3.524063e-10|3.546941e-05|
| 886 |True   |  377  |9.883815e-06|1.015028e-05|2.672433e-12|2.815561e-10|
| 887 |True   |  387  |9.872460e-06|1.030247e-05|6.592254e-10|2.883900e-05|
| 890 |True   |  363  |9.980033e-06|1.035869e-05|1.522291e-10|3.224281e-05|
| 891 |True   |  347  |9.999257e-06|1.019532e-05|2.172939e-11|3.223581e-05|
| 892 |True   |  346  |9.926895e-06|1.012296e-05|1.776748e-11|2.884064e-05|
| 883 |True   |  890  |9.962361e-06|1.015844e-05|1.120632e-11|1.442122e-05|
| 893 |True   |  349  |9.947564e-06|1.014363e-05|2.126318e-11|3.234517e-05|
| 889 |True   |  348  |9.894876e-06|1.009094e-05|1.725356e-11|2.883303e-05|
| 894 |True   |  350  |9.886268e-06|1.008233e-05|2.537235e-11|3.810472e-05|
| 895 |True   |  344  |9.934575e-06|1.013065e-05|1.533138e-11|2.497919e-05|
| 897 |True   |  372  |9.995671e-06|1.043244e-05|7.827878e-10|3.205814e-05|
| 898 |True   |  338  |9.945961e-06|1.020702e-05|1.640775e-11|2.556615e-05|
| 899 |True   |  347  |9.935030e-06|1.013110e-05|1.802156e-11|2.884437e-05|
| 896 |True   |  347  |9.872129e-06|1.006820e-05|1.952602e-11|3.211169e-05|
| 900 |True   |  378  |9.871099e-06|1.042989e-05|2.312615e-12|1.141124e-09|
| 901 |True   |  348  |9.989470e-06|1.019522e-05|2.651836e-11|3.625145e-05|
| 902 |True   |  376  |9.773480e-06|1.022582e-05|2.666391e-12|6.650209e-09|
| 903 |True   |  399  |9.901686e-06|1.016844e-05|2.698095e-12|1.577804e-09|
| 906 |True   |  351  |9.901333e-06|1.009740e-05|2.011313e-11|3.224075e-05|
| 907 |True   |  350  |9.879965e-06|1.007603e-05|1.979367e-11|3.224724e-05|
| 904 |True   |  602  |9.851965e-06|1.020577e-05|2.705283e-12|6.892641e-10|
| 910 |True   |  376  |9.973387e-06|1.050226e-05|6.791553e-10|3.565734e-05|
| 908 |True   |  351  |9.937730e-06|1.013380e-05|1.783464e-11|2.883443e-05|
| 911 |True   |  367  |9.864188e-06|1.006487e-05|1.822698e-10|3.452840e-05|
| 909 |True   |  354  |9.899528e-06|1.009560e-05|2.210055e-11|3.420302e-05|
| 905 |True   |  805  |9.964056e-06|1.026998e-05|2.695265e-10|1.441676e-05|
| 913 |True   |  344  |9.923715e-06|1.011979e-05|2.026280e-11|3.225469e-05|
| 912 |True   |  353  |9.857544e-06|1.016981e-05|1.934913e-11|3.223852e-05|
| 914 |True   |  499  |9.924422e-06|1.046336e-05|2.468673e-12|6.099354e-10|
| 915 |True   |  343  |9.997932e-06|1.019400e-05|1.624070e-11|2.498124e-05|
| 916 |True   |  382  |9.873960e-06|1.022564e-05|3.644798e-12|4.993808e-10|
| 917 |True   |  488  |9.937096e-06|1.066225e-05|3.665397e-12|7.041302e-10|
| 918 |True   |  379  |9.981745e-06|1.018798e-05|1.999221e-10|2.498386e-05|
| 922 |True   |  347  |9.889555e-06|1.008562e-05|2.326632e-11|3.549886e-05|
| 923 |True   |  348  |9.986431e-06|1.018250e-05|1.931030e-11|2.876809e-05|
| 924 |True   |  382  |9.845197e-06|1.049198e-05|3.015082e-12|7.948711e-10|
| 920 |True   |  347  |9.875276e-06|1.007134e-05|1.824094e-11|2.928698e-05|
| 921 |True   |  388  |9.949552e-06|1.028529e-05|6.645321e-10|3.233201e-05|
| 926 |True   |  359  |9.970466e-06|1.060141e-05|3.258529e-10|3.227391e-05|
| 927 |True   |  348  |9.946608e-06|1.014267e-05|2.075196e-11|3.219628e-05|
| 928 |True   |  383  |9.955184e-06|1.021066e-05|9.843246e-10|2.863489e-05|
| 929 |True   |  363  |9.875063e-06|1.007113e-05|2.068665e-11|3.255195e-05|
| 925 |True   |  409  |9.839377e-06|1.014244e-05|3.971177e-12|1.168676e-09|
| 931 |True   |  364  |9.955003e-06|1.015667e-05|1.269507e-10|2.422424e-05|
| 930 |True   |  612  |9.916201e-06|1.019711e-05|2.681636e-10|1.442753e-05|
| 935 |True   |  381  |9.960968e-06|1.022507e-05|2.694863e-12|3.231574e-10|
| 937 |True   |  371  |9.880589e-06|1.025258e-05|3.330917e-10|4.073287e-05|
| 938 |True   |  345  |9.946137e-06|1.014220e-05|2.641221e-11|3.801640e-05|
| 932 |True   |  348  |9.939085e-06|1.013514e-05|2.527865e-11|3.600255e-05|
| 939 |True   |  342  |9.969416e-06|1.016548e-05|2.472835e-11|3.557446e-05|
| 933 |True   |  385  |9.914667e-06|1.012233e-05|3.010862e-10|2.888656e-05|
| 934 |True   |  698  |9.958939e-06|1.066733e-05|8.948785e-10|3.773741e-03|
| 936 |True   |  369  |9.926177e-06|1.016952e-05|3.063189e-12|7.407752e-10|
| 940 |True   |  347  |9.873997e-06|1.007006e-05|2.082116e-11|3.285672e-05|
| 941 |True   |  351  |9.898117e-06|1.009418e-05|1.729992e-11|2.884550e-05|
| 942 |True   |  362  |9.912247e-06|1.045739e-05|4.684215e-10|4.074115e-05|
| 943 |True   |  369  |9.906052e-06|1.030656e-05|7.665638e-10|4.077357e-05|
| 945 |True   |  377  |9.869455e-06|1.010187e-05|9.122406e-10|3.207048e-05|
| 944 |True   |  585  |9.897635e-06|1.043952e-05|3.388333e-10|3.804534e-05|
| 949 |True   |  417  |9.966666e-06|1.024492e-05|2.996972e-12|1.163541e-08|
| 946 |True   |  388  |9.832931e-06|1.010816e-05|2.299532e-12|1.793314e-09|
| 952 |True   |  369  |9.894690e-06|1.058845e-05|1.962312e-12|8.608644e-10|
| 950 |True   |  351  |9.977847e-06|1.017392e-05|1.609533e-11|2.498175e-05|
| 953 |True   |  413  |9.947145e-06|1.022207e-05|4.180423e-12|4.149959e-09|
| 948 |True   |  596  |9.898238e-06|1.043600e-05|7.248618e-10|2.945090e-05|
| 954 |True   |  350  |9.918700e-06|1.011477e-05|1.646022e-11|2.574044e-05|
| 955 |True   |  342  |9.932222e-06|1.018221e-05|2.037138e-11|3.227024e-05|
| 947 |True   | 1145  |9.936952e-06|1.023087e-05|2.029738e-10|1.441725e-05|
| 951 |True   |  388  |9.951499e-06|1.028045e-05|7.734834e-10|3.537605e-05|
| 957 |True   |  348  |9.947378e-06|1.014345e-05|1.556235e-11|2.498532e-05|
| 959 |True   |  345  |9.878590e-06|1.007465e-05|2.249552e-11|3.532077e-05|
| 961 |True   |  349  |9.911809e-06|1.010788e-05|1.471948e-11|2.284239e-05|
| 956 |True   |  347  |9.943464e-06|1.013953e-05|1.539188e-11|2.498431e-05|
| 919 |True   | 3859  |9.988812e-06|1.072899e-05|4.095751e-10|2.500425e-05|
| 963 |True   |  393  |9.982846e-06|1.020471e-05|4.379105e-10|2.497044e-05|
| 962 |True   |  456  |9.991085e-06|1.018715e-05|2.152927e-11|3.222883e-05|
| 958 |True   |  366  |9.924595e-06|1.026295e-05|7.576174e-10|3.544465e-05|
| 965 |True   |  350  |9.906577e-06|1.010264e-05|1.791792e-11|2.890689e-05|
| 966 |True   |  350  |9.998653e-06|1.019472e-05|2.429944e-11|3.532317e-05|
| 964 |True   |  499  |9.832348e-06|1.031626e-05|4.222203e-12|1.196739e-09|
| 960 |True   |  589  |9.945599e-06|1.017275e-05|6.550685e-10|2.874074e-05|
| 967 |True   |  347  |9.955498e-06|1.015157e-05|1.614952e-11|2.513932e-05|
| 970 |True   |  343  |9.989536e-06|1.018560e-05|2.062449e-11|3.038060e-05|
| 968 |True   |  441  |9.845448e-06|1.009461e-05|2.519881e-12|1.534867e-08|
| 969 |True   |  345  |9.955885e-06|1.015195e-05|2.254228e-11|3.330866e-05|
| 971 |True   |  393  |9.995364e-06|1.020917e-05|4.380984e-10|2.883634e-05|
| 974 |True   |  373  |9.914251e-06|1.033513e-05|9.069103e-10|3.512058e-05|
| 975 |True   |  415  |9.937489e-06|1.020993e-05|4.577413e-12|4.684227e-09|
| 977 |True   |  345  |9.974007e-06|1.017007e-05|2.936527e-11|4.076596e-05|
| 976 |True   |  347  |9.986113e-06|1.018218e-05|1.922598e-11|2.897919e-05|
| 972 |True   |  409  |9.918902e-06|1.016078e-05|2.396432e-12|6.340213e-09|
| 979 |True   |  345  |9.868374e-06|1.006444e-05|2.253349e-11|3.535101e-05|
| 973 |True   |  455  |9.979691e-06|1.017576e-05|2.125583e-11|3.220426e-05|
| 978 |True   |  371  |9.976095e-06|1.027312e-05|2.268553e-12|4.448358e-10|
| 981 |True   |  392  |9.807310e-06|1.027057e-05|2.418752e-12|2.296832e-09|
| 980 |True   |  393  |9.899467e-06|1.019930e-05|8.121432e-10|2.485537e-05|
| 984 |True   |  343  |9.953702e-06|1.017209e-05|1.300715e-11|2.039910e-05|
| 985 |True   |  378  |9.868342e-06|1.054090e-05|7.687721e-10|3.358804e-05|
| 987 |True   |  407  |9.853730e-06|1.016466e-05|8.413449e-10|3.225183e-05|
| 982 |True   |  344  |9.915732e-06|1.011180e-05|1.930910e-11|3.029306e-05|
| 988 |True   |  393  |9.983903e-06|1.019531e-05|1.920251e-10|2.038908e-05|
| 989 |True   |  353  |9.951930e-06|1.014799e-05|2.633936e-11|3.813954e-05|
| 983 |True   |  385  |9.915196e-06|1.013979e-05|7.400186e-10|2.918637e-05|
| 991 |True   |  348  |9.911641e-06|1.010771e-05|1.487293e-11|2.498114e-05|
| 992 |True   |  344  |9.933532e-06|1.012970e-05|1.906794e-11|3.658119e-05|
| 986 |True   |  411  |9.798634e-06|1.016088e-05|4.390455e-12|3.222730e-09|
| 993 |True   |  388  |9.891929e-06|1.036147e-05|3.612887e-12|6.171497e-10|
| 994 |True   |  352  |9.848333e-06|1.004479e-05|1.735593e-11|4.217402e-05|
| 990 |True   |  434  |9.917699e-06|1.019636e-05|3.812327e-12|2.310658e-08|
| 997 |True   |  349  |9.916353e-06|1.011242e-05|2.038076e-11|3.224588e-05|
| 996 |True   |  404  |9.831776e-06|1.029374e-05|2.081624e-12|3.581221e-09|
| 995 |True   |  369  |9.845712e-06|1.020767e-05|3.620529e-10|3.236491e-05|
| 999 |True   |  340  |9.932805e-06|1.012887e-05|2.322740e-11|3.530916e-05|
| 998 |True   |  343  |9.939190e-06|1.013526e-05|2.081845e-11|3.234529e-05|
