|seed |success|  nit  |  mu_check  |   mu_sum   |   G_norm   | step_norm  |
|  0  |True   |  342  |9.535933e-06|1.348067e-05|1.677069e-10|2.005063e-05|
|  2  |True   |  323  |9.839293e-06|1.348067e-05|1.749509e-10|2.033203e-05|
|  1  |True   |  344  |9.202309e-06|1.497853e-05|1.584293e-11|1.212931e-09|
|  3  |True   |  344  |9.462989e-06|1.497853e-05|1.424241e-11|3.475488e-10|
|  4  |True   |  329  |9.302091e-06|1.407150e-05|1.381550e-10|1.437735e-05|
|  5  |True   |  328  |9.665511e-06|1.354216e-05|1.456413e-10|1.438132e-05|
|  8  |True   |  304  |9.114534e-06|2.536627e-05|1.593968e-10|2.015314e-05|
|  6  |True   |  345  |9.593157e-06|1.209313e-05|1.438688e-10|1.434544e-05|
|  7  |True   |  340  |9.454404e-06|1.195430e-05|1.666432e-10|2.032587e-05|
|  9  |True   |  334  |9.481275e-06|1.710910e-05|2.855108e-11|9.190357e-06|
| 10  |True   |  301  |9.964308e-06|1.294081e-05|6.669804e-10|2.637016e-08|
| 13  |True   |  320  |9.739192e-06|2.213269e-05|1.473480e-10|1.439813e-05|
| 12  |True   |  327  |9.690553e-06|1.497853e-05|1.710573e-10|2.033158e-05|
| 11  |True   |  318  |9.483309e-06|4.851149e-05|4.176480e-13|3.574847e-10|
| 14  |True   |  321  |9.849122e-06|1.234970e-05|1.467493e-10|1.398310e-05|
| 16  |True   |  283  |9.491231e-06|2.482072e-05|5.219631e-10|1.035740e-08|
| 15  |True   |  333  |9.530337e-06|1.203022e-05|1.710670e-10|2.034269e-05|
| 17  |True   |  321  |9.768017e-06|1.664281e-05|1.773219e-10|2.022898e-05|
| 18  |True   |  334  |9.325417e-06|1.182536e-05|1.387766e-10|1.438099e-05|
| 19  |True   |  328  |9.553199e-06|1.412205e-05|1.431139e-10|1.435308e-05|
| 25  |True   |  330  |9.144866e-06|1.213261e-05|1.614049e-10|2.030430e-05|
| 20  |True   |  327  |9.486951e-06|1.503913e-05|5.560012e-10|1.339734e-08|
| 21  |True   |  344  |9.020426e-06|1.224668e-05|1.149521e-11|3.420583e-10|
| 24  |True   |  332  |9.375467e-06|1.187548e-05|1.389991e-10|1.429911e-05|
| 23  |True   |  332  |9.674435e-06|1.228554e-05|1.461956e-10|1.441164e-05|
| 22  |True   |  324  |9.578245e-06|1.664281e-05|1.699064e-10|2.033971e-05|
| 27  |True   |  328  |9.860403e-06|1.348067e-05|1.726906e-10|2.017369e-05|
| 28  |True   |  332  |9.745085e-06|1.224502e-05|1.473798e-10|1.438826e-05|
| 26  |True   |  345  |9.462544e-06|1.201102e-05|2.189469e-13|2.633327e-10|
| 29  |True   |  327  |9.892530e-06|1.380070e-05|1.505516e-10|1.440676e-05|
| 32  |True   |  317  |9.830492e-06|2.536627e-05|1.727584e-10|2.028363e-05|
| 31  |True   |  319  |9.787979e-06|1.364851e-05|1.473521e-10|1.430954e-05|
| 30  |True   |  346  |9.556949e-06|1.348067e-05|7.578612e-12|3.073252e-10|
| 33  |True   |  337  |9.558689e-06|1.497853e-05|6.813865e-12|1.056347e-09|
| 35  |True   |  302  |9.751741e-06|5.303456e-05|1.738107e-10|2.015384e-05|
| 34  |True   |  322  |9.165948e-06|1.858662e-05|1.396585e-10|1.454448e-05|
| 37  |True   |  323  |9.884762e-06|1.238477e-05|1.493614e-10|1.431168e-05|
| 36  |True   |  337  |9.797033e-06|1.849201e-05|7.555328e-10|1.439358e-05|
| 38  |True   |  334  |9.833236e-06|1.523526e-05|1.483745e-10|1.431438e-05|
| 39  |True   |  342  |9.537896e-06|1.203787e-05|1.428252e-10|1.436596e-05|
| 40  |True   |  298  |9.885734e-06|6.013159e-05|1.471920e-10|1.411016e-05|
| 41  |True   |  327  |9.918425e-06|1.497853e-05|1.744764e-10|2.025438e-05|
| 42  |True   |  335  |9.609339e-06|1.210927e-05|1.447777e-10|1.441170e-05|
| 43  |True   |  322  |9.751321e-06|1.934113e-05|1.471668e-10|1.436849e-05|
| 46  |True   |  307  |9.507125e-06|2.297793e-05|1.417297e-10|1.431921e-05|
| 44  |True   |  334  |9.051304e-06|1.155119e-05|1.600860e-10|2.035729e-05|
| 47  |True   |  331  |9.333032e-06|1.206803e-05|1.391089e-10|1.440013e-05|
| 45  |True   |  332  |9.986507e-06|1.248641e-05|1.525607e-10|1.441185e-05|
| 49  |True   |  333  |9.408714e-06|1.193471e-05|1.407427e-10|1.441214e-05|
| 48  |True   |  329  |9.333560e-06|1.397590e-05|1.388687e-10|1.437587e-05|
| 52  |True   |  337  |9.705791e-06|1.220566e-05|1.712603e-10|2.036744e-05|
| 50  |True   |  342  |9.595605e-06|1.718834e-05|1.439980e-11|2.515520e-10|
| 54  |True   |  340  |9.478107e-06|1.197802e-05|1.700461e-10|2.028806e-05|
| 51  |True   |  332  |9.846826e-06|1.234675e-05|1.495954e-10|1.440101e-05|
| 55  |True   |  332  |9.098659e-06|1.159855e-05|1.604961e-10|2.034243e-05|
| 57  |True   |  325  |9.398953e-06|1.189885e-05|1.658317e-10|2.033101e-05|
| 58  |True   |  330  |9.252757e-06|1.213261e-05|1.649943e-10|2.032044e-05|
| 53  |True   |  302  |9.883659e-06|2.144010e-05|1.338291e-10|1.284869e-05|
| 59  |True   |  348  |9.272821e-06|1.227436e-05|1.003761e-11|1.695091e-10|
| 56  |True   |  320  |9.808783e-06|2.080146e-05|1.482369e-10|1.435108e-05|
| 60  |True   |  346  |9.472480e-06|1.549984e-05|7.309439e-12|9.216855e-11|
| 62  |True   |  294  |9.700415e-06|3.045244e-05|1.453276e-10|1.429459e-05|
| 64  |True   |  330  |9.929924e-06|1.242983e-05|1.744752e-10|2.027541e-05|
| 66  |True   |  315  |9.853769e-06|1.554728e-05|1.489633e-10|1.433886e-05|
| 63  |True   |  339  |9.681175e-06|1.218120e-05|1.450467e-10|1.428363e-05|
| 68  |True   |  333  |9.898522e-06|1.239845e-05|1.505874e-10|1.439684e-05|
| 61  |True   |  330  |9.434311e-06|1.254619e-05|1.407329e-10|1.436597e-05|
| 69  |True   |  312  |9.145912e-06|3.131638e-05|1.618881e-10|2.028371e-05|
| 70  |True   |  335  |9.794832e-06|1.229475e-05|1.486369e-10|1.441120e-05|
| 67  |True   |  337  |9.472233e-06|1.218955e-05|1.513652e-10|1.528698e-05|
| 71  |True   |  331  |9.932576e-06|1.243253e-05|1.510495e-10|1.438760e-05|
| 65  |True   |  775  |9.649465e-06|1.214940e-05|1.454105e-10|1.438836e-05|
| 72  |True   |  346  |9.823261e-06|1.348067e-05|4.266005e-12|9.149314e-10|
| 73  |True   |  340  |9.952265e-06|1.245219e-05|1.516922e-10|1.440211e-05|
| 74  |True   |  344  |9.404648e-06|1.586589e-05|4.694013e-12|5.761246e-10|
| 75  |True   |  322  |9.024846e-06|1.664281e-05|1.592793e-10|2.031009e-05|
| 77  |True   |  346  |9.455473e-06|1.195542e-05|1.415719e-10|1.441386e-05|
| 76  |True   |  335  |9.734812e-06|1.223477e-05|1.468800e-10|1.435902e-05|
| 78  |True   |  317  |9.158885e-06|1.673486e-05|1.398309e-10|1.457310e-05|
| 80  |True   |  342  |9.168311e-06|1.668034e-05|8.283324e-12|1.140653e-10|
| 82  |True   |  330  |9.405576e-06|1.213261e-05|1.659264e-10|2.030196e-05|
| 83  |True   |  312  |9.199166e-06|3.131638e-05|1.611586e-10|2.021921e-05|
| 81  |True   |  326  |9.534852e-06|1.497853e-05|1.681174e-10|2.026926e-05|
| 86  |True   |  287  |9.012772e-06|1.329638e-05|7.908543e-10|3.329410e-08|
| 79  |True   |  773  |9.556653e-06|1.205658e-05|1.436510e-10|1.439865e-05|
| 88  |True   |  310  |9.415759e-06|3.479598e-05|1.652423e-10|2.022806e-05|
| 84  |True   |  317  |9.540933e-06|2.418015e-05|1.428730e-10|1.435356e-05|
| 89  |True   |  338  |9.100865e-06|1.160075e-05|1.604264e-10|2.034844e-05|
| 85  |True   |  326  |9.347478e-06|1.213261e-05|1.410749e-10|1.768596e-05|
| 87  |True   |  334  |9.506523e-06|1.200645e-05|1.427044e-10|1.440737e-05|
| 90  |True   |  286  |9.333479e-06|1.458305e-05|3.427336e-11|2.930590e-09|
| 91  |True   |  320  |9.415820e-06|5.303456e-05|4.262927e-11|3.659042e-10|
| 92  |True   |  337  |9.906267e-06|1.240617e-05|1.757800e-10|2.026216e-05|
| 94  |True   |  333  |9.012594e-06|1.348067e-05|1.272070e-11|5.240964e-10|
| 93  |True   |  328  |9.066267e-06|3.479598e-05|9.624683e-13|3.319546e-11|
| 97  |True   |  329  |9.644743e-06|1.367984e-05|1.455273e-10|1.440029e-05|
| 98  |True   |  322  |9.004103e-06|2.818474e-05|2.296316e-11|4.789036e-10|
| 96  |True   |  348  |9.978287e-06|1.264055e-05|4.100212e-12|2.081692e-09|
| 95  |True   |  328  |9.024006e-06|1.397242e-05|1.912839e-10|1.440076e-05|
| 99  |True   |  340  |9.759542e-06|1.225944e-05|1.724950e-10|2.028933e-05|
| 101 |True   |  343  |9.256006e-06|1.175593e-05|1.376194e-10|1.441110e-05|
| 100 |True   |  322  |9.023858e-06|4.773111e-05|3.851607e-11|9.185180e-10|
| 104 |True   |  333  |9.381491e-06|1.199593e-05|1.400790e-10|1.439619e-05|
| 102 |True   |  355  |9.179152e-06|1.325646e-05|8.306758e-12|7.745740e-11|
| 103 |True   |  313  |9.510094e-06|3.063880e-05|1.419889e-10|1.435968e-05|
| 105 |True   |  331  |9.533087e-06|1.224456e-05|1.426602e-10|1.434413e-05|
| 108 |True   |  332  |9.920427e-06|1.242034e-05|1.511395e-10|1.440757e-05|
| 106 |True   |  328  |9.156592e-06|1.348067e-05|1.665621e-10|2.034001e-05|
| 109 |True   |  326  |9.785818e-06|1.497853e-05|1.722982e-10|2.028203e-05|
| 107 |True   |  330  |9.378047e-06|1.278204e-05|1.394447e-10|1.434428e-05|
| 114 |True   |  325  |9.562359e-06|1.521809e-05|1.431183e-10|1.434451e-05|
| 112 |True   |  340  |9.405406e-06|1.190529e-05|1.685046e-10|2.035875e-05|
| 115 |True   |  352  |9.791317e-06|1.288843e-05|1.142017e-11|2.511841e-10|
| 116 |True   |  258  |9.332604e-06|1.467651e-05|9.455746e-10|7.357372e-08|
| 111 |True   |  334  |9.968989e-06|1.246890e-05|1.521655e-10|1.440998e-05|
| 110 |True   |  331  |9.731308e-06|1.297549e-05|1.471904e-10|1.439556e-05|
| 118 |True   |  342  |9.637240e-06|1.213716e-05|1.453761e-10|1.441066e-05|
| 113 |True   |  311  |9.384993e-06|1.378942e-05|1.401288e-10|1.440134e-05|
| 119 |True   |  323  |9.323744e-06|1.613795e-05|1.370735e-10|1.440891e-05|
| 117 |True   |  329  |9.016420e-06|1.213261e-05|1.573928e-10|2.015826e-05|
| 120 |True   |  348  |9.953550e-06|1.245348e-05|1.516587e-10|1.439155e-05|
| 121 |True   |  335  |9.830918e-06|1.233083e-05|1.493700e-10|1.441142e-05|
| 122 |True   |  330  |9.469400e-06|1.251473e-05|1.417839e-10|1.438886e-05|
| 123 |True   |  332  |9.134944e-06|1.163483e-05|1.613361e-10|2.034552e-05|
| 126 |True   |  325  |9.478934e-06|1.497853e-05|1.664702e-10|2.010568e-05|
| 125 |True   |  312  |9.314555e-06|2.282964e-05|1.644863e-10|1.989844e-05|
| 127 |True   |  328  |9.522141e-06|1.348067e-05|1.718071e-10|2.025925e-05|
| 124 |True   |  347  |9.548771e-06|1.204868e-05|1.436510e-10|1.441290e-05|
| 129 |True   |  334  |9.551776e-06|1.205174e-05|1.432581e-10|1.437825e-05|
| 130 |True   |  346  |9.491212e-06|1.230128e-05|7.090840e-10|1.480679e-05|
| 128 |True   |  330  |9.404981e-06|1.326766e-05|1.402331e-10|1.436561e-05|
| 131 |True   |  319  |9.706730e-06|1.664281e-05|1.691737e-10|2.006066e-05|
| 132 |True   |  335  |9.049530e-06|1.154943e-05|1.597756e-10|2.033189e-05|
| 134 |True   |  303  |9.582176e-06|4.970311e-05|1.432688e-10|1.433959e-05|
| 135 |True   |  326  |9.330234e-06|1.497853e-05|1.675783e-10|2.032767e-05|
| 137 |True   |  338  |9.869887e-06|1.236988e-05|1.493438e-10|1.435161e-05|
| 133 |True   |  336  |9.816994e-06|1.231691e-05|1.490228e-10|1.440769e-05|
| 139 |True   |  330  |9.121241e-06|1.213261e-05|1.637981e-10|2.029413e-05|
| 140 |True   |  316  |9.596555e-06|2.536627e-05|1.690134e-10|2.028293e-05|
| 138 |True   |  335  |9.537963e-06|1.203790e-05|1.432796e-10|1.441043e-05|
| 136 |True   |  273  |9.254225e-06|1.247992e-05|7.664922e-10|2.592244e-08|
| 142 |True   |  322  |9.442574e-06|1.919444e-05|1.413717e-10|1.440324e-05|
| 143 |True   |  311  |9.314956e-06|1.876274e-05|8.776061e-10|9.043596e-08|
| 141 |True   |  341  |9.704342e-06|1.220459e-05|1.657603e-10|1.924528e-05|
| 145 |True   |  329  |9.638853e-06|1.348067e-05|1.714793e-10|2.034645e-05|
| 144 |True   |  329  |9.748478e-06|1.405186e-05|1.471380e-10|1.438601e-05|
| 147 |True   |  332  |9.907881e-06|1.240786e-05|1.500483e-10|1.432824e-05|
| 146 |True   |  328  |9.393672e-06|1.471151e-05|1.403709e-10|1.440637e-05|
| 152 |True   |  276  |9.224345e-06|1.108821e-04|1.275977e-10|1.716939e-05|
| 151 |True   |  334  |9.663854e-06|1.216377e-05|1.459443e-10|1.440878e-05|
| 149 |True   |  313  |9.981601e-06|3.131638e-05|1.764850e-10|2.021755e-05|
| 148 |True   |  314  |9.759246e-06|2.874174e-05|1.476478e-10|1.438814e-05|
| 150 |True   |  327  |9.725782e-06|1.316805e-05|8.643100e-10|6.198918e-09|
| 153 |True   |  406  |9.676521e-06|1.217649e-05|1.458769e-10|1.440990e-05|
| 156 |True   |  301  |9.330234e-06|5.420162e-05|1.376725e-10|1.433838e-05|
| 157 |True   |  327  |9.274117e-06|1.348067e-05|1.603187e-10|1.993389e-05|
| 155 |True   |  320  |9.811772e-06|2.054668e-05|1.718532e-10|2.018055e-05|
| 158 |True   |  329  |9.276957e-06|1.388472e-05|1.375415e-10|1.435418e-05|
| 154 |True   |  340  |9.568405e-06|1.206839e-05|1.432070e-10|1.432988e-05|
| 162 |True   |  354  |9.616077e-06|1.221232e-05|2.413461e-12|2.163775e-09|
| 163 |True   |  326  |9.804263e-06|1.660737e-05|1.484477e-10|1.437424e-05|
| 159 |True   |  331  |9.774314e-06|1.227420e-05|1.778945e-10|2.033060e-05|
| 164 |True   |  319  |9.501623e-06|1.895777e-05|3.454680e-11|1.034963e-05|
| 161 |True   |  313  |9.521302e-06|2.383015e-05|1.420682e-10|1.431928e-05|
| 160 |True   |  319  |9.906180e-06|2.282964e-05|1.744650e-10|2.028924e-05|
| 167 |True   |  309  |9.858824e-06|3.621515e-05|1.490184e-10|1.434373e-05|
| 165 |True   |  344  |9.413940e-06|1.355052e-05|7.852507e-12|1.763822e-10|
| 166 |True   |  316  |9.106507e-06|1.849201e-05|1.622204e-10|2.032452e-05|
| 168 |True   |  301  |9.957241e-06|2.358202e-05|1.509284e-10|1.433244e-05|
| 169 |True   |  330  |9.239557e-06|3.131638e-05|1.841104e-11|5.958269e-10|
| 170 |True   |  326  |9.785294e-06|1.603488e-05|1.480626e-10|1.437771e-05|
| 171 |True   |  327  |9.617826e-06|1.497853e-05|1.750353e-10|2.032316e-05|
| 172 |True   |  366  |9.424129e-06|1.245002e-05|1.008103e-11|9.168638e-10|
| 174 |True   |  321  |9.498462e-06|1.869170e-05|1.423549e-10|1.439025e-05|
| 175 |True   |  352  |9.774347e-06|1.299864e-05|1.220811e-11|2.280098e-10|
| 176 |True   |  329  |9.218224e-06|1.213261e-05|1.623887e-10|2.033521e-05|
| 173 |True   |  338  |9.464616e-06|1.196453e-05|1.662289e-10|2.027965e-05|
| 178 |True   |  336  |9.244007e-06|1.174391e-05|1.626358e-10|2.030658e-05|
| 180 |True   |  338  |9.043943e-06|1.380322e-05|8.277663e-10|1.437373e-05|
| 181 |True   |  307  |9.140413e-06|3.866220e-05|1.599420e-10|2.015147e-05|
| 183 |True   |  326  |9.910662e-06|1.284129e-05|9.501815e-10|3.421538e-07|
| 184 |True   |  295  |9.053549e-06|1.348067e-05|1.607285e-10|2.018779e-05|
| 179 |True   |  334  |9.926515e-06|1.242645e-05|1.511653e-10|1.440827e-05|
| 177 |True   |  556  |9.825787e-06|1.232571e-05|1.490889e-10|1.439533e-05|
| 185 |True   |  338  |9.338297e-06|1.183822e-05|1.393268e-10|1.441012e-05|
| 186 |True   |  328  |9.696740e-06|3.479598e-05|2.377795e-11|8.232763e-10|
| 182 |True   |  326  |9.649281e-06|1.497853e-05|1.741959e-10|1.997693e-05|
| 187 |True   |  320  |9.358241e-06|4.773111e-05|2.240880e-11|1.530940e-09|
| 189 |True   |  330  |9.600907e-06|1.320826e-05|1.443553e-10|1.437794e-05|
| 190 |True   |  330  |9.533341e-06|1.213261e-05|1.678886e-10|2.031970e-05|
| 188 |True   |  332  |9.901815e-06|1.240175e-05|1.504865e-10|1.437888e-05|
| 194 |True   |  343  |9.602362e-06|1.210227e-05|1.688996e-10|2.029222e-05|
| 195 |True   |  348  |9.898139e-06|1.404835e-05|7.995677e-12|7.721483e-11|
| 192 |True   |  346  |9.840467e-06|1.490473e-05|1.375359e-11|3.068083e-10|
| 193 |True   |  334  |9.642286e-06|1.497615e-05|4.298656e-10|1.103981e-07|
| 191 |True   |  331  |9.538450e-06|1.337271e-05|1.433851e-10|1.441346e-05|
| 198 |True   |  318  |9.102063e-06|2.282964e-05|1.598125e-10|2.026295e-05|
| 199 |True   |  280  |9.676950e-06|1.868094e-05|1.412185e-10|1.404273e-05|
| 200 |True   |  319  |9.093360e-06|1.849201e-05|1.584182e-10|1.875551e-05|
| 196 |True   |  346  |9.491163e-06|1.297165e-05|2.857732e-11|2.916402e-10|
| 197 |True   |  319  |9.723465e-06|2.282964e-05|1.718712e-10|2.031677e-05|
| 203 |True   |  325  |9.458308e-06|1.195820e-05|1.693924e-10|2.032463e-05|
| 202 |True   |  324  |9.952201e-06|1.741485e-05|1.505184e-10|1.428429e-05|
| 204 |True   |  328  |9.594746e-06|1.495960e-05|1.443787e-10|1.439450e-05|
| 206 |True   |  286  |9.365624e-06|3.180068e-04|5.924663e-12|2.726112e-09|
| 201 |True   |  325  |9.863247e-06|1.664281e-05|1.755210e-10|2.024806e-05|
| 208 |True   |  327  |9.388915e-06|1.270430e-05|1.391083e-10|1.430057e-05|
| 205 |True   |  324  |9.759511e-06|2.282964e-05|2.061912e-11|2.191492e-10|
| 207 |True   |  346  |9.804806e-06|1.230472e-05|1.774239e-10|2.029149e-05|
| 210 |True   |  336  |9.541082e-06|1.204103e-05|1.430717e-10|1.437285e-05|
| 209 |True   |  330  |9.761863e-06|1.226183e-05|1.709384e-10|2.013092e-05|
| 212 |True   |  328  |9.988622e-06|1.586277e-05|1.524205e-10|1.439781e-05|
| 215 |True   |  337  |9.751716e-06|1.225166e-05|1.475562e-10|1.440482e-05|
| 211 |True   |  343  |9.427355e-06|1.200619e-05|2.083613e-12|6.370935e-09|
| 213 |True   |  315  |9.466501e-06|2.719437e-05|1.417816e-10|1.439826e-05|
| 214 |True   |  330  |9.502810e-06|1.235524e-05|1.417067e-10|1.440136e-05|
| 216 |True   |  332  |9.139615e-06|1.163952e-05|1.628565e-10|2.031563e-05|
| 219 |True   |  318  |9.936963e-06|2.367226e-05|1.512670e-10|1.439116e-05|
| 218 |True   |  317  |9.649054e-06|2.469059e-05|1.453788e-10|1.438649e-05|
| 217 |True   |  330  |9.843038e-06|1.348067e-05|1.766184e-10|2.032654e-05|
| 220 |True   |  310  |9.228072e-06|3.479598e-05|1.651174e-10|2.024752e-05|
| 222 |True   |  346  |9.817055e-06|1.231694e-05|1.766526e-10|2.032224e-05|
| 223 |True   |  319  |9.525321e-06|2.054668e-05|1.693402e-10|2.008638e-05|
| 225 |True   |  318  |9.305656e-06|2.308349e-05|1.378141e-10|1.438822e-05|
| 226 |True   |  320  |9.740051e-06|2.156331e-05|1.473553e-10|1.439534e-05|
| 221 |True   |  334  |9.327956e-06|1.182790e-05|1.388441e-10|1.438322e-05|
| 224 |True   |  331  |9.955175e-06|1.245507e-05|1.783260e-10|2.029037e-05|
| 229 |True   |  322  |9.980044e-06|1.849201e-05|1.746623e-10|2.019396e-05|
| 230 |True   |  346  |9.205782e-06|1.228526e-05|1.573569e-10|2.935714e-08|
| 227 |True   |  342  |9.868058e-06|1.236797e-05|1.501123e-10|1.441015e-05|
| 231 |True   |  330  |9.606203e-06|3.131638e-05|2.729306e-11|8.000988e-10|
| 228 |True   |  326  |9.479238e-06|1.497853e-05|1.683946e-10|2.034143e-05|
| 234 |True   |  328  |9.856163e-06|1.500422e-05|1.495595e-10|1.438061e-05|
| 233 |True   |  328  |9.028307e-06|1.152820e-05|1.615034e-10|2.035062e-05|
| 235 |True   |  292  |9.045775e-06|7.274974e-05|1.577992e-10|1.946839e-05|
| 232 |True   |  348  |9.146793e-06|1.213261e-05|6.448039e-12|3.595760e-10|
| 237 |True   |  313  |9.993075e-06|2.215505e-05|1.500634e-10|1.416435e-05|
| 240 |True   |  295  |9.425074e-06|6.767894e-05|1.384738e-10|1.417798e-05|
| 236 |True   |  338  |9.173839e-06|1.167373e-05|1.625823e-10|2.033312e-05|
| 239 |True   |  315  |9.184893e-06|2.536627e-05|1.600211e-10|2.010310e-05|
| 238 |True   |  332  |9.749877e-06|1.428065e-05|2.063781e-10|1.491219e-05|
| 241 |True   |  333  |9.881127e-06|1.238105e-05|1.503461e-10|1.441230e-05|
| 242 |True   |  324  |9.157512e-06|1.664281e-05|1.612756e-10|2.033589e-05|
| 246 |True   |  293  |9.165087e-06|5.892729e-05|4.345247e-11|1.224121e-09|
| 244 |True   |  269  |9.756461e-06|1.232385e-04|1.348648e-10|1.382477e-05|
| 245 |True   |  323  |9.240359e-06|1.213261e-05|1.475128e-10|1.862653e-05|
| 243 |True   |  332  |9.429155e-06|1.192904e-05|1.676935e-10|2.034484e-05|
| 247 |True   |  324  |9.262215e-06|1.664281e-05|1.671514e-10|2.028676e-05|
| 250 |True   |  346  |8.995389e-06|1.486135e-05|6.661938e-12|1.954200e-10|
| 251 |True   |  338  |9.573089e-06|1.207301e-05|1.441059e-10|1.441029e-05|
| 252 |True   |  329  |9.653536e-06|1.442624e-05|1.455272e-10|1.439994e-05|
| 253 |True   |  331  |9.894105e-06|1.239404e-05|1.504398e-10|1.439428e-05|
| 255 |True   |  335  |9.385537e-06|1.188542e-05|1.664641e-10|2.034964e-05|
| 248 |True   |  332  |9.739372e-06|2.818474e-05|1.802382e-11|4.802541e-10|
| 257 |True   |  342  |9.728405e-06|1.664281e-05|1.384225e-11|7.370689e-11|
| 249 |True   |  331  |9.163899e-06|1.348067e-05|1.645979e-10|2.034159e-05|
| 258 |True   |  315  |9.282994e-06|1.450618e-05|1.377764e-10|1.439747e-05|
| 254 |True   |  326  |9.835847e-06|1.554615e-05|1.491211e-10|1.439313e-05|
| 256 |True   |  298  |9.541721e-06|1.282373e-05|6.146320e-11|1.539891e-09|
| 261 |True   |  322  |9.698345e-06|1.324394e-05|1.609145e-10|1.459824e-05|
| 260 |True   |  323  |9.557749e-06|1.266010e-05|7.825813e-10|1.008328e-08|
| 259 |True   |  342  |9.251826e-06|1.175176e-05|1.375291e-10|1.441368e-05|
| 262 |True   |  334  |9.800305e-06|1.230033e-05|1.477917e-10|1.435915e-05|
| 264 |True   |  324  |9.489188e-06|1.664281e-05|1.672262e-10|2.025754e-05|
| 266 |True   |  341  |9.383673e-06|1.188359e-05|1.402183e-10|1.440632e-05|
| 263 |True   |  321  |9.648536e-06|4.773111e-05|2.811821e-11|1.873813e-09|
| 269 |True   |  320  |9.362163e-06|2.054668e-05|1.637546e-10|2.008606e-05|
| 265 |True   |  335  |9.381393e-06|1.188131e-05|1.402442e-10|1.441453e-05|
| 271 |True   |  303  |9.605255e-06|2.536627e-05|1.645391e-10|1.837715e-05|
| 270 |True   |  325  |9.763216e-06|1.664281e-05|1.719574e-10|2.031872e-05|
| 272 |True   |  244  |9.404651e-06|3.650914e-05|7.150654e-10|1.260922e-07|
| 273 |True   |  342  |9.440008e-06|1.664281e-05|6.249967e-12|1.259651e-10|
| 267 |True   |  318  |9.906307e-06|1.849201e-05|1.640709e-10|1.893745e-05|
| 268 |True   |  286  |9.137217e-06|1.497853e-05|2.271533e-10|4.755574e-08|
| 274 |True   |  327  |9.772861e-06|1.511641e-05|1.493548e-10|1.441993e-05|
| 276 |True   |  309  |9.953644e-06|1.849201e-05|1.758623e-10|2.028298e-05|
| 277 |True   |  331  |9.791475e-06|1.319502e-05|9.340938e-11|1.137241e-08|
| 278 |True   |  316  |9.726580e-06|1.259483e-05|1.470644e-10|1.439592e-05|
| 279 |True   |  340  |9.641089e-06|1.214100e-05|1.454947e-10|1.441083e-05|
| 281 |True   |  352  |9.798237e-06|1.229816e-05|1.486322e-10|1.439605e-05|
| 275 |True   |  320  |9.312498e-06|2.054668e-05|1.668234e-10|2.028115e-05|
| 280 |True   |  334  |9.922513e-06|2.536627e-05|2.168921e-11|1.343177e-09|
| 283 |True   |  331  |9.969515e-06|1.246961e-05|1.712677e-10|1.987103e-05|
| 284 |True   |  332  |9.287725e-06|1.178763e-05|1.636347e-10|2.030791e-05|
| 282 |True   |  325  |9.368759e-06|1.186870e-05|1.397346e-10|1.438806e-05|
| 286 |True   |  320  |9.073296e-06|2.054668e-05|1.617555e-10|2.019140e-05|
| 287 |True   |  338  |9.560973e-06|1.371202e-05|8.585101e-11|1.214542e-09|
| 288 |True   |  337  |9.770342e-06|1.227031e-05|1.475114e-10|1.435047e-05|
| 285 |True   |  652  |9.730998e-06|1.223094e-05|1.471236e-10|1.440068e-05|
| 289 |True   |  330  |9.861645e-06|1.350004e-05|1.498631e-10|1.439725e-05|
| 290 |True   |  342  |9.271957e-06|1.177191e-05|1.376025e-10|1.437091e-05|
| 292 |True   |  329  |9.109425e-06|1.213261e-05|1.626163e-10|2.028696e-05|
| 295 |True   |  319  |9.561587e-06|1.669419e-05|1.414517e-10|1.416659e-05|
| 296 |True   |  348  |9.823036e-06|1.406134e-05|7.096068e-12|1.123392e-10|
| 291 |True   |  295  |9.613433e-06|1.826384e-05|1.443171e-10|1.435098e-05|
| 299 |True   |  332  |9.902700e-06|1.240267e-05|1.774152e-10|2.008750e-05|
| 293 |True   |  313  |9.267133e-06|1.734416e-05|1.365876e-10|1.429236e-05|
| 294 |True   |  334  |9.954629e-06|1.245459e-05|1.514584e-10|1.438156e-05|
| 298 |True   |  331  |9.510391e-06|2.116902e-05|4.435436e-10|9.188084e-08|
| 297 |True   |  322  |9.665061e-06|2.025714e-05|1.459018e-10|1.440303e-05|
| 300 |True   |  346  |9.550419e-06|1.355440e-05|9.157513e-12|1.114118e-10|
| 301 |True   |  334  |9.265699e-06|1.176563e-05|1.377681e-10|1.440155e-05|
| 302 |True   |  323  |9.931528e-06|1.849201e-05|1.751976e-10|2.033352e-05|
| 305 |True   |  321  |9.591501e-06|1.209142e-05|1.703883e-10|2.028147e-05|
| 304 |True   |  332  |9.275822e-06|1.177590e-05|1.364350e-10|1.423429e-05|
| 303 |True   |  342  |9.194298e-06|1.497853e-05|9.797930e-12|1.050951e-09|
| 307 |True   |  342  |9.554674e-06|1.242661e-05|4.659977e-10|2.020826e-07|
| 310 |True   |  332  |9.392011e-06|1.189189e-05|1.672733e-10|2.035619e-05|
| 309 |True   |  333  |9.636591e-06|1.213649e-05|1.739907e-10|2.032076e-05|
| 312 |True   |  333  |9.468173e-06|1.196811e-05|1.418297e-10|1.440700e-05|
| 306 |True   |  333  |9.819237e-06|1.231915e-05|1.490881e-10|1.440725e-05|
| 311 |True   |  334  |9.352579e-06|1.185246e-05|1.671296e-10|2.035912e-05|
| 308 |True   |  338  |8.791291e-06|1.393166e-05|4.104267e-10|1.437022e-05|
| 313 |True   |  370  |9.101836e-06|1.202418e-05|8.728416e-12|7.548612e-10|
| 314 |True   |  327  |9.032317e-06|1.348067e-05|1.578949e-10|2.018708e-05|
| 315 |True   |  321  |9.334136e-06|1.849201e-05|1.622749e-10|2.007828e-05|
| 318 |True   |  338  |9.816275e-06|2.149930e-05|2.664424e-12|2.658232e-09|
| 319 |True   |  333  |9.568463e-06|1.206838e-05|1.440100e-10|1.440896e-05|
| 321 |True   |  312  |9.742767e-06|2.818474e-05|1.728467e-10|1.999897e-05|
| 316 |True   |  325  |9.801634e-06|1.702259e-05|1.485508e-10|1.439320e-05|
| 317 |True   |  307  |9.636629e-06|4.013662e-05|1.444009e-10|1.437327e-05|
| 320 |True   |  310  |9.977500e-06|2.282964e-05|1.693725e-10|1.955708e-05|
| 324 |True   |  321  |9.726819e-06|2.018299e-05|1.469146e-10|1.438122e-05|
| 326 |True   |  326  |9.217586e-06|1.497853e-05|1.664928e-10|2.032859e-05|
| 325 |True   |  335  |9.411566e-06|1.191149e-05|1.407802e-10|1.440584e-05|
| 322 |True   |  354  |9.209874e-06|1.313263e-05|9.676548e-12|1.119832e-10|
| 328 |True   |  328  |9.567524e-06|1.400651e-05|1.437649e-10|1.439362e-05|
| 331 |True   |  324  |9.086946e-06|1.664281e-05|1.597936e-10|2.029370e-05|
| 327 |True   |  325  |9.902264e-06|1.240355e-05|1.507462e-10|1.396648e-05|
| 329 |True   |  551  |9.556586e-06|1.205651e-05|1.437533e-10|1.440914e-05|
| 333 |True   |  330  |9.385825e-06|1.213261e-05|1.701867e-10|2.023086e-05|
| 335 |True   |  334  |9.542852e-06|1.204277e-05|1.434293e-10|1.440318e-05|
| 330 |True   |  318  |9.633528e-06|1.497853e-05|1.688641e-10|2.020990e-05|
| 334 |True   |  332  |9.777095e-06|1.227705e-05|1.477654e-10|1.436300e-05|
| 336 |True   |  330  |9.378559e-06|1.213261e-05|1.658721e-10|2.035512e-05|
| 332 |True   |  319  |9.998814e-06|1.849201e-05|1.747774e-10|1.995487e-05|
| 337 |True   |  333  |9.476288e-06|1.197622e-05|1.419593e-10|1.439448e-05|
| 339 |True   |  316  |9.673554e-06|2.536627e-05|1.714950e-10|2.026759e-05|
| 338 |True   |  319  |9.371760e-06|1.637762e-05|7.858683e-10|2.562457e-04|
| 341 |True   |  322  |9.329145e-06|1.403526e-05|5.742721e-10|1.049317e-08|
| 340 |True   |  340  |9.660062e-06|1.216008e-05|1.450039e-10|1.435935e-05|
| 345 |True   |  320  |9.612266e-06|2.148374e-05|1.443738e-10|1.435987e-05|
| 343 |True   |  333  |9.299080e-06|1.179912e-05|1.371908e-10|1.427057e-05|
| 342 |True   |  256  |9.055373e-06|1.664281e-05|8.284337e-10|2.893380e-08|
| 323 |True   | 1502  |9.321635e-06|1.182166e-05|1.378900e-10|1.431921e-05|
| 344 |True   |  329  |9.862126e-06|1.348067e-05|1.757640e-10|2.035093e-05|
| 347 |True   |  324  |9.263348e-06|4.295800e-05|3.370379e-11|3.349035e-10|
| 346 |True   |  345  |9.400349e-06|1.415055e-05|1.773820e-10|6.431515e-07|
| 348 |True   |  323  |9.840479e-06|1.850153e-05|1.748221e-10|1.888759e-05|
| 349 |True   |  350  |9.553237e-06|1.298588e-05|7.430725e-12|6.898266e-10|
| 350 |True   |  344  |9.418226e-06|1.497853e-05|1.055813e-11|1.848144e-09|
| 351 |True   |  321  |9.478882e-06|4.776153e-05|1.315474e-11|1.626171e-09|
| 356 |True   |  332  |9.622966e-06|1.212288e-05|1.716020e-10|2.027680e-05|
| 357 |True   |  322  |9.736490e-06|1.262653e-05|7.264683e-10|1.996106e-08|
| 359 |True   |  294  |9.073152e-06|8.083305e-05|1.608184e-10|2.014196e-05|
| 358 |True   |  347  |9.429428e-06|1.245421e-05|1.042550e-11|2.254281e-10|
| 360 |True   |  338  |9.579436e-06|2.054668e-05|1.900829e-11|3.103921e-10|
| 361 |True   |  284  |9.340043e-06|1.371335e-04|1.375028e-10|1.426255e-05|
| 352 |True   |  328  |9.529267e-06|1.437713e-05|1.427622e-10|1.436704e-05|
| 353 |True   |  324  |9.240520e-06|1.664281e-05|1.683022e-10|2.034035e-05|
| 354 |True   |  328  |9.504258e-06|1.471668e-05|1.425203e-10|1.439215e-05|
| 355 |True   |  332  |9.979923e-06|1.253446e-05|1.522717e-10|1.439989e-05|
| 363 |True   |  305  |8.602903e-06|1.902936e-05|1.655745e-11|1.723269e-09|
| 364 |True   |  321  |9.343951e-06|2.413457e-05|1.327890e-11|6.074056e-10|
| 365 |True   |  344  |9.518073e-06|1.498678e-05|4.606575e-12|6.256633e-11|
| 362 |True   |  329  |9.146522e-06|1.164651e-05|1.595142e-10|2.009593e-05|
| 366 |True   |  288  |9.346475e-06|2.054668e-05|1.586420e-10|1.923810e-05|
| 367 |True   |  351  |9.188109e-06|1.386422e-05|6.913536e-10|1.428701e-05|
| 370 |True   |  348  |8.866353e-06|1.345313e-05|3.193416e-12|2.489144e-11|
| 372 |True   |  290  |9.106489e-06|8.083305e-05|1.539897e-10|1.949367e-05|
| 369 |True   |  299  |9.737728e-06|3.131638e-05|1.681895e-10|1.983445e-05|
| 373 |True   |  350  |9.110331e-06|1.269537e-05|1.163423e-11|1.154228e-10|
| 368 |True   |  323  |9.878721e-06|1.876921e-05|1.500022e-10|1.438553e-05|
| 374 |True   |  315  |9.791032e-06|2.669968e-05|1.476139e-10|1.432356e-05|
| 371 |True   |  334  |9.417003e-06|1.191693e-05|1.408876e-10|1.440671e-05|
| 377 |True   |  342  |9.544093e-06|1.664281e-05|1.374713e-11|3.040860e-10|
| 378 |True   |  342  |9.677607e-06|1.775942e-05|1.085267e-11|4.400703e-10|
| 376 |True   |  316  |9.059180e-06|2.536627e-05|1.605165e-10|2.026062e-05|
| 379 |True   |  316  |9.518945e-06|1.201902e-05|1.417574e-10|1.435558e-05|
| 375 |True   |  324  |9.972512e-06|1.835266e-05|1.519461e-10|1.438167e-05|
| 382 |True   |  338  |9.433436e-06|1.508678e-05|5.083678e-12|8.251888e-10|
| 381 |True   |  333  |9.496025e-06|1.199619e-05|1.402021e-10|1.417472e-05|
| 383 |True   |  328  |9.182399e-06|1.213261e-05|1.619735e-10|2.012337e-05|
| 380 |True   |  360  |9.842160e-06|1.257467e-05|5.939818e-12|4.086142e-10|
| 386 |True   |  328  |9.795317e-06|1.348067e-05|1.787496e-10|2.023644e-05|
| 388 |True   |  309  |9.322560e-06|2.083346e-05|1.300800e-10|1.350088e-05|
| 385 |True   |  317  |9.494039e-06|2.415985e-05|1.420949e-10|1.437206e-05|
| 390 |True   |  322  |9.345969e-06|1.576229e-05|2.668689e-10|8.053036e-05|
| 391 |True   |  326  |9.839054e-06|1.497853e-05|1.727467e-10|2.026925e-05|
| 384 |True   |  330  |9.291088e-06|1.179101e-05|1.631649e-10|2.025987e-05|
| 387 |True   |  342  |9.335416e-06|1.353970e-05|1.908883e-11|3.066074e-09|
| 392 |True   |  333  |9.275377e-06|1.177530e-05|1.380471e-10|1.441016e-05|
| 394 |True   |  325  |9.866183e-06|2.054668e-05|2.889809e-10|1.438473e-05|
| 393 |True   |  331  |9.889722e-06|1.238960e-05|1.785825e-10|2.035449e-05|
| 389 |True   |  320  |9.808737e-06|5.303456e-05|1.190960e-11|3.523855e-09|
| 395 |True   |  332  |9.568257e-06|1.206817e-05|1.723172e-10|2.027808e-05|
| 397 |True   |  340  |9.234170e-06|1.849201e-05|1.684606e-11|4.209261e-10|
| 396 |True   |  260  |9.545409e-06|1.664281e-05|6.530968e-10|8.018365e-08|
| 398 |True   |  320  |9.336420e-06|2.165828e-05|1.391621e-10|1.439850e-05|
| 401 |True   |  331  |9.729015e-06|1.230221e-05|1.459317e-10|1.427769e-05|
| 399 |True   |  339  |9.531509e-06|1.203145e-05|1.430661e-10|1.439589e-05|
| 402 |True   |  309  |9.450595e-06|1.894069e-05|1.411401e-10|1.436790e-05|
| 403 |True   |  344  |9.672260e-06|1.442786e-05|1.901275e-12|4.165342e-10|
| 400 |True   |  330  |9.320691e-06|1.257446e-05|1.384556e-10|1.436376e-05|
| 405 |True   |  335  |9.306458e-06|1.180638e-05|1.386026e-10|1.440221e-05|
| 407 |True   |  337  |9.134197e-06|1.163409e-05|1.630076e-10|2.034647e-05|
| 408 |True   |  326  |9.766606e-06|1.348067e-05|1.683217e-10|1.985570e-05|
| 409 |True   |  281  |9.515628e-06|1.861763e-05|4.283421e-10|3.063662e-08|
| 404 |True   |  338  |9.920370e-06|1.242028e-05|1.768968e-10|2.029799e-05|
| 411 |True   |  325  |9.836401e-06|1.570169e-05|1.491510e-10|1.438189e-05|
| 406 |True   |  326  |9.204763e-06|1.513111e-05|1.370271e-10|1.438994e-05|
| 412 |True   |  346  |9.383227e-06|1.188315e-05|1.402300e-10|1.440817e-05|
| 414 |True   |  339  |9.635064e-06|1.641205e-05|1.493510e-11|1.903481e-10|
| 416 |True   |  300  |9.821611e-06|1.743998e-05|1.486852e-10|1.437799e-05|
| 415 |True   |  350  |9.254723e-06|1.266657e-05|1.210779e-11|1.363290e-10|
| 410 |True   |  330  |9.452338e-06|1.195280e-05|1.358333e-10|1.381577e-05|
| 419 |True   |  331  |9.970995e-06|1.247087e-05|1.768372e-10|2.035488e-05|
| 417 |True   |  510  |9.328353e-06|1.222601e-05|1.389241e-10|1.439223e-05|
| 413 |True   |  330  |9.685848e-06|3.365826e-05|6.129936e-12|4.918807e-09|
| 421 |True   |  320  |9.189696e-06|2.060995e-05|1.445144e-10|1.508225e-05|
| 422 |True   |  337  |9.823421e-06|1.664281e-05|1.521532e-11|5.951691e-10|
| 423 |True   |  312  |9.137028e-06|3.131638e-05|1.605901e-10|2.024109e-05|
| 418 |True   |  343  |9.229903e-06|1.234426e-05|9.900433e-12|2.767505e-09|
| 424 |True   |  354  |9.796992e-06|1.269517e-05|9.100510e-12|3.017815e-10|
| 420 |True   |  292  |9.930623e-06|5.892729e-05|1.578303e-10|1.869210e-05|
| 426 |True   |  320  |9.237496e-06|1.173739e-05|1.629613e-10|2.032046e-05|
| 427 |True   |  333  |9.537793e-06|1.203771e-05|1.434276e-10|1.441322e-05|
| 429 |True   |  323  |9.472628e-06|1.904602e-05|1.419341e-10|1.439818e-05|
| 430 |True   |  330  |9.000173e-06|1.213261e-05|1.610976e-10|2.032061e-05|
| 425 |True   |  319  |9.488693e-06|1.735338e-05|1.410961e-10|1.427819e-05|
| 431 |True   |  346  |9.968978e-06|1.526543e-05|2.017786e-12|5.202416e-11|
| 433 |True   |  329  |9.512547e-06|1.283011e-05|1.417012e-10|1.428922e-05|
| 428 |True   |  333  |9.411119e-06|1.191105e-05|1.406234e-10|1.439280e-05|
| 435 |True   |  330  |9.151384e-06|1.213261e-05|1.607534e-10|2.026483e-05|
| 436 |True   |  320  |9.132660e-06|1.163378e-05|1.428988e-10|1.823563e-05|
| 437 |True   |  333  |9.582116e-06|1.208202e-05|1.657529e-10|1.778140e-05|
| 432 |True   |  337  |8.981186e-06|1.198359e-05|9.828250e-12|2.738430e-10|
| 440 |True   |  305  |9.045831e-06|3.866220e-05|1.922865e-11|2.413182e-09|
| 438 |True   |  329  |9.855140e-06|1.453897e-05|1.493423e-10|1.441181e-05|
| 434 |True   |  334  |9.865979e-06|1.255929e-05|5.019092e-12|8.033384e-10|
| 441 |True   |  281  |9.621183e-06|1.521016e-04|1.610010e-10|1.918913e-05|
| 443 |True   |  322  |9.280239e-06|1.726829e-05|1.372669e-10|1.433358e-05|
| 445 |True   |  342  |9.642795e-06|1.214272e-05|1.454625e-10|1.440653e-05|
| 439 |True   |  346  |9.431703e-06|1.567139e-05|8.561356e-12|6.698702e-11|
| 444 |True   |  327  |9.788392e-06|1.229139e-05|1.545225e-10|1.749135e-05|
| 447 |True   |  330  |9.467385e-06|1.957467e-05|7.645391e-11|1.328327e-09|
| 448 |True   |  333  |9.422413e-06|1.192234e-05|1.409746e-10|1.440363e-05|
| 450 |True   |  332  |9.966745e-06|1.287225e-05|1.519703e-10|1.439492e-05|
| 442 |True   |  330  |9.281997e-06|1.213261e-05|1.656421e-10|2.033855e-05|
| 451 |True   |  321  |9.629496e-06|2.048336e-05|1.449576e-10|1.440228e-05|
| 452 |True   |  287  |9.279334e-06|1.849201e-05|1.582577e-10|1.948661e-05|
| 446 |True   |  325  |9.743337e-06|1.229134e-05|8.955317e-12|1.069887e-07|
| 456 |True   |  187  |9.904051e-06|1.393238e-04|3.449593e-11|1.610607e-09|
| 454 |True   |  341  |8.969309e-06|1.711373e-05|1.509985e-11|2.954813e-10|
| 455 |True   |  312  |9.453850e-06|3.131638e-05|1.689313e-10|2.000043e-05|
| 449 |True   |  342  |9.490897e-06|1.664281e-05|1.239314e-11|1.788922e-10|
| 457 |True   |  329  |9.409830e-06|1.385624e-05|1.402990e-10|1.438061e-05|
| 459 |True   |  314  |9.862509e-06|2.818474e-05|6.878213e-10|1.423451e-05|
| 460 |True   |  344  |9.919966e-06|1.241988e-05|1.511390e-10|1.440752e-05|
| 462 |True   |  340  |9.918140e-06|1.241802e-05|1.768303e-10|2.034093e-05|
| 463 |True   |  348  |9.936843e-06|1.286302e-05|9.402740e-12|8.737081e-10|
| 464 |True   |  315  |8.995088e-06|1.956041e-05|1.802544e-11|2.700270e-10|
| 466 |True   |  310  |9.933019e-06|3.479598e-05|1.742987e-10|2.022827e-05|
| 458 |True   |  346  |9.311172e-06|1.348067e-05|1.288530e-11|2.125821e-10|
| 453 |True   |  553  |9.434529e-06|1.193445e-05|1.412623e-10|1.441303e-05|
| 461 |True   |  330  |9.560089e-06|3.131638e-05|2.694053e-11|3.062334e-09|
| 467 |True   |  326  |9.494791e-06|1.348067e-05|1.670932e-10|1.987012e-05|
| 468 |True   |  330  |9.206486e-06|1.213261e-05|1.667171e-10|2.034708e-05|
| 465 |True   |  307  |9.263848e-06|2.282964e-05|1.651848e-10|2.023935e-05|
| 469 |True   |  324  |9.022766e-06|4.295800e-05|3.291209e-11|9.630500e-10|
| 470 |True   |  335  |9.748976e-06|1.465564e-05|3.450124e-10|1.440208e-05|
| 471 |True   |  339  |9.415545e-06|1.191544e-05|1.690519e-10|2.032685e-05|
| 472 |True   |  298  |9.164102e-06|1.292040e-05|4.112845e-10|1.838881e-08|
| 475 |True   |  311  |9.431026e-06|1.213261e-05|1.666036e-10|2.034486e-05|
| 477 |True   |  301  |9.767203e-06|5.510289e-05|1.474257e-10|1.435660e-05|
| 479 |True   |  354  |9.416666e-06|1.213261e-05|4.478994e-12|2.542016e-09|
| 473 |True   |  328  |9.262933e-06|1.348067e-05|1.662705e-10|2.031304e-05|
| 480 |True   |  328  |9.517100e-06|1.454140e-05|1.429168e-10|1.440587e-05|
| 474 |True   |  345  |9.667019e-06|1.216691e-05|1.738299e-10|2.030067e-05|
| 478 |True   |  325  |9.925562e-06|1.442511e-05|1.511338e-10|1.439540e-05|
| 481 |True   |  360  |9.903168e-06|1.240313e-05|1.503035e-10|1.436775e-05|
| 476 |True   |  352  |9.287820e-06|1.196937e-05|4.535448e-12|8.658045e-10|
| 482 |True   |  307  |9.120531e-06|3.866220e-05|1.581618e-10|2.001009e-05|
| 483 |True   |  331  |9.540628e-06|1.309242e-05|1.406836e-10|1.447741e-05|
| 488 |True   |  316  |9.736932e-06|2.054668e-05|1.754834e-10|2.022630e-05|
| 486 |True   |  333  |9.846665e-06|1.234658e-05|1.496998e-10|1.441285e-05|
| 484 |True   |  319  |9.387959e-06|1.497853e-05|1.669560e-10|2.013531e-05|
| 485 |True   |  348  |8.993896e-06|1.245048e-05|1.183514e-11|1.005807e-09|
| 491 |True   |  320  |9.488934e-06|2.054668e-05|1.662911e-10|2.018129e-05|
| 490 |True   |  348  |9.536433e-06|1.408349e-05|3.871479e-12|7.463579e-11|
| 487 |True   |  298  |9.914726e-06|2.536627e-05|1.747291e-10|1.974226e-05|
| 489 |True   |  312  |9.677268e-06|3.131638e-05|1.712795e-10|2.028751e-05|
| 493 |True   |  332  |9.370280e-06|1.187020e-05|1.399988e-10|1.441463e-05|
| 494 |True   |  335  |9.837285e-06|1.233722e-05|1.492064e-10|1.438316e-05|
| 492 |True   |  322  |9.528096e-06|1.569990e-05|1.428026e-10|1.438649e-05|
| 495 |True   |  325  |9.362533e-06|1.558755e-05|1.386013e-10|1.428524e-05|
| 497 |True   |  302  |9.557101e-06|1.677632e-05|1.444270e-10|1.436351e-05|
| 499 |True   |  321  |9.954551e-06|2.054668e-05|1.760886e-10|2.025152e-05|
| 500 |True   |  308  |9.442458e-06|3.875912e-05|1.444515e-10|1.446861e-05|
| 498 |True   |  333  |9.713545e-06|1.221348e-05|1.473889e-10|1.438287e-05|
| 501 |True   |  334  |9.958080e-06|1.245801e-05|1.517191e-10|1.438747e-05|
| 496 |True   |  324  |9.367350e-06|1.643931e-05|1.388253e-10|1.429658e-05|
| 503 |True   |  295  |9.798246e-06|2.765777e-05|1.431444e-10|1.387905e-05|
| 505 |True   |  333  |9.936880e-06|1.243680e-05|1.514777e-10|1.440616e-05|
| 507 |True   |  362  |9.566942e-06|1.894791e-05|1.904671e-11|7.854583e-10|
| 506 |True   |  332  |9.555525e-06|1.205547e-05|1.434448e-10|1.437848e-05|
| 502 |True   |  326  |9.907211e-06|1.240713e-05|1.508479e-10|1.440291e-05|
| 508 |True   |  318  |9.430606e-06|1.275586e-05|2.835459e-11|1.167780e-08|
| 510 |True   |  291  |9.108026e-06|1.355630e-05|7.980307e-10|2.645232e-08|
| 504 |True   |  334  |9.984336e-06|1.248426e-05|1.523755e-10|1.440851e-05|
| 512 |True   |  304  |9.320257e-06|4.295800e-05|1.629237e-10|1.986096e-05|
| 514 |True   |  290  |9.478130e-06|8.981450e-05|1.588458e-10|1.937184e-05|
| 509 |True   |  313  |9.471402e-06|2.923583e-05|1.414853e-10|1.436361e-05|
| 513 |True   |  334  |9.587704e-06|2.282964e-05|4.220926e-12|7.671650e-11|
| 515 |True   |  334  |9.260474e-06|1.176039e-05|1.377568e-10|1.441169e-05|
| 511 |True   |  331  |9.812321e-06|1.231235e-05|1.475714e-10|1.427131e-05|
| 517 |True   |  332  |9.681023e-06|1.218101e-05|1.454373e-10|1.432378e-05|
| 518 |True   |  325  |9.877636e-06|1.237779e-05|1.473398e-10|1.412432e-05|
| 520 |True   |  288  |9.367642e-06|1.348067e-05|1.561758e-10|1.931490e-05|
| 521 |True   |  340  |9.415944e-06|1.191583e-05|1.659911e-10|2.035543e-05|
| 523 |True   |  337  |9.328590e-06|1.182854e-05|1.388541e-10|1.438531e-05|
| 516 |True   |  321  |9.650165e-06|2.054668e-05|1.753670e-10|2.030118e-05|
| 524 |True   |  305  |9.264751e-06|2.282964e-05|1.612337e-10|1.981888e-05|
| 519 |True   |  330  |9.056746e-06|1.213261e-05|1.634952e-10|2.035458e-05|
| 526 |True   |  277  |9.154471e-06|1.232023e-04|1.476405e-10|1.860752e-05|
| 522 |True   |  326  |9.464855e-06|1.497853e-05|1.664052e-10|2.024995e-05|
| 528 |True   |  330  |9.726839e-06|1.377338e-05|1.472230e-10|1.440866e-05|
| 527 |True   |  330  |9.709329e-06|1.227511e-05|1.470902e-10|1.437300e-05|
| 529 |True   |  322  |9.038782e-06|1.849201e-05|1.596808e-10|2.019363e-05|
| 525 |True   |  313  |9.370336e-06|1.849201e-05|1.665880e-10|2.025027e-05|
| 530 |True   |  327  |9.704758e-06|1.497853e-05|1.713805e-10|2.032174e-05|
| 534 |True   |  350  |9.339379e-06|1.244715e-05|1.104113e-11|4.029383e-10|
| 532 |True   |  328  |9.151711e-06|1.348067e-05|1.634557e-10|2.033576e-05|
| 533 |True   |  317  |9.878256e-06|2.282964e-05|1.700970e-10|1.977401e-05|
| 535 |True   |  326  |9.372122e-06|1.583234e-05|1.399172e-10|1.440024e-05|
| 536 |True   |  322  |9.413043e-06|1.849201e-05|1.665591e-10|2.013044e-05|
| 531 |True   |  335  |9.658559e-06|1.309672e-05|1.458418e-10|1.440876e-05|
| 538 |True   |  316  |9.263196e-06|2.536627e-05|1.627355e-10|2.023980e-05|
| 540 |True   |  330  |9.242309e-06|1.213261e-05|1.672484e-10|2.034727e-05|
| 537 |True   |  332  |9.576159e-06|1.207604e-05|1.688695e-10|2.036166e-05|
| 542 |True   |  316  |9.504476e-06|2.536627e-05|1.677264e-10|2.008726e-05|
| 541 |True   |  333  |9.737930e-06|1.420038e-05|1.493706e-11|1.725890e-09|
| 539 |True   |  322  |9.680803e-06|1.934718e-05|1.461859e-10|1.440519e-05|
| 544 |True   |  307  |9.400925e-06|3.268150e-05|5.087467e-10|1.485399e-05|
| 547 |True   |  323  |9.790714e-06|1.270482e-05|1.457295e-10|1.413641e-05|
| 545 |True   |  334  |9.876978e-06|1.237689e-05|1.502973e-10|1.440907e-05|
| 548 |True   |  307  |9.959241e-06|2.673995e-05|1.501164e-10|1.427817e-05|
| 543 |True   |  329  |9.346791e-06|1.304311e-05|1.389382e-10|1.439578e-05|
| 546 |True   |  305  |9.563810e-06|4.295800e-05|1.662507e-10|2.002446e-05|
| 551 |True   |  265  |9.151422e-06|1.626971e-05|7.941668e-10|6.927706e-08|
| 554 |True   |  322  |9.568149e-06|1.975005e-05|1.439366e-10|1.440607e-05|
| 550 |True   |  327  |9.966459e-06|1.574112e-05|1.515152e-10|1.435289e-05|
| 549 |True   |  345  |8.061098e-06|2.784353e-05|1.619857e-11|3.927984e-09|
| 555 |True   |  224  |8.870697e-06|2.435886e-05|1.386980e-14|6.233207e-13|
| 553 |True   |  333  |9.493687e-06|1.199362e-05|1.422997e-10|1.439184e-05|
| 556 |True   |  325  |9.622951e-06|1.734390e-05|1.451243e-10|1.440971e-05|
| 552 |True   |  327  |9.703229e-06|1.220314e-05|1.712844e-10|2.024457e-05|
| 557 |True   |  323  |9.944287e-06|1.717413e-05|1.498656e-10|1.424759e-05|
| 559 |True   |  324  |9.298762e-06|1.664281e-05|1.658470e-10|2.022315e-05|
| 561 |True   |  325  |9.294295e-06|1.586066e-05|1.379566e-10|1.439973e-05|
| 560 |True   |  338  |9.440463e-06|2.054668e-05|1.593740e-11|8.050322e-10|
| 558 |True   |  324  |9.485235e-06|1.216683e-05|1.422154e-10|1.440433e-05|
| 564 |True   |  350  |9.193077e-06|1.242502e-05|1.172215e-11|2.409710e-10|
| 565 |True   |  334  |9.794470e-06|1.229439e-05|1.486272e-10|1.441401e-05|
| 566 |True   |  331  |9.926673e-06|1.242659e-05|1.760571e-10|2.023003e-05|
| 563 |True   |  356  |9.527433e-06|1.351896e-05|9.333219e-12|1.340396e-10|
| 562 |True   |  322  |9.868666e-06|1.920250e-05|1.499338e-10|1.439455e-05|
| 570 |True   |  338  |9.182836e-06|2.054668e-05|2.584081e-12|5.276532e-11|
| 569 |True   |  327  |9.770724e-06|1.587809e-05|1.481050e-10|1.440646e-05|
| 573 |True   |  327  |9.740532e-06|1.224045e-05|1.709815e-10|2.026430e-05|
| 574 |True   |  329  |9.285579e-06|1.461944e-05|1.381062e-10|1.440904e-05|
| 572 |True   |  341  |9.622162e-06|1.226993e-05|1.450681e-10|1.441325e-05|
| 567 |True   |  328  |9.592568e-06|1.431901e-05|1.443330e-10|1.439494e-05|
| 568 |True   |  312  |9.428273e-06|3.131638e-05|1.660367e-10|2.030724e-05|
| 571 |True   |  359  |8.991531e-06|1.367647e-05|2.279809e-12|6.415935e-11|
| 575 |True   |  339  |9.398228e-06|1.189812e-05|1.694265e-10|2.030700e-05|
| 577 |True   |  321  |9.814728e-06|1.761072e-05|1.346381e-10|2.108652e-07|
| 578 |True   |  328  |9.690435e-06|1.348067e-05|1.717719e-10|2.030056e-05|
| 579 |True   |  320  |9.954214e-06|2.152928e-05|1.517220e-10|1.440155e-05|
| 581 |True   |  324  |9.832840e-06|1.234216e-05|7.350287e-11|1.261524e-05|
| 580 |True   |  328  |9.950341e-06|1.499517e-05|1.514209e-10|1.437612e-05|
| 576 |True   |  342  |9.743474e-06|1.702992e-05|1.333542e-11|2.200480e-10|
| 582 |True   |  285  |9.628028e-06|3.050113e-05|1.397139e-10|1.390776e-05|
| 586 |True   |  310  |9.818835e-06|3.626647e-05|1.487717e-10|1.438036e-05|
| 588 |True   |  289  |9.377401e-06|2.842238e-05|1.363872e-10|1.405692e-05|
| 583 |True   |  327  |9.611444e-06|1.508791e-05|1.475307e-10|1.447382e-05|
| 585 |True   |  339  |9.366057e-06|1.186594e-05|1.654450e-10|2.034527e-05|
| 589 |True   |  314  |9.422531e-06|2.756108e-05|1.402320e-10|1.433123e-05|
| 587 |True   |  344  |9.033721e-06|1.497853e-05|1.057233e-11|2.468170e-10|
| 592 |True   |  329  |9.607901e-06|1.396947e-05|1.447077e-10|1.440011e-05|
| 591 |True   |  336  |9.286441e-06|1.178637e-05|1.382334e-10|1.441355e-05|
| 590 |True   |  328  |9.017012e-06|1.348067e-05|1.636603e-10|2.031267e-05|
| 584 |True   |  875  |9.553939e-06|1.205396e-05|1.425252e-10|1.429528e-05|
| 593 |True   |  281  |9.263502e-06|8.981450e-05|1.404675e-10|1.810928e-05|
| 595 |True   |  310  |9.907703e-06|3.564269e-05|1.500644e-10|1.433730e-05|
| 594 |True   |  311  |9.692623e-06|3.131638e-05|1.675643e-10|1.997131e-05|
| 596 |True   |  315  |9.376532e-06|2.686862e-05|1.397462e-10|1.437743e-05|
| 598 |True   |  314  |9.283654e-06|1.697825e-05|5.139381e-10|1.801329e-08|
| 599 |True   |  239  |9.298482e-06|2.338181e-04|5.396945e-10|1.881200e-08|
| 597 |True   |  245  |9.494385e-06|1.559649e-05|1.195703e-10|1.627067e-09|
| 603 |True   |  306  |9.976094e-06|3.639732e-05|1.512960e-10|1.434210e-05|
| 602 |True   |  332  |9.084351e-06|1.158424e-05|1.630561e-10|2.033647e-05|
| 601 |True   |  310  |9.012878e-06|3.479598e-05|1.591388e-10|2.026798e-05|
| 604 |True   |  329  |9.532581e-06|1.414692e-05|1.433033e-10|1.441204e-05|
| 605 |True   |  335  |9.271679e-06|1.177158e-05|1.651670e-10|2.028377e-05|
| 600 |True   |  331  |9.408867e-06|1.190892e-05|1.640571e-10|2.003247e-05|
| 608 |True   |  307  |9.748128e-06|3.866220e-05|1.694695e-10|1.991470e-05|
| 611 |True   |  328  |9.099528e-06|1.348067e-05|1.643866e-10|2.032196e-05|
| 606 |True   |  344  |9.267524e-06|1.680716e-05|1.392867e-11|8.285306e-11|
| 612 |True   |  333  |9.604631e-06|1.210452e-05|1.703310e-10|2.033818e-05|
| 614 |True   |  315  |8.122759e-06|2.898111e-05|1.660998e-11|1.196769e-09|
| 613 |True   |  313  |9.873801e-06|2.282964e-05|1.775171e-10|1.976948e-05|
| 607 |True   |  334  |9.477022e-06|1.197699e-05|1.416420e-10|1.436124e-05|
| 609 |True   |  335  |9.732616e-06|1.223397e-05|1.371696e-10|1.552643e-05|
| 610 |True   |  764  |9.923800e-06|1.273860e-05|1.507506e-10|1.436224e-05|
| 617 |True   |  346  |9.741293e-06|1.506061e-05|7.664555e-12|8.879022e-11|
| 620 |True   |  302  |9.654303e-06|1.980795e-05|1.436049e-10|1.421556e-05|
| 619 |True   |  333  |9.329735e-06|1.182966e-05|1.391239e-10|1.440667e-05|
| 615 |True   |  328  |9.429745e-06|1.348067e-05|1.661811e-10|2.033999e-05|
| 621 |True   |  328  |9.579515e-06|1.348067e-05|1.696667e-10|2.031783e-05|
| 616 |True   |  875  |9.856229e-06|1.235615e-05|1.498437e-10|1.440870e-05|
| 624 |True   |  335  |9.307736e-06|1.180766e-05|1.386085e-10|1.440074e-05|
| 618 |True   |  336  |9.318223e-06|1.181843e-05|1.369594e-10|1.438833e-05|
| 625 |True   |  333  |9.784593e-06|1.228470e-05|1.461795e-10|1.418957e-05|
| 626 |True   |  321  |9.014856e-06|1.849201e-05|1.563283e-10|2.002215e-05|
| 622 |True   |  332  |9.729609e-06|1.222954e-05|1.471425e-10|1.439474e-05|
| 627 |True   |  329  |9.687077e-06|1.664281e-05|1.153224e-11|1.487067e-09|
| 623 |True   |  328  |9.536659e-06|1.402429e-05|1.430339e-10|1.438002e-05|
| 629 |True   |  310  |9.414941e-06|1.849201e-05|1.710597e-10|2.028762e-05|
| 630 |True   |  348  |9.568386e-06|1.283366e-05|1.214587e-11|2.261918e-10|
| 631 |True   |  348  |9.385635e-06|1.226599e-05|8.417941e-12|5.024774e-10|
| 628 |True   |  327  |9.503178e-06|1.205949e-05|1.424282e-10|1.438852e-05|
| 633 |True   |  330  |9.235861e-06|1.213261e-05|1.626859e-10|2.033913e-05|
| 636 |True   |  340  |9.548784e-06|1.204872e-05|1.433874e-10|1.439074e-05|
| 637 |True   |  332  |9.690042e-06|1.223669e-05|1.459221e-10|1.436197e-05|
| 638 |True   |  340  |9.403359e-06|1.271761e-05|1.056778e-11|4.507947e-09|
| 639 |True   |  335  |9.706998e-06|1.220691e-05|1.468388e-10|1.440927e-05|
| 632 |True   |  338  |9.537321e-06|1.203724e-05|1.433455e-10|1.440766e-05|
| 640 |True   |  330  |9.518573e-06|1.201855e-05|1.661677e-10|2.012516e-05|
| 634 |True   |  334  |9.387104e-06|1.188703e-05|1.402893e-10|1.441062e-05|
| 635 |True   |  340  |9.268856e-06|1.176890e-05|1.365163e-10|1.426225e-05|
| 642 |True   |  329  |9.710622e-06|1.348067e-05|1.749637e-10|2.033055e-05|
| 643 |True   |  346  |9.768071e-06|1.447305e-05|2.200409e-12|3.949930e-11|
| 644 |True   |  328  |9.288448e-06|3.479598e-05|1.841916e-11|1.578760e-09|
| 645 |True   |  346  |9.086808e-06|1.348067e-05|1.290099e-11|3.273980e-10|
| 646 |True   |  351  |9.668636e-06|1.374896e-05|8.880805e-12|7.689835e-10|
| 641 |True   |  335  |9.691302e-06|1.219122e-05|1.464842e-10|1.440575e-05|
| 648 |True   |  330  |9.985566e-06|1.248556e-05|1.514342e-10|1.430982e-05|
| 647 |True   |  325  |9.917708e-06|1.639265e-05|1.498114e-10|1.428520e-05|
| 652 |True   |  322  |9.254683e-06|1.515173e-05|1.370707e-10|1.440540e-05|
| 651 |True   |  319  |9.717357e-06|2.282964e-05|1.770076e-10|2.028720e-05|
| 653 |True   |  352  |9.427970e-06|1.192792e-05|1.407601e-10|1.437137e-05|
| 650 |True   |  319  |9.386070e-06|1.529403e-05|1.401087e-10|1.439387e-05|
| 649 |True   |  328  |9.402368e-06|1.373385e-05|1.403455e-10|1.438162e-05|
| 655 |True   |  315  |9.421484e-06|1.420287e-05|1.261059e-10|1.702196e-05|
| 657 |True   |  331  |9.895802e-06|1.239568e-05|1.748287e-10|2.034466e-05|
| 658 |True   |  330  |9.690315e-06|1.278464e-05|1.461346e-10|1.437660e-05|
| 659 |True   |  343  |9.333242e-06|1.183316e-05|1.392052e-10|1.440788e-05|
| 654 |True   |  326  |9.068028e-06|1.348067e-05|1.633354e-10|2.001743e-05|
| 660 |True   |  346  |9.787053e-06|1.664281e-05|4.130138e-12|1.349623e-10|
| 661 |True   |  315  |9.998237e-06|2.818474e-05|1.822323e-10|2.029569e-05|
| 656 |True   |  326  |9.972615e-06|1.585013e-05|1.520290e-10|1.439084e-05|
| 664 |True   |  343  |9.200606e-06|1.170052e-05|1.423612e-10|1.474177e-05|
| 665 |True   |  309  |9.318361e-06|3.611397e-05|1.384060e-10|1.437518e-05|
| 666 |True   |  319  |9.473530e-06|1.739248e-05|1.413934e-10|1.434481e-05|
| 662 |True   |  302  |9.010205e-06|5.303456e-05|1.628472e-10|2.023431e-05|
| 667 |True   |  342  |9.489493e-06|1.198942e-05|1.422726e-10|1.439721e-05|
| 670 |True   |  305  |9.204986e-06|2.054668e-05|7.119662e-11|1.361297e-05|
| 669 |True   |  318  |9.574672e-06|1.922644e-05|1.434572e-10|1.434861e-05|
| 663 |True   |  334  |9.826276e-06|1.232628e-05|1.482282e-10|1.430987e-05|
| 672 |True   |  328  |9.163601e-06|1.349405e-05|1.598916e-10|1.851664e-05|
| 673 |True   |  313  |9.047540e-06|1.702000e-05|1.013976e-10|2.394044e-09|
| 668 |True   |  329  |9.802451e-06|1.348067e-05|1.771230e-10|2.034163e-05|
| 671 |True   |  333  |9.451821e-06|1.195174e-05|1.416684e-10|1.441239e-05|
| 674 |True   |  334  |9.462054e-06|1.196198e-05|1.417402e-10|1.440012e-05|
| 677 |True   |  314  |9.432027e-06|1.776630e-05|1.410303e-10|1.439597e-05|
| 678 |True   |  331  |9.893963e-06|1.273667e-05|1.504789e-10|1.439346e-05|
| 679 |True   |  325  |9.559223e-06|1.849201e-05|8.355974e-12|4.387343e-11|
| 676 |True   |  330  |9.730822e-06|1.223078e-05|1.698613e-10|1.837712e-05|
| 680 |True   |  335  |9.653017e-06|1.215294e-05|1.456422e-10|1.440402e-05|
| 675 |True   |  333  |9.869577e-06|1.236950e-05|1.500182e-10|1.439902e-05|
| 681 |True   |  320  |9.134170e-06|2.054668e-05|1.614897e-10|2.030459e-05|
| 682 |True   |  244  |9.165637e-06|2.282964e-05|3.988448e-10|9.583689e-09|
| 683 |True   |  301  |9.229498e-06|5.303456e-05|1.609422e-10|2.008838e-05|
| 685 |True   |  305  |9.809504e-06|4.295800e-05|1.694503e-10|1.992243e-05|
| 686 |True   |  350  |9.572627e-06|1.342757e-05|1.085485e-10|2.910496e-08|
| 689 |True   |  337  |9.712448e-06|1.221241e-05|1.695763e-10|2.016324e-05|
| 690 |True   |  335  |9.132369e-06|1.213261e-05|1.576165e-10|1.994739e-05|
| 691 |True   |  323  |9.463424e-06|1.576566e-05|1.719233e-12|2.959616e-08|
| 684 |True   |  323  |9.617065e-06|1.866791e-05|1.448038e-10|1.439097e-05|
| 688 |True   |  311  |9.487848e-06|3.231135e-05|1.415241e-10|1.433663e-05|
| 687 |True   |  330  |9.484344e-06|1.213261e-05|1.660542e-10|2.019867e-05|
| 692 |True   |  469  |9.264216e-06|1.176414e-05|1.377837e-10|1.440745e-05|
| 693 |True   |  329  |8.883381e-06|3.092471e-05|3.211916e-10|1.023260e-07|
| 694 |True   |  322  |9.479122e-06|1.489502e-05|1.312852e-10|1.371491e-07|
| 697 |True   |  326  |9.373671e-06|1.348067e-05|1.680727e-10|2.026641e-05|
| 695 |True   |  332  |9.493772e-06|1.199370e-05|1.423237e-10|1.439288e-05|
| 696 |True   |  332  |9.911232e-06|1.768912e-05|9.169062e-11|9.986538e-07|
| 698 |True   |  322  |9.848822e-06|4.773111e-05|6.949314e-12|6.791143e-11|
| 700 |True   |  323  |9.951330e-06|1.849201e-05|1.777107e-10|2.033427e-05|
| 702 |True   |  227  |9.394259e-06|1.664281e-05|3.901084e-10|1.196034e-08|
| 703 |True   |  323  |8.870201e-06|1.281445e-05|4.565160e-13|2.272839e-11|
| 704 |True   |  308  |9.666788e-06|3.479598e-05|1.451834e-11|4.297907e-09|
| 705 |True   |  309  |9.517136e-06|3.554482e-05|1.411701e-10|1.429308e-05|
| 699 |True   |  330  |9.195514e-06|1.213261e-05|1.621555e-10|2.036140e-05|
| 701 |True   |  304  |9.414394e-06|1.891615e-05|1.403480e-10|1.436249e-05|
| 710 |True   |  324  |9.958462e-06|1.728913e-05|1.507199e-10|1.441859e-05|
| 711 |True   |  330  |9.408997e-06|1.213261e-05|1.648476e-10|2.015014e-05|
| 706 |True   |  627  |9.781762e-06|1.413496e-05|5.866516e-12|4.679136e-11|
| 712 |True   |  329  |9.723004e-06|1.348067e-05|1.760356e-10|2.032937e-05|
| 707 |True   |  327  |9.516611e-06|1.481779e-05|1.422846e-10|1.434278e-05|
| 708 |True   |  342  |9.268987e-06|1.704400e-05|1.448440e-11|1.524286e-09|
| 713 |True   |  335  |9.374808e-06|1.187481e-05|1.394063e-10|1.437583e-05|
| 709 |True   |  330  |9.040301e-06|1.213261e-05|1.600148e-10|2.035204e-05|
| 714 |True   |  340  |9.521283e-06|1.666639e-05|1.931391e-12|2.779101e-09|
| 717 |True   |  328  |9.341321e-06|1.393834e-05|1.391353e-10|1.439084e-05|
| 718 |True   |  341  |9.424849e-06|1.192484e-05|1.402407e-10|1.432854e-05|
| 719 |True   |  358  |9.694570e-06|1.430813e-05|8.759938e-10|1.418849e-05|
| 715 |True   |  308  |9.240210e-06|1.849201e-05|1.645909e-10|2.029972e-05|
| 720 |True   |  322  |9.663327e-06|1.849201e-05|1.693037e-10|2.023194e-05|
| 722 |True   |  330  |9.074287e-06|1.213261e-05|1.608938e-10|2.028251e-05|
| 716 |True   |  326  |9.257156e-06|1.232347e-05|1.374838e-10|1.439332e-05|
| 723 |True   |  330  |9.229620e-06|1.172960e-05|1.608790e-10|2.011766e-05|
| 725 |True   |  330  |9.729628e-06|1.310377e-05|1.471361e-10|1.439420e-05|
| 726 |True   |  322  |9.480978e-06|1.887543e-05|1.421067e-10|1.440438e-05|
| 727 |True   |  319  |9.993471e-06|1.310709e-05|1.468182e-10|1.386582e-05|
| 724 |True   |  336  |9.629820e-06|1.568500e-05|3.264065e-12|4.200060e-09|
| 729 |True   |  324  |9.507170e-06|1.664281e-05|1.702651e-10|2.031334e-05|
| 730 |True   |  332  |9.967976e-06|1.246794e-05|1.514964e-10|1.435007e-05|
| 732 |True   |  331  |9.839391e-06|1.233927e-05|1.734191e-10|2.035165e-05|
| 733 |True   |  321  |9.033467e-06|1.849201e-05|1.571153e-10|2.006421e-05|
| 735 |True   |  258  |9.892947e-06|1.686652e-05|1.459862e-10|1.404376e-05|
| 728 |True   |  322  |9.611186e-06|1.578254e-05|1.447923e-10|1.440253e-05|
| 734 |True   |  317  |9.903383e-06|1.338820e-05|7.584897e-10|2.316979e-07|
| 731 |True   |  315  |9.084067e-06|2.536627e-05|1.578112e-10|2.006377e-05|
| 721 |True   |  772  |9.988485e-06|1.248845e-05|1.518888e-10|1.434616e-05|
| 737 |True   |  315  |9.194130e-06|2.054668e-05|1.547929e-10|1.947818e-05|
| 738 |True   |  327  |9.357280e-06|1.285736e-05|1.393657e-10|1.438192e-05|
| 739 |True   |  331  |9.361208e-06|1.317525e-05|1.397902e-10|1.440998e-05|
| 736 |True   |  270  |9.356752e-06|1.341314e-05|8.812809e-10|9.150635e-09|
| 740 |True   |  350  |9.145685e-06|1.297099e-05|1.032506e-11|1.240149e-10|
| 741 |True   |  335  |9.484304e-06|1.198434e-05|1.415569e-10|1.441883e-05|
| 744 |True   |  332  |9.440882e-06|1.213261e-05|1.666419e-10|2.026565e-05|
| 742 |True   |  285  |9.947685e-06|3.131638e-05|1.670206e-10|1.937181e-05|
| 743 |True   |  350  |9.110204e-06|1.196786e-05|7.973760e-12|3.269172e-10|
| 746 |True   |  311  |9.367581e-06|1.429958e-05|2.619284e-10|8.512345e-06|
| 745 |True   |  336  |9.472836e-06|1.197274e-05|1.679864e-10|2.031883e-05|
| 747 |True   |  306  |9.305532e-06|2.165019e-05|1.347922e-10|1.400523e-05|
| 751 |True   |  342  |9.264089e-06|1.176403e-05|1.375895e-10|1.439444e-05|
| 753 |True   |  340  |9.348680e-06|1.184862e-05|1.394343e-10|1.441522e-05|
| 754 |True   |  328  |9.280227e-06|1.348067e-05|1.631156e-10|2.028294e-05|
| 748 |True   |  333  |9.925781e-06|1.242570e-05|1.512360e-10|1.441029e-05|
| 755 |True   |  334  |9.503227e-06|1.200315e-05|1.426673e-10|1.441199e-05|
| 749 |True   |  334  |9.543718e-06|1.889847e-05|7.659902e-10|2.377262e-04|
| 756 |True   |  319  |9.304466e-06|2.282964e-05|1.211562e-10|1.476365e-05|
| 750 |True   |  317  |9.852067e-06|1.349566e-05|1.729522e-10|1.832911e-05|
| 752 |True   |  770  |9.328493e-06|1.182844e-05|1.387749e-10|1.437491e-05|
| 759 |True   |  331  |9.430748e-06|1.193084e-05|1.393499e-10|1.421856e-05|
| 760 |True   |  332  |9.403446e-06|1.190338e-05|1.653298e-10|2.021003e-05|
| 758 |True   |  332  |9.172349e-06|1.167224e-05|1.647870e-10|2.033783e-05|
| 764 |True   |  333  |9.700558e-06|1.220046e-05|1.721539e-10|2.028735e-05|
| 757 |True   |  303  |9.015632e-06|6.547477e-05|7.808979e-11|1.507856e-05|
| 766 |True   |  312  |9.404762e-06|2.743452e-05|1.392101e-10|1.426402e-05|
| 762 |True   |  329  |9.249827e-06|1.394321e-05|2.396153e-12|1.035369e-10|
| 763 |True   |  348  |9.568242e-06|1.428013e-05|2.141448e-12|8.776365e-11|
| 765 |True   |  336  |9.391201e-06|1.764249e-05|1.509514e-11|2.616325e-10|
| 761 |True   |  338  |9.553531e-06|2.054668e-05|1.316494e-11|6.585435e-11|
| 768 |True   |  304  |9.976947e-06|1.811185e-05|1.513815e-10|1.432890e-05|
| 767 |True   |  344  |9.797395e-06|1.229728e-05|1.767851e-10|2.033771e-05|
| 770 |True   |  334  |9.857489e-06|1.235756e-05|1.479867e-10|1.422315e-05|
| 772 |True   |  326  |9.452134e-06|1.277513e-05|7.808352e-10|2.920684e-07|
| 774 |True   |  333  |9.594079e-06|1.628748e-05|6.784837e-10|1.221393e-07|
| 769 |True   |  323  |9.638287e-06|1.715578e-05|1.435587e-10|1.422839e-05|
| 771 |True   |  333  |9.438936e-06|1.315773e-05|1.407349e-10|1.434515e-05|
| 775 |True   |  328  |9.237656e-06|1.348067e-05|1.638118e-10|2.034962e-05|
| 778 |True   |  308  |9.491770e-06|1.199172e-05|1.662840e-10|2.018196e-05|
| 777 |True   |  322  |9.139607e-06|1.849201e-05|1.605999e-10|2.028932e-05|
| 773 |True   |  311  |9.408286e-06|1.497853e-05|1.683227e-10|2.026182e-05|
| 779 |True   |  321  |9.907474e-06|2.054668e-05|1.770903e-10|2.028949e-05|
| 776 |True   |  330  |9.244751e-06|1.213261e-05|1.640650e-10|2.022926e-05|
| 780 |True   |  327  |9.808086e-06|1.230799e-05|1.730505e-10|2.029509e-05|
| 783 |True   |  331  |9.978021e-06|1.314690e-05|1.522062e-10|1.440124e-05|
| 781 |True   |  344  |9.290540e-06|1.179049e-05|1.380199e-10|1.437564e-05|
| 785 |True   |  345  |9.300631e-06|1.180057e-05|1.383844e-10|1.440017e-05|
| 786 |True   |  325  |9.994311e-06|1.320396e-05|1.514978e-10|1.429766e-05|
| 787 |True   |  323  |9.370561e-06|1.497853e-05|1.627534e-10|2.001953e-05|
| 788 |True   |  332  |9.542573e-06|1.204251e-05|1.432720e-10|1.439607e-05|
| 782 |True   |  330  |9.852370e-06|1.235233e-05|1.493296e-10|1.437787e-05|
| 790 |True   |  318  |9.439069e-06|2.376034e-05|1.411038e-10|1.438512e-05|
| 784 |True   |  320  |9.252996e-06|2.054668e-05|1.643007e-10|2.024640e-05|
| 791 |True   |  335  |9.840380e-06|1.234031e-05|1.494158e-10|1.440768e-05|
| 794 |True   |  331  |9.864684e-06|1.236464e-05|1.731079e-10|2.015725e-05|
| 793 |True   |  334  |9.567967e-06|1.206789e-05|1.438918e-10|1.439970e-05|
| 789 |True   |  299  |9.829529e-06|6.037585e-05|1.471695e-10|1.421676e-05|
| 795 |True   |  305  |9.933352e-06|1.497853e-05|1.785482e-10|2.023009e-05|
| 796 |True   |  367  |8.994131e-06|1.476168e-05|5.096116e-12|3.314518e-09|
| 798 |True   |  330  |9.423194e-06|1.250521e-05|1.409861e-10|1.440363e-05|
| 792 |True   |  327  |9.474699e-06|1.418918e-05|1.403552e-10|1.430527e-05|
| 800 |True   |  315  |9.859411e-06|2.749322e-05|1.489054e-10|1.440087e-05|
| 801 |True   |  298  |9.920494e-06|2.095593e-05|1.502219e-10|1.432534e-05|
| 802 |True   |  333  |9.023089e-06|1.849201e-05|3.095595e-13|3.396755e-09|
| 797 |True   |  328  |9.684323e-06|1.348067e-05|1.698544e-10|2.018806e-05|
| 804 |True   |  338  |9.208553e-06|1.170844e-05|1.648784e-10|2.032791e-05|
| 799 |True   |  295  |9.469283e-06|2.282964e-05|1.538241e-10|1.837004e-05|
| 806 |True   |  298  |9.517820e-06|6.119091e-05|1.403247e-10|1.432677e-05|
| 805 |True   |  330  |9.232462e-06|1.213261e-05|1.665169e-10|2.033712e-05|
| 808 |True   |  326  |9.730695e-06|1.650581e-05|1.469559e-10|1.437678e-05|
| 803 |True   |  325  |9.758633e-06|1.706501e-05|1.478093e-10|1.440491e-05|
| 809 |True   |  328  |9.299751e-06|2.008447e-05|3.374343e-11|1.717358e-09|
| 810 |True   |  321  |9.503026e-06|2.054668e-05|1.225999e-11|2.284766e-08|
| 812 |True   |  326  |9.631394e-06|1.587624e-05|1.448986e-10|1.437128e-05|
| 814 |True   |  284  |9.339490e-06|1.339148e-05|9.757508e-10|4.035836e-08|
| 807 |True   |  310  |9.636458e-06|1.371220e-05|1.442925e-10|1.431325e-05|
| 815 |True   |  337  |9.947032e-06|1.244691e-05|1.798252e-10|2.033166e-05|
| 816 |True   |  311  |9.316642e-06|2.054668e-05|1.652672e-10|2.022783e-05|
| 818 |True   |  366  |9.869559e-06|1.260855e-05|6.058506e-12|8.875070e-10|
| 811 |True   |  346  |9.620163e-06|1.348067e-05|1.208570e-11|2.184851e-10|
| 813 |True   |  336  |9.350666e-06|1.186856e-05|2.258949e-10|1.501307e-05|
| 819 |True   |  344  |9.062322e-06|1.156225e-05|1.606515e-10|2.026191e-05|
| 820 |True   |  321  |9.641192e-06|1.664281e-05|1.640227e-10|1.965740e-05|
| 821 |True   |  332  |9.907617e-06|2.818474e-05|7.774205e-12|2.607332e-09|
| 823 |True   |  318  |5.647737e-06|6.018595e-05|9.367517e-12|1.839203e-09|
| 817 |True   |  329  |9.825035e-06|1.377528e-05|1.488158e-10|1.437348e-05|
| 824 |True   |  348  |8.869127e-06|1.352742e-05|2.577739e-12|3.616871e-11|
| 825 |True   |  310  |9.271505e-06|3.479598e-05|1.666210e-10|2.023522e-05|
| 822 |True   |  252  |9.524712e-06|1.664281e-05|8.490169e-10|1.392563e-08|
| 828 |True   |  339  |9.224946e-06|1.172483e-05|1.628629e-10|2.034732e-05|
| 829 |True   |  331  |9.844960e-06|2.282964e-05|6.590472e-10|1.434795e-05|
| 830 |True   |  333  |9.297394e-06|1.302182e-05|1.541502e-10|5.866224e-08|
| 831 |True   |  302  |9.362657e-06|5.022188e-05|1.370032e-10|1.439194e-05|
| 826 |True   |  326  |9.338734e-06|1.497853e-05|1.684041e-10|2.028780e-05|
| 827 |True   |  329  |9.770895e-06|1.377698e-05|3.461192e-11|8.047836e-10|
| 833 |True   |  330  |9.247843e-06|1.197935e-05|8.749611e-10|5.991859e-05|
| 834 |True   |  319  |9.605377e-06|1.210534e-05|1.443320e-10|1.437560e-05|
| 836 |True   |  316  |9.854852e-06|2.612108e-05|1.493407e-10|1.436963e-05|
| 838 |True   |  303  |9.841190e-06|2.282964e-05|1.644644e-10|1.921893e-05|
| 832 |True   |  336  |9.959039e-06|1.348067e-05|1.810003e-10|2.030893e-05|
| 835 |True   |  339  |9.562956e-06|1.420559e-05|1.836719e-10|2.663898e-07|
| 837 |True   |  348  |9.899445e-06|1.277813e-05|8.806591e-12|3.538873e-10|
| 839 |True   |  333  |9.217654e-06|1.171766e-05|1.603242e-10|2.003769e-05|
| 842 |True   |  316  |9.502168e-06|2.040854e-05|1.417458e-10|1.435869e-05|
| 841 |True   |  328  |9.206585e-06|1.348067e-05|1.652314e-10|2.036416e-05|
| 844 |True   |  340  |9.746040e-06|1.224597e-05|1.474992e-10|1.439703e-05|
| 845 |True   |  330  |9.491187e-06|1.213261e-05|1.700684e-10|2.033585e-05|
| 846 |True   |  334  |9.776519e-06|1.227643e-05|1.482689e-10|1.441093e-05|
| 847 |True   |  316  |9.315127e-06|2.536627e-05|1.643308e-10|2.028461e-05|
| 843 |True   |  326  |9.029551e-06|1.497853e-05|1.617510e-10|2.030213e-05|
| 840 |True   |  338  |9.511805e-06|1.201172e-05|1.696969e-10|2.028016e-05|
| 850 |True   |  331  |9.673086e-06|1.217297e-05|1.710838e-10|2.033908e-05|
| 851 |True   |  316  |9.464336e-06|2.536627e-05|1.678278e-10|1.990415e-05|
| 853 |True   |  331  |9.485365e-06|1.240634e-05|1.421406e-10|1.439094e-05|
| 848 |True   |  328  |9.793118e-06|1.456581e-05|1.476081e-10|1.435810e-05|
| 854 |True   |  329  |9.920241e-06|1.348067e-05|1.809238e-10|2.034291e-05|
| 852 |True   |  324  |9.265439e-06|1.701256e-05|1.370058e-10|1.432197e-05|
| 849 |True   |  344  |9.316084e-06|1.227076e-05|9.532468e-12|2.075413e-10|
| 855 |True   |  333  |9.685929e-06|1.218601e-05|1.452195e-10|1.439140e-05|
| 858 |True   |  332  |9.353970e-06|1.185402e-05|1.385011e-10|1.431607e-05|
| 859 |True   |  331  |9.042308e-06|1.154231e-05|1.575019e-10|2.007828e-05|
| 856 |True   |  348  |9.355397e-06|1.317888e-05|1.049740e-11|8.319718e-11|
| 857 |True   |  329  |9.478031e-06|1.440194e-05|1.419422e-10|1.440498e-05|
| 862 |True   |  324  |9.613080e-06|1.664281e-05|1.717662e-10|2.020334e-05|
| 860 |True   |  325  |9.359433e-06|1.692037e-05|1.395308e-10|1.438664e-05|
| 863 |True   |  318  |9.351590e-06|2.282964e-05|1.646205e-10|2.031992e-05|
| 865 |True   |  334  |9.117089e-06|1.161703e-05|1.596954e-10|2.022439e-05|
| 864 |True   |  316  |9.930075e-06|2.536627e-05|1.746852e-10|2.012183e-05|
| 861 |True   |  209  |9.334860e-06|2.536627e-05|8.472055e-10|9.319476e-09|
| 866 |True   |  323  |9.658986e-06|1.474975e-05|1.457104e-10|1.439763e-05|
| 872 |True   |  340  |9.410626e-06|1.191056e-05|1.406847e-10|1.440896e-05|
| 867 |True   |  230  |9.831599e-06|4.846925e-04|1.519628e-10|1.779409e-05|
| 870 |True   |  348  |9.175199e-06|1.317531e-05|7.026170e-12|2.517941e-10|
| 873 |True   |  279  |9.409443e-06|1.521016e-04|1.536160e-10|1.887737e-05|
| 871 |True   |  315  |9.837035e-06|1.849201e-05|1.708296e-10|2.004522e-05|
| 868 |True   |  339  |9.263378e-06|1.311761e-05|4.596872e-10|5.622110e-08|
| 874 |True   |  328  |9.125152e-06|1.213261e-05|1.608649e-10|2.027565e-05|
| 876 |True   |  303  |9.515263e-06|4.906539e-05|1.423372e-10|1.436575e-05|
| 869 |True   |  330  |9.565153e-06|1.206513e-05|1.689415e-10|2.011340e-05|
| 875 |True   |  276  |9.968306e-06|2.086442e-04|1.682011e-10|1.901017e-05|
| 879 |True   |  320  |9.658779e-06|2.054668e-05|1.729398e-10|2.024664e-05|
| 882 |True   |  294  |9.915524e-06|4.055839e-05|1.472832e-10|1.405762e-05|
| 877 |True   |  333  |9.706876e-06|1.220680e-05|1.467774e-10|1.440706e-05|
| 883 |True   |  317  |9.660484e-06|1.348067e-05|1.668055e-10|1.986385e-05|
| 880 |True   |  323  |9.074281e-06|1.664281e-05|1.623083e-10|2.018608e-05|
| 881 |True   |  329  |9.752978e-06|1.225306e-05|1.679887e-10|1.990502e-05|
| 884 |True   |  309  |9.583049e-06|3.620155e-05|1.435776e-10|1.434081e-05|
| 878 |True   |  323  |9.823201e-06|1.849201e-05|1.763523e-10|2.033814e-05|
| 887 |True   |  332  |9.492937e-06|1.199284e-05|1.669525e-10|2.029794e-05|
| 888 |True   |  322  |9.472056e-06|1.849201e-05|1.691116e-10|2.032976e-05|
| 890 |True   |  318  |9.642876e-06|1.295980e-05|1.410005e-10|1.393905e-05|
| 889 |True   |  324  |9.489902e-06|1.664281e-05|1.694930e-10|2.014149e-05|
| 891 |True   |  329  |9.558843e-06|2.282964e-05|1.975973e-10|2.836930e-07|
| 885 |True   |  332  |9.136758e-06|1.163665e-05|1.610420e-10|2.035256e-05|
| 892 |True   |  320  |9.770009e-06|2.200304e-05|1.479387e-10|1.439864e-05|
| 886 |True   |  335  |9.239970e-06|1.434045e-05|7.867266e-11|8.335964e-07|
| 895 |True   |  334  |9.829108e-06|2.536627e-05|2.063668e-11|1.215259e-10|
| 896 |True   |  314  |9.473548e-06|2.832531e-05|1.428668e-10|1.439759e-05|
| 898 |True   |  309  |9.610830e-06|3.728181e-05|1.440883e-10|1.434998e-05|
| 897 |True   |  334  |9.756409e-06|1.225637e-05|1.474259e-10|1.438702e-05|
| 893 |True   |  335  |9.545957e-06|1.450579e-05|2.081868e-10|1.436974e-05|
| 894 |True   |  332  |9.343819e-06|1.184372e-05|1.656224e-10|2.032960e-05|
| 899 |True   |  336  |9.519769e-06|1.201970e-05|1.429409e-10|1.441026e-05|
| 901 |True   |  318  |9.188951e-06|2.282964e-05|1.638607e-10|2.027397e-05|
| 900 |True   |  298  |9.514779e-06|7.274974e-05|2.449020e-10|3.167979e-05|
| 903 |True   |  361  |9.903057e-06|1.341833e-05|1.249858e-11|2.176408e-10|
| 904 |True   |  331  |9.458557e-06|1.213261e-05|1.714136e-10|2.034685e-05|
| 902 |True   |  348  |9.198777e-06|1.260933e-05|1.204530e-11|2.819580e-10|
| 906 |True   |  346  |9.023873e-06|1.514410e-05|7.661013e-12|2.463604e-10|
| 905 |True   |  316  |9.929459e-06|6.547477e-05|4.391839e-11|2.126857e-10|
| 909 |True   |  328  |9.691126e-06|3.479598e-05|2.734851e-11|7.918479e-10|
| 912 |True   |  339  |9.202338e-06|1.170222e-05|1.650958e-10|2.035135e-05|
| 914 |True   |  314  |9.326232e-06|2.818474e-05|1.637347e-10|2.026476e-05|
| 913 |True   |  329  |9.829604e-06|1.232949e-05|1.735624e-10|2.033659e-05|
| 907 |True   |  324  |9.600313e-06|1.416663e-05|1.428419e-10|1.422555e-05|
| 908 |True   |  331  |9.622203e-06|1.273812e-05|1.447189e-10|1.438965e-05|
| 915 |True   |  329  |9.954133e-06|1.348067e-05|1.750905e-10|2.031127e-05|
| 916 |True   |  333  |9.259443e-06|1.175940e-05|1.373569e-10|1.437308e-05|
| 917 |True   |  329  |9.363377e-06|1.347302e-05|1.393655e-10|1.436125e-05|
| 910 |True   |  320  |9.037979e-06|2.054668e-05|1.635774e-10|2.024412e-05|
| 911 |True   |  341  |9.640991e-06|1.214088e-05|1.732235e-10|1.946404e-05|
| 919 |True   |  323  |9.859539e-06|1.235983e-05|1.457471e-10|1.409956e-05|
| 918 |True   |  344  |8.496565e-06|1.666253e-05|1.480369e-11|7.139748e-10|
| 923 |True   |  279  |9.993990e-06|1.877933e-04|1.723789e-10|1.795344e-05|
| 920 |True   |  350  |9.567495e-06|1.284350e-05|1.220706e-11|1.249221e-10|
| 924 |True   |  305  |9.312114e-06|4.423439e-05|1.377717e-10|1.432214e-05|
| 925 |True   |  351  |9.453510e-06|1.215327e-05|5.052422e-12|5.199439e-10|
| 921 |True   |  326  |9.131518e-06|1.508453e-05|1.380656e-10|1.448641e-05|
| 922 |True   |  316  |9.786147e-06|1.676376e-05|1.481118e-10|1.440532e-05|
| 929 |True   |  299  |9.307577e-06|4.478997e-05|8.387856e-10|7.437344e-07|
| 931 |True   |  347  |9.009496e-06|1.235973e-05|1.174318e-11|3.668192e-10|
| 932 |True   |  306  |9.988915e-06|4.295800e-05|1.749874e-10|2.020482e-05|
| 926 |True   |  322  |9.189961e-06|1.849201e-05|1.657982e-10|2.028989e-05|
| 934 |True   |  254  |9.793111e-06|1.664281e-05|8.618238e-10|7.777985e-08|
| 933 |True   |  333  |9.293487e-06|1.179341e-05|1.384070e-10|1.440946e-05|
| 927 |True   |  312  |9.317041e-06|1.181736e-05|1.350928e-10|1.402885e-05|
| 928 |True   |  324  |9.925661e-06|1.832678e-05|1.510850e-10|1.439358e-05|
| 930 |True   |  332  |9.137137e-06|1.163705e-05|1.609309e-10|2.027296e-05|
| 935 |True   |  347  |9.572743e-06|1.237114e-05|7.084037e-12|9.875084e-10|
| 936 |True   |  346  |9.404040e-06|1.201063e-05|6.971619e-10|2.947407e-07|
| 937 |True   |  301  |9.051231e-06|4.773111e-05|1.557605e-10|1.968809e-05|
| 938 |True   |  333  |9.979092e-06|1.247900e-05|1.790241e-10|2.023550e-05|
| 941 |True   |  297  |9.302069e-06|3.131638e-05|1.563466e-10|1.907149e-05|
| 940 |True   |  344  |9.624856e-06|1.545834e-05|6.039976e-12|6.823469e-11|
| 943 |True   |  326  |9.995436e-06|1.514460e-05|9.827380e-11|1.120459e-09|
| 946 |True   |  329  |9.618770e-06|1.348067e-05|1.739984e-10|2.032471e-05|
| 947 |True   |  322  |9.097842e-06|1.849201e-05|1.600968e-10|2.029948e-05|
| 939 |True   |  328  |9.265670e-06|1.348067e-05|1.634256e-10|2.026457e-05|
| 948 |True   |  331  |9.701490e-06|1.220139e-05|1.737793e-10|2.029870e-05|
| 942 |True   |  316  |9.306736e-06|2.084910e-05|1.376093e-10|1.434204e-05|
| 949 |True   |  321  |9.469965e-06|1.394790e-05|8.364967e-10|2.126108e-08|
| 950 |True   |  328  |9.518127e-06|1.348067e-05|1.702938e-10|2.030167e-05|
| 945 |True   |  332  |9.836110e-06|2.818474e-05|1.459842e-11|1.762844e-10|
| 944 |True   |  333  |9.319835e-06|1.181974e-05|1.677488e-10|2.030518e-05|
| 951 |True   |  343  |9.553505e-06|1.205343e-05|1.436556e-10|1.440498e-05|
| 953 |True   |  332  |9.911376e-06|1.241132e-05|1.505522e-10|1.436628e-05|
| 955 |True   |  330  |9.984635e-06|1.324801e-05|1.508341e-10|1.444255e-05|
| 954 |True   |  340  |9.903087e-06|1.240310e-05|1.496166e-10|1.429303e-05|
| 952 |True   |  325  |9.559405e-06|1.497853e-05|1.659306e-10|1.999811e-05|
| 957 |True   |  314  |9.553422e-06|2.818474e-05|1.717543e-10|2.027124e-05|
| 960 |True   |  319  |9.534973e-06|1.348067e-05|1.703269e-10|2.032864e-05|
| 961 |True   |  332  |9.268828e-06|1.176874e-05|1.379680e-10|1.441451e-05|
| 956 |True   |  320  |9.722408e-06|2.054668e-05|1.707303e-10|2.021474e-05|
| 962 |True   |  330  |9.328244e-06|1.213261e-05|1.683021e-10|2.033335e-05|
| 959 |True   |  327  |9.359290e-06|1.347726e-05|1.210753e-10|1.835823e-05|
| 958 |True   |  333  |9.562049e-06|1.206197e-05|1.438107e-10|1.440604e-05|
| 963 |True   |  296  |9.284479e-06|2.513176e-05|8.024871e-10|2.091165e-08|
| 966 |True   |  306  |9.595055e-06|4.295800e-05|1.673742e-10|2.014246e-05|
| 964 |True   |  342  |9.805950e-06|1.664281e-05|1.524412e-11|1.955136e-10|
| 967 |True   |  332  |9.125960e-06|1.162585e-05|1.651816e-10|2.034796e-05|
| 968 |True   |  327  |9.325347e-06|1.546731e-05|1.389469e-10|1.440717e-05|
| 965 |True   |  333  |9.596191e-06|1.209612e-05|1.693877e-10|2.020670e-05|
| 970 |True   |  326  |9.588755e-06|1.570467e-05|1.442370e-10|1.439113e-05|
| 969 |True   |  337  |9.339122e-06|1.183929e-05|1.606954e-10|1.967559e-05|
| 972 |True   |  318  |9.777208e-06|2.392727e-05|1.481706e-10|1.440210e-05|
| 971 |True   |  341  |9.607453e-06|1.210733e-05|1.751806e-10|2.034170e-05|
| 976 |True   |  338  |9.069608e-06|1.156950e-05|1.597871e-10|2.034352e-05|
| 977 |True   |  298  |9.701874e-06|1.323917e-05|1.150123e-10|1.252093e-09|
| 974 |True   |  340  |9.599240e-06|1.849201e-05|1.692110e-11|1.144999e-09|
| 979 |True   |  329  |9.723408e-06|1.348067e-05|1.756626e-10|2.026646e-05|
| 973 |True   |  348  |9.152159e-06|1.356786e-05|4.999914e-12|3.484373e-11|
| 975 |True   |  343  |9.483204e-06|1.198315e-05|1.419927e-10|1.438383e-05|
| 981 |True   |  300  |9.609545e-06|5.892729e-05|1.683447e-10|2.004567e-05|
| 980 |True   |  324  |9.367593e-06|1.664281e-05|1.679035e-10|2.029046e-05|
| 982 |True   |  288  |9.824068e-06|3.621086e-05|1.354759e-10|1.317227e-05|
| 983 |True   |  316  |9.093626e-06|2.536627e-05|1.598186e-10|2.027449e-05|
| 984 |True   |  336  |9.780037e-06|1.227995e-05|1.482936e-10|1.440773e-05|
| 978 |True   |  328  |9.231238e-06|1.368894e-05|1.369778e-10|1.439600e-05|
| 990 |True   |  254  |9.765969e-06|2.070493e-05|8.058848e-10|2.265570e-08|
| 986 |True   |  350  |8.975876e-06|1.271936e-05|1.019144e-11|8.717427e-10|
| 989 |True   |  346  |9.452960e-06|1.195289e-05|1.415720e-10|1.440198e-05|
| 991 |True   |  360  |9.575392e-06|1.207582e-05|1.408398e-10|1.454706e-05|
| 992 |True   |  329  |9.331776e-06|1.302895e-05|1.337715e-10|1.446441e-05|
| 993 |True   |  315  |9.723303e-06|2.637524e-05|1.455806e-10|1.425497e-05|
| 985 |True   |  333  |9.717850e-06|1.221773e-05|1.761010e-10|2.034180e-05|
| 988 |True   |  334  |9.255781e-06|2.315708e-05|2.238046e-12|2.663919e-11|
| 987 |True   |  333  |9.686651e-06|1.218658e-05|1.463629e-10|1.441166e-05|
| 996 |True   |  318  |9.201134e-06|2.286524e-05|1.521127e-10|1.645249e-05|
| 995 |True   |  329  |9.888199e-06|1.398402e-05|1.504597e-10|1.440426e-05|
| 997 |True   |  328  |9.161539e-06|1.348067e-05|1.659332e-10|2.031066e-05|
| 994 |True   |  286  |9.566296e-06|2.501329e-05|4.010752e-10|3.108675e-09|
| 998 |True   |  331  |9.760490e-06|1.226047e-05|1.470831e-10|1.432929e-05|
| 999 |True   |  340  |9.972418e-06|1.849201e-05|8.601824e-12|1.123416e-10|
