|seed |success|  nit  |  mu_check  |   mu_sum   |   G_norm   | step_norm  |
|  2  |True   |  347  |9.950093e-06|1.004910e-05|7.457910e-12|2.495403e-05|
|  0  |True   |  348  |9.980630e-06|1.007963e-05|1.200657e-11|3.532757e-05|
|  1  |True   |  347  |9.988237e-06|1.010330e-05|1.217691e-11|3.532023e-05|
|  3  |True   |  377  |9.983828e-06|1.011535e-05|3.749331e-12|1.495936e-09|
|  5  |True   |  353  |9.999341e-06|1.009835e-05|8.490131e-12|2.506660e-05|
|  6  |True   |  377  |9.977102e-06|1.013522e-05|4.170970e-12|7.572883e-10|
|  8  |True   |  378  |9.981126e-06|1.032770e-05|6.942960e-10|4.337827e-05|
|  4  |True   |  391  |9.948218e-06|1.005767e-05|3.420287e-10|3.042252e-05|
| 10  |True   |  380  |9.997392e-06|1.017179e-05|3.409113e-10|3.815636e-05|
| 12  |True   |  347  |9.925343e-06|1.002435e-05|1.062348e-11|3.331176e-05|
|  9  |True   |  381  |9.899448e-06|1.011623e-05|6.583180e-10|3.551911e-05|
| 11  |True   |  411  |9.952697e-06|1.017702e-05|6.750431e-10|4.571512e-05|
|  7  |True   |  468  |9.950711e-06|1.004971e-05|1.014240e-11|3.224958e-05|
| 13  |True   |  349  |9.972084e-06|1.007109e-05|1.132340e-11|3.337922e-05|
| 15  |True   |  373  |9.997369e-06|1.009638e-05|8.547432e-12|2.541200e-05|
| 16  |True   |  373  |9.959706e-06|1.012974e-05|8.876723e-10|4.223463e-05|
| 17  |True   |  346  |9.989528e-06|1.010598e-05|1.219000e-11|3.531443e-05|
| 14  |True   |  391  |9.957984e-06|1.012285e-05|4.112293e-10|3.532770e-05|
| 20  |True   |  394  |9.965244e-06|1.019961e-05|5.652103e-10|3.207018e-05|
| 18  |True   |  385  |9.916016e-06|1.006697e-05|6.092198e-10|3.551854e-05|
| 19  |True   |  397  |9.998226e-06|1.009921e-05|6.392008e-11|3.232475e-05|
| 23  |True   |  401  |9.964698e-06|1.007397e-05|2.827841e-10|2.925130e-05|
| 22  |True   |  398  |9.953886e-06|1.014126e-05|9.066326e-11|3.835653e-05|
| 21  |True   |  385  |9.963946e-06|1.006925e-05|1.601576e-10|2.883278e-05|
| 25  |True   |  394  |9.907764e-06|1.012956e-05|3.605318e-10|3.826104e-05|
| 24  |True   |  508  |9.928202e-06|1.017175e-05|6.711619e-10|3.532951e-05|
| 27  |True   |  352  |9.974137e-06|1.007314e-05|8.735175e-12|2.607731e-05|
| 29  |True   |  356  |9.934084e-06|1.003308e-05|1.220162e-11|3.629066e-05|
| 31  |True   |  347  |9.970603e-06|1.006961e-05|9.539656e-12|2.923021e-05|
| 28  |True   |  380  |9.973112e-06|1.014263e-05|2.908291e-10|3.225183e-05|
| 30  |True   |  347  |9.952599e-06|1.005160e-05|1.425100e-11|3.929976e-05|
| 34  |True   |  354  |9.967094e-06|1.006609e-05|1.314855e-11|3.815098e-05|
| 37  |True   |  354  |9.925782e-06|1.002479e-05|8.598448e-12|2.672318e-05|
| 36  |True   |  477  |9.973944e-06|1.007294e-05|1.188450e-11|3.530812e-05|
| 38  |True   |  371  |9.966498e-06|1.020223e-05|4.613216e-10|4.327131e-05|
| 32  |True   |  591  |9.934585e-06|1.016424e-05|2.328053e-10|2.885361e-05|
| 39  |True   |  381  |9.874534e-06|1.004710e-05|5.823795e-10|4.551604e-05|
| 42  |True   |  347  |9.962456e-06|1.006146e-05|1.039731e-11|3.226232e-05|
| 40  |True   |  378  |9.947716e-06|1.013207e-05|2.117585e-10|3.837674e-05|
| 43  |True   |  387  |9.999113e-06|1.020076e-05|3.561716e-10|3.349650e-05|
| 41  |True   |  388  |9.901390e-06|1.002619e-05|7.585818e-10|3.696470e-05|
| 44  |True   |  428  |9.954591e-06|1.011037e-05|2.503879e-12|2.011124e-09|
| 45  |True   |  395  |9.978900e-06|1.023713e-05|2.536601e-12|5.834359e-10|
| 47  |True   |  349  |9.998975e-06|1.009797e-05|1.358309e-11|3.770837e-05|
| 46  |True   |  370  |9.983975e-06|1.023232e-05|2.610541e-12|6.553436e-10|
| 48  |True   |  393  |9.986974e-06|1.009519e-05|2.353582e-10|2.888162e-05|
| 50  |True   |  367  |9.884792e-06|1.018776e-05|9.253692e-10|3.998482e-05|
| 49  |True   |  378  |9.918408e-06|1.007313e-05|6.828750e-10|3.895598e-05|
| 51  |True   |  351  |9.960326e-06|1.005934e-05|9.885979e-12|3.127390e-05|
| 53  |True   |  346  |9.961098e-06|1.006010e-05|1.167916e-11|3.527415e-05|
| 54  |True   |  382  |9.897215e-06|1.002238e-05|8.850034e-10|3.850562e-05|
| 55  |True   |  376  |9.947794e-06|1.009609e-05|8.232314e-10|3.896723e-05|
| 56  |True   |  405  |9.911300e-06|1.007256e-05|6.707593e-10|3.233304e-05|
| 58  |True   |  349  |9.965809e-06|1.006481e-05|1.410985e-11|3.821381e-05|
| 57  |True   |  411  |9.936425e-06|1.008003e-05|4.765734e-10|2.890231e-05|
| 35  |True   | 1998  |9.959028e-06|1.007069e-05|7.248373e-12|2.520615e-05|
| 62  |True   |  390  |9.898923e-06|1.010447e-05|6.300924e-10|3.599891e-05|
| 59  |True   |  369  |9.974992e-06|1.017689e-05|4.119177e-10|4.325207e-05|
| 61  |True   |  355  |9.949916e-06|1.004892e-05|1.012831e-11|3.224101e-05|
| 52  |True   | 1126  |9.988505e-06|1.008753e-05|5.757564e-12|1.444136e-05|
| 63  |True   |  391  |9.925110e-06|1.008819e-05|6.567407e-10|3.224739e-05|
| 64  |True   |  346  |9.929411e-06|1.002842e-05|9.827201e-12|3.225714e-05|
| 65  |True   |  380  |9.994025e-06|1.012860e-05|5.556271e-10|3.226935e-05|
| 66  |True   |  381  |9.947775e-06|1.007773e-05|4.582288e-10|2.885743e-05|
| 68  |True   |  371  |9.974792e-06|1.007380e-05|1.041240e-11|3.227757e-05|
| 60  |True   |  703  |9.965986e-06|1.017211e-05|6.868054e-10|3.894271e-03|
| 67  |True   |  357  |9.965147e-06|1.006482e-05|1.893318e-11|3.096033e-05|
| 69  |True   |  383  |9.991926e-06|1.010431e-05|4.576198e-10|3.534084e-05|
| 71  |True   |  414  |9.966298e-06|1.010704e-05|4.657478e-10|2.895575e-05|
| 33  |True   | 2816  |9.983873e-06|1.019036e-05|1.042228e-10|2.039094e-05|
| 72  |True   |  348  |9.943989e-06|1.004299e-05|8.721462e-12|2.885991e-05|
| 70  |True   |  586  |9.987761e-06|1.034449e-05|2.743497e-10|3.231855e-05|
| 77  |True   |  348  |9.950062e-06|1.004906e-05|1.529099e-11|4.186309e-05|
| 75  |True   |  375  |9.954874e-06|1.012402e-05|1.375445e-10|2.043287e-05|
| 73  |True   |  378  |9.947091e-06|1.008175e-05|7.693313e-10|3.819755e-05|
| 74  |True   |  391  |9.998716e-06|1.010697e-05|3.627364e-10|3.575500e-05|
| 79  |True   |  352  |9.930470e-06|1.002947e-05|1.114268e-11|3.384429e-05|
| 76  |True   |  407  |9.961105e-06|1.008832e-05|5.764179e-10|3.217081e-05|
| 78  |True   |  384  |9.965633e-06|1.006463e-05|1.177313e-11|3.532688e-05|
| 80  |True   |  410  |9.931995e-06|1.007883e-05|6.701269e-10|3.226167e-05|
| 84  |True   |  370  |9.906498e-06|1.009703e-05|8.184233e-11|3.234443e-05|
| 82  |True   |  384  |9.976059e-06|1.013883e-05|8.764920e-10|4.319781e-05|
| 81  |True   |  435  |9.914907e-06|1.014137e-05|5.207021e-10|3.909506e-05|
| 83  |True   |  352  |9.977070e-06|1.007607e-05|1.123024e-11|3.260514e-05|
| 85  |True   |  341  |9.948394e-06|1.013530e-05|1.007233e-11|3.225602e-05|
| 87  |True   |  398  |9.945295e-06|1.008629e-05|2.539036e-12|7.924478e-10|
| 88  |True   |  379  |9.914501e-06|1.009299e-05|6.307788e-10|3.814831e-05|
| 26  |True   | 3758  |9.978649e-06|1.089554e-05|7.085487e-10|1.782506e-05|
| 86  |True   |  413  |9.978209e-06|1.008522e-05|3.349823e-10|3.577822e-05|
| 89  |True   |  348  |9.965748e-06|1.006475e-05|1.175624e-11|3.531079e-05|
| 91  |True   |  353  |9.943624e-06|1.004263e-05|1.024884e-11|3.235249e-05|
| 90  |True   |  676  |9.993522e-06|1.009253e-05|5.918535e-12|1.442417e-05|
| 92  |True   |  350  |9.951960e-06|1.005096e-05|8.764801e-12|2.884711e-05|
| 94  |True   |  375  |9.995924e-06|1.011493e-05|1.044875e-11|3.264023e-05|
| 93  |True   |  392  |9.986866e-06|1.024439e-05|4.824408e-10|2.926748e-05|
| 96  |True   |  349  |9.950917e-06|1.004992e-05|1.131622e-11|3.418780e-05|
| 97  |True   |  389  |9.990469e-06|1.015534e-05|2.993080e-12|8.170179e-10|
| 95  |True   |  381  |9.966012e-06|1.007054e-05|1.475913e-10|2.886171e-05|
| 101 |True   |  362  |9.981994e-06|1.008099e-05|1.450883e-11|4.025017e-05|
| 99  |True   |  391  |9.949542e-06|1.006149e-05|3.286076e-10|2.899616e-05|
| 98  |True   |  373  |9.992660e-06|1.019382e-05|1.651932e-10|3.225666e-05|
| 100 |True   |  397  |9.970485e-06|1.008871e-05|8.265897e-10|4.075412e-05|
| 102 |True   |  382  |9.931709e-06|1.012846e-05|4.052660e-10|3.225108e-05|
| 103 |True   |  387  |9.894368e-06|1.019437e-05|5.009938e-10|3.551112e-05|
| 104 |True   |  375  |9.975098e-06|1.011752e-05|5.048227e-10|3.041508e-05|
| 106 |True   |  362  |9.981203e-06|1.008020e-05|1.366014e-11|3.770325e-05|
| 105 |True   |  376  |9.992265e-06|1.013313e-05|8.603705e-10|4.077680e-05|
| 108 |True   |  351  |9.956285e-06|1.005529e-05|7.121952e-12|2.266835e-05|
| 111 |True   |  348  |9.983437e-06|1.008244e-05|1.114118e-11|3.270242e-05|
| 109 |True   |  353  |9.969525e-06|1.006852e-05|1.665744e-11|4.362568e-05|
| 114 |True   |  407  |9.942688e-06|1.011912e-05|7.553221e-10|3.302417e-05|
| 107 |True   |  382  |9.966890e-06|1.012799e-05|3.881881e-10|2.891505e-05|
| 112 |True   |  404  |9.952522e-06|1.006671e-05|3.392082e-10|2.652417e-05|
| 110 |True   |  451  |9.912825e-06|1.004218e-05|7.212484e-10|3.604460e-05|
| 115 |True   |  385  |9.971878e-06|1.022620e-05|5.776349e-10|3.816407e-05|
| 116 |True   |  350  |9.964650e-06|1.006365e-05|1.115913e-11|3.290373e-05|
| 118 |True   |  346  |9.973242e-06|1.007486e-05|1.299678e-11|3.663807e-05|
| 119 |True   |  354  |9.958452e-06|1.005746e-05|7.745819e-12|2.503730e-05|
| 117 |True   |  412  |9.928573e-06|1.003585e-05|3.503218e-10|3.818526e-05|
| 120 |True   |  379  |9.969150e-06|1.008918e-05|4.752766e-10|3.225189e-05|
| 121 |True   |  399  |9.948834e-06|1.006404e-05|4.653265e-10|3.231279e-05|
| 122 |True   |  430  |9.949195e-06|1.011577e-05|3.368318e-10|3.463017e-05|
| 123 |True   |  373  |9.923367e-06|1.018121e-05|7.515031e-10|4.553282e-05|
| 124 |True   |  398  |9.956246e-06|1.006352e-05|3.919520e-10|3.844616e-05|
| 125 |True   |  373  |9.885513e-06|1.019194e-05|6.412724e-10|4.782913e-05|
| 126 |True   |  350  |9.977874e-06|1.007688e-05|1.204740e-11|3.534776e-05|
| 113 |True   | 1169  |9.989204e-06|1.008821e-05|5.824896e-12|1.440972e-05|
| 128 |True   |  379  |9.896226e-06|1.005796e-05|8.211807e-10|4.031774e-05|
| 130 |True   |  379  |9.994369e-06|1.022075e-05|3.831714e-10|3.853486e-05|
| 127 |True   |  385  |9.989736e-06|1.009383e-05|1.499838e-10|2.937470e-05|
| 131 |True   |  387  |9.962379e-06|1.011286e-05|3.332930e-12|8.407537e-10|
| 132 |True   |  347  |9.965433e-06|1.006443e-05|1.423980e-11|3.925728e-05|
| 136 |True   |  378  |9.977755e-06|1.013018e-05|6.465845e-10|3.815791e-05|
| 135 |True   |  375  |9.872014e-06|1.008480e-05|5.737192e-10|4.325995e-05|
| 137 |True   |  408  |9.923650e-06|1.003756e-05|6.476431e-10|3.929661e-05|
| 133 |True   |  372  |9.919719e-06|1.008987e-05|8.236925e-10|4.154559e-05|
| 138 |True   |  373  |9.993411e-06|1.011357e-05|7.279924e-10|3.845188e-05|
| 129 |True   |  819  |9.972455e-06|1.036694e-05|1.024123e-10|1.442598e-05|
| 140 |True   |  406  |9.939023e-06|1.006157e-05|8.020980e-10|4.040844e-05|
| 139 |True   |  387  |9.966998e-06|1.011006e-05|7.290952e-10|3.227557e-05|
| 141 |True   |  379  |9.955713e-06|1.010751e-05|7.371314e-10|2.997131e-05|
| 134 |True   |  682  |9.988829e-06|1.008784e-05|5.824108e-12|1.442303e-05|
| 142 |True   |  348  |9.977114e-06|1.007612e-05|9.152921e-12|2.884445e-05|
| 144 |True   |  387  |9.941485e-06|1.015032e-05|3.355292e-10|2.954293e-05|
| 145 |True   |  353  |9.985125e-06|1.008413e-05|1.073263e-11|3.221284e-05|
| 143 |True   |  365  |9.956261e-06|1.005527e-05|1.019917e-11|3.223653e-05|
| 146 |True   |  429  |9.931058e-06|1.006655e-05|6.454169e-10|3.529651e-05|
| 147 |True   |  374  |9.962755e-06|1.018076e-05|4.968428e-10|4.076553e-05|
| 150 |True   |  375  |9.892158e-06|1.019590e-05|5.134175e-10|4.076033e-05|
| 151 |True   |  379  |9.951163e-06|1.014124e-05|4.217552e-10|4.339545e-05|
| 149 |True   |  392  |9.930053e-06|1.007057e-05|7.799183e-10|3.792457e-05|
| 152 |True   |  362  |9.977484e-06|1.007648e-05|1.387348e-11|3.859332e-05|
| 154 |True   |  342  |9.974333e-06|1.014423e-05|1.054582e-11|3.225210e-05|
| 148 |True   |  565  |9.987645e-06|1.008664e-05|1.644263e-11|4.326039e-05|
| 155 |True   |  374  |9.970972e-06|1.014842e-05|4.358318e-10|4.308251e-05|
| 156 |True   |  391  |9.949270e-06|1.006388e-05|4.112633e-10|3.229315e-05|
| 159 |True   |  350  |9.976907e-06|1.007591e-05|1.062713e-11|3.225329e-05|
| 158 |True   |  348  |9.916497e-06|1.001550e-05|1.182602e-11|3.536204e-05|
| 153 |True   |  706  |9.905243e-06|1.049689e-05|1.826855e-10|2.590056e-05|
| 160 |True   |  365  |9.916117e-06|1.001512e-05|1.239299e-11|3.808211e-05|
| 161 |True   |  377  |9.914733e-06|1.010103e-05|3.642513e-10|3.533307e-05|
| 157 |True   |  695  |9.973383e-06|1.007239e-05|6.487061e-12|2.033127e-05|
| 162 |True   |  353  |9.969760e-06|1.006876e-05|1.182050e-11|3.531103e-05|
| 163 |True   |  388  |9.991002e-06|1.020023e-05|8.999906e-10|3.557249e-05|
| 165 |True   |  357  |9.957837e-06|1.005684e-05|1.364568e-11|3.896278e-05|
| 164 |True   |  384  |9.975461e-06|1.014028e-05|2.174327e-12|1.078964e-09|
| 166 |True   |  371  |9.991644e-06|1.015388e-05|4.413837e-10|3.514698e-05|
| 167 |True   |  378  |9.911794e-06|1.006360e-05|7.640407e-10|3.951224e-05|
| 170 |True   |  354  |9.967339e-06|1.006634e-05|1.315079e-11|3.815835e-05|
| 169 |True   |  373  |9.975120e-06|1.007413e-05|1.001910e-11|3.080318e-05|
| 172 |True   |  349  |9.992776e-06|1.009208e-05|8.148325e-12|2.499459e-05|
| 171 |True   |  379  |9.876242e-06|1.006045e-05|3.243375e-10|4.782173e-05|
| 168 |True   |  397  |9.959578e-06|1.007725e-05|7.027077e-10|3.867455e-05|
| 173 |True   |  400  |9.963776e-06|1.007901e-05|3.847482e-10|2.915345e-05|
| 175 |True   |  371  |9.960918e-06|1.005992e-05|9.815514e-12|3.033194e-05|
| 176 |True   |  372  |9.954284e-06|1.010819e-05|4.566284e-10|3.224910e-05|
| 177 |True   |  374  |9.971768e-06|1.011902e-05|6.164052e-10|3.529793e-05|
| 174 |True   |  500  |9.970367e-06|1.009200e-05|9.401206e-10|4.207326e-05|
| 178 |True   |  352  |9.936844e-06|1.003585e-05|9.954878e-12|3.225066e-05|
| 180 |True   |  406  |9.970717e-06|1.008091e-05|3.808870e-10|3.532562e-05|
| 182 |True   |  347  |9.970774e-06|1.006978e-05|1.296515e-11|3.727964e-05|
| 181 |True   |  372  |9.998427e-06|1.021118e-05|6.559162e-10|3.551673e-05|
| 184 |True   |  354  |9.979893e-06|1.007889e-05|1.456674e-11|4.001044e-05|
| 185 |True   |  380  |9.985514e-06|1.018960e-05|5.299393e-10|3.556581e-05|
| 186 |True   |  364  |9.963064e-06|1.006412e-05|7.973578e-11|3.538203e-05|
| 179 |True   |  805  |9.979218e-06|1.062566e-05|1.605155e-10|2.556378e-05|
| 188 |True   |  343  |9.972580e-06|1.007158e-05|1.289417e-11|3.693171e-05|
| 187 |True   |  369  |9.987671e-06|1.008667e-05|1.121995e-11|3.256207e-05|
| 189 |True   |  387  |9.923688e-06|1.007185e-05|6.104152e-10|3.351541e-05|
| 183 |True   |  810  |9.959832e-06|1.025891e-05|3.662984e-10|2.491996e-05|
| 191 |True   |  363  |9.985131e-06|1.008413e-05|1.208909e-11|3.532774e-05|
| 194 |True   |  347  |9.967853e-06|1.006685e-05|1.454577e-11|4.077492e-05|
| 192 |True   |  398  |9.959169e-06|1.010774e-05|2.854846e-10|2.498547e-05|
| 193 |True   |  354  |9.912178e-06|1.010831e-05|2.550647e-11|3.563531e-05|
| 195 |True   |  358  |9.931254e-06|1.003026e-05|1.120850e-11|3.529837e-05|
| 196 |True   |  403  |9.984704e-06|1.008983e-05|2.431354e-10|3.367297e-05|
| 197 |True   |  394  |9.943424e-06|1.008609e-05|8.164083e-10|3.282742e-05|
| 190 |True   |  785  |9.985372e-06|1.008438e-05|8.662255e-12|2.587669e-05|
| 198 |True   |  374  |9.941000e-06|1.018478e-05|4.348508e-10|3.442405e-05|
| 199 |True   |  365  |9.950886e-06|1.005089e-05|3.116490e-11|3.232760e-05|
| 200 |True   |  446  |9.968357e-06|1.008128e-05|4.796782e-10|3.425113e-05|
| 201 |True   |  398  |9.958184e-06|1.008017e-05|1.941056e-10|2.041359e-05|
| 202 |True   |  352  |9.990831e-06|1.008984e-05|9.479763e-12|2.887374e-05|
| 203 |True   |  384  |9.847345e-06|1.024266e-05|7.440437e-10|4.056608e-05|
| 204 |True   |  390  |9.988303e-06|1.009276e-05|3.478356e-10|4.568042e-05|
| 205 |True   |  388  |9.952505e-06|1.022355e-05|8.230698e-10|4.054261e-05|
| 206 |True   |  364  |9.968251e-06|1.006726e-05|7.841005e-12|2.499857e-05|
| 207 |True   |  350  |9.964952e-06|1.007117e-05|1.161460e-11|3.483450e-05|
| 208 |True   |  347  |9.980783e-06|1.007978e-05|1.400150e-11|3.871458e-05|
| 209 |True   |  377  |9.931990e-06|1.009267e-05|4.554137e-10|2.922629e-05|
| 210 |True   |  381  |9.974756e-06|1.025696e-05|5.075610e-10|3.822941e-05|
| 211 |True   |  411  |9.936155e-06|1.003848e-05|1.679047e-10|3.929950e-05|
| 214 |True   |  393  |9.995835e-06|1.025603e-05|4.874546e-10|4.780669e-05|
| 213 |True   |  400  |9.954926e-06|1.010221e-05|3.483051e-10|2.499062e-05|
| 215 |True   |  348  |9.944229e-06|1.004323e-05|1.424831e-11|4.076949e-05|
| 216 |True   |  347  |9.978939e-06|1.007794e-05|1.131029e-11|3.265971e-05|
| 212 |True   |  608  |9.971967e-06|1.019135e-05|7.007861e-10|5.415440e-03|
| 218 |True   |  351  |9.981619e-06|1.008062e-05|1.431118e-11|3.918175e-05|
| 220 |True   |  349  |9.953504e-06|1.005250e-05|1.159400e-11|3.532018e-05|
| 217 |True   |  380  |9.976614e-06|1.015490e-05|8.157887e-10|3.520724e-05|
| 221 |True   |  347  |9.980438e-06|1.007944e-05|1.518613e-11|4.090133e-05|
| 222 |True   |  363  |9.976933e-06|1.007656e-05|1.823319e-11|3.243652e-05|
| 219 |True   |  424  |9.927793e-06|1.003798e-05|4.451720e-10|3.820340e-05|
| 223 |True   |  411  |9.933759e-06|1.004007e-05|2.287077e-10|3.229559e-05|
| 224 |True   |  348  |9.936667e-06|1.003567e-05|9.940519e-12|3.225693e-05|
| 225 |True   |  382  |9.943431e-06|1.016177e-05|6.719952e-10|3.978910e-05|
| 227 |True   |  380  |9.980003e-06|1.018816e-05|8.680051e-10|4.311139e-05|
| 226 |True   |  403  |9.945985e-06|1.005225e-05|1.890651e-10|2.881628e-05|
| 230 |True   |  348  |9.958140e-06|1.005715e-05|7.569092e-12|2.491893e-05|
| 229 |True   |  344  |9.994100e-06|1.009310e-05|1.773110e-11|4.546869e-05|
| 231 |True   |  391  |9.910999e-06|1.008942e-05|2.302053e-10|3.497673e-05|
| 233 |True   |  351  |9.975322e-06|1.007433e-05|7.858456e-12|2.495373e-05|
| 228 |True   |  534  |9.908262e-06|1.023099e-05|8.396457e-10|4.312441e-05|
| 235 |True   |  362  |9.927940e-06|1.002694e-05|1.042170e-11|3.283960e-05|
| 234 |True   |  437  |9.929535e-06|1.005156e-05|4.895223e-10|3.173574e-05|
| 237 |True   |  381  |9.965048e-06|1.008046e-05|3.910487e-10|2.890979e-05|
| 232 |True   |  629  |9.951221e-06|1.019294e-05|3.145765e-10|2.442304e-05|
| 238 |True   |  355  |9.912957e-06|1.001196e-05|1.015486e-11|3.253382e-05|
| 239 |True   |  349  |9.938634e-06|1.003764e-05|1.387595e-11|4.080890e-05|
| 240 |True   |  375  |9.920867e-06|1.006067e-05|5.949147e-10|3.235254e-05|
| 242 |True   |  381  |9.977768e-06|1.013940e-05|4.659671e-10|3.414350e-05|
| 236 |True   |  669  |9.978971e-06|1.008680e-05|5.619633e-12|1.442008e-05|
| 243 |True   |  379  |9.985512e-06|1.018650e-05|8.460911e-10|4.325340e-05|
| 244 |True   |  397  |9.950754e-06|1.007002e-05|2.464984e-10|2.888259e-05|
| 246 |True   |  375  |9.971722e-06|1.016080e-05|1.431099e-10|4.082384e-05|
| 245 |True   |  489  |9.960022e-06|1.020515e-05|7.731484e-10|3.827189e-05|
| 249 |True   |  381  |9.994600e-06|1.015433e-05|6.338883e-10|4.022030e-05|
| 247 |True   |  380  |9.935921e-06|1.007294e-05|7.718806e-10|3.512633e-05|
| 248 |True   |  396  |9.959372e-06|1.013343e-05|5.691336e-10|3.409823e-05|
| 241 |True   |  894  |9.982494e-06|1.008150e-05|6.695194e-12|2.037247e-05|
| 250 |True   |  392  |9.944012e-06|1.006706e-05|4.439279e-10|2.896222e-05|
| 251 |True   |  374  |9.928091e-06|1.029824e-05|2.879010e-12|1.209582e-09|
| 253 |True   |  372  |9.964358e-06|1.006337e-05|6.481963e-12|2.040319e-05|
| 252 |True   |  401  |9.987715e-06|1.021765e-05|6.482570e-10|3.711771e-05|
| 254 |True   |  441  |9.992855e-06|1.014248e-05|9.603780e-10|4.149798e-05|
| 256 |True   |  375  |9.944583e-06|1.009786e-05|8.287902e-10|3.794181e-05|
| 255 |True   |  486  |9.994929e-06|1.033355e-05|4.803752e-12|2.518426e-09|
| 257 |True   |  362  |9.925357e-06|1.002436e-05|1.112412e-11|3.532471e-05|
| 258 |True   |  348  |9.974891e-06|1.007389e-05|1.330197e-11|3.815635e-05|
| 260 |True   |  371  |9.998659e-06|1.019010e-05|2.527817e-12|5.242895e-10|
| 261 |True   |  350  |9.937904e-06|1.003691e-05|1.210568e-11|3.624920e-05|
| 264 |True   |  351  |9.935573e-06|1.003458e-05|9.345619e-12|2.961685e-05|
| 263 |True   |  357  |9.917749e-06|1.001675e-05|1.177039e-11|3.602214e-05|
| 262 |True   |  401  |9.994413e-06|1.010348e-05|5.056219e-10|4.083963e-05|
| 265 |True   |  389  |9.945850e-06|1.019322e-05|4.435488e-10|4.080608e-05|
| 266 |True   |  416  |9.897725e-06|1.009411e-05|1.978302e-10|3.851604e-05|
| 267 |True   |  343  |9.915700e-06|1.012835e-05|1.240961e-11|3.617823e-05|
| 269 |True   |  351  |9.966507e-06|1.006551e-05|9.019290e-12|2.885008e-05|
| 268 |True   |  353  |9.973375e-06|1.007238e-05|9.436012e-12|2.889345e-05|
| 270 |True   |  372  |9.926888e-06|1.009017e-05|5.476678e-10|3.821375e-05|
| 271 |True   |  367  |9.913141e-06|1.018643e-05|2.135494e-10|4.076718e-05|
| 272 |True   |  353  |9.961140e-06|1.006014e-05|1.261714e-11|3.698568e-05|
| 275 |True   |  371  |9.925527e-06|1.009438e-05|5.924656e-10|4.278674e-05|
| 273 |True   |  387  |9.912329e-06|1.005618e-05|8.737112e-10|3.864998e-05|
| 274 |True   |  367  |9.999916e-06|1.020227e-05|2.237767e-10|4.078821e-05|
| 277 |True   |  356  |9.974860e-06|1.007386e-05|1.437830e-11|3.983958e-05|
| 276 |True   |  391  |9.959009e-06|1.007905e-05|9.915567e-10|4.342582e-05|
| 259 |True   | 1214  |9.976879e-06|1.007588e-05|7.840969e-12|2.493536e-05|
| 278 |True   |  369  |9.950270e-06|1.023549e-05|7.321001e-10|3.618310e-05|
| 279 |True   |  345  |9.993287e-06|1.012432e-05|1.141028e-11|3.277105e-05|
| 280 |True   |  396  |9.978816e-06|1.015472e-05|2.222132e-12|1.187239e-09|
| 283 |True   |  378  |9.963507e-06|1.010584e-05|6.629010e-10|3.534479e-05|
| 282 |True   |  407  |9.950258e-06|1.010109e-05|8.393129e-10|3.720525e-05|
| 281 |True   |  501  |9.925373e-06|1.013720e-05|9.851145e-10|4.755678e-05|
| 284 |True   |  352  |9.998220e-06|1.009722e-05|1.359922e-11|3.766691e-05|
| 287 |True   |  350  |9.984216e-06|1.008322e-05|1.065616e-11|3.225253e-05|
| 285 |True   |  422  |9.956760e-06|1.010028e-05|5.244342e-10|3.231082e-05|
| 286 |True   |  427  |9.991009e-06|1.014889e-05|5.155021e-10|3.270588e-05|
| 288 |True   |  376  |9.951153e-06|1.007878e-05|5.250691e-10|3.189642e-05|
| 290 |True   |  394  |9.959819e-06|1.017821e-05|6.206671e-10|4.077954e-05|
| 289 |True   |  377  |9.927281e-06|1.006694e-05|7.786156e-10|3.322846e-05|
| 291 |True   |  369  |9.957458e-06|1.016135e-05|8.425386e-10|3.965148e-05|
| 292 |True   |  349  |9.988983e-06|1.008799e-05|1.104868e-11|3.228737e-05|
| 296 |True   |  370  |9.946311e-06|1.004532e-05|8.829070e-12|2.901935e-05|
| 293 |True   |  369  |9.995814e-06|1.027152e-05|5.017595e-10|4.657243e-05|
| 295 |True   |  406  |9.991523e-06|1.010204e-05|5.339349e-10|4.075155e-05|
| 297 |True   |  378  |9.929635e-06|1.005602e-05|9.265508e-10|4.148525e-05|
| 294 |True   |  577  |9.967843e-06|1.006685e-05|7.706651e-12|2.495258e-05|
| 298 |True   |  361  |9.951819e-06|1.005082e-05|9.060387e-12|2.891221e-05|
| 300 |True   |  377  |9.980836e-06|1.013508e-05|5.969239e-10|3.600699e-05|
| 299 |True   |  367  |9.982368e-06|1.008266e-05|7.026866e-11|3.943929e-05|
| 301 |True   |  370  |9.977486e-06|1.024319e-05|2.579691e-12|2.170656e-09|
| 302 |True   |  403  |9.962550e-06|1.016883e-05|8.389018e-10|3.747769e-05|
| 304 |True   |  347  |9.981782e-06|1.008079e-05|1.111989e-11|3.267457e-05|
| 306 |True   |  388  |9.974049e-06|1.015525e-05|4.774647e-10|3.226467e-05|
| 305 |True   |  375  |9.954183e-06|1.005950e-05|2.134410e-10|3.227558e-05|
| 307 |True   |  395  |9.995931e-06|1.012033e-05|2.420701e-12|1.609441e-09|
| 308 |True   |  354  |9.994987e-06|1.009399e-05|1.081639e-11|3.225070e-05|
| 310 |True   |  372  |9.946113e-06|1.008123e-05|6.898386e-10|3.529009e-05|
| 312 |True   |  347  |9.940008e-06|1.004349e-05|1.322531e-11|3.849677e-05|
| 311 |True   |  350  |9.972336e-06|1.007134e-05|9.909499e-12|2.997373e-05|
| 303 |True   |  892  |9.982473e-06|1.008148e-05|5.694825e-12|1.442583e-05|
| 313 |True   |  375  |9.954746e-06|1.016436e-05|7.789600e-10|4.429925e-05|
| 317 |True   |  347  |9.981136e-06|1.008014e-05|1.228978e-11|3.549543e-05|
| 309 |True   |  711  |9.985613e-06|1.014199e-05|2.786620e-10|2.035033e-05|
| 315 |True   |  386  |9.990620e-06|1.011652e-05|6.737789e-10|3.538774e-05|
| 316 |True   |  387  |9.973535e-06|1.020879e-05|5.115345e-10|4.200757e-05|
| 318 |True   |  386  |9.943190e-06|1.007292e-05|2.374696e-12|6.208959e-10|
| 319 |True   |  348  |9.941899e-06|1.007337e-05|7.782377e-12|2.515039e-05|
| 320 |True   |  434  |9.948849e-06|1.006040e-05|4.119646e-10|3.517817e-05|
| 321 |True   |  346  |9.984112e-06|1.008311e-05|1.347410e-11|3.815755e-05|
| 322 |True   |  352  |9.968095e-06|1.006710e-05|1.100403e-11|3.285091e-05|
| 323 |True   |  351  |9.960918e-06|1.005993e-05|7.590364e-12|2.498738e-05|
| 314 |True   |  929  |9.986271e-06|1.014167e-05|1.326988e-10|1.442032e-05|
| 327 |True   |  361  |9.994742e-06|1.019715e-05|8.482081e-11|3.533933e-05|
| 325 |True   |  378  |9.894627e-06|1.002481e-05|9.967788e-10|4.301778e-05|
| 326 |True   |  373  |9.910006e-06|1.008853e-05|6.226339e-10|3.540809e-05|
| 324 |True   |  375  |9.986003e-06|1.019078e-05|8.403540e-10|3.811429e-05|
| 329 |True   |  375  |9.921088e-06|1.008649e-05|6.854937e-10|4.413336e-05|
| 330 |True   |  398  |9.988993e-06|1.010727e-05|7.316218e-10|4.077073e-05|
| 331 |True   |  374  |9.972540e-06|1.020697e-05|2.982174e-10|3.225753e-05|
| 328 |True   |  386  |9.920722e-06|1.020283e-05|6.892406e-10|4.399703e-05|
| 332 |True   |  371  |9.971408e-06|1.007042e-05|8.743487e-12|2.703744e-05|
| 333 |True   |  393  |9.961711e-06|1.015361e-05|5.075655e-10|3.898838e-05|
| 334 |True   |  429  |9.964717e-06|1.013275e-05|2.382742e-12|5.857773e-09|
| 339 |True   |  388  |9.914980e-06|1.008793e-05|7.798266e-10|3.234247e-05|
| 338 |True   |  392  |9.925726e-06|1.015286e-05|4.720534e-10|3.276574e-05|
| 341 |True   |  356  |9.925727e-06|1.002473e-05|1.117566e-11|3.535101e-05|
| 336 |True   |  383  |9.986784e-06|1.011317e-05|2.414871e-12|8.476016e-10|
| 337 |True   |  404  |9.960423e-06|1.011209e-05|5.536033e-10|3.531847e-05|
| 340 |True   |  404  |9.900544e-06|1.004604e-05|2.184929e-12|8.453067e-09|
| 342 |True   |  387  |9.948389e-06|1.010843e-05|4.810427e-10|3.533264e-05|
| 344 |True   |  346  |9.984475e-06|1.008347e-05|1.393744e-11|3.848118e-05|
| 345 |True   |  354  |9.964590e-06|1.006359e-05|1.170812e-11|3.532794e-05|
| 346 |True   |  350  |9.957963e-06|1.005696e-05|1.090901e-11|3.197852e-05|
| 347 |True   |  384  |9.984611e-06|1.016802e-05|6.522681e-10|3.224718e-05|
| 348 |True   |  384  |9.944451e-06|1.006149e-05|6.050113e-10|3.817015e-05|
| 351 |True   |  351  |9.939020e-06|1.003802e-05|1.197078e-11|3.488903e-05|
| 349 |True   |  399  |9.984890e-06|1.009386e-05|9.300742e-11|2.480441e-05|
| 353 |True   |  362  |9.926888e-06|1.002589e-05|1.255130e-11|3.815476e-05|
| 343 |True   |  862  |9.991195e-06|1.023787e-05|4.749717e-10|2.681389e-05|
| 350 |True   |  390  |9.942650e-06|1.006120e-05|3.839640e-10|2.883020e-05|
| 352 |True   |  487  |9.915789e-06|1.020982e-05|5.817066e-10|4.443509e-05|
| 354 |True   |  352  |9.934534e-06|1.003354e-05|1.052852e-11|3.298737e-05|
| 355 |True   |  395  |9.906855e-06|1.005859e-05|2.435974e-12|5.185996e-10|
| 356 |True   |  374  |9.966526e-06|1.015872e-05|5.062959e-10|4.363885e-05|
| 357 |True   |  362  |9.977775e-06|1.019058e-05|1.793093e-10|3.815674e-05|
| 358 |True   |  376  |9.951261e-06|1.011850e-05|4.515073e-10|3.533698e-05|
| 359 |True   |  430  |9.926949e-06|1.005392e-05|6.150609e-10|3.168675e-05|
| 360 |True   |  375  |9.931915e-06|1.005784e-05|2.591972e-12|9.170883e-10|
| 363 |True   |  352  |9.903680e-06|1.000268e-05|1.282252e-11|3.878179e-05|
| 335 |True   | 1650  |9.985926e-06|1.008494e-05|5.762269e-12|1.440325e-05|
| 365 |True   |  360  |9.971279e-06|1.007028e-05|1.340024e-11|3.817974e-05|
| 367 |True   |  371  |9.967086e-06|1.016180e-05|8.946901e-10|3.836512e-05|
| 366 |True   |  401  |9.922464e-06|1.010772e-05|6.005811e-10|2.562528e-05|
| 368 |True   |  350  |9.963988e-06|1.006300e-05|6.346097e-12|2.039338e-05|
| 364 |True   |  507  |9.989266e-06|1.017944e-05|2.690577e-10|2.528973e-05|
| 371 |True   |  379  |9.990555e-06|1.014430e-05|4.928070e-10|3.227761e-05|
| 372 |True   |  354  |9.986593e-06|1.010704e-05|1.459000e-11|3.991539e-05|
| 370 |True   |  376  |9.931455e-06|1.005476e-05|6.797985e-10|3.353158e-05|
| 362 |True   | 1009  |9.976810e-06|1.008423e-05|6.626235e-12|2.037888e-05|
| 373 |True   |  400  |9.901642e-06|1.013269e-05|2.417399e-12|8.235257e-10|
| 374 |True   |  437  |9.928097e-06|1.004670e-05|6.715187e-10|3.827939e-05|
| 375 |True   |  404  |9.900556e-06|1.002854e-05|8.548568e-10|4.082614e-05|
| 376 |True   |  359  |9.946373e-06|1.004538e-05|1.089564e-11|3.351932e-05|
| 378 |True   |  412  |9.985916e-06|1.021880e-05|6.042526e-10|4.632775e-05|
| 379 |True   |  370  |9.987776e-06|1.017246e-05|1.926552e-10|3.575581e-05|
| 377 |True   |  443  |9.962224e-06|1.008999e-05|5.068935e-10|2.817299e-05|
| 380 |True   |  355  |9.941893e-06|1.004089e-05|1.141183e-11|3.531543e-05|
| 382 |True   |  347  |9.985066e-06|1.008407e-05|9.387844e-12|2.884496e-05|
| 381 |True   |  384  |9.981418e-06|1.011010e-05|3.180785e-10|2.498985e-05|
| 383 |True   |  346  |9.951561e-06|1.005056e-05|1.233507e-11|3.634634e-05|
| 386 |True   |  347  |9.991127e-06|1.009013e-05|1.394006e-11|3.826045e-05|
| 385 |True   |  355  |9.925643e-06|1.002465e-05|1.109929e-11|3.533335e-05|
| 384 |True   |  451  |9.963061e-06|1.008525e-05|8.011175e-10|4.050225e-05|
| 387 |True   |  385  |9.985073e-06|1.019428e-05|9.380201e-10|4.754007e-05|
| 389 |True   |  378  |9.977788e-06|1.012102e-05|9.504060e-10|4.299004e-05|
| 388 |True   |  353  |9.929957e-06|1.002896e-05|9.854842e-12|3.225483e-05|
| 394 |True   |  361  |9.949098e-06|1.004810e-05|1.169235e-11|3.538464e-05|
| 390 |True   |  422  |9.926588e-06|1.008527e-05|8.090800e-10|3.532617e-05|
| 393 |True   |  354  |9.951200e-06|1.005020e-05|1.184212e-11|3.557428e-05|
| 391 |True   |  430  |9.940207e-06|1.008529e-05|8.788948e-10|4.083692e-05|
| 395 |True   |  349  |9.928128e-06|1.002713e-05|9.806785e-12|3.225394e-05|
| 392 |True   |  418  |9.972149e-06|1.007946e-05|2.965137e-10|3.406093e-05|
| 396 |True   |  352  |9.923476e-06|1.002248e-05|1.156840e-11|3.559725e-05|
| 397 |True   |  352  |9.944611e-06|1.004361e-05|1.068383e-11|3.256510e-05|
| 398 |True   |  398  |9.929421e-06|1.008240e-05|5.613838e-10|3.533348e-05|
| 400 |True   |  370  |9.920504e-06|1.001951e-05|1.136813e-11|3.367463e-05|
| 399 |True   |  392  |9.977599e-06|1.010222e-05|7.472117e-10|3.793779e-05|
| 369 |True   | 2255  |9.999309e-06|1.012363e-05|3.064003e-10|2.498358e-05|
| 402 |True   |  341  |9.950972e-06|1.004998e-05|1.148562e-11|3.528341e-05|
| 405 |True   |  399  |9.940531e-06|1.005902e-05|4.851680e-10|3.226027e-05|
| 401 |True   |  478  |9.959230e-06|1.014770e-05|1.463402e-10|4.076842e-05|
| 404 |True   |  375  |9.996846e-06|1.014983e-05|6.636343e-10|3.792329e-05|
| 361 |True   | 2758  |9.991938e-06|1.009094e-05|6.834544e-12|2.039940e-05|
| 406 |True   |  399  |9.991051e-06|1.010872e-05|6.539729e-10|3.813051e-05|
| 403 |True   |  373  |9.994635e-06|1.016492e-05|4.023763e-10|3.816021e-05|
| 407 |True   |  378  |9.954036e-06|1.009101e-05|9.954745e-10|4.057519e-05|
| 408 |True   |  375  |9.865728e-06|1.012340e-05|3.349950e-10|4.326514e-05|
| 409 |True   |  374  |9.973537e-06|1.007255e-05|1.072806e-11|3.223257e-05|
| 410 |True   |  353  |9.952779e-06|1.005178e-05|1.301915e-11|3.813628e-05|
| 411 |True   |  393  |9.987739e-06|1.015635e-05|6.279506e-10|2.947653e-05|
| 414 |True   |  385  |9.965581e-06|1.013773e-05|5.918378e-10|3.358057e-05|
| 412 |True   |  349  |9.935806e-06|1.003481e-05|9.923791e-12|3.225513e-05|
| 415 |True   |  394  |9.906415e-06|1.011751e-05|8.917060e-10|4.531997e-05|
| 417 |True   |  356  |9.973536e-06|1.007254e-05|7.805574e-12|2.498441e-05|
| 413 |True   |  417  |9.930859e-06|1.002990e-05|9.029769e-12|3.361220e-05|
| 416 |True   |  353  |9.950340e-06|1.004934e-05|1.474557e-11|4.096614e-05|
| 420 |True   |  352  |9.950353e-06|1.004936e-05|1.146850e-11|3.532996e-05|
| 418 |True   |  527  |9.918230e-06|1.020684e-05|9.283392e-10|3.405168e-05|
| 421 |True   |  375  |9.942189e-06|1.013087e-05|3.114385e-10|3.227868e-05|
| 419 |True   |  513  |9.970273e-06|1.008683e-05|1.213344e-10|1.562443e-05|
| 423 |True   |  351  |9.977081e-06|1.007608e-05|9.292887e-12|2.885912e-05|
| 422 |True   |  349  |9.976122e-06|1.007512e-05|1.195459e-11|3.533226e-05|
| 426 |True   |  366  |9.944022e-06|1.024613e-05|3.873643e-10|3.817287e-05|
| 425 |True   |  353  |9.956180e-06|1.005518e-05|1.438935e-11|4.031405e-05|
| 427 |True   |  377  |9.956335e-06|1.011615e-05|8.703242e-10|4.571436e-05|
| 428 |True   |  392  |9.954848e-06|1.018906e-05|5.763471e-10|4.335861e-05|
| 424 |True   |  390  |9.953267e-06|1.008586e-05|5.393447e-10|3.181011e-05|
| 429 |True   |  379  |9.969953e-06|1.010955e-05|8.564515e-10|3.853359e-05|
| 431 |True   |  377  |9.955796e-06|1.006992e-05|6.081115e-10|3.872968e-05|
| 430 |True   |  399  |9.996793e-06|1.010426e-05|2.147159e-10|2.639118e-05|
| 432 |True   |  375  |9.927668e-06|1.009786e-05|3.484625e-10|3.532924e-05|
| 433 |True   |  368  |9.982571e-06|1.013276e-05|2.371086e-12|9.396356e-10|
| 435 |True   |  350  |9.991307e-06|1.009031e-05|9.449635e-12|2.886027e-05|
| 436 |True   |  388  |9.887368e-06|1.011798e-05|6.346596e-10|3.953724e-05|
| 434 |True   |  441  |9.934527e-06|1.005860e-05|9.209088e-10|4.289980e-05|
| 437 |True   |  347  |9.992381e-06|1.009138e-05|1.219940e-11|3.533201e-05|
| 438 |True   |  349  |9.944353e-06|1.004336e-05|8.183458e-12|2.670196e-05|
| 441 |True   |  382  |9.962794e-06|1.018647e-05|4.692528e-10|3.825694e-05|
| 439 |True   |  379  |9.948058e-06|1.005231e-05|1.877986e-10|3.232322e-05|
| 440 |True   |  357  |9.912532e-06|1.001153e-05|1.230527e-11|3.749639e-05|
| 442 |True   |  345  |9.983229e-06|1.008223e-05|1.344363e-11|3.683261e-05|
| 444 |True   |  354  |9.945883e-06|1.004488e-05|1.287362e-11|3.814743e-05|
| 445 |True   |  373  |9.925050e-06|1.010191e-05|6.382614e-10|3.333513e-05|
| 443 |True   |  405  |9.972844e-06|1.012614e-05|2.638017e-12|2.353076e-09|
| 446 |True   |  354  |9.967814e-06|1.006682e-05|9.026282e-12|2.885441e-05|
| 447 |True   |  353  |9.968668e-06|1.006767e-05|1.266990e-11|3.646410e-05|
| 449 |True   |  385  |9.982270e-06|1.010508e-05|2.419803e-12|3.605001e-09|
| 448 |True   |  385  |9.945706e-06|1.011089e-05|2.627124e-12|8.034729e-10|
| 451 |True   |  349  |9.974887e-06|1.007389e-05|1.470758e-11|4.077849e-05|
| 450 |True   |  385  |9.957013e-06|1.009307e-05|7.957914e-10|3.705484e-05|
| 452 |True   |  381  |9.944227e-06|1.009037e-05|2.369120e-12|1.249081e-09|
| 454 |True   |  404  |9.938702e-06|1.004704e-05|2.074931e-10|2.603335e-05|
| 453 |True   |  384  |9.946318e-06|1.017167e-05|5.416669e-10|4.561904e-05|
| 455 |True   |  375  |9.903376e-06|1.004991e-05|7.488048e-10|3.552932e-05|
| 456 |True   |  389  |9.976929e-06|1.032322e-05|6.079934e-10|4.699470e-05|
| 458 |True   |  356  |9.959420e-06|1.005842e-05|1.171516e-11|3.533014e-05|
| 457 |True   |  375  |9.902047e-06|1.014674e-05|9.351344e-10|3.801233e-05|
| 459 |True   |  349  |9.987834e-06|1.008684e-05|1.112704e-11|3.214308e-05|
| 460 |True   |  370  |9.976553e-06|1.014820e-05|2.222728e-12|6.197090e-10|
| 462 |True   |  376  |9.968705e-06|1.012275e-05|8.591484e-10|4.310924e-05|
| 463 |True   |  380  |9.916565e-06|1.007183e-05|5.659101e-10|3.563524e-05|
| 464 |True   |  398  |9.977549e-06|1.008794e-05|5.784110e-10|4.319726e-05|
| 466 |True   |  372  |9.931952e-06|1.017872e-05|5.762746e-10|4.581167e-05|
| 468 |True   |  368  |9.949544e-06|1.004855e-05|8.783731e-12|2.884997e-05|
| 467 |True   |  380  |9.937645e-06|1.015014e-05|7.228936e-10|4.097740e-05|
| 469 |True   |  382  |9.990559e-06|1.012744e-05|6.535195e-10|3.531324e-05|
| 472 |True   |  343  |9.980423e-06|1.007942e-05|1.325133e-11|3.704333e-05|
| 473 |True   |  370  |9.910504e-06|1.020265e-05|1.161078e-10|3.533367e-05|
| 470 |True   |  348  |9.945545e-06|1.004455e-05|1.003222e-11|3.225316e-05|
| 471 |True   |  387  |9.926220e-06|1.003094e-05|2.861753e-10|3.930862e-05|
| 465 |True   |  823  |9.970840e-06|1.017111e-05|9.201837e-10|5.361952e-03|
| 475 |True   |  369  |9.924863e-06|1.011504e-05|1.151450e-10|3.835572e-05|
| 476 |True   |  373  |9.959577e-06|1.021145e-05|4.639719e-10|4.335584e-05|
| 477 |True   |  418  |9.898234e-06|1.003264e-05|8.741042e-10|3.695769e-05|
| 474 |True   |  416  |9.959986e-06|1.012340e-05|8.233776e-10|3.528097e-05|
| 479 |True   |  344  |9.942042e-06|1.004104e-05|1.504158e-11|4.201221e-05|
| 478 |True   |  385  |9.980244e-06|1.014788e-05|8.750987e-10|3.873810e-05|
| 480 |True   |  377  |9.992856e-06|1.021014e-05|2.337281e-10|3.815387e-05|
| 483 |True   |  352  |9.964632e-06|1.006363e-05|1.454542e-11|4.077061e-05|
| 484 |True   |  365  |9.995209e-06|1.009422e-05|9.438226e-12|2.885618e-05|
| 482 |True   |  371  |9.983356e-06|1.017034e-05|2.208125e-10|4.561216e-05|
| 486 |True   |  375  |9.944282e-06|1.008142e-05|7.577521e-10|3.817126e-05|
| 481 |True   |  592  |9.959259e-06|1.005826e-05|7.576505e-12|2.497987e-05|
| 488 |True   |  383  |9.993212e-06|1.020707e-05|6.556127e-10|3.915776e-05|
| 487 |True   |  403  |9.942535e-06|1.020984e-05|7.661034e-10|3.973139e-05|
| 485 |True   |  439  |9.938160e-06|1.007304e-05|8.066683e-10|3.568303e-05|
| 489 |True   |  408  |9.980468e-06|1.008563e-05|2.067039e-10|2.950002e-05|
| 490 |True   |  374  |9.991801e-06|1.009418e-05|6.680902e-11|2.498956e-05|
| 492 |True   |  357  |9.974721e-06|1.007372e-05|1.389181e-11|3.841331e-05|
| 491 |True   |  383  |9.946647e-06|1.012075e-05|3.828317e-10|3.827259e-05|
| 494 |True   |  383  |9.990524e-06|1.009479e-05|3.098839e-10|4.329661e-05|
| 493 |True   |  391  |9.979183e-06|1.008332e-05|1.664293e-10|3.143572e-05|
| 495 |True   |  351  |9.967684e-06|1.006668e-05|1.457338e-11|4.076097e-05|
| 496 |True   |  389  |9.952607e-06|1.006771e-05|5.733450e-10|3.709359e-05|
| 497 |True   |  366  |9.941389e-06|1.013599e-05|5.095843e-11|3.587008e-05|
| 498 |True   |  376  |9.999734e-06|1.016775e-05|3.731611e-12|1.554835e-09|
| 500 |True   |  386  |9.989016e-06|1.015915e-05|3.002521e-12|2.574825e-09|
| 502 |True   |  377  |9.975728e-06|1.009417e-05|1.806578e-10|2.040179e-05|
| 503 |True   |  380  |9.955318e-06|1.012799e-05|4.209716e-10|4.078880e-05|
| 499 |True   |  524  |9.995274e-06|1.009427e-05|1.360990e-11|3.814075e-05|
| 461 |True   | 2481  |9.964870e-06|1.016240e-05|3.377298e-12|1.442608e-05|
| 504 |True   |  373  |9.969186e-06|1.009769e-05|6.241676e-10|3.225317e-05|
| 505 |True   |  382  |9.946200e-06|1.013229e-05|7.584616e-10|4.074109e-05|
| 507 |True   |  385  |9.976575e-06|1.015096e-05|7.937861e-10|3.814099e-05|
| 506 |True   |  388  |9.931903e-06|1.007986e-05|9.212811e-10|3.672980e-05|
| 508 |True   |  402  |9.958605e-06|1.006228e-05|1.857560e-10|3.543832e-05|
| 509 |True   |  403  |9.995047e-06|1.010560e-05|4.479959e-10|3.650427e-05|
| 511 |True   |  381  |9.981472e-06|1.008048e-05|1.166574e-11|3.286486e-05|
| 510 |True   |  410  |9.899236e-06|1.013707e-05|5.508929e-10|3.826896e-05|
| 515 |True   |  348  |9.934508e-06|1.003351e-05|1.028248e-11|3.254085e-05|
| 512 |True   |  352  |9.973347e-06|1.007235e-05|7.889382e-12|2.502673e-05|
| 513 |True   |  378  |9.975537e-06|1.016918e-05|5.075055e-10|3.235629e-05|
| 517 |True   |  353  |9.994172e-06|1.009318e-05|9.979570e-12|2.924849e-05|
| 516 |True   |  380  |9.907514e-06|1.010979e-05|7.327501e-10|4.077116e-05|
| 519 |True   |  347  |9.923107e-06|1.003657e-05|1.110021e-11|3.532766e-05|
| 514 |True   |  492  |9.930396e-06|1.012660e-05|9.192147e-10|3.512890e-05|
| 520 |True   |  391  |9.928752e-06|1.005058e-05|5.364917e-10|3.223937e-05|
| 518 |True   |  438  |9.963336e-06|1.016288e-05|7.281635e-10|3.879098e-05|
| 521 |True   |  349  |9.931919e-06|1.005624e-05|9.678035e-12|3.125151e-05|
| 523 |True   |  349  |9.986993e-06|1.008599e-05|1.091447e-11|3.230556e-05|
| 522 |True   |  411  |9.975273e-06|1.009015e-05|5.984659e-10|3.666207e-05|
| 501 |True   | 1636  |9.985709e-06|1.044284e-05|3.625193e-11|1.441543e-05|
| 525 |True   |  367  |9.957070e-06|1.015185e-05|2.488496e-11|2.884831e-05|
| 526 |True   |  348  |9.942590e-06|1.004159e-05|1.336607e-11|3.862573e-05|
| 524 |True   |  431  |9.955055e-06|1.007278e-05|4.331233e-10|3.225175e-05|
| 527 |True   |  350  |9.987254e-06|1.008625e-05|1.665206e-11|4.339481e-05|
| 528 |True   |  380  |9.981179e-06|1.008018e-05|1.199591e-11|3.533422e-05|
| 529 |True   |  349  |9.999440e-06|1.009844e-05|1.246626e-11|3.537088e-05|
| 531 |True   |  393  |9.949430e-06|1.017218e-05|6.370512e-10|4.783431e-05|
| 532 |True   |  419  |9.953262e-06|1.011476e-05|3.498477e-10|2.895963e-05|
| 533 |True   |  388  |9.941148e-06|1.013643e-05|4.563291e-11|3.743181e-05|
| 534 |True   |  386  |9.918925e-06|1.011903e-05|2.151399e-12|1.343885e-09|
| 535 |True   |  349  |9.937334e-06|1.003634e-05|9.916213e-12|3.224387e-05|
| 530 |True   |  590  |9.979033e-06|1.007804e-05|6.762400e-12|2.039861e-05|
| 536 |True   |  369  |9.994573e-06|1.018380e-05|1.340031e-10|3.795517e-05|
| 537 |True   |  373  |9.994678e-06|1.024557e-05|6.320088e-10|3.815087e-05|
| 538 |True   |  374  |9.951009e-06|1.007893e-05|8.727798e-10|3.624173e-05|
| 541 |True   |  389  |9.978012e-06|1.007702e-05|9.332418e-12|2.740293e-05|
| 539 |True   |  380  |9.925258e-06|1.017547e-05|3.878689e-10|3.696129e-05|
| 542 |True   |  416  |9.936259e-06|1.006141e-05|6.357800e-10|3.540127e-05|
| 540 |True   |  506  |9.975832e-06|1.012715e-05|7.791614e-10|3.207195e-05|
| 543 |True   |  366  |9.952069e-06|1.005107e-05|1.303793e-11|3.814412e-05|
| 547 |True   |  367  |9.957066e-06|1.005607e-05|7.675543e-12|2.500347e-05|
| 546 |True   |  376  |9.894740e-06|1.008568e-05|8.985792e-10|4.055214e-05|
| 548 |True   |  384  |9.934266e-06|1.008255e-05|6.007461e-10|3.532686e-05|
| 549 |True   |  386  |9.897405e-06|1.006508e-05|5.062761e-10|4.077347e-05|
| 545 |True   |  417  |9.945206e-06|1.006438e-05|6.571880e-10|3.818424e-05|
| 550 |True   |  355  |9.988773e-06|1.008777e-05|1.215999e-11|3.533022e-05|
| 551 |True   |  382  |9.958925e-06|1.014704e-05|2.297651e-12|9.449006e-10|
| 552 |True   |  371  |9.958487e-06|1.017409e-05|5.760235e-10|3.228604e-05|
| 544 |True   |  681  |9.994678e-06|1.009369e-05|7.155698e-12|2.039986e-05|
| 555 |True   |  355  |9.974100e-06|1.007310e-05|1.506613e-11|4.028166e-05|
| 554 |True   |  463  |9.935947e-06|1.003495e-05|8.674539e-12|2.748693e-05|
| 556 |True   |  389  |9.978746e-06|1.008291e-05|1.670851e-10|3.226136e-05|
| 553 |True   |  680  |9.985733e-06|1.008474e-05|8.001909e-12|2.497309e-05|
| 561 |True   |  378  |9.969335e-06|1.029019e-05|7.818282e-10|4.082871e-05|
| 560 |True   |  351  |9.964572e-06|1.006357e-05|1.435551e-11|3.988381e-05|
| 559 |True   |  347  |9.960519e-06|1.007583e-05|1.227720e-11|3.526273e-05|
| 557 |True   |  379  |9.916737e-06|1.007997e-05|7.886650e-10|3.904749e-05|
| 558 |True   |  413  |9.897934e-06|1.030750e-05|2.878790e-12|3.765635e-09|
| 562 |True   |  352  |9.983393e-06|1.008245e-05|9.481726e-12|3.389851e-05|
| 563 |True   |  345  |9.981355e-06|1.008035e-05|1.459193e-11|4.022084e-05|
| 564 |True   |  424  |9.950171e-06|1.006022e-05|3.487959e-10|3.234520e-05|
| 565 |True   |  507  |9.986365e-06|1.008537e-05|1.217946e-11|3.530569e-05|
| 567 |True   |  361  |9.949547e-06|1.004855e-05|1.073663e-11|3.260591e-05|
| 568 |True   |  373  |9.968540e-06|1.015122e-05|2.780169e-10|4.345626e-05|
| 572 |True   |  373  |9.927611e-06|1.010899e-05|2.314351e-10|3.814427e-05|
| 571 |True   |  377  |9.969866e-06|1.009194e-05|6.993550e-10|3.549621e-05|
| 569 |True   |  410  |9.903646e-06|1.014131e-05|4.197938e-10|3.846232e-05|
| 574 |True   |  355  |9.981363e-06|1.018097e-05|3.199141e-11|4.279035e-05|
| 576 |True   |  349  |9.986506e-06|1.012114e-05|9.344728e-12|3.744695e-05|
| 573 |True   |  349  |9.990454e-06|1.008946e-05|1.080729e-11|3.225554e-05|
| 575 |True   |  352  |9.931441e-06|1.003044e-05|1.122837e-11|3.533063e-05|
| 577 |True   |  410  |9.967560e-06|1.008739e-05|7.291579e-10|3.865425e-05|
| 566 |True   |  928  |9.992260e-06|1.043245e-05|1.121852e-10|2.048338e-05|
| 578 |True   |  380  |9.969429e-06|1.007469e-05|2.185685e-10|3.548106e-05|
| 580 |True   |  348  |9.942086e-06|1.004109e-05|1.136485e-11|3.532082e-05|
| 579 |True   |  454  |9.930710e-06|1.014913e-05|9.466912e-10|3.235097e-05|
| 581 |True   |  351  |9.965737e-06|1.006474e-05|1.261924e-11|3.642658e-05|
| 585 |True   |  381  |9.971042e-06|1.007005e-05|1.001393e-11|3.028649e-05|
| 583 |True   |  396  |9.926627e-06|1.005061e-05|3.214310e-10|3.243378e-05|
| 586 |True   |  349  |9.957435e-06|1.005746e-05|1.178285e-11|3.534186e-05|
| 582 |True   |  378  |9.961442e-06|1.011643e-05|3.631224e-10|2.886457e-05|
| 584 |True   |  375  |9.984931e-06|1.019255e-05|6.637671e-10|4.226076e-05|
| 587 |True   |  405  |9.954459e-06|1.005834e-05|1.554755e-10|3.226996e-05|
| 588 |True   |  370  |9.966573e-06|1.006558e-05|6.509730e-12|2.042910e-05|
| 589 |True   |  356  |9.953913e-06|1.015371e-05|2.858600e-11|3.837915e-05|
| 591 |True   |  351  |9.943790e-06|1.004279e-05|1.424048e-11|4.078471e-05|
| 590 |True   |  355  |9.995087e-06|1.009409e-05|1.452906e-11|3.922978e-05|
| 592 |True   |  378  |9.937956e-06|1.007297e-05|6.529233e-10|3.533207e-05|
| 594 |True   |  352  |9.964619e-06|1.006997e-05|1.041215e-11|3.224378e-05|
| 593 |True   |  347  |9.961793e-06|1.006079e-05|1.473347e-11|4.096742e-05|
| 570 |True   | 1533  |9.981704e-06|1.010863e-05|5.678474e-12|1.442553e-05|
| 596 |True   |  352  |9.962232e-06|1.006124e-05|6.522535e-12|2.049390e-05|
| 597 |True   |  374  |9.922068e-06|1.007818e-05|5.459277e-10|3.542790e-05|
| 595 |True   |  380  |9.924869e-06|1.011940e-05|4.950204e-10|3.505600e-05|
| 598 |True   |  350  |9.949625e-06|1.004862e-05|1.657812e-11|4.381878e-05|
| 600 |True   |  380  |9.973554e-06|1.014562e-05|2.943234e-12|5.018173e-10|
| 599 |True   |  350  |9.991725e-06|1.009073e-05|1.279245e-11|3.526369e-05|
| 604 |True   |  386  |9.996276e-06|1.041554e-05|3.128629e-10|3.819781e-05|
| 603 |True   |  390  |9.921380e-06|1.006319e-05|6.594490e-10|3.534344e-05|
| 601 |True   |  379  |9.938746e-06|1.009403e-05|4.488260e-10|3.222415e-05|
| 602 |True   |  384  |9.965986e-06|1.015211e-05|3.170356e-12|5.964384e-10|
| 605 |True   |  393  |9.953991e-06|1.013886e-05|4.914098e-10|3.873050e-05|
| 606 |True   |  501  |9.922331e-06|1.006140e-05|6.406247e-10|3.519287e-05|
| 608 |True   |  425  |9.944807e-06|1.016103e-05|2.941897e-10|3.572326e-05|
| 607 |True   |  385  |9.958753e-06|1.009711e-05|2.180013e-10|2.040326e-05|
| 610 |True   |  361  |9.984070e-06|1.008308e-05|8.477044e-12|2.545767e-05|
| 612 |True   |  387  |9.949613e-06|1.011864e-05|5.955067e-10|3.794336e-05|
| 609 |True   |  412  |9.967745e-06|1.007645e-05|5.559611e-10|4.424927e-05|
| 613 |True   |  369  |9.905002e-06|1.009440e-05|1.114227e-10|3.577873e-05|
| 614 |True   |  384  |9.970209e-06|1.007484e-05|2.494904e-10|4.299105e-05|
| 616 |True   |  372  |9.990179e-06|1.016302e-05|4.009931e-10|3.834909e-05|
| 617 |True   |  374  |9.891381e-06|1.013869e-05|4.506748e-10|4.327134e-05|
| 615 |True   |  433  |9.994885e-06|1.015643e-05|9.625380e-10|3.681418e-05|
| 618 |True   |  410  |9.998552e-06|1.015859e-05|4.650079e-10|3.531391e-05|
| 619 |True   |  381  |9.923189e-06|1.014473e-05|6.181533e-10|4.132777e-05|
| 621 |True   |  356  |9.948130e-06|1.004713e-05|8.737567e-12|2.884210e-05|
| 622 |True   |  370  |9.942761e-06|1.029684e-05|5.409460e-10|4.101184e-05|
| 620 |True   |  427  |9.992962e-06|1.013205e-05|9.080223e-10|3.820823e-05|
| 625 |True   |  369  |9.932193e-06|1.013582e-05|4.773975e-10|3.656184e-05|
| 623 |True   |  390  |9.950564e-06|1.012640e-05|6.581553e-10|2.713610e-05|
| 626 |True   |  373  |9.893026e-06|1.022480e-05|5.728792e-10|4.082067e-05|
| 624 |True   |  379  |9.924107e-06|1.007027e-05|8.484235e-10|3.869328e-05|
| 627 |True   |  351  |9.958432e-06|1.005743e-05|1.667812e-11|4.414225e-05|
| 628 |True   |  353  |9.943477e-06|1.004248e-05|9.794633e-12|3.015143e-05|
| 630 |True   |  355  |9.932240e-06|1.003191e-05|2.427195e-11|3.460099e-05|
| 629 |True   |  420  |9.957915e-06|1.006269e-05|2.363859e-10|3.557046e-05|
| 631 |True   |  388  |9.924900e-06|1.008378e-05|5.193281e-10|3.438058e-05|
| 632 |True   |  371  |9.982965e-06|1.014101e-05|8.372956e-10|3.511694e-05|
| 634 |True   |  379  |9.958159e-06|1.011156e-05|7.193889e-10|3.838222e-05|
| 633 |True   |  377  |9.964710e-06|1.012309e-05|4.425519e-10|3.228306e-05|
| 637 |True   |  420  |9.940217e-06|1.008617e-05|4.438065e-10|2.896540e-05|
| 635 |True   |  382  |9.960315e-06|1.012277e-05|5.099129e-10|3.546917e-05|
| 638 |True   |  396  |9.921726e-06|1.018516e-05|6.850694e-10|4.617920e-05|
| 636 |True   |  406  |9.974958e-06|1.013278e-05|8.551554e-10|4.354761e-05|
| 639 |True   |  388  |9.970917e-06|1.015697e-05|4.924694e-10|3.950039e-05|
| 640 |True   |  397  |9.979926e-06|1.014303e-05|8.604250e-10|4.674737e-05|
| 642 |True   |  349  |9.934125e-06|1.006935e-05|1.040205e-11|3.268925e-05|
| 641 |True   |  410  |9.977191e-06|1.011086e-05|8.000959e-10|3.794101e-05|
| 644 |True   |  377  |9.990630e-06|1.015446e-05|5.710697e-10|4.078171e-05|
| 645 |True   |  349  |9.946761e-06|1.004576e-05|1.231005e-11|3.617648e-05|
| 647 |True   |  359  |9.948738e-06|1.004776e-05|9.997572e-12|3.291775e-05|
| 650 |True   |  372  |9.990018e-06|1.009814e-05|4.307223e-10|4.081414e-05|
| 646 |True   |  455  |9.956909e-06|1.008594e-05|7.444517e-10|4.460139e-05|
| 652 |True   |  353  |9.955951e-06|1.005495e-05|1.487336e-11|4.056180e-05|
| 648 |True   |  466  |9.992303e-06|1.012159e-05|8.730652e-10|4.306911e-05|
| 651 |True   |  396  |9.977460e-06|1.011093e-05|8.936945e-10|3.724218e-05|
| 654 |True   |  374  |9.910249e-06|1.015686e-05|4.920164e-10|3.235257e-05|
| 649 |True   |  683  |9.939700e-06|1.014234e-05|2.465228e-11|2.497640e-05|
| 655 |True   |  353  |9.955030e-06|1.005403e-05|1.245919e-11|3.642792e-05|
| 611 |True   | 2877  |9.967192e-06|1.012015e-05|8.416563e-11|1.441350e-05|
| 659 |True   |  399  |9.960623e-06|1.011826e-05|2.234503e-12|1.750006e-09|
| 653 |True   |  795  |9.995462e-06|1.012958e-05|7.071947e-12|2.039407e-05|
| 660 |True   |  349  |9.992453e-06|1.009145e-05|1.776313e-11|4.523189e-05|
| 661 |True   |  405  |9.994465e-06|1.011951e-05|5.201496e-10|3.225279e-05|
| 662 |True   |  349  |9.988759e-06|1.008776e-05|1.769141e-11|4.553963e-05|
| 643 |True   | 1477  |9.969501e-06|1.009319e-05|3.026027e-10|2.497166e-05|
| 663 |True   |  423  |9.954645e-06|1.014922e-05|7.758665e-10|3.534399e-05|
| 664 |True   |  397  |9.947029e-06|1.018179e-05|5.802330e-10|3.499280e-05|
| 665 |True   |  396  |9.933228e-06|1.011407e-05|1.917151e-10|3.224428e-05|
| 666 |True   |  373  |9.986645e-06|1.010580e-05|1.136171e-10|3.625217e-05|
| 667 |True   |  345  |9.962492e-06|1.007447e-05|6.304903e-12|2.040369e-05|
| 670 |True   |  373  |9.920483e-06|1.016579e-05|3.977290e-10|3.817102e-05|
| 668 |True   |  388  |9.916357e-06|1.009216e-05|2.694187e-10|3.533402e-05|
| 658 |True   | 1078  |9.990602e-06|1.009201e-05|1.501057e-11|1.443263e-05|
| 671 |True   |  349  |9.956606e-06|1.005561e-05|8.863182e-12|2.884773e-05|
| 672 |True   |  390  |9.944966e-06|1.021084e-05|5.531585e-10|3.550389e-05|
| 674 |True   |  402  |9.960256e-06|1.008295e-05|3.011372e-10|2.498095e-05|
| 673 |True   |  373  |9.916073e-06|1.003820e-05|8.431491e-10|4.057362e-05|
| 675 |True   |  380  |9.924311e-06|1.013255e-05|7.770316e-10|4.055548e-05|
| 676 |True   |  365  |9.988248e-06|1.008725e-05|1.346276e-11|3.817077e-05|
| 677 |True   |  406  |9.982506e-06|1.009185e-05|4.412420e-10|3.820536e-05|
| 681 |True   |  363  |9.909887e-06|1.000889e-05|1.221308e-11|3.785825e-05|
| 678 |True   |  487  |9.936486e-06|1.014382e-05|7.795994e-10|3.587555e-05|
| 669 |True   | 1256  |9.999721e-06|1.023380e-05|5.592435e-10|2.305790e-05|
| 682 |True   |  375  |9.984012e-06|1.012121e-05|6.308552e-10|3.097210e-05|
| 680 |True   |  428  |9.945232e-06|1.010339e-05|3.228836e-10|2.885858e-05|
| 657 |True   | 1898  |9.982789e-06|1.012849e-05|3.519793e-10|2.496377e-05|
| 679 |True   |  562  |9.966227e-06|1.006523e-05|7.071168e-12|2.175464e-05|
| 684 |True   |  435  |9.959270e-06|1.010333e-05|4.404684e-10|2.888515e-05|
| 685 |True   |  425  |9.979785e-06|1.010215e-05|5.446785e-10|3.228686e-05|
| 686 |True   |  387  |9.950879e-06|1.019240e-05|4.336071e-10|3.817049e-05|
| 687 |True   |  353  |9.944331e-06|1.004333e-05|1.131162e-11|3.329097e-05|
| 683 |True   |  737  |9.991519e-06|1.015003e-05|1.072193e-10|1.443613e-05|
| 688 |True   |  392  |9.941952e-06|1.007718e-05|6.261705e-10|3.225629e-05|
| 689 |True   |  373  |9.977494e-06|1.022318e-05|2.596872e-10|3.234729e-05|
| 694 |True   |  375  |9.959033e-06|1.012515e-05|6.626331e-10|3.206754e-05|
| 691 |True   |  383  |9.955864e-06|1.012876e-05|3.396903e-10|3.557473e-05|
| 692 |True   |  425  |9.965552e-06|1.011606e-05|4.944191e-10|2.903296e-05|
| 693 |True   |  385  |9.989186e-06|1.020627e-05|1.596037e-10|2.921335e-05|
| 695 |True   |  374  |9.980493e-06|1.012978e-05|6.926460e-10|3.206013e-05|
| 698 |True   |  351  |9.954375e-06|1.005338e-05|7.705726e-12|2.498931e-05|
| 696 |True   |  414  |9.961219e-06|1.006523e-05|1.790246e-10|3.251907e-05|
| 690 |True   |  670  |9.971421e-06|1.007043e-05|6.549841e-12|2.034961e-05|
| 697 |True   |  385  |9.932881e-06|1.012044e-05|6.029052e-10|2.867376e-05|
| 699 |True   |  378  |9.920232e-06|1.006304e-05|8.513891e-10|3.816040e-05|
| 700 |True   |  386  |9.974238e-06|1.016959e-05|9.428374e-10|3.567173e-05|
| 701 |True   |  377  |9.949702e-06|1.010191e-05|7.541429e-10|4.053259e-05|
| 703 |True   |  358  |9.933440e-06|1.003244e-05|9.870265e-12|3.225119e-05|
| 706 |True   |  353  |9.986950e-06|1.008595e-05|1.027715e-11|3.038069e-05|
| 704 |True   |  352  |9.942947e-06|1.004195e-05|1.169179e-11|3.533798e-05|
| 705 |True   |  351  |9.959463e-06|1.005847e-05|1.027787e-11|3.223560e-05|
| 707 |True   |  363  |9.934717e-06|1.003372e-05|8.806592e-12|2.900473e-05|
| 708 |True   |  352  |9.983224e-06|1.008223e-05|9.793509e-12|2.931337e-05|
| 709 |True   |  373  |9.908975e-06|1.012575e-05|4.696249e-10|3.248057e-05|
| 710 |True   |  393  |9.937166e-06|1.005994e-05|4.619560e-10|2.933836e-05|
| 712 |True   |  349  |9.985030e-06|1.008403e-05|1.347213e-11|3.816503e-05|
| 711 |True   |  407  |9.926771e-06|1.003140e-05|1.983476e-10|3.435249e-05|
| 713 |True   |  386  |9.922266e-06|1.011462e-05|5.533965e-10|4.076312e-05|
| 715 |True   |  349  |9.976663e-06|1.007567e-05|8.960541e-12|2.719638e-05|
| 716 |True   |  353  |9.972320e-06|1.007132e-05|1.126367e-11|3.310289e-05|
| 714 |True   |  553  |9.938068e-06|1.017631e-05|7.494670e-10|3.362478e-05|
| 717 |True   |  381  |9.940779e-06|1.009044e-05|5.179736e-10|3.234087e-05|
| 718 |True   |  375  |9.934083e-06|1.006081e-05|2.977529e-12|6.770918e-10|
| 719 |True   |  350  |9.961331e-06|1.006034e-05|9.059520e-12|2.885264e-05|
| 720 |True   |  381  |9.970942e-06|1.018272e-05|4.827480e-10|3.798553e-05|
| 722 |True   |  375  |9.946369e-06|1.011279e-05|4.583594e-10|3.814915e-05|
| 721 |True   |  355  |9.949241e-06|1.004824e-05|1.135065e-11|3.481658e-05|
| 723 |True   |  385  |9.957026e-06|1.005604e-05|1.010090e-11|3.243613e-05|
| 702 |True   | 1343  |9.992446e-06|1.009146e-05|5.838662e-12|1.430710e-05|
| 726 |True   |  365  |9.977893e-06|1.007689e-05|1.449096e-11|3.919711e-05|
| 725 |True   |  345  |9.995918e-06|1.009492e-05|1.245476e-11|3.530818e-05|
| 730 |True   |  379  |9.918204e-06|1.012537e-05|4.232887e-10|3.230016e-05|
| 727 |True   |  354  |9.941802e-06|1.004080e-05|1.196510e-11|3.575615e-05|
| 728 |True   |  587  |9.989022e-06|1.014291e-05|5.826380e-12|1.442190e-05|
| 734 |True   |  380  |9.956099e-06|1.007478e-05|6.467302e-10|3.597744e-05|
| 731 |True   |  620  |9.958189e-06|1.053924e-05|6.793500e-10|3.530178e-05|
| 733 |True   |  349  |9.991454e-06|1.009046e-05|9.459077e-12|2.884843e-05|
| 735 |True   |  371  |9.941490e-06|1.031822e-05|5.058138e-10|4.925742e-05|
| 656 |True   | 4961  |9.954372e-06|1.133596e-05|4.299332e-10|1.268617e-03|
| 737 |True   |  351  |9.961496e-06|1.006050e-05|1.031294e-11|3.225236e-05|
| 729 |True   |  881  |9.990725e-06|1.012924e-05|5.862877e-12|1.442569e-05|
| 738 |True   |  351  |9.969182e-06|1.006819e-05|9.341358e-12|2.896879e-05|
| 724 |True   | 1125  |9.984357e-06|1.009167e-05|9.840889e-11|2.038570e-05|
| 736 |True   |  494  |9.896208e-06|1.025831e-05|6.046606e-10|3.630453e-05|
| 740 |True   |  348  |9.975340e-06|1.007434e-05|1.122909e-11|3.287185e-05|
| 743 |True   |  374  |9.904975e-06|1.008790e-05|2.100107e-10|3.813889e-05|
| 741 |True   |  489  |9.899858e-06|1.028368e-05|2.805720e-12|3.848086e-10|
| 744 |True   |  358  |9.956259e-06|1.005526e-05|1.025028e-11|3.225503e-05|
| 745 |True   |  377  |9.935370e-06|1.004731e-05|3.068808e-10|2.890960e-05|
| 746 |True   |  414  |9.994837e-06|1.011281e-05|4.958216e-10|3.243267e-05|
| 739 |True   |  898  |9.977892e-06|1.007690e-05|5.591506e-12|1.441685e-05|
| 749 |True   |  371  |9.940156e-06|1.003916e-05|9.978973e-12|3.225014e-05|
| 748 |True   |  411  |9.997927e-06|1.011371e-05|5.926531e-10|3.627574e-05|
| 747 |True   |  519  |9.971579e-06|1.009974e-05|5.437382e-10|3.227084e-05|
| 750 |True   |  491  |9.905237e-06|1.006762e-05|6.476827e-10|3.600727e-05|
| 752 |True   |  373  |9.909639e-06|1.004760e-05|2.671743e-12|7.756906e-10|
| 742 |True   |  918  |9.931989e-06|1.112117e-05|6.310675e-10|3.280458e-03|
| 751 |True   |  373  |9.943090e-06|1.012928e-05|5.435954e-10|3.816802e-05|
| 754 |True   |  346  |9.945749e-06|1.004475e-05|1.516772e-11|4.279073e-05|
| 753 |True   |  374  |9.947907e-06|1.016087e-05|2.452623e-10|3.227761e-05|
| 758 |True   |  353  |9.930085e-06|1.002909e-05|9.843153e-12|3.224818e-05|
| 756 |True   |  350  |9.938137e-06|1.003714e-05|9.866880e-12|3.225991e-05|
| 757 |True   |  399  |9.977813e-06|1.010708e-05|2.597224e-12|1.579161e-09|
| 759 |True   |  378  |9.972896e-06|1.012025e-05|6.547386e-10|3.562209e-05|
| 763 |True   |  345  |9.986367e-06|1.008537e-05|1.168579e-11|3.301106e-05|
| 760 |True   |  376  |9.994757e-06|1.017999e-05|5.944357e-10|3.226680e-05|
| 761 |True   |  404  |9.993915e-06|1.010728e-05|4.186026e-10|3.543835e-05|
| 762 |True   |  372  |9.871276e-06|1.014701e-05|2.770136e-10|4.614556e-05|
| 755 |True   |  807  |9.967272e-06|1.015148e-05|6.838494e-11|1.443577e-05|
| 765 |True   |  380  |9.948939e-06|1.008704e-05|4.528045e-10|2.886779e-05|
| 767 |True   |  426  |9.915918e-06|1.011020e-05|5.417717e-10|3.335434e-05|
| 766 |True   |  382  |9.989418e-06|1.022403e-05|5.644170e-10|3.571995e-05|
| 769 |True   |  347  |9.959375e-06|1.006341e-05|1.174201e-11|3.532104e-05|
| 768 |True   |  384  |9.903220e-06|1.009483e-05|1.558983e-10|3.598268e-05|
| 770 |True   |  375  |9.935489e-06|1.011725e-05|2.274711e-10|3.814553e-05|
| 773 |True   |  351  |9.994471e-06|1.009347e-05|1.435267e-11|3.879864e-05|
| 732 |True   | 2398  |9.884758e-06|1.082771e-05|1.153990e-10|1.051156e-07|
| 771 |True   |  408  |9.949425e-06|1.005907e-05|3.859083e-10|3.530711e-05|
| 774 |True   |  376  |9.967208e-06|1.010745e-05|2.447232e-12|1.212997e-09|
| 776 |True   |  346  |9.955618e-06|1.006536e-05|1.203936e-11|3.550248e-05|
| 775 |True   |  433  |9.928973e-06|1.004038e-05|4.313757e-10|3.670338e-05|
| 777 |True   |  382  |9.934421e-06|1.011456e-05|7.115970e-10|3.542906e-05|
| 779 |True   |  349  |9.947174e-06|1.004618e-05|8.285764e-12|2.671072e-05|
| 780 |True   |  374  |9.988386e-06|1.013043e-05|4.441904e-10|2.886792e-05|
| 772 |True   |  703  |9.981582e-06|1.014763e-05|7.371898e-10|3.217749e-05|
| 784 |True   |  348  |9.979927e-06|1.007893e-05|1.229377e-11|3.542881e-05|
| 785 |True   |  350  |9.989418e-06|1.008842e-05|1.211399e-11|3.530800e-05|
| 781 |True   |  393  |9.928116e-06|1.009379e-05|6.157946e-10|3.227309e-05|
| 783 |True   |  393  |9.981909e-06|1.013163e-05|5.009570e-10|3.226459e-05|
| 782 |True   |  592  |9.990756e-06|1.029918e-05|5.960324e-10|2.909526e-05|
| 778 |True   |  672  |9.995206e-06|1.009422e-05|7.035135e-12|2.037670e-05|
| 786 |True   |  374  |9.928227e-06|1.013455e-05|5.007204e-10|3.829446e-05|
| 788 |True   |  377  |9.922626e-06|1.010934e-05|2.026531e-10|4.324325e-05|
| 790 |True   |  383  |9.916765e-06|1.004727e-05|2.648092e-12|8.723462e-10|
| 789 |True   |  406  |9.958146e-06|1.005715e-05|1.055486e-11|3.199442e-05|
| 791 |True   |  395  |9.913958e-06|1.009848e-05|2.443796e-10|4.133780e-05|
| 764 |True   | 1999  |9.987870e-06|1.008688e-05|6.088841e-12|1.496369e-05|
| 795 |True   |  383  |9.979777e-06|1.011140e-05|7.907015e-10|3.388971e-05|
| 796 |True   |  351  |9.948335e-06|1.004734e-05|8.707518e-12|2.884729e-05|
| 792 |True   |  354  |9.933061e-06|1.003206e-05|9.579175e-12|3.048271e-05|
| 793 |True   |  386  |9.929632e-06|1.008912e-05|2.530733e-12|5.691816e-10|
| 797 |True   |  348  |9.956434e-06|1.005544e-05|1.035636e-11|3.226720e-05|
| 798 |True   |  351  |9.963303e-06|1.006230e-05|1.578834e-11|4.292158e-05|
| 799 |True   |  354  |9.996210e-06|1.009521e-05|1.157570e-11|3.280060e-05|
| 800 |True   |  351  |9.951024e-06|1.005003e-05|1.227958e-11|3.568515e-05|
| 803 |True   |  374  |9.917008e-06|1.021231e-05|6.194105e-10|3.554504e-05|
| 787 |True   | 1265  |9.965304e-06|1.013822e-05|4.469429e-11|1.440555e-05|
| 801 |True   |  373  |9.991511e-06|1.018622e-05|5.978920e-10|3.297766e-05|
| 805 |True   |  388  |9.908517e-06|1.006692e-05|6.544780e-10|4.078346e-05|
| 802 |True   |  577  |9.976306e-06|1.007531e-05|7.841399e-12|2.497291e-05|
| 804 |True   |  387  |9.980306e-06|1.014938e-05|3.208076e-10|3.232508e-05|
| 810 |True   |  379  |9.926631e-06|1.004281e-05|5.778429e-10|3.611213e-05|
| 806 |True   |  476  |9.931908e-06|1.011850e-05|1.066136e-10|3.003307e-05|
| 808 |True   |  354  |9.954140e-06|1.005314e-05|1.439352e-11|4.078485e-05|
| 811 |True   |  355  |9.968186e-06|1.006719e-05|1.321671e-11|3.815367e-05|
| 807 |True   |  592  |9.998560e-06|1.010129e-05|4.608582e-11|2.035352e-05|
| 809 |True   |  511  |9.973467e-06|1.016486e-05|2.655538e-10|2.505766e-05|
| 813 |True   |  350  |9.989685e-06|1.008869e-05|9.391768e-12|2.883958e-05|
| 794 |True   | 1349  |9.980672e-06|1.007968e-05|5.644024e-12|1.441309e-05|
| 812 |True   |  348  |9.983815e-06|1.008282e-05|8.993806e-12|2.727980e-05|
| 817 |True   |  348  |9.966445e-06|1.006545e-05|1.301736e-11|3.725945e-05|
| 819 |True   |  356  |9.972801e-06|1.007180e-05|9.178126e-12|2.885511e-05|
| 815 |True   |  387  |9.964376e-06|1.027086e-05|7.619606e-10|4.173287e-05|
| 818 |True   |  456  |9.991962e-06|1.009097e-05|1.030369e-11|2.972805e-05|
| 820 |True   |  349  |9.958750e-06|1.005775e-05|1.293884e-11|3.817141e-05|
| 816 |True   |  594  |9.957249e-06|1.013276e-05|3.370587e-11|1.477170e-05|
| 821 |True   |  381  |9.998908e-06|1.014580e-05|7.202036e-10|3.742066e-05|
| 822 |True   |  350  |9.968522e-06|1.008701e-05|1.129687e-11|3.349756e-05|
| 814 |True   |  891  |9.987867e-06|1.008688e-05|5.799364e-12|1.441625e-05|
| 824 |True   |  352  |9.990778e-06|1.008978e-05|1.102845e-11|3.227953e-05|
| 823 |True   |  374  |9.942775e-06|1.004178e-05|1.156335e-11|3.537128e-05|
| 826 |True   |  354  |9.959186e-06|1.005819e-05|1.170481e-11|3.533015e-05|
| 825 |True   |  346  |9.941280e-06|1.005296e-05|1.077638e-11|3.315690e-05|
| 827 |True   |  393  |9.932452e-06|1.012595e-05|4.018093e-10|3.505343e-05|
| 829 |True   |  384  |9.978845e-06|1.014176e-05|4.717630e-10|3.555686e-05|
| 828 |True   |  383  |9.931774e-06|1.005779e-05|4.457103e-10|2.886132e-05|
| 830 |True   |  347  |9.990252e-06|1.008926e-05|8.049910e-12|2.497762e-05|
| 832 |True   |  370  |9.961670e-06|1.022682e-05|3.766899e-10|3.532955e-05|
| 831 |True   |  378  |9.971125e-06|1.012441e-05|8.698551e-10|4.135284e-05|
| 833 |True   |  368  |9.937071e-06|1.013364e-05|1.994007e-10|2.884198e-05|
| 839 |True   |  349  |9.994302e-06|1.009330e-05|1.127768e-11|3.252237e-05|
| 835 |True   |  377  |9.970973e-06|1.012722e-05|8.207994e-10|4.181866e-05|
| 837 |True   |  375  |9.981356e-06|1.017431e-05|4.934604e-11|3.225423e-05|
| 838 |True   |  377  |9.879602e-06|1.008783e-05|8.751130e-10|3.986408e-05|
| 836 |True   |  531  |9.982805e-06|1.012928e-05|2.678672e-10|2.039869e-05|
| 841 |True   |  394  |9.997109e-06|1.021223e-05|5.269622e-10|4.079603e-05|
| 842 |True   |  438  |9.955358e-06|1.009653e-05|9.256561e-10|3.736980e-05|
| 843 |True   |  347  |9.943421e-06|1.004242e-05|8.646002e-12|2.884852e-05|
| 840 |True   |  509  |9.923612e-06|1.039014e-05|2.748562e-12|3.036806e-09|
| 844 |True   |  375  |9.897244e-06|1.004441e-05|2.413548e-12|1.202747e-09|
| 845 |True   |  385  |9.999336e-06|1.034188e-05|3.983700e-12|8.783979e-10|
| 849 |True   |  375  |9.944626e-06|1.006875e-05|2.621761e-12|1.359544e-09|
| 846 |True   |  393  |9.934497e-06|1.011250e-05|2.931305e-12|2.799003e-09|
| 847 |True   |  343  |9.923125e-06|1.002312e-05|1.383078e-11|3.973216e-05|
| 834 |True   | 1027  |9.970732e-06|1.018056e-05|1.364988e-10|2.046486e-05|
| 850 |True   |  397  |9.916882e-06|1.002132e-05|2.146734e-10|3.819202e-05|
| 851 |True   |  374  |9.935717e-06|1.009537e-05|6.070716e-10|3.802297e-05|
| 848 |True   |  496  |9.945883e-06|1.013971e-05|3.218481e-10|4.620737e-05|
| 853 |True   |  357  |9.997125e-06|1.009613e-05|1.192486e-11|3.345854e-05|
| 852 |True   |  432  |9.977223e-06|1.008730e-05|3.160524e-10|3.233498e-05|
| 855 |True   |  379  |9.937550e-06|1.011625e-05|4.408183e-10|4.270392e-05|
| 856 |True   |  416  |9.950936e-06|1.008569e-05|7.765553e-10|3.653582e-05|
| 854 |True   |  375  |9.978968e-06|1.009135e-05|2.458189e-10|2.689787e-05|
| 857 |True   |  373  |9.914811e-06|1.007384e-05|7.195127e-10|4.060673e-05|
| 859 |True   |  406  |9.919363e-06|1.024067e-05|7.892658e-11|2.337932e-05|
| 858 |True   |  363  |9.990503e-06|1.009086e-05|5.365194e-11|3.528745e-05|
| 860 |True   |  393  |9.977034e-06|1.023852e-05|5.296995e-10|4.676097e-05|
| 861 |True   |  347  |9.975270e-06|1.007427e-05|9.261829e-12|2.884802e-05|
| 863 |True   |  345  |9.961356e-06|1.006036e-05|1.413472e-11|3.894086e-05|
| 862 |True   |  390  |9.928873e-06|1.008690e-05|4.960472e-10|3.531036e-05|
| 864 |True   |  375  |9.951511e-06|1.012796e-05|3.585902e-10|2.883099e-05|
| 866 |True   |  346  |9.958488e-06|1.006549e-05|1.477827e-11|3.994035e-05|
| 865 |True   |  352  |9.969256e-06|1.006826e-05|1.083175e-11|3.254488e-05|
| 869 |True   |  346  |9.999153e-06|1.009816e-05|1.034226e-11|3.002223e-05|
| 868 |True   |  374  |9.980449e-06|1.025485e-05|2.463952e-10|4.395463e-05|
| 867 |True   |  392  |9.970225e-06|1.009817e-05|8.110296e-10|3.828882e-05|
| 870 |True   |  381  |9.999524e-06|1.025681e-05|7.382452e-10|3.514336e-05|
| 872 |True   |  355  |9.999478e-06|1.009848e-05|1.536693e-11|4.007131e-05|
| 874 |True   |  374  |9.942321e-06|1.008354e-05|5.641379e-10|3.233595e-05|
| 871 |True   |  377  |9.954518e-06|1.014783e-05|4.234979e-11|2.943353e-05|
| 873 |True   |  381  |9.987880e-06|1.024522e-05|6.820932e-10|4.245826e-05|
| 877 |True   |  345  |9.929045e-06|1.008323e-05|9.847045e-12|3.225695e-05|
| 876 |True   |  367  |9.988650e-06|1.008766e-05|9.863714e-12|2.913729e-05|
| 875 |True   |  350  |9.978719e-06|1.007772e-05|1.023476e-11|3.096010e-05|
| 878 |True   |  352  |9.918264e-06|1.001727e-05|1.104995e-11|3.532881e-05|
| 879 |True   |  374  |9.990039e-06|1.011271e-05|7.208317e-10|3.815312e-05|
| 881 |True   |  348  |9.913087e-06|1.006040e-05|1.165002e-11|3.564493e-05|
| 884 |True   |  374  |9.931146e-06|1.014063e-05|3.216504e-10|3.320179e-05|
| 885 |True   |  377  |9.995007e-06|1.009401e-05|1.371806e-11|3.816456e-05|
| 886 |True   |  354  |9.935069e-06|1.003407e-05|1.019796e-11|3.233623e-05|
| 888 |True   |  368  |9.953983e-06|1.017683e-05|3.895548e-10|4.330964e-05|
| 882 |True   |  702  |9.953302e-06|1.032587e-05|1.441188e-10|2.775368e-04|
| 880 |True   |  950  |9.976854e-06|1.018410e-05|3.335283e-11|1.439047e-05|
| 889 |True   |  343  |9.948669e-06|1.014408e-05|1.216209e-11|3.571394e-05|
| 891 |True   |  349  |9.980878e-06|1.007988e-05|1.066914e-11|3.221981e-05|
| 892 |True   |  359  |9.971616e-06|1.007062e-05|9.134884e-12|2.884938e-05|
| 883 |True   |  808  |9.970747e-06|1.015798e-05|1.878060e-11|1.442449e-05|
| 887 |True   |  685  |9.998806e-06|1.009781e-05|6.022144e-12|1.441951e-05|
| 890 |True   |  493  |9.943510e-06|1.020292e-05|5.049787e-10|3.814305e-05|
| 896 |True   |  381  |9.908461e-06|1.008426e-05|9.012554e-10|3.794508e-05|
| 894 |True   |  374  |9.971894e-06|1.016435e-05|4.205857e-10|2.885713e-05|
| 893 |True   |  436  |9.957658e-06|1.007121e-05|6.076801e-10|3.863569e-05|
| 895 |True   |  414  |9.915658e-06|1.011343e-05|6.494736e-10|4.087142e-05|
| 899 |True   |  353  |9.983900e-06|1.008290e-05|9.308192e-12|2.884928e-05|
| 900 |True   |  364  |9.933960e-06|1.003296e-05|1.125669e-11|3.532285e-05|
| 898 |True   |  348  |9.989371e-06|1.008837e-05|1.465974e-11|3.997794e-05|
| 901 |True   |  387  |9.906705e-06|1.002944e-05|8.034852e-10|4.053435e-05|
| 897 |True   |  388  |9.948926e-06|1.014267e-05|1.214845e-10|4.484569e-05|
| 903 |True   |  369  |9.958319e-06|1.014155e-05|1.799003e-10|3.533032e-05|
| 902 |True   |  348  |9.997865e-06|1.009686e-05|1.377221e-11|3.815992e-05|
| 904 |True   |  349  |9.953773e-06|1.005278e-05|9.525965e-12|2.924965e-05|
| 905 |True   |  354  |9.970005e-06|1.006901e-05|1.041918e-11|3.225529e-05|
| 906 |True   |  379  |9.978546e-06|1.014301e-05|5.590209e-10|4.075063e-05|
| 907 |True   |  360  |9.939002e-06|1.003801e-05|1.113667e-11|3.537749e-05|
| 909 |True   |  346  |9.915655e-06|1.001466e-05|1.145570e-11|3.571989e-05|
| 908 |True   |  386  |9.974695e-06|1.008288e-05|4.487165e-10|3.914037e-05|
| 911 |True   |  383  |9.934441e-06|1.006853e-05|2.403860e-12|8.837844e-10|
| 912 |True   |  381  |9.923795e-06|1.003288e-05|3.930032e-10|3.622588e-05|
| 910 |True   |  431  |9.911703e-06|1.018186e-05|8.809167e-10|4.301534e-05|
| 913 |True   |  391  |9.964423e-06|1.013628e-05|2.745778e-12|7.521549e-10|
| 916 |True   |  378  |9.900495e-06|1.006476e-05|5.720360e-10|4.077181e-05|
| 915 |True   |  376  |9.985806e-06|1.015441e-05|7.346891e-10|3.350711e-05|
| 919 |True   |  435  |9.990019e-06|1.010685e-05|2.524819e-10|2.499153e-05|
| 917 |True   |  376  |9.928561e-06|1.011239e-05|5.218755e-11|3.768153e-05|
| 918 |True   |  390  |9.937739e-06|1.007379e-05|6.510375e-10|3.533490e-05|
| 914 |True   |  721  |9.971691e-06|1.007282e-05|5.467260e-12|1.441997e-05|
| 922 |True   |  383  |9.910261e-06|1.004610e-05|8.816082e-10|4.057796e-05|
| 921 |True   |  378  |9.935728e-06|1.008244e-05|4.425309e-10|2.900796e-05|
| 920 |True   |  423  |9.979472e-06|1.010654e-05|5.640194e-10|3.225925e-05|
| 923 |True   |  389  |9.957664e-06|1.017542e-05|2.874489e-10|2.933385e-05|
| 924 |True   |  357  |9.916414e-06|1.001542e-05|1.100035e-11|3.532528e-05|
| 925 |True   |  355  |9.962156e-06|1.006116e-05|1.311183e-11|3.815959e-05|
| 927 |True   |  380  |9.971792e-06|1.012727e-05|9.392048e-10|3.816683e-05|
| 928 |True   |  348  |9.974718e-06|1.007372e-05|8.159989e-12|2.520771e-05|
| 926 |True   |  380  |9.929049e-06|1.002806e-05|9.655505e-12|3.235217e-05|
| 931 |True   |  373  |9.976586e-06|1.012642e-05|8.361865e-10|3.792991e-05|
| 929 |True   |  381  |9.923412e-06|1.006271e-05|6.411417e-10|3.533798e-05|
| 932 |True   |  353  |9.972878e-06|1.007188e-05|9.639433e-12|2.938647e-05|
| 933 |True   |  374  |9.989724e-06|1.017005e-05|2.450707e-10|3.555925e-05|
| 930 |True   |  600  |9.930164e-06|1.014215e-05|6.635639e-10|3.534032e-05|
| 934 |True   |  372  |9.984875e-06|1.008712e-05|1.746765e-10|4.081144e-05|
| 936 |True   |  375  |9.987485e-06|1.011587e-05|7.414551e-10|3.640030e-05|
| 935 |True   |  378  |9.965086e-06|1.011691e-05|4.651395e-10|3.227316e-05|
| 937 |True   |  384  |9.992065e-06|1.015366e-05|2.528174e-12|5.787750e-10|
| 938 |True   |  354  |9.942162e-06|1.004117e-05|1.006645e-11|3.227614e-05|
| 941 |True   |  349  |9.945495e-06|1.004450e-05|8.692530e-12|2.759195e-05|
| 939 |True   |  390  |9.958569e-06|1.006085e-05|1.753551e-10|3.995120e-05|
| 940 |True   |  371  |9.970538e-06|1.006955e-05|1.038950e-11|3.230600e-05|
| 943 |True   |  375  |9.950705e-06|1.011056e-05|2.591737e-12|4.593891e-10|
| 942 |True   |  422  |9.949966e-06|1.005799e-05|3.011629e-10|3.533456e-05|
| 944 |True   |  403  |9.931662e-06|1.008747e-05|4.973313e-10|3.223290e-05|
| 945 |True   |  370  |9.975403e-06|1.007642e-05|7.814472e-11|3.537665e-05|
| 947 |True   |  356  |9.974744e-06|1.007375e-05|1.162377e-11|3.334777e-05|
| 946 |True   |  379  |9.929807e-06|1.012162e-05|4.438173e-10|4.107784e-05|
| 951 |True   |  348  |9.990725e-06|1.008973e-05|1.215566e-11|3.533015e-05|
| 948 |True   |  383  |9.953282e-06|1.008724e-05|5.445194e-10|3.227361e-05|
| 950 |True   |  354  |9.961660e-06|1.006066e-05|1.059654e-11|3.239946e-05|
| 949 |True   |  399  |9.919684e-06|1.008639e-05|6.858077e-10|4.448154e-05|
| 954 |True   |  374  |9.955590e-06|1.013159e-05|8.418935e-10|3.580278e-05|
| 952 |True   |  347  |9.928914e-06|1.005573e-05|1.215715e-11|3.665579e-05|
| 955 |True   |  356  |9.916792e-06|1.001579e-05|1.450848e-11|4.127713e-05|
| 956 |True   |  391  |9.884490e-06|1.014507e-05|2.705010e-10|4.087048e-05|
| 959 |True   |  375  |9.972472e-06|1.010550e-05|7.098018e-10|3.512166e-05|
| 958 |True   |  382  |9.938216e-06|1.004095e-05|1.595091e-10|3.558792e-05|
| 960 |True   |  346  |9.921755e-06|1.005566e-05|1.252298e-11|3.816303e-05|
| 957 |True   |  492  |9.928383e-06|1.009583e-05|5.092216e-10|2.895457e-05|
| 963 |True   |  349  |9.934375e-06|1.003338e-05|1.076613e-11|3.357997e-05|
| 961 |True   |  376  |9.979096e-06|1.015364e-05|2.031994e-10|2.884444e-05|
| 962 |True   |  370  |9.953851e-06|1.014327e-05|8.923764e-11|3.088814e-05|
| 964 |True   |  349  |9.968582e-06|1.006758e-05|1.445285e-11|4.027799e-05|
| 953 |True   |  911  |9.993528e-06|1.009253e-05|6.865492e-12|2.039535e-05|
| 965 |True   |  393  |9.971830e-06|1.008709e-05|6.604265e-10|4.080374e-05|
| 967 |True   |  413  |9.949331e-06|1.010508e-05|5.514938e-10|3.447295e-05|
| 966 |True   |  353  |9.971057e-06|1.007006e-05|1.008452e-11|3.064949e-05|
| 968 |True   |  392  |9.954130e-06|1.009518e-05|5.270303e-10|3.226107e-05|
| 969 |True   |  367  |9.976706e-06|1.007571e-05|9.288045e-12|2.885230e-05|
| 970 |True   |  405  |9.935665e-06|1.013485e-05|3.472383e-10|2.500006e-05|
| 975 |True   |  387  |9.899109e-06|1.007788e-05|9.213894e-10|4.303361e-05|
| 972 |True   |  372  |9.964738e-06|1.023259e-05|3.016072e-10|2.498877e-05|
| 974 |True   |  359  |9.986590e-06|1.008559e-05|9.487394e-12|2.884763e-05|
| 971 |True   |  382  |9.938353e-06|1.010675e-05|9.971016e-10|3.705366e-05|
| 973 |True   |  390  |9.989630e-06|1.009960e-05|3.297890e-10|3.233144e-05|
| 977 |True   |  370  |9.967744e-06|1.030605e-05|3.774780e-10|3.538156e-05|
| 976 |True   |  422  |9.932082e-06|1.004205e-05|3.524018e-10|3.426643e-05|
| 978 |True   |  378  |9.943567e-06|1.019820e-05|2.363294e-10|2.799391e-05|
| 979 |True   |  377  |9.942612e-06|1.012134e-05|2.437923e-12|8.492068e-10|
| 980 |True   |  377  |9.848514e-06|1.009087e-05|6.616924e-10|4.753677e-05|
| 981 |True   |  378  |9.951503e-06|1.011017e-05|5.911232e-10|3.539800e-05|
| 982 |True   |  423  |9.906958e-06|1.018793e-05|8.570662e-10|4.134055e-05|
| 983 |True   |  377  |9.979750e-06|1.009890e-05|6.503485e-10|3.567006e-05|
| 984 |True   |  354  |9.966692e-06|1.006569e-05|1.442928e-11|4.033542e-05|
| 985 |True   |  360  |9.937552e-06|1.003655e-05|1.128084e-11|3.533483e-05|
| 987 |True   |  347  |9.983989e-06|1.010945e-05|1.160612e-11|3.376194e-05|
| 988 |True   |  368  |9.869624e-06|1.014797e-05|1.151357e-10|4.102241e-05|
| 986 |True   |  509  |9.970873e-06|1.009274e-05|2.609936e-10|2.143073e-05|
| 990 |True   |  348  |9.984188e-06|1.011677e-05|8.046902e-12|2.498484e-05|
| 992 |True   |  446  |9.927550e-06|1.003191e-05|1.882509e-10|3.945905e-05|
| 993 |True   |  350  |9.958928e-06|1.005793e-05|1.427209e-11|3.985682e-05|
| 991 |True   |  454  |9.926591e-06|1.006587e-05|8.652458e-10|4.078880e-05|
| 994 |True   |  374  |9.944513e-06|1.005507e-05|2.592375e-10|2.886238e-05|
| 996 |True   |  361  |9.960881e-06|1.005988e-05|1.173471e-11|3.533267e-05|
| 995 |True   |  374  |9.874649e-06|1.009113e-05|3.760503e-10|3.692973e-05|
| 997 |True   |  352  |9.949186e-06|1.004819e-05|1.091666e-11|3.295401e-05|
| 989 |True   |  711  |9.953345e-06|1.018263e-05|3.963868e-10|7.019065e-04|
| 998 |True   |  353  |9.941162e-06|1.004016e-05|1.267082e-11|3.784332e-05|
| 999 |True   |  354  |9.981602e-06|1.008060e-05|1.480508e-11|4.079676e-05|
